[0.560s] DEBUG:colcon:Command line arguments: ['/usr/bin/colcon', 'build', '--packages-select', 'module_scanning_interface']
[0.560s] DEBUG:colcon:Parsed command line arguments: Namespace(log_base=None, log_level=None, verb_name='build', build_base='build', install_base='install', merge_install=False, symlink_install=False, test_result_base=None, continue_on_error=False, executor='parallel', parallel_workers=4, event_handlers=None, ignore_user_meta=False, metas=['./colcon.meta'], base_paths=['.'], packages_ignore=None, packages_ignore_regex=None, paths=None, packages_up_to=None, packages_up_to_regex=None, packages_above=None, packages_above_and_dependencies=None, packages_above_depth=None, packages_select_by_dep=None, packages_skip_by_dep=None, packages_skip_up_to=None, packages_select_build_failed=False, packages_skip_build_finished=False, packages_select_test_failures=False, packages_skip_test_passed=False, packages_select=['module_scanning_interface'], packages_skip=None, packages_select_regex=None, packages_skip_regex=None, packages_start=None, packages_end=None, allow_overriding=[], cmake_args=None, cmake_target=None, cmake_target_skip_unavailable=False, cmake_clean_cache=False, cmake_clean_first=False, cmake_force_configure=False, ament_cmake_args=None, catkin_cmake_args=None, catkin_skip_building_tests=False, mixin_files=None, mixin=None, verb_parser=<colcon_mixin.mixin.mixin_argument.MixinArgumentDecorator object at 0xffff8f3c2090>, verb_extension=<colcon_core.verb.build.BuildVerb object at 0xffff8f3c1c70>, main=<bound method BuildVerb.main of <colcon_core.verb.build.BuildVerb object at 0xffff8f3c1c70>>, mixin_verb=('build',))
[0.782s] Level 1:colcon.colcon_core.package_discovery:discover_packages(colcon_meta) check parameters
[0.782s] Level 1:colcon.colcon_core.package_discovery:discover_packages(recursive) check parameters
[0.782s] Level 1:colcon.colcon_core.package_discovery:discover_packages(ignore) check parameters
[0.782s] Level 1:colcon.colcon_core.package_discovery:discover_packages(path) check parameters
[0.783s] Level 1:colcon.colcon_core.package_discovery:discover_packages(colcon_meta) discover
[0.783s] Level 1:colcon.colcon_core.package_discovery:discover_packages(recursive) discover
[0.783s] INFO:colcon.colcon_core.package_discovery:Crawling recursively for packages in '/home/tomccd/Documents/Code/Python/DATN'
[0.784s] Level 1:colcon.colcon_core.package_identification:_identify(.) by extensions ['ignore', 'ignore_ament_install']
[0.784s] Level 1:colcon.colcon_core.package_identification:_identify(.) by extension 'ignore'
[0.784s] Level 1:colcon.colcon_core.package_identification:_identify(.) by extension 'ignore_ament_install'
[0.785s] Level 1:colcon.colcon_core.package_identification:_identify(.) by extensions ['colcon_pkg']
[0.785s] Level 1:colcon.colcon_core.package_identification:_identify(.) by extension 'colcon_pkg'
[0.785s] Level 1:colcon.colcon_core.package_identification:_identify(.) by extensions ['colcon_meta']
[0.785s] Level 1:colcon.colcon_core.package_identification:_identify(.) by extension 'colcon_meta'
[0.785s] Level 1:colcon.colcon_core.package_identification:_identify(.) by extensions ['ros']
[0.785s] Level 1:colcon.colcon_core.package_identification:_identify(.) by extension 'ros'
[0.909s] Level 1:colcon.colcon_core.package_identification:_identify(.) by extensions ['cmake', 'python']
[0.909s] Level 1:colcon.colcon_core.package_identification:_identify(.) by extension 'cmake'
[0.909s] Level 1:colcon.colcon_core.package_identification:_identify(.) by extension 'python'
[0.910s] Level 1:colcon.colcon_core.package_identification:_identify(.) by extensions ['python_setup_py']
[0.910s] Level 1:colcon.colcon_core.package_identification:_identify(.) by extension 'python_setup_py'
[0.911s] Level 1:colcon.colcon_core.package_identification:_identify(Packages) by extensions ['ignore', 'ignore_ament_install']
[0.912s] Level 1:colcon.colcon_core.package_identification:_identify(Packages) by extension 'ignore'
[0.912s] Level 1:colcon.colcon_core.package_identification:_identify(Packages) by extension 'ignore_ament_install'
[0.913s] Level 1:colcon.colcon_core.package_identification:_identify(Packages) by extensions ['colcon_pkg']
[0.913s] Level 1:colcon.colcon_core.package_identification:_identify(Packages) by extension 'colcon_pkg'
[0.914s] Level 1:colcon.colcon_core.package_identification:_identify(Packages) by extensions ['colcon_meta']
[0.914s] Level 1:colcon.colcon_core.package_identification:_identify(Packages) by extension 'colcon_meta'
[0.915s] Level 1:colcon.colcon_core.package_identification:_identify(Packages) by extensions ['ros']
[0.915s] Level 1:colcon.colcon_core.package_identification:_identify(Packages) by extension 'ros'
[0.916s] Level 1:colcon.colcon_core.package_identification:_identify(Packages) by extensions ['cmake', 'python']
[0.916s] Level 1:colcon.colcon_core.package_identification:_identify(Packages) by extension 'cmake'
[0.917s] Level 1:colcon.colcon_core.package_identification:_identify(Packages) by extension 'python'
[0.917s] Level 1:colcon.colcon_core.package_identification:_identify(Packages) by extensions ['python_setup_py']
[0.918s] Level 1:colcon.colcon_core.package_identification:_identify(Packages) by extension 'python_setup_py'
[0.920s] Level 1:colcon.colcon_core.package_identification:_identify(Packages/Log) by extensions ['ignore', 'ignore_ament_install']
[0.920s] Level 1:colcon.colcon_core.package_identification:_identify(Packages/Log) by extension 'ignore'
[0.921s] Level 1:colcon.colcon_core.package_identification:_identify(Packages/Log) by extension 'ignore_ament_install'
[0.921s] Level 1:colcon.colcon_core.package_identification:_identify(Packages/Log) by extensions ['colcon_pkg']
[0.921s] Level 1:colcon.colcon_core.package_identification:_identify(Packages/Log) by extension 'colcon_pkg'
[0.922s] Level 1:colcon.colcon_core.package_identification:_identify(Packages/Log) by extensions ['colcon_meta']
[0.922s] Level 1:colcon.colcon_core.package_identification:_identify(Packages/Log) by extension 'colcon_meta'
[0.922s] Level 1:colcon.colcon_core.package_identification:_identify(Packages/Log) by extensions ['ros']
[0.922s] Level 1:colcon.colcon_core.package_identification:_identify(Packages/Log) by extension 'ros'
[0.923s] Level 1:colcon.colcon_core.package_identification:_identify(Packages/Log) by extensions ['cmake', 'python']
[0.923s] Level 1:colcon.colcon_core.package_identification:_identify(Packages/Log) by extension 'cmake'
[0.924s] Level 1:colcon.colcon_core.package_identification:_identify(Packages/Log) by extension 'python'
[0.924s] Level 1:colcon.colcon_core.package_identification:_identify(Packages/Log) by extensions ['python_setup_py']
[0.924s] Level 1:colcon.colcon_core.package_identification:_identify(Packages/Log) by extension 'python_setup_py'
[0.925s] Level 1:colcon.colcon_core.package_identification:_identify(Packages/custom_interfaces) by extensions ['ignore', 'ignore_ament_install']
[0.925s] Level 1:colcon.colcon_core.package_identification:_identify(Packages/custom_interfaces) by extension 'ignore'
[0.926s] Level 1:colcon.colcon_core.package_identification:_identify(Packages/custom_interfaces) by extension 'ignore_ament_install'
[0.926s] Level 1:colcon.colcon_core.package_identification:_identify(Packages/custom_interfaces) by extensions ['colcon_pkg']
[0.927s] Level 1:colcon.colcon_core.package_identification:_identify(Packages/custom_interfaces) by extension 'colcon_pkg'
[0.927s] Level 1:colcon.colcon_core.package_identification:_identify(Packages/custom_interfaces) by extensions ['colcon_meta']
[0.927s] Level 1:colcon.colcon_core.package_identification:_identify(Packages/custom_interfaces) by extension 'colcon_meta'
[0.928s] Level 1:colcon.colcon_core.package_identification:_identify(Packages/custom_interfaces) by extensions ['ros']
[0.928s] Level 1:colcon.colcon_core.package_identification:_identify(Packages/custom_interfaces) by extension 'ros'
[0.938s] DEBUG:colcon.colcon_core.package_identification:Package 'Packages/custom_interfaces' with type 'ros.ament_cmake' and name 'custom_interfaces'
[0.939s] Level 1:colcon.colcon_core.package_identification:_identify(Packages/icon) by extensions ['ignore', 'ignore_ament_install']
[0.939s] Level 1:colcon.colcon_core.package_identification:_identify(Packages/icon) by extension 'ignore'
[0.939s] Level 1:colcon.colcon_core.package_identification:_identify(Packages/icon) by extension 'ignore_ament_install'
[0.940s] Level 1:colcon.colcon_core.package_identification:_identify(Packages/icon) by extensions ['colcon_pkg']
[0.940s] Level 1:colcon.colcon_core.package_identification:_identify(Packages/icon) by extension 'colcon_pkg'
[0.941s] Level 1:colcon.colcon_core.package_identification:_identify(Packages/icon) by extensions ['colcon_meta']
[0.941s] Level 1:colcon.colcon_core.package_identification:_identify(Packages/icon) by extension 'colcon_meta'
[0.941s] Level 1:colcon.colcon_core.package_identification:_identify(Packages/icon) by extensions ['ros']
[0.941s] Level 1:colcon.colcon_core.package_identification:_identify(Packages/icon) by extension 'ros'
[0.942s] Level 1:colcon.colcon_core.package_identification:_identify(Packages/icon) by extensions ['cmake', 'python']
[0.942s] Level 1:colcon.colcon_core.package_identification:_identify(Packages/icon) by extension 'cmake'
[0.942s] Level 1:colcon.colcon_core.package_identification:_identify(Packages/icon) by extension 'python'
[0.943s] Level 1:colcon.colcon_core.package_identification:_identify(Packages/icon) by extensions ['python_setup_py']
[0.943s] Level 1:colcon.colcon_core.package_identification:_identify(Packages/icon) by extension 'python_setup_py'
[0.944s] Level 1:colcon.colcon_core.package_identification:_identify(Packages/launch_system) by extensions ['ignore', 'ignore_ament_install']
[0.944s] Level 1:colcon.colcon_core.package_identification:_identify(Packages/launch_system) by extension 'ignore'
[0.945s] Level 1:colcon.colcon_core.package_identification:_identify(Packages/launch_system) by extension 'ignore_ament_install'
[0.945s] Level 1:colcon.colcon_core.package_identification:_identify(Packages/launch_system) by extensions ['colcon_pkg']
[0.945s] Level 1:colcon.colcon_core.package_identification:_identify(Packages/launch_system) by extension 'colcon_pkg'
[0.946s] Level 1:colcon.colcon_core.package_identification:_identify(Packages/launch_system) by extensions ['colcon_meta']
[0.946s] Level 1:colcon.colcon_core.package_identification:_identify(Packages/launch_system) by extension 'colcon_meta'
[0.946s] Level 1:colcon.colcon_core.package_identification:_identify(Packages/launch_system) by extensions ['ros']
[0.946s] Level 1:colcon.colcon_core.package_identification:_identify(Packages/launch_system) by extension 'ros'
[0.948s] DEBUG:colcon.colcon_core.package_identification:Package 'Packages/launch_system' with type 'ros.ament_cmake' and name 'launch_system'
[0.949s] Level 1:colcon.colcon_core.package_identification:_identify(Packages/module_input) by extensions ['ignore', 'ignore_ament_install']
[0.949s] Level 1:colcon.colcon_core.package_identification:_identify(Packages/module_input) by extension 'ignore'
[0.950s] Level 1:colcon.colcon_core.package_identification:_identify(Packages/module_input) by extension 'ignore_ament_install'
[0.950s] Level 1:colcon.colcon_core.package_identification:_identify(Packages/module_input) by extensions ['colcon_pkg']
[0.950s] Level 1:colcon.colcon_core.package_identification:_identify(Packages/module_input) by extension 'colcon_pkg'
[0.950s] Level 1:colcon.colcon_core.package_identification:_identify(Packages/module_input) by extensions ['colcon_meta']
[0.950s] Level 1:colcon.colcon_core.package_identification:_identify(Packages/module_input) by extension 'colcon_meta'
[0.951s] Level 1:colcon.colcon_core.package_identification:_identify(Packages/module_input) by extensions ['ros']
[0.951s] Level 1:colcon.colcon_core.package_identification:_identify(Packages/module_input) by extension 'ros'
[0.953s] DEBUG:colcon.colcon_core.package_identification:Package 'Packages/module_input' with type 'ros.ament_python' and name 'module_input'
[0.954s] Level 1:colcon.colcon_core.package_identification:_identify(Packages/module_log_file) by extensions ['ignore', 'ignore_ament_install']
[0.954s] Level 1:colcon.colcon_core.package_identification:_identify(Packages/module_log_file) by extension 'ignore'
[0.954s] Level 1:colcon.colcon_core.package_identification:_identify(Packages/module_log_file) by extension 'ignore_ament_install'
[0.955s] Level 1:colcon.colcon_core.package_identification:_identify(Packages/module_log_file) by extensions ['colcon_pkg']
[0.955s] Level 1:colcon.colcon_core.package_identification:_identify(Packages/module_log_file) by extension 'colcon_pkg'
[0.955s] Level 1:colcon.colcon_core.package_identification:_identify(Packages/module_log_file) by extensions ['colcon_meta']
[0.955s] Level 1:colcon.colcon_core.package_identification:_identify(Packages/module_log_file) by extension 'colcon_meta'
[0.955s] Level 1:colcon.colcon_core.package_identification:_identify(Packages/module_log_file) by extensions ['ros']
[0.956s] Level 1:colcon.colcon_core.package_identification:_identify(Packages/module_log_file) by extension 'ros'
[0.958s] DEBUG:colcon.colcon_core.package_identification:Package 'Packages/module_log_file' with type 'ros.ament_cmake' and name 'module_log_file'
[0.958s] Level 1:colcon.colcon_core.package_identification:_identify(Packages/module_motor) by extensions ['ignore', 'ignore_ament_install']
[0.959s] Level 1:colcon.colcon_core.package_identification:_identify(Packages/module_motor) by extension 'ignore'
[0.960s] Level 1:colcon.colcon_core.package_identification:_identify(Packages/module_motor) by extension 'ignore_ament_install'
[0.960s] Level 1:colcon.colcon_core.package_identification:_identify(Packages/module_motor) by extensions ['colcon_pkg']
[0.960s] Level 1:colcon.colcon_core.package_identification:_identify(Packages/module_motor) by extension 'colcon_pkg'
[0.960s] Level 1:colcon.colcon_core.package_identification:_identify(Packages/module_motor) by extensions ['colcon_meta']
[0.960s] Level 1:colcon.colcon_core.package_identification:_identify(Packages/module_motor) by extension 'colcon_meta'
[0.961s] Level 1:colcon.colcon_core.package_identification:_identify(Packages/module_motor) by extensions ['ros']
[0.961s] Level 1:colcon.colcon_core.package_identification:_identify(Packages/module_motor) by extension 'ros'
[0.963s] DEBUG:colcon.colcon_core.package_identification:Package 'Packages/module_motor' with type 'ros.ament_python' and name 'module_motor'
[0.964s] Level 1:colcon.colcon_core.package_identification:_identify(Packages/module_scanning_interface) by extensions ['ignore', 'ignore_ament_install']
[0.964s] Level 1:colcon.colcon_core.package_identification:_identify(Packages/module_scanning_interface) by extension 'ignore'
[0.964s] Level 1:colcon.colcon_core.package_identification:_identify(Packages/module_scanning_interface) by extension 'ignore_ament_install'
[0.965s] Level 1:colcon.colcon_core.package_identification:_identify(Packages/module_scanning_interface) by extensions ['colcon_pkg']
[0.965s] Level 1:colcon.colcon_core.package_identification:_identify(Packages/module_scanning_interface) by extension 'colcon_pkg'
[0.965s] Level 1:colcon.colcon_core.package_identification:_identify(Packages/module_scanning_interface) by extensions ['colcon_meta']
[0.965s] Level 1:colcon.colcon_core.package_identification:_identify(Packages/module_scanning_interface) by extension 'colcon_meta'
[0.965s] Level 1:colcon.colcon_core.package_identification:_identify(Packages/module_scanning_interface) by extensions ['ros']
[0.965s] Level 1:colcon.colcon_core.package_identification:_identify(Packages/module_scanning_interface) by extension 'ros'
[0.968s] DEBUG:colcon.colcon_core.package_identification:Package 'Packages/module_scanning_interface' with type 'ros.ament_python' and name 'module_scanning_interface'
[0.968s] Level 1:colcon.colcon_core.package_identification:_identify(Packages/module_send_email) by extensions ['ignore', 'ignore_ament_install']
[0.969s] Level 1:colcon.colcon_core.package_identification:_identify(Packages/module_send_email) by extension 'ignore'
[0.969s] Level 1:colcon.colcon_core.package_identification:_identify(Packages/module_send_email) by extension 'ignore_ament_install'
[0.969s] Level 1:colcon.colcon_core.package_identification:_identify(Packages/module_send_email) by extensions ['colcon_pkg']
[0.969s] Level 1:colcon.colcon_core.package_identification:_identify(Packages/module_send_email) by extension 'colcon_pkg'
[0.970s] Level 1:colcon.colcon_core.package_identification:_identify(Packages/module_send_email) by extensions ['colcon_meta']
[0.970s] Level 1:colcon.colcon_core.package_identification:_identify(Packages/module_send_email) by extension 'colcon_meta'
[0.970s] Level 1:colcon.colcon_core.package_identification:_identify(Packages/module_send_email) by extensions ['ros']
[0.970s] Level 1:colcon.colcon_core.package_identification:_identify(Packages/module_send_email) by extension 'ros'
[0.972s] DEBUG:colcon.colcon_core.package_identification:Package 'Packages/module_send_email' with type 'ros.ament_python' and name 'module_send_email'
[0.973s] Level 1:colcon.colcon_core.package_identification:_identify(Packages/module_supervisor) by extensions ['ignore', 'ignore_ament_install']
[0.974s] Level 1:colcon.colcon_core.package_identification:_identify(Packages/module_supervisor) by extension 'ignore'
[0.974s] Level 1:colcon.colcon_core.package_identification:_identify(Packages/module_supervisor) by extension 'ignore_ament_install'
[0.974s] Level 1:colcon.colcon_core.package_identification:_identify(Packages/module_supervisor) by extensions ['colcon_pkg']
[0.975s] Level 1:colcon.colcon_core.package_identification:_identify(Packages/module_supervisor) by extension 'colcon_pkg'
[0.975s] Level 1:colcon.colcon_core.package_identification:_identify(Packages/module_supervisor) by extensions ['colcon_meta']
[0.975s] Level 1:colcon.colcon_core.package_identification:_identify(Packages/module_supervisor) by extension 'colcon_meta'
[0.975s] Level 1:colcon.colcon_core.package_identification:_identify(Packages/module_supervisor) by extensions ['ros']
[0.975s] Level 1:colcon.colcon_core.package_identification:_identify(Packages/module_supervisor) by extension 'ros'
[0.978s] DEBUG:colcon.colcon_core.package_identification:Package 'Packages/module_supervisor' with type 'ros.ament_python' and name 'module_supervisor'
[0.978s] Level 1:colcon.colcon_core.package_identification:_identify(Packages/module_weigh) by extensions ['ignore', 'ignore_ament_install']
[0.979s] Level 1:colcon.colcon_core.package_identification:_identify(Packages/module_weigh) by extension 'ignore'
[0.979s] Level 1:colcon.colcon_core.package_identification:_identify(Packages/module_weigh) by extension 'ignore_ament_install'
[0.979s] Level 1:colcon.colcon_core.package_identification:_identify(Packages/module_weigh) by extensions ['colcon_pkg']
[0.979s] Level 1:colcon.colcon_core.package_identification:_identify(Packages/module_weigh) by extension 'colcon_pkg'
[0.980s] Level 1:colcon.colcon_core.package_identification:_identify(Packages/module_weigh) by extensions ['colcon_meta']
[0.980s] Level 1:colcon.colcon_core.package_identification:_identify(Packages/module_weigh) by extension 'colcon_meta'
[0.980s] Level 1:colcon.colcon_core.package_identification:_identify(Packages/module_weigh) by extensions ['ros']
[0.980s] Level 1:colcon.colcon_core.package_identification:_identify(Packages/module_weigh) by extension 'ros'
[0.982s] DEBUG:colcon.colcon_core.package_identification:Package 'Packages/module_weigh' with type 'ros.ament_python' and name 'module_weigh'
[0.983s] Level 1:colcon.colcon_core.package_identification:_identify(build) by extensions ['ignore', 'ignore_ament_install']
[0.984s] Level 1:colcon.colcon_core.package_identification:_identify(build) by extension 'ignore'
[0.984s] Level 1:colcon.colcon_core.package_identification:_identify(build) ignored
[0.985s] Level 1:colcon.colcon_core.package_identification:_identify(install) by extensions ['ignore', 'ignore_ament_install']
[0.985s] Level 1:colcon.colcon_core.package_identification:_identify(install) by extension 'ignore'
[0.986s] Level 1:colcon.colcon_core.package_identification:_identify(install) ignored
[0.987s] Level 1:colcon.colcon_core.package_identification:_identify(log) by extensions ['ignore', 'ignore_ament_install']
[0.987s] Level 1:colcon.colcon_core.package_identification:_identify(log) by extension 'ignore'
[0.988s] Level 1:colcon.colcon_core.package_identification:_identify(log) ignored
[0.988s] Level 1:colcon.colcon_core.package_discovery:discover_packages(recursive) using defaults
[0.988s] Level 1:colcon.colcon_core.package_discovery:discover_packages(ignore) discover
[0.988s] Level 1:colcon.colcon_core.package_discovery:discover_packages(ignore) using defaults
[0.988s] Level 1:colcon.colcon_core.package_discovery:discover_packages(path) discover
[0.988s] Level 1:colcon.colcon_core.package_discovery:discover_packages(path) using defaults
[1.074s] INFO:colcon.colcon_core.package_selection:Skipping not selected package 'custom_interfaces' in 'Packages/custom_interfaces'
[1.074s] INFO:colcon.colcon_core.package_selection:Skipping not selected package 'module_input' in 'Packages/module_input'
[1.074s] INFO:colcon.colcon_core.package_selection:Skipping not selected package 'module_log_file' in 'Packages/module_log_file'
[1.074s] INFO:colcon.colcon_core.package_selection:Skipping not selected package 'module_motor' in 'Packages/module_motor'
[1.074s] INFO:colcon.colcon_core.package_selection:Skipping not selected package 'module_send_email' in 'Packages/module_send_email'
[1.075s] INFO:colcon.colcon_core.package_selection:Skipping not selected package 'module_supervisor' in 'Packages/module_supervisor'
[1.075s] INFO:colcon.colcon_core.package_selection:Skipping not selected package 'module_weigh' in 'Packages/module_weigh'
[1.075s] INFO:colcon.colcon_core.package_selection:Skipping not selected package 'launch_system' in 'Packages/launch_system'
[1.083s] Level 1:colcon.colcon_core.package_discovery:discover_packages(prefix_path) check parameters
[1.083s] Level 1:colcon.colcon_core.package_discovery:discover_packages(prefix_path) discover
[1.102s] DEBUG:colcon.colcon_installed_package_information.package_discovery:Found 8 installed packages in /home/tomccd/Documents/Code/Python/DATN/install
[1.114s] DEBUG:colcon.colcon_installed_package_information.package_discovery:Found 285 installed packages in /opt/ros/jazzy
[1.124s] Level 1:colcon.colcon_core.package_discovery:discover_packages(prefix_path) using defaults
[1.396s] Level 5:colcon.colcon_core.verb:set package 'module_scanning_interface' build argument 'cmake_args' from command line to 'None'
[1.396s] Level 5:colcon.colcon_core.verb:set package 'module_scanning_interface' build argument 'cmake_target' from command line to 'None'
[1.396s] Level 5:colcon.colcon_core.verb:set package 'module_scanning_interface' build argument 'cmake_target_skip_unavailable' from command line to 'False'
[1.396s] Level 5:colcon.colcon_core.verb:set package 'module_scanning_interface' build argument 'cmake_clean_cache' from command line to 'False'
[1.396s] Level 5:colcon.colcon_core.verb:set package 'module_scanning_interface' build argument 'cmake_clean_first' from command line to 'False'
[1.396s] Level 5:colcon.colcon_core.verb:set package 'module_scanning_interface' build argument 'cmake_force_configure' from command line to 'False'
[1.397s] Level 5:colcon.colcon_core.verb:set package 'module_scanning_interface' build argument 'ament_cmake_args' from command line to 'None'
[1.397s] Level 5:colcon.colcon_core.verb:set package 'module_scanning_interface' build argument 'catkin_cmake_args' from command line to 'None'
[1.397s] Level 5:colcon.colcon_core.verb:set package 'module_scanning_interface' build argument 'catkin_skip_building_tests' from command line to 'False'
[1.397s] DEBUG:colcon.colcon_core.verb:Building package 'module_scanning_interface' with the following arguments: {'ament_cmake_args': None, 'build_base': '/home/tomccd/Documents/Code/Python/DATN/build/module_scanning_interface', 'catkin_cmake_args': None, 'catkin_skip_building_tests': False, 'cmake_args': None, 'cmake_clean_cache': False, 'cmake_clean_first': False, 'cmake_force_configure': False, 'cmake_target': None, 'cmake_target_skip_unavailable': False, 'install_base': '/home/tomccd/Documents/Code/Python/DATN/install/module_scanning_interface', 'merge_install': False, 'path': '/home/tomccd/Documents/Code/Python/DATN/Packages/module_scanning_interface', 'symlink_install': False, 'test_result_base': None}
[1.398s] INFO:colcon.colcon_core.executor:Executing jobs using 'parallel' executor
[1.401s] DEBUG:colcon.colcon_parallel_executor.executor.parallel:run_until_complete
[1.402s] INFO:colcon.colcon_ros.task.ament_python.build:Building ROS package in '/home/tomccd/Documents/Code/Python/DATN/Packages/module_scanning_interface' with build type 'ament_python'
[1.403s] Level 1:colcon.colcon_core.shell:create_environment_hook('module_scanning_interface', 'ament_prefix_path')
[1.426s] INFO:colcon.colcon_core.plugin_system:Skipping extension 'colcon_core.shell.bat': Not used on non-Windows systems
[1.428s] INFO:colcon.colcon_core.shell:Creating environment hook '/home/tomccd/Documents/Code/Python/DATN/install/module_scanning_interface/share/module_scanning_interface/hook/ament_prefix_path.ps1'
[1.432s] INFO:colcon.colcon_core.shell:Creating environment descriptor '/home/tomccd/Documents/Code/Python/DATN/install/module_scanning_interface/share/module_scanning_interface/hook/ament_prefix_path.dsv'
[1.435s] INFO:colcon.colcon_core.shell:Creating environment hook '/home/tomccd/Documents/Code/Python/DATN/install/module_scanning_interface/share/module_scanning_interface/hook/ament_prefix_path.sh'
[1.438s] INFO:colcon.colcon_core.shell:Skip shell extension 'powershell' for command environment: Not usable outside of PowerShell
[1.439s] DEBUG:colcon.colcon_core.shell:Skip shell extension 'dsv' for command environment
[2.793s] INFO:colcon.colcon_core.task.python.build:Building Python package in '/home/tomccd/Documents/Code/Python/DATN/Packages/module_scanning_interface'
[2.794s] INFO:colcon.colcon_core.shell:Skip shell extension 'powershell' for command environment: Not usable outside of PowerShell
[2.794s] DEBUG:colcon.colcon_core.shell:Skip shell extension 'dsv' for command environment
[7.080s] DEBUG:colcon.colcon_core.event_handler.log_command:Invoking command in '/home/tomccd/Documents/Code/Python/DATN/Packages/module_scanning_interface': CMAKE_PREFIX_PATH=/home/tomccd/Documents/Code/Python/DATN/install/custom_interfaces:/home/tomccd/Documents/Code/Python/DATN/install/launch_system:/home/tomccd/Documents/Code/Python/DATN/install/module_log_file:/opt/ros/jazzy/opt/gz_math_vendor:/opt/ros/jazzy/opt/gz_utils_vendor:/opt/ros/jazzy/opt/gz_cmake_vendor DEBUGINFOD_URLS=https://debuginfod.ubuntu.com PYTHONPATH=/home/tomccd/Documents/Code/Python/DATN/build/module_scanning_interface/prefix_override:/usr/lib/python3/dist-packages/colcon_core/task/python/colcon_distutils_commands:/home/tomccd/Documents/Code/Python/DATN/install/module_scanning_interface/lib/python3.12/site-packages:/home/tomccd/Documents/Code/Python/DATN/install/custom_interfaces/lib/python3.12/site-packages:/home/tomccd/Documents/Code/Python/DATN/install/module_weigh/lib/python3.12/site-packages:/home/tomccd/Documents/Code/Python/DATN/install/module_supervisor/lib/python3.12/site-packages:/home/tomccd/Documents/Code/Python/DATN/install/module_send_email/lib/python3.12/site-packages:/home/tomccd/Documents/Code/Python/DATN/install/module_motor/lib/python3.12/site-packages:/home/tomccd/Documents/Code/Python/DATN/install/module_input/lib/python3.12/site-packages:/opt/ros/jazzy/lib/python3.12/site-packages /usr/bin/python3 -W ignore:setup.py install is deprecated -W ignore:easy_install command is deprecated setup.py egg_info --egg-base ../../build/module_scanning_interface build --build-base /home/tomccd/Documents/Code/Python/DATN/build/module_scanning_interface/build install --record /home/tomccd/Documents/Code/Python/DATN/build/module_scanning_interface/install.log --single-version-externally-managed install_data
[10.562s] DEBUG:colcon.colcon_core.event_handler.log_command:Invoked command in '/home/tomccd/Documents/Code/Python/DATN/Packages/module_scanning_interface' returned '0': CMAKE_PREFIX_PATH=/home/tomccd/Documents/Code/Python/DATN/install/custom_interfaces:/home/tomccd/Documents/Code/Python/DATN/install/launch_system:/home/tomccd/Documents/Code/Python/DATN/install/module_log_file:/opt/ros/jazzy/opt/gz_math_vendor:/opt/ros/jazzy/opt/gz_utils_vendor:/opt/ros/jazzy/opt/gz_cmake_vendor DEBUGINFOD_URLS=https://debuginfod.ubuntu.com PYTHONPATH=/home/tomccd/Documents/Code/Python/DATN/build/module_scanning_interface/prefix_override:/usr/lib/python3/dist-packages/colcon_core/task/python/colcon_distutils_commands:/home/tomccd/Documents/Code/Python/DATN/install/module_scanning_interface/lib/python3.12/site-packages:/home/tomccd/Documents/Code/Python/DATN/install/custom_interfaces/lib/python3.12/site-packages:/home/tomccd/Documents/Code/Python/DATN/install/module_weigh/lib/python3.12/site-packages:/home/tomccd/Documents/Code/Python/DATN/install/module_supervisor/lib/python3.12/site-packages:/home/tomccd/Documents/Code/Python/DATN/install/module_send_email/lib/python3.12/site-packages:/home/tomccd/Documents/Code/Python/DATN/install/module_motor/lib/python3.12/site-packages:/home/tomccd/Documents/Code/Python/DATN/install/module_input/lib/python3.12/site-packages:/opt/ros/jazzy/lib/python3.12/site-packages /usr/bin/python3 -W ignore:setup.py install is deprecated -W ignore:easy_install command is deprecated setup.py egg_info --egg-base ../../build/module_scanning_interface build --build-base /home/tomccd/Documents/Code/Python/DATN/build/module_scanning_interface/build install --record /home/tomccd/Documents/Code/Python/DATN/build/module_scanning_interface/install.log --single-version-externally-managed install_data
[10.591s] Level 1:colcon.colcon_core.environment:checking '/home/tomccd/Documents/Code/Python/DATN/install/module_scanning_interface' for CMake module files
[10.595s] Level 1:colcon.colcon_core.environment:checking '/home/tomccd/Documents/Code/Python/DATN/install/module_scanning_interface' for CMake config files
[10.599s] Level 1:colcon.colcon_core.environment:checking '/home/tomccd/Documents/Code/Python/DATN/install/module_scanning_interface/lib'
[10.600s] Level 1:colcon.colcon_core.environment:checking '/home/tomccd/Documents/Code/Python/DATN/install/module_scanning_interface/bin'
[10.600s] Level 1:colcon.colcon_core.environment:checking '/home/tomccd/Documents/Code/Python/DATN/install/module_scanning_interface/lib/pkgconfig/module_scanning_interface.pc'
[10.602s] Level 1:colcon.colcon_core.environment:checking '/home/tomccd/Documents/Code/Python/DATN/install/module_scanning_interface/lib/python3.12/site-packages'
[10.602s] Level 1:colcon.colcon_core.shell:create_environment_hook('module_scanning_interface', 'pythonpath')
[10.603s] INFO:colcon.colcon_core.shell:Creating environment hook '/home/tomccd/Documents/Code/Python/DATN/install/module_scanning_interface/share/module_scanning_interface/hook/pythonpath.ps1'
[10.606s] INFO:colcon.colcon_core.shell:Creating environment descriptor '/home/tomccd/Documents/Code/Python/DATN/install/module_scanning_interface/share/module_scanning_interface/hook/pythonpath.dsv'
[10.608s] INFO:colcon.colcon_core.shell:Creating environment hook '/home/tomccd/Documents/Code/Python/DATN/install/module_scanning_interface/share/module_scanning_interface/hook/pythonpath.sh'
[10.611s] Level 1:colcon.colcon_core.environment:checking '/home/tomccd/Documents/Code/Python/DATN/install/module_scanning_interface/bin'
[10.611s] Level 1:colcon.colcon_core.environment:create_environment_scripts_only(module_scanning_interface)
[10.612s] INFO:colcon.colcon_core.shell:Creating package script '/home/tomccd/Documents/Code/Python/DATN/install/module_scanning_interface/share/module_scanning_interface/package.ps1'
[10.622s] INFO:colcon.colcon_core.shell:Creating package descriptor '/home/tomccd/Documents/Code/Python/DATN/install/module_scanning_interface/share/module_scanning_interface/package.dsv'
[10.629s] INFO:colcon.colcon_core.shell:Creating package script '/home/tomccd/Documents/Code/Python/DATN/install/module_scanning_interface/share/module_scanning_interface/package.sh'
[10.634s] INFO:colcon.colcon_core.shell:Creating package script '/home/tomccd/Documents/Code/Python/DATN/install/module_scanning_interface/share/module_scanning_interface/package.bash'
[10.640s] INFO:colcon.colcon_core.shell:Creating package script '/home/tomccd/Documents/Code/Python/DATN/install/module_scanning_interface/share/module_scanning_interface/package.zsh'
[10.644s] Level 1:colcon.colcon_core.environment:create_file_with_runtime_dependencies(/home/tomccd/Documents/Code/Python/DATN/install/module_scanning_interface/share/colcon-core/packages/module_scanning_interface)
[10.646s] DEBUG:colcon.colcon_parallel_executor.executor.parallel:closing loop
[10.648s] DEBUG:colcon.colcon_parallel_executor.executor.parallel:loop closed
[10.650s] DEBUG:colcon.colcon_parallel_executor.executor.parallel:run_until_complete finished with '0'
[10.650s] DEBUG:colcon.colcon_core.event_reactor:joining thread
[10.680s] INFO:colcon.colcon_core.plugin_system:Skipping extension 'colcon_notification.desktop_notification.terminal_notifier': Not used on non-Darwin systems
[10.681s] INFO:colcon.colcon_core.plugin_system:Skipping extension 'colcon_notification.desktop_notification.win32': Not used on non-Windows systems
[10.681s] INFO:colcon.colcon_notification.desktop_notification:Sending desktop notification using 'notify2'
[10.760s] DEBUG:colcon.colcon_core.event_reactor:joined thread
[10.762s] INFO:colcon.colcon_core.shell:Creating prefix script '/home/tomccd/Documents/Code/Python/DATN/install/local_setup.ps1'
[10.772s] INFO:colcon.colcon_core.shell:Creating prefix util module '/home/tomccd/Documents/Code/Python/DATN/install/_local_setup_util_ps1.py'
[10.779s] INFO:colcon.colcon_core.shell:Creating prefix chain script '/home/tomccd/Documents/Code/Python/DATN/install/setup.ps1'
[10.786s] INFO:colcon.colcon_core.shell:Creating prefix script '/home/tomccd/Documents/Code/Python/DATN/install/local_setup.sh'
[10.790s] INFO:colcon.colcon_core.shell:Creating prefix util module '/home/tomccd/Documents/Code/Python/DATN/install/_local_setup_util_sh.py'
[10.793s] INFO:colcon.colcon_core.shell:Creating prefix chain script '/home/tomccd/Documents/Code/Python/DATN/install/setup.sh'
[10.803s] INFO:colcon.colcon_core.shell:Creating prefix script '/home/tomccd/Documents/Code/Python/DATN/install/local_setup.bash'
[10.807s] INFO:colcon.colcon_core.shell:Creating prefix chain script '/home/tomccd/Documents/Code/Python/DATN/install/setup.bash'
[10.819s] INFO:colcon.colcon_core.shell:Creating prefix script '/home/tomccd/Documents/Code/Python/DATN/install/local_setup.zsh'
[10.825s] INFO:colcon.colcon_core.shell:Creating prefix chain script '/home/tomccd/Documents/Code/Python/DATN/install/setup.zsh'
