[5.084s] Invoking command in '/home/tomccd/Documents/Code/Python/DATN/Packages/module_scanning_interface': CMAKE_PREFIX_PATH=/home/tomccd/Documents/Code/Python/DATN/install/custom_interfaces:/home/tomccd/Documents/Code/Python/DATN/install/launch_system:/home/tomccd/Documents/Code/Python/DATN/install/module_log_file:/opt/ros/jazzy/opt/gz_math_vendor:/opt/ros/jazzy/opt/gz_utils_vendor:/opt/ros/jazzy/opt/gz_cmake_vendor DEBUGINFOD_URLS=https://debuginfod.ubuntu.com PYTHONPATH=/home/tomccd/Documents/Code/Python/DATN/build/module_scanning_interface/prefix_override:/usr/lib/python3/dist-packages/colcon_core/task/python/colcon_distutils_commands:/home/tomccd/Documents/Code/Python/DATN/install/module_scanning_interface/lib/python3.12/site-packages:/home/tomccd/Documents/Code/Python/DATN/install/custom_interfaces/lib/python3.12/site-packages:/home/tomccd/Documents/Code/Python/DATN/install/module_weigh/lib/python3.12/site-packages:/home/tomccd/Documents/Code/Python/DATN/install/module_supervisor/lib/python3.12/site-packages:/home/tomccd/Documents/Code/Python/DATN/install/module_send_email/lib/python3.12/site-packages:/home/tomccd/Documents/Code/Python/DATN/install/module_scanning_interface/lib/python3.12/site-packages:/home/tomccd/Documents/Code/Python/DATN/install/module_motor/lib/python3.12/site-packages:/home/tomccd/Documents/Code/Python/DATN/install/module_input/lib/python3.12/site-packages:/opt/ros/jazzy/lib/python3.12/site-packages /usr/bin/python3 -W ignore:setup.py install is deprecated setup.py egg_info --egg-base ../../build/module_scanning_interface build --build-base /home/tomccd/Documents/Code/Python/DATN/build/module_scanning_interface/build install --record /home/tomccd/Documents/Code/Python/DATN/build/module_scanning_interface/install.log --single-version-externally-managed install_data
[6.707s] running egg_info
[6.831s] writing ../../build/module_scanning_interface/module_scanning_interface.egg-info/PKG-INFO
[6.832s] writing dependency_links to ../../build/module_scanning_interface/module_scanning_interface.egg-info/dependency_links.txt
[6.839s] writing entry points to ../../build/module_scanning_interface/module_scanning_interface.egg-info/entry_points.txt
[6.854s] writing requirements to ../../build/module_scanning_interface/module_scanning_interface.egg-info/requires.txt
[6.862s] writing top-level names to ../../build/module_scanning_interface/module_scanning_interface.egg-info/top_level.txt
[7.169s] reading manifest file '../../build/module_scanning_interface/module_scanning_interface.egg-info/SOURCES.txt'
[7.173s] writing manifest file '../../build/module_scanning_interface/module_scanning_interface.egg-info/SOURCES.txt'
[7.175s] running build
[7.175s] running build_py
[7.177s] copying module_scanning_interface/module_scanning_interface.py -> /home/tomccd/Documents/Code/Python/DATN/build/module_scanning_interface/build/lib/module_scanning_interface
[7.178s] running install
[7.207s] running install_lib
[7.342s] creating /home/tomccd/Documents/Code/Python/DATN/install/module_scanning_interface/lib/python3.12/site-packages/module_scanning_interface
[7.343s] copying /home/tomccd/Documents/Code/Python/DATN/build/module_scanning_interface/build/lib/module_scanning_interface/__init__.py -> /home/tomccd/Documents/Code/Python/DATN/install/module_scanning_interface/lib/python3.12/site-packages/module_scanning_interface
[7.344s] copying /home/tomccd/Documents/Code/Python/DATN/build/module_scanning_interface/build/lib/module_scanning_interface/module_scanning_interface.py -> /home/tomccd/Documents/Code/Python/DATN/install/module_scanning_interface/lib/python3.12/site-packages/module_scanning_interface
[7.347s] byte-compiling /home/tomccd/Documents/Code/Python/DATN/install/module_scanning_interface/lib/python3.12/site-packages/module_scanning_interface/__init__.py to __init__.cpython-312.pyc
[7.349s] byte-compiling /home/tomccd/Documents/Code/Python/DATN/install/module_scanning_interface/lib/python3.12/site-packages/module_scanning_interface/module_scanning_interface.py to module_scanning_interface.cpython-312.pyc
[7.378s] running install_data
[7.379s] creating /home/tomccd/Documents/Code/Python/DATN/install/module_scanning_interface/share/ament_index
[7.379s] creating /home/tomccd/Documents/Code/Python/DATN/install/module_scanning_interface/share/ament_index/resource_index
[7.382s] creating /home/tomccd/Documents/Code/Python/DATN/install/module_scanning_interface/share/ament_index/resource_index/packages
[7.383s] copying resource/module_scanning_interface -> /home/tomccd/Documents/Code/Python/DATN/install/module_scanning_interface/share/ament_index/resource_index/packages
[7.385s] copying package.xml -> /home/tomccd/Documents/Code/Python/DATN/install/module_scanning_interface/share/module_scanning_interface
[7.386s] running install_egg_info
[7.522s] Copying ../../build/module_scanning_interface/module_scanning_interface.egg-info to /home/tomccd/Documents/Code/Python/DATN/install/module_scanning_interface/lib/python3.12/site-packages/module_scanning_interface-0.0.0-py3.12.egg-info
[7.528s] running install_scripts
[8.389s] Installing module_scanning_interface script to /home/tomccd/Documents/Code/Python/DATN/install/module_scanning_interface/lib/module_scanning_interface
[8.391s] writing list of installed files to '/home/tomccd/Documents/Code/Python/DATN/build/module_scanning_interface/install.log'
[8.553s] Invoked command in '/home/tomccd/Documents/Code/Python/DATN/Packages/module_scanning_interface' returned '0': CMAKE_PREFIX_PATH=/home/tomccd/Documents/Code/Python/DATN/install/custom_interfaces:/home/tomccd/Documents/Code/Python/DATN/install/launch_system:/home/tomccd/Documents/Code/Python/DATN/install/module_log_file:/opt/ros/jazzy/opt/gz_math_vendor:/opt/ros/jazzy/opt/gz_utils_vendor:/opt/ros/jazzy/opt/gz_cmake_vendor DEBUGINFOD_URLS=https://debuginfod.ubuntu.com PYTHONPATH=/home/tomccd/Documents/Code/Python/DATN/build/module_scanning_interface/prefix_override:/usr/lib/python3/dist-packages/colcon_core/task/python/colcon_distutils_commands:/home/tomccd/Documents/Code/Python/DATN/install/module_scanning_interface/lib/python3.12/site-packages:/home/tomccd/Documents/Code/Python/DATN/install/custom_interfaces/lib/python3.12/site-packages:/home/tomccd/Documents/Code/Python/DATN/install/module_weigh/lib/python3.12/site-packages:/home/tomccd/Documents/Code/Python/DATN/install/module_supervisor/lib/python3.12/site-packages:/home/tomccd/Documents/Code/Python/DATN/install/module_send_email/lib/python3.12/site-packages:/home/tomccd/Documents/Code/Python/DATN/install/module_scanning_interface/lib/python3.12/site-packages:/home/tomccd/Documents/Code/Python/DATN/install/module_motor/lib/python3.12/site-packages:/home/tomccd/Documents/Code/Python/DATN/install/module_input/lib/python3.12/site-packages:/opt/ros/jazzy/lib/python3.12/site-packages /usr/bin/python3 -W ignore:setup.py install is deprecated setup.py egg_info --egg-base ../../build/module_scanning_interface build --build-base /home/tomccd/Documents/Code/Python/DATN/build/module_scanning_interface/build install --record /home/tomccd/Documents/Code/Python/DATN/build/module_scanning_interface/install.log --single-version-externally-managed install_data
