[6.017s] Invoking command in '/home/tomccd/Documents/Code/Python/DATN/Packages/module_weigh': CMAKE_PREFIX_PATH=/home/tomccd/Documents/Code/Python/DATN/install/custom_interfaces:/home/tomccd/Documents/Code/Python/DATN/install/launch_system:/opt/ros/jazzy/opt/gz_math_vendor:/opt/ros/jazzy/opt/gz_utils_vendor:/opt/ros/jazzy/opt/gz_cmake_vendor DEBUGINFOD_URLS=https://debuginfod.ubuntu.com PYTHONPATH=/home/tomccd/Documents/Code/Python/DATN/build/module_weigh/prefix_override:/usr/lib/python3/dist-packages/colcon_core/task/python/colcon_distutils_commands:/home/tomccd/Documents/Code/Python/DATN/install/module_weigh/lib/python3.12/site-packages:/home/tomccd/Documents/Code/Python/DATN/install/custom_interfaces/lib/python3.12/site-packages:/home/tomccd/Documents/Code/Python/DATN/install/module_weigh/lib/python3.12/site-packages:/home/tomccd/Documents/Code/Python/DATN/install/module_supervisor/lib/python3.12/site-packages:/home/tomccd/Documents/Code/Python/DATN/install/module_scanning_interface/lib/python3.12/site-packages:/home/tomccd/Documents/Code/Python/DATN/install/module_input/lib/python3.12/site-packages:/opt/ros/jazzy/lib/python3.12/site-packages /usr/bin/python3 -W ignore:setup.py install is deprecated setup.py egg_info --egg-base ../../build/module_weigh build --build-base /home/tomccd/Documents/Code/Python/DATN/build/module_weigh/build install --record /home/tomccd/Documents/Code/Python/DATN/build/module_weigh/install.log --single-version-externally-managed install_data
[7.957s] running egg_info
[8.118s] writing ../../build/module_weigh/module_weigh.egg-info/PKG-INFO
[8.119s] writing dependency_links to ../../build/module_weigh/module_weigh.egg-info/dependency_links.txt
[8.129s] writing entry points to ../../build/module_weigh/module_weigh.egg-info/entry_points.txt
[8.132s] writing requirements to ../../build/module_weigh/module_weigh.egg-info/requires.txt
[8.133s] writing top-level names to ../../build/module_weigh/module_weigh.egg-info/top_level.txt
[8.540s] reading manifest file '../../build/module_weigh/module_weigh.egg-info/SOURCES.txt'
[8.558s] writing manifest file '../../build/module_weigh/module_weigh.egg-info/SOURCES.txt'
[8.574s] running build
[8.575s] running build_py
[8.575s] copying module_weigh/module_weigh.py -> /home/tomccd/Documents/Code/Python/DATN/build/module_weigh/build/lib/module_weigh
[8.576s] running install
[8.599s] running install_lib
[8.831s] copying /home/tomccd/Documents/Code/Python/DATN/build/module_weigh/build/lib/module_weigh/module_weigh.py -> /home/tomccd/Documents/Code/Python/DATN/install/module_weigh/lib/python3.12/site-packages/module_weigh
[8.835s] byte-compiling /home/tomccd/Documents/Code/Python/DATN/install/module_weigh/lib/python3.12/site-packages/module_weigh/module_weigh.py to module_weigh.cpython-312.pyc
[8.840s] running install_data
[8.842s] running install_egg_info
[9.024s] removing '/home/tomccd/Documents/Code/Python/DATN/install/module_weigh/lib/python3.12/site-packages/module_weigh-0.0.0-py3.12.egg-info' (and everything under it)
[9.028s] Copying ../../build/module_weigh/module_weigh.egg-info to /home/tomccd/Documents/Code/Python/DATN/install/module_weigh/lib/python3.12/site-packages/module_weigh-0.0.0-py3.12.egg-info
[9.063s] running install_scripts
[10.209s] Installing module_weigh script to /home/tomccd/Documents/Code/Python/DATN/install/module_weigh/lib/module_weigh
[10.213s] writing list of installed files to '/home/tomccd/Documents/Code/Python/DATN/build/module_weigh/install.log'
[10.411s] Invoked command in '/home/tomccd/Documents/Code/Python/DATN/Packages/module_weigh' returned '0': CMAKE_PREFIX_PATH=/home/tomccd/Documents/Code/Python/DATN/install/custom_interfaces:/home/tomccd/Documents/Code/Python/DATN/install/launch_system:/opt/ros/jazzy/opt/gz_math_vendor:/opt/ros/jazzy/opt/gz_utils_vendor:/opt/ros/jazzy/opt/gz_cmake_vendor DEBUGINFOD_URLS=https://debuginfod.ubuntu.com PYTHONPATH=/home/tomccd/Documents/Code/Python/DATN/build/module_weigh/prefix_override:/usr/lib/python3/dist-packages/colcon_core/task/python/colcon_distutils_commands:/home/tomccd/Documents/Code/Python/DATN/install/module_weigh/lib/python3.12/site-packages:/home/tomccd/Documents/Code/Python/DATN/install/custom_interfaces/lib/python3.12/site-packages:/home/tomccd/Documents/Code/Python/DATN/install/module_weigh/lib/python3.12/site-packages:/home/tomccd/Documents/Code/Python/DATN/install/module_supervisor/lib/python3.12/site-packages:/home/tomccd/Documents/Code/Python/DATN/install/module_scanning_interface/lib/python3.12/site-packages:/home/tomccd/Documents/Code/Python/DATN/install/module_input/lib/python3.12/site-packages:/opt/ros/jazzy/lib/python3.12/site-packages /usr/bin/python3 -W ignore:setup.py install is deprecated setup.py egg_info --egg-base ../../build/module_weigh build --build-base /home/tomccd/Documents/Code/Python/DATN/build/module_weigh/build install --record /home/tomccd/Documents/Code/Python/DATN/build/module_weigh/install.log --single-version-externally-managed install_data
