[0.562s] DEBUG:colcon:Command line arguments: ['/usr/bin/colcon', 'build']
[0.563s] DEBUG:colcon:Parsed command line arguments: Namespace(log_base=None, log_level=None, verb_name='build', build_base='build', install_base='install', merge_install=False, symlink_install=False, test_result_base=None, continue_on_error=False, executor='parallel', parallel_workers=4, event_handlers=None, ignore_user_meta=False, metas=['./colcon.meta'], base_paths=['.'], packages_ignore=None, packages_ignore_regex=None, paths=None, packages_up_to=None, packages_up_to_regex=None, packages_above=None, packages_above_and_dependencies=None, packages_above_depth=None, packages_select_by_dep=None, packages_skip_by_dep=None, packages_skip_up_to=None, packages_select_build_failed=False, packages_skip_build_finished=False, packages_select_test_failures=False, packages_skip_test_passed=False, packages_select=None, packages_skip=None, packages_select_regex=None, packages_skip_regex=None, packages_start=None, packages_end=None, allow_overriding=[], cmake_args=None, cmake_target=None, cmake_target_skip_unavailable=False, cmake_clean_cache=False, cmake_clean_first=False, cmake_force_configure=False, ament_cmake_args=None, catkin_cmake_args=None, catkin_skip_building_tests=False, mixin_files=None, mixin=None, verb_parser=<colcon_mixin.mixin.mixin_argument.MixinArgumentDecorator object at 0xffffbacccb30>, verb_extension=<colcon_core.verb.build.BuildVerb object at 0xffffbaccc800>, main=<bound method BuildVerb.main of <colcon_core.verb.build.BuildVerb object at 0xffffbaccc800>>, mixin_verb=('build',))
[0.799s] Level 1:colcon.colcon_core.package_discovery:discover_packages(colcon_meta) check parameters
[0.800s] Level 1:colcon.colcon_core.package_discovery:discover_packages(recursive) check parameters
[0.800s] Level 1:colcon.colcon_core.package_discovery:discover_packages(ignore) check parameters
[0.800s] Level 1:colcon.colcon_core.package_discovery:discover_packages(path) check parameters
[0.800s] Level 1:colcon.colcon_core.package_discovery:discover_packages(colcon_meta) discover
[0.801s] Level 1:colcon.colcon_core.package_discovery:discover_packages(recursive) discover
[0.801s] INFO:colcon.colcon_core.package_discovery:Crawling recursively for packages in '/home/tomccd/Documents/Code/Python/DATN'
[0.802s] Level 1:colcon.colcon_core.package_identification:_identify(.) by extensions ['ignore', 'ignore_ament_install']
[0.803s] Level 1:colcon.colcon_core.package_identification:_identify(.) by extension 'ignore'
[0.803s] Level 1:colcon.colcon_core.package_identification:_identify(.) by extension 'ignore_ament_install'
[0.803s] Level 1:colcon.colcon_core.package_identification:_identify(.) by extensions ['colcon_pkg']
[0.804s] Level 1:colcon.colcon_core.package_identification:_identify(.) by extension 'colcon_pkg'
[0.804s] Level 1:colcon.colcon_core.package_identification:_identify(.) by extensions ['colcon_meta']
[0.804s] Level 1:colcon.colcon_core.package_identification:_identify(.) by extension 'colcon_meta'
[0.804s] Level 1:colcon.colcon_core.package_identification:_identify(.) by extensions ['ros']
[0.805s] Level 1:colcon.colcon_core.package_identification:_identify(.) by extension 'ros'
[0.934s] Level 1:colcon.colcon_core.package_identification:_identify(.) by extensions ['cmake', 'python']
[0.934s] Level 1:colcon.colcon_core.package_identification:_identify(.) by extension 'cmake'
[0.935s] Level 1:colcon.colcon_core.package_identification:_identify(.) by extension 'python'
[0.935s] Level 1:colcon.colcon_core.package_identification:_identify(.) by extensions ['python_setup_py']
[0.935s] Level 1:colcon.colcon_core.package_identification:_identify(.) by extension 'python_setup_py'
[0.936s] Level 1:colcon.colcon_core.package_identification:_identify(Packages) by extensions ['ignore', 'ignore_ament_install']
[0.936s] Level 1:colcon.colcon_core.package_identification:_identify(Packages) by extension 'ignore'
[0.936s] Level 1:colcon.colcon_core.package_identification:_identify(Packages) by extension 'ignore_ament_install'
[0.937s] Level 1:colcon.colcon_core.package_identification:_identify(Packages) by extensions ['colcon_pkg']
[0.937s] Level 1:colcon.colcon_core.package_identification:_identify(Packages) by extension 'colcon_pkg'
[0.937s] Level 1:colcon.colcon_core.package_identification:_identify(Packages) by extensions ['colcon_meta']
[0.937s] Level 1:colcon.colcon_core.package_identification:_identify(Packages) by extension 'colcon_meta'
[0.938s] Level 1:colcon.colcon_core.package_identification:_identify(Packages) by extensions ['ros']
[0.938s] Level 1:colcon.colcon_core.package_identification:_identify(Packages) by extension 'ros'
[0.938s] Level 1:colcon.colcon_core.package_identification:_identify(Packages) by extensions ['cmake', 'python']
[0.938s] Level 1:colcon.colcon_core.package_identification:_identify(Packages) by extension 'cmake'
[0.939s] Level 1:colcon.colcon_core.package_identification:_identify(Packages) by extension 'python'
[0.939s] Level 1:colcon.colcon_core.package_identification:_identify(Packages) by extensions ['python_setup_py']
[0.939s] Level 1:colcon.colcon_core.package_identification:_identify(Packages) by extension 'python_setup_py'
[0.940s] Level 1:colcon.colcon_core.package_identification:_identify(Packages/custom_interfaces) by extensions ['ignore', 'ignore_ament_install']
[0.940s] Level 1:colcon.colcon_core.package_identification:_identify(Packages/custom_interfaces) by extension 'ignore'
[0.941s] Level 1:colcon.colcon_core.package_identification:_identify(Packages/custom_interfaces) by extension 'ignore_ament_install'
[0.941s] Level 1:colcon.colcon_core.package_identification:_identify(Packages/custom_interfaces) by extensions ['colcon_pkg']
[0.942s] Level 1:colcon.colcon_core.package_identification:_identify(Packages/custom_interfaces) by extension 'colcon_pkg'
[0.942s] Level 1:colcon.colcon_core.package_identification:_identify(Packages/custom_interfaces) by extensions ['colcon_meta']
[0.942s] Level 1:colcon.colcon_core.package_identification:_identify(Packages/custom_interfaces) by extension 'colcon_meta'
[0.943s] Level 1:colcon.colcon_core.package_identification:_identify(Packages/custom_interfaces) by extensions ['ros']
[0.943s] Level 1:colcon.colcon_core.package_identification:_identify(Packages/custom_interfaces) by extension 'ros'
[0.952s] DEBUG:colcon.colcon_core.package_identification:Package 'Packages/custom_interfaces' with type 'ros.ament_cmake' and name 'custom_interfaces'
[0.953s] Level 1:colcon.colcon_core.package_identification:_identify(Packages/icon) by extensions ['ignore', 'ignore_ament_install']
[0.954s] Level 1:colcon.colcon_core.package_identification:_identify(Packages/icon) by extension 'ignore'
[0.954s] Level 1:colcon.colcon_core.package_identification:_identify(Packages/icon) by extension 'ignore_ament_install'
[0.954s] Level 1:colcon.colcon_core.package_identification:_identify(Packages/icon) by extensions ['colcon_pkg']
[0.954s] Level 1:colcon.colcon_core.package_identification:_identify(Packages/icon) by extension 'colcon_pkg'
[0.955s] Level 1:colcon.colcon_core.package_identification:_identify(Packages/icon) by extensions ['colcon_meta']
[0.955s] Level 1:colcon.colcon_core.package_identification:_identify(Packages/icon) by extension 'colcon_meta'
[0.955s] Level 1:colcon.colcon_core.package_identification:_identify(Packages/icon) by extensions ['ros']
[0.955s] Level 1:colcon.colcon_core.package_identification:_identify(Packages/icon) by extension 'ros'
[0.956s] Level 1:colcon.colcon_core.package_identification:_identify(Packages/icon) by extensions ['cmake', 'python']
[0.956s] Level 1:colcon.colcon_core.package_identification:_identify(Packages/icon) by extension 'cmake'
[0.956s] Level 1:colcon.colcon_core.package_identification:_identify(Packages/icon) by extension 'python'
[0.956s] Level 1:colcon.colcon_core.package_identification:_identify(Packages/icon) by extensions ['python_setup_py']
[0.957s] Level 1:colcon.colcon_core.package_identification:_identify(Packages/icon) by extension 'python_setup_py'
[0.957s] Level 1:colcon.colcon_core.package_identification:_identify(Packages/launch_system) by extensions ['ignore', 'ignore_ament_install']
[0.958s] Level 1:colcon.colcon_core.package_identification:_identify(Packages/launch_system) by extension 'ignore'
[0.958s] Level 1:colcon.colcon_core.package_identification:_identify(Packages/launch_system) by extension 'ignore_ament_install'
[0.958s] Level 1:colcon.colcon_core.package_identification:_identify(Packages/launch_system) by extensions ['colcon_pkg']
[0.958s] Level 1:colcon.colcon_core.package_identification:_identify(Packages/launch_system) by extension 'colcon_pkg'
[0.959s] Level 1:colcon.colcon_core.package_identification:_identify(Packages/launch_system) by extensions ['colcon_meta']
[0.959s] Level 1:colcon.colcon_core.package_identification:_identify(Packages/launch_system) by extension 'colcon_meta'
[0.959s] Level 1:colcon.colcon_core.package_identification:_identify(Packages/launch_system) by extensions ['ros']
[0.959s] Level 1:colcon.colcon_core.package_identification:_identify(Packages/launch_system) by extension 'ros'
[0.961s] DEBUG:colcon.colcon_core.package_identification:Package 'Packages/launch_system' with type 'ros.ament_cmake' and name 'launch_system'
[0.962s] Level 1:colcon.colcon_core.package_identification:_identify(Packages/module_input) by extensions ['ignore', 'ignore_ament_install']
[0.962s] Level 1:colcon.colcon_core.package_identification:_identify(Packages/module_input) by extension 'ignore'
[0.963s] Level 1:colcon.colcon_core.package_identification:_identify(Packages/module_input) by extension 'ignore_ament_install'
[0.963s] Level 1:colcon.colcon_core.package_identification:_identify(Packages/module_input) by extensions ['colcon_pkg']
[0.963s] Level 1:colcon.colcon_core.package_identification:_identify(Packages/module_input) by extension 'colcon_pkg'
[0.963s] Level 1:colcon.colcon_core.package_identification:_identify(Packages/module_input) by extensions ['colcon_meta']
[0.964s] Level 1:colcon.colcon_core.package_identification:_identify(Packages/module_input) by extension 'colcon_meta'
[0.964s] Level 1:colcon.colcon_core.package_identification:_identify(Packages/module_input) by extensions ['ros']
[0.964s] Level 1:colcon.colcon_core.package_identification:_identify(Packages/module_input) by extension 'ros'
[0.966s] DEBUG:colcon.colcon_core.package_identification:Package 'Packages/module_input' with type 'ros.ament_python' and name 'module_input'
[0.967s] Level 1:colcon.colcon_core.package_identification:_identify(Packages/module_scanning_interface) by extensions ['ignore', 'ignore_ament_install']
[0.967s] Level 1:colcon.colcon_core.package_identification:_identify(Packages/module_scanning_interface) by extension 'ignore'
[0.968s] Level 1:colcon.colcon_core.package_identification:_identify(Packages/module_scanning_interface) by extension 'ignore_ament_install'
[0.968s] Level 1:colcon.colcon_core.package_identification:_identify(Packages/module_scanning_interface) by extensions ['colcon_pkg']
[0.968s] Level 1:colcon.colcon_core.package_identification:_identify(Packages/module_scanning_interface) by extension 'colcon_pkg'
[0.968s] Level 1:colcon.colcon_core.package_identification:_identify(Packages/module_scanning_interface) by extensions ['colcon_meta']
[0.969s] Level 1:colcon.colcon_core.package_identification:_identify(Packages/module_scanning_interface) by extension 'colcon_meta'
[0.969s] Level 1:colcon.colcon_core.package_identification:_identify(Packages/module_scanning_interface) by extensions ['ros']
[0.969s] Level 1:colcon.colcon_core.package_identification:_identify(Packages/module_scanning_interface) by extension 'ros'
[0.971s] DEBUG:colcon.colcon_core.package_identification:Package 'Packages/module_scanning_interface' with type 'ros.ament_python' and name 'module_scanning_interface'
[0.972s] Level 1:colcon.colcon_core.package_identification:_identify(Packages/module_supervisor) by extensions ['ignore', 'ignore_ament_install']
[0.972s] Level 1:colcon.colcon_core.package_identification:_identify(Packages/module_supervisor) by extension 'ignore'
[0.973s] Level 1:colcon.colcon_core.package_identification:_identify(Packages/module_supervisor) by extension 'ignore_ament_install'
[0.973s] Level 1:colcon.colcon_core.package_identification:_identify(Packages/module_supervisor) by extensions ['colcon_pkg']
[0.973s] Level 1:colcon.colcon_core.package_identification:_identify(Packages/module_supervisor) by extension 'colcon_pkg'
[0.973s] Level 1:colcon.colcon_core.package_identification:_identify(Packages/module_supervisor) by extensions ['colcon_meta']
[0.974s] Level 1:colcon.colcon_core.package_identification:_identify(Packages/module_supervisor) by extension 'colcon_meta'
[0.974s] Level 1:colcon.colcon_core.package_identification:_identify(Packages/module_supervisor) by extensions ['ros']
[0.974s] Level 1:colcon.colcon_core.package_identification:_identify(Packages/module_supervisor) by extension 'ros'
[0.977s] DEBUG:colcon.colcon_core.package_identification:Package 'Packages/module_supervisor' with type 'ros.ament_python' and name 'module_supervisor'
[0.977s] Level 1:colcon.colcon_core.package_identification:_identify(Packages/module_weigh) by extensions ['ignore', 'ignore_ament_install']
[0.978s] Level 1:colcon.colcon_core.package_identification:_identify(Packages/module_weigh) by extension 'ignore'
[0.978s] Level 1:colcon.colcon_core.package_identification:_identify(Packages/module_weigh) by extension 'ignore_ament_install'
[0.978s] Level 1:colcon.colcon_core.package_identification:_identify(Packages/module_weigh) by extensions ['colcon_pkg']
[0.978s] Level 1:colcon.colcon_core.package_identification:_identify(Packages/module_weigh) by extension 'colcon_pkg'
[0.979s] Level 1:colcon.colcon_core.package_identification:_identify(Packages/module_weigh) by extensions ['colcon_meta']
[0.979s] Level 1:colcon.colcon_core.package_identification:_identify(Packages/module_weigh) by extension 'colcon_meta'
[0.979s] Level 1:colcon.colcon_core.package_identification:_identify(Packages/module_weigh) by extensions ['ros']
[0.979s] Level 1:colcon.colcon_core.package_identification:_identify(Packages/module_weigh) by extension 'ros'
[0.981s] DEBUG:colcon.colcon_core.package_identification:Package 'Packages/module_weigh' with type 'ros.ament_python' and name 'module_weigh'
[0.982s] Level 1:colcon.colcon_core.package_identification:_identify(build) by extensions ['ignore', 'ignore_ament_install']
[0.982s] Level 1:colcon.colcon_core.package_identification:_identify(build) by extension 'ignore'
[0.983s] Level 1:colcon.colcon_core.package_identification:_identify(build) ignored
[0.983s] Level 1:colcon.colcon_core.package_identification:_identify(install) by extensions ['ignore', 'ignore_ament_install']
[0.984s] Level 1:colcon.colcon_core.package_identification:_identify(install) by extension 'ignore'
[0.984s] Level 1:colcon.colcon_core.package_identification:_identify(install) ignored
[0.986s] Level 1:colcon.colcon_core.package_identification:_identify(log) by extensions ['ignore', 'ignore_ament_install']
[0.986s] Level 1:colcon.colcon_core.package_identification:_identify(log) by extension 'ignore'
[0.987s] Level 1:colcon.colcon_core.package_identification:_identify(log) ignored
[0.987s] Level 1:colcon.colcon_core.package_discovery:discover_packages(recursive) using defaults
[0.987s] Level 1:colcon.colcon_core.package_discovery:discover_packages(ignore) discover
[0.987s] Level 1:colcon.colcon_core.package_discovery:discover_packages(ignore) using defaults
[0.987s] Level 1:colcon.colcon_core.package_discovery:discover_packages(path) discover
[0.988s] Level 1:colcon.colcon_core.package_discovery:discover_packages(path) using defaults
[1.073s] Level 1:colcon.colcon_core.package_discovery:discover_packages(prefix_path) check parameters
[1.073s] Level 1:colcon.colcon_core.package_discovery:discover_packages(prefix_path) discover
[1.086s] DEBUG:colcon.colcon_installed_package_information.package_discovery:Found 6 installed packages in /home/tomccd/Documents/Code/Python/DATN/install
[1.098s] DEBUG:colcon.colcon_installed_package_information.package_discovery:Found 285 installed packages in /opt/ros/jazzy
[1.106s] Level 1:colcon.colcon_core.package_discovery:discover_packages(prefix_path) using defaults
[1.366s] Level 5:colcon.colcon_core.verb:set package 'custom_interfaces' build argument 'cmake_args' from command line to 'None'
[1.366s] Level 5:colcon.colcon_core.verb:set package 'custom_interfaces' build argument 'cmake_target' from command line to 'None'
[1.366s] Level 5:colcon.colcon_core.verb:set package 'custom_interfaces' build argument 'cmake_target_skip_unavailable' from command line to 'False'
[1.366s] Level 5:colcon.colcon_core.verb:set package 'custom_interfaces' build argument 'cmake_clean_cache' from command line to 'False'
[1.366s] Level 5:colcon.colcon_core.verb:set package 'custom_interfaces' build argument 'cmake_clean_first' from command line to 'False'
[1.367s] Level 5:colcon.colcon_core.verb:set package 'custom_interfaces' build argument 'cmake_force_configure' from command line to 'False'
[1.367s] Level 5:colcon.colcon_core.verb:set package 'custom_interfaces' build argument 'ament_cmake_args' from command line to 'None'
[1.367s] Level 5:colcon.colcon_core.verb:set package 'custom_interfaces' build argument 'catkin_cmake_args' from command line to 'None'
[1.367s] Level 5:colcon.colcon_core.verb:set package 'custom_interfaces' build argument 'catkin_skip_building_tests' from command line to 'False'
[1.367s] DEBUG:colcon.colcon_core.verb:Building package 'custom_interfaces' with the following arguments: {'ament_cmake_args': None, 'build_base': '/home/tomccd/Documents/Code/Python/DATN/build/custom_interfaces', 'catkin_cmake_args': None, 'catkin_skip_building_tests': False, 'cmake_args': None, 'cmake_clean_cache': False, 'cmake_clean_first': False, 'cmake_force_configure': False, 'cmake_target': None, 'cmake_target_skip_unavailable': False, 'install_base': '/home/tomccd/Documents/Code/Python/DATN/install/custom_interfaces', 'merge_install': False, 'path': '/home/tomccd/Documents/Code/Python/DATN/Packages/custom_interfaces', 'symlink_install': False, 'test_result_base': None}
[1.369s] Level 5:colcon.colcon_core.verb:set package 'module_input' build argument 'cmake_args' from command line to 'None'
[1.369s] Level 5:colcon.colcon_core.verb:set package 'module_input' build argument 'cmake_target' from command line to 'None'
[1.369s] Level 5:colcon.colcon_core.verb:set package 'module_input' build argument 'cmake_target_skip_unavailable' from command line to 'False'
[1.369s] Level 5:colcon.colcon_core.verb:set package 'module_input' build argument 'cmake_clean_cache' from command line to 'False'
[1.369s] Level 5:colcon.colcon_core.verb:set package 'module_input' build argument 'cmake_clean_first' from command line to 'False'
[1.370s] Level 5:colcon.colcon_core.verb:set package 'module_input' build argument 'cmake_force_configure' from command line to 'False'
[1.370s] Level 5:colcon.colcon_core.verb:set package 'module_input' build argument 'ament_cmake_args' from command line to 'None'
[1.370s] Level 5:colcon.colcon_core.verb:set package 'module_input' build argument 'catkin_cmake_args' from command line to 'None'
[1.370s] Level 5:colcon.colcon_core.verb:set package 'module_input' build argument 'catkin_skip_building_tests' from command line to 'False'
[1.370s] DEBUG:colcon.colcon_core.verb:Building package 'module_input' with the following arguments: {'ament_cmake_args': None, 'build_base': '/home/tomccd/Documents/Code/Python/DATN/build/module_input', 'catkin_cmake_args': None, 'catkin_skip_building_tests': False, 'cmake_args': None, 'cmake_clean_cache': False, 'cmake_clean_first': False, 'cmake_force_configure': False, 'cmake_target': None, 'cmake_target_skip_unavailable': False, 'install_base': '/home/tomccd/Documents/Code/Python/DATN/install/module_input', 'merge_install': False, 'path': '/home/tomccd/Documents/Code/Python/DATN/Packages/module_input', 'symlink_install': False, 'test_result_base': None}
[1.372s] Level 5:colcon.colcon_core.verb:set package 'module_scanning_interface' build argument 'cmake_args' from command line to 'None'
[1.372s] Level 5:colcon.colcon_core.verb:set package 'module_scanning_interface' build argument 'cmake_target' from command line to 'None'
[1.372s] Level 5:colcon.colcon_core.verb:set package 'module_scanning_interface' build argument 'cmake_target_skip_unavailable' from command line to 'False'
[1.372s] Level 5:colcon.colcon_core.verb:set package 'module_scanning_interface' build argument 'cmake_clean_cache' from command line to 'False'
[1.372s] Level 5:colcon.colcon_core.verb:set package 'module_scanning_interface' build argument 'cmake_clean_first' from command line to 'False'
[1.373s] Level 5:colcon.colcon_core.verb:set package 'module_scanning_interface' build argument 'cmake_force_configure' from command line to 'False'
[1.373s] Level 5:colcon.colcon_core.verb:set package 'module_scanning_interface' build argument 'ament_cmake_args' from command line to 'None'
[1.373s] Level 5:colcon.colcon_core.verb:set package 'module_scanning_interface' build argument 'catkin_cmake_args' from command line to 'None'
[1.373s] Level 5:colcon.colcon_core.verb:set package 'module_scanning_interface' build argument 'catkin_skip_building_tests' from command line to 'False'
[1.373s] DEBUG:colcon.colcon_core.verb:Building package 'module_scanning_interface' with the following arguments: {'ament_cmake_args': None, 'build_base': '/home/tomccd/Documents/Code/Python/DATN/build/module_scanning_interface', 'catkin_cmake_args': None, 'catkin_skip_building_tests': False, 'cmake_args': None, 'cmake_clean_cache': False, 'cmake_clean_first': False, 'cmake_force_configure': False, 'cmake_target': None, 'cmake_target_skip_unavailable': False, 'install_base': '/home/tomccd/Documents/Code/Python/DATN/install/module_scanning_interface', 'merge_install': False, 'path': '/home/tomccd/Documents/Code/Python/DATN/Packages/module_scanning_interface', 'symlink_install': False, 'test_result_base': None}
[1.374s] Level 5:colcon.colcon_core.verb:set package 'module_supervisor' build argument 'cmake_args' from command line to 'None'
[1.375s] Level 5:colcon.colcon_core.verb:set package 'module_supervisor' build argument 'cmake_target' from command line to 'None'
[1.375s] Level 5:colcon.colcon_core.verb:set package 'module_supervisor' build argument 'cmake_target_skip_unavailable' from command line to 'False'
[1.375s] Level 5:colcon.colcon_core.verb:set package 'module_supervisor' build argument 'cmake_clean_cache' from command line to 'False'
[1.375s] Level 5:colcon.colcon_core.verb:set package 'module_supervisor' build argument 'cmake_clean_first' from command line to 'False'
[1.375s] Level 5:colcon.colcon_core.verb:set package 'module_supervisor' build argument 'cmake_force_configure' from command line to 'False'
[1.375s] Level 5:colcon.colcon_core.verb:set package 'module_supervisor' build argument 'ament_cmake_args' from command line to 'None'
[1.376s] Level 5:colcon.colcon_core.verb:set package 'module_supervisor' build argument 'catkin_cmake_args' from command line to 'None'
[1.376s] Level 5:colcon.colcon_core.verb:set package 'module_supervisor' build argument 'catkin_skip_building_tests' from command line to 'False'
[1.376s] DEBUG:colcon.colcon_core.verb:Building package 'module_supervisor' with the following arguments: {'ament_cmake_args': None, 'build_base': '/home/tomccd/Documents/Code/Python/DATN/build/module_supervisor', 'catkin_cmake_args': None, 'catkin_skip_building_tests': False, 'cmake_args': None, 'cmake_clean_cache': False, 'cmake_clean_first': False, 'cmake_force_configure': False, 'cmake_target': None, 'cmake_target_skip_unavailable': False, 'install_base': '/home/tomccd/Documents/Code/Python/DATN/install/module_supervisor', 'merge_install': False, 'path': '/home/tomccd/Documents/Code/Python/DATN/Packages/module_supervisor', 'symlink_install': False, 'test_result_base': None}
[1.377s] Level 5:colcon.colcon_core.verb:set package 'module_weigh' build argument 'cmake_args' from command line to 'None'
[1.377s] Level 5:colcon.colcon_core.verb:set package 'module_weigh' build argument 'cmake_target' from command line to 'None'
[1.378s] Level 5:colcon.colcon_core.verb:set package 'module_weigh' build argument 'cmake_target_skip_unavailable' from command line to 'False'
[1.378s] Level 5:colcon.colcon_core.verb:set package 'module_weigh' build argument 'cmake_clean_cache' from command line to 'False'
[1.378s] Level 5:colcon.colcon_core.verb:set package 'module_weigh' build argument 'cmake_clean_first' from command line to 'False'
[1.378s] Level 5:colcon.colcon_core.verb:set package 'module_weigh' build argument 'cmake_force_configure' from command line to 'False'
[1.378s] Level 5:colcon.colcon_core.verb:set package 'module_weigh' build argument 'ament_cmake_args' from command line to 'None'
[1.378s] Level 5:colcon.colcon_core.verb:set package 'module_weigh' build argument 'catkin_cmake_args' from command line to 'None'
[1.378s] Level 5:colcon.colcon_core.verb:set package 'module_weigh' build argument 'catkin_skip_building_tests' from command line to 'False'
[1.379s] DEBUG:colcon.colcon_core.verb:Building package 'module_weigh' with the following arguments: {'ament_cmake_args': None, 'build_base': '/home/tomccd/Documents/Code/Python/DATN/build/module_weigh', 'catkin_cmake_args': None, 'catkin_skip_building_tests': False, 'cmake_args': None, 'cmake_clean_cache': False, 'cmake_clean_first': False, 'cmake_force_configure': False, 'cmake_target': None, 'cmake_target_skip_unavailable': False, 'install_base': '/home/tomccd/Documents/Code/Python/DATN/install/module_weigh', 'merge_install': False, 'path': '/home/tomccd/Documents/Code/Python/DATN/Packages/module_weigh', 'symlink_install': False, 'test_result_base': None}
[1.380s] Level 5:colcon.colcon_core.verb:set package 'launch_system' build argument 'cmake_args' from command line to 'None'
[1.380s] Level 5:colcon.colcon_core.verb:set package 'launch_system' build argument 'cmake_target' from command line to 'None'
[1.380s] Level 5:colcon.colcon_core.verb:set package 'launch_system' build argument 'cmake_target_skip_unavailable' from command line to 'False'
[1.381s] Level 5:colcon.colcon_core.verb:set package 'launch_system' build argument 'cmake_clean_cache' from command line to 'False'
[1.381s] Level 5:colcon.colcon_core.verb:set package 'launch_system' build argument 'cmake_clean_first' from command line to 'False'
[1.381s] Level 5:colcon.colcon_core.verb:set package 'launch_system' build argument 'cmake_force_configure' from command line to 'False'
[1.381s] Level 5:colcon.colcon_core.verb:set package 'launch_system' build argument 'ament_cmake_args' from command line to 'None'
[1.381s] Level 5:colcon.colcon_core.verb:set package 'launch_system' build argument 'catkin_cmake_args' from command line to 'None'
[1.381s] Level 5:colcon.colcon_core.verb:set package 'launch_system' build argument 'catkin_skip_building_tests' from command line to 'False'
[1.381s] DEBUG:colcon.colcon_core.verb:Building package 'launch_system' with the following arguments: {'ament_cmake_args': None, 'build_base': '/home/tomccd/Documents/Code/Python/DATN/build/launch_system', 'catkin_cmake_args': None, 'catkin_skip_building_tests': False, 'cmake_args': None, 'cmake_clean_cache': False, 'cmake_clean_first': False, 'cmake_force_configure': False, 'cmake_target': None, 'cmake_target_skip_unavailable': False, 'install_base': '/home/tomccd/Documents/Code/Python/DATN/install/launch_system', 'merge_install': False, 'path': '/home/tomccd/Documents/Code/Python/DATN/Packages/launch_system', 'symlink_install': False, 'test_result_base': None}
[1.382s] INFO:colcon.colcon_core.executor:Executing jobs using 'parallel' executor
[1.386s] DEBUG:colcon.colcon_parallel_executor.executor.parallel:run_until_complete
[1.387s] INFO:colcon.colcon_ros.task.ament_cmake.build:Building ROS package in '/home/tomccd/Documents/Code/Python/DATN/Packages/custom_interfaces' with build type 'ament_cmake'
[1.388s] INFO:colcon.colcon_cmake.task.cmake.build:Building CMake package in '/home/tomccd/Documents/Code/Python/DATN/Packages/custom_interfaces'
[1.400s] INFO:colcon.colcon_core.plugin_system:Skipping extension 'colcon_core.shell.bat': Not used on non-Windows systems
[1.401s] INFO:colcon.colcon_core.shell:Skip shell extension 'powershell' for command environment: Not usable outside of PowerShell
[1.401s] DEBUG:colcon.colcon_core.shell:Skip shell extension 'dsv' for command environment
[1.453s] DEBUG:colcon.colcon_core.event_handler.log_command:Invoking command in '/home/tomccd/Documents/Code/Python/DATN/build/custom_interfaces': CMAKE_PREFIX_PATH=${CMAKE_PREFIX_PATH}:/home/tomccd/Documents/Code/Python/DATN/install/module_weigh:/home/tomccd/Documents/Code/Python/DATN/install/module_supervisor:/home/tomccd/Documents/Code/Python/DATN/install/module_scanning_interface:/home/tomccd/Documents/Code/Python/DATN/install/module_input:/opt/ros/jazzy /usr/bin/cmake --build /home/tomccd/Documents/Code/Python/DATN/build/custom_interfaces -- -j4 -l4
[5.382s] DEBUG:colcon.colcon_core.event_handler.log_command:Invoked command in '/home/tomccd/Documents/Code/Python/DATN/build/custom_interfaces' returned '0': CMAKE_PREFIX_PATH=${CMAKE_PREFIX_PATH}:/home/tomccd/Documents/Code/Python/DATN/install/module_weigh:/home/tomccd/Documents/Code/Python/DATN/install/module_supervisor:/home/tomccd/Documents/Code/Python/DATN/install/module_scanning_interface:/home/tomccd/Documents/Code/Python/DATN/install/module_input:/opt/ros/jazzy /usr/bin/cmake --build /home/tomccd/Documents/Code/Python/DATN/build/custom_interfaces -- -j4 -l4
[6.527s] DEBUG:colcon.colcon_core.event_handler.log_command:Invoking command in '/home/tomccd/Documents/Code/Python/DATN/build/custom_interfaces': CMAKE_PREFIX_PATH=${CMAKE_PREFIX_PATH}:/home/tomccd/Documents/Code/Python/DATN/install/module_weigh:/home/tomccd/Documents/Code/Python/DATN/install/module_supervisor:/home/tomccd/Documents/Code/Python/DATN/install/module_scanning_interface:/home/tomccd/Documents/Code/Python/DATN/install/module_input:/opt/ros/jazzy /usr/bin/cmake --install /home/tomccd/Documents/Code/Python/DATN/build/custom_interfaces
[7.243s] Level 1:colcon.colcon_core.environment:create_environment_scripts_only(custom_interfaces)
[7.287s] Level 1:colcon.colcon_core.environment:checking '/home/tomccd/Documents/Code/Python/DATN/install/custom_interfaces' for CMake module files
[7.303s] Level 1:colcon.colcon_core.environment:checking '/home/tomccd/Documents/Code/Python/DATN/install/custom_interfaces' for CMake config files
[7.308s] Level 1:colcon.colcon_core.shell:create_environment_hook('custom_interfaces', 'cmake_prefix_path')
[7.309s] INFO:colcon.colcon_core.shell:Creating environment hook '/home/tomccd/Documents/Code/Python/DATN/install/custom_interfaces/share/custom_interfaces/hook/cmake_prefix_path.ps1'
[7.321s] INFO:colcon.colcon_core.shell:Creating environment descriptor '/home/tomccd/Documents/Code/Python/DATN/install/custom_interfaces/share/custom_interfaces/hook/cmake_prefix_path.dsv'
[7.356s] INFO:colcon.colcon_core.shell:Creating environment hook '/home/tomccd/Documents/Code/Python/DATN/install/custom_interfaces/share/custom_interfaces/hook/cmake_prefix_path.sh'
[7.369s] DEBUG:colcon.colcon_core.event_handler.log_command:Invoked command in '/home/tomccd/Documents/Code/Python/DATN/build/custom_interfaces' returned '0': CMAKE_PREFIX_PATH=${CMAKE_PREFIX_PATH}:/home/tomccd/Documents/Code/Python/DATN/install/module_weigh:/home/tomccd/Documents/Code/Python/DATN/install/module_supervisor:/home/tomccd/Documents/Code/Python/DATN/install/module_scanning_interface:/home/tomccd/Documents/Code/Python/DATN/install/module_input:/opt/ros/jazzy /usr/bin/cmake --install /home/tomccd/Documents/Code/Python/DATN/build/custom_interfaces
[7.384s] Level 1:colcon.colcon_core.environment:checking '/home/tomccd/Documents/Code/Python/DATN/install/custom_interfaces/lib'
[7.389s] Level 1:colcon.colcon_core.shell:create_environment_hook('custom_interfaces', 'ld_library_path_lib')
[7.392s] INFO:colcon.colcon_core.shell:Creating environment hook '/home/tomccd/Documents/Code/Python/DATN/install/custom_interfaces/share/custom_interfaces/hook/ld_library_path_lib.ps1'
[7.409s] INFO:colcon.colcon_core.shell:Creating environment descriptor '/home/tomccd/Documents/Code/Python/DATN/install/custom_interfaces/share/custom_interfaces/hook/ld_library_path_lib.dsv'
[7.414s] INFO:colcon.colcon_core.shell:Creating environment hook '/home/tomccd/Documents/Code/Python/DATN/install/custom_interfaces/share/custom_interfaces/hook/ld_library_path_lib.sh'
[7.432s] Level 1:colcon.colcon_core.environment:checking '/home/tomccd/Documents/Code/Python/DATN/install/custom_interfaces/bin'
[7.433s] Level 1:colcon.colcon_core.environment:checking '/home/tomccd/Documents/Code/Python/DATN/install/custom_interfaces/lib/pkgconfig/custom_interfaces.pc'
[7.435s] Level 1:colcon.colcon_core.environment:checking '/home/tomccd/Documents/Code/Python/DATN/install/custom_interfaces/lib/python3.12/site-packages'
[7.436s] Level 1:colcon.colcon_core.shell:create_environment_hook('custom_interfaces', 'pythonpath')
[7.437s] INFO:colcon.colcon_core.shell:Creating environment hook '/home/tomccd/Documents/Code/Python/DATN/install/custom_interfaces/share/custom_interfaces/hook/pythonpath.ps1'
[7.440s] INFO:colcon.colcon_core.shell:Creating environment descriptor '/home/tomccd/Documents/Code/Python/DATN/install/custom_interfaces/share/custom_interfaces/hook/pythonpath.dsv'
[7.451s] INFO:colcon.colcon_core.shell:Creating environment hook '/home/tomccd/Documents/Code/Python/DATN/install/custom_interfaces/share/custom_interfaces/hook/pythonpath.sh'
[7.464s] Level 1:colcon.colcon_core.environment:checking '/home/tomccd/Documents/Code/Python/DATN/install/custom_interfaces/bin'
[7.466s] INFO:colcon.colcon_core.shell:Creating package script '/home/tomccd/Documents/Code/Python/DATN/install/custom_interfaces/share/custom_interfaces/package.ps1'
[7.470s] INFO:colcon.colcon_core.shell:Creating package descriptor '/home/tomccd/Documents/Code/Python/DATN/install/custom_interfaces/share/custom_interfaces/package.dsv'
[7.484s] INFO:colcon.colcon_core.shell:Creating package script '/home/tomccd/Documents/Code/Python/DATN/install/custom_interfaces/share/custom_interfaces/package.sh'
[7.498s] INFO:colcon.colcon_core.shell:Creating package script '/home/tomccd/Documents/Code/Python/DATN/install/custom_interfaces/share/custom_interfaces/package.bash'
[7.502s] INFO:colcon.colcon_core.shell:Creating package script '/home/tomccd/Documents/Code/Python/DATN/install/custom_interfaces/share/custom_interfaces/package.zsh'
[7.507s] Level 1:colcon.colcon_core.environment:create_file_with_runtime_dependencies(/home/tomccd/Documents/Code/Python/DATN/install/custom_interfaces/share/colcon-core/packages/custom_interfaces)
[8.661s] Level 1:colcon.colcon_core.environment:create_environment_scripts_only(custom_interfaces)
[8.662s] Level 1:colcon.colcon_core.environment:checking '/home/tomccd/Documents/Code/Python/DATN/install/custom_interfaces' for CMake module files
[8.669s] Level 1:colcon.colcon_core.environment:checking '/home/tomccd/Documents/Code/Python/DATN/install/custom_interfaces' for CMake config files
[8.672s] Level 1:colcon.colcon_core.shell:create_environment_hook('custom_interfaces', 'cmake_prefix_path')
[8.674s] INFO:colcon.colcon_core.shell:Creating environment hook '/home/tomccd/Documents/Code/Python/DATN/install/custom_interfaces/share/custom_interfaces/hook/cmake_prefix_path.ps1'
[8.677s] INFO:colcon.colcon_core.shell:Creating environment descriptor '/home/tomccd/Documents/Code/Python/DATN/install/custom_interfaces/share/custom_interfaces/hook/cmake_prefix_path.dsv'
[8.683s] INFO:colcon.colcon_core.shell:Creating environment hook '/home/tomccd/Documents/Code/Python/DATN/install/custom_interfaces/share/custom_interfaces/hook/cmake_prefix_path.sh'
[8.688s] Level 1:colcon.colcon_core.environment:checking '/home/tomccd/Documents/Code/Python/DATN/install/custom_interfaces/lib'
[8.689s] Level 1:colcon.colcon_core.shell:create_environment_hook('custom_interfaces', 'ld_library_path_lib')
[8.690s] INFO:colcon.colcon_core.shell:Creating environment hook '/home/tomccd/Documents/Code/Python/DATN/install/custom_interfaces/share/custom_interfaces/hook/ld_library_path_lib.ps1'
[8.693s] INFO:colcon.colcon_core.shell:Creating environment descriptor '/home/tomccd/Documents/Code/Python/DATN/install/custom_interfaces/share/custom_interfaces/hook/ld_library_path_lib.dsv'
[8.697s] INFO:colcon.colcon_core.shell:Creating environment hook '/home/tomccd/Documents/Code/Python/DATN/install/custom_interfaces/share/custom_interfaces/hook/ld_library_path_lib.sh'
[8.701s] Level 1:colcon.colcon_core.environment:checking '/home/tomccd/Documents/Code/Python/DATN/install/custom_interfaces/bin'
[8.701s] Level 1:colcon.colcon_core.environment:checking '/home/tomccd/Documents/Code/Python/DATN/install/custom_interfaces/lib/pkgconfig/custom_interfaces.pc'
[8.703s] Level 1:colcon.colcon_core.environment:checking '/home/tomccd/Documents/Code/Python/DATN/install/custom_interfaces/lib/python3.12/site-packages'
[8.705s] Level 1:colcon.colcon_core.shell:create_environment_hook('custom_interfaces', 'pythonpath')
[8.708s] INFO:colcon.colcon_core.shell:Creating environment hook '/home/tomccd/Documents/Code/Python/DATN/install/custom_interfaces/share/custom_interfaces/hook/pythonpath.ps1'
[8.711s] INFO:colcon.colcon_core.shell:Creating environment descriptor '/home/tomccd/Documents/Code/Python/DATN/install/custom_interfaces/share/custom_interfaces/hook/pythonpath.dsv'
[8.714s] INFO:colcon.colcon_core.shell:Creating environment hook '/home/tomccd/Documents/Code/Python/DATN/install/custom_interfaces/share/custom_interfaces/hook/pythonpath.sh'
[8.724s] Level 1:colcon.colcon_core.environment:checking '/home/tomccd/Documents/Code/Python/DATN/install/custom_interfaces/bin'
[8.726s] INFO:colcon.colcon_core.shell:Creating package script '/home/tomccd/Documents/Code/Python/DATN/install/custom_interfaces/share/custom_interfaces/package.ps1'
[8.735s] INFO:colcon.colcon_core.shell:Creating package descriptor '/home/tomccd/Documents/Code/Python/DATN/install/custom_interfaces/share/custom_interfaces/package.dsv'
[8.738s] INFO:colcon.colcon_core.shell:Creating package script '/home/tomccd/Documents/Code/Python/DATN/install/custom_interfaces/share/custom_interfaces/package.sh'
[8.741s] INFO:colcon.colcon_core.shell:Creating package script '/home/tomccd/Documents/Code/Python/DATN/install/custom_interfaces/share/custom_interfaces/package.bash'
[8.745s] INFO:colcon.colcon_core.shell:Creating package script '/home/tomccd/Documents/Code/Python/DATN/install/custom_interfaces/share/custom_interfaces/package.zsh'
[8.748s] Level 1:colcon.colcon_core.environment:create_file_with_runtime_dependencies(/home/tomccd/Documents/Code/Python/DATN/install/custom_interfaces/share/colcon-core/packages/custom_interfaces)
[8.750s] INFO:colcon.colcon_ros.task.ament_python.build:Building ROS package in '/home/tomccd/Documents/Code/Python/DATN/Packages/module_input' with build type 'ament_python'
[8.751s] Level 1:colcon.colcon_core.shell:create_environment_hook('module_input', 'ament_prefix_path')
[8.752s] INFO:colcon.colcon_core.shell:Creating environment hook '/home/tomccd/Documents/Code/Python/DATN/install/module_input/share/module_input/hook/ament_prefix_path.ps1'
[8.757s] INFO:colcon.colcon_core.shell:Creating environment descriptor '/home/tomccd/Documents/Code/Python/DATN/install/module_input/share/module_input/hook/ament_prefix_path.dsv'
[8.761s] INFO:colcon.colcon_core.shell:Creating environment hook '/home/tomccd/Documents/Code/Python/DATN/install/module_input/share/module_input/hook/ament_prefix_path.sh'
[8.766s] INFO:colcon.colcon_core.shell:Skip shell extension 'powershell' for command environment: Not usable outside of PowerShell
[8.767s] DEBUG:colcon.colcon_core.shell:Skip shell extension 'dsv' for command environment
[8.806s] INFO:colcon.colcon_ros.task.ament_python.build:Building ROS package in '/home/tomccd/Documents/Code/Python/DATN/Packages/module_scanning_interface' with build type 'ament_python'
[8.807s] Level 1:colcon.colcon_core.shell:create_environment_hook('module_scanning_interface', 'ament_prefix_path')
[8.809s] INFO:colcon.colcon_core.shell:Creating environment hook '/home/tomccd/Documents/Code/Python/DATN/install/module_scanning_interface/share/module_scanning_interface/hook/ament_prefix_path.ps1'
[8.812s] INFO:colcon.colcon_core.shell:Creating environment descriptor '/home/tomccd/Documents/Code/Python/DATN/install/module_scanning_interface/share/module_scanning_interface/hook/ament_prefix_path.dsv'
[8.815s] INFO:colcon.colcon_core.shell:Creating environment hook '/home/tomccd/Documents/Code/Python/DATN/install/module_scanning_interface/share/module_scanning_interface/hook/ament_prefix_path.sh'
[8.836s] INFO:colcon.colcon_core.shell:Skip shell extension 'powershell' for command environment: Not usable outside of PowerShell
[8.838s] DEBUG:colcon.colcon_core.shell:Skip shell extension 'dsv' for command environment
[8.867s] INFO:colcon.colcon_ros.task.ament_python.build:Building ROS package in '/home/tomccd/Documents/Code/Python/DATN/Packages/module_supervisor' with build type 'ament_python'
[8.867s] Level 1:colcon.colcon_core.shell:create_environment_hook('module_supervisor', 'ament_prefix_path')
[8.868s] INFO:colcon.colcon_core.shell:Creating environment hook '/home/tomccd/Documents/Code/Python/DATN/install/module_supervisor/share/module_supervisor/hook/ament_prefix_path.ps1'
[8.873s] INFO:colcon.colcon_core.shell:Creating environment descriptor '/home/tomccd/Documents/Code/Python/DATN/install/module_supervisor/share/module_supervisor/hook/ament_prefix_path.dsv'
[8.887s] INFO:colcon.colcon_core.shell:Creating environment hook '/home/tomccd/Documents/Code/Python/DATN/install/module_supervisor/share/module_supervisor/hook/ament_prefix_path.sh'
[8.892s] INFO:colcon.colcon_core.shell:Skip shell extension 'powershell' for command environment: Not usable outside of PowerShell
[8.892s] DEBUG:colcon.colcon_core.shell:Skip shell extension 'dsv' for command environment
[8.934s] INFO:colcon.colcon_ros.task.ament_python.build:Building ROS package in '/home/tomccd/Documents/Code/Python/DATN/Packages/module_weigh' with build type 'ament_python'
[8.936s] Level 1:colcon.colcon_core.shell:create_environment_hook('module_weigh', 'ament_prefix_path')
[8.938s] INFO:colcon.colcon_core.shell:Creating environment hook '/home/tomccd/Documents/Code/Python/DATN/install/module_weigh/share/module_weigh/hook/ament_prefix_path.ps1'
[8.945s] INFO:colcon.colcon_core.shell:Creating environment descriptor '/home/tomccd/Documents/Code/Python/DATN/install/module_weigh/share/module_weigh/hook/ament_prefix_path.dsv'
[8.961s] INFO:colcon.colcon_core.shell:Creating environment hook '/home/tomccd/Documents/Code/Python/DATN/install/module_weigh/share/module_weigh/hook/ament_prefix_path.sh'
[8.970s] INFO:colcon.colcon_core.shell:Skip shell extension 'powershell' for command environment: Not usable outside of PowerShell
[8.970s] DEBUG:colcon.colcon_core.shell:Skip shell extension 'dsv' for command environment
[10.952s] INFO:colcon.colcon_core.task.python.build:Building Python package in '/home/tomccd/Documents/Code/Python/DATN/Packages/module_input'
[10.955s] INFO:colcon.colcon_core.shell:Skip shell extension 'powershell' for command environment: Not usable outside of PowerShell
[10.958s] DEBUG:colcon.colcon_core.shell:Skip shell extension 'dsv' for command environment
[13.417s] INFO:colcon.colcon_core.task.python.build:Building Python package in '/home/tomccd/Documents/Code/Python/DATN/Packages/module_scanning_interface'
[13.419s] INFO:colcon.colcon_core.shell:Skip shell extension 'powershell' for command environment: Not usable outside of PowerShell
[13.419s] DEBUG:colcon.colcon_core.shell:Skip shell extension 'dsv' for command environment
[15.353s] INFO:colcon.colcon_core.task.python.build:Building Python package in '/home/tomccd/Documents/Code/Python/DATN/Packages/module_supervisor'
[15.354s] INFO:colcon.colcon_core.shell:Skip shell extension 'powershell' for command environment: Not usable outside of PowerShell
[15.355s] DEBUG:colcon.colcon_core.shell:Skip shell extension 'dsv' for command environment
[16.623s] INFO:colcon.colcon_core.task.python.build:Building Python package in '/home/tomccd/Documents/Code/Python/DATN/Packages/module_weigh'
[16.624s] INFO:colcon.colcon_core.shell:Skip shell extension 'powershell' for command environment: Not usable outside of PowerShell
[16.625s] DEBUG:colcon.colcon_core.shell:Skip shell extension 'dsv' for command environment
[23.709s] DEBUG:colcon.colcon_core.event_handler.log_command:Invoking command in '/home/tomccd/Documents/Code/Python/DATN/Packages/module_weigh': CMAKE_PREFIX_PATH=/home/tomccd/Documents/Code/Python/DATN/install/custom_interfaces:/home/tomccd/Documents/Code/Python/DATN/install/launch_system:/opt/ros/jazzy/opt/gz_math_vendor:/opt/ros/jazzy/opt/gz_utils_vendor:/opt/ros/jazzy/opt/gz_cmake_vendor PYTHONPATH=/home/tomccd/Documents/Code/Python/DATN/build/module_weigh/prefix_override:/usr/lib/python3/dist-packages/colcon_core/task/python/colcon_distutils_commands:/home/tomccd/Documents/Code/Python/DATN/install/module_weigh/lib/python3.12/site-packages:/home/tomccd/Documents/Code/Python/DATN/install/custom_interfaces/lib/python3.12/site-packages:/home/tomccd/Documents/Code/Python/DATN/install/module_weigh/lib/python3.12/site-packages:/home/tomccd/Documents/Code/Python/DATN/install/module_supervisor/lib/python3.12/site-packages:/home/tomccd/Documents/Code/Python/DATN/install/module_scanning_interface/lib/python3.12/site-packages:/home/tomccd/Documents/Code/Python/DATN/install/module_input/lib/python3.12/site-packages:/opt/ros/jazzy/lib/python3.12/site-packages /usr/bin/python3 -W ignore:setup.py install is deprecated setup.py egg_info --egg-base ../../build/module_weigh build --build-base /home/tomccd/Documents/Code/Python/DATN/build/module_weigh/build install --record /home/tomccd/Documents/Code/Python/DATN/build/module_weigh/install.log --single-version-externally-managed install_data
[25.381s] DEBUG:colcon.colcon_core.event_handler.log_command:Invoking command in '/home/tomccd/Documents/Code/Python/DATN/Packages/module_supervisor': CMAKE_PREFIX_PATH=/home/tomccd/Documents/Code/Python/DATN/install/custom_interfaces:/home/tomccd/Documents/Code/Python/DATN/install/launch_system:/opt/ros/jazzy/opt/gz_math_vendor:/opt/ros/jazzy/opt/gz_utils_vendor:/opt/ros/jazzy/opt/gz_cmake_vendor PYTHONPATH=/home/tomccd/Documents/Code/Python/DATN/build/module_supervisor/prefix_override:/usr/lib/python3/dist-packages/colcon_core/task/python/colcon_distutils_commands:/home/tomccd/Documents/Code/Python/DATN/install/module_supervisor/lib/python3.12/site-packages:/home/tomccd/Documents/Code/Python/DATN/install/custom_interfaces/lib/python3.12/site-packages:/home/tomccd/Documents/Code/Python/DATN/install/module_weigh/lib/python3.12/site-packages:/home/tomccd/Documents/Code/Python/DATN/install/module_supervisor/lib/python3.12/site-packages:/home/tomccd/Documents/Code/Python/DATN/install/module_scanning_interface/lib/python3.12/site-packages:/home/tomccd/Documents/Code/Python/DATN/install/module_input/lib/python3.12/site-packages:/opt/ros/jazzy/lib/python3.12/site-packages /usr/bin/python3 -W ignore:setup.py install is deprecated setup.py egg_info --egg-base ../../build/module_supervisor build --build-base /home/tomccd/Documents/Code/Python/DATN/build/module_supervisor/build install --record /home/tomccd/Documents/Code/Python/DATN/build/module_supervisor/install.log --single-version-externally-managed install_data
[26.621s] DEBUG:colcon.colcon_core.event_handler.log_command:Invoking command in '/home/tomccd/Documents/Code/Python/DATN/Packages/module_input': CMAKE_PREFIX_PATH=/home/tomccd/Documents/Code/Python/DATN/install/custom_interfaces:/home/tomccd/Documents/Code/Python/DATN/install/launch_system:/opt/ros/jazzy/opt/gz_math_vendor:/opt/ros/jazzy/opt/gz_utils_vendor:/opt/ros/jazzy/opt/gz_cmake_vendor PYTHONPATH=/home/tomccd/Documents/Code/Python/DATN/build/module_input/prefix_override:/usr/lib/python3/dist-packages/colcon_core/task/python/colcon_distutils_commands:/home/tomccd/Documents/Code/Python/DATN/install/module_input/lib/python3.12/site-packages:/home/tomccd/Documents/Code/Python/DATN/install/custom_interfaces/lib/python3.12/site-packages:/home/tomccd/Documents/Code/Python/DATN/install/module_weigh/lib/python3.12/site-packages:/home/tomccd/Documents/Code/Python/DATN/install/module_supervisor/lib/python3.12/site-packages:/home/tomccd/Documents/Code/Python/DATN/install/module_scanning_interface/lib/python3.12/site-packages:/home/tomccd/Documents/Code/Python/DATN/install/module_input/lib/python3.12/site-packages:/opt/ros/jazzy/lib/python3.12/site-packages /usr/bin/python3 -W ignore:setup.py install is deprecated setup.py egg_info --egg-base ../../build/module_input build --build-base /home/tomccd/Documents/Code/Python/DATN/build/module_input/build install --record /home/tomccd/Documents/Code/Python/DATN/build/module_input/install.log --single-version-externally-managed install_data
[27.104s] DEBUG:colcon.colcon_core.event_handler.log_command:Invoking command in '/home/tomccd/Documents/Code/Python/DATN/Packages/module_scanning_interface': CMAKE_PREFIX_PATH=/home/tomccd/Documents/Code/Python/DATN/install/custom_interfaces:/home/tomccd/Documents/Code/Python/DATN/install/launch_system:/opt/ros/jazzy/opt/gz_math_vendor:/opt/ros/jazzy/opt/gz_utils_vendor:/opt/ros/jazzy/opt/gz_cmake_vendor PYTHONPATH=/home/tomccd/Documents/Code/Python/DATN/build/module_scanning_interface/prefix_override:/usr/lib/python3/dist-packages/colcon_core/task/python/colcon_distutils_commands:/home/tomccd/Documents/Code/Python/DATN/install/module_scanning_interface/lib/python3.12/site-packages:/home/tomccd/Documents/Code/Python/DATN/install/custom_interfaces/lib/python3.12/site-packages:/home/tomccd/Documents/Code/Python/DATN/install/module_weigh/lib/python3.12/site-packages:/home/tomccd/Documents/Code/Python/DATN/install/module_supervisor/lib/python3.12/site-packages:/home/tomccd/Documents/Code/Python/DATN/install/module_scanning_interface/lib/python3.12/site-packages:/home/tomccd/Documents/Code/Python/DATN/install/module_input/lib/python3.12/site-packages:/opt/ros/jazzy/lib/python3.12/site-packages /usr/bin/python3 -W ignore:setup.py install is deprecated setup.py egg_info --egg-base ../../build/module_scanning_interface build --build-base /home/tomccd/Documents/Code/Python/DATN/build/module_scanning_interface/build install --record /home/tomccd/Documents/Code/Python/DATN/build/module_scanning_interface/install.log --single-version-externally-managed install_data
[32.297s] Level 1:colcon.colcon_core.environment:checking '/home/tomccd/Documents/Code/Python/DATN/install/module_supervisor' for CMake module files
[32.316s] DEBUG:colcon.colcon_core.event_handler.log_command:Invoked command in '/home/tomccd/Documents/Code/Python/DATN/Packages/module_supervisor' returned '0': CMAKE_PREFIX_PATH=/home/tomccd/Documents/Code/Python/DATN/install/custom_interfaces:/home/tomccd/Documents/Code/Python/DATN/install/launch_system:/opt/ros/jazzy/opt/gz_math_vendor:/opt/ros/jazzy/opt/gz_utils_vendor:/opt/ros/jazzy/opt/gz_cmake_vendor PYTHONPATH=/home/tomccd/Documents/Code/Python/DATN/build/module_supervisor/prefix_override:/usr/lib/python3/dist-packages/colcon_core/task/python/colcon_distutils_commands:/home/tomccd/Documents/Code/Python/DATN/install/module_supervisor/lib/python3.12/site-packages:/home/tomccd/Documents/Code/Python/DATN/install/custom_interfaces/lib/python3.12/site-packages:/home/tomccd/Documents/Code/Python/DATN/install/module_weigh/lib/python3.12/site-packages:/home/tomccd/Documents/Code/Python/DATN/install/module_supervisor/lib/python3.12/site-packages:/home/tomccd/Documents/Code/Python/DATN/install/module_scanning_interface/lib/python3.12/site-packages:/home/tomccd/Documents/Code/Python/DATN/install/module_input/lib/python3.12/site-packages:/opt/ros/jazzy/lib/python3.12/site-packages /usr/bin/python3 -W ignore:setup.py install is deprecated setup.py egg_info --egg-base ../../build/module_supervisor build --build-base /home/tomccd/Documents/Code/Python/DATN/build/module_supervisor/build install --record /home/tomccd/Documents/Code/Python/DATN/build/module_supervisor/install.log --single-version-externally-managed install_data
[32.335s] Level 1:colcon.colcon_core.environment:checking '/home/tomccd/Documents/Code/Python/DATN/install/module_supervisor' for CMake config files
[32.370s] Level 1:colcon.colcon_core.environment:checking '/home/tomccd/Documents/Code/Python/DATN/install/module_supervisor/lib'
[32.424s] Level 1:colcon.colcon_core.environment:checking '/home/tomccd/Documents/Code/Python/DATN/install/module_supervisor/bin'
[32.425s] Level 1:colcon.colcon_core.environment:checking '/home/tomccd/Documents/Code/Python/DATN/install/module_supervisor/lib/pkgconfig/module_supervisor.pc'
[32.434s] Level 1:colcon.colcon_core.environment:checking '/home/tomccd/Documents/Code/Python/DATN/install/module_supervisor/lib/python3.12/site-packages'
[32.443s] Level 1:colcon.colcon_core.shell:create_environment_hook('module_supervisor', 'pythonpath')
[32.445s] INFO:colcon.colcon_core.shell:Creating environment hook '/home/tomccd/Documents/Code/Python/DATN/install/module_supervisor/share/module_supervisor/hook/pythonpath.ps1'
[32.467s] INFO:colcon.colcon_core.shell:Creating environment descriptor '/home/tomccd/Documents/Code/Python/DATN/install/module_supervisor/share/module_supervisor/hook/pythonpath.dsv'
[32.507s] INFO:colcon.colcon_core.shell:Creating environment hook '/home/tomccd/Documents/Code/Python/DATN/install/module_supervisor/share/module_supervisor/hook/pythonpath.sh'
[32.524s] Level 1:colcon.colcon_core.environment:checking '/home/tomccd/Documents/Code/Python/DATN/install/module_supervisor/bin'
[32.525s] Level 1:colcon.colcon_core.environment:create_environment_scripts_only(module_supervisor)
[32.529s] INFO:colcon.colcon_core.shell:Creating package script '/home/tomccd/Documents/Code/Python/DATN/install/module_supervisor/share/module_supervisor/package.ps1'
[32.571s] INFO:colcon.colcon_core.shell:Creating package descriptor '/home/tomccd/Documents/Code/Python/DATN/install/module_supervisor/share/module_supervisor/package.dsv'
[32.599s] INFO:colcon.colcon_core.shell:Creating package script '/home/tomccd/Documents/Code/Python/DATN/install/module_supervisor/share/module_supervisor/package.sh'
[32.610s] INFO:colcon.colcon_core.shell:Creating package script '/home/tomccd/Documents/Code/Python/DATN/install/module_supervisor/share/module_supervisor/package.bash'
[32.623s] INFO:colcon.colcon_core.shell:Creating package script '/home/tomccd/Documents/Code/Python/DATN/install/module_supervisor/share/module_supervisor/package.zsh'
[32.638s] Level 1:colcon.colcon_core.environment:create_file_with_runtime_dependencies(/home/tomccd/Documents/Code/Python/DATN/install/module_supervisor/share/colcon-core/packages/module_supervisor)
[32.652s] Level 1:colcon.colcon_core.environment:checking '/home/tomccd/Documents/Code/Python/DATN/install/module_weigh' for CMake module files
[32.660s] Level 1:colcon.colcon_core.environment:checking '/home/tomccd/Documents/Code/Python/DATN/install/module_weigh' for CMake config files
[32.689s] DEBUG:colcon.colcon_core.event_handler.log_command:Invoked command in '/home/tomccd/Documents/Code/Python/DATN/Packages/module_weigh' returned '0': CMAKE_PREFIX_PATH=/home/tomccd/Documents/Code/Python/DATN/install/custom_interfaces:/home/tomccd/Documents/Code/Python/DATN/install/launch_system:/opt/ros/jazzy/opt/gz_math_vendor:/opt/ros/jazzy/opt/gz_utils_vendor:/opt/ros/jazzy/opt/gz_cmake_vendor PYTHONPATH=/home/tomccd/Documents/Code/Python/DATN/build/module_weigh/prefix_override:/usr/lib/python3/dist-packages/colcon_core/task/python/colcon_distutils_commands:/home/tomccd/Documents/Code/Python/DATN/install/module_weigh/lib/python3.12/site-packages:/home/tomccd/Documents/Code/Python/DATN/install/custom_interfaces/lib/python3.12/site-packages:/home/tomccd/Documents/Code/Python/DATN/install/module_weigh/lib/python3.12/site-packages:/home/tomccd/Documents/Code/Python/DATN/install/module_supervisor/lib/python3.12/site-packages:/home/tomccd/Documents/Code/Python/DATN/install/module_scanning_interface/lib/python3.12/site-packages:/home/tomccd/Documents/Code/Python/DATN/install/module_input/lib/python3.12/site-packages:/opt/ros/jazzy/lib/python3.12/site-packages /usr/bin/python3 -W ignore:setup.py install is deprecated setup.py egg_info --egg-base ../../build/module_weigh build --build-base /home/tomccd/Documents/Code/Python/DATN/build/module_weigh/build install --record /home/tomccd/Documents/Code/Python/DATN/build/module_weigh/install.log --single-version-externally-managed install_data
[32.691s] Level 1:colcon.colcon_core.environment:checking '/home/tomccd/Documents/Code/Python/DATN/install/module_weigh/lib'
[32.692s] Level 1:colcon.colcon_core.environment:checking '/home/tomccd/Documents/Code/Python/DATN/install/module_weigh/bin'
[32.698s] Level 1:colcon.colcon_core.environment:checking '/home/tomccd/Documents/Code/Python/DATN/install/module_weigh/lib/pkgconfig/module_weigh.pc'
[32.702s] Level 1:colcon.colcon_core.environment:checking '/home/tomccd/Documents/Code/Python/DATN/install/module_weigh/lib/python3.12/site-packages'
[32.704s] Level 1:colcon.colcon_core.shell:create_environment_hook('module_weigh', 'pythonpath')
[32.707s] INFO:colcon.colcon_core.shell:Creating environment hook '/home/tomccd/Documents/Code/Python/DATN/install/module_weigh/share/module_weigh/hook/pythonpath.ps1'
[32.736s] INFO:colcon.colcon_core.shell:Creating environment descriptor '/home/tomccd/Documents/Code/Python/DATN/install/module_weigh/share/module_weigh/hook/pythonpath.dsv'
[32.746s] INFO:colcon.colcon_core.shell:Creating environment hook '/home/tomccd/Documents/Code/Python/DATN/install/module_weigh/share/module_weigh/hook/pythonpath.sh'
[32.754s] Level 1:colcon.colcon_core.environment:checking '/home/tomccd/Documents/Code/Python/DATN/install/module_weigh/bin'
[32.757s] Level 1:colcon.colcon_core.environment:create_environment_scripts_only(module_weigh)
[32.760s] INFO:colcon.colcon_core.shell:Creating package script '/home/tomccd/Documents/Code/Python/DATN/install/module_weigh/share/module_weigh/package.ps1'
[32.782s] INFO:colcon.colcon_core.shell:Creating package descriptor '/home/tomccd/Documents/Code/Python/DATN/install/module_weigh/share/module_weigh/package.dsv'
[32.793s] INFO:colcon.colcon_core.shell:Creating package script '/home/tomccd/Documents/Code/Python/DATN/install/module_weigh/share/module_weigh/package.sh'
[32.816s] INFO:colcon.colcon_core.shell:Creating package script '/home/tomccd/Documents/Code/Python/DATN/install/module_weigh/share/module_weigh/package.bash'
[32.826s] INFO:colcon.colcon_core.shell:Creating package script '/home/tomccd/Documents/Code/Python/DATN/install/module_weigh/share/module_weigh/package.zsh'
[32.835s] Level 1:colcon.colcon_core.environment:create_file_with_runtime_dependencies(/home/tomccd/Documents/Code/Python/DATN/install/module_weigh/share/colcon-core/packages/module_weigh)
[34.001s] Level 1:colcon.colcon_core.environment:checking '/home/tomccd/Documents/Code/Python/DATN/install/module_input' for CMake module files
[34.013s] DEBUG:colcon.colcon_core.event_handler.log_command:Invoked command in '/home/tomccd/Documents/Code/Python/DATN/Packages/module_input' returned '0': CMAKE_PREFIX_PATH=/home/tomccd/Documents/Code/Python/DATN/install/custom_interfaces:/home/tomccd/Documents/Code/Python/DATN/install/launch_system:/opt/ros/jazzy/opt/gz_math_vendor:/opt/ros/jazzy/opt/gz_utils_vendor:/opt/ros/jazzy/opt/gz_cmake_vendor PYTHONPATH=/home/tomccd/Documents/Code/Python/DATN/build/module_input/prefix_override:/usr/lib/python3/dist-packages/colcon_core/task/python/colcon_distutils_commands:/home/tomccd/Documents/Code/Python/DATN/install/module_input/lib/python3.12/site-packages:/home/tomccd/Documents/Code/Python/DATN/install/custom_interfaces/lib/python3.12/site-packages:/home/tomccd/Documents/Code/Python/DATN/install/module_weigh/lib/python3.12/site-packages:/home/tomccd/Documents/Code/Python/DATN/install/module_supervisor/lib/python3.12/site-packages:/home/tomccd/Documents/Code/Python/DATN/install/module_scanning_interface/lib/python3.12/site-packages:/home/tomccd/Documents/Code/Python/DATN/install/module_input/lib/python3.12/site-packages:/opt/ros/jazzy/lib/python3.12/site-packages /usr/bin/python3 -W ignore:setup.py install is deprecated setup.py egg_info --egg-base ../../build/module_input build --build-base /home/tomccd/Documents/Code/Python/DATN/build/module_input/build install --record /home/tomccd/Documents/Code/Python/DATN/build/module_input/install.log --single-version-externally-managed install_data
[34.018s] Level 1:colcon.colcon_core.environment:checking '/home/tomccd/Documents/Code/Python/DATN/install/module_input' for CMake config files
[34.028s] Level 1:colcon.colcon_core.environment:checking '/home/tomccd/Documents/Code/Python/DATN/install/module_input/lib'
[34.030s] Level 1:colcon.colcon_core.environment:checking '/home/tomccd/Documents/Code/Python/DATN/install/module_input/bin'
[34.042s] Level 1:colcon.colcon_core.environment:checking '/home/tomccd/Documents/Code/Python/DATN/install/module_input/lib/pkgconfig/module_input.pc'
[34.044s] Level 1:colcon.colcon_core.environment:checking '/home/tomccd/Documents/Code/Python/DATN/install/module_input/lib/python3.12/site-packages'
[34.046s] Level 1:colcon.colcon_core.shell:create_environment_hook('module_input', 'pythonpath')
[34.048s] INFO:colcon.colcon_core.shell:Creating environment hook '/home/tomccd/Documents/Code/Python/DATN/install/module_input/share/module_input/hook/pythonpath.ps1'
[34.057s] INFO:colcon.colcon_core.shell:Creating environment descriptor '/home/tomccd/Documents/Code/Python/DATN/install/module_input/share/module_input/hook/pythonpath.dsv'
[34.068s] INFO:colcon.colcon_core.shell:Creating environment hook '/home/tomccd/Documents/Code/Python/DATN/install/module_input/share/module_input/hook/pythonpath.sh'
[34.072s] Level 1:colcon.colcon_core.environment:checking '/home/tomccd/Documents/Code/Python/DATN/install/module_input/bin'
[34.073s] Level 1:colcon.colcon_core.environment:create_environment_scripts_only(module_input)
[34.077s] INFO:colcon.colcon_core.shell:Creating package script '/home/tomccd/Documents/Code/Python/DATN/install/module_input/share/module_input/package.ps1'
[34.087s] INFO:colcon.colcon_core.shell:Creating package descriptor '/home/tomccd/Documents/Code/Python/DATN/install/module_input/share/module_input/package.dsv'
[34.099s] INFO:colcon.colcon_core.shell:Creating package script '/home/tomccd/Documents/Code/Python/DATN/install/module_input/share/module_input/package.sh'
[34.104s] INFO:colcon.colcon_core.shell:Creating package script '/home/tomccd/Documents/Code/Python/DATN/install/module_input/share/module_input/package.bash'
[34.110s] INFO:colcon.colcon_core.shell:Creating package script '/home/tomccd/Documents/Code/Python/DATN/install/module_input/share/module_input/package.zsh'
[34.126s] Level 1:colcon.colcon_core.environment:create_file_with_runtime_dependencies(/home/tomccd/Documents/Code/Python/DATN/install/module_input/share/colcon-core/packages/module_input)
[34.172s] Level 1:colcon.colcon_core.environment:checking '/home/tomccd/Documents/Code/Python/DATN/install/module_scanning_interface' for CMake module files
[34.178s] DEBUG:colcon.colcon_core.event_handler.log_command:Invoked command in '/home/tomccd/Documents/Code/Python/DATN/Packages/module_scanning_interface' returned '0': CMAKE_PREFIX_PATH=/home/tomccd/Documents/Code/Python/DATN/install/custom_interfaces:/home/tomccd/Documents/Code/Python/DATN/install/launch_system:/opt/ros/jazzy/opt/gz_math_vendor:/opt/ros/jazzy/opt/gz_utils_vendor:/opt/ros/jazzy/opt/gz_cmake_vendor PYTHONPATH=/home/tomccd/Documents/Code/Python/DATN/build/module_scanning_interface/prefix_override:/usr/lib/python3/dist-packages/colcon_core/task/python/colcon_distutils_commands:/home/tomccd/Documents/Code/Python/DATN/install/module_scanning_interface/lib/python3.12/site-packages:/home/tomccd/Documents/Code/Python/DATN/install/custom_interfaces/lib/python3.12/site-packages:/home/tomccd/Documents/Code/Python/DATN/install/module_weigh/lib/python3.12/site-packages:/home/tomccd/Documents/Code/Python/DATN/install/module_supervisor/lib/python3.12/site-packages:/home/tomccd/Documents/Code/Python/DATN/install/module_scanning_interface/lib/python3.12/site-packages:/home/tomccd/Documents/Code/Python/DATN/install/module_input/lib/python3.12/site-packages:/opt/ros/jazzy/lib/python3.12/site-packages /usr/bin/python3 -W ignore:setup.py install is deprecated setup.py egg_info --egg-base ../../build/module_scanning_interface build --build-base /home/tomccd/Documents/Code/Python/DATN/build/module_scanning_interface/build install --record /home/tomccd/Documents/Code/Python/DATN/build/module_scanning_interface/install.log --single-version-externally-managed install_data
[34.182s] Level 1:colcon.colcon_core.environment:checking '/home/tomccd/Documents/Code/Python/DATN/install/module_scanning_interface' for CMake config files
[34.191s] Level 1:colcon.colcon_core.environment:checking '/home/tomccd/Documents/Code/Python/DATN/install/module_scanning_interface/lib'
[34.192s] Level 1:colcon.colcon_core.environment:checking '/home/tomccd/Documents/Code/Python/DATN/install/module_scanning_interface/bin'
[34.192s] Level 1:colcon.colcon_core.environment:checking '/home/tomccd/Documents/Code/Python/DATN/install/module_scanning_interface/lib/pkgconfig/module_scanning_interface.pc'
[34.197s] Level 1:colcon.colcon_core.environment:checking '/home/tomccd/Documents/Code/Python/DATN/install/module_scanning_interface/lib/python3.12/site-packages'
[34.199s] Level 1:colcon.colcon_core.shell:create_environment_hook('module_scanning_interface', 'pythonpath')
[34.202s] INFO:colcon.colcon_core.shell:Creating environment hook '/home/tomccd/Documents/Code/Python/DATN/install/module_scanning_interface/share/module_scanning_interface/hook/pythonpath.ps1'
[34.206s] INFO:colcon.colcon_core.shell:Creating environment descriptor '/home/tomccd/Documents/Code/Python/DATN/install/module_scanning_interface/share/module_scanning_interface/hook/pythonpath.dsv'
[34.220s] INFO:colcon.colcon_core.shell:Creating environment hook '/home/tomccd/Documents/Code/Python/DATN/install/module_scanning_interface/share/module_scanning_interface/hook/pythonpath.sh'
[34.229s] Level 1:colcon.colcon_core.environment:checking '/home/tomccd/Documents/Code/Python/DATN/install/module_scanning_interface/bin'
[34.229s] Level 1:colcon.colcon_core.environment:create_environment_scripts_only(module_scanning_interface)
[34.231s] INFO:colcon.colcon_core.shell:Creating package script '/home/tomccd/Documents/Code/Python/DATN/install/module_scanning_interface/share/module_scanning_interface/package.ps1'
[34.234s] INFO:colcon.colcon_core.shell:Creating package descriptor '/home/tomccd/Documents/Code/Python/DATN/install/module_scanning_interface/share/module_scanning_interface/package.dsv'
[34.251s] INFO:colcon.colcon_core.shell:Creating package script '/home/tomccd/Documents/Code/Python/DATN/install/module_scanning_interface/share/module_scanning_interface/package.sh'
[34.256s] INFO:colcon.colcon_core.shell:Creating package script '/home/tomccd/Documents/Code/Python/DATN/install/module_scanning_interface/share/module_scanning_interface/package.bash'
[34.272s] INFO:colcon.colcon_core.shell:Creating package script '/home/tomccd/Documents/Code/Python/DATN/install/module_scanning_interface/share/module_scanning_interface/package.zsh'
[34.275s] Level 1:colcon.colcon_core.environment:create_file_with_runtime_dependencies(/home/tomccd/Documents/Code/Python/DATN/install/module_scanning_interface/share/colcon-core/packages/module_scanning_interface)
[34.277s] INFO:colcon.colcon_ros.task.ament_cmake.build:Building ROS package in '/home/tomccd/Documents/Code/Python/DATN/Packages/launch_system' with build type 'ament_cmake'
[34.278s] INFO:colcon.colcon_cmake.task.cmake.build:Building CMake package in '/home/tomccd/Documents/Code/Python/DATN/Packages/launch_system'
[34.279s] INFO:colcon.colcon_core.shell:Skip shell extension 'powershell' for command environment: Not usable outside of PowerShell
[34.280s] DEBUG:colcon.colcon_core.shell:Skip shell extension 'dsv' for command environment
[34.396s] DEBUG:colcon.colcon_core.event_handler.log_command:Invoking command in '/home/tomccd/Documents/Code/Python/DATN/build/launch_system': AMENT_PREFIX_PATH=/home/tomccd/Documents/Code/Python/DATN/install/module_weigh:/home/tomccd/Documents/Code/Python/DATN/install/module_supervisor:/home/tomccd/Documents/Code/Python/DATN/install/module_scanning_interface:/home/tomccd/Documents/Code/Python/DATN/install/module_input:/home/tomccd/Documents/Code/Python/DATN/install/launch_system:/home/tomccd/Documents/Code/Python/DATN/install/custom_interfaces:/opt/ros/jazzy CMAKE_PREFIX_PATH=/home/tomccd/Documents/Code/Python/DATN/install/custom_interfaces:/home/tomccd/Documents/Code/Python/DATN/install/launch_system:/opt/ros/jazzy/opt/gz_math_vendor:/opt/ros/jazzy/opt/gz_utils_vendor:/opt/ros/jazzy/opt/gz_cmake_vendor:/home/tomccd/Documents/Code/Python/DATN/install/module_weigh:/home/tomccd/Documents/Code/Python/DATN/install/module_supervisor:/home/tomccd/Documents/Code/Python/DATN/install/module_scanning_interface:/home/tomccd/Documents/Code/Python/DATN/install/module_input:/opt/ros/jazzy /usr/bin/cmake --build /home/tomccd/Documents/Code/Python/DATN/build/launch_system -- -j4 -l4
[34.715s] DEBUG:colcon.colcon_core.event_handler.log_command:Invoked command in '/home/tomccd/Documents/Code/Python/DATN/build/launch_system' returned '0': AMENT_PREFIX_PATH=/home/tomccd/Documents/Code/Python/DATN/install/module_weigh:/home/tomccd/Documents/Code/Python/DATN/install/module_supervisor:/home/tomccd/Documents/Code/Python/DATN/install/module_scanning_interface:/home/tomccd/Documents/Code/Python/DATN/install/module_input:/home/tomccd/Documents/Code/Python/DATN/install/launch_system:/home/tomccd/Documents/Code/Python/DATN/install/custom_interfaces:/opt/ros/jazzy CMAKE_PREFIX_PATH=/home/tomccd/Documents/Code/Python/DATN/install/custom_interfaces:/home/tomccd/Documents/Code/Python/DATN/install/launch_system:/opt/ros/jazzy/opt/gz_math_vendor:/opt/ros/jazzy/opt/gz_utils_vendor:/opt/ros/jazzy/opt/gz_cmake_vendor:/home/tomccd/Documents/Code/Python/DATN/install/module_weigh:/home/tomccd/Documents/Code/Python/DATN/install/module_supervisor:/home/tomccd/Documents/Code/Python/DATN/install/module_scanning_interface:/home/tomccd/Documents/Code/Python/DATN/install/module_input:/opt/ros/jazzy /usr/bin/cmake --build /home/tomccd/Documents/Code/Python/DATN/build/launch_system -- -j4 -l4
[34.896s] DEBUG:colcon.colcon_core.event_handler.log_command:Invoking command in '/home/tomccd/Documents/Code/Python/DATN/build/launch_system': AMENT_PREFIX_PATH=/home/tomccd/Documents/Code/Python/DATN/install/module_weigh:/home/tomccd/Documents/Code/Python/DATN/install/module_supervisor:/home/tomccd/Documents/Code/Python/DATN/install/module_scanning_interface:/home/tomccd/Documents/Code/Python/DATN/install/module_input:/home/tomccd/Documents/Code/Python/DATN/install/launch_system:/home/tomccd/Documents/Code/Python/DATN/install/custom_interfaces:/opt/ros/jazzy CMAKE_PREFIX_PATH=/home/tomccd/Documents/Code/Python/DATN/install/custom_interfaces:/home/tomccd/Documents/Code/Python/DATN/install/launch_system:/opt/ros/jazzy/opt/gz_math_vendor:/opt/ros/jazzy/opt/gz_utils_vendor:/opt/ros/jazzy/opt/gz_cmake_vendor:/home/tomccd/Documents/Code/Python/DATN/install/module_weigh:/home/tomccd/Documents/Code/Python/DATN/install/module_supervisor:/home/tomccd/Documents/Code/Python/DATN/install/module_scanning_interface:/home/tomccd/Documents/Code/Python/DATN/install/module_input:/opt/ros/jazzy /usr/bin/cmake --install /home/tomccd/Documents/Code/Python/DATN/build/launch_system
[34.989s] Level 1:colcon.colcon_core.environment:create_environment_scripts_only(launch_system)
[34.990s] Level 1:colcon.colcon_core.environment:checking '/home/tomccd/Documents/Code/Python/DATN/install/launch_system' for CMake module files
[35.001s] Level 1:colcon.colcon_core.environment:checking '/home/tomccd/Documents/Code/Python/DATN/install/launch_system' for CMake config files
[35.005s] Level 1:colcon.colcon_core.shell:create_environment_hook('launch_system', 'cmake_prefix_path')
[35.006s] INFO:colcon.colcon_core.shell:Creating environment hook '/home/tomccd/Documents/Code/Python/DATN/install/launch_system/share/launch_system/hook/cmake_prefix_path.ps1'
[35.013s] DEBUG:colcon.colcon_core.event_handler.log_command:Invoked command in '/home/tomccd/Documents/Code/Python/DATN/build/launch_system' returned '0': AMENT_PREFIX_PATH=/home/tomccd/Documents/Code/Python/DATN/install/module_weigh:/home/tomccd/Documents/Code/Python/DATN/install/module_supervisor:/home/tomccd/Documents/Code/Python/DATN/install/module_scanning_interface:/home/tomccd/Documents/Code/Python/DATN/install/module_input:/home/tomccd/Documents/Code/Python/DATN/install/launch_system:/home/tomccd/Documents/Code/Python/DATN/install/custom_interfaces:/opt/ros/jazzy CMAKE_PREFIX_PATH=/home/tomccd/Documents/Code/Python/DATN/install/custom_interfaces:/home/tomccd/Documents/Code/Python/DATN/install/launch_system:/opt/ros/jazzy/opt/gz_math_vendor:/opt/ros/jazzy/opt/gz_utils_vendor:/opt/ros/jazzy/opt/gz_cmake_vendor:/home/tomccd/Documents/Code/Python/DATN/install/module_weigh:/home/tomccd/Documents/Code/Python/DATN/install/module_supervisor:/home/tomccd/Documents/Code/Python/DATN/install/module_scanning_interface:/home/tomccd/Documents/Code/Python/DATN/install/module_input:/opt/ros/jazzy /usr/bin/cmake --install /home/tomccd/Documents/Code/Python/DATN/build/launch_system
[35.014s] INFO:colcon.colcon_core.shell:Creating environment descriptor '/home/tomccd/Documents/Code/Python/DATN/install/launch_system/share/launch_system/hook/cmake_prefix_path.dsv'
[35.017s] INFO:colcon.colcon_core.shell:Creating environment hook '/home/tomccd/Documents/Code/Python/DATN/install/launch_system/share/launch_system/hook/cmake_prefix_path.sh'
[35.021s] Level 1:colcon.colcon_core.environment:checking '/home/tomccd/Documents/Code/Python/DATN/install/launch_system/bin'
[35.021s] Level 1:colcon.colcon_core.environment:checking '/home/tomccd/Documents/Code/Python/DATN/install/launch_system/lib/pkgconfig/launch_system.pc'
[35.022s] Level 1:colcon.colcon_core.environment:checking '/home/tomccd/Documents/Code/Python/DATN/install/launch_system/lib/python3.12/site-packages'
[35.023s] Level 1:colcon.colcon_core.environment:checking '/home/tomccd/Documents/Code/Python/DATN/install/launch_system/bin'
[35.024s] INFO:colcon.colcon_core.shell:Creating package script '/home/tomccd/Documents/Code/Python/DATN/install/launch_system/share/launch_system/package.ps1'
[35.027s] INFO:colcon.colcon_core.shell:Creating package descriptor '/home/tomccd/Documents/Code/Python/DATN/install/launch_system/share/launch_system/package.dsv'
[35.030s] INFO:colcon.colcon_core.shell:Creating package script '/home/tomccd/Documents/Code/Python/DATN/install/launch_system/share/launch_system/package.sh'
[35.032s] INFO:colcon.colcon_core.shell:Creating package script '/home/tomccd/Documents/Code/Python/DATN/install/launch_system/share/launch_system/package.bash'
[35.034s] INFO:colcon.colcon_core.shell:Creating package script '/home/tomccd/Documents/Code/Python/DATN/install/launch_system/share/launch_system/package.zsh'
[35.037s] Level 1:colcon.colcon_core.environment:create_file_with_runtime_dependencies(/home/tomccd/Documents/Code/Python/DATN/install/launch_system/share/colcon-core/packages/launch_system)
[35.192s] Level 1:colcon.colcon_core.environment:create_environment_scripts_only(launch_system)
[35.193s] Level 1:colcon.colcon_core.environment:checking '/home/tomccd/Documents/Code/Python/DATN/install/launch_system' for CMake module files
[35.198s] Level 1:colcon.colcon_core.environment:checking '/home/tomccd/Documents/Code/Python/DATN/install/launch_system' for CMake config files
[35.200s] Level 1:colcon.colcon_core.shell:create_environment_hook('launch_system', 'cmake_prefix_path')
[35.201s] INFO:colcon.colcon_core.shell:Creating environment hook '/home/tomccd/Documents/Code/Python/DATN/install/launch_system/share/launch_system/hook/cmake_prefix_path.ps1'
[35.203s] INFO:colcon.colcon_core.shell:Creating environment descriptor '/home/tomccd/Documents/Code/Python/DATN/install/launch_system/share/launch_system/hook/cmake_prefix_path.dsv'
[35.206s] INFO:colcon.colcon_core.shell:Creating environment hook '/home/tomccd/Documents/Code/Python/DATN/install/launch_system/share/launch_system/hook/cmake_prefix_path.sh'
[35.210s] Level 1:colcon.colcon_core.environment:checking '/home/tomccd/Documents/Code/Python/DATN/install/launch_system/bin'
[35.210s] Level 1:colcon.colcon_core.environment:checking '/home/tomccd/Documents/Code/Python/DATN/install/launch_system/lib/pkgconfig/launch_system.pc'
[35.211s] Level 1:colcon.colcon_core.environment:checking '/home/tomccd/Documents/Code/Python/DATN/install/launch_system/lib/python3.12/site-packages'
[35.213s] Level 1:colcon.colcon_core.environment:checking '/home/tomccd/Documents/Code/Python/DATN/install/launch_system/bin'
[35.214s] INFO:colcon.colcon_core.shell:Creating package script '/home/tomccd/Documents/Code/Python/DATN/install/launch_system/share/launch_system/package.ps1'
[35.217s] INFO:colcon.colcon_core.shell:Creating package descriptor '/home/tomccd/Documents/Code/Python/DATN/install/launch_system/share/launch_system/package.dsv'
[35.220s] INFO:colcon.colcon_core.shell:Creating package script '/home/tomccd/Documents/Code/Python/DATN/install/launch_system/share/launch_system/package.sh'
[35.222s] INFO:colcon.colcon_core.shell:Creating package script '/home/tomccd/Documents/Code/Python/DATN/install/launch_system/share/launch_system/package.bash'
[35.224s] INFO:colcon.colcon_core.shell:Creating package script '/home/tomccd/Documents/Code/Python/DATN/install/launch_system/share/launch_system/package.zsh'
[35.226s] Level 1:colcon.colcon_core.environment:create_file_with_runtime_dependencies(/home/tomccd/Documents/Code/Python/DATN/install/launch_system/share/colcon-core/packages/launch_system)
[35.228s] DEBUG:colcon.colcon_parallel_executor.executor.parallel:closing loop
[35.230s] DEBUG:colcon.colcon_parallel_executor.executor.parallel:loop closed
[35.231s] DEBUG:colcon.colcon_parallel_executor.executor.parallel:run_until_complete finished with '0'
[35.232s] DEBUG:colcon.colcon_core.event_reactor:joining thread
[35.263s] INFO:colcon.colcon_core.plugin_system:Skipping extension 'colcon_notification.desktop_notification.terminal_notifier': Not used on non-Darwin systems
[35.263s] INFO:colcon.colcon_core.plugin_system:Skipping extension 'colcon_notification.desktop_notification.win32': Not used on non-Windows systems
[35.264s] INFO:colcon.colcon_notification.desktop_notification:Sending desktop notification using 'notify2'
[35.352s] DEBUG:colcon.colcon_core.event_reactor:joined thread
[35.353s] INFO:colcon.colcon_core.shell:Creating prefix script '/home/tomccd/Documents/Code/Python/DATN/install/local_setup.ps1'
[35.368s] INFO:colcon.colcon_core.shell:Creating prefix util module '/home/tomccd/Documents/Code/Python/DATN/install/_local_setup_util_ps1.py'
[35.375s] INFO:colcon.colcon_core.shell:Creating prefix chain script '/home/tomccd/Documents/Code/Python/DATN/install/setup.ps1'
[35.384s] INFO:colcon.colcon_core.shell:Creating prefix script '/home/tomccd/Documents/Code/Python/DATN/install/local_setup.sh'
[35.396s] INFO:colcon.colcon_core.shell:Creating prefix util module '/home/tomccd/Documents/Code/Python/DATN/install/_local_setup_util_sh.py'
[35.400s] INFO:colcon.colcon_core.shell:Creating prefix chain script '/home/tomccd/Documents/Code/Python/DATN/install/setup.sh'
[35.408s] INFO:colcon.colcon_core.shell:Creating prefix script '/home/tomccd/Documents/Code/Python/DATN/install/local_setup.bash'
[35.412s] INFO:colcon.colcon_core.shell:Creating prefix chain script '/home/tomccd/Documents/Code/Python/DATN/install/setup.bash'
[35.426s] INFO:colcon.colcon_core.shell:Creating prefix script '/home/tomccd/Documents/Code/Python/DATN/install/local_setup.zsh'
[35.430s] INFO:colcon.colcon_core.shell:Creating prefix chain script '/home/tomccd/Documents/Code/Python/DATN/install/setup.zsh'
