[11.314s] Invoking command in '/home/tomccd/Documents/Code/Python/DATN/Packages/module_send_email': CMAKE_PREFIX_PATH=/home/tomccd/Documents/Code/Python/DATN/install/custom_interfaces:/home/tomccd/Documents/Code/Python/DATN/install/launch_system:/home/tomccd/Documents/Code/Python/DATN/install/module_log_file:/opt/ros/jazzy/opt/gz_math_vendor:/opt/ros/jazzy/opt/gz_utils_vendor:/opt/ros/jazzy/opt/gz_cmake_vendor PYTHONPATH=/home/tomccd/Documents/Code/Python/DATN/build/module_send_email/prefix_override:/usr/lib/python3/dist-packages/colcon_core/task/python/colcon_distutils_commands:/home/tomccd/Documents/Code/Python/DATN/install/module_send_email/lib/python3.12/site-packages:/home/tomccd/Documents/Code/Python/DATN/install/custom_interfaces/lib/python3.12/site-packages:/home/tomccd/Documents/Code/Python/DATN/install/module_weigh/lib/python3.12/site-packages:/home/tomccd/Documents/Code/Python/DATN/install/module_supervisor/lib/python3.12/site-packages:/home/tomccd/Documents/Code/Python/DATN/install/module_scanning_interface/lib/python3.12/site-packages:/home/tomccd/Documents/Code/Python/DATN/install/module_motor/lib/python3.12/site-packages:/home/tomccd/Documents/Code/Python/DATN/install/module_input/lib/python3.12/site-packages:/opt/ros/jazzy/lib/python3.12/site-packages /usr/bin/python3 -W ignore:setup.py install is deprecated setup.py egg_info --egg-base ../../build/module_send_email build --build-base /home/tomccd/Documents/Code/Python/DATN/build/module_send_email/build install --record /home/tomccd/Documents/Code/Python/DATN/build/module_send_email/install.log --single-version-externally-managed install_data
[14.229s] running egg_info
[14.430s] writing ../../build/module_send_email/module_send_email.egg-info/PKG-INFO
[14.436s] writing dependency_links to ../../build/module_send_email/module_send_email.egg-info/dependency_links.txt
[14.437s] writing entry points to ../../build/module_send_email/module_send_email.egg-info/entry_points.txt
[14.440s] writing requirements to ../../build/module_send_email/module_send_email.egg-info/requires.txt
[14.441s] writing top-level names to ../../build/module_send_email/module_send_email.egg-info/top_level.txt
[14.909s] reading manifest file '../../build/module_send_email/module_send_email.egg-info/SOURCES.txt'
[14.921s] writing manifest file '../../build/module_send_email/module_send_email.egg-info/SOURCES.txt'
[14.933s] running build
[14.937s] running build_py
[14.968s] copying module_send_email/module_send_email.py -> /home/tomccd/Documents/Code/Python/DATN/build/module_send_email/build/lib/module_send_email
[14.969s] running install
[14.987s] running install_lib
[15.212s] copying /home/tomccd/Documents/Code/Python/DATN/build/module_send_email/build/lib/module_send_email/module_send_email.py -> /home/tomccd/Documents/Code/Python/DATN/install/module_send_email/lib/python3.12/site-packages/module_send_email
[15.221s] byte-compiling /home/tomccd/Documents/Code/Python/DATN/install/module_send_email/lib/python3.12/site-packages/module_send_email/module_send_email.py to module_send_email.cpython-312.pyc
[15.222s] running install_data
[15.230s] running install_egg_info
[15.498s] removing '/home/tomccd/Documents/Code/Python/DATN/install/module_send_email/lib/python3.12/site-packages/module_send_email-0.0.0-py3.12.egg-info' (and everything under it)
[15.501s] Copying ../../build/module_send_email/module_send_email.egg-info to /home/tomccd/Documents/Code/Python/DATN/install/module_send_email/lib/python3.12/site-packages/module_send_email-0.0.0-py3.12.egg-info
[15.512s] running install_scripts
[16.974s] Installing module_send_email script to /home/tomccd/Documents/Code/Python/DATN/install/module_send_email/lib/module_send_email
[16.985s] writing list of installed files to '/home/tomccd/Documents/Code/Python/DATN/build/module_send_email/install.log'
[17.372s] Invoked command in '/home/tomccd/Documents/Code/Python/DATN/Packages/module_send_email' returned '0': CMAKE_PREFIX_PATH=/home/tomccd/Documents/Code/Python/DATN/install/custom_interfaces:/home/tomccd/Documents/Code/Python/DATN/install/launch_system:/home/tomccd/Documents/Code/Python/DATN/install/module_log_file:/opt/ros/jazzy/opt/gz_math_vendor:/opt/ros/jazzy/opt/gz_utils_vendor:/opt/ros/jazzy/opt/gz_cmake_vendor PYTHONPATH=/home/tomccd/Documents/Code/Python/DATN/build/module_send_email/prefix_override:/usr/lib/python3/dist-packages/colcon_core/task/python/colcon_distutils_commands:/home/tomccd/Documents/Code/Python/DATN/install/module_send_email/lib/python3.12/site-packages:/home/tomccd/Documents/Code/Python/DATN/install/custom_interfaces/lib/python3.12/site-packages:/home/tomccd/Documents/Code/Python/DATN/install/module_weigh/lib/python3.12/site-packages:/home/tomccd/Documents/Code/Python/DATN/install/module_supervisor/lib/python3.12/site-packages:/home/tomccd/Documents/Code/Python/DATN/install/module_scanning_interface/lib/python3.12/site-packages:/home/tomccd/Documents/Code/Python/DATN/install/module_motor/lib/python3.12/site-packages:/home/tomccd/Documents/Code/Python/DATN/install/module_input/lib/python3.12/site-packages:/opt/ros/jazzy/lib/python3.12/site-packages /usr/bin/python3 -W ignore:setup.py install is deprecated setup.py egg_info --egg-base ../../build/module_send_email build --build-base /home/tomccd/Documents/Code/Python/DATN/build/module_send_email/build install --record /home/tomccd/Documents/Code/Python/DATN/build/module_send_email/install.log --single-version-externally-managed install_data
