[19.496s] Invoking command in '/home/tomccd/Documents/Code/Python/DATN/Packages/module_motor': CMAKE_PREFIX_PATH=/home/tomccd/Documents/Code/Python/DATN/install/custom_interfaces:/home/tomccd/Documents/Code/Python/DATN/install/launch_system:/home/tomccd/Documents/Code/Python/DATN/install/module_log_file:/opt/ros/jazzy/opt/gz_math_vendor:/opt/ros/jazzy/opt/gz_utils_vendor:/opt/ros/jazzy/opt/gz_cmake_vendor DEBUGINFOD_URLS=https://debuginfod.ubuntu.com PYTHONPATH=/home/tomccd/Documents/Code/Python/DATN/build/module_motor/prefix_override:/usr/lib/python3/dist-packages/colcon_core/task/python/colcon_distutils_commands:/home/tomccd/Documents/Code/Python/DATN/install/module_motor/lib/python3.12/site-packages:/home/tomccd/Documents/Code/Python/DATN/install/custom_interfaces/lib/python3.12/site-packages:/home/tomccd/Documents/Code/Python/DATN/install/module_weigh/lib/python3.12/site-packages:/home/tomccd/Documents/Code/Python/DATN/install/module_supervisor/lib/python3.12/site-packages:/home/tomccd/Documents/Code/Python/DATN/install/module_send_email/lib/python3.12/site-packages:/home/tomccd/Documents/Code/Python/DATN/install/module_scanning_interface/lib/python3.12/site-packages:/home/tomccd/Documents/Code/Python/DATN/install/module_motor/lib/python3.12/site-packages:/home/tomccd/Documents/Code/Python/DATN/install/module_input/lib/python3.12/site-packages:/opt/ros/jazzy/lib/python3.12/site-packages /usr/bin/python3 -W ignore:setup.py install is deprecated setup.py egg_info --egg-base ../../build/module_motor build --build-base /home/tomccd/Documents/Code/Python/DATN/build/module_motor/build install --record /home/tomccd/Documents/Code/Python/DATN/build/module_motor/install.log --single-version-externally-managed install_data
[23.101s] running egg_info
[23.322s] writing ../../build/module_motor/module_motor.egg-info/PKG-INFO
[23.329s] writing dependency_links to ../../build/module_motor/module_motor.egg-info/dependency_links.txt
[23.347s] writing entry points to ../../build/module_motor/module_motor.egg-info/entry_points.txt
[23.354s] writing requirements to ../../build/module_motor/module_motor.egg-info/requires.txt
[23.369s] writing top-level names to ../../build/module_motor/module_motor.egg-info/top_level.txt
[24.344s] reading manifest file '../../build/module_motor/module_motor.egg-info/SOURCES.txt'
[24.356s] writing manifest file '../../build/module_motor/module_motor.egg-info/SOURCES.txt'
[24.357s] running build
[24.369s] running build_py
[24.376s] running install
[24.409s] running install_lib
[25.080s] running install_data
[25.081s] running install_egg_info
[25.385s] removing '/home/tomccd/Documents/Code/Python/DATN/install/module_motor/lib/python3.12/site-packages/module_motor-0.0.0-py3.12.egg-info' (and everything under it)
[25.386s] Copying ../../build/module_motor/module_motor.egg-info to /home/tomccd/Documents/Code/Python/DATN/install/module_motor/lib/python3.12/site-packages/module_motor-0.0.0-py3.12.egg-info
[25.400s] running install_scripts
[27.411s] Installing node_dc_motor script to /home/tomccd/Documents/Code/Python/DATN/install/module_motor/lib/module_motor
[27.413s] Installing node_dc_servo script to /home/tomccd/Documents/Code/Python/DATN/install/module_motor/lib/module_motor
[27.430s] writing list of installed files to '/home/tomccd/Documents/Code/Python/DATN/build/module_motor/install.log'
[27.669s] Invoked command in '/home/tomccd/Documents/Code/Python/DATN/Packages/module_motor' returned '0': CMAKE_PREFIX_PATH=/home/tomccd/Documents/Code/Python/DATN/install/custom_interfaces:/home/tomccd/Documents/Code/Python/DATN/install/launch_system:/home/tomccd/Documents/Code/Python/DATN/install/module_log_file:/opt/ros/jazzy/opt/gz_math_vendor:/opt/ros/jazzy/opt/gz_utils_vendor:/opt/ros/jazzy/opt/gz_cmake_vendor DEBUGINFOD_URLS=https://debuginfod.ubuntu.com PYTHONPATH=/home/tomccd/Documents/Code/Python/DATN/build/module_motor/prefix_override:/usr/lib/python3/dist-packages/colcon_core/task/python/colcon_distutils_commands:/home/tomccd/Documents/Code/Python/DATN/install/module_motor/lib/python3.12/site-packages:/home/tomccd/Documents/Code/Python/DATN/install/custom_interfaces/lib/python3.12/site-packages:/home/tomccd/Documents/Code/Python/DATN/install/module_weigh/lib/python3.12/site-packages:/home/tomccd/Documents/Code/Python/DATN/install/module_supervisor/lib/python3.12/site-packages:/home/tomccd/Documents/Code/Python/DATN/install/module_send_email/lib/python3.12/site-packages:/home/tomccd/Documents/Code/Python/DATN/install/module_scanning_interface/lib/python3.12/site-packages:/home/tomccd/Documents/Code/Python/DATN/install/module_motor/lib/python3.12/site-packages:/home/tomccd/Documents/Code/Python/DATN/install/module_input/lib/python3.12/site-packages:/opt/ros/jazzy/lib/python3.12/site-packages /usr/bin/python3 -W ignore:setup.py install is deprecated setup.py egg_info --egg-base ../../build/module_motor build --build-base /home/tomccd/Documents/Code/Python/DATN/build/module_motor/build install --record /home/tomccd/Documents/Code/Python/DATN/build/module_motor/install.log --single-version-externally-managed install_data
