[21.267s] Invoking command in '/home/tomccd/Documents/Code/Python/DATN/Packages/module_motor': CMAKE_PREFIX_PATH=/home/tomccd/Documents/Code/Python/DATN/install/custom_interfaces:/home/tomccd/Documents/Code/Python/DATN/install/launch_system:/opt/ros/jazzy/opt/gz_math_vendor:/opt/ros/jazzy/opt/gz_utils_vendor:/opt/ros/jazzy/opt/gz_cmake_vendor DEBUGINFOD_URLS=https://debuginfod.ubuntu.com PYTHONPATH=/home/tomccd/Documents/Code/Python/DATN/build/module_motor/prefix_override:/usr/lib/python3/dist-packages/colcon_core/task/python/colcon_distutils_commands:/home/tomccd/Documents/Code/Python/DATN/install/module_motor/lib/python3.12/site-packages:/home/tomccd/Documents/Code/Python/DATN/install/custom_interfaces/lib/python3.12/site-packages:/home/tomccd/Documents/Code/Python/DATN/install/module_weigh/lib/python3.12/site-packages:/home/tomccd/Documents/Code/Python/DATN/install/module_supervisor/lib/python3.12/site-packages:/home/tomccd/Documents/Code/Python/DATN/install/module_scanning_interface/lib/python3.12/site-packages:/home/tomccd/Documents/Code/Python/DATN/install/module_input/lib/python3.12/site-packages:/opt/ros/jazzy/lib/python3.12/site-packages /usr/bin/python3 -W ignore:setup.py install is deprecated setup.py egg_info --egg-base ../../build/module_motor build --build-base /home/tomccd/Documents/Code/Python/DATN/build/module_motor/build install --record /home/tomccd/Documents/Code/Python/DATN/build/module_motor/install.log --single-version-externally-managed install_data
[26.336s] running egg_info
[26.535s] writing ../../build/module_motor/module_motor.egg-info/PKG-INFO
[26.539s] writing dependency_links to ../../build/module_motor/module_motor.egg-info/dependency_links.txt
[26.547s] writing entry points to ../../build/module_motor/module_motor.egg-info/entry_points.txt
[26.552s] writing requirements to ../../build/module_motor/module_motor.egg-info/requires.txt
[26.571s] writing top-level names to ../../build/module_motor/module_motor.egg-info/top_level.txt
[27.076s] reading manifest file '../../build/module_motor/module_motor.egg-info/SOURCES.txt'
[27.080s] writing manifest file '../../build/module_motor/module_motor.egg-info/SOURCES.txt'
[27.099s] running build
[27.105s] running build_py
[27.106s] copying module_motor/node_dc_motor.py -> /home/tomccd/Documents/Code/Python/DATN/build/module_motor/build/lib/module_motor
[27.107s] running install
[27.147s] running install_lib
[27.322s] copying /home/tomccd/Documents/Code/Python/DATN/build/module_motor/build/lib/module_motor/node_dc_motor.py -> /home/tomccd/Documents/Code/Python/DATN/install/module_motor/lib/python3.12/site-packages/module_motor
[27.332s] byte-compiling /home/tomccd/Documents/Code/Python/DATN/install/module_motor/lib/python3.12/site-packages/module_motor/node_dc_motor.py to node_dc_motor.cpython-312.pyc
[27.344s] running install_data
[27.345s] running install_egg_info
[27.574s] removing '/home/tomccd/Documents/Code/Python/DATN/install/module_motor/lib/python3.12/site-packages/module_motor-0.0.0-py3.12.egg-info' (and everything under it)
[27.581s] Copying ../../build/module_motor/module_motor.egg-info to /home/tomccd/Documents/Code/Python/DATN/install/module_motor/lib/python3.12/site-packages/module_motor-0.0.0-py3.12.egg-info
[27.623s] running install_scripts
[29.103s] Installing node_dc_motor script to /home/tomccd/Documents/Code/Python/DATN/install/module_motor/lib/module_motor
[29.112s] writing list of installed files to '/home/tomccd/Documents/Code/Python/DATN/build/module_motor/install.log'
[29.290s] Invoked command in '/home/tomccd/Documents/Code/Python/DATN/Packages/module_motor' returned '0': CMAKE_PREFIX_PATH=/home/tomccd/Documents/Code/Python/DATN/install/custom_interfaces:/home/tomccd/Documents/Code/Python/DATN/install/launch_system:/opt/ros/jazzy/opt/gz_math_vendor:/opt/ros/jazzy/opt/gz_utils_vendor:/opt/ros/jazzy/opt/gz_cmake_vendor DEBUGINFOD_URLS=https://debuginfod.ubuntu.com PYTHONPATH=/home/tomccd/Documents/Code/Python/DATN/build/module_motor/prefix_override:/usr/lib/python3/dist-packages/colcon_core/task/python/colcon_distutils_commands:/home/tomccd/Documents/Code/Python/DATN/install/module_motor/lib/python3.12/site-packages:/home/tomccd/Documents/Code/Python/DATN/install/custom_interfaces/lib/python3.12/site-packages:/home/tomccd/Documents/Code/Python/DATN/install/module_weigh/lib/python3.12/site-packages:/home/tomccd/Documents/Code/Python/DATN/install/module_supervisor/lib/python3.12/site-packages:/home/tomccd/Documents/Code/Python/DATN/install/module_scanning_interface/lib/python3.12/site-packages:/home/tomccd/Documents/Code/Python/DATN/install/module_input/lib/python3.12/site-packages:/opt/ros/jazzy/lib/python3.12/site-packages /usr/bin/python3 -W ignore:setup.py install is deprecated setup.py egg_info --egg-base ../../build/module_motor build --build-base /home/tomccd/Documents/Code/Python/DATN/build/module_motor/build install --record /home/tomccd/Documents/Code/Python/DATN/build/module_motor/install.log --single-version-externally-managed install_data
