[8.072s] Invoking command in '/home/tomccd/Documents/Code/Python/DATN/Packages/module_input': CMAKE_PREFIX_PATH=/home/tomccd/Documents/Code/Python/DATN/install/custom_interfaces:/home/tomccd/Documents/Code/Python/DATN/install/launch_system:/home/tomccd/Documents/Code/Python/DATN/install/module_log_file:/opt/ros/jazzy/opt/gz_math_vendor:/opt/ros/jazzy/opt/gz_utils_vendor:/opt/ros/jazzy/opt/gz_cmake_vendor DEBUGINFOD_URLS=https://debuginfod.ubuntu.com PYTHONPATH=/home/tomccd/Documents/Code/Python/DATN/build/module_input/prefix_override:/usr/lib/python3/dist-packages/colcon_core/task/python/colcon_distutils_commands:/home/tomccd/Documents/Code/Python/DATN/install/module_input/lib/python3.12/site-packages:/home/tomccd/Documents/Code/Python/DATN/install/custom_interfaces/lib/python3.12/site-packages:/home/tomccd/Documents/Code/Python/DATN/install/module_weigh/lib/python3.12/site-packages:/home/tomccd/Documents/Code/Python/DATN/install/module_supervisor/lib/python3.12/site-packages:/home/tomccd/Documents/Code/Python/DATN/install/module_send_email/lib/python3.12/site-packages:/home/tomccd/Documents/Code/Python/DATN/install/module_scanning_interface/lib/python3.12/site-packages:/home/tomccd/Documents/Code/Python/DATN/install/module_motor/lib/python3.12/site-packages:/home/tomccd/Documents/Code/Python/DATN/install/module_input/lib/python3.12/site-packages:/opt/ros/jazzy/lib/python3.12/site-packages /usr/bin/python3 -W ignore:setup.py install is deprecated -W ignore:easy_install command is deprecated setup.py egg_info --egg-base ../../build/module_input build --build-base /home/tomccd/Documents/Code/Python/DATN/build/module_input/build install --record /home/tomccd/Documents/Code/Python/DATN/build/module_input/install.log --single-version-externally-managed install_data
[10.647s] running egg_info
[10.873s] writing ../../build/module_input/module_input.egg-info/PKG-INFO
[10.877s] writing dependency_links to ../../build/module_input/module_input.egg-info/dependency_links.txt
[10.884s] writing entry points to ../../build/module_input/module_input.egg-info/entry_points.txt
[10.885s] writing requirements to ../../build/module_input/module_input.egg-info/requires.txt
[10.887s] writing top-level names to ../../build/module_input/module_input.egg-info/top_level.txt
[11.357s] reading manifest file '../../build/module_input/module_input.egg-info/SOURCES.txt'
[11.364s] writing manifest file '../../build/module_input/module_input.egg-info/SOURCES.txt'
[11.369s] running build
[11.375s] running build_py
[11.380s] copying module_input/node_io_start_stop_pending.py -> /home/tomccd/Documents/Code/Python/DATN/build/module_input/build/lib/module_input
[11.385s] running install
[11.406s] running install_lib
[11.685s] creating /home/tomccd/Documents/Code/Python/DATN/install/module_input/lib/python3.12/site-packages/module_input
[11.688s] copying /home/tomccd/Documents/Code/Python/DATN/build/module_input/build/lib/module_input/node_io_weigh.py -> /home/tomccd/Documents/Code/Python/DATN/install/module_input/lib/python3.12/site-packages/module_input
[11.690s] copying /home/tomccd/Documents/Code/Python/DATN/build/module_input/build/lib/module_input/__init__.py -> /home/tomccd/Documents/Code/Python/DATN/install/module_input/lib/python3.12/site-packages/module_input
[11.691s] copying /home/tomccd/Documents/Code/Python/DATN/build/module_input/build/lib/module_input/node_io_servo.py -> /home/tomccd/Documents/Code/Python/DATN/install/module_input/lib/python3.12/site-packages/module_input
[11.692s] copying /home/tomccd/Documents/Code/Python/DATN/build/module_input/build/lib/module_input/node_io_start_stop_pending.py -> /home/tomccd/Documents/Code/Python/DATN/install/module_input/lib/python3.12/site-packages/module_input
[11.694s] byte-compiling /home/tomccd/Documents/Code/Python/DATN/install/module_input/lib/python3.12/site-packages/module_input/node_io_weigh.py to node_io_weigh.cpython-312.pyc
[11.708s] byte-compiling /home/tomccd/Documents/Code/Python/DATN/install/module_input/lib/python3.12/site-packages/module_input/__init__.py to __init__.cpython-312.pyc
[11.709s] byte-compiling /home/tomccd/Documents/Code/Python/DATN/install/module_input/lib/python3.12/site-packages/module_input/node_io_servo.py to node_io_servo.cpython-312.pyc
[11.714s] byte-compiling /home/tomccd/Documents/Code/Python/DATN/install/module_input/lib/python3.12/site-packages/module_input/node_io_start_stop_pending.py to node_io_start_stop_pending.cpython-312.pyc
[11.722s] running install_data
[11.723s] creating /home/tomccd/Documents/Code/Python/DATN/install/module_input/share/ament_index
[11.724s] creating /home/tomccd/Documents/Code/Python/DATN/install/module_input/share/ament_index/resource_index
[11.727s] creating /home/tomccd/Documents/Code/Python/DATN/install/module_input/share/ament_index/resource_index/packages
[11.728s] copying resource/module_input -> /home/tomccd/Documents/Code/Python/DATN/install/module_input/share/ament_index/resource_index/packages
[11.729s] copying package.xml -> /home/tomccd/Documents/Code/Python/DATN/install/module_input/share/module_input
[11.732s] running install_egg_info
[11.959s] Copying ../../build/module_input/module_input.egg-info to /home/tomccd/Documents/Code/Python/DATN/install/module_input/lib/python3.12/site-packages/module_input-0.0.0-py3.12.egg-info
[11.967s] running install_scripts
[13.522s] Installing node_io_servo script to /home/tomccd/Documents/Code/Python/DATN/install/module_input/lib/module_input
[13.523s] Installing node_io_start_stop_pending script to /home/tomccd/Documents/Code/Python/DATN/install/module_input/lib/module_input
[13.524s] Installing node_io_weigh script to /home/tomccd/Documents/Code/Python/DATN/install/module_input/lib/module_input
[13.526s] writing list of installed files to '/home/tomccd/Documents/Code/Python/DATN/build/module_input/install.log'
[13.682s] Invoked command in '/home/tomccd/Documents/Code/Python/DATN/Packages/module_input' returned '0': CMAKE_PREFIX_PATH=/home/tomccd/Documents/Code/Python/DATN/install/custom_interfaces:/home/tomccd/Documents/Code/Python/DATN/install/launch_system:/home/tomccd/Documents/Code/Python/DATN/install/module_log_file:/opt/ros/jazzy/opt/gz_math_vendor:/opt/ros/jazzy/opt/gz_utils_vendor:/opt/ros/jazzy/opt/gz_cmake_vendor DEBUGINFOD_URLS=https://debuginfod.ubuntu.com PYTHONPATH=/home/tomccd/Documents/Code/Python/DATN/build/module_input/prefix_override:/usr/lib/python3/dist-packages/colcon_core/task/python/colcon_distutils_commands:/home/tomccd/Documents/Code/Python/DATN/install/module_input/lib/python3.12/site-packages:/home/tomccd/Documents/Code/Python/DATN/install/custom_interfaces/lib/python3.12/site-packages:/home/tomccd/Documents/Code/Python/DATN/install/module_weigh/lib/python3.12/site-packages:/home/tomccd/Documents/Code/Python/DATN/install/module_supervisor/lib/python3.12/site-packages:/home/tomccd/Documents/Code/Python/DATN/install/module_send_email/lib/python3.12/site-packages:/home/tomccd/Documents/Code/Python/DATN/install/module_scanning_interface/lib/python3.12/site-packages:/home/tomccd/Documents/Code/Python/DATN/install/module_motor/lib/python3.12/site-packages:/home/tomccd/Documents/Code/Python/DATN/install/module_input/lib/python3.12/site-packages:/opt/ros/jazzy/lib/python3.12/site-packages /usr/bin/python3 -W ignore:setup.py install is deprecated -W ignore:easy_install command is deprecated setup.py egg_info --egg-base ../../build/module_input build --build-base /home/tomccd/Documents/Code/Python/DATN/build/module_input/build install --record /home/tomccd/Documents/Code/Python/DATN/build/module_input/install.log --single-version-externally-managed install_data
