running egg_info
writing ../../build/module_weigh/module_weigh.egg-info/PKG-INFO
writing dependency_links to ../../build/module_weigh/module_weigh.egg-info/dependency_links.txt
writing entry points to ../../build/module_weigh/module_weigh.egg-info/entry_points.txt
writing requirements to ../../build/module_weigh/module_weigh.egg-info/requires.txt
writing top-level names to ../../build/module_weigh/module_weigh.egg-info/top_level.txt
reading manifest file '../../build/module_weigh/module_weigh.egg-info/SOURCES.txt'
writing manifest file '../../build/module_weigh/module_weigh.egg-info/SOURCES.txt'
running build
running build_py
copying module_weigh/module_weigh.py -> /home/tomccd/Documents/Code/Python/DATN/build/module_weigh/build/lib/module_weigh
running install
running install_lib
copying /home/tomccd/Documents/Code/Python/DATN/build/module_weigh/build/lib/module_weigh/module_weigh.py -> /home/tomccd/Documents/Code/Python/DATN/install/module_weigh/lib/python3.12/site-packages/module_weigh
byte-compiling /home/tomccd/Documents/Code/Python/DATN/install/module_weigh/lib/python3.12/site-packages/module_weigh/module_weigh.py to module_weigh.cpython-312.pyc
running install_data
running install_egg_info
removing '/home/tomccd/Documents/Code/Python/DATN/install/module_weigh/lib/python3.12/site-packages/module_weigh-0.0.0-py3.12.egg-info' (and everything under it)
Copying ../../build/module_weigh/module_weigh.egg-info to /home/tomccd/Documents/Code/Python/DATN/install/module_weigh/lib/python3.12/site-packages/module_weigh-0.0.0-py3.12.egg-info
running install_scripts
Installing module_weigh script to /home/tomccd/Documents/Code/Python/DATN/install/module_weigh/lib/module_weigh
writing list of installed files to '/home/tomccd/Documents/Code/Python/DATN/build/module_weigh/install.log'
