[0.111s] Invoking command in '/home/tomccd/Documents/Code/Python/DATN/build/custom_interfaces': CMAKE_PREFIX_PATH=${CMAKE_PREFIX_PATH}:/home/tomccd/Documents/Code/Python/DATN/install/module_weigh:/home/tomccd/Documents/Code/Python/DATN/install/module_supervisor:/home/tomccd/Documents/Code/Python/DATN/install/module_scanning_interface:/home/tomccd/Documents/Code/Python/DATN/install/module_motor:/home/tomccd/Documents/Code/Python/DATN/install/module_input:/opt/ros/jazzy /usr/bin/cmake --build /home/tomccd/Documents/Code/Python/DATN/build/custom_interfaces -- -j4 -l4
[0.535s] [  1%] Built target custom_interfaces__rosidl_generator_type_description
[0.793s] [  1%] Built target ament_cmake_python_copy_custom_interfaces
[0.799s] [ 23%] Built target custom_interfaces__rosidl_generator_c
[0.817s] [ 25%] Built target custom_interfaces__cpp
[1.157s] [ 34%] Built target custom_interfaces__rosidl_typesupport_introspection_c
[1.165s] [ 43%] Built target custom_interfaces__rosidl_typesupport_c
[1.186s] [ 53%] Built target custom_interfaces__rosidl_typesupport_fastrtps_c
[1.556s] [ 62%] Built target custom_interfaces__rosidl_typesupport_cpp
[1.570s] [ 73%] Built target custom_interfaces__rosidl_typesupport_introspection_cpp
[1.580s] [ 81%] Built target custom_interfaces__rosidl_typesupport_fastrtps_cpp
[1.771s] [ 81%] Built target custom_interfaces
[1.997s] [ 82%] Built target custom_interfaces__py
[2.248s] [ 90%] Built target custom_interfaces__rosidl_generator_py
[2.717s] [ 93%] Built target custom_interfaces_s__rosidl_typesupport_fastrtps_c
[2.942s] [ 96%] Built target custom_interfaces_s__rosidl_typesupport_c
[2.963s] [100%] Built target custom_interfaces_s__rosidl_typesupport_introspection_c
[3.619s] running egg_info
[3.817s] writing custom_interfaces.egg-info/PKG-INFO
[3.821s] writing dependency_links to custom_interfaces.egg-info/dependency_links.txt
[3.826s] writing top-level names to custom_interfaces.egg-info/top_level.txt
[4.360s] reading manifest file 'custom_interfaces.egg-info/SOURCES.txt'
[4.368s] writing manifest file 'custom_interfaces.egg-info/SOURCES.txt'
[4.569s] [100%] Built target ament_cmake_python_build_custom_interfaces_egg
[4.665s] Invoked command in '/home/tomccd/Documents/Code/Python/DATN/build/custom_interfaces' returned '0': CMAKE_PREFIX_PATH=${CMAKE_PREFIX_PATH}:/home/tomccd/Documents/Code/Python/DATN/install/module_weigh:/home/tomccd/Documents/Code/Python/DATN/install/module_supervisor:/home/tomccd/Documents/Code/Python/DATN/install/module_scanning_interface:/home/tomccd/Documents/Code/Python/DATN/install/module_motor:/home/tomccd/Documents/Code/Python/DATN/install/module_input:/opt/ros/jazzy /usr/bin/cmake --build /home/tomccd/Documents/Code/Python/DATN/build/custom_interfaces -- -j4 -l4
[5.961s] Invoking command in '/home/tomccd/Documents/Code/Python/DATN/build/custom_interfaces': CMAKE_PREFIX_PATH=${CMAKE_PREFIX_PATH}:/home/tomccd/Documents/Code/Python/DATN/install/module_weigh:/home/tomccd/Documents/Code/Python/DATN/install/module_supervisor:/home/tomccd/Documents/Code/Python/DATN/install/module_scanning_interface:/home/tomccd/Documents/Code/Python/DATN/install/module_motor:/home/tomccd/Documents/Code/Python/DATN/install/module_input:/opt/ros/jazzy /usr/bin/cmake --install /home/tomccd/Documents/Code/Python/DATN/build/custom_interfaces
[6.029s] -- Install configuration: ""
[6.037s] -- Up-to-date: /home/tomccd/Documents/Code/Python/DATN/install/custom_interfaces/share/ament_index/resource_index/rosidl_interfaces/custom_interfaces
[6.045s] -- Up-to-date: /home/tomccd/Documents/Code/Python/DATN/install/custom_interfaces/share/custom_interfaces/msg/TerminateSys.json
[6.047s] -- Up-to-date: /home/tomccd/Documents/Code/Python/DATN/install/custom_interfaces/share/custom_interfaces/srv/InitSys.json
[6.049s] -- Up-to-date: /home/tomccd/Documents/Code/Python/DATN/install/custom_interfaces/share/custom_interfaces/msg/SetWeighIO.json
[6.050s] -- Up-to-date: /home/tomccd/Documents/Code/Python/DATN/install/custom_interfaces/share/custom_interfaces/msg/WeighValue.json
[6.051s] -- Up-to-date: /home/tomccd/Documents/Code/Python/DATN/install/custom_interfaces/include/custom_interfaces/custom_interfaces
[6.053s] -- Up-to-date: /home/tomccd/Documents/Code/Python/DATN/install/custom_interfaces/include/custom_interfaces/custom_interfaces/srv
[6.055s] -- Up-to-date: /home/tomccd/Documents/Code/Python/DATN/install/custom_interfaces/include/custom_interfaces/custom_interfaces/srv/initialize_system.h
[6.059s] -- Up-to-date: /home/tomccd/Documents/Code/Python/DATN/install/custom_interfaces/include/custom_interfaces/custom_interfaces/srv/init_sys.h
[6.061s] -- Up-to-date: /home/tomccd/Documents/Code/Python/DATN/install/custom_interfaces/include/custom_interfaces/custom_interfaces/srv/detail
[6.064s] -- Installing: /home/tomccd/Documents/Code/Python/DATN/install/custom_interfaces/include/custom_interfaces/custom_interfaces/srv/detail/initialize_system__type_support.c
[6.067s] -- Up-to-date: /home/tomccd/Documents/Code/Python/DATN/install/custom_interfaces/include/custom_interfaces/custom_interfaces/srv/detail/initialize_system__functions.c
[6.072s] -- Up-to-date: /home/tomccd/Documents/Code/Python/DATN/install/custom_interfaces/include/custom_interfaces/custom_interfaces/srv/detail/initialize_system__type_support.h
[6.073s] -- Up-to-date: /home/tomccd/Documents/Code/Python/DATN/install/custom_interfaces/include/custom_interfaces/custom_interfaces/srv/detail/init_sys__struct.h
[6.078s] -- Up-to-date: /home/tomccd/Documents/Code/Python/DATN/install/custom_interfaces/include/custom_interfaces/custom_interfaces/srv/detail/initialize_system__struct.h
[6.088s] -- Installing: /home/tomccd/Documents/Code/Python/DATN/install/custom_interfaces/include/custom_interfaces/custom_interfaces/srv/detail/init_sys__type_support.c
[6.089s] -- Up-to-date: /home/tomccd/Documents/Code/Python/DATN/install/custom_interfaces/include/custom_interfaces/custom_interfaces/srv/detail/init_sys__functions.h
[6.090s] -- Up-to-date: /home/tomccd/Documents/Code/Python/DATN/install/custom_interfaces/include/custom_interfaces/custom_interfaces/srv/detail/init_sys__functions.c
[6.104s] -- Up-to-date: /home/tomccd/Documents/Code/Python/DATN/install/custom_interfaces/include/custom_interfaces/custom_interfaces/srv/detail/init_sys__type_support.h
[6.105s] -- Up-to-date: /home/tomccd/Documents/Code/Python/DATN/install/custom_interfaces/include/custom_interfaces/custom_interfaces/srv/detail/init_sys__description.c
[6.106s] -- Up-to-date: /home/tomccd/Documents/Code/Python/DATN/install/custom_interfaces/include/custom_interfaces/custom_interfaces/srv/detail/initialize_system__functions.h
[6.108s] -- Up-to-date: /home/tomccd/Documents/Code/Python/DATN/install/custom_interfaces/include/custom_interfaces/custom_interfaces/srv/detail/initialize_system__description.c
[6.109s] -- Up-to-date: /home/tomccd/Documents/Code/Python/DATN/install/custom_interfaces/include/custom_interfaces/custom_interfaces/msg
[6.114s] -- Up-to-date: /home/tomccd/Documents/Code/Python/DATN/install/custom_interfaces/include/custom_interfaces/custom_interfaces/msg/set_weigh_io.h
[6.115s] -- Up-to-date: /home/tomccd/Documents/Code/Python/DATN/install/custom_interfaces/include/custom_interfaces/custom_interfaces/msg/terminate_sys.h
[6.123s] -- Up-to-date: /home/tomccd/Documents/Code/Python/DATN/install/custom_interfaces/include/custom_interfaces/custom_interfaces/msg/rosidl_generator_c__visibility_control.h
[6.127s] -- Up-to-date: /home/tomccd/Documents/Code/Python/DATN/install/custom_interfaces/include/custom_interfaces/custom_interfaces/msg/terminate.h
[6.137s] -- Up-to-date: /home/tomccd/Documents/Code/Python/DATN/install/custom_interfaces/include/custom_interfaces/custom_interfaces/msg/detail
[6.138s] -- Up-to-date: /home/tomccd/Documents/Code/Python/DATN/install/custom_interfaces/include/custom_interfaces/custom_interfaces/msg/detail/weigh_value__description.c
[6.138s] -- Up-to-date: /home/tomccd/Documents/Code/Python/DATN/install/custom_interfaces/include/custom_interfaces/custom_interfaces/msg/detail/terminate__functions.h
[6.140s] -- Up-to-date: /home/tomccd/Documents/Code/Python/DATN/install/custom_interfaces/include/custom_interfaces/custom_interfaces/msg/detail/terminate_sys__functions.c
[6.141s] -- Up-to-date: /home/tomccd/Documents/Code/Python/DATN/install/custom_interfaces/include/custom_interfaces/custom_interfaces/msg/detail/terminate_sys__functions.h
[6.142s] -- Up-to-date: /home/tomccd/Documents/Code/Python/DATN/install/custom_interfaces/include/custom_interfaces/custom_interfaces/msg/detail/set_weigh_io__description.c
[6.144s] -- Up-to-date: /home/tomccd/Documents/Code/Python/DATN/install/custom_interfaces/include/custom_interfaces/custom_interfaces/msg/detail/terminate__functions.c
[6.145s] -- Up-to-date: /home/tomccd/Documents/Code/Python/DATN/install/custom_interfaces/include/custom_interfaces/custom_interfaces/msg/detail/weigh_value__functions.h
[6.145s] -- Up-to-date: /home/tomccd/Documents/Code/Python/DATN/install/custom_interfaces/include/custom_interfaces/custom_interfaces/msg/detail/weigh_value__struct.h
[6.147s] -- Up-to-date: /home/tomccd/Documents/Code/Python/DATN/install/custom_interfaces/include/custom_interfaces/custom_interfaces/msg/detail/set_weigh_io__functions.h
[6.148s] -- Up-to-date: /home/tomccd/Documents/Code/Python/DATN/install/custom_interfaces/include/custom_interfaces/custom_interfaces/msg/detail/terminate_sys__type_support.h
[6.149s] -- Installing: /home/tomccd/Documents/Code/Python/DATN/install/custom_interfaces/include/custom_interfaces/custom_interfaces/msg/detail/terminate__type_support.c
[6.150s] -- Up-to-date: /home/tomccd/Documents/Code/Python/DATN/install/custom_interfaces/include/custom_interfaces/custom_interfaces/msg/detail/terminate__struct.h
[6.150s] -- Up-to-date: /home/tomccd/Documents/Code/Python/DATN/install/custom_interfaces/include/custom_interfaces/custom_interfaces/msg/detail/set_weigh_io__type_support.h
[6.158s] -- Up-to-date: /home/tomccd/Documents/Code/Python/DATN/install/custom_interfaces/include/custom_interfaces/custom_interfaces/msg/detail/terminate__description.c
[6.159s] -- Up-to-date: /home/tomccd/Documents/Code/Python/DATN/install/custom_interfaces/include/custom_interfaces/custom_interfaces/msg/detail/weigh_value__functions.c
[6.168s] -- Installing: /home/tomccd/Documents/Code/Python/DATN/install/custom_interfaces/include/custom_interfaces/custom_interfaces/msg/detail/terminate_sys__type_support.c
[6.169s] -- Up-to-date: /home/tomccd/Documents/Code/Python/DATN/install/custom_interfaces/include/custom_interfaces/custom_interfaces/msg/detail/terminate_sys__description.c
[6.171s] -- Installing: /home/tomccd/Documents/Code/Python/DATN/install/custom_interfaces/include/custom_interfaces/custom_interfaces/msg/detail/set_weigh_io__type_support.c
[6.172s] -- Up-to-date: /home/tomccd/Documents/Code/Python/DATN/install/custom_interfaces/include/custom_interfaces/custom_interfaces/msg/detail/terminate_sys__struct.h
[6.172s] -- Up-to-date: /home/tomccd/Documents/Code/Python/DATN/install/custom_interfaces/include/custom_interfaces/custom_interfaces/msg/detail/weigh_value__type_support.h
[6.173s] -- Up-to-date: /home/tomccd/Documents/Code/Python/DATN/install/custom_interfaces/include/custom_interfaces/custom_interfaces/msg/detail/set_weigh_io__functions.c
[6.174s] -- Up-to-date: /home/tomccd/Documents/Code/Python/DATN/install/custom_interfaces/include/custom_interfaces/custom_interfaces/msg/detail/set_weigh_io__struct.h
[6.176s] -- Up-to-date: /home/tomccd/Documents/Code/Python/DATN/install/custom_interfaces/include/custom_interfaces/custom_interfaces/msg/detail/terminate__type_support.h
[6.181s] -- Installing: /home/tomccd/Documents/Code/Python/DATN/install/custom_interfaces/include/custom_interfaces/custom_interfaces/msg/detail/weigh_value__type_support.c
[6.193s] -- Up-to-date: /home/tomccd/Documents/Code/Python/DATN/install/custom_interfaces/include/custom_interfaces/custom_interfaces/msg/weigh_value.h
[6.194s] -- Up-to-date: /home/tomccd/Documents/Code/Python/DATN/install/custom_interfaces/share/custom_interfaces/environment/library_path.sh
[6.197s] -- Up-to-date: /home/tomccd/Documents/Code/Python/DATN/install/custom_interfaces/share/custom_interfaces/environment/library_path.dsv
[6.200s] -- Up-to-date: /home/tomccd/Documents/Code/Python/DATN/install/custom_interfaces/lib/libcustom_interfaces__rosidl_generator_c.so
[6.211s] -- Up-to-date: /home/tomccd/Documents/Code/Python/DATN/install/custom_interfaces/include/custom_interfaces/custom_interfaces
[6.214s] -- Up-to-date: /home/tomccd/Documents/Code/Python/DATN/install/custom_interfaces/include/custom_interfaces/custom_interfaces/srv
[6.221s] -- Up-to-date: /home/tomccd/Documents/Code/Python/DATN/install/custom_interfaces/include/custom_interfaces/custom_interfaces/srv/detail
[6.222s] -- Up-to-date: /home/tomccd/Documents/Code/Python/DATN/install/custom_interfaces/include/custom_interfaces/custom_interfaces/srv/detail/init_sys__rosidl_typesupport_fastrtps_c.h
[6.223s] -- Up-to-date: /home/tomccd/Documents/Code/Python/DATN/install/custom_interfaces/include/custom_interfaces/custom_interfaces/srv/detail/initialize_system__rosidl_typesupport_fastrtps_c.h
[6.224s] -- Up-to-date: /home/tomccd/Documents/Code/Python/DATN/install/custom_interfaces/include/custom_interfaces/custom_interfaces/msg
[6.226s] -- Up-to-date: /home/tomccd/Documents/Code/Python/DATN/install/custom_interfaces/include/custom_interfaces/custom_interfaces/msg/rosidl_typesupport_fastrtps_c__visibility_control.h
[6.229s] -- Up-to-date: /home/tomccd/Documents/Code/Python/DATN/install/custom_interfaces/include/custom_interfaces/custom_interfaces/msg/detail
[6.230s] -- Up-to-date: /home/tomccd/Documents/Code/Python/DATN/install/custom_interfaces/include/custom_interfaces/custom_interfaces/msg/detail/weigh_value__rosidl_typesupport_fastrtps_c.h
[6.231s] -- Up-to-date: /home/tomccd/Documents/Code/Python/DATN/install/custom_interfaces/include/custom_interfaces/custom_interfaces/msg/detail/set_weigh_io__rosidl_typesupport_fastrtps_c.h
[6.231s] -- Up-to-date: /home/tomccd/Documents/Code/Python/DATN/install/custom_interfaces/include/custom_interfaces/custom_interfaces/msg/detail/terminate_sys__rosidl_typesupport_fastrtps_c.h
[6.232s] -- Up-to-date: /home/tomccd/Documents/Code/Python/DATN/install/custom_interfaces/include/custom_interfaces/custom_interfaces/msg/detail/terminate__rosidl_typesupport_fastrtps_c.h
[6.235s] -- Up-to-date: /home/tomccd/Documents/Code/Python/DATN/install/custom_interfaces/lib/libcustom_interfaces__rosidl_typesupport_fastrtps_c.so
[6.236s] -- Up-to-date: /home/tomccd/Documents/Code/Python/DATN/install/custom_interfaces/include/custom_interfaces/custom_interfaces
[6.237s] -- Up-to-date: /home/tomccd/Documents/Code/Python/DATN/install/custom_interfaces/include/custom_interfaces/custom_interfaces/srv
[6.239s] -- Up-to-date: /home/tomccd/Documents/Code/Python/DATN/install/custom_interfaces/include/custom_interfaces/custom_interfaces/srv/detail
[6.246s] -- Up-to-date: /home/tomccd/Documents/Code/Python/DATN/install/custom_interfaces/include/custom_interfaces/custom_interfaces/srv/detail/initialize_system__rosidl_typesupport_introspection_c.h
[6.248s] -- Installing: /home/tomccd/Documents/Code/Python/DATN/install/custom_interfaces/include/custom_interfaces/custom_interfaces/srv/detail/initialize_system__type_support.c
[6.251s] -- Installing: /home/tomccd/Documents/Code/Python/DATN/install/custom_interfaces/include/custom_interfaces/custom_interfaces/srv/detail/init_sys__type_support.c
[6.259s] -- Up-to-date: /home/tomccd/Documents/Code/Python/DATN/install/custom_interfaces/include/custom_interfaces/custom_interfaces/srv/detail/init_sys__rosidl_typesupport_introspection_c.h
[6.261s] -- Up-to-date: /home/tomccd/Documents/Code/Python/DATN/install/custom_interfaces/include/custom_interfaces/custom_interfaces/msg
[6.263s] -- Up-to-date: /home/tomccd/Documents/Code/Python/DATN/install/custom_interfaces/include/custom_interfaces/custom_interfaces/msg/rosidl_typesupport_introspection_c__visibility_control.h
[6.267s] -- Up-to-date: /home/tomccd/Documents/Code/Python/DATN/install/custom_interfaces/include/custom_interfaces/custom_interfaces/msg/detail
[6.269s] -- Up-to-date: /home/tomccd/Documents/Code/Python/DATN/install/custom_interfaces/include/custom_interfaces/custom_interfaces/msg/detail/set_weigh_io__rosidl_typesupport_introspection_c.h
[6.284s] -- Up-to-date: /home/tomccd/Documents/Code/Python/DATN/install/custom_interfaces/include/custom_interfaces/custom_interfaces/msg/detail/terminate__rosidl_typesupport_introspection_c.h
[6.285s] -- Installing: /home/tomccd/Documents/Code/Python/DATN/install/custom_interfaces/include/custom_interfaces/custom_interfaces/msg/detail/terminate__type_support.c
[6.292s] -- Up-to-date: /home/tomccd/Documents/Code/Python/DATN/install/custom_interfaces/include/custom_interfaces/custom_interfaces/msg/detail/weigh_value__rosidl_typesupport_introspection_c.h
[6.292s] -- Installing: /home/tomccd/Documents/Code/Python/DATN/install/custom_interfaces/include/custom_interfaces/custom_interfaces/msg/detail/terminate_sys__type_support.c
[6.300s] -- Installing: /home/tomccd/Documents/Code/Python/DATN/install/custom_interfaces/include/custom_interfaces/custom_interfaces/msg/detail/set_weigh_io__type_support.c
[6.311s] -- Up-to-date: /home/tomccd/Documents/Code/Python/DATN/install/custom_interfaces/include/custom_interfaces/custom_interfaces/msg/detail/terminate_sys__rosidl_typesupport_introspection_c.h
[6.315s] -- Installing: /home/tomccd/Documents/Code/Python/DATN/install/custom_interfaces/include/custom_interfaces/custom_interfaces/msg/detail/weigh_value__type_support.c
[6.320s] -- Up-to-date: /home/tomccd/Documents/Code/Python/DATN/install/custom_interfaces/lib/libcustom_interfaces__rosidl_typesupport_introspection_c.so
[6.323s] -- Up-to-date: /home/tomccd/Documents/Code/Python/DATN/install/custom_interfaces/lib/libcustom_interfaces__rosidl_typesupport_c.so
[6.324s] -- Up-to-date: /home/tomccd/Documents/Code/Python/DATN/install/custom_interfaces/include/custom_interfaces/custom_interfaces
[6.326s] -- Up-to-date: /home/tomccd/Documents/Code/Python/DATN/install/custom_interfaces/include/custom_interfaces/custom_interfaces/srv
[6.327s] -- Up-to-date: /home/tomccd/Documents/Code/Python/DATN/install/custom_interfaces/include/custom_interfaces/custom_interfaces/srv/initialize_system.hpp
[6.328s] -- Up-to-date: /home/tomccd/Documents/Code/Python/DATN/install/custom_interfaces/include/custom_interfaces/custom_interfaces/srv/detail
[6.329s] -- Up-to-date: /home/tomccd/Documents/Code/Python/DATN/install/custom_interfaces/include/custom_interfaces/custom_interfaces/srv/detail/initialize_system__struct.hpp
[6.330s] -- Up-to-date: /home/tomccd/Documents/Code/Python/DATN/install/custom_interfaces/include/custom_interfaces/custom_interfaces/srv/detail/initialize_system__builder.hpp
[6.331s] -- Up-to-date: /home/tomccd/Documents/Code/Python/DATN/install/custom_interfaces/include/custom_interfaces/custom_interfaces/srv/detail/initialize_system__type_support.hpp
[6.332s] -- Up-to-date: /home/tomccd/Documents/Code/Python/DATN/install/custom_interfaces/include/custom_interfaces/custom_interfaces/srv/detail/init_sys__type_support.hpp
[6.333s] -- Up-to-date: /home/tomccd/Documents/Code/Python/DATN/install/custom_interfaces/include/custom_interfaces/custom_interfaces/srv/detail/init_sys__traits.hpp
[6.334s] -- Up-to-date: /home/tomccd/Documents/Code/Python/DATN/install/custom_interfaces/include/custom_interfaces/custom_interfaces/srv/detail/init_sys__struct.hpp
[6.336s] -- Up-to-date: /home/tomccd/Documents/Code/Python/DATN/install/custom_interfaces/include/custom_interfaces/custom_interfaces/srv/detail/init_sys__builder.hpp
[6.338s] -- Up-to-date: /home/tomccd/Documents/Code/Python/DATN/install/custom_interfaces/include/custom_interfaces/custom_interfaces/srv/detail/initialize_system__traits.hpp
[6.339s] -- Up-to-date: /home/tomccd/Documents/Code/Python/DATN/install/custom_interfaces/include/custom_interfaces/custom_interfaces/srv/init_sys.hpp
[6.340s] -- Up-to-date: /home/tomccd/Documents/Code/Python/DATN/install/custom_interfaces/include/custom_interfaces/custom_interfaces/msg
[6.341s] -- Up-to-date: /home/tomccd/Documents/Code/Python/DATN/install/custom_interfaces/include/custom_interfaces/custom_interfaces/msg/weigh_value.hpp
[6.348s] -- Up-to-date: /home/tomccd/Documents/Code/Python/DATN/install/custom_interfaces/include/custom_interfaces/custom_interfaces/msg/rosidl_generator_cpp__visibility_control.hpp
[6.360s] -- Up-to-date: /home/tomccd/Documents/Code/Python/DATN/install/custom_interfaces/include/custom_interfaces/custom_interfaces/msg/terminate_sys.hpp
[6.367s] -- Up-to-date: /home/tomccd/Documents/Code/Python/DATN/install/custom_interfaces/include/custom_interfaces/custom_interfaces/msg/set_weigh_io.hpp
[6.370s] -- Up-to-date: /home/tomccd/Documents/Code/Python/DATN/install/custom_interfaces/include/custom_interfaces/custom_interfaces/msg/detail
[6.372s] -- Up-to-date: /home/tomccd/Documents/Code/Python/DATN/install/custom_interfaces/include/custom_interfaces/custom_interfaces/msg/detail/weigh_value__traits.hpp
[6.373s] -- Up-to-date: /home/tomccd/Documents/Code/Python/DATN/install/custom_interfaces/include/custom_interfaces/custom_interfaces/msg/detail/set_weigh_io__builder.hpp
[6.379s] -- Up-to-date: /home/tomccd/Documents/Code/Python/DATN/install/custom_interfaces/include/custom_interfaces/custom_interfaces/msg/detail/terminate__builder.hpp
[6.382s] -- Up-to-date: /home/tomccd/Documents/Code/Python/DATN/install/custom_interfaces/include/custom_interfaces/custom_interfaces/msg/detail/terminate__traits.hpp
[6.386s] -- Up-to-date: /home/tomccd/Documents/Code/Python/DATN/install/custom_interfaces/include/custom_interfaces/custom_interfaces/msg/detail/weigh_value__type_support.hpp
[6.396s] -- Up-to-date: /home/tomccd/Documents/Code/Python/DATN/install/custom_interfaces/include/custom_interfaces/custom_interfaces/msg/detail/terminate_sys__traits.hpp
[6.397s] -- Up-to-date: /home/tomccd/Documents/Code/Python/DATN/install/custom_interfaces/include/custom_interfaces/custom_interfaces/msg/detail/weigh_value__builder.hpp
[6.401s] -- Up-to-date: /home/tomccd/Documents/Code/Python/DATN/install/custom_interfaces/include/custom_interfaces/custom_interfaces/msg/detail/terminate__struct.hpp
[6.407s] -- Up-to-date: /home/tomccd/Documents/Code/Python/DATN/install/custom_interfaces/include/custom_interfaces/custom_interfaces/msg/detail/set_weigh_io__traits.hpp
[6.408s] -- Up-to-date: /home/tomccd/Documents/Code/Python/DATN/install/custom_interfaces/include/custom_interfaces/custom_interfaces/msg/detail/weigh_value__struct.hpp
[6.409s] -- Up-to-date: /home/tomccd/Documents/Code/Python/DATN/install/custom_interfaces/include/custom_interfaces/custom_interfaces/msg/detail/terminate_sys__type_support.hpp
[6.410s] -- Up-to-date: /home/tomccd/Documents/Code/Python/DATN/install/custom_interfaces/include/custom_interfaces/custom_interfaces/msg/detail/set_weigh_io__struct.hpp
[6.415s] -- Up-to-date: /home/tomccd/Documents/Code/Python/DATN/install/custom_interfaces/include/custom_interfaces/custom_interfaces/msg/detail/set_weigh_io__type_support.hpp
[6.426s] -- Up-to-date: /home/tomccd/Documents/Code/Python/DATN/install/custom_interfaces/include/custom_interfaces/custom_interfaces/msg/detail/terminate__type_support.hpp
[6.437s] -- Up-to-date: /home/tomccd/Documents/Code/Python/DATN/install/custom_interfaces/include/custom_interfaces/custom_interfaces/msg/detail/terminate_sys__struct.hpp
[6.440s] -- Up-to-date: /home/tomccd/Documents/Code/Python/DATN/install/custom_interfaces/include/custom_interfaces/custom_interfaces/msg/detail/terminate_sys__builder.hpp
[6.443s] -- Up-to-date: /home/tomccd/Documents/Code/Python/DATN/install/custom_interfaces/include/custom_interfaces/custom_interfaces/msg/terminate.hpp
[6.455s] -- Up-to-date: /home/tomccd/Documents/Code/Python/DATN/install/custom_interfaces/include/custom_interfaces/custom_interfaces
[6.467s] -- Up-to-date: /home/tomccd/Documents/Code/Python/DATN/install/custom_interfaces/include/custom_interfaces/custom_interfaces/srv
[6.470s] -- Up-to-date: /home/tomccd/Documents/Code/Python/DATN/install/custom_interfaces/include/custom_interfaces/custom_interfaces/srv/detail
[6.472s] -- Up-to-date: /home/tomccd/Documents/Code/Python/DATN/install/custom_interfaces/include/custom_interfaces/custom_interfaces/srv/detail/init_sys__rosidl_typesupport_fastrtps_cpp.hpp
[6.481s] -- Up-to-date: /home/tomccd/Documents/Code/Python/DATN/install/custom_interfaces/include/custom_interfaces/custom_interfaces/srv/detail/initialize_system__rosidl_typesupport_fastrtps_cpp.hpp
[6.483s] -- Up-to-date: /home/tomccd/Documents/Code/Python/DATN/install/custom_interfaces/include/custom_interfaces/custom_interfaces/srv/detail/dds_fastrtps
[6.483s] -- Up-to-date: /home/tomccd/Documents/Code/Python/DATN/install/custom_interfaces/include/custom_interfaces/custom_interfaces/msg
[6.495s] -- Up-to-date: /home/tomccd/Documents/Code/Python/DATN/install/custom_interfaces/include/custom_interfaces/custom_interfaces/msg/detail
[6.496s] -- Up-to-date: /home/tomccd/Documents/Code/Python/DATN/install/custom_interfaces/include/custom_interfaces/custom_interfaces/msg/detail/weigh_value__rosidl_typesupport_fastrtps_cpp.hpp
[6.497s] -- Up-to-date: /home/tomccd/Documents/Code/Python/DATN/install/custom_interfaces/include/custom_interfaces/custom_interfaces/msg/detail/terminate__rosidl_typesupport_fastrtps_cpp.hpp
[6.519s] -- Up-to-date: /home/tomccd/Documents/Code/Python/DATN/install/custom_interfaces/include/custom_interfaces/custom_interfaces/msg/detail/dds_fastrtps
[6.520s] -- Up-to-date: /home/tomccd/Documents/Code/Python/DATN/install/custom_interfaces/include/custom_interfaces/custom_interfaces/msg/detail/terminate_sys__rosidl_typesupport_fastrtps_cpp.hpp
[6.530s] -- Up-to-date: /home/tomccd/Documents/Code/Python/DATN/install/custom_interfaces/include/custom_interfaces/custom_interfaces/msg/detail/set_weigh_io__rosidl_typesupport_fastrtps_cpp.hpp
[6.531s] -- Up-to-date: /home/tomccd/Documents/Code/Python/DATN/install/custom_interfaces/include/custom_interfaces/custom_interfaces/msg/rosidl_typesupport_fastrtps_cpp__visibility_control.h
[6.532s] -- Up-to-date: /home/tomccd/Documents/Code/Python/DATN/install/custom_interfaces/lib/libcustom_interfaces__rosidl_typesupport_fastrtps_cpp.so
[6.532s] -- Up-to-date: /home/tomccd/Documents/Code/Python/DATN/install/custom_interfaces/include/custom_interfaces/custom_interfaces
[6.533s] -- Up-to-date: /home/tomccd/Documents/Code/Python/DATN/install/custom_interfaces/include/custom_interfaces/custom_interfaces/srv
[6.534s] -- Up-to-date: /home/tomccd/Documents/Code/Python/DATN/install/custom_interfaces/include/custom_interfaces/custom_interfaces/srv/detail
[6.535s] -- Up-to-date: /home/tomccd/Documents/Code/Python/DATN/install/custom_interfaces/include/custom_interfaces/custom_interfaces/srv/detail/initialize_system__type_support.cpp
[6.536s] -- Up-to-date: /home/tomccd/Documents/Code/Python/DATN/install/custom_interfaces/include/custom_interfaces/custom_interfaces/srv/detail/init_sys__type_support.cpp
[6.537s] -- Up-to-date: /home/tomccd/Documents/Code/Python/DATN/install/custom_interfaces/include/custom_interfaces/custom_interfaces/srv/detail/init_sys__rosidl_typesupport_introspection_cpp.hpp
[6.538s] -- Up-to-date: /home/tomccd/Documents/Code/Python/DATN/install/custom_interfaces/include/custom_interfaces/custom_interfaces/srv/detail/initialize_system__rosidl_typesupport_introspection_cpp.hpp
[6.539s] -- Up-to-date: /home/tomccd/Documents/Code/Python/DATN/install/custom_interfaces/include/custom_interfaces/custom_interfaces/msg
[6.540s] -- Up-to-date: /home/tomccd/Documents/Code/Python/DATN/install/custom_interfaces/include/custom_interfaces/custom_interfaces/msg/detail
[6.541s] -- Up-to-date: /home/tomccd/Documents/Code/Python/DATN/install/custom_interfaces/include/custom_interfaces/custom_interfaces/msg/detail/terminate__rosidl_typesupport_introspection_cpp.hpp
[6.546s] -- Up-to-date: /home/tomccd/Documents/Code/Python/DATN/install/custom_interfaces/include/custom_interfaces/custom_interfaces/msg/detail/set_weigh_io__rosidl_typesupport_introspection_cpp.hpp
[6.556s] -- Up-to-date: /home/tomccd/Documents/Code/Python/DATN/install/custom_interfaces/include/custom_interfaces/custom_interfaces/msg/detail/terminate__type_support.cpp
[6.562s] -- Up-to-date: /home/tomccd/Documents/Code/Python/DATN/install/custom_interfaces/include/custom_interfaces/custom_interfaces/msg/detail/set_weigh_io__type_support.cpp
[6.568s] -- Up-to-date: /home/tomccd/Documents/Code/Python/DATN/install/custom_interfaces/include/custom_interfaces/custom_interfaces/msg/detail/terminate_sys__rosidl_typesupport_introspection_cpp.hpp
[6.569s] -- Up-to-date: /home/tomccd/Documents/Code/Python/DATN/install/custom_interfaces/include/custom_interfaces/custom_interfaces/msg/detail/terminate_sys__type_support.cpp
[6.570s] -- Up-to-date: /home/tomccd/Documents/Code/Python/DATN/install/custom_interfaces/include/custom_interfaces/custom_interfaces/msg/detail/weigh_value__rosidl_typesupport_introspection_cpp.hpp
[6.571s] -- Up-to-date: /home/tomccd/Documents/Code/Python/DATN/install/custom_interfaces/include/custom_interfaces/custom_interfaces/msg/detail/weigh_value__type_support.cpp
[6.572s] -- Up-to-date: /home/tomccd/Documents/Code/Python/DATN/install/custom_interfaces/lib/libcustom_interfaces__rosidl_typesupport_introspection_cpp.so
[6.573s] -- Up-to-date: /home/tomccd/Documents/Code/Python/DATN/install/custom_interfaces/lib/libcustom_interfaces__rosidl_typesupport_cpp.so
[6.574s] -- Up-to-date: /home/tomccd/Documents/Code/Python/DATN/install/custom_interfaces/share/custom_interfaces/environment/pythonpath.sh
[6.575s] -- Up-to-date: /home/tomccd/Documents/Code/Python/DATN/install/custom_interfaces/share/custom_interfaces/environment/pythonpath.dsv
[6.576s] -- Up-to-date: /home/tomccd/Documents/Code/Python/DATN/install/custom_interfaces/lib/python3.12/site-packages/custom_interfaces-0.0.0-py3.12.egg-info
[6.577s] -- Installing: /home/tomccd/Documents/Code/Python/DATN/install/custom_interfaces/lib/python3.12/site-packages/custom_interfaces-0.0.0-py3.12.egg-info/SOURCES.txt
[6.578s] -- Installing: /home/tomccd/Documents/Code/Python/DATN/install/custom_interfaces/lib/python3.12/site-packages/custom_interfaces-0.0.0-py3.12.egg-info/dependency_links.txt
[6.584s] -- Installing: /home/tomccd/Documents/Code/Python/DATN/install/custom_interfaces/lib/python3.12/site-packages/custom_interfaces-0.0.0-py3.12.egg-info/PKG-INFO
[6.590s] -- Installing: /home/tomccd/Documents/Code/Python/DATN/install/custom_interfaces/lib/python3.12/site-packages/custom_interfaces-0.0.0-py3.12.egg-info/top_level.txt
[6.594s] -- Up-to-date: /home/tomccd/Documents/Code/Python/DATN/install/custom_interfaces/lib/python3.12/site-packages/custom_interfaces
[6.595s] -- Up-to-date: /home/tomccd/Documents/Code/Python/DATN/install/custom_interfaces/lib/python3.12/site-packages/custom_interfaces/custom_interfaces_s__rosidl_typesupport_introspection_c.so
[6.600s] -- Up-to-date: /home/tomccd/Documents/Code/Python/DATN/install/custom_interfaces/lib/python3.12/site-packages/custom_interfaces/custom_interfaces_s__rosidl_typesupport_c.so
[6.601s] -- Up-to-date: /home/tomccd/Documents/Code/Python/DATN/install/custom_interfaces/lib/python3.12/site-packages/custom_interfaces/__init__.py
[6.607s] -- Up-to-date: /home/tomccd/Documents/Code/Python/DATN/install/custom_interfaces/lib/python3.12/site-packages/custom_interfaces/_custom_interfaces_s.ep.rosidl_typesupport_introspection_c.c
[6.620s] -- Up-to-date: /home/tomccd/Documents/Code/Python/DATN/install/custom_interfaces/lib/python3.12/site-packages/custom_interfaces/_custom_interfaces_s.ep.rosidl_typesupport_c.c
[6.621s] -- Up-to-date: /home/tomccd/Documents/Code/Python/DATN/install/custom_interfaces/lib/python3.12/site-packages/custom_interfaces/srv
[6.631s] -- Up-to-date: /home/tomccd/Documents/Code/Python/DATN/install/custom_interfaces/lib/python3.12/site-packages/custom_interfaces/srv/__init__.py
[6.632s] -- Up-to-date: /home/tomccd/Documents/Code/Python/DATN/install/custom_interfaces/lib/python3.12/site-packages/custom_interfaces/srv/_initialize_system_s.c
[6.637s] -- Up-to-date: /home/tomccd/Documents/Code/Python/DATN/install/custom_interfaces/lib/python3.12/site-packages/custom_interfaces/srv/_initialize_system.py
[6.638s] -- Up-to-date: /home/tomccd/Documents/Code/Python/DATN/install/custom_interfaces/lib/python3.12/site-packages/custom_interfaces/srv/_init_sys_s.c
[6.639s] -- Up-to-date: /home/tomccd/Documents/Code/Python/DATN/install/custom_interfaces/lib/python3.12/site-packages/custom_interfaces/srv/_init_sys.py
[6.655s] -- Up-to-date: /home/tomccd/Documents/Code/Python/DATN/install/custom_interfaces/lib/python3.12/site-packages/custom_interfaces/msg
[6.656s] -- Up-to-date: /home/tomccd/Documents/Code/Python/DATN/install/custom_interfaces/lib/python3.12/site-packages/custom_interfaces/msg/_terminate.py
[6.668s] -- Up-to-date: /home/tomccd/Documents/Code/Python/DATN/install/custom_interfaces/lib/python3.12/site-packages/custom_interfaces/msg/_weigh_value.py
[6.683s] -- Up-to-date: /home/tomccd/Documents/Code/Python/DATN/install/custom_interfaces/lib/python3.12/site-packages/custom_interfaces/msg/__init__.py
[6.684s] -- Up-to-date: /home/tomccd/Documents/Code/Python/DATN/install/custom_interfaces/lib/python3.12/site-packages/custom_interfaces/msg/_terminate_s.c
[6.689s] -- Up-to-date: /home/tomccd/Documents/Code/Python/DATN/install/custom_interfaces/lib/python3.12/site-packages/custom_interfaces/msg/_terminate_sys.py
[6.702s] -- Up-to-date: /home/tomccd/Documents/Code/Python/DATN/install/custom_interfaces/lib/python3.12/site-packages/custom_interfaces/msg/_terminate_sys_s.c
[6.703s] -- Up-to-date: /home/tomccd/Documents/Code/Python/DATN/install/custom_interfaces/lib/python3.12/site-packages/custom_interfaces/msg/_weigh_value_s.c
[6.705s] -- Up-to-date: /home/tomccd/Documents/Code/Python/DATN/install/custom_interfaces/lib/python3.12/site-packages/custom_interfaces/msg/_set_weigh_io_s.c
[6.706s] -- Up-to-date: /home/tomccd/Documents/Code/Python/DATN/install/custom_interfaces/lib/python3.12/site-packages/custom_interfaces/msg/_set_weigh_io.py
[6.707s] -- Up-to-date: /home/tomccd/Documents/Code/Python/DATN/install/custom_interfaces/lib/python3.12/site-packages/custom_interfaces/custom_interfaces_s__rosidl_typesupport_fastrtps_c.so
[6.708s] -- Up-to-date: /home/tomccd/Documents/Code/Python/DATN/install/custom_interfaces/lib/python3.12/site-packages/custom_interfaces/_custom_interfaces_s.ep.rosidl_typesupport_fastrtps_c.c
[6.896s] Listing '/home/tomccd/Documents/Code/Python/DATN/install/custom_interfaces/lib/python3.12/site-packages/custom_interfaces'...
[6.902s] Listing '/home/tomccd/Documents/Code/Python/DATN/install/custom_interfaces/lib/python3.12/site-packages/custom_interfaces/msg'...
[6.911s] Listing '/home/tomccd/Documents/Code/Python/DATN/install/custom_interfaces/lib/python3.12/site-packages/custom_interfaces/srv'...
[6.961s] -- Up-to-date: /home/tomccd/Documents/Code/Python/DATN/install/custom_interfaces/lib/python3.12/site-packages/custom_interfaces/custom_interfaces_s__rosidl_typesupport_fastrtps_c.so
[6.991s] -- Up-to-date: /home/tomccd/Documents/Code/Python/DATN/install/custom_interfaces/lib/python3.12/site-packages/custom_interfaces/custom_interfaces_s__rosidl_typesupport_introspection_c.so
[6.995s] -- Up-to-date: /home/tomccd/Documents/Code/Python/DATN/install/custom_interfaces/lib/python3.12/site-packages/custom_interfaces/custom_interfaces_s__rosidl_typesupport_c.so
[7.003s] -- Up-to-date: /home/tomccd/Documents/Code/Python/DATN/install/custom_interfaces/lib/libcustom_interfaces__rosidl_generator_py.so
[7.007s] -- Up-to-date: /home/tomccd/Documents/Code/Python/DATN/install/custom_interfaces/share/custom_interfaces/msg/TerminateSys.idl
[7.012s] -- Up-to-date: /home/tomccd/Documents/Code/Python/DATN/install/custom_interfaces/share/custom_interfaces/srv/InitSys.idl
[7.013s] -- Up-to-date: /home/tomccd/Documents/Code/Python/DATN/install/custom_interfaces/share/custom_interfaces/msg/SetWeighIO.idl
[7.014s] -- Up-to-date: /home/tomccd/Documents/Code/Python/DATN/install/custom_interfaces/share/custom_interfaces/msg/WeighValue.idl
[7.015s] -- Up-to-date: /home/tomccd/Documents/Code/Python/DATN/install/custom_interfaces/share/custom_interfaces/msg/TerminateSys.msg
[7.022s] -- Up-to-date: /home/tomccd/Documents/Code/Python/DATN/install/custom_interfaces/share/custom_interfaces/srv/InitSys.srv
[7.025s] -- Up-to-date: /home/tomccd/Documents/Code/Python/DATN/install/custom_interfaces/share/custom_interfaces/msg/SetWeighIO.msg
[7.026s] -- Up-to-date: /home/tomccd/Documents/Code/Python/DATN/install/custom_interfaces/share/custom_interfaces/msg/WeighValue.msg
[7.027s] -- Up-to-date: /home/tomccd/Documents/Code/Python/DATN/install/custom_interfaces/share/ament_index/resource_index/package_run_dependencies/custom_interfaces
[7.028s] -- Up-to-date: /home/tomccd/Documents/Code/Python/DATN/install/custom_interfaces/share/ament_index/resource_index/parent_prefix_path/custom_interfaces
[7.029s] -- Up-to-date: /home/tomccd/Documents/Code/Python/DATN/install/custom_interfaces/share/custom_interfaces/environment/ament_prefix_path.sh
[7.030s] -- Up-to-date: /home/tomccd/Documents/Code/Python/DATN/install/custom_interfaces/share/custom_interfaces/environment/ament_prefix_path.dsv
[7.031s] -- Up-to-date: /home/tomccd/Documents/Code/Python/DATN/install/custom_interfaces/share/custom_interfaces/environment/path.sh
[7.032s] -- Up-to-date: /home/tomccd/Documents/Code/Python/DATN/install/custom_interfaces/share/custom_interfaces/environment/path.dsv
[7.033s] -- Up-to-date: /home/tomccd/Documents/Code/Python/DATN/install/custom_interfaces/share/custom_interfaces/local_setup.bash
[7.034s] -- Up-to-date: /home/tomccd/Documents/Code/Python/DATN/install/custom_interfaces/share/custom_interfaces/local_setup.sh
[7.035s] -- Up-to-date: /home/tomccd/Documents/Code/Python/DATN/install/custom_interfaces/share/custom_interfaces/local_setup.zsh
[7.036s] -- Up-to-date: /home/tomccd/Documents/Code/Python/DATN/install/custom_interfaces/share/custom_interfaces/local_setup.dsv
[7.037s] -- Installing: /home/tomccd/Documents/Code/Python/DATN/install/custom_interfaces/share/custom_interfaces/package.dsv
[7.049s] -- Up-to-date: /home/tomccd/Documents/Code/Python/DATN/install/custom_interfaces/share/ament_index/resource_index/packages/custom_interfaces
[7.056s] -- Up-to-date: /home/tomccd/Documents/Code/Python/DATN/install/custom_interfaces/share/custom_interfaces/cmake/export_custom_interfaces__rosidl_generator_cExport.cmake
[7.065s] -- Up-to-date: /home/tomccd/Documents/Code/Python/DATN/install/custom_interfaces/share/custom_interfaces/cmake/export_custom_interfaces__rosidl_generator_cExport-noconfig.cmake
[7.066s] -- Up-to-date: /home/tomccd/Documents/Code/Python/DATN/install/custom_interfaces/share/custom_interfaces/cmake/export_custom_interfaces__rosidl_typesupport_fastrtps_cExport.cmake
[7.068s] -- Up-to-date: /home/tomccd/Documents/Code/Python/DATN/install/custom_interfaces/share/custom_interfaces/cmake/export_custom_interfaces__rosidl_typesupport_fastrtps_cExport-noconfig.cmake
[7.084s] -- Up-to-date: /home/tomccd/Documents/Code/Python/DATN/install/custom_interfaces/share/custom_interfaces/cmake/custom_interfaces__rosidl_typesupport_introspection_cExport.cmake
[7.087s] -- Up-to-date: /home/tomccd/Documents/Code/Python/DATN/install/custom_interfaces/share/custom_interfaces/cmake/custom_interfaces__rosidl_typesupport_introspection_cExport-noconfig.cmake
[7.095s] -- Up-to-date: /home/tomccd/Documents/Code/Python/DATN/install/custom_interfaces/share/custom_interfaces/cmake/custom_interfaces__rosidl_typesupport_cExport.cmake
[7.097s] -- Up-to-date: /home/tomccd/Documents/Code/Python/DATN/install/custom_interfaces/share/custom_interfaces/cmake/custom_interfaces__rosidl_typesupport_cExport-noconfig.cmake
[7.105s] -- Up-to-date: /home/tomccd/Documents/Code/Python/DATN/install/custom_interfaces/share/custom_interfaces/cmake/export_custom_interfaces__rosidl_generator_cppExport.cmake
[7.111s] -- Up-to-date: /home/tomccd/Documents/Code/Python/DATN/install/custom_interfaces/share/custom_interfaces/cmake/export_custom_interfaces__rosidl_typesupport_fastrtps_cppExport.cmake
[7.113s] -- Up-to-date: /home/tomccd/Documents/Code/Python/DATN/install/custom_interfaces/share/custom_interfaces/cmake/export_custom_interfaces__rosidl_typesupport_fastrtps_cppExport-noconfig.cmake
[7.118s] -- Up-to-date: /home/tomccd/Documents/Code/Python/DATN/install/custom_interfaces/share/custom_interfaces/cmake/custom_interfaces__rosidl_typesupport_introspection_cppExport.cmake
[7.121s] -- Up-to-date: /home/tomccd/Documents/Code/Python/DATN/install/custom_interfaces/share/custom_interfaces/cmake/custom_interfaces__rosidl_typesupport_introspection_cppExport-noconfig.cmake
[7.123s] -- Up-to-date: /home/tomccd/Documents/Code/Python/DATN/install/custom_interfaces/share/custom_interfaces/cmake/custom_interfaces__rosidl_typesupport_cppExport.cmake
[7.127s] -- Up-to-date: /home/tomccd/Documents/Code/Python/DATN/install/custom_interfaces/share/custom_interfaces/cmake/custom_interfaces__rosidl_typesupport_cppExport-noconfig.cmake
[7.131s] -- Up-to-date: /home/tomccd/Documents/Code/Python/DATN/install/custom_interfaces/share/custom_interfaces/cmake/export_custom_interfaces__rosidl_generator_pyExport.cmake
[7.137s] -- Up-to-date: /home/tomccd/Documents/Code/Python/DATN/install/custom_interfaces/share/custom_interfaces/cmake/export_custom_interfaces__rosidl_generator_pyExport-noconfig.cmake
[7.148s] -- Up-to-date: /home/tomccd/Documents/Code/Python/DATN/install/custom_interfaces/share/custom_interfaces/cmake/rosidl_cmake-extras.cmake
[7.149s] -- Up-to-date: /home/tomccd/Documents/Code/Python/DATN/install/custom_interfaces/share/custom_interfaces/cmake/ament_cmake_export_dependencies-extras.cmake
[7.153s] -- Up-to-date: /home/tomccd/Documents/Code/Python/DATN/install/custom_interfaces/share/custom_interfaces/cmake/ament_cmake_export_include_directories-extras.cmake
[7.161s] -- Up-to-date: /home/tomccd/Documents/Code/Python/DATN/install/custom_interfaces/share/custom_interfaces/cmake/ament_cmake_export_libraries-extras.cmake
[7.164s] -- Up-to-date: /home/tomccd/Documents/Code/Python/DATN/install/custom_interfaces/share/custom_interfaces/cmake/ament_cmake_export_targets-extras.cmake
[7.165s] -- Up-to-date: /home/tomccd/Documents/Code/Python/DATN/install/custom_interfaces/share/custom_interfaces/cmake/rosidl_cmake_export_typesupport_targets-extras.cmake
[7.166s] -- Up-to-date: /home/tomccd/Documents/Code/Python/DATN/install/custom_interfaces/share/custom_interfaces/cmake/rosidl_cmake_export_typesupport_libraries-extras.cmake
[7.167s] -- Up-to-date: /home/tomccd/Documents/Code/Python/DATN/install/custom_interfaces/share/custom_interfaces/cmake/custom_interfacesConfig.cmake
[7.168s] -- Up-to-date: /home/tomccd/Documents/Code/Python/DATN/install/custom_interfaces/share/custom_interfaces/cmake/custom_interfacesConfig-version.cmake
[7.188s] -- Up-to-date: /home/tomccd/Documents/Code/Python/DATN/install/custom_interfaces/share/custom_interfaces/package.xml
[7.189s] Invoked command in '/home/tomccd/Documents/Code/Python/DATN/build/custom_interfaces' returned '0': CMAKE_PREFIX_PATH=${CMAKE_PREFIX_PATH}:/home/tomccd/Documents/Code/Python/DATN/install/module_weigh:/home/tomccd/Documents/Code/Python/DATN/install/module_supervisor:/home/tomccd/Documents/Code/Python/DATN/install/module_scanning_interface:/home/tomccd/Documents/Code/Python/DATN/install/module_motor:/home/tomccd/Documents/Code/Python/DATN/install/module_input:/opt/ros/jazzy /usr/bin/cmake --install /home/tomccd/Documents/Code/Python/DATN/build/custom_interfaces
