[8.146s] Invoking command in '/home/tomccd/Documents/Code/Python/DATN/Packages/module_weigh': CMAKE_PREFIX_PATH=/home/tomccd/Documents/Code/Python/DATN/install/custom_interfaces:/home/tomccd/Documents/Code/Python/DATN/install/launch_system:/home/tomccd/Documents/Code/Python/DATN/install/module_log_file:/opt/ros/jazzy/opt/gz_math_vendor:/opt/ros/jazzy/opt/gz_utils_vendor:/opt/ros/jazzy/opt/gz_cmake_vendor DEBUGINFOD_URLS=https://debuginfod.ubuntu.com PYTHONPATH=/home/tomccd/Documents/Code/Python/DATN/build/module_weigh/prefix_override:/usr/lib/python3/dist-packages/colcon_core/task/python/colcon_distutils_commands:/home/tomccd/Documents/Code/Python/DATN/install/module_weigh/lib/python3.12/site-packages:/home/tomccd/Documents/Code/Python/DATN/install/custom_interfaces/lib/python3.12/site-packages:/home/tomccd/Documents/Code/Python/DATN/install/module_weigh/lib/python3.12/site-packages:/home/tomccd/Documents/Code/Python/DATN/install/module_supervisor/lib/python3.12/site-packages:/home/tomccd/Documents/Code/Python/DATN/install/module_send_email/lib/python3.12/site-packages:/home/tomccd/Documents/Code/Python/DATN/install/module_scanning_interface/lib/python3.12/site-packages:/home/tomccd/Documents/Code/Python/DATN/install/module_motor/lib/python3.12/site-packages:/home/tomccd/Documents/Code/Python/DATN/install/module_input/lib/python3.12/site-packages:/opt/ros/jazzy/lib/python3.12/site-packages /usr/bin/python3 -W ignore:setup.py install is deprecated setup.py egg_info --egg-base ../../build/module_weigh build --build-base /home/tomccd/Documents/Code/Python/DATN/build/module_weigh/build install --record /home/tomccd/Documents/Code/Python/DATN/build/module_weigh/install.log --single-version-externally-managed install_data
[10.179s] running egg_info
[10.336s] writing ../../build/module_weigh/module_weigh.egg-info/PKG-INFO
[10.337s] writing dependency_links to ../../build/module_weigh/module_weigh.egg-info/dependency_links.txt
[10.345s] writing entry points to ../../build/module_weigh/module_weigh.egg-info/entry_points.txt
[10.347s] writing requirements to ../../build/module_weigh/module_weigh.egg-info/requires.txt
[10.348s] writing top-level names to ../../build/module_weigh/module_weigh.egg-info/top_level.txt
[10.675s] reading manifest file '../../build/module_weigh/module_weigh.egg-info/SOURCES.txt'
[10.680s] writing manifest file '../../build/module_weigh/module_weigh.egg-info/SOURCES.txt'
[10.681s] running build
[10.681s] running build_py
[10.682s] copying module_weigh/module_weigh.py -> /home/tomccd/Documents/Code/Python/DATN/build/module_weigh/build/lib/module_weigh
[10.684s] running install
[10.717s] running install_lib
[10.864s] creating /home/tomccd/Documents/Code/Python/DATN/install/module_weigh/lib/python3.12/site-packages/module_weigh
[10.866s] copying /home/tomccd/Documents/Code/Python/DATN/build/module_weigh/build/lib/module_weigh/__init__.py -> /home/tomccd/Documents/Code/Python/DATN/install/module_weigh/lib/python3.12/site-packages/module_weigh
[10.866s] copying /home/tomccd/Documents/Code/Python/DATN/build/module_weigh/build/lib/module_weigh/module_weigh.py -> /home/tomccd/Documents/Code/Python/DATN/install/module_weigh/lib/python3.12/site-packages/module_weigh
[10.869s] byte-compiling /home/tomccd/Documents/Code/Python/DATN/install/module_weigh/lib/python3.12/site-packages/module_weigh/__init__.py to __init__.cpython-312.pyc
[10.871s] byte-compiling /home/tomccd/Documents/Code/Python/DATN/install/module_weigh/lib/python3.12/site-packages/module_weigh/module_weigh.py to module_weigh.cpython-312.pyc
[10.876s] running install_data
[10.877s] creating /home/tomccd/Documents/Code/Python/DATN/install/module_weigh/share/ament_index
[10.878s] creating /home/tomccd/Documents/Code/Python/DATN/install/module_weigh/share/ament_index/resource_index
[10.879s] creating /home/tomccd/Documents/Code/Python/DATN/install/module_weigh/share/ament_index/resource_index/packages
[10.879s] copying resource/module_weigh -> /home/tomccd/Documents/Code/Python/DATN/install/module_weigh/share/ament_index/resource_index/packages
[10.880s] copying package.xml -> /home/tomccd/Documents/Code/Python/DATN/install/module_weigh/share/module_weigh
[10.882s] running install_egg_info
[11.049s] Copying ../../build/module_weigh/module_weigh.egg-info to /home/tomccd/Documents/Code/Python/DATN/install/module_weigh/lib/python3.12/site-packages/module_weigh-0.0.0-py3.12.egg-info
[11.056s] running install_scripts
[12.110s] Installing module_weigh script to /home/tomccd/Documents/Code/Python/DATN/install/module_weigh/lib/module_weigh
[12.113s] writing list of installed files to '/home/tomccd/Documents/Code/Python/DATN/build/module_weigh/install.log'
[12.302s] Invoked command in '/home/tomccd/Documents/Code/Python/DATN/Packages/module_weigh' returned '0': CMAKE_PREFIX_PATH=/home/tomccd/Documents/Code/Python/DATN/install/custom_interfaces:/home/tomccd/Documents/Code/Python/DATN/install/launch_system:/home/tomccd/Documents/Code/Python/DATN/install/module_log_file:/opt/ros/jazzy/opt/gz_math_vendor:/opt/ros/jazzy/opt/gz_utils_vendor:/opt/ros/jazzy/opt/gz_cmake_vendor DEBUGINFOD_URLS=https://debuginfod.ubuntu.com PYTHONPATH=/home/tomccd/Documents/Code/Python/DATN/build/module_weigh/prefix_override:/usr/lib/python3/dist-packages/colcon_core/task/python/colcon_distutils_commands:/home/tomccd/Documents/Code/Python/DATN/install/module_weigh/lib/python3.12/site-packages:/home/tomccd/Documents/Code/Python/DATN/install/custom_interfaces/lib/python3.12/site-packages:/home/tomccd/Documents/Code/Python/DATN/install/module_weigh/lib/python3.12/site-packages:/home/tomccd/Documents/Code/Python/DATN/install/module_supervisor/lib/python3.12/site-packages:/home/tomccd/Documents/Code/Python/DATN/install/module_send_email/lib/python3.12/site-packages:/home/tomccd/Documents/Code/Python/DATN/install/module_scanning_interface/lib/python3.12/site-packages:/home/tomccd/Documents/Code/Python/DATN/install/module_motor/lib/python3.12/site-packages:/home/tomccd/Documents/Code/Python/DATN/install/module_input/lib/python3.12/site-packages:/opt/ros/jazzy/lib/python3.12/site-packages /usr/bin/python3 -W ignore:setup.py install is deprecated setup.py egg_info --egg-base ../../build/module_weigh build --build-base /home/tomccd/Documents/Code/Python/DATN/build/module_weigh/build install --record /home/tomccd/Documents/Code/Python/DATN/build/module_weigh/install.log --single-version-externally-managed install_data
