[14.870s] Invoking command in '/home/tomccd/Documents/Code/Python/DATN/Packages/module_supervisor': CMAKE_PREFIX_PATH=/home/tomccd/Documents/Code/Python/DATN/install/custom_interfaces:/home/tomccd/Documents/Code/Python/DATN/install/launch_system:/home/tomccd/Documents/Code/Python/DATN/install/module_log_file:/opt/ros/jazzy/opt/gz_math_vendor:/opt/ros/jazzy/opt/gz_utils_vendor:/opt/ros/jazzy/opt/gz_cmake_vendor DEBUGINFOD_URLS=https://debuginfod.ubuntu.com PYTHONPATH=/home/tomccd/Documents/Code/Python/DATN/build/module_supervisor/prefix_override:/usr/lib/python3/dist-packages/colcon_core/task/python/colcon_distutils_commands:/home/tomccd/Documents/Code/Python/DATN/install/module_supervisor/lib/python3.12/site-packages:/home/tomccd/Documents/Code/Python/DATN/install/custom_interfaces/lib/python3.12/site-packages:/home/tomccd/Documents/Code/Python/DATN/install/module_weigh/lib/python3.12/site-packages:/home/tomccd/Documents/Code/Python/DATN/install/module_supervisor/lib/python3.12/site-packages:/home/tomccd/Documents/Code/Python/DATN/install/module_send_email/lib/python3.12/site-packages:/home/tomccd/Documents/Code/Python/DATN/install/module_scanning_interface/lib/python3.12/site-packages:/home/tomccd/Documents/Code/Python/DATN/install/module_motor/lib/python3.12/site-packages:/home/tomccd/Documents/Code/Python/DATN/install/module_input/lib/python3.12/site-packages:/opt/ros/jazzy/lib/python3.12/site-packages /usr/bin/python3 -W ignore:setup.py install is deprecated -W ignore:easy_install command is deprecated setup.py egg_info --egg-base ../../build/module_supervisor build --build-base /home/tomccd/Documents/Code/Python/DATN/build/module_supervisor/build install --record /home/tomccd/Documents/Code/Python/DATN/build/module_supervisor/install.log --single-version-externally-managed install_data
[20.116s] running egg_info
[21.226s] writing ../../build/module_supervisor/module_supervisor.egg-info/PKG-INFO
[21.233s] writing dependency_links to ../../build/module_supervisor/module_supervisor.egg-info/dependency_links.txt
[21.245s] writing entry points to ../../build/module_supervisor/module_supervisor.egg-info/entry_points.txt
[21.250s] writing requirements to ../../build/module_supervisor/module_supervisor.egg-info/requires.txt
[21.251s] writing top-level names to ../../build/module_supervisor/module_supervisor.egg-info/top_level.txt
[21.947s] reading manifest file '../../build/module_supervisor/module_supervisor.egg-info/SOURCES.txt'
[21.971s] writing manifest file '../../build/module_supervisor/module_supervisor.egg-info/SOURCES.txt'
[21.983s] running build
[21.985s] running build_py
[21.985s] running install
[22.025s] running install_lib
[22.314s] running install_data
[22.318s] running install_egg_info
[22.816s] removing '/home/tomccd/Documents/Code/Python/DATN/install/module_supervisor/lib/python3.12/site-packages/module_supervisor-0.0.0-py3.12.egg-info' (and everything under it)
[22.817s] Copying ../../build/module_supervisor/module_supervisor.egg-info to /home/tomccd/Documents/Code/Python/DATN/install/module_supervisor/lib/python3.12/site-packages/module_supervisor-0.0.0-py3.12.egg-info
[22.839s] running install_scripts
[24.402s] Installing module_supervisor script to /home/tomccd/Documents/Code/Python/DATN/install/module_supervisor/lib/module_supervisor
[24.407s] writing list of installed files to '/home/tomccd/Documents/Code/Python/DATN/build/module_supervisor/install.log'
[26.047s] Invoked command in '/home/tomccd/Documents/Code/Python/DATN/Packages/module_supervisor' returned '0': CMAKE_PREFIX_PATH=/home/tomccd/Documents/Code/Python/DATN/install/custom_interfaces:/home/tomccd/Documents/Code/Python/DATN/install/launch_system:/home/tomccd/Documents/Code/Python/DATN/install/module_log_file:/opt/ros/jazzy/opt/gz_math_vendor:/opt/ros/jazzy/opt/gz_utils_vendor:/opt/ros/jazzy/opt/gz_cmake_vendor DEBUGINFOD_URLS=https://debuginfod.ubuntu.com PYTHONPATH=/home/tomccd/Documents/Code/Python/DATN/build/module_supervisor/prefix_override:/usr/lib/python3/dist-packages/colcon_core/task/python/colcon_distutils_commands:/home/tomccd/Documents/Code/Python/DATN/install/module_supervisor/lib/python3.12/site-packages:/home/tomccd/Documents/Code/Python/DATN/install/custom_interfaces/lib/python3.12/site-packages:/home/tomccd/Documents/Code/Python/DATN/install/module_weigh/lib/python3.12/site-packages:/home/tomccd/Documents/Code/Python/DATN/install/module_supervisor/lib/python3.12/site-packages:/home/tomccd/Documents/Code/Python/DATN/install/module_send_email/lib/python3.12/site-packages:/home/tomccd/Documents/Code/Python/DATN/install/module_scanning_interface/lib/python3.12/site-packages:/home/tomccd/Documents/Code/Python/DATN/install/module_motor/lib/python3.12/site-packages:/home/tomccd/Documents/Code/Python/DATN/install/module_input/lib/python3.12/site-packages:/opt/ros/jazzy/lib/python3.12/site-packages /usr/bin/python3 -W ignore:setup.py install is deprecated -W ignore:easy_install command is deprecated setup.py egg_info --egg-base ../../build/module_supervisor build --build-base /home/tomccd/Documents/Code/Python/DATN/build/module_supervisor/build install --record /home/tomccd/Documents/Code/Python/DATN/build/module_supervisor/install.log --single-version-externally-managed install_data
