[16.722s] Invoking command in '/home/tomccd/Documents/Code/Python/DATN/Packages/module_weigh': CMAKE_PREFIX_PATH=/home/tomccd/Documents/Code/Python/DATN/install/custom_interfaces:/home/tomccd/Documents/Code/Python/DATN/install/launch_system:/opt/ros/jazzy/opt/gz_math_vendor:/opt/ros/jazzy/opt/gz_utils_vendor:/opt/ros/jazzy/opt/gz_cmake_vendor DEBUGINFOD_URLS=https://debuginfod.ubuntu.com PYTHONPATH=/home/tomccd/Documents/Code/Python/DATN/build/module_weigh/prefix_override:/usr/lib/python3/dist-packages/colcon_core/task/python/colcon_distutils_commands:/home/tomccd/Documents/Code/Python/DATN/install/module_weigh/lib/python3.12/site-packages:/home/tomccd/Documents/Code/Python/DATN/install/custom_interfaces/lib/python3.12/site-packages:/home/tomccd/Documents/Code/Python/DATN/install/module_weigh/lib/python3.12/site-packages:/home/tomccd/Documents/Code/Python/DATN/install/module_supervisor/lib/python3.12/site-packages:/home/tomccd/Documents/Code/Python/DATN/install/module_scanning_interface/lib/python3.12/site-packages:/home/tomccd/Documents/Code/Python/DATN/install/module_input/lib/python3.12/site-packages:/opt/ros/jazzy/lib/python3.12/site-packages /usr/bin/python3 -W ignore:setup.py install is deprecated setup.py egg_info --egg-base ../../build/module_weigh build --build-base /home/tomccd/Documents/Code/Python/DATN/build/module_weigh/build install --record /home/tomccd/Documents/Code/Python/DATN/build/module_weigh/install.log --single-version-externally-managed install_data
[20.038s] running egg_info
[20.344s] writing ../../build/module_weigh/module_weigh.egg-info/PKG-INFO
[20.350s] writing dependency_links to ../../build/module_weigh/module_weigh.egg-info/dependency_links.txt
[20.352s] writing entry points to ../../build/module_weigh/module_weigh.egg-info/entry_points.txt
[20.353s] writing requirements to ../../build/module_weigh/module_weigh.egg-info/requires.txt
[20.377s] writing top-level names to ../../build/module_weigh/module_weigh.egg-info/top_level.txt
[20.842s] reading manifest file '../../build/module_weigh/module_weigh.egg-info/SOURCES.txt'
[20.861s] writing manifest file '../../build/module_weigh/module_weigh.egg-info/SOURCES.txt'
[20.885s] running build
[20.897s] running build_py
[20.908s] copying module_weigh/module_weigh.py -> /home/tomccd/Documents/Code/Python/DATN/build/module_weigh/build/lib/module_weigh
[20.918s] running install
[20.919s] running install_lib
[21.203s] copying /home/tomccd/Documents/Code/Python/DATN/build/module_weigh/build/lib/module_weigh/module_weigh.py -> /home/tomccd/Documents/Code/Python/DATN/install/module_weigh/lib/python3.12/site-packages/module_weigh
[21.209s] byte-compiling /home/tomccd/Documents/Code/Python/DATN/install/module_weigh/lib/python3.12/site-packages/module_weigh/module_weigh.py to module_weigh.cpython-312.pyc
[21.232s] running install_data
[21.232s] running install_egg_info
[21.521s] removing '/home/tomccd/Documents/Code/Python/DATN/install/module_weigh/lib/python3.12/site-packages/module_weigh-0.0.0-py3.12.egg-info' (and everything under it)
[21.543s] Copying ../../build/module_weigh/module_weigh.egg-info to /home/tomccd/Documents/Code/Python/DATN/install/module_weigh/lib/python3.12/site-packages/module_weigh-0.0.0-py3.12.egg-info
[21.582s] running install_scripts
[23.105s] Installing module_weigh script to /home/tomccd/Documents/Code/Python/DATN/install/module_weigh/lib/module_weigh
[23.164s] writing list of installed files to '/home/tomccd/Documents/Code/Python/DATN/build/module_weigh/install.log'
[23.440s] Invoked command in '/home/tomccd/Documents/Code/Python/DATN/Packages/module_weigh' returned '0': CMAKE_PREFIX_PATH=/home/tomccd/Documents/Code/Python/DATN/install/custom_interfaces:/home/tomccd/Documents/Code/Python/DATN/install/launch_system:/opt/ros/jazzy/opt/gz_math_vendor:/opt/ros/jazzy/opt/gz_utils_vendor:/opt/ros/jazzy/opt/gz_cmake_vendor DEBUGINFOD_URLS=https://debuginfod.ubuntu.com PYTHONPATH=/home/tomccd/Documents/Code/Python/DATN/build/module_weigh/prefix_override:/usr/lib/python3/dist-packages/colcon_core/task/python/colcon_distutils_commands:/home/tomccd/Documents/Code/Python/DATN/install/module_weigh/lib/python3.12/site-packages:/home/tomccd/Documents/Code/Python/DATN/install/custom_interfaces/lib/python3.12/site-packages:/home/tomccd/Documents/Code/Python/DATN/install/module_weigh/lib/python3.12/site-packages:/home/tomccd/Documents/Code/Python/DATN/install/module_supervisor/lib/python3.12/site-packages:/home/tomccd/Documents/Code/Python/DATN/install/module_scanning_interface/lib/python3.12/site-packages:/home/tomccd/Documents/Code/Python/DATN/install/module_input/lib/python3.12/site-packages:/opt/ros/jazzy/lib/python3.12/site-packages /usr/bin/python3 -W ignore:setup.py install is deprecated setup.py egg_info --egg-base ../../build/module_weigh build --build-base /home/tomccd/Documents/Code/Python/DATN/build/module_weigh/build install --record /home/tomccd/Documents/Code/Python/DATN/build/module_weigh/install.log --single-version-externally-managed install_data
