[17.257s] Invoking command in '/home/tomccd/Documents/Code/Python/DATN/Packages/module_motor': CMAKE_PREFIX_PATH=/home/tomccd/Documents/Code/Python/DATN/install/custom_interfaces:/home/tomccd/Documents/Code/Python/DATN/install/launch_system:/home/tomccd/Documents/Code/Python/DATN/install/module_log_file:/opt/ros/jazzy/opt/gz_math_vendor:/opt/ros/jazzy/opt/gz_utils_vendor:/opt/ros/jazzy/opt/gz_cmake_vendor DEBUGINFOD_URLS=https://debuginfod.ubuntu.com PYTHONPATH=/home/tomccd/Documents/Code/Python/DATN/build/module_motor/prefix_override:/usr/lib/python3/dist-packages/colcon_core/task/python/colcon_distutils_commands:/home/tomccd/Documents/Code/Python/DATN/install/module_motor/lib/python3.12/site-packages:/home/tomccd/Documents/Code/Python/DATN/install/custom_interfaces/lib/python3.12/site-packages:/home/tomccd/Documents/Code/Python/DATN/install/module_scanning_interface/lib/python3.12/site-packages:/home/tomccd/Documents/Code/Python/DATN/install/module_weigh/lib/python3.12/site-packages:/home/tomccd/Documents/Code/Python/DATN/install/module_supervisor/lib/python3.12/site-packages:/home/tomccd/Documents/Code/Python/DATN/install/module_send_email/lib/python3.12/site-packages:/home/tomccd/Documents/Code/Python/DATN/install/module_motor/lib/python3.12/site-packages:/home/tomccd/Documents/Code/Python/DATN/install/module_input/lib/python3.12/site-packages:/opt/ros/jazzy/lib/python3.12/site-packages /usr/bin/python3 -W ignore:setup.py install is deprecated -W ignore:easy_install command is deprecated setup.py egg_info --egg-base ../../build/module_motor build --build-base /home/tomccd/Documents/Code/Python/DATN/build/module_motor/build install --record /home/tomccd/Documents/Code/Python/DATN/build/module_motor/install.log --single-version-externally-managed install_data
[25.169s] running egg_info
[25.391s] writing ../../build/module_motor/module_motor.egg-info/PKG-INFO
[25.397s] writing dependency_links to ../../build/module_motor/module_motor.egg-info/dependency_links.txt
[25.414s] writing entry points to ../../build/module_motor/module_motor.egg-info/entry_points.txt
[25.428s] writing requirements to ../../build/module_motor/module_motor.egg-info/requires.txt
[25.433s] writing top-level names to ../../build/module_motor/module_motor.egg-info/top_level.txt
[27.454s] reading manifest file '../../build/module_motor/module_motor.egg-info/SOURCES.txt'
[27.516s] writing manifest file '../../build/module_motor/module_motor.egg-info/SOURCES.txt'
[27.517s] running build
[27.518s] running build_py
[27.550s] copying module_motor/node_dc_motor.py -> /home/tomccd/Documents/Code/Python/DATN/build/module_motor/build/lib/module_motor
[27.555s] running install
[27.748s] running install_lib
[28.811s] creating /home/tomccd/Documents/Code/Python/DATN/install/module_motor/lib/python3.12/site-packages/module_motor
[28.812s] copying /home/tomccd/Documents/Code/Python/DATN/build/module_motor/build/lib/module_motor/node_dc_motor.py -> /home/tomccd/Documents/Code/Python/DATN/install/module_motor/lib/python3.12/site-packages/module_motor
[28.829s] copying /home/tomccd/Documents/Code/Python/DATN/build/module_motor/build/lib/module_motor/node_dc_servo.py -> /home/tomccd/Documents/Code/Python/DATN/install/module_motor/lib/python3.12/site-packages/module_motor
[28.830s] copying /home/tomccd/Documents/Code/Python/DATN/build/module_motor/build/lib/module_motor/__init__.py -> /home/tomccd/Documents/Code/Python/DATN/install/module_motor/lib/python3.12/site-packages/module_motor
[28.840s] byte-compiling /home/tomccd/Documents/Code/Python/DATN/install/module_motor/lib/python3.12/site-packages/module_motor/node_dc_motor.py to node_dc_motor.cpython-312.pyc
[28.872s] byte-compiling /home/tomccd/Documents/Code/Python/DATN/install/module_motor/lib/python3.12/site-packages/module_motor/node_dc_servo.py to node_dc_servo.cpython-312.pyc
[28.923s] byte-compiling /home/tomccd/Documents/Code/Python/DATN/install/module_motor/lib/python3.12/site-packages/module_motor/__init__.py to __init__.cpython-312.pyc
[28.931s] running install_data
[28.932s] creating /home/tomccd/Documents/Code/Python/DATN/install/module_motor/share/ament_index
[28.937s] creating /home/tomccd/Documents/Code/Python/DATN/install/module_motor/share/ament_index/resource_index
[28.938s] creating /home/tomccd/Documents/Code/Python/DATN/install/module_motor/share/ament_index/resource_index/packages
[28.938s] copying resource/module_motor -> /home/tomccd/Documents/Code/Python/DATN/install/module_motor/share/ament_index/resource_index/packages
[28.962s] copying package.xml -> /home/tomccd/Documents/Code/Python/DATN/install/module_motor/share/module_motor
[28.964s] running install_egg_info
[29.503s] Copying ../../build/module_motor/module_motor.egg-info to /home/tomccd/Documents/Code/Python/DATN/install/module_motor/lib/python3.12/site-packages/module_motor-0.0.0-py3.12.egg-info
[29.527s] running install_scripts
[33.361s] Installing node_dc_motor script to /home/tomccd/Documents/Code/Python/DATN/install/module_motor/lib/module_motor
[33.373s] Installing node_dc_servo script to /home/tomccd/Documents/Code/Python/DATN/install/module_motor/lib/module_motor
[33.375s] writing list of installed files to '/home/tomccd/Documents/Code/Python/DATN/build/module_motor/install.log'
[33.852s] Invoked command in '/home/tomccd/Documents/Code/Python/DATN/Packages/module_motor' returned '0': CMAKE_PREFIX_PATH=/home/tomccd/Documents/Code/Python/DATN/install/custom_interfaces:/home/tomccd/Documents/Code/Python/DATN/install/launch_system:/home/tomccd/Documents/Code/Python/DATN/install/module_log_file:/opt/ros/jazzy/opt/gz_math_vendor:/opt/ros/jazzy/opt/gz_utils_vendor:/opt/ros/jazzy/opt/gz_cmake_vendor DEBUGINFOD_URLS=https://debuginfod.ubuntu.com PYTHONPATH=/home/tomccd/Documents/Code/Python/DATN/build/module_motor/prefix_override:/usr/lib/python3/dist-packages/colcon_core/task/python/colcon_distutils_commands:/home/tomccd/Documents/Code/Python/DATN/install/module_motor/lib/python3.12/site-packages:/home/tomccd/Documents/Code/Python/DATN/install/custom_interfaces/lib/python3.12/site-packages:/home/tomccd/Documents/Code/Python/DATN/install/module_scanning_interface/lib/python3.12/site-packages:/home/tomccd/Documents/Code/Python/DATN/install/module_weigh/lib/python3.12/site-packages:/home/tomccd/Documents/Code/Python/DATN/install/module_supervisor/lib/python3.12/site-packages:/home/tomccd/Documents/Code/Python/DATN/install/module_send_email/lib/python3.12/site-packages:/home/tomccd/Documents/Code/Python/DATN/install/module_motor/lib/python3.12/site-packages:/home/tomccd/Documents/Code/Python/DATN/install/module_input/lib/python3.12/site-packages:/opt/ros/jazzy/lib/python3.12/site-packages /usr/bin/python3 -W ignore:setup.py install is deprecated -W ignore:easy_install command is deprecated setup.py egg_info --egg-base ../../build/module_motor build --build-base /home/tomccd/Documents/Code/Python/DATN/build/module_motor/build install --record /home/tomccd/Documents/Code/Python/DATN/build/module_motor/install.log --single-version-externally-managed install_data
