[8.358s] Invoking command in '/home/tomccd/Documents/Code/Python/DATN/Packages/module_motor': CMAKE_PREFIX_PATH=/home/tomccd/Documents/Code/Python/DATN/install/custom_interfaces:/home/tomccd/Documents/Code/Python/DATN/install/launch_system:/home/tomccd/Documents/Code/Python/DATN/install/module_log_file:/opt/ros/jazzy/opt/gz_math_vendor:/opt/ros/jazzy/opt/gz_utils_vendor:/opt/ros/jazzy/opt/gz_cmake_vendor DEBUGINFOD_URLS=https://debuginfod.ubuntu.com PYTHONPATH=/home/tomccd/Documents/Code/Python/DATN/build/module_motor/prefix_override:/usr/lib/python3/dist-packages/colcon_core/task/python/colcon_distutils_commands:/home/tomccd/Documents/Code/Python/DATN/install/module_motor/lib/python3.12/site-packages:/home/tomccd/Documents/Code/Python/DATN/install/custom_interfaces/lib/python3.12/site-packages:/home/tomccd/Documents/Code/Python/DATN/install/module_weigh/lib/python3.12/site-packages:/home/tomccd/Documents/Code/Python/DATN/install/module_supervisor/lib/python3.12/site-packages:/home/tomccd/Documents/Code/Python/DATN/install/module_send_email/lib/python3.12/site-packages:/home/tomccd/Documents/Code/Python/DATN/install/module_scanning_interface/lib/python3.12/site-packages:/home/tomccd/Documents/Code/Python/DATN/install/module_motor/lib/python3.12/site-packages:/home/tomccd/Documents/Code/Python/DATN/install/module_input/lib/python3.12/site-packages:/opt/ros/jazzy/lib/python3.12/site-packages /usr/bin/python3 -W ignore:setup.py install is deprecated setup.py egg_info --egg-base ../../build/module_motor build --build-base /home/tomccd/Documents/Code/Python/DATN/build/module_motor/build install --record /home/tomccd/Documents/Code/Python/DATN/build/module_motor/install.log --single-version-externally-managed install_data
[9.996s] running egg_info
[9.997s] creating ../../build/module_motor/module_motor.egg-info
[10.125s] writing ../../build/module_motor/module_motor.egg-info/PKG-INFO
[10.127s] writing dependency_links to ../../build/module_motor/module_motor.egg-info/dependency_links.txt
[10.128s] writing entry points to ../../build/module_motor/module_motor.egg-info/entry_points.txt
[10.130s] writing requirements to ../../build/module_motor/module_motor.egg-info/requires.txt
[10.130s] writing top-level names to ../../build/module_motor/module_motor.egg-info/top_level.txt
[10.131s] writing manifest file '../../build/module_motor/module_motor.egg-info/SOURCES.txt'
[10.499s] reading manifest file '../../build/module_motor/module_motor.egg-info/SOURCES.txt'
[10.502s] writing manifest file '../../build/module_motor/module_motor.egg-info/SOURCES.txt'
[10.503s] running build
[10.504s] running build_py
[10.505s] creating /home/tomccd/Documents/Code/Python/DATN/build/module_motor/build
[10.506s] creating /home/tomccd/Documents/Code/Python/DATN/build/module_motor/build/lib
[10.506s] creating /home/tomccd/Documents/Code/Python/DATN/build/module_motor/build/lib/module_motor
[10.507s] copying module_motor/node_dc_motor.py -> /home/tomccd/Documents/Code/Python/DATN/build/module_motor/build/lib/module_motor
[10.508s] copying module_motor/node_dc_servo.py -> /home/tomccd/Documents/Code/Python/DATN/build/module_motor/build/lib/module_motor
[10.509s] copying module_motor/__init__.py -> /home/tomccd/Documents/Code/Python/DATN/build/module_motor/build/lib/module_motor
[10.510s] running install
[10.541s] running install_lib
[10.751s] copying /home/tomccd/Documents/Code/Python/DATN/build/module_motor/build/lib/module_motor/node_dc_motor.py -> /home/tomccd/Documents/Code/Python/DATN/install/module_motor/lib/python3.12/site-packages/module_motor
[10.754s] byte-compiling /home/tomccd/Documents/Code/Python/DATN/install/module_motor/lib/python3.12/site-packages/module_motor/node_dc_motor.py to node_dc_motor.cpython-312.pyc
[10.760s] running install_data
[10.762s] running install_egg_info
[10.936s] removing '/home/tomccd/Documents/Code/Python/DATN/install/module_motor/lib/python3.12/site-packages/module_motor-0.0.0-py3.12.egg-info' (and everything under it)
[10.941s] Copying ../../build/module_motor/module_motor.egg-info to /home/tomccd/Documents/Code/Python/DATN/install/module_motor/lib/python3.12/site-packages/module_motor-0.0.0-py3.12.egg-info
[10.959s] running install_scripts
[12.104s] Installing node_dc_motor script to /home/tomccd/Documents/Code/Python/DATN/install/module_motor/lib/module_motor
[12.105s] Installing node_dc_servo script to /home/tomccd/Documents/Code/Python/DATN/install/module_motor/lib/module_motor
[12.113s] writing list of installed files to '/home/tomccd/Documents/Code/Python/DATN/build/module_motor/install.log'
[12.273s] Invoked command in '/home/tomccd/Documents/Code/Python/DATN/Packages/module_motor' returned '0': CMAKE_PREFIX_PATH=/home/tomccd/Documents/Code/Python/DATN/install/custom_interfaces:/home/tomccd/Documents/Code/Python/DATN/install/launch_system:/home/tomccd/Documents/Code/Python/DATN/install/module_log_file:/opt/ros/jazzy/opt/gz_math_vendor:/opt/ros/jazzy/opt/gz_utils_vendor:/opt/ros/jazzy/opt/gz_cmake_vendor DEBUGINFOD_URLS=https://debuginfod.ubuntu.com PYTHONPATH=/home/tomccd/Documents/Code/Python/DATN/build/module_motor/prefix_override:/usr/lib/python3/dist-packages/colcon_core/task/python/colcon_distutils_commands:/home/tomccd/Documents/Code/Python/DATN/install/module_motor/lib/python3.12/site-packages:/home/tomccd/Documents/Code/Python/DATN/install/custom_interfaces/lib/python3.12/site-packages:/home/tomccd/Documents/Code/Python/DATN/install/module_weigh/lib/python3.12/site-packages:/home/tomccd/Documents/Code/Python/DATN/install/module_supervisor/lib/python3.12/site-packages:/home/tomccd/Documents/Code/Python/DATN/install/module_send_email/lib/python3.12/site-packages:/home/tomccd/Documents/Code/Python/DATN/install/module_scanning_interface/lib/python3.12/site-packages:/home/tomccd/Documents/Code/Python/DATN/install/module_motor/lib/python3.12/site-packages:/home/tomccd/Documents/Code/Python/DATN/install/module_input/lib/python3.12/site-packages:/opt/ros/jazzy/lib/python3.12/site-packages /usr/bin/python3 -W ignore:setup.py install is deprecated setup.py egg_info --egg-base ../../build/module_motor build --build-base /home/tomccd/Documents/Code/Python/DATN/build/module_motor/build install --record /home/tomccd/Documents/Code/Python/DATN/build/module_motor/install.log --single-version-externally-managed install_data
