[5.115s] Invoking command in '/home/tomccd/Documents/Code/Python/DATN/Packages/module_send_email': CMAKE_PREFIX_PATH=/home/tomccd/Documents/Code/Python/DATN/install/custom_interfaces:/home/tomccd/Documents/Code/Python/DATN/install/launch_system:/home/tomccd/Documents/Code/Python/DATN/install/module_log_file:/opt/ros/jazzy/opt/gz_math_vendor:/opt/ros/jazzy/opt/gz_utils_vendor:/opt/ros/jazzy/opt/gz_cmake_vendor PYTHONPATH=/home/tomccd/Documents/Code/Python/DATN/build/module_send_email/prefix_override:/usr/lib/python3/dist-packages/colcon_core/task/python/colcon_distutils_commands:/home/tomccd/Documents/Code/Python/DATN/install/module_send_email/lib/python3.12/site-packages:/home/tomccd/Documents/Code/Python/DATN/install/custom_interfaces/lib/python3.12/site-packages:/home/tomccd/Documents/Code/Python/DATN/install/module_weigh/lib/python3.12/site-packages:/home/tomccd/Documents/Code/Python/DATN/install/module_supervisor/lib/python3.12/site-packages:/home/tomccd/Documents/Code/Python/DATN/install/module_scanning_interface/lib/python3.12/site-packages:/home/tomccd/Documents/Code/Python/DATN/install/module_motor/lib/python3.12/site-packages:/home/tomccd/Documents/Code/Python/DATN/install/module_input/lib/python3.12/site-packages:/opt/ros/jazzy/lib/python3.12/site-packages /usr/bin/python3 -W ignore:setup.py install is deprecated setup.py egg_info --egg-base ../../build/module_send_email build --build-base /home/tomccd/Documents/Code/Python/DATN/build/module_send_email/build install --record /home/tomccd/Documents/Code/Python/DATN/build/module_send_email/install.log --single-version-externally-managed install_data
[6.880s] running egg_info
[7.012s] writing ../../build/module_send_email/module_send_email.egg-info/PKG-INFO
[7.014s] writing dependency_links to ../../build/module_send_email/module_send_email.egg-info/dependency_links.txt
[7.016s] writing entry points to ../../build/module_send_email/module_send_email.egg-info/entry_points.txt
[7.017s] writing requirements to ../../build/module_send_email/module_send_email.egg-info/requires.txt
[7.018s] writing top-level names to ../../build/module_send_email/module_send_email.egg-info/top_level.txt
[7.321s] reading manifest file '../../build/module_send_email/module_send_email.egg-info/SOURCES.txt'
[7.325s] writing manifest file '../../build/module_send_email/module_send_email.egg-info/SOURCES.txt'
[7.326s] running build
[7.327s] running build_py
[7.327s] copying module_send_email/module_send_email.py -> /home/tomccd/Documents/Code/Python/DATN/build/module_send_email/build/lib/module_send_email
[7.329s] running install
[7.358s] running install_lib
[7.517s] copying /home/tomccd/Documents/Code/Python/DATN/build/module_send_email/build/lib/module_send_email/module_send_email.py -> /home/tomccd/Documents/Code/Python/DATN/install/module_send_email/lib/python3.12/site-packages/module_send_email
[7.521s] byte-compiling /home/tomccd/Documents/Code/Python/DATN/install/module_send_email/lib/python3.12/site-packages/module_send_email/module_send_email.py to module_send_email.cpython-312.pyc
[7.527s] running install_data
[7.528s] running install_egg_info
[7.698s] removing '/home/tomccd/Documents/Code/Python/DATN/install/module_send_email/lib/python3.12/site-packages/module_send_email-0.0.0-py3.12.egg-info' (and everything under it)
[7.702s] Copying ../../build/module_send_email/module_send_email.egg-info to /home/tomccd/Documents/Code/Python/DATN/install/module_send_email/lib/python3.12/site-packages/module_send_email-0.0.0-py3.12.egg-info
[7.718s] running install_scripts
[8.719s] Installing module_send_email script to /home/tomccd/Documents/Code/Python/DATN/install/module_send_email/lib/module_send_email
[8.721s] writing list of installed files to '/home/tomccd/Documents/Code/Python/DATN/build/module_send_email/install.log'
[8.907s] Invoked command in '/home/tomccd/Documents/Code/Python/DATN/Packages/module_send_email' returned '0': CMAKE_PREFIX_PATH=/home/tomccd/Documents/Code/Python/DATN/install/custom_interfaces:/home/tomccd/Documents/Code/Python/DATN/install/launch_system:/home/tomccd/Documents/Code/Python/DATN/install/module_log_file:/opt/ros/jazzy/opt/gz_math_vendor:/opt/ros/jazzy/opt/gz_utils_vendor:/opt/ros/jazzy/opt/gz_cmake_vendor PYTHONPATH=/home/tomccd/Documents/Code/Python/DATN/build/module_send_email/prefix_override:/usr/lib/python3/dist-packages/colcon_core/task/python/colcon_distutils_commands:/home/tomccd/Documents/Code/Python/DATN/install/module_send_email/lib/python3.12/site-packages:/home/tomccd/Documents/Code/Python/DATN/install/custom_interfaces/lib/python3.12/site-packages:/home/tomccd/Documents/Code/Python/DATN/install/module_weigh/lib/python3.12/site-packages:/home/tomccd/Documents/Code/Python/DATN/install/module_supervisor/lib/python3.12/site-packages:/home/tomccd/Documents/Code/Python/DATN/install/module_scanning_interface/lib/python3.12/site-packages:/home/tomccd/Documents/Code/Python/DATN/install/module_motor/lib/python3.12/site-packages:/home/tomccd/Documents/Code/Python/DATN/install/module_input/lib/python3.12/site-packages:/opt/ros/jazzy/lib/python3.12/site-packages /usr/bin/python3 -W ignore:setup.py install is deprecated setup.py egg_info --egg-base ../../build/module_send_email build --build-base /home/tomccd/Documents/Code/Python/DATN/build/module_send_email/build install --record /home/tomccd/Documents/Code/Python/DATN/build/module_send_email/install.log --single-version-externally-managed install_data
