[5.692s] Invoking command in '/home/tomccd/Documents/Code/Python/DATN/Packages/module_scanning_interface': CMAKE_PREFIX_PATH=/home/tomccd/Documents/Code/Python/DATN/install/custom_interfaces:/home/tomccd/Documents/Code/Python/DATN/install/launch_system:/opt/ros/jazzy/opt/gz_math_vendor:/opt/ros/jazzy/opt/gz_utils_vendor:/opt/ros/jazzy/opt/gz_cmake_vendor PYTHONPATH=/home/tomccd/Documents/Code/Python/DATN/build/module_scanning_interface/prefix_override:/usr/lib/python3/dist-packages/colcon_core/task/python/colcon_distutils_commands:/home/tomccd/Documents/Code/Python/DATN/install/module_scanning_interface/lib/python3.12/site-packages:/home/tomccd/Documents/Code/Python/DATN/install/custom_interfaces/lib/python3.12/site-packages:/home/tomccd/Documents/Code/Python/DATN/install/module_supervisor/lib/python3.12/site-packages:/home/tomccd/Documents/Code/Python/DATN/install/module_scanning_interface/lib/python3.12/site-packages:/opt/ros/jazzy/lib/python3.12/site-packages /usr/bin/python3 -W ignore:setup.py install is deprecated setup.py egg_info --egg-base ../../build/module_scanning_interface build --build-base /home/tomccd/Documents/Code/Python/DATN/build/module_scanning_interface/build install --record /home/tomccd/Documents/Code/Python/DATN/build/module_scanning_interface/install.log --single-version-externally-managed install_data
[7.536s] running egg_info
[7.699s] writing ../../build/module_scanning_interface/module_scanning_interface.egg-info/PKG-INFO
[7.700s] writing dependency_links to ../../build/module_scanning_interface/module_scanning_interface.egg-info/dependency_links.txt
[7.707s] writing entry points to ../../build/module_scanning_interface/module_scanning_interface.egg-info/entry_points.txt
[7.708s] writing requirements to ../../build/module_scanning_interface/module_scanning_interface.egg-info/requires.txt
[7.709s] writing top-level names to ../../build/module_scanning_interface/module_scanning_interface.egg-info/top_level.txt
[8.008s] reading manifest file '../../build/module_scanning_interface/module_scanning_interface.egg-info/SOURCES.txt'
[8.013s] writing manifest file '../../build/module_scanning_interface/module_scanning_interface.egg-info/SOURCES.txt'
[8.014s] running build
[8.015s] running build_py
[8.016s] copying module_scanning_interface/module_scanning_interface.py -> /home/tomccd/Documents/Code/Python/DATN/build/module_scanning_interface/build/lib/module_scanning_interface
[8.026s] running install
[8.049s] running install_lib
[8.197s] copying /home/tomccd/Documents/Code/Python/DATN/build/module_scanning_interface/build/lib/module_scanning_interface/module_scanning_interface.py -> /home/tomccd/Documents/Code/Python/DATN/install/module_scanning_interface/lib/python3.12/site-packages/module_scanning_interface
[8.207s] byte-compiling /home/tomccd/Documents/Code/Python/DATN/install/module_scanning_interface/lib/python3.12/site-packages/module_scanning_interface/module_scanning_interface.py to module_scanning_interface.cpython-312.pyc
[8.214s] running install_data
[8.215s] running install_egg_info
[8.350s] removing '/home/tomccd/Documents/Code/Python/DATN/install/module_scanning_interface/lib/python3.12/site-packages/module_scanning_interface-0.0.0-py3.12.egg-info' (and everything under it)
[8.354s] Copying ../../build/module_scanning_interface/module_scanning_interface.egg-info to /home/tomccd/Documents/Code/Python/DATN/install/module_scanning_interface/lib/python3.12/site-packages/module_scanning_interface-0.0.0-py3.12.egg-info
[8.369s] running install_scripts
[9.510s] Installing module_scanning_interface script to /home/tomccd/Documents/Code/Python/DATN/install/module_scanning_interface/lib/module_scanning_interface
[9.512s] writing list of installed files to '/home/tomccd/Documents/Code/Python/DATN/build/module_scanning_interface/install.log'
[9.678s] Invoked command in '/home/tomccd/Documents/Code/Python/DATN/Packages/module_scanning_interface' returned '0': CMAKE_PREFIX_PATH=/home/tomccd/Documents/Code/Python/DATN/install/custom_interfaces:/home/tomccd/Documents/Code/Python/DATN/install/launch_system:/opt/ros/jazzy/opt/gz_math_vendor:/opt/ros/jazzy/opt/gz_utils_vendor:/opt/ros/jazzy/opt/gz_cmake_vendor PYTHONPATH=/home/tomccd/Documents/Code/Python/DATN/build/module_scanning_interface/prefix_override:/usr/lib/python3/dist-packages/colcon_core/task/python/colcon_distutils_commands:/home/tomccd/Documents/Code/Python/DATN/install/module_scanning_interface/lib/python3.12/site-packages:/home/tomccd/Documents/Code/Python/DATN/install/custom_interfaces/lib/python3.12/site-packages:/home/tomccd/Documents/Code/Python/DATN/install/module_supervisor/lib/python3.12/site-packages:/home/tomccd/Documents/Code/Python/DATN/install/module_scanning_interface/lib/python3.12/site-packages:/opt/ros/jazzy/lib/python3.12/site-packages /usr/bin/python3 -W ignore:setup.py install is deprecated setup.py egg_info --egg-base ../../build/module_scanning_interface build --build-base /home/tomccd/Documents/Code/Python/DATN/build/module_scanning_interface/build install --record /home/tomccd/Documents/Code/Python/DATN/build/module_scanning_interface/install.log --single-version-externally-managed install_data
