[10.717s] Invoking command in '/home/tomccd/Documents/Code/Python/DATN/Packages/module_input': CMAKE_PREFIX_PATH=/home/tomccd/Documents/Code/Python/DATN/install/custom_interfaces:/home/tomccd/Documents/Code/Python/DATN/install/launch_system:/home/tomccd/Documents/Code/Python/DATN/install/module_log_file:/opt/ros/jazzy/opt/gz_math_vendor:/opt/ros/jazzy/opt/gz_utils_vendor:/opt/ros/jazzy/opt/gz_cmake_vendor DEBUGINFOD_URLS=https://debuginfod.ubuntu.com PYTHONPATH=/home/tomccd/Documents/Code/Python/DATN/build/module_input/prefix_override:/usr/lib/python3/dist-packages/colcon_core/task/python/colcon_distutils_commands:/home/tomccd/Documents/Code/Python/DATN/install/module_input/lib/python3.12/site-packages:/home/tomccd/Documents/Code/Python/DATN/install/custom_interfaces/lib/python3.12/site-packages:/home/tomccd/Documents/Code/Python/DATN/install/module_weigh/lib/python3.12/site-packages:/home/tomccd/Documents/Code/Python/DATN/install/module_supervisor/lib/python3.12/site-packages:/home/tomccd/Documents/Code/Python/DATN/install/module_send_email/lib/python3.12/site-packages:/home/tomccd/Documents/Code/Python/DATN/install/module_scanning_interface/lib/python3.12/site-packages:/home/tomccd/Documents/Code/Python/DATN/install/module_motor/lib/python3.12/site-packages:/home/tomccd/Documents/Code/Python/DATN/install/module_input/lib/python3.12/site-packages:/opt/ros/jazzy/lib/python3.12/site-packages /usr/bin/python3 -W ignore:setup.py install is deprecated setup.py egg_info --egg-base ../../build/module_input build --build-base /home/tomccd/Documents/Code/Python/DATN/build/module_input/build install --record /home/tomccd/Documents/Code/Python/DATN/build/module_input/install.log --single-version-externally-managed install_data
[13.491s] running egg_info
[13.492s] creating ../../build/module_input/module_input.egg-info
[13.740s] writing ../../build/module_input/module_input.egg-info/PKG-INFO
[13.756s] writing dependency_links to ../../build/module_input/module_input.egg-info/dependency_links.txt
[13.762s] writing entry points to ../../build/module_input/module_input.egg-info/entry_points.txt
[13.766s] writing requirements to ../../build/module_input/module_input.egg-info/requires.txt
[13.767s] writing top-level names to ../../build/module_input/module_input.egg-info/top_level.txt
[13.774s] writing manifest file '../../build/module_input/module_input.egg-info/SOURCES.txt'
[14.299s] reading manifest file '../../build/module_input/module_input.egg-info/SOURCES.txt'
[14.312s] writing manifest file '../../build/module_input/module_input.egg-info/SOURCES.txt'
[14.322s] running build
[14.324s] running build_py
[14.327s] creating /home/tomccd/Documents/Code/Python/DATN/build/module_input/build
[14.328s] creating /home/tomccd/Documents/Code/Python/DATN/build/module_input/build/lib
[14.337s] creating /home/tomccd/Documents/Code/Python/DATN/build/module_input/build/lib/module_input
[14.346s] copying module_input/node_io_weigh.py -> /home/tomccd/Documents/Code/Python/DATN/build/module_input/build/lib/module_input
[14.347s] copying module_input/__init__.py -> /home/tomccd/Documents/Code/Python/DATN/build/module_input/build/lib/module_input
[14.348s] copying module_input/node_io_servo.py -> /home/tomccd/Documents/Code/Python/DATN/build/module_input/build/lib/module_input
[14.356s] running install
[14.392s] running install_lib
[14.616s] creating /home/tomccd/Documents/Code/Python/DATN/install/module_input/lib/python3.12/site-packages/module_input
[14.619s] copying /home/tomccd/Documents/Code/Python/DATN/build/module_input/build/lib/module_input/node_io_weigh.py -> /home/tomccd/Documents/Code/Python/DATN/install/module_input/lib/python3.12/site-packages/module_input
[14.620s] copying /home/tomccd/Documents/Code/Python/DATN/build/module_input/build/lib/module_input/__init__.py -> /home/tomccd/Documents/Code/Python/DATN/install/module_input/lib/python3.12/site-packages/module_input
[14.620s] copying /home/tomccd/Documents/Code/Python/DATN/build/module_input/build/lib/module_input/node_io_servo.py -> /home/tomccd/Documents/Code/Python/DATN/install/module_input/lib/python3.12/site-packages/module_input
[14.624s] byte-compiling /home/tomccd/Documents/Code/Python/DATN/install/module_input/lib/python3.12/site-packages/module_input/node_io_weigh.py to node_io_weigh.cpython-312.pyc
[14.627s] byte-compiling /home/tomccd/Documents/Code/Python/DATN/install/module_input/lib/python3.12/site-packages/module_input/__init__.py to __init__.cpython-312.pyc
[14.627s] byte-compiling /home/tomccd/Documents/Code/Python/DATN/install/module_input/lib/python3.12/site-packages/module_input/node_io_servo.py to node_io_servo.cpython-312.pyc
[14.634s] running install_data
[14.635s] creating /home/tomccd/Documents/Code/Python/DATN/install/module_input/share/ament_index
[14.642s] creating /home/tomccd/Documents/Code/Python/DATN/install/module_input/share/ament_index/resource_index
[14.643s] creating /home/tomccd/Documents/Code/Python/DATN/install/module_input/share/ament_index/resource_index/packages
[14.645s] copying resource/module_input -> /home/tomccd/Documents/Code/Python/DATN/install/module_input/share/ament_index/resource_index/packages
[14.645s] copying package.xml -> /home/tomccd/Documents/Code/Python/DATN/install/module_input/share/module_input
[14.646s] running install_egg_info
[14.911s] Copying ../../build/module_input/module_input.egg-info to /home/tomccd/Documents/Code/Python/DATN/install/module_input/lib/python3.12/site-packages/module_input-0.0.0-py3.12.egg-info
[14.931s] running install_scripts
[17.275s] Installing node_io_servo script to /home/tomccd/Documents/Code/Python/DATN/install/module_input/lib/module_input
[17.279s] Installing node_io_weigh script to /home/tomccd/Documents/Code/Python/DATN/install/module_input/lib/module_input
[17.286s] writing list of installed files to '/home/tomccd/Documents/Code/Python/DATN/build/module_input/install.log'
[20.731s] Invoked command in '/home/tomccd/Documents/Code/Python/DATN/Packages/module_input' returned '0': CMAKE_PREFIX_PATH=/home/tomccd/Documents/Code/Python/DATN/install/custom_interfaces:/home/tomccd/Documents/Code/Python/DATN/install/launch_system:/home/tomccd/Documents/Code/Python/DATN/install/module_log_file:/opt/ros/jazzy/opt/gz_math_vendor:/opt/ros/jazzy/opt/gz_utils_vendor:/opt/ros/jazzy/opt/gz_cmake_vendor DEBUGINFOD_URLS=https://debuginfod.ubuntu.com PYTHONPATH=/home/tomccd/Documents/Code/Python/DATN/build/module_input/prefix_override:/usr/lib/python3/dist-packages/colcon_core/task/python/colcon_distutils_commands:/home/tomccd/Documents/Code/Python/DATN/install/module_input/lib/python3.12/site-packages:/home/tomccd/Documents/Code/Python/DATN/install/custom_interfaces/lib/python3.12/site-packages:/home/tomccd/Documents/Code/Python/DATN/install/module_weigh/lib/python3.12/site-packages:/home/tomccd/Documents/Code/Python/DATN/install/module_supervisor/lib/python3.12/site-packages:/home/tomccd/Documents/Code/Python/DATN/install/module_send_email/lib/python3.12/site-packages:/home/tomccd/Documents/Code/Python/DATN/install/module_scanning_interface/lib/python3.12/site-packages:/home/tomccd/Documents/Code/Python/DATN/install/module_motor/lib/python3.12/site-packages:/home/tomccd/Documents/Code/Python/DATN/install/module_input/lib/python3.12/site-packages:/opt/ros/jazzy/lib/python3.12/site-packages /usr/bin/python3 -W ignore:setup.py install is deprecated setup.py egg_info --egg-base ../../build/module_input build --build-base /home/tomccd/Documents/Code/Python/DATN/build/module_input/build install --record /home/tomccd/Documents/Code/Python/DATN/build/module_input/install.log --single-version-externally-managed install_data
