[18.549s] Invoking command in '/home/tomccd/Documents/Code/Python/DATN/Packages/module_weigh': CMAKE_PREFIX_PATH=/home/tomccd/Documents/Code/Python/DATN/install/custom_interfaces:/home/tomccd/Documents/Code/Python/DATN/install/launch_system:/home/tomccd/Documents/Code/Python/DATN/install/module_log_file:/opt/ros/jazzy/opt/gz_math_vendor:/opt/ros/jazzy/opt/gz_utils_vendor:/opt/ros/jazzy/opt/gz_cmake_vendor DEBUGINFOD_URLS=https://debuginfod.ubuntu.com PYTHONPATH=/home/tomccd/Documents/Code/Python/DATN/build/module_weigh/prefix_override:/usr/lib/python3/dist-packages/colcon_core/task/python/colcon_distutils_commands:/home/tomccd/Documents/Code/Python/DATN/install/module_weigh/lib/python3.12/site-packages:/home/tomccd/Documents/Code/Python/DATN/install/custom_interfaces/lib/python3.12/site-packages:/home/tomccd/Documents/Code/Python/DATN/install/module_weigh/lib/python3.12/site-packages:/home/tomccd/Documents/Code/Python/DATN/install/module_supervisor/lib/python3.12/site-packages:/home/tomccd/Documents/Code/Python/DATN/install/module_scanning_interface/lib/python3.12/site-packages:/home/tomccd/Documents/Code/Python/DATN/install/module_motor/lib/python3.12/site-packages:/home/tomccd/Documents/Code/Python/DATN/install/module_input/lib/python3.12/site-packages:/opt/ros/jazzy/lib/python3.12/site-packages /usr/bin/python3 -W ignore:setup.py install is deprecated setup.py egg_info --egg-base ../../build/module_weigh build --build-base /home/tomccd/Documents/Code/Python/DATN/build/module_weigh/build install --record /home/tomccd/Documents/Code/Python/DATN/build/module_weigh/install.log --single-version-externally-managed install_data
[21.927s] running egg_info
[21.929s] creating ../../build/module_weigh/module_weigh.egg-info
[22.147s] writing ../../build/module_weigh/module_weigh.egg-info/PKG-INFO
[22.151s] writing dependency_links to ../../build/module_weigh/module_weigh.egg-info/dependency_links.txt
[22.157s] writing entry points to ../../build/module_weigh/module_weigh.egg-info/entry_points.txt
[22.158s] writing requirements to ../../build/module_weigh/module_weigh.egg-info/requires.txt
[22.172s] writing top-level names to ../../build/module_weigh/module_weigh.egg-info/top_level.txt
[22.176s] writing manifest file '../../build/module_weigh/module_weigh.egg-info/SOURCES.txt'
[22.756s] reading manifest file '../../build/module_weigh/module_weigh.egg-info/SOURCES.txt'
[22.764s] writing manifest file '../../build/module_weigh/module_weigh.egg-info/SOURCES.txt'
[22.768s] running build
[22.769s] running build_py
[22.770s] creating /home/tomccd/Documents/Code/Python/DATN/build/module_weigh/build
[22.772s] creating /home/tomccd/Documents/Code/Python/DATN/build/module_weigh/build/lib
[22.773s] creating /home/tomccd/Documents/Code/Python/DATN/build/module_weigh/build/lib/module_weigh
[22.774s] copying module_weigh/__init__.py -> /home/tomccd/Documents/Code/Python/DATN/build/module_weigh/build/lib/module_weigh
[22.775s] copying module_weigh/module_weigh.py -> /home/tomccd/Documents/Code/Python/DATN/build/module_weigh/build/lib/module_weigh
[22.776s] running install
[22.805s] running install_lib
[23.049s] creating /home/tomccd/Documents/Code/Python/DATN/install/module_weigh/lib/python3.12/site-packages/module_weigh
[23.060s] copying /home/tomccd/Documents/Code/Python/DATN/build/module_weigh/build/lib/module_weigh/__init__.py -> /home/tomccd/Documents/Code/Python/DATN/install/module_weigh/lib/python3.12/site-packages/module_weigh
[23.062s] copying /home/tomccd/Documents/Code/Python/DATN/build/module_weigh/build/lib/module_weigh/module_weigh.py -> /home/tomccd/Documents/Code/Python/DATN/install/module_weigh/lib/python3.12/site-packages/module_weigh
[23.065s] byte-compiling /home/tomccd/Documents/Code/Python/DATN/install/module_weigh/lib/python3.12/site-packages/module_weigh/__init__.py to __init__.cpython-312.pyc
[23.066s] byte-compiling /home/tomccd/Documents/Code/Python/DATN/install/module_weigh/lib/python3.12/site-packages/module_weigh/module_weigh.py to module_weigh.cpython-312.pyc
[23.072s] running install_data
[23.080s] creating /home/tomccd/Documents/Code/Python/DATN/install/module_weigh/share/ament_index
[23.087s] creating /home/tomccd/Documents/Code/Python/DATN/install/module_weigh/share/ament_index/resource_index
[23.105s] creating /home/tomccd/Documents/Code/Python/DATN/install/module_weigh/share/ament_index/resource_index/packages
[23.111s] copying resource/module_weigh -> /home/tomccd/Documents/Code/Python/DATN/install/module_weigh/share/ament_index/resource_index/packages
[23.119s] copying package.xml -> /home/tomccd/Documents/Code/Python/DATN/install/module_weigh/share/module_weigh
[23.122s] running install_egg_info
[23.369s] Copying ../../build/module_weigh/module_weigh.egg-info to /home/tomccd/Documents/Code/Python/DATN/install/module_weigh/lib/python3.12/site-packages/module_weigh-0.0.0-py3.12.egg-info
[23.408s] running install_scripts
[24.887s] Installing module_weigh script to /home/tomccd/Documents/Code/Python/DATN/install/module_weigh/lib/module_weigh
[24.892s] writing list of installed files to '/home/tomccd/Documents/Code/Python/DATN/build/module_weigh/install.log'
[25.120s] Invoked command in '/home/tomccd/Documents/Code/Python/DATN/Packages/module_weigh' returned '0': CMAKE_PREFIX_PATH=/home/tomccd/Documents/Code/Python/DATN/install/custom_interfaces:/home/tomccd/Documents/Code/Python/DATN/install/launch_system:/home/tomccd/Documents/Code/Python/DATN/install/module_log_file:/opt/ros/jazzy/opt/gz_math_vendor:/opt/ros/jazzy/opt/gz_utils_vendor:/opt/ros/jazzy/opt/gz_cmake_vendor DEBUGINFOD_URLS=https://debuginfod.ubuntu.com PYTHONPATH=/home/tomccd/Documents/Code/Python/DATN/build/module_weigh/prefix_override:/usr/lib/python3/dist-packages/colcon_core/task/python/colcon_distutils_commands:/home/tomccd/Documents/Code/Python/DATN/install/module_weigh/lib/python3.12/site-packages:/home/tomccd/Documents/Code/Python/DATN/install/custom_interfaces/lib/python3.12/site-packages:/home/tomccd/Documents/Code/Python/DATN/install/module_weigh/lib/python3.12/site-packages:/home/tomccd/Documents/Code/Python/DATN/install/module_supervisor/lib/python3.12/site-packages:/home/tomccd/Documents/Code/Python/DATN/install/module_scanning_interface/lib/python3.12/site-packages:/home/tomccd/Documents/Code/Python/DATN/install/module_motor/lib/python3.12/site-packages:/home/tomccd/Documents/Code/Python/DATN/install/module_input/lib/python3.12/site-packages:/opt/ros/jazzy/lib/python3.12/site-packages /usr/bin/python3 -W ignore:setup.py install is deprecated setup.py egg_info --egg-base ../../build/module_weigh build --build-base /home/tomccd/Documents/Code/Python/DATN/build/module_weigh/build install --record /home/tomccd/Documents/Code/Python/DATN/build/module_weigh/install.log --single-version-externally-managed install_data
