[18.050s] Invoking command in '/home/tomccd/Documents/Code/Python/DATN/Packages/module_send_email': AMENT_PREFIX_PATH=/home/tomccd/Documents/Code/Python/DATN/install/custom_interfaces:${AMENT_PREFIX_PATH} CMAKE_PREFIX_PATH=/home/tomccd/Documents/Code/Python/DATN/install/custom_interfaces:${CMAKE_PREFIX_PATH} DEBUGINFOD_URLS=https://debuginfod.ubuntu.com LD_LIBRARY_PATH=/home/tomccd/Documents/Code/Python/DATN/install/custom_interfaces/lib:${LD_LIBRARY_PATH} PYTHONPATH=/home/tomccd/Documents/Code/Python/DATN/build/module_send_email/prefix_override:/usr/lib/python3/dist-packages/colcon_core/task/python/colcon_distutils_commands:/home/tomccd/Documents/Code/Python/DATN/install/module_send_email/lib/python3.12/site-packages:/home/tomccd/Documents/Code/Python/DATN/install/custom_interfaces/lib/python3.12/site-packages:${PYTHONPATH} /usr/bin/python3 -W ignore:setup.py install is deprecated -W ignore:easy_install command is deprecated setup.py egg_info --egg-base ../../build/module_send_email build --build-base /home/tomccd/Documents/Code/Python/DATN/build/module_send_email/build install --record /home/tomccd/Documents/Code/Python/DATN/build/module_send_email/install.log --single-version-externally-managed install_data
[23.034s] running egg_info
[23.670s] writing ../../build/module_send_email/module_send_email.egg-info/PKG-INFO
[23.679s] writing dependency_links to ../../build/module_send_email/module_send_email.egg-info/dependency_links.txt
[23.688s] writing entry points to ../../build/module_send_email/module_send_email.egg-info/entry_points.txt
[23.694s] writing requirements to ../../build/module_send_email/module_send_email.egg-info/requires.txt
[23.695s] writing top-level names to ../../build/module_send_email/module_send_email.egg-info/top_level.txt
[24.340s] reading manifest file '../../build/module_send_email/module_send_email.egg-info/SOURCES.txt'
[24.355s] writing manifest file '../../build/module_send_email/module_send_email.egg-info/SOURCES.txt'
[24.359s] running build
[24.362s] running build_py
[24.365s] copying module_send_email/module_send_email.py -> /home/tomccd/Documents/Code/Python/DATN/build/module_send_email/build/lib/module_send_email
[24.373s] running install
[24.446s] running install_lib
[24.842s] copying /home/tomccd/Documents/Code/Python/DATN/build/module_send_email/build/lib/module_send_email/module_send_email.py -> /home/tomccd/Documents/Code/Python/DATN/install/module_send_email/lib/python3.12/site-packages/module_send_email
[24.855s] byte-compiling /home/tomccd/Documents/Code/Python/DATN/install/module_send_email/lib/python3.12/site-packages/module_send_email/module_send_email.py to module_send_email.cpython-312.pyc
[24.870s] running install_data
[24.875s] running install_egg_info
[25.207s] removing '/home/tomccd/Documents/Code/Python/DATN/install/module_send_email/lib/python3.12/site-packages/module_send_email-0.0.0-py3.12.egg-info' (and everything under it)
[25.214s] Copying ../../build/module_send_email/module_send_email.egg-info to /home/tomccd/Documents/Code/Python/DATN/install/module_send_email/lib/python3.12/site-packages/module_send_email-0.0.0-py3.12.egg-info
[25.245s] running install_scripts
[27.150s] Installing module_send_email script to /home/tomccd/Documents/Code/Python/DATN/install/module_send_email/lib/module_send_email
[27.154s] writing list of installed files to '/home/tomccd/Documents/Code/Python/DATN/build/module_send_email/install.log'
[27.439s] Invoked command in '/home/tomccd/Documents/Code/Python/DATN/Packages/module_send_email' returned '0': AMENT_PREFIX_PATH=/home/tomccd/Documents/Code/Python/DATN/install/custom_interfaces:${AMENT_PREFIX_PATH} CMAKE_PREFIX_PATH=/home/tomccd/Documents/Code/Python/DATN/install/custom_interfaces:${CMAKE_PREFIX_PATH} DEBUGINFOD_URLS=https://debuginfod.ubuntu.com LD_LIBRARY_PATH=/home/tomccd/Documents/Code/Python/DATN/install/custom_interfaces/lib:${LD_LIBRARY_PATH} PYTHONPATH=/home/tomccd/Documents/Code/Python/DATN/build/module_send_email/prefix_override:/usr/lib/python3/dist-packages/colcon_core/task/python/colcon_distutils_commands:/home/tomccd/Documents/Code/Python/DATN/install/module_send_email/lib/python3.12/site-packages:/home/tomccd/Documents/Code/Python/DATN/install/custom_interfaces/lib/python3.12/site-packages:${PYTHONPATH} /usr/bin/python3 -W ignore:setup.py install is deprecated -W ignore:easy_install command is deprecated setup.py egg_info --egg-base ../../build/module_send_email build --build-base /home/tomccd/Documents/Code/Python/DATN/build/module_send_email/build install --record /home/tomccd/Documents/Code/Python/DATN/build/module_send_email/install.log --single-version-externally-managed install_data
