[15.519s] Invoking command in '/home/tomccd/Documents/Code/Python/DATN/Packages/module_supervisor': CMAKE_PREFIX_PATH=/home/tomccd/Documents/Code/Python/DATN/install/custom_interfaces:/home/tomccd/Documents/Code/Python/DATN/install/launch_system:/opt/ros/jazzy/opt/gz_math_vendor:/opt/ros/jazzy/opt/gz_utils_vendor:/opt/ros/jazzy/opt/gz_cmake_vendor DEBUGINFOD_URLS=https://debuginfod.ubuntu.com PYTHONPATH=/home/tomccd/Documents/Code/Python/DATN/build/module_supervisor/prefix_override:/usr/lib/python3/dist-packages/colcon_core/task/python/colcon_distutils_commands:/home/tomccd/Documents/Code/Python/DATN/install/module_supervisor/lib/python3.12/site-packages:/home/tomccd/Documents/Code/Python/DATN/install/custom_interfaces/lib/python3.12/site-packages:/home/tomccd/Documents/Code/Python/DATN/install/module_weigh/lib/python3.12/site-packages:/home/tomccd/Documents/Code/Python/DATN/install/module_supervisor/lib/python3.12/site-packages:/home/tomccd/Documents/Code/Python/DATN/install/module_scanning_interface/lib/python3.12/site-packages:/home/tomccd/Documents/Code/Python/DATN/install/module_motor/lib/python3.12/site-packages:/home/tomccd/Documents/Code/Python/DATN/install/module_input/lib/python3.12/site-packages:/opt/ros/jazzy/lib/python3.12/site-packages /usr/bin/python3 -W ignore:setup.py install is deprecated setup.py egg_info --egg-base ../../build/module_supervisor build --build-base /home/tomccd/Documents/Code/Python/DATN/build/module_supervisor/build install --record /home/tomccd/Documents/Code/Python/DATN/build/module_supervisor/install.log --single-version-externally-managed install_data
[17.714s] running egg_info
[17.895s] writing ../../build/module_supervisor/module_supervisor.egg-info/PKG-INFO
[17.898s] writing dependency_links to ../../build/module_supervisor/module_supervisor.egg-info/dependency_links.txt
[17.905s] writing entry points to ../../build/module_supervisor/module_supervisor.egg-info/entry_points.txt
[17.906s] writing requirements to ../../build/module_supervisor/module_supervisor.egg-info/requires.txt
[17.907s] writing top-level names to ../../build/module_supervisor/module_supervisor.egg-info/top_level.txt
[18.210s] reading manifest file '../../build/module_supervisor/module_supervisor.egg-info/SOURCES.txt'
[18.214s] writing manifest file '../../build/module_supervisor/module_supervisor.egg-info/SOURCES.txt'
[18.216s] running build
[18.217s] running build_py
[18.218s] running install
[18.255s] running install_lib
[18.425s] running install_data
[18.426s] running install_egg_info
[18.568s] removing '/home/tomccd/Documents/Code/Python/DATN/install/module_supervisor/lib/python3.12/site-packages/module_supervisor-0.0.0-py3.12.egg-info' (and everything under it)
[18.571s] Copying ../../build/module_supervisor/module_supervisor.egg-info to /home/tomccd/Documents/Code/Python/DATN/install/module_supervisor/lib/python3.12/site-packages/module_supervisor-0.0.0-py3.12.egg-info
[18.579s] running install_scripts
[19.782s] Installing module_supervisor script to /home/tomccd/Documents/Code/Python/DATN/install/module_supervisor/lib/module_supervisor
[19.792s] writing list of installed files to '/home/tomccd/Documents/Code/Python/DATN/build/module_supervisor/install.log'
[20.072s] Invoked command in '/home/tomccd/Documents/Code/Python/DATN/Packages/module_supervisor' returned '0': CMAKE_PREFIX_PATH=/home/tomccd/Documents/Code/Python/DATN/install/custom_interfaces:/home/tomccd/Documents/Code/Python/DATN/install/launch_system:/opt/ros/jazzy/opt/gz_math_vendor:/opt/ros/jazzy/opt/gz_utils_vendor:/opt/ros/jazzy/opt/gz_cmake_vendor DEBUGINFOD_URLS=https://debuginfod.ubuntu.com PYTHONPATH=/home/tomccd/Documents/Code/Python/DATN/build/module_supervisor/prefix_override:/usr/lib/python3/dist-packages/colcon_core/task/python/colcon_distutils_commands:/home/tomccd/Documents/Code/Python/DATN/install/module_supervisor/lib/python3.12/site-packages:/home/tomccd/Documents/Code/Python/DATN/install/custom_interfaces/lib/python3.12/site-packages:/home/tomccd/Documents/Code/Python/DATN/install/module_weigh/lib/python3.12/site-packages:/home/tomccd/Documents/Code/Python/DATN/install/module_supervisor/lib/python3.12/site-packages:/home/tomccd/Documents/Code/Python/DATN/install/module_scanning_interface/lib/python3.12/site-packages:/home/tomccd/Documents/Code/Python/DATN/install/module_motor/lib/python3.12/site-packages:/home/tomccd/Documents/Code/Python/DATN/install/module_input/lib/python3.12/site-packages:/opt/ros/jazzy/lib/python3.12/site-packages /usr/bin/python3 -W ignore:setup.py install is deprecated setup.py egg_info --egg-base ../../build/module_supervisor build --build-base /home/tomccd/Documents/Code/Python/DATN/build/module_supervisor/build install --record /home/tomccd/Documents/Code/Python/DATN/build/module_supervisor/install.log --single-version-externally-managed install_data
