[1.813s] DEBUG:colcon:Command line arguments: ['/usr/bin/colcon', 'build', '--packages-select', 'module_motor']
[1.814s] DEBUG:colcon:Parsed command line arguments: Namespace(log_base=None, log_level=None, verb_name='build', build_base='build', install_base='install', merge_install=False, symlink_install=False, test_result_base=None, continue_on_error=False, executor='parallel', parallel_workers=4, event_handlers=None, ignore_user_meta=False, metas=['./colcon.meta'], base_paths=['.'], packages_ignore=None, packages_ignore_regex=None, paths=None, packages_up_to=None, packages_up_to_regex=None, packages_above=None, packages_above_and_dependencies=None, packages_above_depth=None, packages_select_by_dep=None, packages_skip_by_dep=None, packages_skip_up_to=None, packages_select_build_failed=False, packages_skip_build_finished=False, packages_select_test_failures=False, packages_skip_test_passed=False, packages_select=['module_motor'], packages_skip=None, packages_select_regex=None, packages_skip_regex=None, packages_start=None, packages_end=None, allow_overriding=[], cmake_args=None, cmake_target=None, cmake_target_skip_unavailable=False, cmake_clean_cache=False, cmake_clean_first=False, cmake_force_configure=False, ament_cmake_args=None, catkin_cmake_args=None, catkin_skip_building_tests=False, mixin_files=None, mixin=None, verb_parser=<colcon_mixin.mixin.mixin_argument.MixinArgumentDecorator object at 0xffff815fd1f0>, verb_extension=<colcon_core.verb.build.BuildVerb object at 0xffff830fb1d0>, main=<bound method BuildVerb.main of <colcon_core.verb.build.BuildVerb object at 0xffff830fb1d0>>, mixin_verb=('build',))
[2.137s] Level 1:colcon.colcon_core.package_discovery:discover_packages(colcon_meta) check parameters
[2.137s] Level 1:colcon.colcon_core.package_discovery:discover_packages(recursive) check parameters
[2.138s] Level 1:colcon.colcon_core.package_discovery:discover_packages(ignore) check parameters
[2.141s] Level 1:colcon.colcon_core.package_discovery:discover_packages(path) check parameters
[2.142s] Level 1:colcon.colcon_core.package_discovery:discover_packages(colcon_meta) discover
[2.142s] Level 1:colcon.colcon_core.package_discovery:discover_packages(recursive) discover
[2.143s] INFO:colcon.colcon_core.package_discovery:Crawling recursively for packages in '/home/tomccd/Documents/Code/Python/DATN'
[2.146s] Level 1:colcon.colcon_core.package_identification:_identify(.) by extensions ['ignore', 'ignore_ament_install']
[2.153s] Level 1:colcon.colcon_core.package_identification:_identify(.) by extension 'ignore'
[2.153s] Level 1:colcon.colcon_core.package_identification:_identify(.) by extension 'ignore_ament_install'
[2.154s] Level 1:colcon.colcon_core.package_identification:_identify(.) by extensions ['colcon_pkg']
[2.154s] Level 1:colcon.colcon_core.package_identification:_identify(.) by extension 'colcon_pkg'
[2.154s] Level 1:colcon.colcon_core.package_identification:_identify(.) by extensions ['colcon_meta']
[2.163s] Level 1:colcon.colcon_core.package_identification:_identify(.) by extension 'colcon_meta'
[2.163s] Level 1:colcon.colcon_core.package_identification:_identify(.) by extensions ['ros']
[2.163s] Level 1:colcon.colcon_core.package_identification:_identify(.) by extension 'ros'
[2.511s] Level 1:colcon.colcon_core.package_identification:_identify(.) by extensions ['cmake', 'python']
[2.511s] Level 1:colcon.colcon_core.package_identification:_identify(.) by extension 'cmake'
[2.512s] Level 1:colcon.colcon_core.package_identification:_identify(.) by extension 'python'
[2.512s] Level 1:colcon.colcon_core.package_identification:_identify(.) by extensions ['python_setup_py']
[2.512s] Level 1:colcon.colcon_core.package_identification:_identify(.) by extension 'python_setup_py'
[2.513s] Level 1:colcon.colcon_core.package_identification:_identify(Packages) by extensions ['ignore', 'ignore_ament_install']
[2.514s] Level 1:colcon.colcon_core.package_identification:_identify(Packages) by extension 'ignore'
[2.514s] Level 1:colcon.colcon_core.package_identification:_identify(Packages) by extension 'ignore_ament_install'
[2.515s] Level 1:colcon.colcon_core.package_identification:_identify(Packages) by extensions ['colcon_pkg']
[2.515s] Level 1:colcon.colcon_core.package_identification:_identify(Packages) by extension 'colcon_pkg'
[2.515s] Level 1:colcon.colcon_core.package_identification:_identify(Packages) by extensions ['colcon_meta']
[2.516s] Level 1:colcon.colcon_core.package_identification:_identify(Packages) by extension 'colcon_meta'
[2.516s] Level 1:colcon.colcon_core.package_identification:_identify(Packages) by extensions ['ros']
[2.516s] Level 1:colcon.colcon_core.package_identification:_identify(Packages) by extension 'ros'
[2.517s] Level 1:colcon.colcon_core.package_identification:_identify(Packages) by extensions ['cmake', 'python']
[2.517s] Level 1:colcon.colcon_core.package_identification:_identify(Packages) by extension 'cmake'
[2.518s] Level 1:colcon.colcon_core.package_identification:_identify(Packages) by extension 'python'
[2.518s] Level 1:colcon.colcon_core.package_identification:_identify(Packages) by extensions ['python_setup_py']
[2.518s] Level 1:colcon.colcon_core.package_identification:_identify(Packages) by extension 'python_setup_py'
[2.521s] Level 1:colcon.colcon_core.package_identification:_identify(Packages/Log) by extensions ['ignore', 'ignore_ament_install']
[2.522s] Level 1:colcon.colcon_core.package_identification:_identify(Packages/Log) by extension 'ignore'
[2.522s] Level 1:colcon.colcon_core.package_identification:_identify(Packages/Log) by extension 'ignore_ament_install'
[2.523s] Level 1:colcon.colcon_core.package_identification:_identify(Packages/Log) by extensions ['colcon_pkg']
[2.523s] Level 1:colcon.colcon_core.package_identification:_identify(Packages/Log) by extension 'colcon_pkg'
[2.524s] Level 1:colcon.colcon_core.package_identification:_identify(Packages/Log) by extensions ['colcon_meta']
[2.524s] Level 1:colcon.colcon_core.package_identification:_identify(Packages/Log) by extension 'colcon_meta'
[2.524s] Level 1:colcon.colcon_core.package_identification:_identify(Packages/Log) by extensions ['ros']
[2.525s] Level 1:colcon.colcon_core.package_identification:_identify(Packages/Log) by extension 'ros'
[2.525s] Level 1:colcon.colcon_core.package_identification:_identify(Packages/Log) by extensions ['cmake', 'python']
[2.526s] Level 1:colcon.colcon_core.package_identification:_identify(Packages/Log) by extension 'cmake'
[2.526s] Level 1:colcon.colcon_core.package_identification:_identify(Packages/Log) by extension 'python'
[2.526s] Level 1:colcon.colcon_core.package_identification:_identify(Packages/Log) by extensions ['python_setup_py']
[2.527s] Level 1:colcon.colcon_core.package_identification:_identify(Packages/Log) by extension 'python_setup_py'
[2.527s] Level 1:colcon.colcon_core.package_identification:_identify(Packages/custom_interfaces) by extensions ['ignore', 'ignore_ament_install']
[2.528s] Level 1:colcon.colcon_core.package_identification:_identify(Packages/custom_interfaces) by extension 'ignore'
[2.529s] Level 1:colcon.colcon_core.package_identification:_identify(Packages/custom_interfaces) by extension 'ignore_ament_install'
[2.529s] Level 1:colcon.colcon_core.package_identification:_identify(Packages/custom_interfaces) by extensions ['colcon_pkg']
[2.530s] Level 1:colcon.colcon_core.package_identification:_identify(Packages/custom_interfaces) by extension 'colcon_pkg'
[2.530s] Level 1:colcon.colcon_core.package_identification:_identify(Packages/custom_interfaces) by extensions ['colcon_meta']
[2.530s] Level 1:colcon.colcon_core.package_identification:_identify(Packages/custom_interfaces) by extension 'colcon_meta'
[2.530s] Level 1:colcon.colcon_core.package_identification:_identify(Packages/custom_interfaces) by extensions ['ros']
[2.531s] Level 1:colcon.colcon_core.package_identification:_identify(Packages/custom_interfaces) by extension 'ros'
[2.543s] DEBUG:colcon.colcon_core.package_identification:Package 'Packages/custom_interfaces' with type 'ros.ament_cmake' and name 'custom_interfaces'
[2.544s] Level 1:colcon.colcon_core.package_identification:_identify(Packages/icon) by extensions ['ignore', 'ignore_ament_install']
[2.545s] Level 1:colcon.colcon_core.package_identification:_identify(Packages/icon) by extension 'ignore'
[2.545s] Level 1:colcon.colcon_core.package_identification:_identify(Packages/icon) by extension 'ignore_ament_install'
[2.546s] Level 1:colcon.colcon_core.package_identification:_identify(Packages/icon) by extensions ['colcon_pkg']
[2.546s] Level 1:colcon.colcon_core.package_identification:_identify(Packages/icon) by extension 'colcon_pkg'
[2.546s] Level 1:colcon.colcon_core.package_identification:_identify(Packages/icon) by extensions ['colcon_meta']
[2.547s] Level 1:colcon.colcon_core.package_identification:_identify(Packages/icon) by extension 'colcon_meta'
[2.547s] Level 1:colcon.colcon_core.package_identification:_identify(Packages/icon) by extensions ['ros']
[2.547s] Level 1:colcon.colcon_core.package_identification:_identify(Packages/icon) by extension 'ros'
[2.548s] Level 1:colcon.colcon_core.package_identification:_identify(Packages/icon) by extensions ['cmake', 'python']
[2.548s] Level 1:colcon.colcon_core.package_identification:_identify(Packages/icon) by extension 'cmake'
[2.549s] Level 1:colcon.colcon_core.package_identification:_identify(Packages/icon) by extension 'python'
[2.549s] Level 1:colcon.colcon_core.package_identification:_identify(Packages/icon) by extensions ['python_setup_py']
[2.549s] Level 1:colcon.colcon_core.package_identification:_identify(Packages/icon) by extension 'python_setup_py'
[2.550s] Level 1:colcon.colcon_core.package_identification:_identify(Packages/launch_system) by extensions ['ignore', 'ignore_ament_install']
[2.554s] Level 1:colcon.colcon_core.package_identification:_identify(Packages/launch_system) by extension 'ignore'
[2.554s] Level 1:colcon.colcon_core.package_identification:_identify(Packages/launch_system) by extension 'ignore_ament_install'
[2.555s] Level 1:colcon.colcon_core.package_identification:_identify(Packages/launch_system) by extensions ['colcon_pkg']
[2.555s] Level 1:colcon.colcon_core.package_identification:_identify(Packages/launch_system) by extension 'colcon_pkg'
[2.556s] Level 1:colcon.colcon_core.package_identification:_identify(Packages/launch_system) by extensions ['colcon_meta']
[2.556s] Level 1:colcon.colcon_core.package_identification:_identify(Packages/launch_system) by extension 'colcon_meta'
[2.562s] Level 1:colcon.colcon_core.package_identification:_identify(Packages/launch_system) by extensions ['ros']
[2.562s] Level 1:colcon.colcon_core.package_identification:_identify(Packages/launch_system) by extension 'ros'
[2.570s] DEBUG:colcon.colcon_core.package_identification:Package 'Packages/launch_system' with type 'ros.ament_cmake' and name 'launch_system'
[2.571s] Level 1:colcon.colcon_core.package_identification:_identify(Packages/module_input) by extensions ['ignore', 'ignore_ament_install']
[2.571s] Level 1:colcon.colcon_core.package_identification:_identify(Packages/module_input) by extension 'ignore'
[2.572s] Level 1:colcon.colcon_core.package_identification:_identify(Packages/module_input) by extension 'ignore_ament_install'
[2.578s] Level 1:colcon.colcon_core.package_identification:_identify(Packages/module_input) by extensions ['colcon_pkg']
[2.578s] Level 1:colcon.colcon_core.package_identification:_identify(Packages/module_input) by extension 'colcon_pkg'
[2.579s] Level 1:colcon.colcon_core.package_identification:_identify(Packages/module_input) by extensions ['colcon_meta']
[2.579s] Level 1:colcon.colcon_core.package_identification:_identify(Packages/module_input) by extension 'colcon_meta'
[2.579s] Level 1:colcon.colcon_core.package_identification:_identify(Packages/module_input) by extensions ['ros']
[2.579s] Level 1:colcon.colcon_core.package_identification:_identify(Packages/module_input) by extension 'ros'
[2.595s] DEBUG:colcon.colcon_core.package_identification:Package 'Packages/module_input' with type 'ros.ament_python' and name 'module_input'
[2.596s] Level 1:colcon.colcon_core.package_identification:_identify(Packages/module_log_file) by extensions ['ignore', 'ignore_ament_install']
[2.596s] Level 1:colcon.colcon_core.package_identification:_identify(Packages/module_log_file) by extension 'ignore'
[2.603s] Level 1:colcon.colcon_core.package_identification:_identify(Packages/module_log_file) by extension 'ignore_ament_install'
[2.604s] Level 1:colcon.colcon_core.package_identification:_identify(Packages/module_log_file) by extensions ['colcon_pkg']
[2.604s] Level 1:colcon.colcon_core.package_identification:_identify(Packages/module_log_file) by extension 'colcon_pkg'
[2.604s] Level 1:colcon.colcon_core.package_identification:_identify(Packages/module_log_file) by extensions ['colcon_meta']
[2.608s] Level 1:colcon.colcon_core.package_identification:_identify(Packages/module_log_file) by extension 'colcon_meta'
[2.608s] Level 1:colcon.colcon_core.package_identification:_identify(Packages/module_log_file) by extensions ['ros']
[2.608s] Level 1:colcon.colcon_core.package_identification:_identify(Packages/module_log_file) by extension 'ros'
[2.621s] DEBUG:colcon.colcon_core.package_identification:Package 'Packages/module_log_file' with type 'ros.ament_cmake' and name 'module_log_file'
[2.622s] Level 1:colcon.colcon_core.package_identification:_identify(Packages/module_motor) by extensions ['ignore', 'ignore_ament_install']
[2.623s] Level 1:colcon.colcon_core.package_identification:_identify(Packages/module_motor) by extension 'ignore'
[2.630s] Level 1:colcon.colcon_core.package_identification:_identify(Packages/module_motor) by extension 'ignore_ament_install'
[2.631s] Level 1:colcon.colcon_core.package_identification:_identify(Packages/module_motor) by extensions ['colcon_pkg']
[2.631s] Level 1:colcon.colcon_core.package_identification:_identify(Packages/module_motor) by extension 'colcon_pkg'
[2.632s] Level 1:colcon.colcon_core.package_identification:_identify(Packages/module_motor) by extensions ['colcon_meta']
[2.632s] Level 1:colcon.colcon_core.package_identification:_identify(Packages/module_motor) by extension 'colcon_meta'
[2.632s] Level 1:colcon.colcon_core.package_identification:_identify(Packages/module_motor) by extensions ['ros']
[2.632s] Level 1:colcon.colcon_core.package_identification:_identify(Packages/module_motor) by extension 'ros'
[2.648s] DEBUG:colcon.colcon_core.package_identification:Package 'Packages/module_motor' with type 'ros.ament_python' and name 'module_motor'
[2.649s] Level 1:colcon.colcon_core.package_identification:_identify(Packages/module_scanning_interface) by extensions ['ignore', 'ignore_ament_install']
[2.649s] Level 1:colcon.colcon_core.package_identification:_identify(Packages/module_scanning_interface) by extension 'ignore'
[2.650s] Level 1:colcon.colcon_core.package_identification:_identify(Packages/module_scanning_interface) by extension 'ignore_ament_install'
[2.650s] Level 1:colcon.colcon_core.package_identification:_identify(Packages/module_scanning_interface) by extensions ['colcon_pkg']
[2.651s] Level 1:colcon.colcon_core.package_identification:_identify(Packages/module_scanning_interface) by extension 'colcon_pkg'
[2.654s] Level 1:colcon.colcon_core.package_identification:_identify(Packages/module_scanning_interface) by extensions ['colcon_meta']
[2.655s] Level 1:colcon.colcon_core.package_identification:_identify(Packages/module_scanning_interface) by extension 'colcon_meta'
[2.655s] Level 1:colcon.colcon_core.package_identification:_identify(Packages/module_scanning_interface) by extensions ['ros']
[2.656s] Level 1:colcon.colcon_core.package_identification:_identify(Packages/module_scanning_interface) by extension 'ros'
[2.663s] DEBUG:colcon.colcon_core.package_identification:Package 'Packages/module_scanning_interface' with type 'ros.ament_python' and name 'module_scanning_interface'
[2.664s] Level 1:colcon.colcon_core.package_identification:_identify(Packages/module_send_email) by extensions ['ignore', 'ignore_ament_install']
[2.666s] Level 1:colcon.colcon_core.package_identification:_identify(Packages/module_send_email) by extension 'ignore'
[2.667s] Level 1:colcon.colcon_core.package_identification:_identify(Packages/module_send_email) by extension 'ignore_ament_install'
[2.668s] Level 1:colcon.colcon_core.package_identification:_identify(Packages/module_send_email) by extensions ['colcon_pkg']
[2.668s] Level 1:colcon.colcon_core.package_identification:_identify(Packages/module_send_email) by extension 'colcon_pkg'
[2.668s] Level 1:colcon.colcon_core.package_identification:_identify(Packages/module_send_email) by extensions ['colcon_meta']
[2.669s] Level 1:colcon.colcon_core.package_identification:_identify(Packages/module_send_email) by extension 'colcon_meta'
[2.674s] Level 1:colcon.colcon_core.package_identification:_identify(Packages/module_send_email) by extensions ['ros']
[2.674s] Level 1:colcon.colcon_core.package_identification:_identify(Packages/module_send_email) by extension 'ros'
[2.682s] DEBUG:colcon.colcon_core.package_identification:Package 'Packages/module_send_email' with type 'ros.ament_python' and name 'module_send_email'
[2.687s] Level 1:colcon.colcon_core.package_identification:_identify(Packages/module_supervisor) by extensions ['ignore', 'ignore_ament_install']
[2.687s] Level 1:colcon.colcon_core.package_identification:_identify(Packages/module_supervisor) by extension 'ignore'
[2.688s] Level 1:colcon.colcon_core.package_identification:_identify(Packages/module_supervisor) by extension 'ignore_ament_install'
[2.689s] Level 1:colcon.colcon_core.package_identification:_identify(Packages/module_supervisor) by extensions ['colcon_pkg']
[2.689s] Level 1:colcon.colcon_core.package_identification:_identify(Packages/module_supervisor) by extension 'colcon_pkg'
[2.689s] Level 1:colcon.colcon_core.package_identification:_identify(Packages/module_supervisor) by extensions ['colcon_meta']
[2.690s] Level 1:colcon.colcon_core.package_identification:_identify(Packages/module_supervisor) by extension 'colcon_meta'
[2.693s] Level 1:colcon.colcon_core.package_identification:_identify(Packages/module_supervisor) by extensions ['ros']
[2.693s] Level 1:colcon.colcon_core.package_identification:_identify(Packages/module_supervisor) by extension 'ros'
[2.700s] DEBUG:colcon.colcon_core.package_identification:Package 'Packages/module_supervisor' with type 'ros.ament_python' and name 'module_supervisor'
[2.701s] Level 1:colcon.colcon_core.package_identification:_identify(Packages/module_weigh) by extensions ['ignore', 'ignore_ament_install']
[2.701s] Level 1:colcon.colcon_core.package_identification:_identify(Packages/module_weigh) by extension 'ignore'
[2.703s] Level 1:colcon.colcon_core.package_identification:_identify(Packages/module_weigh) by extension 'ignore_ament_install'
[2.704s] Level 1:colcon.colcon_core.package_identification:_identify(Packages/module_weigh) by extensions ['colcon_pkg']
[2.704s] Level 1:colcon.colcon_core.package_identification:_identify(Packages/module_weigh) by extension 'colcon_pkg'
[2.705s] Level 1:colcon.colcon_core.package_identification:_identify(Packages/module_weigh) by extensions ['colcon_meta']
[2.705s] Level 1:colcon.colcon_core.package_identification:_identify(Packages/module_weigh) by extension 'colcon_meta'
[2.705s] Level 1:colcon.colcon_core.package_identification:_identify(Packages/module_weigh) by extensions ['ros']
[2.706s] Level 1:colcon.colcon_core.package_identification:_identify(Packages/module_weigh) by extension 'ros'
[2.715s] DEBUG:colcon.colcon_core.package_identification:Package 'Packages/module_weigh' with type 'ros.ament_python' and name 'module_weigh'
[2.716s] Level 1:colcon.colcon_core.package_identification:_identify(build) by extensions ['ignore', 'ignore_ament_install']
[2.716s] Level 1:colcon.colcon_core.package_identification:_identify(build) by extension 'ignore'
[2.717s] Level 1:colcon.colcon_core.package_identification:_identify(build) ignored
[2.723s] Level 1:colcon.colcon_core.package_identification:_identify(install) by extensions ['ignore', 'ignore_ament_install']
[2.724s] Level 1:colcon.colcon_core.package_identification:_identify(install) by extension 'ignore'
[2.724s] Level 1:colcon.colcon_core.package_identification:_identify(install) ignored
[2.729s] Level 1:colcon.colcon_core.package_identification:_identify(log) by extensions ['ignore', 'ignore_ament_install']
[2.730s] Level 1:colcon.colcon_core.package_identification:_identify(log) by extension 'ignore'
[2.730s] Level 1:colcon.colcon_core.package_identification:_identify(log) ignored
[2.731s] Level 1:colcon.colcon_core.package_discovery:discover_packages(recursive) using defaults
[2.734s] Level 1:colcon.colcon_core.package_discovery:discover_packages(ignore) discover
[2.734s] Level 1:colcon.colcon_core.package_discovery:discover_packages(ignore) using defaults
[2.734s] Level 1:colcon.colcon_core.package_discovery:discover_packages(path) discover
[2.734s] Level 1:colcon.colcon_core.package_discovery:discover_packages(path) using defaults
[2.931s] INFO:colcon.colcon_core.package_selection:Skipping not selected package 'custom_interfaces' in 'Packages/custom_interfaces'
[2.931s] INFO:colcon.colcon_core.package_selection:Skipping not selected package 'module_input' in 'Packages/module_input'
[2.932s] INFO:colcon.colcon_core.package_selection:Skipping not selected package 'module_log_file' in 'Packages/module_log_file'
[2.934s] INFO:colcon.colcon_core.package_selection:Skipping not selected package 'module_scanning_interface' in 'Packages/module_scanning_interface'
[2.935s] INFO:colcon.colcon_core.package_selection:Skipping not selected package 'module_send_email' in 'Packages/module_send_email'
[2.935s] INFO:colcon.colcon_core.package_selection:Skipping not selected package 'module_supervisor' in 'Packages/module_supervisor'
[2.936s] INFO:colcon.colcon_core.package_selection:Skipping not selected package 'module_weigh' in 'Packages/module_weigh'
[2.936s] INFO:colcon.colcon_core.package_selection:Skipping not selected package 'launch_system' in 'Packages/launch_system'
[2.939s] Level 1:colcon.colcon_core.package_discovery:discover_packages(prefix_path) check parameters
[2.939s] Level 1:colcon.colcon_core.package_discovery:discover_packages(prefix_path) discover
[2.978s] DEBUG:colcon.colcon_installed_package_information.package_discovery:Found 8 installed packages in /home/tomccd/Documents/Code/Python/DATN/install
[3.000s] DEBUG:colcon.colcon_installed_package_information.package_discovery:Found 285 installed packages in /opt/ros/jazzy
[3.012s] Level 1:colcon.colcon_core.package_discovery:discover_packages(prefix_path) using defaults
[3.929s] Level 5:colcon.colcon_core.verb:set package 'module_motor' build argument 'cmake_args' from command line to 'None'
[3.929s] Level 5:colcon.colcon_core.verb:set package 'module_motor' build argument 'cmake_target' from command line to 'None'
[3.929s] Level 5:colcon.colcon_core.verb:set package 'module_motor' build argument 'cmake_target_skip_unavailable' from command line to 'False'
[3.929s] Level 5:colcon.colcon_core.verb:set package 'module_motor' build argument 'cmake_clean_cache' from command line to 'False'
[3.930s] Level 5:colcon.colcon_core.verb:set package 'module_motor' build argument 'cmake_clean_first' from command line to 'False'
[3.930s] Level 5:colcon.colcon_core.verb:set package 'module_motor' build argument 'cmake_force_configure' from command line to 'False'
[3.930s] Level 5:colcon.colcon_core.verb:set package 'module_motor' build argument 'ament_cmake_args' from command line to 'None'
[3.930s] Level 5:colcon.colcon_core.verb:set package 'module_motor' build argument 'catkin_cmake_args' from command line to 'None'
[3.930s] Level 5:colcon.colcon_core.verb:set package 'module_motor' build argument 'catkin_skip_building_tests' from command line to 'False'
[3.931s] DEBUG:colcon.colcon_core.verb:Building package 'module_motor' with the following arguments: {'ament_cmake_args': None, 'build_base': '/home/tomccd/Documents/Code/Python/DATN/build/module_motor', 'catkin_cmake_args': None, 'catkin_skip_building_tests': False, 'cmake_args': None, 'cmake_clean_cache': False, 'cmake_clean_first': False, 'cmake_force_configure': False, 'cmake_target': None, 'cmake_target_skip_unavailable': False, 'install_base': '/home/tomccd/Documents/Code/Python/DATN/install/module_motor', 'merge_install': False, 'path': '/home/tomccd/Documents/Code/Python/DATN/Packages/module_motor', 'symlink_install': False, 'test_result_base': None}
[3.933s] INFO:colcon.colcon_core.executor:Executing jobs using 'parallel' executor
[3.940s] DEBUG:colcon.colcon_parallel_executor.executor.parallel:run_until_complete
[3.941s] INFO:colcon.colcon_ros.task.ament_python.build:Building ROS package in '/home/tomccd/Documents/Code/Python/DATN/Packages/module_motor' with build type 'ament_python'
[3.943s] Level 1:colcon.colcon_core.shell:create_environment_hook('module_motor', 'ament_prefix_path')
[3.969s] INFO:colcon.colcon_core.plugin_system:Skipping extension 'colcon_core.shell.bat': Not used on non-Windows systems
[3.971s] INFO:colcon.colcon_core.shell:Creating environment hook '/home/tomccd/Documents/Code/Python/DATN/install/module_motor/share/module_motor/hook/ament_prefix_path.ps1'
[3.977s] INFO:colcon.colcon_core.shell:Creating environment descriptor '/home/tomccd/Documents/Code/Python/DATN/install/module_motor/share/module_motor/hook/ament_prefix_path.dsv'
[3.982s] INFO:colcon.colcon_core.shell:Creating environment hook '/home/tomccd/Documents/Code/Python/DATN/install/module_motor/share/module_motor/hook/ament_prefix_path.sh'
[3.988s] INFO:colcon.colcon_core.shell:Skip shell extension 'powershell' for command environment: Not usable outside of PowerShell
[3.989s] DEBUG:colcon.colcon_core.shell:Skip shell extension 'dsv' for command environment
[7.727s] INFO:colcon.colcon_core.task.python.build:Building Python package in '/home/tomccd/Documents/Code/Python/DATN/Packages/module_motor'
[7.735s] INFO:colcon.colcon_core.shell:Skip shell extension 'powershell' for command environment: Not usable outside of PowerShell
[7.736s] DEBUG:colcon.colcon_core.shell:Skip shell extension 'dsv' for command environment
[17.697s] DEBUG:colcon.colcon_core.event_handler.log_command:Invoking command in '/home/tomccd/Documents/Code/Python/DATN/Packages/module_motor': CMAKE_PREFIX_PATH=/home/tomccd/Documents/Code/Python/DATN/install/custom_interfaces:/home/tomccd/Documents/Code/Python/DATN/install/launch_system:/home/tomccd/Documents/Code/Python/DATN/install/module_log_file:/opt/ros/jazzy/opt/gz_math_vendor:/opt/ros/jazzy/opt/gz_utils_vendor:/opt/ros/jazzy/opt/gz_cmake_vendor DEBUGINFOD_URLS=https://debuginfod.ubuntu.com PYTHONPATH=/home/tomccd/Documents/Code/Python/DATN/build/module_motor/prefix_override:/usr/lib/python3/dist-packages/colcon_core/task/python/colcon_distutils_commands:/home/tomccd/Documents/Code/Python/DATN/install/module_motor/lib/python3.12/site-packages:/home/tomccd/Documents/Code/Python/DATN/install/custom_interfaces/lib/python3.12/site-packages:/home/tomccd/Documents/Code/Python/DATN/install/module_weigh/lib/python3.12/site-packages:/home/tomccd/Documents/Code/Python/DATN/install/module_supervisor/lib/python3.12/site-packages:/home/tomccd/Documents/Code/Python/DATN/install/module_send_email/lib/python3.12/site-packages:/home/tomccd/Documents/Code/Python/DATN/install/module_scanning_interface/lib/python3.12/site-packages:/home/tomccd/Documents/Code/Python/DATN/install/module_input/lib/python3.12/site-packages:/opt/ros/jazzy/lib/python3.12/site-packages /usr/bin/python3 -W ignore:setup.py install is deprecated setup.py egg_info --egg-base ../../build/module_motor build --build-base /home/tomccd/Documents/Code/Python/DATN/build/module_motor/build install --record /home/tomccd/Documents/Code/Python/DATN/build/module_motor/install.log --single-version-externally-managed install_data
[23.813s] DEBUG:colcon.colcon_core.event_handler.log_command:Invoked command in '/home/tomccd/Documents/Code/Python/DATN/Packages/module_motor' returned '0': CMAKE_PREFIX_PATH=/home/tomccd/Documents/Code/Python/DATN/install/custom_interfaces:/home/tomccd/Documents/Code/Python/DATN/install/launch_system:/home/tomccd/Documents/Code/Python/DATN/install/module_log_file:/opt/ros/jazzy/opt/gz_math_vendor:/opt/ros/jazzy/opt/gz_utils_vendor:/opt/ros/jazzy/opt/gz_cmake_vendor DEBUGINFOD_URLS=https://debuginfod.ubuntu.com PYTHONPATH=/home/tomccd/Documents/Code/Python/DATN/build/module_motor/prefix_override:/usr/lib/python3/dist-packages/colcon_core/task/python/colcon_distutils_commands:/home/tomccd/Documents/Code/Python/DATN/install/module_motor/lib/python3.12/site-packages:/home/tomccd/Documents/Code/Python/DATN/install/custom_interfaces/lib/python3.12/site-packages:/home/tomccd/Documents/Code/Python/DATN/install/module_weigh/lib/python3.12/site-packages:/home/tomccd/Documents/Code/Python/DATN/install/module_supervisor/lib/python3.12/site-packages:/home/tomccd/Documents/Code/Python/DATN/install/module_send_email/lib/python3.12/site-packages:/home/tomccd/Documents/Code/Python/DATN/install/module_scanning_interface/lib/python3.12/site-packages:/home/tomccd/Documents/Code/Python/DATN/install/module_input/lib/python3.12/site-packages:/opt/ros/jazzy/lib/python3.12/site-packages /usr/bin/python3 -W ignore:setup.py install is deprecated setup.py egg_info --egg-base ../../build/module_motor build --build-base /home/tomccd/Documents/Code/Python/DATN/build/module_motor/build install --record /home/tomccd/Documents/Code/Python/DATN/build/module_motor/install.log --single-version-externally-managed install_data
[23.900s] Level 1:colcon.colcon_core.environment:checking '/home/tomccd/Documents/Code/Python/DATN/install/module_motor' for CMake module files
[23.904s] Level 1:colcon.colcon_core.environment:checking '/home/tomccd/Documents/Code/Python/DATN/install/module_motor' for CMake config files
[23.908s] Level 1:colcon.colcon_core.environment:checking '/home/tomccd/Documents/Code/Python/DATN/install/module_motor/lib'
[23.909s] Level 1:colcon.colcon_core.environment:checking '/home/tomccd/Documents/Code/Python/DATN/install/module_motor/bin'
[23.910s] Level 1:colcon.colcon_core.environment:checking '/home/tomccd/Documents/Code/Python/DATN/install/module_motor/lib/pkgconfig/module_motor.pc'
[23.912s] Level 1:colcon.colcon_core.environment:checking '/home/tomccd/Documents/Code/Python/DATN/install/module_motor/lib/python3.12/site-packages'
[23.913s] Level 1:colcon.colcon_core.shell:create_environment_hook('module_motor', 'pythonpath')
[23.914s] INFO:colcon.colcon_core.shell:Creating environment hook '/home/tomccd/Documents/Code/Python/DATN/install/module_motor/share/module_motor/hook/pythonpath.ps1'
[23.917s] INFO:colcon.colcon_core.shell:Creating environment descriptor '/home/tomccd/Documents/Code/Python/DATN/install/module_motor/share/module_motor/hook/pythonpath.dsv'
[23.919s] INFO:colcon.colcon_core.shell:Creating environment hook '/home/tomccd/Documents/Code/Python/DATN/install/module_motor/share/module_motor/hook/pythonpath.sh'
[23.922s] Level 1:colcon.colcon_core.environment:checking '/home/tomccd/Documents/Code/Python/DATN/install/module_motor/bin'
[23.923s] Level 1:colcon.colcon_core.environment:create_environment_scripts_only(module_motor)
[23.925s] INFO:colcon.colcon_core.shell:Creating package script '/home/tomccd/Documents/Code/Python/DATN/install/module_motor/share/module_motor/package.ps1'
[23.939s] INFO:colcon.colcon_core.shell:Creating package descriptor '/home/tomccd/Documents/Code/Python/DATN/install/module_motor/share/module_motor/package.dsv'
[23.945s] INFO:colcon.colcon_core.shell:Creating package script '/home/tomccd/Documents/Code/Python/DATN/install/module_motor/share/module_motor/package.sh'
[23.960s] INFO:colcon.colcon_core.shell:Creating package script '/home/tomccd/Documents/Code/Python/DATN/install/module_motor/share/module_motor/package.bash'
[23.973s] INFO:colcon.colcon_core.shell:Creating package script '/home/tomccd/Documents/Code/Python/DATN/install/module_motor/share/module_motor/package.zsh'
[23.986s] Level 1:colcon.colcon_core.environment:create_file_with_runtime_dependencies(/home/tomccd/Documents/Code/Python/DATN/install/module_motor/share/colcon-core/packages/module_motor)
[23.990s] DEBUG:colcon.colcon_parallel_executor.executor.parallel:closing loop
[23.991s] DEBUG:colcon.colcon_parallel_executor.executor.parallel:loop closed
[23.993s] DEBUG:colcon.colcon_parallel_executor.executor.parallel:run_until_complete finished with '0'
[23.994s] DEBUG:colcon.colcon_core.event_reactor:joining thread
[24.084s] INFO:colcon.colcon_core.plugin_system:Skipping extension 'colcon_notification.desktop_notification.terminal_notifier': Not used on non-Darwin systems
[24.084s] INFO:colcon.colcon_core.plugin_system:Skipping extension 'colcon_notification.desktop_notification.win32': Not used on non-Windows systems
[24.085s] INFO:colcon.colcon_notification.desktop_notification:Sending desktop notification using 'notify2'
[24.189s] DEBUG:colcon.colcon_core.event_reactor:joined thread
[24.190s] INFO:colcon.colcon_core.shell:Creating prefix script '/home/tomccd/Documents/Code/Python/DATN/install/local_setup.ps1'
[24.203s] INFO:colcon.colcon_core.shell:Creating prefix util module '/home/tomccd/Documents/Code/Python/DATN/install/_local_setup_util_ps1.py'
[24.214s] INFO:colcon.colcon_core.shell:Creating prefix chain script '/home/tomccd/Documents/Code/Python/DATN/install/setup.ps1'
[24.223s] INFO:colcon.colcon_core.shell:Creating prefix script '/home/tomccd/Documents/Code/Python/DATN/install/local_setup.sh'
[24.229s] INFO:colcon.colcon_core.shell:Creating prefix util module '/home/tomccd/Documents/Code/Python/DATN/install/_local_setup_util_sh.py'
[24.233s] INFO:colcon.colcon_core.shell:Creating prefix chain script '/home/tomccd/Documents/Code/Python/DATN/install/setup.sh'
[24.246s] INFO:colcon.colcon_core.shell:Creating prefix script '/home/tomccd/Documents/Code/Python/DATN/install/local_setup.bash'
[24.252s] INFO:colcon.colcon_core.shell:Creating prefix chain script '/home/tomccd/Documents/Code/Python/DATN/install/setup.bash'
[24.268s] INFO:colcon.colcon_core.shell:Creating prefix script '/home/tomccd/Documents/Code/Python/DATN/install/local_setup.zsh'
[24.284s] INFO:colcon.colcon_core.shell:Creating prefix chain script '/home/tomccd/Documents/Code/Python/DATN/install/setup.zsh'
