1732287573.2608411 [INFO] [launch]: All log files can be found below /home/tomccd/.ros/log/2024-11-22-21-59-33-242585-tomccd-raspberry4b-27447
1732287573.2618248 [INFO] [launch]: Default logging verbosity is set to INFO
1732287574.2439053 [INFO] [module_supervisor-1]: process started with pid [27464]
1732287574.2445717 [INFO] [module_scanning_interface-2]: process started with pid [27465]
1732287574.2452188 [INFO] [node_dc_servo-3]: process started with pid [27466]
1732287574.2456887 [INFO] [node_io_servo-4]: process started with pid [27467]
1732287574.2545331 [INFO] [node_dc_motor-5]: process started with pid [27468]
1732287574.2553377 [INFO] [node_io_weigh-6]: process started with pid [27469]
1732287574.2560685 [INFO] [module_weigh-7]: process started with pid [27470]
1732287574.2566924 [INFO] [module_log_file-8]: process started with pid [27471]
1732287574.2725279 [INFO] [module_send_email-9]: process started with pid [27472]
1732287580.9881001 [node_dc_servo-3] [INFO] [1732287580.986916125] [node_servo_motor]: ---- Server Module_Motor.node_dc_motor: Init Server ----
1732287581.0249128 [module_supervisor-1] [INFO] [1732287581.023408882] [Module_Supervisor]: ---- Supervisor: Connect to Server Module_Log_File Successfully ----
1732287581.3085959 [node_io_servo-4] [INFO] [1732287581.304468740] [node_io_servo]: ---- Server Server Module_Input.node_io_servo: TBDT PIN: 1. QA PIN: 1.  Diff PIN: 1----
1732287581.3774281 [node_io_weigh-6] [INFO] [1732287581.376440877] [node_io_weigh]: ---- Server Server Module_Input.node_io_weigh: Enable PIN: 1. Disable PIN: 1 ----
1732287581.4465475 [node_io_servo-4] [INFO] [1732287581.445529034] [node_io_servo]: ---- Server Server Module_Input.node_io_servo: TBDT PIN: 1. QA PIN: 1.  Diff PIN: 1----
1732287581.5951087 [node_io_weigh-6] [INFO] [1732287581.594126724] [node_io_weigh]: ---- Server Server Module_Input.node_io_weigh: Enable PIN: 1. Disable PIN: 1 ----
1732287581.6991019 [node_io_servo-4] [INFO] [1732287581.695130258] [node_io_servo]: ---- Server Server Module_Input.node_io_servo: TBDT PIN: 1. QA PIN: 1.  Diff PIN: 1----
1732287581.9459739 [node_io_weigh-6] [INFO] [1732287581.944299369] [node_io_weigh]: ---- Server Server Module_Input.node_io_weigh: Enable PIN: 1. Disable PIN: 1 ----
1732287581.9476352 [node_io_servo-4] [INFO] [1732287581.944973762] [node_io_servo]: ---- Server Server Module_Input.node_io_servo: TBDT PIN: 1. QA PIN: 1.  Diff PIN: 1----
1732287582.0316849 [module_supervisor-1] [WARN] [1732287582.030801575] [Module_Supervisor]: ---- Supervisor: Waiting to connect to server Module_Scanning&Interface ----
1732287582.1973102 [node_io_servo-4] [INFO] [1732287582.195547362] [node_io_servo]: ---- Server Server Module_Input.node_io_servo: TBDT PIN: 1. QA PIN: 1.  Diff PIN: 1----
1732287582.3014748 [node_io_weigh-6] [INFO] [1732287582.299161577] [node_io_weigh]: ---- Server Server Module_Input.node_io_weigh: Enable PIN: 1. Disable PIN: 1 ----
1732287582.4583700 [node_io_servo-4] [INFO] [1732287582.450286708] [node_io_servo]: ---- Server Server Module_Input.node_io_servo: TBDT PIN: 1. QA PIN: 1.  Diff PIN: 1----
1732287582.6525178 [node_io_weigh-6] [INFO] [1732287582.649505887] [node_io_weigh]: ---- Server Server Module_Input.node_io_weigh: Enable PIN: 1. Disable PIN: 1 ----
1732287582.6982925 [node_io_servo-4] [INFO] [1732287582.697174933] [node_io_servo]: ---- Server Server Module_Input.node_io_servo: TBDT PIN: 1. QA PIN: 1.  Diff PIN: 1----
1732287582.9461999 [node_io_servo-4] [INFO] [1732287582.945193017] [node_io_servo]: ---- Server Server Module_Input.node_io_servo: TBDT PIN: 1. QA PIN: 1.  Diff PIN: 1----
1732287582.9949927 [node_io_weigh-6] [INFO] [1732287582.994102645] [node_io_weigh]: ---- Server Server Module_Input.node_io_weigh: Enable PIN: 1. Disable PIN: 1 ----
1732287583.0384815 [module_supervisor-1] [WARN] [1732287583.037528220] [Module_Supervisor]: ---- Supervisor: Waiting to connect to server Module_Scanning&Interface ----
1732287583.1960495 [node_io_servo-4] [INFO] [1732287583.195154408] [node_io_servo]: ---- Server Server Module_Input.node_io_servo: TBDT PIN: 1. QA PIN: 1.  Diff PIN: 1----
1732287583.3445613 [node_io_weigh-6] [INFO] [1732287583.343668615] [node_io_weigh]: ---- Server Server Module_Input.node_io_weigh: Enable PIN: 1. Disable PIN: 1 ----
1732287583.4514997 [node_io_servo-4] [INFO] [1732287583.448211299] [node_io_servo]: ---- Server Server Module_Input.node_io_servo: TBDT PIN: 1. QA PIN: 1.  Diff PIN: 1----
1732287583.6954992 [node_io_weigh-6] [INFO] [1732287583.694445741] [node_io_weigh]: ---- Server Server Module_Input.node_io_weigh: Enable PIN: 1. Disable PIN: 1 ----
1732287583.6976376 [node_io_servo-4] [INFO] [1732287583.695277449] [node_io_servo]: ---- Server Server Module_Input.node_io_servo: TBDT PIN: 1. QA PIN: 1.  Diff PIN: 1----
1732287583.9465630 [node_io_servo-4] [INFO] [1732287583.945485471] [node_io_servo]: ---- Server Server Module_Input.node_io_servo: TBDT PIN: 1. QA PIN: 1.  Diff PIN: 1----
1732287584.0446618 [module_supervisor-1] [WARN] [1732287584.043348244] [Module_Supervisor]: ---- Supervisor: Waiting to connect to server Module_Scanning&Interface ----
1732287584.0467992 [node_io_weigh-6] [INFO] [1732287584.045620183] [node_io_weigh]: ---- Server Server Module_Input.node_io_weigh: Enable PIN: 1. Disable PIN: 1 ----
1732287584.1995115 [node_io_servo-4] [INFO] [1732287584.198188840] [node_io_servo]: ---- Server Server Module_Input.node_io_servo: TBDT PIN: 1. QA PIN: 1.  Diff PIN: 1----
1732287584.3949142 [node_io_weigh-6] [INFO] [1732287584.394003608] [node_io_weigh]: ---- Server Server Module_Input.node_io_weigh: Enable PIN: 1. Disable PIN: 1 ----
1732287584.4468009 [node_io_servo-4] [INFO] [1732287584.445498454] [node_io_servo]: ---- Server Server Module_Input.node_io_servo: TBDT PIN: 1. QA PIN: 1.  Diff PIN: 1----
1732287584.6958215 [node_io_servo-4] [INFO] [1732287584.694835395] [node_io_servo]: ---- Server Server Module_Input.node_io_servo: TBDT PIN: 1. QA PIN: 1.  Diff PIN: 1----
1732287584.7453816 [node_io_weigh-6] [INFO] [1732287584.744323099] [node_io_weigh]: ---- Server Server Module_Input.node_io_weigh: Enable PIN: 1. Disable PIN: 1 ----
1732287584.9460363 [node_io_servo-4] [INFO] [1732287584.945039711] [node_io_servo]: ---- Server Server Module_Input.node_io_servo: TBDT PIN: 1. QA PIN: 1.  Diff PIN: 1----
1732287585.0491648 [module_supervisor-1] [WARN] [1732287585.048181885] [Module_Supervisor]: ---- Supervisor: Waiting to connect to server Module_Scanning&Interface ----
1732287585.0967894 [node_io_weigh-6] [INFO] [1732287585.095565521] [node_io_weigh]: ---- Server Server Module_Input.node_io_weigh: Enable PIN: 1. Disable PIN: 1 ----
1732287585.1966240 [node_io_servo-4] [INFO] [1732287585.195323212] [node_io_servo]: ---- Server Server Module_Input.node_io_servo: TBDT PIN: 1. QA PIN: 1.  Diff PIN: 1----
1732287585.4483640 [node_io_weigh-6] [INFO] [1732287585.446957017] [node_io_weigh]: ---- Server Server Module_Input.node_io_weigh: Enable PIN: 1. Disable PIN: 1 ----
1732287585.4503522 [node_io_servo-4] [INFO] [1732287585.447925763] [node_io_servo]: ---- Server Server Module_Input.node_io_servo: TBDT PIN: 1. QA PIN: 1.  Diff PIN: 1----
1732287585.6954300 [node_io_servo-4] [INFO] [1732287585.694548390] [node_io_servo]: ---- Server Server Module_Input.node_io_servo: TBDT PIN: 1. QA PIN: 1.  Diff PIN: 1----
1732287585.7969925 [node_io_weigh-6] [INFO] [1732287585.795460477] [node_io_weigh]: ---- Server Server Module_Input.node_io_weigh: Enable PIN: 1. Disable PIN: 1 ----
1732287585.9468021 [node_io_servo-4] [INFO] [1732287585.945778471] [node_io_servo]: ---- Server Server Module_Input.node_io_servo: TBDT PIN: 1. QA PIN: 1.  Diff PIN: 1----
1732287586.0534770 [module_supervisor-1] [WARN] [1732287586.052624648] [Module_Supervisor]: ---- Supervisor: Waiting to connect to server Module_Scanning&Interface ----
1732287586.1446044 [node_io_weigh-6] [INFO] [1732287586.143814991] [node_io_weigh]: ---- Server Server Module_Input.node_io_weigh: Enable PIN: 1. Disable PIN: 1 ----
1732287586.1993711 [node_io_servo-4] [INFO] [1732287586.197677628] [node_io_servo]: ---- Server Server Module_Input.node_io_servo: TBDT PIN: 1. QA PIN: 1.  Diff PIN: 1----
1732287586.4480782 [node_io_servo-4] [INFO] [1732287586.445449853] [node_io_servo]: ---- Server Server Module_Input.node_io_servo: TBDT PIN: 1. QA PIN: 1.  Diff PIN: 1----
1732287586.4970863 [node_io_weigh-6] [INFO] [1732287586.495886988] [node_io_weigh]: ---- Server Server Module_Input.node_io_weigh: Enable PIN: 1. Disable PIN: 1 ----
1732287586.6969569 [node_io_servo-4] [INFO] [1732287586.695891872] [node_io_servo]: ---- Server Server Module_Input.node_io_servo: TBDT PIN: 1. QA PIN: 1.  Diff PIN: 1----
1732287586.8476200 [node_io_weigh-6] [INFO] [1732287586.846668312] [node_io_weigh]: ---- Server Server Module_Input.node_io_weigh: Enable PIN: 1. Disable PIN: 1 ----
1732287586.9490247 [node_io_servo-4] [INFO] [1732287586.947643250] [node_io_servo]: ---- Server Server Module_Input.node_io_servo: TBDT PIN: 1. QA PIN: 1.  Diff PIN: 1----
1732287587.0610318 [module_supervisor-1] [WARN] [1732287587.059569605] [Module_Supervisor]: ---- Supervisor: Waiting to connect to server Module_Scanning&Interface ----
1732287587.0648940 [module_supervisor-1] [ERROR] [1732287587.063935187] [Module_Supervisor]: ---- Supervisor: Can't connect to server Module_Scanning&Interface ----
1732287587.0719905 [module_supervisor-1] [ERROR] [1732287587.067783136] [Module_Supervisor]: ---- Supervisor: Initilize System Error ----
1732287587.0852423 [module_log_file-8] [INFO] [1732287587.072464257] [module_log_file]: ---- Server Module_Log_File: Creating Log File... ----
1732287587.0986042 [node_io_weigh-6] [INFO] [1732287587.076527688] [node_io_weigh]: ---- Server Module_Input.node_io_weigh: Receive Message: Terminate. Bye Bye.... ----
1732287587.1198373 [node_io_servo-4] [INFO] [1732287587.090954775] [node_io_servo]: ---- Server Module_Input.node_io_servo: Receive Message: Terminate. Bye Bye.... ----
1732287587.1236670 [node_dc_servo-3] [INFO] [1732287587.095847026] [node_servo_motor]: ---- Server Module_Motor.node_servo_motor: Receive Message: Terminate. Bye Bye.... ----
1732287587.2690001 [module_weigh-7] [INFO] [1732287587.267010699] [module_weigh]: ---- Server Module_Weigh: Receive Message: Terminate. Bye Bye.... ----
1732287587.2875671 [node_dc_motor-5] [INFO] [1732287587.284995528] [node_dc_motor]: ---- Server Module_Motor.node_dc_motor: Receive Message: Terminate. Bye Bye.... ----
1732287587.8193326 [ERROR] [node_io_weigh-6]: process has died [pid 27469, exit code 255, cmd '/home/tomccd/Documents/Code/Python/DATN/install/module_input/lib/module_input/node_io_weigh --ros-args'].
1732287587.8906505 [module_supervisor-1] Traceback (most recent call last):
1732287587.8935561 [module_supervisor-1]   File "/home/tomccd/Documents/Code/Python/DATN/install/module_supervisor/lib/module_supervisor/module_supervisor", line 33, in <module>
1732287587.9043400 [module_supervisor-1]     sys.exit(load_entry_point('module-supervisor==0.0.0', 'console_scripts', 'module_supervisor')())
1732287587.9239266 [module_supervisor-1]              ^^^^^^^^^^^^^^^^^^^^^^^^^^^^^^^^^^^^^^^^^^^^^^^^^^^^^^^^^^^^^^^^^^^^^^^^^^^^^^^^^^^^^^
1732287587.9251907 [module_supervisor-1]   File "/home/tomccd/Documents/Code/Python/DATN/install/module_supervisor/lib/python3.12/site-packages/module_supervisor/module_supervisor.py", line 220, in main
1732287587.9274626 [module_supervisor-1]     rclpy.spin(node)
1732287587.9304149 [module_supervisor-1]   File "/opt/ros/jazzy/lib/python3.12/site-packages/rclpy/__init__.py", line 240, in spin
1732287587.9316285 [module_supervisor-1]     executor = get_global_executor() if executor is None else executor
1732287587.9460404 [module_supervisor-1]                ^^^^^^^^^^^^^^^^^^^^^
1732287587.9476867 [module_supervisor-1]   File "/opt/ros/jazzy/lib/python3.12/site-packages/rclpy/__init__.py", line 106, in get_global_executor
1732287587.9510496 [module_supervisor-1]     __executor = SingleThreadedExecutor()
1732287587.9542792 [module_supervisor-1]                  ^^^^^^^^^^^^^^^^^^^^^^^^
1732287587.9609890 [module_supervisor-1]   File "/opt/ros/jazzy/lib/python3.12/site-packages/rclpy/executors.py", line 803, in __init__
1732287587.9642766 [module_supervisor-1]     super().__init__(context=context)
1732287587.9734149 [ERROR] [node_io_servo-4]: process has died [pid 27467, exit code 255, cmd '/home/tomccd/Documents/Code/Python/DATN/install/module_input/lib/module_input/node_io_servo --ros-args'].
1732287587.9860213 [module_supervisor-1]   File "/opt/ros/jazzy/lib/python3.12/site-packages/rclpy/executors.py", line 186, in __init__
1732287587.9893878 [module_supervisor-1]     self._guard = GuardCondition(
1732287587.9933887 [module_supervisor-1]                   ^^^^^^^^^^^^^^^
1732287587.9961112 [module_supervisor-1]   File "/opt/ros/jazzy/lib/python3.12/site-packages/rclpy/guard_condition.py", line 23, in __init__
1732287587.9984732 [module_supervisor-1]     with self._context.handle:
1732287588.0006468 [module_supervisor-1] TypeError: 'NoneType' object does not support the context manager protocol
1732287588.0371890 [module_supervisor-1] Exception ignored in: <function Executor.__del__ at 0xffff8917da80>
1732287588.0402162 [module_supervisor-1] Traceback (most recent call last):
1732287588.0434320 [module_supervisor-1]   File "/opt/ros/jazzy/lib/python3.12/site-packages/rclpy/executors.py", line 257, in __del__
1732287588.0464537 [module_supervisor-1]     if self._sigint_gc is not None:
1732287588.0485289 [module_supervisor-1]        ^^^^^^^^^^^^^^^
1732287588.0505595 [module_supervisor-1] AttributeError: 'SingleThreadedExecutor' object has no attribute '_sigint_gc'
1732287588.3205397 [ERROR] [module_weigh-7]: process has died [pid 27470, exit code 255, cmd '/home/tomccd/Documents/Code/Python/DATN/install/module_weigh/lib/module_weigh/module_weigh --ros-args'].
1732287588.4422169 [ERROR] [node_dc_servo-3]: process has died [pid 27466, exit code 255, cmd '/home/tomccd/Documents/Code/Python/DATN/install/module_motor/lib/module_motor/node_dc_servo --ros-args'].
1732287588.5898349 [ERROR] [node_dc_motor-5]: process has died [pid 27468, exit code 255, cmd '/home/tomccd/Documents/Code/Python/DATN/install/module_motor/lib/module_motor/node_dc_motor --ros-args'].
1732287588.6160121 [ERROR] [module_supervisor-1]: process has died [pid 27464, exit code 1, cmd '/home/tomccd/Documents/Code/Python/DATN/install/module_supervisor/lib/module_supervisor/module_supervisor --ros-args'].
1732287588.9994304 [module_scanning_interface-2] [INFO] [1732287588.998695982] [module_scanning_interface]: ----  Server Module_Scanning&Interface: Connect to DB Successfully ----
