1731941223.6685193 [INFO] [launch]: All log files can be found below /home/tomccd/.ros/log/2024-11-18-21-47-03-664709-tomccd-raspberry4b-11205
1731941223.6691277 [INFO] [launch]: Default logging verbosity is set to INFO
1731941224.4376702 [INFO] [module_supervisor-1]: process started with pid [11208]
1731941224.4418094 [INFO] [module_scanning_interface-2]: process started with pid [11209]
1731941224.4451241 [INFO] [node_dc_servo-3]: process started with pid [11210]
1731941224.4482865 [INFO] [node_io_servo-4]: process started with pid [11211]
1731941224.4489293 [INFO] [node_dc_motor-5]: process started with pid [11212]
1731941224.4530101 [INFO] [node_io_weigh-6]: process started with pid [11213]
1731941224.4548750 [INFO] [module_weigh-7]: process started with pid [11214]
1731941224.4576318 [INFO] [module_log_file-8]: process started with pid [11215]
1731941224.4612536 [INFO] [module_send_email-9]: process started with pid [11216]
1731941229.8173385 [module_supervisor-1] [INFO] [1731941229.810686396] [Module_Supervisor]: ---- Supervisor: Connect to Server Module_Log_File Successfully ----
1731941229.9588685 [node_dc_servo-3] [INFO] [1731941229.956831148] [node_servo_motor]: ---- Server Module_Motor.node_dc_motor: Init Server ----
1731941230.8260391 [module_supervisor-1] [WARN] [1731941230.824524494] [Module_Supervisor]: ---- Supervisor: Waiting to connect to server Module_Scanning&Interface ----
1731941230.9597483 [node_io_servo-4] [INFO] [1731941230.958871542] [node_io_servo]: ---- Server Server Module_Input.node_io_servo: TBDT PIN: 1. QA PIN: 1.  Diff PIN: 1----
1731941231.0628381 [node_io_weigh-6] [INFO] [1731941231.061997501] [node_io_weigh]: ---- Server Server Module_Input.node_io_weigh: Enable PIN: 1. Disable PIN: 1 ----
1731941231.2082689 [node_io_servo-4] [INFO] [1731941231.202353526] [node_io_servo]: ---- Server Server Module_Input.node_io_servo: TBDT PIN: 1. QA PIN: 1.  Diff PIN: 1----
1731941231.3218334 [node_io_weigh-6] [INFO] [1731941231.320346230] [node_io_weigh]: ---- Server Server Module_Input.node_io_weigh: Enable PIN: 1. Disable PIN: 1 ----
1731941231.5553436 [node_io_servo-4] [INFO] [1731941231.551912791] [node_io_servo]: ---- Server Server Module_Input.node_io_servo: TBDT PIN: 1. QA PIN: 1.  Diff PIN: 1----
1731941231.5833156 [module_supervisor-1] [INFO] [1731941231.582208578] [Module_Supervisor]: ---- Supervisor: Connect to Server Module_Scanning&Interface Successfully ----
1731941231.5867531 [module_supervisor-1] [INFO] [1731941231.585789455] [Module_Supervisor]: ---- Supervisor: Connect to Server Module_Input.node_io_weigh Successfully ----
1731941231.5900450 [module_supervisor-1] [INFO] [1731941231.589183671] [Module_Supervisor]: ---- Supervisor: Connect to Server Module_Weigh Successfully ----
1731941231.5934904 [module_supervisor-1] [INFO] [1731941231.592395393] [Module_Supervisor]: ---- Supervisor: Connect to Server Module_Motor.node_dc_motor Successfully ----
1731941231.5972052 [module_supervisor-1] [INFO] [1731941231.596062359] [Module_Supervisor]: ---- Supervisor: Connect to Server Module_Input.node_io_servo Successfully ----
1731941231.6011555 [module_supervisor-1] [INFO] [1731941231.599846210] [Module_Supervisor]: ---- Supervisor: Connect to Server Module_Motor.node_dc_servo Successfully ----
1731941231.6051769 [module_supervisor-1] [INFO] [1731941231.603974031] [Module_Supervisor]: ---- Supervisor: Connect to Server Module_Send_Email Successfully ----
1731941231.6661072 [node_io_weigh-6] [INFO] [1731941231.664881687] [node_io_weigh]: ---- Server Server Module_Input.node_io_weigh: Enable PIN: 1. Disable PIN: 1 ----
1731941231.7162569 [node_dc_motor-5] [INFO] [1731941231.715390314] [node_dc_motor]: ---- Server Module_Motor.node_dc_motor: Receive Intialized Request: Ready ----
1731941231.7243857 [module_supervisor-1] [INFO] [1731941231.722648211] [Module_Supervisor]: ---- Supervisor: Receive Init Respond from Server Module_Motor.node_dc_motor: OK
1731941231.8991210 [node_io_servo-4] [INFO] [1731941231.897990473] [node_io_servo]: ---- Server Server Module_Input.node_io_servo: TBDT PIN: 1. QA PIN: 1.  Diff PIN: 1----
1731941232.0157444 [node_io_weigh-6] [INFO] [1731941232.014860642] [node_io_weigh]: ---- Server Server Module_Input.node_io_weigh: Enable PIN: 1. Disable PIN: 1 ----
1731941232.0830796 [module_scanning_interface-2] [INFO] [1731941232.082136726] [module_scanning_interface]: ----  Server Module_Scanning&Interface: Connect to DB Successfully ----
1731941232.0861595 [module_scanning_interface-2] [ WARN:0@4.497] global cap_v4l.cpp:999 open VIDEOIO(V4L2:/dev/video0): can't open camera by index
1731941232.0953059 [module_scanning_interface-2] [ERROR:0@4.506] global obsensor_uvc_stream_channel.cpp:158 getStreamChannelGroup Camera index out of range
1731941232.2502873 [node_io_servo-4] [INFO] [1731941232.249173755] [node_io_servo]: ---- Server Server Module_Input.node_io_servo: TBDT PIN: 1. QA PIN: 1.  Diff PIN: 1----
1731941232.3750532 [node_io_weigh-6] [INFO] [1731941232.371308889] [node_io_weigh]: ---- Server Server Module_Input.node_io_weigh: Enable PIN: 1. Disable PIN: 1 ----
1731941232.6009245 [node_io_servo-4] [INFO] [1731941232.598639336] [node_io_servo]: ---- Server Server Module_Input.node_io_servo: TBDT PIN: 1. QA PIN: 1.  Diff PIN: 1----
1731941232.7165005 [node_io_weigh-6] [INFO] [1731941232.715464246] [node_io_weigh]: ---- Server Server Module_Input.node_io_weigh: Enable PIN: 1. Disable PIN: 1 ----
1731941232.9491684 [node_io_servo-4] [INFO] [1731941232.948179914] [node_io_servo]: ---- Server Server Module_Input.node_io_servo: TBDT PIN: 0. QA PIN: 1.  Diff PIN: 1----
1731941233.0688348 [node_io_weigh-6] [INFO] [1731941233.067429667] [node_io_weigh]: ---- Server Server Module_Input.node_io_weigh: Enable PIN: 1. Disable PIN: 1 ----
1731941233.3014233 [node_io_servo-4] [INFO] [1731941233.300178573] [node_io_servo]: ---- Server Server Module_Input.node_io_servo: TBDT PIN: 0. QA PIN: 1.  Diff PIN: 1----
1731941233.4175968 [node_io_weigh-6] [INFO] [1731941233.416525925] [node_io_weigh]: ---- Server Server Module_Input.node_io_weigh: Enable PIN: 1. Disable PIN: 1 ----
1731941233.6537902 [node_io_servo-4] [INFO] [1731941233.652340133] [node_io_servo]: ---- Server Server Module_Input.node_io_servo: TBDT PIN: 0. QA PIN: 1.  Diff PIN: 1----
1731941233.7296798 [module_supervisor-1] [INFO] [1731941233.728343434] [Module_Supervisor]: ---- Supervisor: Connect to Module_Scanning&Interface Successfully----
1731941233.7346852 [module_supervisor-1] [INFO] [1731941233.733315540] [Module_Supervisor]: ---- Supervisor: Connect to Module_Input.node Successfully----
1731941233.7395067 [module_supervisor-1] [INFO] [1731941233.738345922] [Module_Supervisor]: ---- Supervisor: Connect to Module_Weigh Successfully----
1731941233.7443652 [module_supervisor-1] [INFO] [1731941233.742664181] [Module_Supervisor]: ---- Supervisor: Connect to Module_Motor.node_dc_motor Successfully----
1731941233.7494745 [module_supervisor-1] [INFO] [1731941233.748408519] [Module_Supervisor]: ---- Supervisor: Connect to Module_Input.node_io_servo Successfully----
1731941233.7533009 [module_supervisor-1] [INFO] [1731941233.752335828] [Module_Supervisor]: ---- Supervisor: Connect to Module_Send_Email Successfully----
1731941233.7663217 [node_io_weigh-6] [INFO] [1731941233.765413932] [node_io_weigh]: ---- Server Server Module_Input.node_io_weigh: Enable PIN: 1. Disable PIN: 1 ----
1731941234.0004070 [node_io_servo-4] [INFO] [1731941233.999383259] [node_io_servo]: ---- Server Server Module_Input.node_io_servo: TBDT PIN: 0. QA PIN: 1.  Diff PIN: 1----
1731941234.1189442 [node_io_weigh-6] [INFO] [1731941234.117654470] [node_io_weigh]: ---- Server Server Module_Input.node_io_weigh: Enable PIN: 1. Disable PIN: 1 ----
1731941234.3520703 [node_io_servo-4] [INFO] [1731941234.350672292] [node_io_servo]: ---- Server Server Module_Input.node_io_servo: TBDT PIN: 1. QA PIN: 1.  Diff PIN: 1----
1731941234.4691036 [node_io_weigh-6] [INFO] [1731941234.467883299] [node_io_weigh]: ---- Server Server Module_Input.node_io_weigh: Enable PIN: 1. Disable PIN: 1 ----
1731941234.7017517 [node_io_servo-4] [INFO] [1731941234.700373749] [node_io_servo]: ---- Server Server Module_Input.node_io_servo: TBDT PIN: 0. QA PIN: 1.  Diff PIN: 1----
1731941234.8173039 [node_io_weigh-6] [INFO] [1731941234.816351077] [node_io_weigh]: ---- Server Server Module_Input.node_io_weigh: Enable PIN: 1. Disable PIN: 1 ----
1731941235.0504270 [node_io_servo-4] [INFO] [1731941235.049194663] [node_io_servo]: ---- Server Server Module_Input.node_io_servo: TBDT PIN: 0. QA PIN: 1.  Diff PIN: 1----
1731941235.1690674 [node_io_weigh-6] [INFO] [1731941235.167710421] [node_io_weigh]: ---- Server Server Module_Input.node_io_weigh: Enable PIN: 1. Disable PIN: 1 ----
1731941235.4017887 [node_io_servo-4] [INFO] [1731941235.400342291] [node_io_servo]: ---- Server Server Module_Input.node_io_servo: TBDT PIN: 0. QA PIN: 1.  Diff PIN: 1----
1731941235.5188677 [node_io_weigh-6] [INFO] [1731941235.517579908] [node_io_weigh]: ---- Server Server Module_Input.node_io_weigh: Enable PIN: 1. Disable PIN: 1 ----
1731941235.7300787 [module_supervisor-1] [INFO] [1731941235.728726057] [Module_Supervisor]: ---- Supervisor: Connect to Module_Scanning&Interface Successfully----
1731941235.7350993 [module_supervisor-1] [INFO] [1731941235.733717774] [Module_Supervisor]: ---- Supervisor: Connect to Module_Input.node Successfully----
1731941235.7385943 [module_supervisor-1] [INFO] [1731941235.737789115] [Module_Supervisor]: ---- Supervisor: Connect to Module_Weigh Successfully----
1731941235.7419035 [module_supervisor-1] [INFO] [1731941235.740974301] [Module_Supervisor]: ---- Supervisor: Connect to Module_Motor.node_dc_motor Successfully----
1731941235.7460568 [module_supervisor-1] [INFO] [1731941235.744982625] [Module_Supervisor]: ---- Supervisor: Connect to Module_Input.node_io_servo Successfully----
1731941235.7506313 [node_io_servo-4] [INFO] [1731941235.748311659] [node_io_servo]: ---- Server Server Module_Input.node_io_servo: TBDT PIN: 0. QA PIN: 1.  Diff PIN: 1----
1731941235.7534907 [module_supervisor-1] [INFO] [1731941235.748775124] [Module_Supervisor]: ---- Supervisor: Connect to Module_Send_Email Successfully----
1731941235.8667405 [node_io_weigh-6] [INFO] [1731941235.865795192] [node_io_weigh]: ---- Server Server Module_Input.node_io_weigh: Enable PIN: 1. Disable PIN: 1 ----
1731941236.1021566 [node_io_servo-4] [INFO] [1731941236.101003825] [node_io_servo]: ---- Server Server Module_Input.node_io_servo: TBDT PIN: 0. QA PIN: 1.  Diff PIN: 1----
1731941236.2233844 [node_io_weigh-6] [INFO] [1731941236.219464362] [node_io_weigh]: ---- Server Server Module_Input.node_io_weigh: Enable PIN: 1. Disable PIN: 1 ----
1731941236.4515891 [node_io_servo-4] [INFO] [1731941236.450324810] [node_io_servo]: ---- Server Server Module_Input.node_io_servo: TBDT PIN: 0. QA PIN: 1.  Diff PIN: 1----
1731941236.5687416 [node_io_weigh-6] [INFO] [1731941236.567663404] [node_io_weigh]: ---- Server Server Module_Input.node_io_weigh: Enable PIN: 1. Disable PIN: 1 ----
1731941236.8012245 [node_io_servo-4] [INFO] [1731941236.799944711] [node_io_servo]: ---- Server Server Module_Input.node_io_servo: TBDT PIN: 1. QA PIN: 1.  Diff PIN: 1----
1731941236.9193313 [node_io_weigh-6] [INFO] [1731941236.917900228] [node_io_weigh]: ---- Server Server Module_Input.node_io_weigh: Enable PIN: 1. Disable PIN: 1 ----
1731941237.1517699 [node_io_servo-4] [INFO] [1731941237.150422267] [node_io_servo]: ---- Server Server Module_Input.node_io_servo: TBDT PIN: 1. QA PIN: 1.  Diff PIN: 1----
1731941237.2690144 [node_io_weigh-6] [INFO] [1731941237.267917928] [node_io_weigh]: ---- Server Server Module_Input.node_io_weigh: Enable PIN: 1. Disable PIN: 1 ----
1731941237.4998338 [node_io_servo-4] [INFO] [1731941237.498623881] [node_io_servo]: ---- Server Server Module_Input.node_io_servo: TBDT PIN: 0. QA PIN: 1.  Diff PIN: 1----
1731941237.6181729 [node_io_weigh-6] [INFO] [1731941237.617034641] [node_io_weigh]: ---- Server Server Module_Input.node_io_weigh: Enable PIN: 1. Disable PIN: 1 ----
1731941237.7301030 [module_supervisor-1] [INFO] [1731941237.728588915] [Module_Supervisor]: ---- Supervisor: Connect to Module_Scanning&Interface Successfully----
1731941237.7343445 [module_supervisor-1] [INFO] [1731941237.733360176] [Module_Supervisor]: ---- Supervisor: Connect to Module_Input.node Successfully----
1731941237.7380860 [module_supervisor-1] [INFO] [1731941237.737018716] [Module_Supervisor]: ---- Supervisor: Connect to Module_Weigh Successfully----
1731941237.7435124 [module_supervisor-1] [INFO] [1731941237.741395010] [Module_Supervisor]: ---- Supervisor: Connect to Module_Motor.node_dc_motor Successfully----
1731941237.7476912 [module_supervisor-1] [INFO] [1731941237.746711511] [Module_Supervisor]: ---- Supervisor: Connect to Module_Input.node_io_servo Successfully----
1731941237.7515662 [module_supervisor-1] [INFO] [1731941237.750518102] [Module_Supervisor]: ---- Supervisor: Connect to Module_Send_Email Successfully----
1731941237.8516090 [node_io_servo-4] [INFO] [1731941237.850305653] [node_io_servo]: ---- Server Server Module_Input.node_io_servo: TBDT PIN: 0. QA PIN: 1.  Diff PIN: 1----
1731941237.9672942 [node_io_weigh-6] [INFO] [1731941237.966144650] [node_io_weigh]: ---- Server Server Module_Input.node_io_weigh: Enable PIN: 1. Disable PIN: 1 ----
1731941238.2015436 [node_io_servo-4] [INFO] [1731941238.200371239] [node_io_servo]: ---- Server Server Module_Input.node_io_servo: TBDT PIN: 0. QA PIN: 1.  Diff PIN: 1----
1731941238.3168974 [node_io_weigh-6] [INFO] [1731941238.315887746] [node_io_weigh]: ---- Server Server Module_Input.node_io_weigh: Enable PIN: 1. Disable PIN: 1 ----
1731941238.5518298 [node_io_servo-4] [INFO] [1731941238.550405603] [node_io_servo]: ---- Server Server Module_Input.node_io_servo: TBDT PIN: 0. QA PIN: 1.  Diff PIN: 1----
1731941238.6686752 [node_io_weigh-6] [INFO] [1731941238.667546720] [node_io_weigh]: ---- Server Server Module_Input.node_io_weigh: Enable PIN: 1. Disable PIN: 1 ----
1731941238.9018800 [node_io_servo-4] [INFO] [1731941238.900454855] [node_io_servo]: ---- Server Server Module_Input.node_io_servo: TBDT PIN: 1. QA PIN: 1.  Diff PIN: 1----
1731941239.0189447 [node_io_weigh-6] [INFO] [1731941239.017682433] [node_io_weigh]: ---- Server Server Module_Input.node_io_weigh: Enable PIN: 1. Disable PIN: 1 ----
1731941239.2517130 [node_io_servo-4] [INFO] [1731941239.250630268] [node_io_servo]: ---- Server Server Module_Input.node_io_servo: TBDT PIN: 1. QA PIN: 1.  Diff PIN: 1----
1731941239.3686452 [node_io_weigh-6] [INFO] [1731941239.367438193] [node_io_weigh]: ---- Server Server Module_Input.node_io_weigh: Enable PIN: 1. Disable PIN: 1 ----
1731941239.6018124 [node_io_servo-4] [INFO] [1731941239.600389213] [node_io_servo]: ---- Server Server Module_Input.node_io_servo: TBDT PIN: 1. QA PIN: 1.  Diff PIN: 1----
1731941239.7187684 [node_io_weigh-6] [INFO] [1731941239.717617549] [node_io_weigh]: ---- Server Server Module_Input.node_io_weigh: Enable PIN: 1. Disable PIN: 1 ----
1731941239.7301672 [module_supervisor-1] [INFO] [1731941239.728428861] [Module_Supervisor]: ---- Supervisor: Connect to Module_Scanning&Interface Successfully----
1731941239.7349353 [module_supervisor-1] [INFO] [1731941239.733707197] [Module_Supervisor]: ---- Supervisor: Connect to Module_Input.node Successfully----
1731941239.7396872 [module_supervisor-1] [INFO] [1731941239.737854646] [Module_Supervisor]: ---- Supervisor: Connect to Module_Weigh Successfully----
1731941239.7443311 [module_supervisor-1] [INFO] [1731941239.742925212] [Module_Supervisor]: ---- Supervisor: Connect to Module_Motor.node_dc_motor Successfully----
1731941239.7501564 [module_supervisor-1] [INFO] [1731941239.749198976] [Module_Supervisor]: ---- Supervisor: Connect to Module_Input.node_io_servo Successfully----
1731941239.7552700 [module_supervisor-1] [INFO] [1731941239.754037309] [Module_Supervisor]: ---- Supervisor: Connect to Module_Send_Email Successfully----
1731941239.9493954 [node_io_servo-4] [INFO] [1731941239.947922569] [node_io_servo]: ---- Server Server Module_Input.node_io_servo: TBDT PIN: 1. QA PIN: 1.  Diff PIN: 1----
1731941240.0691292 [node_io_weigh-6] [INFO] [1731941240.067781851] [node_io_weigh]: ---- Server Server Module_Input.node_io_weigh: Enable PIN: 1. Disable PIN: 1 ----
1731941240.3016379 [node_io_servo-4] [INFO] [1731941240.300511229] [node_io_servo]: ---- Server Server Module_Input.node_io_servo: TBDT PIN: 1. QA PIN: 1.  Diff PIN: 1----
1731941240.4190493 [node_io_weigh-6] [INFO] [1731941240.417898522] [node_io_weigh]: ---- Server Server Module_Input.node_io_weigh: Enable PIN: 1. Disable PIN: 1 ----
1731941240.6517911 [node_io_servo-4] [INFO] [1731941240.650398779] [node_io_servo]: ---- Server Server Module_Input.node_io_servo: TBDT PIN: 1. QA PIN: 1.  Diff PIN: 1----
1731941240.7665541 [node_io_weigh-6] [INFO] [1731941240.765561075] [node_io_weigh]: ---- Server Server Module_Input.node_io_weigh: Enable PIN: 1. Disable PIN: 1 ----
1731941241.0013511 [node_io_servo-4] [INFO] [1731941241.000011913] [node_io_servo]: ---- Server Server Module_Input.node_io_servo: TBDT PIN: 1. QA PIN: 1.  Diff PIN: 1----
1731941241.1190538 [node_io_weigh-6] [INFO] [1731941241.117652141] [node_io_weigh]: ---- Server Server Module_Input.node_io_weigh: Enable PIN: 1. Disable PIN: 1 ----
1731941241.3517871 [node_io_servo-4] [INFO] [1731941241.350307447] [node_io_servo]: ---- Server Server Module_Input.node_io_servo: TBDT PIN: 1. QA PIN: 0.  Diff PIN: 1----
1731941241.4685962 [node_io_weigh-6] [INFO] [1731941241.467751552] [node_io_weigh]: ---- Server Server Module_Input.node_io_weigh: Enable PIN: 1. Disable PIN: 1 ----
1731941241.7017956 [node_io_servo-4] [INFO] [1731941241.700525872] [node_io_servo]: ---- Server Server Module_Input.node_io_servo: TBDT PIN: 1. QA PIN: 0.  Diff PIN: 1----
1731941241.7276597 [module_supervisor-1] [INFO] [1731941241.726625488] [Module_Supervisor]: ---- Supervisor: Connect to Module_Scanning&Interface Successfully----
1731941241.7317059 [module_supervisor-1] [INFO] [1731941241.730621590] [Module_Supervisor]: ---- Supervisor: Connect to Module_Input.node Successfully----
1731941241.7366023 [module_supervisor-1] [INFO] [1731941241.735264115] [Module_Supervisor]: ---- Supervisor: Connect to Module_Weigh Successfully----
1731941241.7412038 [module_supervisor-1] [INFO] [1731941241.739882048] [Module_Supervisor]: ---- Supervisor: Connect to Module_Motor.node_dc_motor Successfully----
1731941241.7457833 [module_supervisor-1] [INFO] [1731941241.744078199] [Module_Supervisor]: ---- Supervisor: Connect to Module_Input.node_io_servo Successfully----
1731941241.7504029 [module_supervisor-1] [INFO] [1731941241.749396978] [Module_Supervisor]: ---- Supervisor: Connect to Module_Send_Email Successfully----
1731941241.8191621 [node_io_weigh-6] [INFO] [1731941241.817735504] [node_io_weigh]: ---- Server Server Module_Input.node_io_weigh: Enable PIN: 1. Disable PIN: 1 ----
1731941242.0518360 [node_io_servo-4] [INFO] [1731941242.050703817] [node_io_servo]: ---- Server Server Module_Input.node_io_servo: TBDT PIN: 1. QA PIN: 0.  Diff PIN: 1----
1731941242.1688879 [node_io_weigh-6] [INFO] [1731941242.167630587] [node_io_weigh]: ---- Server Server Module_Input.node_io_weigh: Enable PIN: 1. Disable PIN: 1 ----
1731941242.4008667 [node_io_servo-4] [INFO] [1731941242.399801260] [node_io_servo]: ---- Server Server Module_Input.node_io_servo: TBDT PIN: 1. QA PIN: 0.  Diff PIN: 1----
1731941242.5191743 [node_io_weigh-6] [INFO] [1731941242.517707108] [node_io_weigh]: ---- Server Server Module_Input.node_io_weigh: Enable PIN: 1. Disable PIN: 1 ----
1731941242.7516625 [node_io_servo-4] [INFO] [1731941242.750547350] [node_io_servo]: ---- Server Server Module_Input.node_io_servo: TBDT PIN: 1. QA PIN: 1.  Diff PIN: 1----
1731941242.8666370 [node_io_weigh-6] [INFO] [1731941242.865684312] [node_io_weigh]: ---- Server Server Module_Input.node_io_weigh: Enable PIN: 1. Disable PIN: 1 ----
1731941243.1015444 [node_io_servo-4] [INFO] [1731941243.100340806] [node_io_servo]: ---- Server Server Module_Input.node_io_servo: TBDT PIN: 1. QA PIN: 1.  Diff PIN: 1----
1731941243.2193172 [node_io_weigh-6] [INFO] [1731941243.218250708] [node_io_weigh]: ---- Server Server Module_Input.node_io_weigh: Enable PIN: 1. Disable PIN: 1 ----
1731941243.4508483 [node_io_servo-4] [INFO] [1731941243.449616889] [node_io_servo]: ---- Server Server Module_Input.node_io_servo: TBDT PIN: 1. QA PIN: 1.  Diff PIN: 1----
1731941243.5687051 [node_io_weigh-6] [INFO] [1731941243.567498293] [node_io_weigh]: ---- Server Server Module_Input.node_io_weigh: Enable PIN: 1. Disable PIN: 1 ----
1731941243.7299464 [module_supervisor-1] [INFO] [1731941243.728460354] [Module_Supervisor]: ---- Supervisor: Connect to Module_Scanning&Interface Successfully----
1731941243.7350791 [module_supervisor-1] [INFO] [1731941243.734111992] [Module_Supervisor]: ---- Supervisor: Connect to Module_Input.node Successfully----
1731941243.7385805 [module_supervisor-1] [INFO] [1731941243.737522355] [Module_Supervisor]: ---- Supervisor: Connect to Module_Weigh Successfully----
1731941243.7423475 [module_supervisor-1] [INFO] [1731941243.741394962] [Module_Supervisor]: ---- Supervisor: Connect to Module_Motor.node_dc_motor Successfully----
1731941243.7474742 [module_supervisor-1] [INFO] [1731941243.746102744] [Module_Supervisor]: ---- Supervisor: Connect to Module_Input.node_io_servo Successfully----
1731941243.7514448 [module_supervisor-1] [INFO] [1731941243.750454667] [Module_Supervisor]: ---- Supervisor: Connect to Module_Send_Email Successfully----
1731941243.8016889 [node_io_servo-4] [INFO] [1731941243.800299628] [node_io_servo]: ---- Server Server Module_Input.node_io_servo: TBDT PIN: 1. QA PIN: 0.  Diff PIN: 1----
1731941243.9193237 [node_io_weigh-6] [INFO] [1731941243.918004463] [node_io_weigh]: ---- Server Server Module_Input.node_io_weigh: Enable PIN: 1. Disable PIN: 1 ----
1731941244.1513402 [node_io_servo-4] [INFO] [1731941244.150130691] [node_io_servo]: ---- Server Server Module_Input.node_io_servo: TBDT PIN: 1. QA PIN: 0.  Diff PIN: 1----
1731941244.2678497 [node_io_weigh-6] [INFO] [1731941244.266800580] [node_io_weigh]: ---- Server Server Module_Input.node_io_weigh: Enable PIN: 1. Disable PIN: 1 ----
1731941244.5008891 [node_io_servo-4] [INFO] [1731941244.499644042] [node_io_servo]: ---- Server Server Module_Input.node_io_servo: TBDT PIN: 1. QA PIN: 0.  Diff PIN: 1----
1731941244.6190622 [node_io_weigh-6] [INFO] [1731941244.617732567] [node_io_weigh]: ---- Server Server Module_Input.node_io_weigh: Enable PIN: 1. Disable PIN: 1 ----
1731941244.8528860 [node_io_servo-4] [INFO] [1731941244.850752634] [node_io_servo]: ---- Server Server Module_Input.node_io_servo: TBDT PIN: 1. QA PIN: 0.  Diff PIN: 1----
1731941244.9689002 [node_io_weigh-6] [INFO] [1731941244.967630090] [node_io_weigh]: ---- Server Server Module_Input.node_io_weigh: Enable PIN: 1. Disable PIN: 1 ----
1731941245.2010183 [node_io_servo-4] [INFO] [1731941245.199641950] [node_io_servo]: ---- Server Server Module_Input.node_io_servo: TBDT PIN: 1. QA PIN: 0.  Diff PIN: 1----
1731941245.3191247 [node_io_weigh-6] [INFO] [1731941245.318010501] [node_io_weigh]: ---- Server Server Module_Input.node_io_weigh: Enable PIN: 1. Disable PIN: 1 ----
1731941245.5520928 [node_io_servo-4] [INFO] [1731941245.550452939] [node_io_servo]: ---- Server Server Module_Input.node_io_servo: TBDT PIN: 1. QA PIN: 0.  Diff PIN: 1----
1731941245.6689277 [node_io_weigh-6] [INFO] [1731941245.667652605] [node_io_weigh]: ---- Server Server Module_Input.node_io_weigh: Enable PIN: 1. Disable PIN: 1 ----
1731941245.7300568 [module_supervisor-1] [INFO] [1731941245.728547794] [Module_Supervisor]: ---- Supervisor: Connect to Module_Scanning&Interface Successfully----
1731941245.7347867 [module_supervisor-1] [INFO] [1731941245.733752929] [Module_Supervisor]: ---- Supervisor: Connect to Module_Input.node Successfully----
1731941245.7387826 [module_supervisor-1] [INFO] [1731941245.737644590] [Module_Supervisor]: ---- Supervisor: Connect to Module_Weigh Successfully----
1731941245.7436793 [module_supervisor-1] [INFO] [1731941245.741890277] [Module_Supervisor]: ---- Supervisor: Connect to Module_Motor.node_dc_motor Successfully----
1731941245.7478342 [module_supervisor-1] [INFO] [1731941245.746821161] [Module_Supervisor]: ---- Supervisor: Connect to Module_Input.node_io_servo Successfully----
1731941245.7515686 [module_supervisor-1] [INFO] [1731941245.750623845] [Module_Supervisor]: ---- Supervisor: Connect to Module_Send_Email Successfully----
1731941245.8996820 [node_io_servo-4] [INFO] [1731941245.898514801] [node_io_servo]: ---- Server Server Module_Input.node_io_servo: TBDT PIN: 1. QA PIN: 0.  Diff PIN: 1----
1731941246.0190396 [node_io_weigh-6] [INFO] [1731941246.017683936] [node_io_weigh]: ---- Server Server Module_Input.node_io_weigh: Enable PIN: 1. Disable PIN: 1 ----
1731941246.2510619 [node_io_servo-4] [INFO] [1731941246.249709164] [node_io_servo]: ---- Server Server Module_Input.node_io_servo: TBDT PIN: 1. QA PIN: 0.  Diff PIN: 1----
1731941246.3687570 [node_io_weigh-6] [INFO] [1731941246.367696098] [node_io_weigh]: ---- Server Server Module_Input.node_io_weigh: Enable PIN: 1. Disable PIN: 1 ----
1731941246.6010566 [node_io_servo-4] [INFO] [1731941246.599744048] [node_io_servo]: ---- Server Server Module_Input.node_io_servo: TBDT PIN: 1. QA PIN: 1.  Diff PIN: 1----
1731941246.7166352 [node_io_weigh-6] [INFO] [1731941246.715615037] [node_io_weigh]: ---- Server Server Module_Input.node_io_weigh: Enable PIN: 1. Disable PIN: 1 ----
1731941246.9509344 [node_io_servo-4] [INFO] [1731941246.949696306] [node_io_servo]: ---- Server Server Module_Input.node_io_servo: TBDT PIN: 1. QA PIN: 1.  Diff PIN: 1----
1731941247.0686941 [node_io_weigh-6] [INFO] [1731941247.067454729] [node_io_weigh]: ---- Server Server Module_Input.node_io_weigh: Enable PIN: 1. Disable PIN: 1 ----
1731941247.3008721 [node_io_servo-4] [INFO] [1731941247.299629284] [node_io_servo]: ---- Server Server Module_Input.node_io_servo: TBDT PIN: 1. QA PIN: 1.  Diff PIN: 1----
1731941247.4190910 [node_io_weigh-6] [INFO] [1731941247.417631736] [node_io_weigh]: ---- Server Server Module_Input.node_io_weigh: Enable PIN: 1. Disable PIN: 1 ----
1731941247.6519220 [node_io_servo-4] [INFO] [1731941247.650446195] [node_io_servo]: ---- Server Server Module_Input.node_io_servo: TBDT PIN: 1. QA PIN: 0.  Diff PIN: 1----
1731941247.7317350 [module_supervisor-1] [INFO] [1731941247.730755137] [Module_Supervisor]: ---- Supervisor: Connect to Module_Scanning&Interface Successfully----
1731941247.7354627 [module_supervisor-1] [INFO] [1731941247.734474767] [Module_Supervisor]: ---- Supervisor: Connect to Module_Input.node Successfully----
1731941247.7388217 [module_supervisor-1] [INFO] [1731941247.737840447] [Module_Supervisor]: ---- Supervisor: Connect to Module_Weigh Successfully----
1731941247.7429399 [module_supervisor-1] [INFO] [1731941247.742061449] [Module_Supervisor]: ---- Supervisor: Connect to Module_Motor.node_dc_motor Successfully----
1731941247.7482505 [module_supervisor-1] [INFO] [1731941247.746483222] [Module_Supervisor]: ---- Supervisor: Connect to Module_Input.node_io_servo Successfully----
1731941247.7523301 [module_supervisor-1] [INFO] [1731941247.751341461] [Module_Supervisor]: ---- Supervisor: Connect to Module_Send_Email Successfully----
1731941247.7670918 [node_io_weigh-6] [INFO] [1731941247.766172355] [node_io_weigh]: ---- Server Server Module_Input.node_io_weigh: Enable PIN: 1. Disable PIN: 1 ----
1731941248.0013328 [node_io_servo-4] [INFO] [1731941248.000079054] [node_io_servo]: ---- Server Server Module_Input.node_io_servo: TBDT PIN: 1. QA PIN: 0.  Diff PIN: 1----
1731941248.1184790 [node_io_weigh-6] [INFO] [1731941248.117304439] [node_io_weigh]: ---- Server Server Module_Input.node_io_weigh: Enable PIN: 1. Disable PIN: 1 ----
1731941248.3495989 [node_io_servo-4] [INFO] [1731941248.348611449] [node_io_servo]: ---- Server Server Module_Input.node_io_servo: TBDT PIN: 1. QA PIN: 0.  Diff PIN: 1----
1731941248.4691446 [node_io_weigh-6] [INFO] [1731941248.467753176] [node_io_weigh]: ---- Server Server Module_Input.node_io_weigh: Enable PIN: 1. Disable PIN: 1 ----
1731941248.7010434 [node_io_servo-4] [INFO] [1731941248.699718292] [node_io_servo]: ---- Server Server Module_Input.node_io_servo: TBDT PIN: 1. QA PIN: 1.  Diff PIN: 1----
1731941248.8190579 [node_io_weigh-6] [INFO] [1731941248.817701559] [node_io_weigh]: ---- Server Server Module_Input.node_io_weigh: Enable PIN: 1. Disable PIN: 1 ----
1731941249.0520318 [node_io_servo-4] [INFO] [1731941249.050834134] [node_io_servo]: ---- Server Server Module_Input.node_io_servo: TBDT PIN: 1. QA PIN: 1.  Diff PIN: 1----
1731941249.1691351 [node_io_weigh-6] [INFO] [1731941249.168037538] [node_io_weigh]: ---- Server Server Module_Input.node_io_weigh: Enable PIN: 1. Disable PIN: 1 ----
1731941249.4016004 [node_io_servo-4] [INFO] [1731941249.400176573] [node_io_servo]: ---- Server Server Module_Input.node_io_servo: TBDT PIN: 1. QA PIN: 1.  Diff PIN: 1----
1731941249.5189297 [node_io_weigh-6] [INFO] [1731941249.517630191] [node_io_weigh]: ---- Server Server Module_Input.node_io_weigh: Enable PIN: 1. Disable PIN: 1 ----
1731941249.7297335 [module_supervisor-1] [INFO] [1731941249.728473630] [Module_Supervisor]: ---- Supervisor: Connect to Module_Scanning&Interface Successfully----
1731941249.7342734 [module_supervisor-1] [INFO] [1731941249.732931050] [Module_Supervisor]: ---- Supervisor: Connect to Module_Input.node Successfully----
1731941249.7389443 [module_supervisor-1] [INFO] [1731941249.737830547] [Module_Supervisor]: ---- Supervisor: Connect to Module_Weigh Successfully----
1731941249.7425730 [module_supervisor-1] [INFO] [1731941249.741682988] [Module_Supervisor]: ---- Supervisor: Connect to Module_Motor.node_dc_motor Successfully----
1731941249.7474790 [module_supervisor-1] [INFO] [1731941249.746142537] [Module_Supervisor]: ---- Supervisor: Connect to Module_Input.node_io_servo Successfully----
1731941249.7512090 [node_io_servo-4] [INFO] [1731941249.749608806] [node_io_servo]: ---- Server Server Module_Input.node_io_servo: TBDT PIN: 0. QA PIN: 1.  Diff PIN: 1----
1731941249.7527273 [module_supervisor-1] [INFO] [1731941249.750182971] [Module_Supervisor]: ---- Supervisor: Connect to Module_Send_Email Successfully----
1731941249.8685946 [node_io_weigh-6] [INFO] [1731941249.867414633] [node_io_weigh]: ---- Server Server Module_Input.node_io_weigh: Enable PIN: 1. Disable PIN: 1 ----
1731941250.1019020 [node_io_servo-4] [INFO] [1731941250.100477617] [node_io_servo]: ---- Server Server Module_Input.node_io_servo: TBDT PIN: 0. QA PIN: 1.  Diff PIN: 1----
1731941250.2182224 [node_io_weigh-6] [INFO] [1731941250.217005155] [node_io_weigh]: ---- Server Server Module_Input.node_io_weigh: Enable PIN: 1. Disable PIN: 1 ----
1731941250.4519260 [node_io_servo-4] [INFO] [1731941250.450849019] [node_io_servo]: ---- Server Server Module_Input.node_io_servo: TBDT PIN: 0. QA PIN: 1.  Diff PIN: 1----
1731941250.5691462 [node_io_weigh-6] [INFO] [1731941250.567809560] [node_io_weigh]: ---- Server Server Module_Input.node_io_weigh: Enable PIN: 1. Disable PIN: 1 ----
1731941250.8023329 [node_io_servo-4] [INFO] [1731941250.800561776] [node_io_servo]: ---- Server Server Module_Input.node_io_servo: TBDT PIN: 0. QA PIN: 1.  Diff PIN: 1----
1731941250.9192882 [node_io_weigh-6] [INFO] [1731941250.918028967] [node_io_weigh]: ---- Server Server Module_Input.node_io_weigh: Enable PIN: 1. Disable PIN: 1 ----
1731941251.1517360 [node_io_servo-4] [INFO] [1731941251.150394140] [node_io_servo]: ---- Server Server Module_Input.node_io_servo: TBDT PIN: 1. QA PIN: 1.  Diff PIN: 1----
1731941251.2691247 [node_io_weigh-6] [INFO] [1731941251.267757093] [node_io_weigh]: ---- Server Server Module_Input.node_io_weigh: Enable PIN: 1. Disable PIN: 1 ----
1731941251.5017915 [node_io_servo-4] [INFO] [1731941251.500473901] [node_io_servo]: ---- Server Server Module_Input.node_io_servo: TBDT PIN: 1. QA PIN: 1.  Diff PIN: 1----
1731941251.6187768 [node_io_weigh-6] [INFO] [1731941251.617567048] [node_io_weigh]: ---- Server Server Module_Input.node_io_weigh: Enable PIN: 1. Disable PIN: 1 ----
1731941251.7300706 [module_supervisor-1] [INFO] [1731941251.728509464] [Module_Supervisor]: ---- Supervisor: Connect to Module_Scanning&Interface Successfully----
1731941251.7342508 [module_supervisor-1] [INFO] [1731941251.733152544] [Module_Supervisor]: ---- Supervisor: Connect to Module_Input.node Successfully----
1731941251.7383411 [module_supervisor-1] [INFO] [1731941251.737238236] [Module_Supervisor]: ---- Supervisor: Connect to Module_Weigh Successfully----
1731941251.7432179 [module_supervisor-1] [INFO] [1731941251.741668694] [Module_Supervisor]: ---- Supervisor: Connect to Module_Motor.node_dc_motor Successfully----
1731941251.7472804 [module_supervisor-1] [INFO] [1731941251.746315755] [Module_Supervisor]: ---- Supervisor: Connect to Module_Input.node_io_servo Successfully----
1731941251.7510655 [module_supervisor-1] [INFO] [1731941251.750143511] [Module_Supervisor]: ---- Supervisor: Connect to Module_Send_Email Successfully----
1731941251.8501124 [node_io_servo-4] [INFO] [1731941251.848974365] [node_io_servo]: ---- Server Server Module_Input.node_io_servo: TBDT PIN: 1. QA PIN: 1.  Diff PIN: 1----
1731941251.9686790 [node_io_weigh-6] [INFO] [1731941251.967668031] [node_io_weigh]: ---- Server Server Module_Input.node_io_weigh: Enable PIN: 1. Disable PIN: 1 ----
1731941252.2017248 [node_io_servo-4] [INFO] [1731941252.200316526] [node_io_servo]: ---- Server Server Module_Input.node_io_servo: TBDT PIN: 1. QA PIN: 1.  Diff PIN: 1----
1731941252.3191853 [node_io_weigh-6] [INFO] [1731941252.317803937] [node_io_weigh]: ---- Server Server Module_Input.node_io_weigh: Enable PIN: 1. Disable PIN: 1 ----
1731941252.5526552 [node_io_servo-4] [INFO] [1731941252.550825252] [node_io_servo]: ---- Server Server Module_Input.node_io_servo: TBDT PIN: 1. QA PIN: 1.  Diff PIN: 1----
1731941252.6664886 [node_io_weigh-6] [INFO] [1731941252.665521722] [node_io_weigh]: ---- Server Server Module_Input.node_io_weigh: Enable PIN: 1. Disable PIN: 1 ----
1731941252.9018555 [node_io_servo-4] [INFO] [1731941252.900433361] [node_io_servo]: ---- Server Server Module_Input.node_io_servo: TBDT PIN: 1. QA PIN: 1.  Diff PIN: 1----
1731941253.0190773 [node_io_weigh-6] [INFO] [1731941253.017671373] [node_io_weigh]: ---- Server Server Module_Input.node_io_weigh: Enable PIN: 1. Disable PIN: 1 ----
1731941253.2513626 [node_io_servo-4] [INFO] [1731941253.250073171] [node_io_servo]: ---- Server Server Module_Input.node_io_servo: TBDT PIN: 1. QA PIN: 1.  Diff PIN: 1----
1731941253.3689194 [node_io_weigh-6] [INFO] [1731941253.367634634] [node_io_weigh]: ---- Server Server Module_Input.node_io_weigh: Enable PIN: 1. Disable PIN: 1 ----
1731941253.6020994 [node_io_servo-4] [INFO] [1731941253.600527286] [node_io_servo]: ---- Server Server Module_Input.node_io_servo: TBDT PIN: 1. QA PIN: 1.  Diff PIN: 1----
1731941253.7184005 [node_io_weigh-6] [INFO] [1731941253.717304350] [node_io_weigh]: ---- Server Server Module_Input.node_io_weigh: Enable PIN: 1. Disable PIN: 1 ----
1731941253.7286160 [module_supervisor-1] [INFO] [1731941253.727287152] [Module_Supervisor]: ---- Supervisor: Connect to Module_Scanning&Interface Successfully----
1731941253.7335391 [module_supervisor-1] [INFO] [1731941253.731580818] [Module_Supervisor]: ---- Supervisor: Connect to Module_Input.node Successfully----
1731941253.7381408 [module_supervisor-1] [INFO] [1731941253.737123423] [Module_Supervisor]: ---- Supervisor: Connect to Module_Weigh Successfully----
1731941253.7415149 [module_supervisor-1] [INFO] [1731941253.740570488] [Module_Supervisor]: ---- Supervisor: Connect to Module_Motor.node_dc_motor Successfully----
1731941253.7456489 [module_supervisor-1] [INFO] [1731941253.744651125] [Module_Supervisor]: ---- Supervisor: Connect to Module_Input.node_io_servo Successfully----
1731941253.7510891 [module_supervisor-1] [INFO] [1731941253.749236855] [Module_Supervisor]: ---- Supervisor: Connect to Module_Send_Email Successfully----
1731941253.9512935 [node_io_servo-4] [INFO] [1731941253.949888420] [node_io_servo]: ---- Server Server Module_Input.node_io_servo: TBDT PIN: 1. QA PIN: 1.  Diff PIN: 1----
1731941254.0688910 [node_io_weigh-6] [INFO] [1731941254.067619191] [node_io_weigh]: ---- Server Server Module_Input.node_io_weigh: Enable PIN: 1. Disable PIN: 1 ----
1731941254.3009307 [node_io_servo-4] [INFO] [1731941254.299727017] [node_io_servo]: ---- Server Server Module_Input.node_io_servo: TBDT PIN: 1. QA PIN: 1.  Diff PIN: 1----
1731941254.4186642 [node_io_weigh-6] [INFO] [1731941254.417519638] [node_io_weigh]: ---- Server Server Module_Input.node_io_weigh: Enable PIN: 1. Disable PIN: 1 ----
1731941254.6512160 [node_io_servo-4] [INFO] [1731941254.649923398] [node_io_servo]: ---- Server Server Module_Input.node_io_servo: TBDT PIN: 1. QA PIN: 1.  Diff PIN: 1----
1731941254.7689509 [node_io_weigh-6] [INFO] [1731941254.767677057] [node_io_weigh]: ---- Server Server Module_Input.node_io_weigh: Enable PIN: 1. Disable PIN: 1 ----
1731941255.0016379 [node_io_servo-4] [INFO] [1731941255.000482007] [node_io_servo]: ---- Server Server Module_Input.node_io_servo: TBDT PIN: 1. QA PIN: 1.  Diff PIN: 1----
1731941255.1180546 [node_io_weigh-6] [INFO] [1731941255.117002597] [node_io_weigh]: ---- Server Server Module_Input.node_io_weigh: Enable PIN: 1. Disable PIN: 1 ----
1731941255.3522153 [node_io_servo-4] [INFO] [1731941255.351045836] [node_io_servo]: ---- Server Server Module_Input.node_io_servo: TBDT PIN: 1. QA PIN: 1.  Diff PIN: 1----
1731941255.4678633 [node_io_weigh-6] [INFO] [1731941255.466796119] [node_io_weigh]: ---- Server Server Module_Input.node_io_weigh: Enable PIN: 1. Disable PIN: 1 ----
1731941255.7017710 [node_io_servo-4] [INFO] [1731941255.700426095] [node_io_servo]: ---- Server Server Module_Input.node_io_servo: TBDT PIN: 1. QA PIN: 1.  Diff PIN: 1----
1731941255.7290599 [module_supervisor-1] [INFO] [1731941255.727694798] [Module_Supervisor]: ---- Supervisor: Connect to Module_Scanning&Interface Successfully----
1731941255.7324202 [module_supervisor-1] [INFO] [1731941255.731469093] [Module_Supervisor]: ---- Supervisor: Connect to Module_Input.node Successfully----
1731941255.7365487 [module_supervisor-1] [INFO] [1731941255.735346662] [Module_Supervisor]: ---- Supervisor: Connect to Module_Weigh Successfully----
1731941255.7404625 [module_supervisor-1] [INFO] [1731941255.739094995] [Module_Supervisor]: ---- Supervisor: Connect to Module_Motor.node_dc_motor Successfully----
1731941255.7452576 [module_supervisor-1] [INFO] [1731941255.743310478] [Module_Supervisor]: ---- Supervisor: Connect to Module_Input.node_io_servo Successfully----
1731941255.7496603 [module_supervisor-1] [INFO] [1731941255.748460430] [Module_Supervisor]: ---- Supervisor: Connect to Module_Send_Email Successfully----
1731941255.8183048 [node_io_weigh-6] [INFO] [1731941255.817062422] [node_io_weigh]: ---- Server Server Module_Input.node_io_weigh: Enable PIN: 1. Disable PIN: 1 ----
1731941256.0513842 [node_io_servo-4] [INFO] [1731941256.050140731] [node_io_servo]: ---- Server Server Module_Input.node_io_servo: TBDT PIN: 1. QA PIN: 1.  Diff PIN: 1----
1731941256.1694634 [node_io_weigh-6] [INFO] [1731941256.168095678] [node_io_weigh]: ---- Server Server Module_Input.node_io_weigh: Enable PIN: 1. Disable PIN: 1 ----
1731941256.4017832 [node_io_servo-4] [INFO] [1731941256.400403901] [node_io_servo]: ---- Server Server Module_Input.node_io_servo: TBDT PIN: 1. QA PIN: 1.  Diff PIN: 1----
1731941256.5185299 [node_io_weigh-6] [INFO] [1731941256.517483898] [node_io_weigh]: ---- Server Server Module_Input.node_io_weigh: Enable PIN: 1. Disable PIN: 1 ----
1731941256.7523582 [node_io_servo-4] [INFO] [1731941256.750921767] [node_io_servo]: ---- Server Server Module_Input.node_io_servo: TBDT PIN: 1. QA PIN: 1.  Diff PIN: 1----
1731941256.8689468 [node_io_weigh-6] [INFO] [1731941256.867660405] [node_io_weigh]: ---- Server Server Module_Input.node_io_weigh: Enable PIN: 1. Disable PIN: 1 ----
1731941257.1014817 [node_io_servo-4] [INFO] [1731941257.100277654] [node_io_servo]: ---- Server Server Module_Input.node_io_servo: TBDT PIN: 1. QA PIN: 1.  Diff PIN: 1----
1731941257.2191005 [node_io_weigh-6] [INFO] [1731941257.217724248] [node_io_weigh]: ---- Server Server Module_Input.node_io_weigh: Enable PIN: 1. Disable PIN: 1 ----
1731941257.4520714 [node_io_servo-4] [INFO] [1731941257.450583654] [node_io_servo]: ---- Server Server Module_Input.node_io_servo: TBDT PIN: 1. QA PIN: 1.  Diff PIN: 1----
1731941257.5678678 [node_io_weigh-6] [INFO] [1731941257.566707757] [node_io_weigh]: ---- Server Server Module_Input.node_io_weigh: Enable PIN: 1. Disable PIN: 1 ----
1731941257.7298238 [module_supervisor-1] [INFO] [1731941257.728313301] [Module_Supervisor]: ---- Supervisor: Connect to Module_Scanning&Interface Successfully----
1731941257.7355113 [module_supervisor-1] [INFO] [1731941257.734013085] [Module_Supervisor]: ---- Supervisor: Connect to Module_Input.node Successfully----
1731941257.7398727 [module_supervisor-1] [INFO] [1731941257.738722866] [Module_Supervisor]: ---- Supervisor: Connect to Module_Weigh Successfully----
1731941257.7445569 [module_supervisor-1] [INFO] [1731941257.742724653] [Module_Supervisor]: ---- Supervisor: Connect to Module_Motor.node_dc_motor Successfully----
1731941257.7486229 [module_supervisor-1] [INFO] [1731941257.747615669] [Module_Supervisor]: ---- Supervisor: Connect to Module_Input.node_io_servo Successfully----
1731941257.7524104 [module_supervisor-1] [INFO] [1731941257.751311670] [Module_Supervisor]: ---- Supervisor: Connect to Module_Send_Email Successfully----
1731941257.8005893 [node_io_servo-4] [INFO] [1731941257.799336635] [node_io_servo]: ---- Server Server Module_Input.node_io_servo: TBDT PIN: 1. QA PIN: 1.  Diff PIN: 1----
1731941257.9193611 [node_io_weigh-6] [INFO] [1731941257.917932004] [node_io_weigh]: ---- Server Server Module_Input.node_io_weigh: Enable PIN: 1. Disable PIN: 1 ----
1731941258.1515806 [node_io_servo-4] [INFO] [1731941258.150401997] [node_io_servo]: ---- Server Server Module_Input.node_io_servo: TBDT PIN: 1. QA PIN: 1.  Diff PIN: 1----
1731941258.2690837 [node_io_weigh-6] [INFO] [1731941258.267690336] [node_io_weigh]: ---- Server Server Module_Input.node_io_weigh: Enable PIN: 1. Disable PIN: 1 ----
1731941258.5017095 [node_io_servo-4] [INFO] [1731941258.500346675] [node_io_servo]: ---- Server Server Module_Input.node_io_servo: TBDT PIN: 1. QA PIN: 1.  Diff PIN: 1----
1731941258.6174853 [node_io_weigh-6] [INFO] [1731941258.616391391] [node_io_weigh]: ---- Server Server Module_Input.node_io_weigh: Enable PIN: 1. Disable PIN: 1 ----
1731941258.8515103 [node_io_servo-4] [INFO] [1731941258.850292723] [node_io_servo]: ---- Server Server Module_Input.node_io_servo: TBDT PIN: 1. QA PIN: 1.  Diff PIN: 1----
1731941258.9685836 [node_io_weigh-6] [INFO] [1731941258.967411550] [node_io_weigh]: ---- Server Server Module_Input.node_io_weigh: Enable PIN: 1. Disable PIN: 1 ----
1731941259.2031884 [node_io_servo-4] [INFO] [1731941259.201570872] [node_io_servo]: ---- Server Server Module_Input.node_io_servo: TBDT PIN: 1. QA PIN: 1.  Diff PIN: 0----
1731941259.3187325 [node_io_weigh-6] [INFO] [1731941259.317696399] [node_io_weigh]: ---- Server Server Module_Input.node_io_weigh: Enable PIN: 1. Disable PIN: 1 ----
1731941259.5521922 [node_io_servo-4] [INFO] [1731941259.550666836] [node_io_servo]: ---- Server Server Module_Input.node_io_servo: TBDT PIN: 1. QA PIN: 1.  Diff PIN: 0----
1731941259.6689322 [node_io_weigh-6] [INFO] [1731941259.667601428] [node_io_weigh]: ---- Server Server Module_Input.node_io_weigh: Enable PIN: 1. Disable PIN: 1 ----
1731941259.7300465 [module_supervisor-1] [INFO] [1731941259.728595627] [Module_Supervisor]: ---- Supervisor: Connect to Module_Scanning&Interface Successfully----
1731941259.7347763 [module_supervisor-1] [INFO] [1731941259.733816205] [Module_Supervisor]: ---- Supervisor: Connect to Module_Input.node Successfully----
1731941259.7384415 [module_supervisor-1] [INFO] [1731941259.737440542] [Module_Supervisor]: ---- Supervisor: Connect to Module_Weigh Successfully----
1731941259.7433522 [module_supervisor-1] [INFO] [1731941259.741498420] [Module_Supervisor]: ---- Supervisor: Connect to Module_Motor.node_dc_motor Successfully----
1731941259.7474358 [module_supervisor-1] [INFO] [1731941259.746427286] [Module_Supervisor]: ---- Supervisor: Connect to Module_Input.node_io_servo Successfully----
1731941259.7512305 [module_supervisor-1] [INFO] [1731941259.750225247] [Module_Supervisor]: ---- Supervisor: Connect to Module_Send_Email Successfully----
1731941259.9013648 [node_io_servo-4] [INFO] [1731941259.900260598] [node_io_servo]: ---- Server Server Module_Input.node_io_servo: TBDT PIN: 1. QA PIN: 1.  Diff PIN: 0----
1731941260.0195427 [node_io_weigh-6] [INFO] [1731941260.018141638] [node_io_weigh]: ---- Server Server Module_Input.node_io_weigh: Enable PIN: 1. Disable PIN: 1 ----
1731941260.2497213 [node_io_servo-4] [INFO] [1731941260.248628364] [node_io_servo]: ---- Server Server Module_Input.node_io_servo: TBDT PIN: 1. QA PIN: 1.  Diff PIN: 1----
1731941260.3685637 [node_io_weigh-6] [INFO] [1731941260.367494833] [node_io_weigh]: ---- Server Server Module_Input.node_io_weigh: Enable PIN: 1. Disable PIN: 1 ----
1731941260.6013546 [node_io_servo-4] [INFO] [1731941260.600079263] [node_io_servo]: ---- Server Server Module_Input.node_io_servo: TBDT PIN: 1. QA PIN: 1.  Diff PIN: 1----
1731941260.7191317 [node_io_weigh-6] [INFO] [1731941260.717775439] [node_io_weigh]: ---- Server Server Module_Input.node_io_weigh: Enable PIN: 1. Disable PIN: 1 ----
1731941260.9495506 [node_io_servo-4] [INFO] [1731941260.948266868] [node_io_servo]: ---- Server Server Module_Input.node_io_servo: TBDT PIN: 1. QA PIN: 1.  Diff PIN: 1----
1731941261.0684385 [node_io_weigh-6] [INFO] [1731941261.066747442] [node_io_weigh]: ---- Server Server Module_Input.node_io_weigh: Enable PIN: 1. Disable PIN: 1 ----
1731941261.3018334 [node_io_servo-4] [INFO] [1731941261.300450796] [node_io_servo]: ---- Server Server Module_Input.node_io_servo: TBDT PIN: 1. QA PIN: 1.  Diff PIN: 1----
1731941261.4191172 [node_io_weigh-6] [INFO] [1731941261.417883647] [node_io_weigh]: ---- Server Server Module_Input.node_io_weigh: Enable PIN: 1. Disable PIN: 1 ----
1731941261.6532805 [node_io_servo-4] [INFO] [1731941261.651613796] [node_io_servo]: ---- Server Server Module_Input.node_io_servo: TBDT PIN: 1. QA PIN: 1.  Diff PIN: 1----
1731941261.7296579 [module_supervisor-1] [INFO] [1731941261.728343633] [Module_Supervisor]: ---- Supervisor: Connect to Module_Scanning&Interface Successfully----
1731941261.7341452 [module_supervisor-1] [INFO] [1731941261.732853532] [Module_Supervisor]: ---- Supervisor: Connect to Module_Input.node Successfully----
1731941261.7391560 [module_supervisor-1] [INFO] [1731941261.737795490] [Module_Supervisor]: ---- Supervisor: Connect to Module_Weigh Successfully----
1731941261.7437108 [module_supervisor-1] [INFO] [1731941261.742227392] [Module_Supervisor]: ---- Supervisor: Connect to Module_Motor.node_dc_motor Successfully----
1731941261.7478147 [module_supervisor-1] [INFO] [1731941261.746864305] [Module_Supervisor]: ---- Supervisor: Connect to Module_Input.node_io_servo Successfully----
1731941261.7516382 [module_supervisor-1] [INFO] [1731941261.750672599] [Module_Supervisor]: ---- Supervisor: Connect to Module_Send_Email Successfully----
1731941261.7673063 [node_io_weigh-6] [INFO] [1731941261.765782390] [node_io_weigh]: ---- Server Server Module_Input.node_io_weigh: Enable PIN: 1. Disable PIN: 1 ----
1731941261.9983995 [node_io_servo-4] [INFO] [1731941261.997414648] [node_io_servo]: ---- Server Server Module_Input.node_io_servo: TBDT PIN: 1. QA PIN: 1.  Diff PIN: 1----
1731941262.1190839 [node_io_weigh-6] [INFO] [1731941262.117684141] [node_io_weigh]: ---- Server Server Module_Input.node_io_weigh: Enable PIN: 1. Disable PIN: 1 ----
1731941262.3513904 [node_io_servo-4] [INFO] [1731941262.350223348] [node_io_servo]: ---- Server Server Module_Input.node_io_servo: TBDT PIN: 1. QA PIN: 1.  Diff PIN: 1----
1731941262.4684477 [node_io_weigh-6] [INFO] [1731941262.467203585] [node_io_weigh]: ---- Server Server Module_Input.node_io_weigh: Enable PIN: 1. Disable PIN: 1 ----
1731941262.7008920 [node_io_servo-4] [INFO] [1731941262.699639222] [node_io_servo]: ---- Server Server Module_Input.node_io_servo: TBDT PIN: 1. QA PIN: 1.  Diff PIN: 1----
1731941262.8190050 [node_io_weigh-6] [INFO] [1731941262.817865841] [node_io_weigh]: ---- Server Server Module_Input.node_io_weigh: Enable PIN: 1. Disable PIN: 1 ----
1731941263.0518367 [node_io_servo-4] [INFO] [1731941263.050441732] [node_io_servo]: ---- Server Server Module_Input.node_io_servo: TBDT PIN: 1. QA PIN: 1.  Diff PIN: 1----
1731941263.1689267 [node_io_weigh-6] [INFO] [1731941263.167645256] [node_io_weigh]: ---- Server Server Module_Input.node_io_weigh: Enable PIN: 1. Disable PIN: 1 ----
1731941263.4015460 [node_io_servo-4] [INFO] [1731941263.400332938] [node_io_servo]: ---- Server Server Module_Input.node_io_servo: TBDT PIN: 1. QA PIN: 1.  Diff PIN: 0----
1731941263.5172579 [node_io_weigh-6] [INFO] [1731941263.516141678] [node_io_weigh]: ---- Server Server Module_Input.node_io_weigh: Enable PIN: 1. Disable PIN: 1 ----
1731941263.7285898 [module_supervisor-1] [INFO] [1731941263.727358994] [Module_Supervisor]: ---- Supervisor: Connect to Module_Scanning&Interface Successfully----
1731941263.7331431 [module_supervisor-1] [INFO] [1731941263.731897337] [Module_Supervisor]: ---- Supervisor: Connect to Module_Input.node Successfully----
1731941263.7370362 [module_supervisor-1] [INFO] [1731941263.735936752] [Module_Supervisor]: ---- Supervisor: Connect to Module_Weigh Successfully----
1731941263.7412906 [module_supervisor-1] [INFO] [1731941263.739998129] [Module_Supervisor]: ---- Supervisor: Connect to Module_Motor.node_dc_motor Successfully----
1731941263.7458277 [module_supervisor-1] [INFO] [1731941263.744708762] [Module_Supervisor]: ---- Supervisor: Connect to Module_Input.node_io_servo Successfully----
1731941263.7497630 [module_supervisor-1] [INFO] [1731941263.748456040] [Module_Supervisor]: ---- Supervisor: Connect to Module_Send_Email Successfully----
1731941263.7511435 [node_io_servo-4] [INFO] [1731941263.748447910] [node_io_servo]: ---- Server Server Module_Input.node_io_servo: TBDT PIN: 1. QA PIN: 1.  Diff PIN: 1----
1731941263.8688986 [node_io_weigh-6] [INFO] [1731941263.867880487] [node_io_weigh]: ---- Server Server Module_Input.node_io_weigh: Enable PIN: 1. Disable PIN: 1 ----
1731941264.1008530 [node_io_servo-4] [INFO] [1731941264.099595054] [node_io_servo]: ---- Server Server Module_Input.node_io_servo: TBDT PIN: 1. QA PIN: 1.  Diff PIN: 1----
1731941264.2186172 [node_io_weigh-6] [INFO] [1731941264.217507998] [node_io_weigh]: ---- Server Server Module_Input.node_io_weigh: Enable PIN: 1. Disable PIN: 1 ----
1731941264.4519160 [node_io_servo-4] [INFO] [1731941264.450445429] [node_io_servo]: ---- Server Server Module_Input.node_io_servo: TBDT PIN: 1. QA PIN: 1.  Diff PIN: 1----
1731941264.5682032 [node_io_weigh-6] [INFO] [1731941264.566998586] [node_io_weigh]: ---- Server Server Module_Input.node_io_weigh: Enable PIN: 1. Disable PIN: 1 ----
1731941264.8014886 [node_io_servo-4] [INFO] [1731941264.800337041] [node_io_servo]: ---- Server Server Module_Input.node_io_servo: TBDT PIN: 1. QA PIN: 1.  Diff PIN: 1----
1731941264.9192653 [node_io_weigh-6] [INFO] [1731941264.918001808] [node_io_weigh]: ---- Server Server Module_Input.node_io_weigh: Enable PIN: 1. Disable PIN: 1 ----
1731941265.1487882 [node_io_servo-4] [INFO] [1731941265.147880586] [node_io_servo]: ---- Server Server Module_Input.node_io_servo: TBDT PIN: 1. QA PIN: 1.  Diff PIN: 1----
1731941265.2686038 [node_io_weigh-6] [INFO] [1731941265.267393195] [node_io_weigh]: ---- Server Server Module_Input.node_io_weigh: Enable PIN: 1. Disable PIN: 1 ----
1731941265.5018010 [node_io_servo-4] [INFO] [1731941265.500352051] [node_io_servo]: ---- Server Server Module_Input.node_io_servo: TBDT PIN: 1. QA PIN: 1.  Diff PIN: 1----
1731941265.6187828 [node_io_weigh-6] [INFO] [1731941265.617660570] [node_io_weigh]: ---- Server Server Module_Input.node_io_weigh: Enable PIN: 1. Disable PIN: 1 ----
1731941265.7301097 [module_supervisor-1] [INFO] [1731941265.728582959] [Module_Supervisor]: ---- Supervisor: Connect to Module_Scanning&Interface Successfully----
1731941265.7347014 [module_supervisor-1] [INFO] [1731941265.733678745] [Module_Supervisor]: ---- Supervisor: Connect to Module_Input.node Successfully----
1731941265.7383099 [module_supervisor-1] [INFO] [1731941265.737315100] [Module_Supervisor]: ---- Supervisor: Connect to Module_Weigh Successfully----
1731941265.7426674 [module_supervisor-1] [INFO] [1731941265.741575545] [Module_Supervisor]: ---- Supervisor: Connect to Module_Motor.node_dc_motor Successfully----
1731941265.7496698 [module_supervisor-1] [INFO] [1731941265.747649334] [Module_Supervisor]: ---- Supervisor: Connect to Module_Input.node_io_servo Successfully----
1731941265.7540390 [module_supervisor-1] [INFO] [1731941265.752639309] [Module_Supervisor]: ---- Supervisor: Connect to Module_Send_Email Successfully----
1731941265.8516526 [node_io_servo-4] [INFO] [1731941265.850198736] [node_io_servo]: ---- Server Server Module_Input.node_io_servo: TBDT PIN: 1. QA PIN: 1.  Diff PIN: 1----
1731941265.9667280 [node_io_weigh-6] [INFO] [1731941265.965839721] [node_io_weigh]: ---- Server Server Module_Input.node_io_weigh: Enable PIN: 1. Disable PIN: 1 ----
1731941266.2015853 [node_io_servo-4] [INFO] [1731941266.200276728] [node_io_servo]: ---- Server Server Module_Input.node_io_servo: TBDT PIN: 1. QA PIN: 1.  Diff PIN: 1----
1731941266.3186166 [node_io_weigh-6] [INFO] [1731941266.317427678] [node_io_weigh]: ---- Server Server Module_Input.node_io_weigh: Enable PIN: 1. Disable PIN: 1 ----
1731941266.5517337 [node_io_servo-4] [INFO] [1731941266.550283221] [node_io_servo]: ---- Server Server Module_Input.node_io_servo: TBDT PIN: 1. QA PIN: 1.  Diff PIN: 1----
1731941266.6691265 [node_io_weigh-6] [INFO] [1731941266.667750734] [node_io_weigh]: ---- Server Server Module_Input.node_io_weigh: Enable PIN: 1. Disable PIN: 1 ----
1731941266.9013510 [node_io_servo-4] [INFO] [1731941266.900178606] [node_io_servo]: ---- Server Server Module_Input.node_io_servo: TBDT PIN: 1. QA PIN: 1.  Diff PIN: 1----
1731941267.0191455 [node_io_weigh-6] [INFO] [1731941267.017810465] [node_io_weigh]: ---- Server Server Module_Input.node_io_weigh: Enable PIN: 1. Disable PIN: 1 ----
1731941267.2503376 [node_io_servo-4] [INFO] [1731941267.249128505] [node_io_servo]: ---- Server Server Module_Input.node_io_servo: TBDT PIN: 1. QA PIN: 1.  Diff PIN: 1----
1731941267.3688791 [node_io_weigh-6] [INFO] [1731941267.367633852] [node_io_weigh]: ---- Server Server Module_Input.node_io_weigh: Enable PIN: 1. Disable PIN: 1 ----
1731941267.6007257 [node_io_servo-4] [INFO] [1731941267.599366451] [node_io_servo]: ---- Server Server Module_Input.node_io_servo: TBDT PIN: 1. QA PIN: 1.  Diff PIN: 1----
1731941267.7190704 [node_io_weigh-6] [INFO] [1731941267.717690767] [node_io_weigh]: ---- Server Server Module_Input.node_io_weigh: Enable PIN: 1. Disable PIN: 1 ----
1731941267.7276108 [module_supervisor-1] [INFO] [1731941267.726321652] [Module_Supervisor]: ---- Supervisor: Connect to Module_Scanning&Interface Successfully----
1731941267.7318962 [module_supervisor-1] [INFO] [1731941267.730012857] [Module_Supervisor]: ---- Supervisor: Connect to Module_Input.node Successfully----
1731941267.7360439 [module_supervisor-1] [INFO] [1731941267.734994925] [Module_Supervisor]: ---- Supervisor: Connect to Module_Weigh Successfully----
1731941267.7399404 [module_supervisor-1] [INFO] [1731941267.738938825] [Module_Supervisor]: ---- Supervisor: Connect to Module_Motor.node_dc_motor Successfully----
1731941267.7443485 [module_supervisor-1] [INFO] [1731941267.743293729] [Module_Supervisor]: ---- Supervisor: Connect to Module_Input.node_io_servo Successfully----
1731941267.7492473 [module_supervisor-1] [INFO] [1731941267.747876737] [Module_Supervisor]: ---- Supervisor: Connect to Module_Send_Email Successfully----
1731941267.9511092 [node_io_servo-4] [INFO] [1731941267.949811964] [node_io_servo]: ---- Server Server Module_Input.node_io_servo: TBDT PIN: 1. QA PIN: 1.  Diff PIN: 1----
1731941268.0687416 [node_io_weigh-6] [INFO] [1731941268.067563929] [node_io_weigh]: ---- Server Server Module_Input.node_io_weigh: Enable PIN: 1. Disable PIN: 1 ----
1731941268.3018026 [node_io_servo-4] [INFO] [1731941268.300382878] [node_io_servo]: ---- Server Server Module_Input.node_io_servo: TBDT PIN: 1. QA PIN: 1.  Diff PIN: 1----
1731941268.4178758 [node_io_weigh-6] [INFO] [1731941268.416844147] [node_io_weigh]: ---- Server Server Module_Input.node_io_weigh: Enable PIN: 1. Disable PIN: 1 ----
1731941268.6508708 [node_io_servo-4] [INFO] [1731941268.649636393] [node_io_servo]: ---- Server Server Module_Input.node_io_servo: TBDT PIN: 1. QA PIN: 1.  Diff PIN: 1----
1731941268.7686718 [node_io_weigh-6] [INFO] [1731941268.767482132] [node_io_weigh]: ---- Server Server Module_Input.node_io_weigh: Enable PIN: 1. Disable PIN: 1 ----
1731941269.0015426 [node_io_servo-4] [INFO] [1731941269.000237843] [node_io_servo]: ---- Server Server Module_Input.node_io_servo: TBDT PIN: 1. QA PIN: 1.  Diff PIN: 1----
1731941269.1190770 [node_io_weigh-6] [INFO] [1731941269.117687151] [node_io_weigh]: ---- Server Server Module_Input.node_io_weigh: Enable PIN: 1. Disable PIN: 1 ----
1731941269.3516223 [node_io_servo-4] [INFO] [1731941269.350340289] [node_io_servo]: ---- Server Server Module_Input.node_io_servo: TBDT PIN: 1. QA PIN: 1.  Diff PIN: 1----
1731941269.4689415 [node_io_weigh-6] [INFO] [1731941269.467652454] [node_io_weigh]: ---- Server Server Module_Input.node_io_weigh: Enable PIN: 1. Disable PIN: 1 ----
1731941269.7008340 [node_io_servo-4] [INFO] [1731941269.699591229] [node_io_servo]: ---- Server Server Module_Input.node_io_servo: TBDT PIN: 1. QA PIN: 1.  Diff PIN: 1----
1731941269.7293816 [module_supervisor-1] [INFO] [1731941269.728065610] [Module_Supervisor]: ---- Supervisor: Connect to Module_Scanning&Interface Successfully----
1731941269.7343025 [module_supervisor-1] [INFO] [1731941269.733026493] [Module_Supervisor]: ---- Supervisor: Connect to Module_Input.node Successfully----
1731941269.7380784 [module_supervisor-1] [INFO] [1731941269.737074074] [Module_Supervisor]: ---- Supervisor: Connect to Module_Weigh Successfully----
1731941269.7417881 [module_supervisor-1] [INFO] [1731941269.740840666] [Module_Supervisor]: ---- Supervisor: Connect to Module_Motor.node_dc_motor Successfully----
1731941269.7470539 [module_supervisor-1] [INFO] [1731941269.745079630] [Module_Supervisor]: ---- Supervisor: Connect to Module_Input.node_io_servo Successfully----
1731941269.7507107 [module_supervisor-1] [INFO] [1731941269.749614528] [Module_Supervisor]: ---- Supervisor: Connect to Module_Send_Email Successfully----
1731941269.8188717 [node_io_weigh-6] [INFO] [1731941269.817701828] [node_io_weigh]: ---- Server Server Module_Input.node_io_weigh: Enable PIN: 1. Disable PIN: 1 ----
1731941270.0521131 [node_io_servo-4] [INFO] [1731941270.050553701] [node_io_servo]: ---- Server Server Module_Input.node_io_servo: TBDT PIN: 1. QA PIN: 1.  Diff PIN: 1----
1731941270.1688869 [node_io_weigh-6] [INFO] [1731941270.167711889] [node_io_weigh]: ---- Server Server Module_Input.node_io_weigh: Enable PIN: 1. Disable PIN: 1 ----
1731941270.4017758 [node_io_servo-4] [INFO] [1731941270.400390617] [node_io_servo]: ---- Server Server Module_Input.node_io_servo: TBDT PIN: 1. QA PIN: 1.  Diff PIN: 1----
1731941270.5191495 [node_io_weigh-6] [INFO] [1731941270.517755150] [node_io_weigh]: ---- Server Server Module_Input.node_io_weigh: Enable PIN: 1. Disable PIN: 1 ----
1731941270.7518108 [node_io_servo-4] [INFO] [1731941270.750415176] [node_io_servo]: ---- Server Server Module_Input.node_io_servo: TBDT PIN: 1. QA PIN: 1.  Diff PIN: 1----
1731941270.8694725 [node_io_weigh-6] [INFO] [1731941270.868376817] [node_io_weigh]: ---- Server Server Module_Input.node_io_weigh: Enable PIN: 1. Disable PIN: 1 ----
1731941271.1004643 [node_io_servo-4] [INFO] [1731941271.099298922] [node_io_servo]: ---- Server Server Module_Input.node_io_servo: TBDT PIN: 1. QA PIN: 1.  Diff PIN: 1----
1731941271.2189066 [node_io_weigh-6] [INFO] [1731941271.217623531] [node_io_weigh]: ---- Server Server Module_Input.node_io_weigh: Enable PIN: 1. Disable PIN: 1 ----
1731941271.4520757 [node_io_servo-4] [INFO] [1731941271.450574213] [node_io_servo]: ---- Server Server Module_Input.node_io_servo: TBDT PIN: 1. QA PIN: 1.  Diff PIN: 1----
1731941271.5688944 [node_io_weigh-6] [INFO] [1731941271.567698438] [node_io_weigh]: ---- Server Server Module_Input.node_io_weigh: Enable PIN: 1. Disable PIN: 1 ----
1731941271.7300966 [module_supervisor-1] [INFO] [1731941271.728520830] [Module_Supervisor]: ---- Supervisor: Connect to Module_Scanning&Interface Successfully----
1731941271.7353475 [module_supervisor-1] [INFO] [1731941271.734208095] [Module_Supervisor]: ---- Supervisor: Connect to Module_Input.node Successfully----
1731941271.7387216 [module_supervisor-1] [INFO] [1731941271.737749546] [Module_Supervisor]: ---- Supervisor: Connect to Module_Weigh Successfully----
1731941271.7427852 [module_supervisor-1] [INFO] [1731941271.741790091] [Module_Supervisor]: ---- Supervisor: Connect to Module_Motor.node_dc_motor Successfully----
1731941271.7480006 [module_supervisor-1] [INFO] [1731941271.746708105] [Module_Supervisor]: ---- Supervisor: Connect to Module_Input.node_io_servo Successfully----
1731941271.7516003 [module_supervisor-1] [INFO] [1731941271.750645487] [Module_Supervisor]: ---- Supervisor: Connect to Module_Send_Email Successfully----
1731941271.8011217 [node_io_servo-4] [INFO] [1731941271.799732892] [node_io_servo]: ---- Server Server Module_Input.node_io_servo: TBDT PIN: 1. QA PIN: 1.  Diff PIN: 1----
1731941271.9183893 [node_io_weigh-6] [INFO] [1731941271.917089202] [node_io_weigh]: ---- Server Server Module_Input.node_io_weigh: Enable PIN: 1. Disable PIN: 1 ----
1731941272.1503861 [node_io_servo-4] [INFO] [1731941272.149199708] [node_io_servo]: ---- Server Server Module_Input.node_io_servo: TBDT PIN: 1. QA PIN: 1.  Diff PIN: 1----
1731941272.2689035 [node_io_weigh-6] [INFO] [1731941272.267572389] [node_io_weigh]: ---- Server Server Module_Input.node_io_weigh: Enable PIN: 1. Disable PIN: 1 ----
1731941272.5028558 [node_io_servo-4] [INFO] [1731941272.501232804] [node_io_servo]: ---- Server Server Module_Input.node_io_servo: TBDT PIN: 1. QA PIN: 1.  Diff PIN: 1----
1731941272.6180592 [node_io_weigh-6] [INFO] [1731941272.616948059] [node_io_weigh]: ---- Server Server Module_Input.node_io_weigh: Enable PIN: 1. Disable PIN: 1 ----
1731941272.8521726 [node_io_servo-4] [INFO] [1731941272.850726895] [node_io_servo]: ---- Server Server Module_Input.node_io_servo: TBDT PIN: 1. QA PIN: 1.  Diff PIN: 1----
1731941272.9690502 [node_io_weigh-6] [INFO] [1731941272.967639609] [node_io_weigh]: ---- Server Server Module_Input.node_io_weigh: Enable PIN: 1. Disable PIN: 1 ----
1731941273.2016082 [node_io_servo-4] [INFO] [1731941273.200533141] [node_io_servo]: ---- Server Server Module_Input.node_io_servo: TBDT PIN: 1. QA PIN: 1.  Diff PIN: 1----
1731941273.3184025 [node_io_weigh-6] [INFO] [1731941273.317330581] [node_io_weigh]: ---- Server Server Module_Input.node_io_weigh: Enable PIN: 1. Disable PIN: 1 ----
1731941273.5501885 [node_io_servo-4] [INFO] [1731941273.549035117] [node_io_servo]: ---- Server Server Module_Input.node_io_servo: TBDT PIN: 1. QA PIN: 1.  Diff PIN: 1----
1731941273.6690822 [node_io_weigh-6] [INFO] [1731941273.667706140] [node_io_weigh]: ---- Server Server Module_Input.node_io_weigh: Enable PIN: 1. Disable PIN: 1 ----
1731941273.7302721 [module_supervisor-1] [INFO] [1731941273.728681834] [Module_Supervisor]: ---- Supervisor: Connect to Module_Scanning&Interface Successfully----
1731941273.7352490 [module_supervisor-1] [INFO] [1731941273.733819637] [Module_Supervisor]: ---- Supervisor: Connect to Module_Input.node Successfully----
1731941273.7407348 [module_supervisor-1] [INFO] [1731941273.737521305] [Module_Supervisor]: ---- Supervisor: Connect to Module_Weigh Successfully----
1731941273.7431884 [module_supervisor-1] [INFO] [1731941273.741690734] [Module_Supervisor]: ---- Supervisor: Connect to Module_Motor.node_dc_motor Successfully----
1731941273.7470543 [module_supervisor-1] [INFO] [1731941273.745545100] [Module_Supervisor]: ---- Supervisor: Connect to Module_Input.node_io_servo Successfully----
1731941273.7533765 [module_supervisor-1] [INFO] [1731941273.752419565] [Module_Supervisor]: ---- Supervisor: Connect to Module_Send_Email Successfully----
1731941273.9018700 [node_io_servo-4] [INFO] [1731941273.900720242] [node_io_servo]: ---- Server Server Module_Input.node_io_servo: TBDT PIN: 1. QA PIN: 1.  Diff PIN: 1----
1731941274.0184875 [node_io_weigh-6] [INFO] [1731941274.017299948] [node_io_weigh]: ---- Server Server Module_Input.node_io_weigh: Enable PIN: 1. Disable PIN: 1 ----
1731941274.2526581 [node_io_servo-4] [INFO] [1731941274.251249387] [node_io_servo]: ---- Server Server Module_Input.node_io_servo: TBDT PIN: 1. QA PIN: 1.  Diff PIN: 1----
1731941274.3682384 [node_io_weigh-6] [INFO] [1731941274.367098858] [node_io_weigh]: ---- Server Server Module_Input.node_io_weigh: Enable PIN: 1. Disable PIN: 1 ----
1731941274.6018074 [node_io_servo-4] [INFO] [1731941274.600548944] [node_io_servo]: ---- Server Server Module_Input.node_io_servo: TBDT PIN: 1. QA PIN: 1.  Diff PIN: 1----
1731941274.7098951 [module_scanning_interface-2] [INFO] [1731941274.708526948] [module_scanning_interface]: ---- Server Module_Scanning_Interfaces: Shutdown ----
1731941274.7282012 [node_io_weigh-6] [INFO] [1731941274.724135776] [node_io_weigh]: ---- Server Server Module_Input.node_io_weigh: Enable PIN: 1. Disable PIN: 1 ----
1731941274.9651461 [node_io_servo-4] [INFO] [1731941274.954827754] [node_io_servo]: ---- Server Server Module_Input.node_io_servo: TBDT PIN: 1. QA PIN: 1.  Diff PIN: 1----
1731941275.0723186 [node_io_weigh-6] [INFO] [1731941275.068928082] [node_io_weigh]: ---- Server Server Module_Input.node_io_weigh: Enable PIN: 1. Disable PIN: 1 ----
1731941275.3021233 [node_io_servo-4] [INFO] [1731941275.300881052] [node_io_servo]: ---- Server Server Module_Input.node_io_servo: TBDT PIN: 1. QA PIN: 1.  Diff PIN: 1----
1731941275.4163847 [node_io_weigh-6] [INFO] [1731941275.415409310] [node_io_weigh]: ---- Server Server Module_Input.node_io_weigh: Enable PIN: 1. Disable PIN: 1 ----
1731941275.4220018 [ERROR] [module_scanning_interface-2]: process has died [pid 11209, exit code 255, cmd '/home/tomccd/Documents/Code/Python/DATN/install/module_scanning_interface/lib/module_scanning_interface/module_scanning_interface --ros-args'].
1731941275.6524205 [node_io_servo-4] [INFO] [1731941275.651310606] [node_io_servo]: ---- Server Server Module_Input.node_io_servo: TBDT PIN: 0. QA PIN: 1.  Diff PIN: 1----
1731941275.7681587 [node_io_weigh-6] [INFO] [1731941275.767327515] [node_io_weigh]: ---- Server Server Module_Input.node_io_weigh: Enable PIN: 1. Disable PIN: 1 ----
1731941276.0006597 [node_io_servo-4] [INFO] [1731941275.999714377] [node_io_servo]: ---- Server Server Module_Input.node_io_servo: TBDT PIN: 0. QA PIN: 0.  Diff PIN: 0----
1731941276.1186950 [node_io_weigh-6] [INFO] [1731941276.117654423] [node_io_weigh]: ---- Server Server Module_Input.node_io_weigh: Enable PIN: 0. Disable PIN: 1 ----
1731941276.2223463 [module_weigh-7] [INFO] [1731941276.221673786] [module_weigh]: ---- Server Module Weigh Receive Message: True ----
1731941276.3478355 [node_io_servo-4] [INFO] [1731941276.347263344] [node_io_servo]: ---- Server Server Module_Input.node_io_servo: TBDT PIN: 0. QA PIN: 0.  Diff PIN: 0----
1731941276.4683044 [node_io_weigh-6] [INFO] [1731941276.467450015] [node_io_weigh]: ---- Server Server Module_Input.node_io_weigh: Enable PIN: 0. Disable PIN: 1 ----
1731941276.4740715 [module_weigh-7] [INFO] [1731941276.472933157] [module_weigh]: ---- Server Module Weigh Receive Message: True ----
1731941276.6978226 [node_io_servo-4] [INFO] [1731941276.697222448] [node_io_servo]: ---- Server Server Module_Input.node_io_servo: TBDT PIN: 0. QA PIN: 0.  Diff PIN: 0----
1731941276.7285535 [module_supervisor-1] [WARN] [1731941276.727913436] [Module_Supervisor]: ---- Supervisor: Waiting to connect to server Module_Scanning&Interface ----
1731941276.8188815 [node_io_weigh-6] [INFO] [1731941276.818167852] [node_io_weigh]: ---- Server Server Module_Input.node_io_weigh: Enable PIN: 0. Disable PIN: 1 ----
1731941276.8237894 [module_weigh-7] [INFO] [1731941276.822770914] [module_weigh]: ---- Server Module Weigh Receive Message: True ----
1731941277.0478189 [node_io_servo-4] [INFO] [1731941277.047236236] [node_io_servo]: ---- Server Server Module_Input.node_io_servo: TBDT PIN: 0. QA PIN: 0.  Diff PIN: 0----
1731941277.1686168 [node_io_weigh-6] [INFO] [1731941277.167662361] [node_io_weigh]: ---- Server Server Module_Input.node_io_weigh: Enable PIN: 0. Disable PIN: 1 ----
1731941277.1734927 [module_weigh-7] [INFO] [1731941277.172535914] [module_weigh]: ---- Server Module Weigh Receive Message: True ----
1731941277.4014232 [node_io_servo-4] [INFO] [1731941277.400596665] [node_io_servo]: ---- Server Server Module_Input.node_io_servo: TBDT PIN: 0. QA PIN: 0.  Diff PIN: 0----
1731941277.5152740 [node_io_weigh-6] [INFO] [1731941277.514645215] [node_io_weigh]: ---- Server Server Module_Input.node_io_weigh: Enable PIN: 0. Disable PIN: 1 ----
1731941277.5292134 [module_weigh-7] [INFO] [1731941277.528651858] [module_weigh]: ---- Server Module Weigh Receive Message: True ----
1731941277.7354648 [module_supervisor-1] [WARN] [1731941277.734305907] [Module_Supervisor]: ---- Supervisor: Waiting to connect to server Module_Scanning&Interface ----
1731941277.7496481 [node_io_servo-4] [INFO] [1731941277.748813032] [node_io_servo]: ---- Server Server Module_Input.node_io_servo: TBDT PIN: 0. QA PIN: 0.  Diff PIN: 0----
1731941277.8653698 [node_io_weigh-6] [INFO] [1731941277.864646354] [node_io_weigh]: ---- Server Server Module_Input.node_io_weigh: Enable PIN: 0. Disable PIN: 1 ----
1731941277.9091375 [module_weigh-7] [INFO] [1731941277.908519772] [module_weigh]: ---- Server Module Weigh Receive Message: True ----
1731941278.1015077 [node_io_servo-4] [INFO] [1731941278.100435187] [node_io_servo]: ---- Server Server Module_Input.node_io_servo: TBDT PIN: 0. QA PIN: 0.  Diff PIN: 0----
1731941278.2153888 [node_io_weigh-6] [INFO] [1731941278.214647731] [node_io_weigh]: ---- Server Server Module_Input.node_io_weigh: Enable PIN: 0. Disable PIN: 1 ----
1731941278.2882586 [module_weigh-7] [INFO] [1731941278.287631192] [module_weigh]: ---- Server Module Weigh Receive Message: True ----
1731941278.4498596 [node_io_servo-4] [INFO] [1731941278.449169071] [node_io_servo]: ---- Server Server Module_Input.node_io_servo: TBDT PIN: 0. QA PIN: 0.  Diff PIN: 0----
1731941278.5652092 [node_io_weigh-6] [INFO] [1731941278.564593999] [node_io_weigh]: ---- Server Server Module_Input.node_io_weigh: Enable PIN: 0. Disable PIN: 1 ----
1731941278.6676745 [module_weigh-7] [INFO] [1731941278.667152542] [module_weigh]: ---- Server Module Weigh Receive Message: True ----
1731941278.7420559 [module_supervisor-1] [WARN] [1731941278.740870347] [Module_Supervisor]: ---- Supervisor: Waiting to connect to server Module_Scanning&Interface ----
1731941278.8010776 [node_io_servo-4] [INFO] [1731941278.800064195] [node_io_servo]: ---- Server Server Module_Input.node_io_servo: TBDT PIN: 0. QA PIN: 0.  Diff PIN: 0----
1731941278.9186847 [node_io_weigh-6] [INFO] [1731941278.917664399] [node_io_weigh]: ---- Server Server Module_Input.node_io_weigh: Enable PIN: 0. Disable PIN: 0 ----
1731941279.1516824 [node_io_servo-4] [INFO] [1731941279.150802582] [node_io_servo]: ---- Server Server Module_Input.node_io_servo: TBDT PIN: 0. QA PIN: 0.  Diff PIN: 0----
1731941279.2681289 [node_io_weigh-6] [INFO] [1731941279.266876136] [node_io_weigh]: ---- Server Server Module_Input.node_io_weigh: Enable PIN: 0. Disable PIN: 1 ----
1731941279.2736447 [module_weigh-7] [INFO] [1731941279.272837780] [module_weigh]: ---- Server Module Weigh Receive Message: True ----
1731941279.5013855 [node_io_servo-4] [INFO] [1731941279.500575540] [node_io_servo]: ---- Server Server Module_Input.node_io_servo: TBDT PIN: 0. QA PIN: 0.  Diff PIN: 0----
1731941279.6184771 [node_io_weigh-6] [INFO] [1731941279.617546210] [node_io_weigh]: ---- Server Server Module_Input.node_io_weigh: Enable PIN: 0. Disable PIN: 0 ----
1731941279.7455423 [module_supervisor-1] [WARN] [1731941279.744831280] [Module_Supervisor]: ---- Supervisor: Waiting to connect to server Module_Scanning&Interface ----
1731941279.8512723 [node_io_servo-4] [INFO] [1731941279.850282425] [node_io_servo]: ---- Server Server Module_Input.node_io_servo: TBDT PIN: 0. QA PIN: 0.  Diff PIN: 0----
1731941279.9686339 [node_io_weigh-6] [INFO] [1731941279.967640415] [node_io_weigh]: ---- Server Server Module_Input.node_io_weigh: Enable PIN: 0. Disable PIN: 0 ----
1731941280.1994858 [node_io_servo-4] [INFO] [1731941280.198626079] [node_io_servo]: ---- Server Server Module_Input.node_io_servo: TBDT PIN: 0. QA PIN: 0.  Diff PIN: 0----
1731941280.3187654 [node_io_weigh-6] [INFO] [1731941280.317778228] [node_io_weigh]: ---- Server Server Module_Input.node_io_weigh: Enable PIN: 0. Disable PIN: 0 ----
1731941280.5478907 [node_io_servo-4] [INFO] [1731941280.547269166] [node_io_servo]: ---- Server Server Module_Input.node_io_servo: TBDT PIN: 0. QA PIN: 0.  Diff PIN: 0----
1731941280.6684554 [node_io_weigh-6] [INFO] [1731941280.667525277] [node_io_weigh]: ---- Server Server Module_Input.node_io_weigh: Enable PIN: 0. Disable PIN: 0 ----
1731941280.7525735 [module_supervisor-1] [WARN] [1731941280.751473836] [Module_Supervisor]: ---- Supervisor: Waiting to connect to server Module_Scanning&Interface ----
1731941280.7575223 [module_supervisor-1] [ERROR] [1731941280.756367518] [Module_Supervisor]: ---- Supervisor: Can't connect to Module Scanning&Interface ----
1731941280.7636082 [module_log_file-8] [INFO] [1731941280.761639853] [module_log_file]: ---- Server Module_Log_File: Creating Log File... ----
1731941280.7714987 [module_weigh-7] [INFO] [1731941280.764355999] [module_weigh]: ---- Server Module_Weigh: Receive Message: Terminate. Bye Bye.... ----
1731941280.7739279 [node_dc_servo-3] [INFO] [1731941280.764544474] [node_servo_motor]: ---- Server Module_Motor.node_servo_motor: Receive Message: Terminate. Bye Bye.... ----
1731941280.7770548 [node_dc_motor-5] [INFO] [1731941280.772755836] [node_dc_motor]: ---- Server Module_Motor.node_dc_motor: Receive Message: Terminate. Bye Bye.... ----
1731941280.7810884 [node_io_servo-4] [INFO] [1731941280.778427194] [node_io_servo]: ---- Server Module_Input.node_io_servo: Receive Message: Terminate. Bye Bye.... ----
1731941280.7874966 [node_io_weigh-6] [INFO] [1731941280.780203132] [node_io_weigh]: ---- Server Module_Input.node_io_weigh: Receive Message: Terminate. Bye Bye.... ----
1731941281.4419062 [ERROR] [module_weigh-7]: process has died [pid 11214, exit code 255, cmd '/home/tomccd/Documents/Code/Python/DATN/install/module_weigh/lib/module_weigh/module_weigh --ros-args'].
1731941281.5312281 [ERROR] [node_io_servo-4]: process has died [pid 11211, exit code 255, cmd '/home/tomccd/Documents/Code/Python/DATN/install/module_input/lib/module_input/node_io_servo --ros-args'].
1731941281.5688848 [ERROR] [node_io_weigh-6]: process has died [pid 11213, exit code 255, cmd '/home/tomccd/Documents/Code/Python/DATN/install/module_input/lib/module_input/node_io_weigh --ros-args'].
1731941281.6355901 [ERROR] [module_supervisor-1]: process has died [pid 11208, exit code 255, cmd '/home/tomccd/Documents/Code/Python/DATN/install/module_supervisor/lib/module_supervisor/module_supervisor --ros-args'].
1731941281.8561790 [ERROR] [node_dc_servo-3]: process has died [pid 11210, exit code 255, cmd '/home/tomccd/Documents/Code/Python/DATN/install/module_motor/lib/module_motor/node_dc_servo --ros-args'].
1731941281.8618581 [ERROR] [node_dc_motor-5]: process has died [pid 11212, exit code 255, cmd '/home/tomccd/Documents/Code/Python/DATN/install/module_motor/lib/module_motor/node_dc_motor --ros-args'].
