1731333238.1364338 [INFO] [launch]: All log files can be found below /home/tomccd/.ros/log/2024-11-11-20-53-58-126100-tomccd-raspberry4b-14043
1731333238.1371667 [INFO] [launch]: Default logging verbosity is set to INFO
1731333238.8195200 [INFO] [module_supervisor-1]: process started with pid [14046]
1731333238.8209417 [INFO] [module_scanning_interface-2]: process started with pid [14047]
1731333238.8230097 [INFO] [node_io_weigh-3]: process started with pid [14048]
1731333238.8250709 [INFO] [module_weigh-4]: process started with pid [14049]
1731333238.8270485 [INFO] [node_dc_motor-5]: process started with pid [14050]
1731333238.8288662 [INFO] [module_log_file-6]: process started with pid [14051]
1731333242.3832366 [module_supervisor-1] [INFO] [1731333242.381320176] [Module_Supervisor]: ---- Supervisor: Connect to Server Module_Log_File Successfully ----
1731333243.3991010 [module_supervisor-1] [WARN] [1731333243.395919646] [Module_Supervisor]: ---- Supervisor: Waiting to connect to server Module_Scanning&Interface ----
1731333243.7462418 [node_io_weigh-3] [INFO] [1731333243.745479761] [node_io_weigh]: ---- Server Server Module_Input.node_io_weigh: Enable PIN: 0. Disable PIN: 0 ----
1731333243.9838059 [node_io_weigh-3] [INFO] [1731333243.982857829] [node_io_weigh]: ---- Server Server Module_Input.node_io_weigh: Enable PIN: 0. Disable PIN: 0 ----
1731333244.3336246 [node_io_weigh-3] [INFO] [1731333244.332753744] [node_io_weigh]: ---- Server Server Module_Input.node_io_weigh: Enable PIN: 0. Disable PIN: 0 ----
1731333244.4081144 [module_supervisor-1] [WARN] [1731333244.407285549] [Module_Supervisor]: ---- Supervisor: Waiting to connect to server Module_Scanning&Interface ----
1731333244.6839182 [node_io_weigh-3] [INFO] [1731333244.683062736] [node_io_weigh]: ---- Server Server Module_Input.node_io_weigh: Enable PIN: 0. Disable PIN: 0 ----
1731333244.9116695 [module_supervisor-1] [INFO] [1731333244.910780534] [Module_Supervisor]: ---- Supervisor: Connect to Server Module_Scanning&Interface Successfully ----
1731333244.9153020 [module_supervisor-1] [INFO] [1731333244.913953125] [Module_Supervisor]: ---- Supervisor: Connect to Server Module_Input.node_io_weigh Successfully ----
1731333244.9207497 [module_supervisor-1] [INFO] [1731333244.919966541] [Module_Supervisor]: ---- Supervisor: Connect to Server Module_Weigh Successfully ----
1731333244.9262362 [module_supervisor-1] [INFO] [1731333244.925162565] [Module_Supervisor]: ---- Supervisor: Connect to Server Module_Motor.node_dc_motor Successfully ----
1731333244.9300942 [module_supervisor-1] [WARN] [1731333244.929092642] [Module_Supervisor]: ----Supervisor: Sending Request to Server Module_Log_File...----
1731333244.9319565 [module_log_file-6] [INFO] [1731333244.931015044] [module_log_file]: ---- Server Module_Log_File: Receive Intialized Request: Ready ----
1731333244.9409928 [module_supervisor-1] [INFO] [1731333244.938238558] [Module_Supervisor]: ---- Supervisor: Receive Init Respond from Server Module_Log_File: OK
1731333244.9449191 [module_supervisor-1] [WARN] [1731333244.943090152] [Module_Supervisor]: ----Supervisor: Sending Request to Server Module_Scanning&Interface...----
1731333245.0347264 [node_io_weigh-3] [INFO] [1731333245.033837895] [node_io_weigh]: ---- Server Server Module_Input.node_io_weigh: Enable PIN: 0. Disable PIN: 0 ----
1731333245.3334608 [module_scanning_interface-2] [INFO] [1731333245.332608160] [module_scanning_interface]: ----  Server Module_Scanning&Interface: Connect to DB Successfully ----
1731333245.3869057 [node_io_weigh-3] [INFO] [1731333245.385582161] [node_io_weigh]: ---- Server Server Module_Input.node_io_weigh: Enable PIN: 0. Disable PIN: 0 ----
1731333245.7349622 [node_io_weigh-3] [INFO] [1731333245.733958383] [node_io_weigh]: ---- Server Server Module_Input.node_io_weigh: Enable PIN: 0. Disable PIN: 0 ----
1731333245.8720238 [module_scanning_interface-2] [INFO] [1731333245.870603257] [module_scanning_interface]: ---- Server Module_Scanning_Interfaces: Receive Intialized Request: Ready ----
1731333245.8809671 [module_supervisor-1] [INFO] [1731333245.876967826] [Module_Supervisor]: ---- Supervisor: Receive Init Respond from Server Module_Scanning&Interface: OK
1731333245.8851624 [module_supervisor-1] [WARN] [1731333245.883231270] [Module_Supervisor]: ---- Supervisor: Sending Request to Server Module_Input.node_io_weigh ---- 
1731333245.8928642 [node_io_weigh-3] [INFO] [1731333245.891845671] [node_io_weigh]: ---- Server Module_Input.node_io_weigh: Receive Intialized Request: Ready ----
1731333245.9022863 [module_supervisor-1] [INFO] [1731333245.900195638] [Module_Supervisor]: ---- Supervisor: Receive Init Respond from Server Module_Input.node_io_weigh: OK
1731333245.9082303 [module_supervisor-1] [WARN] [1731333245.907119647] [Module_Supervisor]: ---- Supervisor: Sending Request to Server Module_Weigh ---- 
1731333246.0281305 [module_weigh-4] [INFO] [1731333246.027080513] [module_weigh]: ---- Server Module_Weigh: Receive Intialized Request: Ready ----
1731333246.0371194 [module_supervisor-1] [INFO] [1731333246.035925868] [Module_Supervisor]: ---- Supervisor: Receive Init Respond from Server Module_Weigh: OK
1731333246.0452304 [module_supervisor-1] [WARN] [1731333246.044244838] [Module_Supervisor]: ---- Supervisor: Sending Request to Server Module_Motor.node_dc_motor ---- 
1731333246.0839188 [node_io_weigh-3] [INFO] [1731333246.082973008] [node_io_weigh]: ---- Server Server Module_Input.node_io_weigh: Enable PIN: 0. Disable PIN: 0 ----
1731333246.1835258 [node_dc_motor-5] [INFO] [1731333246.181836181] [node_dc_motor]: ---- Server Module_Motor.node_dc_motor: Receive Intialized Request: Ready ----
1731333246.1974373 [module_supervisor-1] [INFO] [1731333246.193467809] [Module_Supervisor]: ---- Supervisor: Receive Init Respond from Server Module_Motor.node_dc_motor: OK
1731333246.4404500 [node_io_weigh-3] [INFO] [1731333246.436847094] [node_io_weigh]: ---- Server Server Module_Input.node_io_weigh: Enable PIN: 0. Disable PIN: 0 ----
1731333246.7840993 [node_io_weigh-3] [INFO] [1731333246.783260564] [node_io_weigh]: ---- Server Server Module_Input.node_io_weigh: Enable PIN: 0. Disable PIN: 0 ----
1731333247.1371861 [node_io_weigh-3] [INFO] [1731333247.134592763] [node_io_weigh]: ---- Server Server Module_Input.node_io_weigh: Enable PIN: 0. Disable PIN: 0 ----
1731333247.4858010 [node_io_weigh-3] [INFO] [1731333247.484263969] [node_io_weigh]: ---- Server Server Module_Input.node_io_weigh: Enable PIN: 0. Disable PIN: 0 ----
1731333247.8341582 [node_io_weigh-3] [INFO] [1731333247.832717429] [node_io_weigh]: ---- Server Server Module_Input.node_io_weigh: Enable PIN: 0. Disable PIN: 0 ----
1731333248.1878006 [node_io_weigh-3] [INFO] [1731333248.185459147] [node_io_weigh]: ---- Server Server Module_Input.node_io_weigh: Enable PIN: 0. Disable PIN: 0 ----
1731333248.2013113 [module_supervisor-1] [INFO] [1731333248.198337003] [Module_Supervisor]: ---- Supervisor: Connect to Module_Scanning&Interface Successfully----
1731333248.2054164 [module_supervisor-1] [INFO] [1731333248.204138300] [Module_Supervisor]: ---- Supervisor: Connect to Module_Input.node Successfully----
1731333248.2112620 [module_supervisor-1] [INFO] [1731333248.208037287] [Module_Supervisor]: ---- Supervisor: Connect to Module_Weigh Successfully----
1731333248.2172122 [module_supervisor-1] [INFO] [1731333248.212980823] [Module_Supervisor]: ---- Supervisor: Connect to Module_Motor.node_dc_motor Successfully----
1731333248.5338273 [node_io_weigh-3] [INFO] [1731333248.532908428] [node_io_weigh]: ---- Server Server Module_Input.node_io_weigh: Enable PIN: 0. Disable PIN: 0 ----
1731333248.8854308 [node_io_weigh-3] [INFO] [1731333248.883933152] [node_io_weigh]: ---- Server Server Module_Input.node_io_weigh: Enable PIN: 0. Disable PIN: 0 ----
1731333249.2380896 [node_io_weigh-3] [INFO] [1731333249.237277979] [node_io_weigh]: ---- Server Server Module_Input.node_io_weigh: Enable PIN: 0. Disable PIN: 0 ----
1731333249.5835195 [node_io_weigh-3] [INFO] [1731333249.582708047] [node_io_weigh]: ---- Server Server Module_Input.node_io_weigh: Enable PIN: 0. Disable PIN: 0 ----
1731333249.9339027 [node_io_weigh-3] [INFO] [1731333249.932844235] [node_io_weigh]: ---- Server Server Module_Input.node_io_weigh: Enable PIN: 0. Disable PIN: 0 ----
1731333250.1975811 [module_supervisor-1] [INFO] [1731333250.196734223] [Module_Supervisor]: ---- Supervisor: Connect to Module_Scanning&Interface Successfully----
1731333250.2011461 [module_supervisor-1] [INFO] [1731333250.199668806] [Module_Supervisor]: ---- Supervisor: Connect to Module_Input.node Successfully----
1731333250.2080975 [module_supervisor-1] [INFO] [1731333250.207289824] [Module_Supervisor]: ---- Supervisor: Connect to Module_Weigh Successfully----
1731333250.2129586 [module_supervisor-1] [INFO] [1731333250.211778713] [Module_Supervisor]: ---- Supervisor: Connect to Module_Motor.node_dc_motor Successfully----
1731333250.2842343 [node_io_weigh-3] [INFO] [1731333250.283399718] [node_io_weigh]: ---- Server Server Module_Input.node_io_weigh: Enable PIN: 0. Disable PIN: 0 ----
1731333250.6338685 [node_io_weigh-3] [INFO] [1731333250.633083092] [node_io_weigh]: ---- Server Server Module_Input.node_io_weigh: Enable PIN: 0. Disable PIN: 0 ----
1731333250.9832590 [node_io_weigh-3] [INFO] [1731333250.982556735] [node_io_weigh]: ---- Server Server Module_Input.node_io_weigh: Enable PIN: 0. Disable PIN: 0 ----
1731333251.3335900 [node_io_weigh-3] [INFO] [1731333251.332736014] [node_io_weigh]: ---- Server Server Module_Input.node_io_weigh: Enable PIN: 0. Disable PIN: 0 ----
1731333251.6835496 [node_io_weigh-3] [INFO] [1731333251.682646639] [node_io_weigh]: ---- Server Server Module_Input.node_io_weigh: Enable PIN: 0. Disable PIN: 0 ----
1731333252.0362723 [node_io_weigh-3] [INFO] [1731333252.033263570] [node_io_weigh]: ---- Server Server Module_Input.node_io_weigh: Enable PIN: 0. Disable PIN: 0 ----
1731333252.1989045 [module_supervisor-1] [INFO] [1731333252.198074615] [Module_Supervisor]: ---- Supervisor: Connect to Module_Scanning&Interface Successfully----
1731333252.2020824 [module_supervisor-1] [INFO] [1731333252.201231448] [Module_Supervisor]: ---- Supervisor: Connect to Module_Input.node Successfully----
1731333252.2063110 [module_supervisor-1] [INFO] [1731333252.205056865] [Module_Supervisor]: ---- Supervisor: Connect to Module_Weigh Successfully----
1731333252.2114155 [module_supervisor-1] [INFO] [1731333252.210176783] [Module_Supervisor]: ---- Supervisor: Connect to Module_Motor.node_dc_motor Successfully----
1731333252.3834395 [node_io_weigh-3] [INFO] [1731333252.382605626] [node_io_weigh]: ---- Server Server Module_Input.node_io_weigh: Enable PIN: 0. Disable PIN: 0 ----
1731333252.7342174 [node_io_weigh-3] [INFO] [1731333252.733460435] [node_io_weigh]: ---- Server Server Module_Input.node_io_weigh: Enable PIN: 0. Disable PIN: 0 ----
1731333253.0839067 [node_io_weigh-3] [INFO] [1731333253.083011172] [node_io_weigh]: ---- Server Server Module_Input.node_io_weigh: Enable PIN: 0. Disable PIN: 0 ----
1731333253.4349816 [node_io_weigh-3] [INFO] [1731333253.432999499] [node_io_weigh]: ---- Server Server Module_Input.node_io_weigh: Enable PIN: 0. Disable PIN: 0 ----
1731333253.7835963 [node_io_weigh-3] [INFO] [1731333253.782749261] [node_io_weigh]: ---- Server Server Module_Input.node_io_weigh: Enable PIN: 0. Disable PIN: 0 ----
1731333254.1337395 [node_io_weigh-3] [INFO] [1731333254.132852146] [node_io_weigh]: ---- Server Server Module_Input.node_io_weigh: Enable PIN: 0. Disable PIN: 0 ----
1731333254.1978297 [module_supervisor-1] [INFO] [1731333254.197011510] [Module_Supervisor]: ---- Supervisor: Connect to Module_Scanning&Interface Successfully----
1731333254.2008095 [module_supervisor-1] [INFO] [1731333254.199991721] [Module_Supervisor]: ---- Supervisor: Connect to Module_Input.node Successfully----
1731333254.2046607 [module_supervisor-1] [INFO] [1731333254.203797843] [Module_Supervisor]: ---- Supervisor: Connect to Module_Weigh Successfully----
1731333254.2097933 [module_supervisor-1] [INFO] [1731333254.207626648] [Module_Supervisor]: ---- Supervisor: Connect to Module_Motor.node_dc_motor Successfully----
1731333254.4849608 [node_io_weigh-3] [INFO] [1731333254.484116772] [node_io_weigh]: ---- Server Server Module_Input.node_io_weigh: Enable PIN: 0. Disable PIN: 0 ----
1731333254.8333652 [node_io_weigh-3] [INFO] [1731333254.832637197] [node_io_weigh]: ---- Server Server Module_Input.node_io_weigh: Enable PIN: 0. Disable PIN: 0 ----
1731333255.1845729 [node_io_weigh-3] [INFO] [1731333255.182734122] [node_io_weigh]: ---- Server Server Module_Input.node_io_weigh: Enable PIN: 0. Disable PIN: 0 ----
1731333255.5335803 [node_io_weigh-3] [INFO] [1731333255.532757967] [node_io_weigh]: ---- Server Server Module_Input.node_io_weigh: Enable PIN: 0. Disable PIN: 0 ----
1731333255.8837295 [node_io_weigh-3] [INFO] [1731333255.882923398] [node_io_weigh]: ---- Server Server Module_Input.node_io_weigh: Enable PIN: 0. Disable PIN: 0 ----
1731333256.1976368 [module_supervisor-1] [INFO] [1731333256.196717425] [Module_Supervisor]: ---- Supervisor: Connect to Module_Scanning&Interface Successfully----
1731333256.2008021 [module_supervisor-1] [INFO] [1731333256.199679100] [Module_Supervisor]: ---- Supervisor: Connect to Module_Input.node Successfully----
1731333256.2064962 [module_supervisor-1] [INFO] [1731333256.203443223] [Module_Supervisor]: ---- Supervisor: Connect to Module_Weigh Successfully----
1731333256.2146475 [module_supervisor-1] [INFO] [1731333256.210906325] [Module_Supervisor]: ---- Supervisor: Connect to Module_Motor.node_dc_motor Successfully----
1731333256.2355347 [node_io_weigh-3] [INFO] [1731333256.234691702] [node_io_weigh]: ---- Server Server Module_Input.node_io_weigh: Enable PIN: 0. Disable PIN: 0 ----
1731333256.5930760 [node_io_weigh-3] [INFO] [1731333256.589889891] [node_io_weigh]: ---- Server Server Module_Input.node_io_weigh: Enable PIN: 0. Disable PIN: 0 ----
1731333256.9339015 [node_io_weigh-3] [INFO] [1731333256.933000557] [node_io_weigh]: ---- Server Server Module_Input.node_io_weigh: Enable PIN: 0. Disable PIN: 0 ----
1731333257.2836611 [node_io_weigh-3] [INFO] [1731333257.282811648] [node_io_weigh]: ---- Server Server Module_Input.node_io_weigh: Enable PIN: 0. Disable PIN: 0 ----
1731333257.6376309 [node_io_weigh-3] [INFO] [1731333257.633285401] [node_io_weigh]: ---- Server Server Module_Input.node_io_weigh: Enable PIN: 0. Disable PIN: 0 ----
1731333257.9873519 [node_io_weigh-3] [INFO] [1731333257.985141950] [node_io_weigh]: ---- Server Server Module_Input.node_io_weigh: Enable PIN: 0. Disable PIN: 0 ----
1731333258.2022951 [module_supervisor-1] [INFO] [1731333258.198488935] [Module_Supervisor]: ---- Supervisor: Connect to Module_Scanning&Interface Successfully----
1731333258.2066996 [module_supervisor-1] [INFO] [1731333258.201893148] [Module_Supervisor]: ---- Supervisor: Connect to Module_Input.node Successfully----
1731333258.2156518 [module_supervisor-1] [INFO] [1731333258.209318937] [Module_Supervisor]: ---- Supervisor: Connect to Module_Weigh Successfully----
1731333258.2182460 [module_supervisor-1] [INFO] [1731333258.215466815] [Module_Supervisor]: ---- Supervisor: Connect to Module_Motor.node_dc_motor Successfully----
1731333258.3344879 [node_io_weigh-3] [INFO] [1731333258.333222319] [node_io_weigh]: ---- Server Server Module_Input.node_io_weigh: Enable PIN: 0. Disable PIN: 0 ----
1731333258.6849720 [node_io_weigh-3] [INFO] [1731333258.683164816] [node_io_weigh]: ---- Server Server Module_Input.node_io_weigh: Enable PIN: 0. Disable PIN: 0 ----
1731333259.0336373 [node_io_weigh-3] [INFO] [1731333259.032744682] [node_io_weigh]: ---- Server Server Module_Input.node_io_weigh: Enable PIN: 0. Disable PIN: 0 ----
1731333259.3846951 [node_io_weigh-3] [INFO] [1731333259.383833670] [node_io_weigh]: ---- Server Server Module_Input.node_io_weigh: Enable PIN: 0. Disable PIN: 0 ----
1731333259.7342119 [node_io_weigh-3] [INFO] [1731333259.733466125] [node_io_weigh]: ---- Server Server Module_Input.node_io_weigh: Enable PIN: 0. Disable PIN: 0 ----
1731333260.0838664 [node_io_weigh-3] [INFO] [1731333260.082939517] [node_io_weigh]: ---- Server Server Module_Input.node_io_weigh: Enable PIN: 0. Disable PIN: 0 ----
1731333260.2000000 [module_supervisor-1] [INFO] [1731333260.198046104] [Module_Supervisor]: ---- Supervisor: Connect to Module_Scanning&Interface Successfully----
1731333260.2034817 [module_supervisor-1] [INFO] [1731333260.202340725] [Module_Supervisor]: ---- Supervisor: Connect to Module_Input.node Successfully----
1731333260.2082841 [module_supervisor-1] [INFO] [1731333260.206526536] [Module_Supervisor]: ---- Supervisor: Connect to Module_Weigh Successfully----
1731333260.2147281 [module_supervisor-1] [INFO] [1731333260.212931127] [Module_Supervisor]: ---- Supervisor: Connect to Module_Motor.node_dc_motor Successfully----
1731333260.4352958 [node_io_weigh-3] [INFO] [1731333260.434511005] [node_io_weigh]: ---- Server Server Module_Input.node_io_weigh: Enable PIN: 0. Disable PIN: 0 ----
1731333260.7853613 [node_io_weigh-3] [INFO] [1731333260.784234345] [node_io_weigh]: ---- Server Server Module_Input.node_io_weigh: Enable PIN: 0. Disable PIN: 0 ----
1731333261.1345539 [node_io_weigh-3] [INFO] [1731333261.133718165] [node_io_weigh]: ---- Server Server Module_Input.node_io_weigh: Enable PIN: 0. Disable PIN: 0 ----
1731333261.4843605 [node_io_weigh-3] [INFO] [1731333261.483348917] [node_io_weigh]: ---- Server Server Module_Input.node_io_weigh: Enable PIN: 0. Disable PIN: 0 ----
1731333261.8350425 [node_io_weigh-3] [INFO] [1731333261.833686659] [node_io_weigh]: ---- Server Server Module_Input.node_io_weigh: Enable PIN: 0. Disable PIN: 0 ----
1731333262.1835666 [node_io_weigh-3] [INFO] [1731333262.182719797] [node_io_weigh]: ---- Server Server Module_Input.node_io_weigh: Enable PIN: 0. Disable PIN: 0 ----
1731333262.1992137 [module_supervisor-1] [INFO] [1731333262.198356754] [Module_Supervisor]: ---- Supervisor: Connect to Module_Scanning&Interface Successfully----
1731333262.2026057 [module_supervisor-1] [INFO] [1731333262.201810595] [Module_Supervisor]: ---- Supervisor: Connect to Module_Input.node Successfully----
1731333262.2069261 [module_supervisor-1] [INFO] [1731333262.205281750] [Module_Supervisor]: ---- Supervisor: Connect to Module_Weigh Successfully----
1731333262.2102432 [module_supervisor-1] [INFO] [1731333262.209513949] [Module_Supervisor]: ---- Supervisor: Connect to Module_Motor.node_dc_motor Successfully----
1731333262.5336909 [node_io_weigh-3] [INFO] [1731333262.532867121] [node_io_weigh]: ---- Server Server Module_Input.node_io_weigh: Enable PIN: 0. Disable PIN: 0 ----
1731333262.8836272 [node_io_weigh-3] [INFO] [1731333262.882877339] [node_io_weigh]: ---- Server Server Module_Input.node_io_weigh: Enable PIN: 0. Disable PIN: 0 ----
1731333263.2333562 [node_io_weigh-3] [INFO] [1731333263.232671486] [node_io_weigh]: ---- Server Server Module_Input.node_io_weigh: Enable PIN: 0. Disable PIN: 0 ----
1731333263.5834534 [node_io_weigh-3] [INFO] [1731333263.582683297] [node_io_weigh]: ---- Server Server Module_Input.node_io_weigh: Enable PIN: 0. Disable PIN: 0 ----
1731333263.9335372 [node_io_weigh-3] [INFO] [1731333263.932744958] [node_io_weigh]: ---- Server Server Module_Input.node_io_weigh: Enable PIN: 0. Disable PIN: 0 ----
1731333264.1974945 [module_supervisor-1] [INFO] [1731333264.196676237] [Module_Supervisor]: ---- Supervisor: Connect to Module_Scanning&Interface Successfully----
1731333264.2014270 [module_supervisor-1] [INFO] [1731333264.199520769] [Module_Supervisor]: ---- Supervisor: Connect to Module_Input.node Successfully----
1731333264.2088003 [module_supervisor-1] [INFO] [1731333264.206999114] [Module_Supervisor]: ---- Supervisor: Connect to Module_Weigh Successfully----
1731333264.2138057 [module_supervisor-1] [INFO] [1731333264.212350286] [Module_Supervisor]: ---- Supervisor: Connect to Module_Motor.node_dc_motor Successfully----
1731333264.2838650 [node_io_weigh-3] [INFO] [1731333264.282960887] [node_io_weigh]: ---- Server Server Module_Input.node_io_weigh: Enable PIN: 0. Disable PIN: 0 ----
1731333264.6347842 [node_io_weigh-3] [INFO] [1731333264.633885754] [node_io_weigh]: ---- Server Server Module_Input.node_io_weigh: Enable PIN: 0. Disable PIN: 0 ----
1731333264.9843516 [node_io_weigh-3] [INFO] [1731333264.983608669] [node_io_weigh]: ---- Server Server Module_Input.node_io_weigh: Enable PIN: 0. Disable PIN: 0 ----
1731333265.3353131 [node_io_weigh-3] [INFO] [1731333265.334467520] [node_io_weigh]: ---- Server Server Module_Input.node_io_weigh: Enable PIN: 0. Disable PIN: 0 ----
1731333265.6842937 [node_io_weigh-3] [INFO] [1731333265.682996039] [node_io_weigh]: ---- Server Server Module_Input.node_io_weigh: Enable PIN: 0. Disable PIN: 0 ----
1731333266.0341175 [node_io_weigh-3] [INFO] [1731333266.033208974] [node_io_weigh]: ---- Server Server Module_Input.node_io_weigh: Enable PIN: 0. Disable PIN: 0 ----
1731333266.2012222 [module_supervisor-1] [INFO] [1731333266.200191945] [Module_Supervisor]: ---- Supervisor: Connect to Module_Scanning&Interface Successfully----
1731333266.2052283 [module_supervisor-1] [INFO] [1731333266.203362631] [Module_Supervisor]: ---- Supervisor: Connect to Module_Input.node Successfully----
1731333266.2115445 [module_supervisor-1] [INFO] [1731333266.210004140] [Module_Supervisor]: ---- Supervisor: Connect to Module_Weigh Successfully----
1731333266.2191646 [module_supervisor-1] [INFO] [1731333266.216090728] [Module_Supervisor]: ---- Supervisor: Connect to Module_Motor.node_dc_motor Successfully----
1731333266.3842452 [node_io_weigh-3] [INFO] [1731333266.383360335] [node_io_weigh]: ---- Server Server Module_Input.node_io_weigh: Enable PIN: 0. Disable PIN: 0 ----
1731333266.7344618 [node_io_weigh-3] [INFO] [1731333266.733586064] [node_io_weigh]: ---- Server Server Module_Input.node_io_weigh: Enable PIN: 0. Disable PIN: 0 ----
1731333267.0842731 [node_io_weigh-3] [INFO] [1731333267.083554678] [node_io_weigh]: ---- Server Server Module_Input.node_io_weigh: Enable PIN: 0. Disable PIN: 0 ----
1731333267.4367399 [node_io_weigh-3] [INFO] [1731333267.432707357] [node_io_weigh]: ---- Server Server Module_Input.node_io_weigh: Enable PIN: 0. Disable PIN: 0 ----
1731333267.7864900 [node_io_weigh-3] [INFO] [1731333267.784169444] [node_io_weigh]: ---- Server Server Module_Input.node_io_weigh: Enable PIN: 0. Disable PIN: 0 ----
1731333268.1332989 [node_io_weigh-3] [INFO] [1731333268.132588049] [node_io_weigh]: ---- Server Server Module_Input.node_io_weigh: Enable PIN: 0. Disable PIN: 0 ----
1731333268.1981726 [module_supervisor-1] [INFO] [1731333268.197095818] [Module_Supervisor]: ---- Supervisor: Connect to Module_Scanning&Interface Successfully----
1731333268.2022564 [module_supervisor-1] [INFO] [1731333268.200758522] [Module_Supervisor]: ---- Supervisor: Connect to Module_Input.node Successfully----
1731333268.2096424 [module_supervisor-1] [INFO] [1731333268.208154983] [Module_Supervisor]: ---- Supervisor: Connect to Module_Weigh Successfully----
1731333268.2252371 [module_supervisor-1] [INFO] [1731333268.223178137] [Module_Supervisor]: ---- Supervisor: Connect to Module_Motor.node_dc_motor Successfully----
1731333268.4869261 [node_io_weigh-3] [INFO] [1731333268.484736108] [node_io_weigh]: ---- Server Server Module_Input.node_io_weigh: Enable PIN: 0. Disable PIN: 0 ----
1731333268.8353143 [node_io_weigh-3] [INFO] [1731333268.834251402] [node_io_weigh]: ---- Server Server Module_Input.node_io_weigh: Enable PIN: 0. Disable PIN: 0 ----
1731333269.1837835 [node_io_weigh-3] [INFO] [1731333269.182996349] [node_io_weigh]: ---- Server Server Module_Input.node_io_weigh: Enable PIN: 0. Disable PIN: 0 ----
1731333269.2163029 [module_scanning_interface-2] [INFO] [1731333269.215456708] [module_scanning_interface]: ---- Server Module_Scanning_Interfaces: Shutdown ----
1731333269.5377631 [node_io_weigh-3] [INFO] [1731333269.535609408] [node_io_weigh]: ---- Server Server Module_Input.node_io_weigh: Enable PIN: 0. Disable PIN: 0 ----
1731333269.8866951 [node_io_weigh-3] [INFO] [1731333269.885562907] [node_io_weigh]: ---- Server Server Module_Input.node_io_weigh: Enable PIN: 0. Disable PIN: 0 ----
1731333269.9656572 [ERROR] [module_scanning_interface-2]: process has died [pid 14047, exit code 255, cmd '/home/tomccd/Documents/Code/Python/DATN/install/module_scanning_interface/lib/module_scanning_interface/module_scanning_interface --ros-args'].
1731333270.2358520 [node_io_weigh-3] [INFO] [1731333270.234880889] [node_io_weigh]: ---- Server Server Module_Input.node_io_weigh: Enable PIN: 0. Disable PIN: 0 ----
1731333270.5866833 [node_io_weigh-3] [INFO] [1731333270.585838810] [node_io_weigh]: ---- Server Server Module_Input.node_io_weigh: Enable PIN: 0. Disable PIN: 0 ----
1731333270.9365902 [node_io_weigh-3] [INFO] [1731333270.935612354] [node_io_weigh]: ---- Server Server Module_Input.node_io_weigh: Enable PIN: 0. Disable PIN: 0 ----
1731333271.2029657 [module_supervisor-1] [WARN] [1731333271.201998873] [Module_Supervisor]: ---- Supervisor: Waiting to connect to server Module_Scanning&Interface ----
1731333271.2860682 [node_io_weigh-3] [INFO] [1731333271.285257417] [node_io_weigh]: ---- Server Server Module_Input.node_io_weigh: Enable PIN: 0. Disable PIN: 0 ----
1731333271.6373291 [node_io_weigh-3] [INFO] [1731333271.636304576] [node_io_weigh]: ---- Server Server Module_Input.node_io_weigh: Enable PIN: 0. Disable PIN: 0 ----
1731333271.9864757 [node_io_weigh-3] [INFO] [1731333271.985656303] [node_io_weigh]: ---- Server Server Module_Input.node_io_weigh: Enable PIN: 0. Disable PIN: 0 ----
1731333272.2097538 [module_supervisor-1] [WARN] [1731333272.208672042] [Module_Supervisor]: ---- Supervisor: Waiting to connect to server Module_Scanning&Interface ----
1731333272.3380957 [node_io_weigh-3] [INFO] [1731333272.337276994] [node_io_weigh]: ---- Server Server Module_Input.node_io_weigh: Enable PIN: 0. Disable PIN: 0 ----
1731333272.6857152 [node_io_weigh-3] [INFO] [1731333272.684802535] [node_io_weigh]: ---- Server Server Module_Input.node_io_weigh: Enable PIN: 0. Disable PIN: 0 ----
1731333273.0356915 [node_io_weigh-3] [INFO] [1731333273.034782423] [node_io_weigh]: ---- Server Server Module_Input.node_io_weigh: Enable PIN: 0. Disable PIN: 0 ----
1731333273.2165091 [module_supervisor-1] [WARN] [1731333273.215430482] [Module_Supervisor]: ---- Supervisor: Waiting to connect to server Module_Scanning&Interface ----
1731333273.3857472 [node_io_weigh-3] [INFO] [1731333273.384962524] [node_io_weigh]: ---- Server Server Module_Input.node_io_weigh: Enable PIN: 0. Disable PIN: 0 ----
1731333273.7363472 [node_io_weigh-3] [INFO] [1731333273.735449261] [node_io_weigh]: ---- Server Server Module_Input.node_io_weigh: Enable PIN: 0. Disable PIN: 0 ----
1731333274.0861421 [node_io_weigh-3] [INFO] [1731333274.085397005] [node_io_weigh]: ---- Server Server Module_Input.node_io_weigh: Enable PIN: 0. Disable PIN: 0 ----
1731333274.2226720 [module_supervisor-1] [WARN] [1731333274.221738161] [Module_Supervisor]: ---- Supervisor: Waiting to connect to server Module_Scanning&Interface ----
1731333274.2271109 [module_supervisor-1] [ERROR] [1731333274.226121912] [Module_Supervisor]: ---- Supervisor: Can't connect to Module Scanning&Interface ----
1731333274.2356014 [node_dc_motor-5] [INFO] [1731333274.231880182] [node_dc_motor]: ---- Server Module_Motor.node_dc_motor: Receive Message: Terminate. Bye Bye.... ----
1731333274.2422912 [node_io_weigh-3] [INFO] [1731333274.232726981] [node_io_weigh]: ---- Server Module_Input.node_io_weigh: Receive Message: Terminate. Bye Bye.... ----
1731333274.2537038 [module_log_file-6] [INFO] [1731333274.236734136] [module_log_file]: ---- Server Module_Log_File: Creating Log File... ----
1731333274.2565789 [module_weigh-4] [INFO] [1731333274.245436065] [module_weigh]: ---- Server Module_Weigh: Receive Message: Terminate. Bye Bye.... ----
1731333274.7041585 [ERROR] [node_io_weigh-3]: process has died [pid 14048, exit code 255, cmd '/home/tomccd/Documents/Code/Python/DATN/install/module_input/lib/module_input/node_io_weigh --ros-args'].
1731333274.7136240 [ERROR] [module_supervisor-1]: process has died [pid 14046, exit code 255, cmd '/home/tomccd/Documents/Code/Python/DATN/install/module_supervisor/lib/module_supervisor/module_supervisor --ros-args'].
1731333274.7927902 [ERROR] [module_weigh-4]: process has died [pid 14049, exit code 255, cmd '/home/tomccd/Documents/Code/Python/DATN/install/module_weigh/lib/module_weigh/module_weigh --ros-args'].
1731333275.0473130 [ERROR] [node_dc_motor-5]: process has died [pid 14050, exit code 255, cmd '/home/tomccd/Documents/Code/Python/DATN/install/module_motor/lib/module_motor/node_dc_motor --ros-args'].
