1731336106.5791755 [INFO] [launch]: All log files can be found below /home/tomccd/.ros/log/2024-11-11-21-41-46-554064-tomccd-raspberry4b-23604
1731336106.5800660 [INFO] [launch]: Default logging verbosity is set to INFO
1731336107.8279774 [INFO] [module_supervisor-1]: process started with pid [23676]
1731336107.8320906 [INFO] [module_scanning_interface-2]: process started with pid [23677]
1731336107.8410308 [INFO] [node_io_weigh-3]: process started with pid [23678]
1731336107.8416557 [INFO] [module_weigh-4]: process started with pid [23679]
1731336107.8722622 [INFO] [node_dc_motor-5]: process started with pid [23681]
1731336107.8854847 [INFO] [module_log_file-6]: process started with pid [23682]
1731336117.9585543 [module_supervisor-1] [INFO] [1731336117.954055766] [Module_Supervisor]: ---- Supervisor: Connect to Server Module_Log_File Successfully ----
1731336118.9763577 [module_supervisor-1] [WARN] [1731336118.971075920] [Module_Supervisor]: ---- Supervisor: Waiting to connect to server Module_Scanning&Interface ----
1731336119.1551139 [node_io_weigh-3] [INFO] [1731336119.152516317] [node_io_weigh]: ---- Server Server Module_Input.node_io_weigh: Enable PIN: 1. Disable PIN: 1 ----
1731336119.1844966 [node_io_weigh-3] [INFO] [1731336119.182755451] [node_io_weigh]: ---- Server Server Module_Input.node_io_weigh: Enable PIN: 1. Disable PIN: 1 ----
1731336119.5439677 [node_io_weigh-3] [INFO] [1731336119.542740877] [node_io_weigh]: ---- Server Server Module_Input.node_io_weigh: Enable PIN: 1. Disable PIN: 1 ----
1731336119.8981812 [node_io_weigh-3] [INFO] [1731336119.893668776] [node_io_weigh]: ---- Server Server Module_Input.node_io_weigh: Enable PIN: 1. Disable PIN: 1 ----
1731336119.9920156 [module_supervisor-1] [WARN] [1731336119.989463074] [Module_Supervisor]: ---- Supervisor: Waiting to connect to server Module_Scanning&Interface ----
1731336120.2382879 [node_io_weigh-3] [INFO] [1731336120.235408964] [node_io_weigh]: ---- Server Server Module_Input.node_io_weigh: Enable PIN: 1. Disable PIN: 1 ----
1731336120.5919099 [node_io_weigh-3] [INFO] [1731336120.587902786] [node_io_weigh]: ---- Server Server Module_Input.node_io_weigh: Enable PIN: 1. Disable PIN: 1 ----
1731336120.9342654 [node_io_weigh-3] [INFO] [1731336120.933074595] [node_io_weigh]: ---- Server Server Module_Input.node_io_weigh: Enable PIN: 1. Disable PIN: 1 ----
1731336121.0089197 [module_supervisor-1] [WARN] [1731336121.005813737] [Module_Supervisor]: ---- Supervisor: Waiting to connect to server Module_Scanning&Interface ----
1731336121.3017619 [node_io_weigh-3] [INFO] [1731336121.296058240] [node_io_weigh]: ---- Server Server Module_Input.node_io_weigh: Enable PIN: 1. Disable PIN: 1 ----
1731336121.6497922 [node_io_weigh-3] [INFO] [1731336121.639661792] [node_io_weigh]: ---- Server Server Module_Input.node_io_weigh: Enable PIN: 1. Disable PIN: 1 ----
1731336121.9992347 [node_io_weigh-3] [INFO] [1731336121.988879992] [node_io_weigh]: ---- Server Server Module_Input.node_io_weigh: Enable PIN: 1. Disable PIN: 1 ----
1731336122.0290480 [module_supervisor-1] [ERROR] [1731336122.023309329] [Module_Supervisor]: ---- Supervisor: Can't connect to server Module_Scanning&Interface ----
1731336122.0516481 [module_supervisor-1] [ERROR] [1731336122.042882328] [Module_Supervisor]: ---- Supervisor: Initilize System Error ----
1731336122.0788887 [module_log_file-6] [INFO] [1731336122.052929490] [module_log_file]: ---- Server Module_Log_File: Creating Log File... ----
1731336122.1291716 [node_io_weigh-3] [INFO] [1731336122.111358527] [node_io_weigh]: ---- Server Module_Input.node_io_weigh: Receive Message: Terminate. Bye Bye.... ----
1731336122.4401252 [module_weigh-4] [INFO] [1731336122.434675978] [module_weigh]: ---- Server Module_Weigh: Receive Message: Terminate. Bye Bye.... ----
1731336122.8239729 [node_dc_motor-5] [INFO] [1731336122.810276289] [node_dc_motor]: ---- Server Module_Motor.node_dc_motor: Receive Message: Terminate. Bye Bye.... ----
1731336123.2811320 [module_supervisor-1] Traceback (most recent call last):
1731336123.2840350 [module_supervisor-1]   File "/home/tomccd/Documents/Code/Python/DATN/install/module_supervisor/lib/module_supervisor/module_supervisor", line 33, in <module>
1731336123.2861729 [module_supervisor-1]     sys.exit(load_entry_point('module-supervisor==0.0.0', 'console_scripts', 'module_supervisor')())
1731336123.2876048 [module_supervisor-1]              ^^^^^^^^^^^^^^^^^^^^^^^^^^^^^^^^^^^^^^^^^^^^^^^^^^^^^^^^^^^^^^^^^^^^^^^^^^^^^^^^^^^^^^
1731336123.2899277 [module_supervisor-1]   File "/home/tomccd/Documents/Code/Python/DATN/install/module_supervisor/lib/python3.12/site-packages/module_supervisor/module_supervisor.py", line 198, in main
1731336123.2919743 [module_supervisor-1]     rclpy.spin(node)
1731336123.2928569 [module_supervisor-1]   File "/opt/ros/jazzy/lib/python3.12/site-packages/rclpy/__init__.py", line 240, in spin
1731336123.2945170 [module_supervisor-1]     executor = get_global_executor() if executor is None else executor
1731336123.3010409 [module_supervisor-1]                ^^^^^^^^^^^^^^^^^^^^^
1731336123.3028319 [module_supervisor-1]   File "/opt/ros/jazzy/lib/python3.12/site-packages/rclpy/__init__.py", line 106, in get_global_executor
1731336123.3062937 [module_supervisor-1]     __executor = SingleThreadedExecutor()
1731336123.3074574 [module_supervisor-1]                  ^^^^^^^^^^^^^^^^^^^^^^^^
1731336123.3081501 [module_supervisor-1]   File "/opt/ros/jazzy/lib/python3.12/site-packages/rclpy/executors.py", line 803, in __init__
1731336123.3110814 [module_supervisor-1]     super().__init__(context=context)
1731336123.3118365 [module_supervisor-1]   File "/opt/ros/jazzy/lib/python3.12/site-packages/rclpy/executors.py", line 186, in __init__
1731336123.3139288 [module_supervisor-1]     self._guard = GuardCondition(
1731336123.3154526 [module_supervisor-1]                   ^^^^^^^^^^^^^^^
1731336123.3179617 [module_supervisor-1]   File "/opt/ros/jazzy/lib/python3.12/site-packages/rclpy/guard_condition.py", line 23, in __init__
1731336123.3187954 [module_supervisor-1]     with self._context.handle:
1731336123.3208880 [module_supervisor-1] TypeError: 'NoneType' object does not support the context manager protocol
1731336123.4033635 [module_supervisor-1] Exception ignored in: <function Executor.__del__ at 0xffffad570a40>
1731336123.4040365 [module_supervisor-1] Traceback (most recent call last):
1731336123.4051704 [module_supervisor-1]   File "/opt/ros/jazzy/lib/python3.12/site-packages/rclpy/executors.py", line 257, in __del__
1731336123.4086699 [module_supervisor-1]     if self._sigint_gc is not None:
1731336123.4093413 [module_supervisor-1]        ^^^^^^^^^^^^^^^
1731336123.4100041 [module_supervisor-1] AttributeError: 'SingleThreadedExecutor' object has no attribute '_sigint_gc'
1731336123.4211791 [ERROR] [node_io_weigh-3]: process has died [pid 23678, exit code 255, cmd '/home/tomccd/Documents/Code/Python/DATN/install/module_input/lib/module_input/node_io_weigh --ros-args'].
1731336123.8709450 [module_scanning_interface-2] [INFO] [1731336123.858832005] [module_scanning_interface]: ----  Server Module_Scanning&Interface: Connect to DB Successfully ----
1731336124.4013574 [ERROR] [module_weigh-4]: process has died [pid 23679, exit code 255, cmd '/home/tomccd/Documents/Code/Python/DATN/install/module_weigh/lib/module_weigh/module_weigh --ros-args'].
1731336124.5375280 [ERROR] [node_dc_motor-5]: process has died [pid 23681, exit code 255, cmd '/home/tomccd/Documents/Code/Python/DATN/install/module_motor/lib/module_motor/node_dc_motor --ros-args'].
1731336124.6940072 [ERROR] [module_supervisor-1]: process has died [pid 23676, exit code 1, cmd '/home/tomccd/Documents/Code/Python/DATN/install/module_supervisor/lib/module_supervisor/module_supervisor --ros-args'].
1731336124.9175851 [module_scanning_interface-2] [INFO] [1731336124.916771263] [module_scanning_interface]: ---- Server Module_Scanning_Interfaces: Receive Message: Terminate. Bye Bye.... ----
