1731338312.8689826 [INFO] [launch]: All log files can be found below /home/tomccd/.ros/log/2024-11-11-22-18-32-863836-tomccd-raspberry4b-30663
1731338312.8698401 [INFO] [launch]: Default logging verbosity is set to INFO
1731338313.5832028 [INFO] [module_supervisor-1]: process started with pid [30666]
1731338313.5855918 [INFO] [module_scanning_interface-2]: process started with pid [30667]
1731338313.5881810 [INFO] [node_io_weigh-3]: process started with pid [30668]
1731338313.5888915 [INFO] [module_weigh-4]: process started with pid [30669]
1731338313.5919051 [INFO] [node_dc_motor-5]: process started with pid [30670]
1731338313.5940790 [INFO] [module_log_file-6]: process started with pid [30671]
1731338317.1972308 [node_io_weigh-3] [INFO] [1731338317.191286621] [node_io_weigh]: ---- Server Server Module_Input.node_io_weigh: Enable PIN: 1. Disable PIN: 1 ----
1731338317.3403006 [node_io_weigh-3] [INFO] [1731338317.336551306] [node_io_weigh]: ---- Server Server Module_Input.node_io_weigh: Enable PIN: 1. Disable PIN: 1 ----
1731338317.6740901 [node_io_weigh-3] [INFO] [1731338317.673207417] [node_io_weigh]: ---- Server Server Module_Input.node_io_weigh: Enable PIN: 1. Disable PIN: 1 ----
1731338317.8939605 [module_supervisor-1] [INFO] [1731338317.892652166] [Module_Supervisor]: ---- Supervisor: Connect to Server Module_Log_File Successfully ----
1731338318.0257440 [node_io_weigh-3] [INFO] [1731338318.024487313] [node_io_weigh]: ---- Server Server Module_Input.node_io_weigh: Enable PIN: 1. Disable PIN: 1 ----
1731338318.3739650 [node_io_weigh-3] [INFO] [1731338318.373090987] [node_io_weigh]: ---- Server Server Module_Input.node_io_weigh: Enable PIN: 1. Disable PIN: 1 ----
1731338318.7236581 [node_io_weigh-3] [INFO] [1731338318.722875483] [node_io_weigh]: ---- Server Server Module_Input.node_io_weigh: Enable PIN: 1. Disable PIN: 1 ----
1731338318.8976972 [module_supervisor-1] [WARN] [1731338318.896820198] [Module_Supervisor]: ---- Supervisor: Waiting to connect to server Module_Scanning&Interface ----
1731338319.0751946 [node_io_weigh-3] [INFO] [1731338319.073349760] [node_io_weigh]: ---- Server Server Module_Input.node_io_weigh: Enable PIN: 1. Disable PIN: 1 ----
1731338319.4239376 [node_io_weigh-3] [INFO] [1731338319.423016251] [node_io_weigh]: ---- Server Server Module_Input.node_io_weigh: Enable PIN: 1. Disable PIN: 1 ----
1731338319.6518116 [module_supervisor-1] [INFO] [1731338319.650669635] [Module_Supervisor]: ---- Supervisor: Connect to Server Module_Scanning&Interface Successfully ----
1731338319.6560357 [module_supervisor-1] [INFO] [1731338319.655033567] [Module_Supervisor]: ---- Supervisor: Connect to Server Module_Input.node_io_weigh Successfully ----
1731338319.6608105 [module_supervisor-1] [INFO] [1731338319.659293905] [Module_Supervisor]: ---- Supervisor: Connect to Server Module_Weigh Successfully ----
1731338319.6653056 [module_supervisor-1] [INFO] [1731338319.663899024] [Module_Supervisor]: ---- Supervisor: Connect to Server Module_Motor.node_dc_motor Successfully ----
1731338319.6700423 [module_supervisor-1] [WARN] [1731338319.668755606] [Module_Supervisor]: ----Supervisor: Sending Request to Server Module_Log_File...----
1731338319.6795406 [module_log_file-6] [INFO] [1731338319.675601497] [module_log_file]: ---- Server Module_Log_File: Receive Intialized Request: Ready ----
1731338319.6878545 [module_supervisor-1] [INFO] [1731338319.686731003] [Module_Supervisor]: ---- Supervisor: Receive Init Respond from Server Module_Log_File: OK
1731338319.6926589 [module_supervisor-1] [WARN] [1731338319.691228269] [Module_Supervisor]: ----Supervisor: Sending Request to Server Module_Scanning&Interface...----
1731338319.7751212 [node_io_weigh-3] [INFO] [1731338319.773816101] [node_io_weigh]: ---- Server Server Module_Input.node_io_weigh: Enable PIN: 1. Disable PIN: 1 ----
1731338320.0906446 [module_scanning_interface-2] [INFO] [1731338320.089612440] [module_scanning_interface]: ----  Server Module_Scanning&Interface: Connect to DB Successfully ----
1731338320.1245410 [node_io_weigh-3] [INFO] [1731338320.123715130] [node_io_weigh]: ---- Server Server Module_Input.node_io_weigh: Enable PIN: 1. Disable PIN: 1 ----
1731338320.4762518 [node_io_weigh-3] [INFO] [1731338320.475090739] [node_io_weigh]: ---- Server Server Module_Input.node_io_weigh: Enable PIN: 1. Disable PIN: 1 ----
1731338320.6589034 [module_scanning_interface-2] [INFO] [1731338320.657835388] [module_scanning_interface]: ---- Server Module_Scanning_Interfaces: Receive Intialized Request: Ready ----
1731338320.6666083 [module_supervisor-1] [INFO] [1731338320.665253040] [Module_Supervisor]: ---- Supervisor: Receive Init Respond from Server Module_Scanning&Interface: OK
1731338320.6712599 [module_supervisor-1] [WARN] [1731338320.670175846] [Module_Supervisor]: ---- Supervisor: Sending Request to Server Module_Input.node_io_weigh ---- 
1731338320.6793208 [node_io_weigh-3] [INFO] [1731338320.677752314] [node_io_weigh]: ---- Server Module_Input.node_io_weigh: Receive Intialized Request: Ready ----
1731338320.6865442 [module_supervisor-1] [INFO] [1731338320.685635395] [Module_Supervisor]: ---- Supervisor: Receive Init Respond from Server Module_Input.node_io_weigh: OK
1731338320.6946623 [module_supervisor-1] [WARN] [1731338320.689910659] [Module_Supervisor]: ---- Supervisor: Sending Request to Server Module_Weigh ---- 
1731338320.8201215 [module_weigh-4] [INFO] [1731338320.819091565] [module_weigh]: ---- Server Module_Weigh: Receive Intialized Request: Ready ----
1731338320.8298430 [node_io_weigh-3] [INFO] [1731338320.825232007] [node_io_weigh]: ---- Server Server Module_Input.node_io_weigh: Enable PIN: 1. Disable PIN: 1 ----
1731338320.8310189 [module_supervisor-1] [INFO] [1731338320.827170185] [Module_Supervisor]: ---- Supervisor: Receive Init Respond from Server Module_Weigh: OK
1731338320.8336480 [module_supervisor-1] [WARN] [1731338320.832402343] [Module_Supervisor]: ---- Supervisor: Sending Request to Server Module_Motor.node_dc_motor ---- 
1731338320.9564350 [node_dc_motor-5] [INFO] [1731338320.955477826] [node_dc_motor]: ---- Server Module_Motor.node_dc_motor: Receive Intialized Request: Ready ----
1731338320.9656038 [module_supervisor-1] [INFO] [1731338320.964456636] [Module_Supervisor]: ---- Supervisor: Receive Init Respond from Server Module_Motor.node_dc_motor: OK
1731338321.1783130 [node_io_weigh-3] [INFO] [1731338321.176990357] [node_io_weigh]: ---- Server Server Module_Input.node_io_weigh: Enable PIN: 1. Disable PIN: 1 ----
1731338321.5291498 [node_io_weigh-3] [INFO] [1731338321.527952182] [node_io_weigh]: ---- Server Server Module_Input.node_io_weigh: Enable PIN: 1. Disable PIN: 1 ----
1731338321.8759196 [node_io_weigh-3] [INFO] [1731338321.874131610] [node_io_weigh]: ---- Server Server Module_Input.node_io_weigh: Enable PIN: 1. Disable PIN: 1 ----
1731338322.2259583 [node_io_weigh-3] [INFO] [1731338322.224880006] [node_io_weigh]: ---- Server Server Module_Input.node_io_weigh: Enable PIN: 1. Disable PIN: 1 ----
1731338322.5758550 [node_io_weigh-3] [INFO] [1731338322.574775211] [node_io_weigh]: ---- Server Server Module_Input.node_io_weigh: Enable PIN: 1. Disable PIN: 1 ----
1731338322.9270408 [node_io_weigh-3] [INFO] [1731338322.923132814] [node_io_weigh]: ---- Server Server Module_Input.node_io_weigh: Enable PIN: 1. Disable PIN: 1 ----
1731338322.9763935 [module_supervisor-1] [INFO] [1731338322.969226293] [Module_Supervisor]: ---- Supervisor: Connect to Module_Scanning&Interface Successfully----
1731338322.9879360 [module_supervisor-1] [INFO] [1731338322.982767905] [Module_Supervisor]: ---- Supervisor: Connect to Module_Input.node Successfully----
1731338322.9974492 [module_supervisor-1] [INFO] [1731338322.995653125] [Module_Supervisor]: ---- Supervisor: Connect to Module_Weigh Successfully----
1731338323.0103316 [module_supervisor-1] [INFO] [1731338323.008092065] [Module_Supervisor]: ---- Supervisor: Connect to Module_Motor.node_dc_motor Successfully----
1731338323.2740500 [node_io_weigh-3] [INFO] [1731338323.273311833] [node_io_weigh]: ---- Server Server Module_Input.node_io_weigh: Enable PIN: 1. Disable PIN: 1 ----
1731338323.6315045 [node_io_weigh-3] [INFO] [1731338323.630458371] [node_io_weigh]: ---- Server Server Module_Input.node_io_weigh: Enable PIN: 1. Disable PIN: 1 ----
1731338323.9741611 [node_io_weigh-3] [INFO] [1731338323.973190125] [node_io_weigh]: ---- Server Server Module_Input.node_io_weigh: Enable PIN: 1. Disable PIN: 1 ----
1731338324.3241413 [node_io_weigh-3] [INFO] [1731338324.323413528] [node_io_weigh]: ---- Server Server Module_Input.node_io_weigh: Enable PIN: 1. Disable PIN: 1 ----
1731338324.6744456 [node_io_weigh-3] [INFO] [1731338324.673067947] [node_io_weigh]: ---- Server Server Module_Input.node_io_weigh: Enable PIN: 1. Disable PIN: 1 ----
1731338324.9685600 [module_supervisor-1] [INFO] [1731338324.967687987] [Module_Supervisor]: ---- Supervisor: Connect to Module_Scanning&Interface Successfully----
1731338324.9717150 [module_supervisor-1] [INFO] [1731338324.970726226] [Module_Supervisor]: ---- Supervisor: Connect to Module_Input.node Successfully----
1731338324.9767725 [module_supervisor-1] [INFO] [1731338324.974301301] [Module_Supervisor]: ---- Supervisor: Connect to Module_Weigh Successfully----
1731338324.9798717 [module_supervisor-1] [INFO] [1731338324.978356046] [Module_Supervisor]: ---- Supervisor: Connect to Module_Motor.node_dc_motor Successfully----
1731338325.0257273 [node_io_weigh-3] [INFO] [1731338325.024877414] [node_io_weigh]: ---- Server Server Module_Input.node_io_weigh: Enable PIN: 1. Disable PIN: 1 ----
1731338325.3737526 [node_io_weigh-3] [INFO] [1731338325.372941265] [node_io_weigh]: ---- Server Server Module_Input.node_io_weigh: Enable PIN: 1. Disable PIN: 1 ----
1731338325.7237298 [node_io_weigh-3] [INFO] [1731338325.722960368] [node_io_weigh]: ---- Server Server Module_Input.node_io_weigh: Enable PIN: 1. Disable PIN: 1 ----
1731338326.0164163 [module_scanning_interface-2] /home/tomccd/Documents/Code/Python/DATN/install/module_scanning_interface/lib/python3.12/site-packages/module_scanning_interface/module_scanning_interface.py:281: UserWarning: pandas only supports SQLAlchemy connectable (engine/connection) or database string URI or sqlite3 DBAPI2 connection. Other DBAPI2 objects are not tested. Please consider using SQLAlchemy.
1731338326.0171344 [module_scanning_interface-2]   df = pd.read_sql(sql_query,self.conn)
1731338326.0781965 [node_io_weigh-3] [INFO] [1731338326.075273538] [node_io_weigh]: ---- Server Server Module_Input.node_io_weigh: Enable PIN: 1. Disable PIN: 1 ----
1731338326.0970674 [module_scanning_interface-2] [INFO] [1731338326.096214135] [module_scanning_interface]: Data Collect: [['ABC', 'Khac']]
1731338326.3566124 [module_scanning_interface-2] /home/tomccd/Documents/Code/Python/DATN/install/module_scanning_interface/lib/python3.12/site-packages/module_scanning_interface/module_scanning_interface.py:281: UserWarning: pandas only supports SQLAlchemy connectable (engine/connection) or database string URI or sqlite3 DBAPI2 connection. Other DBAPI2 objects are not tested. Please consider using SQLAlchemy.
1731338326.3570583 [module_scanning_interface-2]   df = pd.read_sql(sql_query,self.conn)
1731338326.3746448 [module_scanning_interface-2] [INFO] [1731338326.373647037] [module_scanning_interface]: Data Collect: [['ABC', 'Khac']]
1731338326.4246430 [node_io_weigh-3] [INFO] [1731338326.423777980] [node_io_weigh]: ---- Server Server Module_Input.node_io_weigh: Enable PIN: 1. Disable PIN: 1 ----
1731338326.4687362 [module_scanning_interface-2] /home/tomccd/Documents/Code/Python/DATN/install/module_scanning_interface/lib/python3.12/site-packages/module_scanning_interface/module_scanning_interface.py:281: UserWarning: pandas only supports SQLAlchemy connectable (engine/connection) or database string URI or sqlite3 DBAPI2 connection. Other DBAPI2 objects are not tested. Please consider using SQLAlchemy.
1731338326.4691801 [module_scanning_interface-2]   df = pd.read_sql(sql_query,self.conn)
1731338326.4812353 [module_scanning_interface-2] [INFO] [1731338326.480463349] [module_scanning_interface]: Data Collect: [['ABC', 'Khac']]
1731338326.5667422 [module_scanning_interface-2] /home/tomccd/Documents/Code/Python/DATN/install/module_scanning_interface/lib/python3.12/site-packages/module_scanning_interface/module_scanning_interface.py:281: UserWarning: pandas only supports SQLAlchemy connectable (engine/connection) or database string URI or sqlite3 DBAPI2 connection. Other DBAPI2 objects are not tested. Please consider using SQLAlchemy.
1731338326.5672350 [module_scanning_interface-2]   df = pd.read_sql(sql_query,self.conn)
1731338326.5851896 [module_scanning_interface-2] [INFO] [1731338326.584218255] [module_scanning_interface]: Data Collect: [['ABC', 'Khac']]
1731338326.6718452 [module_scanning_interface-2] /home/tomccd/Documents/Code/Python/DATN/install/module_scanning_interface/lib/python3.12/site-packages/module_scanning_interface/module_scanning_interface.py:281: UserWarning: pandas only supports SQLAlchemy connectable (engine/connection) or database string URI or sqlite3 DBAPI2 connection. Other DBAPI2 objects are not tested. Please consider using SQLAlchemy.
1731338326.6722860 [module_scanning_interface-2]   df = pd.read_sql(sql_query,self.conn)
1731338326.6893294 [module_scanning_interface-2] [INFO] [1731338326.688327385] [module_scanning_interface]: Data Collect: [['ABC', 'Khac']]
1731338326.7749565 [module_scanning_interface-2] /home/tomccd/Documents/Code/Python/DATN/install/module_scanning_interface/lib/python3.12/site-packages/module_scanning_interface/module_scanning_interface.py:281: UserWarning: pandas only supports SQLAlchemy connectable (engine/connection) or database string URI or sqlite3 DBAPI2 connection. Other DBAPI2 objects are not tested. Please consider using SQLAlchemy.
1731338326.7755222 [module_scanning_interface-2]   df = pd.read_sql(sql_query,self.conn)
1731338326.7769675 [node_io_weigh-3] [INFO] [1731338326.774618862] [node_io_weigh]: ---- Server Server Module_Input.node_io_weigh: Enable PIN: 1. Disable PIN: 1 ----
1731338326.7921891 [module_scanning_interface-2] [INFO] [1731338326.790835951] [module_scanning_interface]: Data Collect: [['ABC', 'Khac']]
1731338326.8802176 [module_scanning_interface-2] /home/tomccd/Documents/Code/Python/DATN/install/module_scanning_interface/lib/python3.12/site-packages/module_scanning_interface/module_scanning_interface.py:281: UserWarning: pandas only supports SQLAlchemy connectable (engine/connection) or database string URI or sqlite3 DBAPI2 connection. Other DBAPI2 objects are not tested. Please consider using SQLAlchemy.
1731338326.8807182 [module_scanning_interface-2]   df = pd.read_sql(sql_query,self.conn)
1731338326.8952045 [module_scanning_interface-2] [INFO] [1731338326.893555555] [module_scanning_interface]: Data Collect: [['ABC', 'Khac']]
1731338326.9685652 [module_supervisor-1] [INFO] [1731338326.967678872] [Module_Supervisor]: ---- Supervisor: Connect to Module_Scanning&Interface Successfully----
1731338326.9776499 [module_supervisor-1] [INFO] [1731338326.973658183] [Module_Supervisor]: ---- Supervisor: Connect to Module_Input.node Successfully----
1731338326.9817569 [module_supervisor-1] [INFO] [1731338326.980596573] [Module_Supervisor]: ---- Supervisor: Connect to Module_Weigh Successfully----
1731338326.9862435 [module_scanning_interface-2] /home/tomccd/Documents/Code/Python/DATN/install/module_scanning_interface/lib/python3.12/site-packages/module_scanning_interface/module_scanning_interface.py:281: UserWarning: pandas only supports SQLAlchemy connectable (engine/connection) or database string URI or sqlite3 DBAPI2 connection. Other DBAPI2 objects are not tested. Please consider using SQLAlchemy.
1731338326.9872572 [module_scanning_interface-2]   df = pd.read_sql(sql_query,self.conn)
1731338326.9891920 [module_supervisor-1] [INFO] [1731338326.985961547] [Module_Supervisor]: ---- Supervisor: Connect to Module_Motor.node_dc_motor Successfully----
1731338327.0004766 [module_scanning_interface-2] [INFO] [1731338326.998745414] [module_scanning_interface]: Data Collect: [['ABC', 'Khac']]
1731338327.0912182 [module_scanning_interface-2] /home/tomccd/Documents/Code/Python/DATN/install/module_scanning_interface/lib/python3.12/site-packages/module_scanning_interface/module_scanning_interface.py:281: UserWarning: pandas only supports SQLAlchemy connectable (engine/connection) or database string URI or sqlite3 DBAPI2 connection. Other DBAPI2 objects are not tested. Please consider using SQLAlchemy.
1731338327.0918398 [module_scanning_interface-2]   df = pd.read_sql(sql_query,self.conn)
1731338327.1089461 [module_scanning_interface-2] [INFO] [1731338327.106822361] [module_scanning_interface]: Data Collect: [['ABC', 'Khac']]
1731338327.1308565 [node_io_weigh-3] [INFO] [1731338327.128487018] [node_io_weigh]: ---- Server Server Module_Input.node_io_weigh: Enable PIN: 1. Disable PIN: 1 ----
1731338327.4752257 [node_io_weigh-3] [INFO] [1731338327.473268047] [node_io_weigh]: ---- Server Server Module_Input.node_io_weigh: Enable PIN: 1. Disable PIN: 1 ----
1731338327.8261635 [node_io_weigh-3] [INFO] [1731338327.825232339] [node_io_weigh]: ---- Server Server Module_Input.node_io_weigh: Enable PIN: 1. Disable PIN: 1 ----
1731338328.1745238 [node_io_weigh-3] [INFO] [1731338328.173717110] [node_io_weigh]: ---- Server Server Module_Input.node_io_weigh: Enable PIN: 1. Disable PIN: 1 ----
1731338328.5259790 [node_io_weigh-3] [INFO] [1731338328.524711818] [node_io_weigh]: ---- Server Server Module_Input.node_io_weigh: Enable PIN: 1. Disable PIN: 1 ----
1731338328.8760474 [node_io_weigh-3] [INFO] [1731338328.873748609] [node_io_weigh]: ---- Server Server Module_Input.node_io_weigh: Enable PIN: 1. Disable PIN: 1 ----
1731338328.9701509 [module_supervisor-1] [INFO] [1731338328.969278708] [Module_Supervisor]: ---- Supervisor: Connect to Module_Scanning&Interface Successfully----
1731338328.9748380 [module_supervisor-1] [INFO] [1731338328.973708103] [Module_Supervisor]: ---- Supervisor: Connect to Module_Input.node Successfully----
1731338328.9803245 [module_supervisor-1] [INFO] [1731338328.978939299] [Module_Supervisor]: ---- Supervisor: Connect to Module_Weigh Successfully----
1731338328.9865484 [module_supervisor-1] [INFO] [1731338328.985720725] [Module_Supervisor]: ---- Supervisor: Connect to Module_Motor.node_dc_motor Successfully----
1731338329.2245724 [node_io_weigh-3] [INFO] [1731338329.223762569] [node_io_weigh]: ---- Server Server Module_Input.node_io_weigh: Enable PIN: 1. Disable PIN: 1 ----
1731338329.5801070 [node_io_weigh-3] [INFO] [1731338329.576514025] [node_io_weigh]: ---- Server Server Module_Input.node_io_weigh: Enable PIN: 1. Disable PIN: 1 ----
1731338329.9264467 [node_io_weigh-3] [INFO] [1731338329.925425385] [node_io_weigh]: ---- Server Server Module_Input.node_io_weigh: Enable PIN: 1. Disable PIN: 1 ----
1731338330.2738500 [node_io_weigh-3] [INFO] [1731338330.273006162] [node_io_weigh]: ---- Server Server Module_Input.node_io_weigh: Enable PIN: 1. Disable PIN: 1 ----
1731338330.6238406 [node_io_weigh-3] [INFO] [1731338330.623011840] [node_io_weigh]: ---- Server Server Module_Input.node_io_weigh: Enable PIN: 1. Disable PIN: 1 ----
1731338330.9741714 [node_io_weigh-3] [INFO] [1731338330.973355853] [node_io_weigh]: ---- Server Server Module_Input.node_io_weigh: Enable PIN: 1. Disable PIN: 1 ----
1731338330.9801960 [module_supervisor-1] [INFO] [1731338330.975456772] [Module_Supervisor]: ---- Supervisor: Connect to Module_Scanning&Interface Successfully----
1731338330.9833567 [module_supervisor-1] [INFO] [1731338330.980555670] [Module_Supervisor]: ---- Supervisor: Connect to Module_Input.node Successfully----
1731338330.9868829 [module_supervisor-1] [INFO] [1731338330.985900514] [Module_Supervisor]: ---- Supervisor: Connect to Module_Weigh Successfully----
1731338330.9914913 [module_supervisor-1] [INFO] [1731338330.990537484] [Module_Supervisor]: ---- Supervisor: Connect to Module_Motor.node_dc_motor Successfully----
1731338331.3246987 [node_io_weigh-3] [INFO] [1731338331.323722141] [node_io_weigh]: ---- Server Server Module_Input.node_io_weigh: Enable PIN: 1. Disable PIN: 1 ----
1731338331.6738255 [node_io_weigh-3] [INFO] [1731338331.673000682] [node_io_weigh]: ---- Server Server Module_Input.node_io_weigh: Enable PIN: 1. Disable PIN: 1 ----
1731338332.0254188 [node_io_weigh-3] [INFO] [1731338332.024155603] [node_io_weigh]: ---- Server Server Module_Input.node_io_weigh: Enable PIN: 1. Disable PIN: 1 ----
1731338332.3747983 [node_io_weigh-3] [INFO] [1731338332.373740920] [node_io_weigh]: ---- Server Server Module_Input.node_io_weigh: Enable PIN: 1. Disable PIN: 1 ----
1731338332.7239640 [node_io_weigh-3] [INFO] [1731338332.722997494] [node_io_weigh]: ---- Server Server Module_Input.node_io_weigh: Enable PIN: 0. Disable PIN: 1 ----
1731338332.7306964 [module_weigh-4] [INFO] [1731338332.728913360] [module_weigh]: ---- Server Module Weigh Receive Message: True ----
1731338332.9823389 [module_supervisor-1] [INFO] [1731338332.973568974] [Module_Supervisor]: ---- Supervisor: Connect to Module_Scanning&Interface Successfully----
1731338332.9828382 [module_supervisor-1] [INFO] [1731338332.980249788] [Module_Supervisor]: ---- Supervisor: Connect to Module_Input.node Successfully----
1731338332.9915340 [module_supervisor-1] [INFO] [1731338332.989137837] [Module_Supervisor]: ---- Supervisor: Connect to Module_Weigh Successfully----
1731338332.9981623 [module_supervisor-1] [INFO] [1731338332.997149381] [Module_Supervisor]: ---- Supervisor: Connect to Module_Motor.node_dc_motor Successfully----
1731338333.0762715 [node_io_weigh-3] [INFO] [1731338333.074264098] [node_io_weigh]: ---- Server Server Module_Input.node_io_weigh: Enable PIN: 1. Disable PIN: 1 ----
1731338333.4309196 [node_io_weigh-3] [INFO] [1731338333.430091834] [node_io_weigh]: ---- Server Server Module_Input.node_io_weigh: Enable PIN: 1. Disable PIN: 0 ----
1731338333.4417233 [module_weigh-4] [INFO] [1731338333.440158370] [module_weigh]: ---- Server Module Weigh Receive Message: False ----
1731338333.5328007 [module_weigh-4] [INFO] [1731338333.531711333] [module_weigh]: --- Server Module_Weigh Max: 27.82
1731338333.7738423 [node_io_weigh-3] [INFO] [1731338333.773070093] [node_io_weigh]: ---- Server Server Module_Input.node_io_weigh: Enable PIN: 1. Disable PIN: 1 ----
1731338334.1239095 [node_io_weigh-3] [INFO] [1731338334.123016741] [node_io_weigh]: ---- Server Server Module_Input.node_io_weigh: Enable PIN: 1. Disable PIN: 1 ----
1731338334.4740112 [node_io_weigh-3] [INFO] [1731338334.473194295] [node_io_weigh]: ---- Server Server Module_Input.node_io_weigh: Enable PIN: 1. Disable PIN: 1 ----
1731338334.8245478 [node_io_weigh-3] [INFO] [1731338334.823355238] [node_io_weigh]: ---- Server Server Module_Input.node_io_weigh: Enable PIN: 1. Disable PIN: 1 ----
1731338334.9703205 [module_supervisor-1] [INFO] [1731338334.968820604] [Module_Supervisor]: ---- Supervisor: Connect to Module_Scanning&Interface Successfully----
1731338334.9737611 [module_supervisor-1] [INFO] [1731338334.972728273] [Module_Supervisor]: ---- Supervisor: Connect to Module_Input.node Successfully----
1731338334.9783175 [module_supervisor-1] [INFO] [1731338334.977396336] [Module_Supervisor]: ---- Supervisor: Connect to Module_Weigh Successfully----
1731338334.9830868 [module_supervisor-1] [INFO] [1731338334.982061306] [Module_Supervisor]: ---- Supervisor: Connect to Module_Motor.node_dc_motor Successfully----
1731338335.1736720 [node_io_weigh-3] [INFO] [1731338335.172850268] [node_io_weigh]: ---- Server Server Module_Input.node_io_weigh: Enable PIN: 1. Disable PIN: 1 ----
1731338335.5344751 [node_io_weigh-3] [INFO] [1731338335.530877029] [node_io_weigh]: ---- Server Server Module_Input.node_io_weigh: Enable PIN: 1. Disable PIN: 1 ----
1731338335.8875189 [node_io_weigh-3] [INFO] [1731338335.885738734] [node_io_weigh]: ---- Server Server Module_Input.node_io_weigh: Enable PIN: 1. Disable PIN: 1 ----
1731338336.2237127 [node_io_weigh-3] [INFO] [1731338336.222888323] [node_io_weigh]: ---- Server Server Module_Input.node_io_weigh: Enable PIN: 1. Disable PIN: 1 ----
1731338336.5738015 [node_io_weigh-3] [INFO] [1731338336.572955111] [node_io_weigh]: ---- Server Server Module_Input.node_io_weigh: Enable PIN: 1. Disable PIN: 1 ----
1731338336.9238665 [node_io_weigh-3] [INFO] [1731338336.922939620] [node_io_weigh]: ---- Server Server Module_Input.node_io_weigh: Enable PIN: 1. Disable PIN: 1 ----
1731338336.9697845 [module_supervisor-1] [INFO] [1731338336.967935402] [Module_Supervisor]: ---- Supervisor: Connect to Module_Scanning&Interface Successfully----
1731338336.9742022 [module_supervisor-1] [INFO] [1731338336.972661112] [Module_Supervisor]: ---- Supervisor: Connect to Module_Input.node Successfully----
1731338336.9827232 [module_supervisor-1] [INFO] [1731338336.978817553] [Module_Supervisor]: ---- Supervisor: Connect to Module_Weigh Successfully----
1731338336.9861443 [module_supervisor-1] [INFO] [1731338336.985215958] [Module_Supervisor]: ---- Supervisor: Connect to Module_Motor.node_dc_motor Successfully----
1731338337.2772667 [node_io_weigh-3] [INFO] [1731338337.275517678] [node_io_weigh]: ---- Server Server Module_Input.node_io_weigh: Enable PIN: 1. Disable PIN: 1 ----
1731338337.6265211 [node_io_weigh-3] [INFO] [1731338337.625447721] [node_io_weigh]: ---- Server Server Module_Input.node_io_weigh: Enable PIN: 1. Disable PIN: 1 ----
1731338337.9778042 [node_io_weigh-3] [INFO] [1731338337.974016293] [node_io_weigh]: ---- Server Server Module_Input.node_io_weigh: Enable PIN: 1. Disable PIN: 1 ----
1731338338.3248386 [node_io_weigh-3] [INFO] [1731338338.323985389] [node_io_weigh]: ---- Server Server Module_Input.node_io_weigh: Enable PIN: 1. Disable PIN: 1 ----
1731338338.6744947 [node_io_weigh-3] [INFO] [1731338338.673706205] [node_io_weigh]: ---- Server Server Module_Input.node_io_weigh: Enable PIN: 1. Disable PIN: 1 ----
1731338338.9684894 [module_supervisor-1] [INFO] [1731338338.967567923] [Module_Supervisor]: ---- Supervisor: Connect to Module_Scanning&Interface Successfully----
1731338338.9806111 [module_supervisor-1] [INFO] [1731338338.974607479] [Module_Supervisor]: ---- Supervisor: Connect to Module_Input.node Successfully----
1731338338.9892111 [module_supervisor-1] [INFO] [1731338338.984890794] [Module_Supervisor]: ---- Supervisor: Connect to Module_Weigh Successfully----
1731338338.9964867 [module_supervisor-1] [INFO] [1731338338.993419137] [Module_Supervisor]: ---- Supervisor: Connect to Module_Motor.node_dc_motor Successfully----
1731338339.0268700 [node_io_weigh-3] [INFO] [1731338339.025922608] [node_io_weigh]: ---- Server Server Module_Input.node_io_weigh: Enable PIN: 1. Disable PIN: 1 ----
1731338339.3746626 [node_io_weigh-3] [INFO] [1731338339.373737170] [node_io_weigh]: ---- Server Server Module_Input.node_io_weigh: Enable PIN: 1. Disable PIN: 1 ----
1731338339.7247903 [node_io_weigh-3] [INFO] [1731338339.723748355] [node_io_weigh]: ---- Server Server Module_Input.node_io_weigh: Enable PIN: 1. Disable PIN: 1 ----
1731338340.0780888 [node_io_weigh-3] [INFO] [1731338340.077307280] [node_io_weigh]: ---- Server Server Module_Input.node_io_weigh: Enable PIN: 1. Disable PIN: 1 ----
1731338340.4282565 [node_io_weigh-3] [INFO] [1731338340.426693328] [node_io_weigh]: ---- Server Server Module_Input.node_io_weigh: Enable PIN: 1. Disable PIN: 1 ----
1731338340.7747986 [node_io_weigh-3] [INFO] [1731338340.773951550] [node_io_weigh]: ---- Server Server Module_Input.node_io_weigh: Enable PIN: 1. Disable PIN: 1 ----
1731338340.9712837 [module_supervisor-1] [INFO] [1731338340.970462516] [Module_Supervisor]: ---- Supervisor: Connect to Module_Scanning&Interface Successfully----
1731338340.9751432 [module_supervisor-1] [INFO] [1731338340.974004035] [Module_Supervisor]: ---- Supervisor: Connect to Module_Input.node Successfully----
1731338340.9811606 [module_supervisor-1] [INFO] [1731338340.978846598] [Module_Supervisor]: ---- Supervisor: Connect to Module_Weigh Successfully----
1731338340.9862316 [module_supervisor-1] [INFO] [1731338340.983086436] [Module_Supervisor]: ---- Supervisor: Connect to Module_Motor.node_dc_motor Successfully----
1731338341.1292288 [node_io_weigh-3] [INFO] [1731338341.126926339] [node_io_weigh]: ---- Server Server Module_Input.node_io_weigh: Enable PIN: 1. Disable PIN: 1 ----
1731338341.4769835 [node_io_weigh-3] [INFO] [1731338341.474726598] [node_io_weigh]: ---- Server Server Module_Input.node_io_weigh: Enable PIN: 1. Disable PIN: 1 ----
1731338341.8236203 [node_io_weigh-3] [INFO] [1731338341.822804302] [node_io_weigh]: ---- Server Server Module_Input.node_io_weigh: Enable PIN: 1. Disable PIN: 1 ----
1731338342.1789317 [node_io_weigh-3] [INFO] [1731338342.175850699] [node_io_weigh]: ---- Server Server Module_Input.node_io_weigh: Enable PIN: 1. Disable PIN: 1 ----
1731338342.5256648 [node_io_weigh-3] [INFO] [1731338342.523771547] [node_io_weigh]: ---- Server Server Module_Input.node_io_weigh: Enable PIN: 1. Disable PIN: 1 ----
1731338342.8862507 [node_io_weigh-3] [INFO] [1731338342.874916043] [node_io_weigh]: ---- Server Server Module_Input.node_io_weigh: Enable PIN: 1. Disable PIN: 1 ----
1731338342.9692445 [module_supervisor-1] [INFO] [1731338342.968312729] [Module_Supervisor]: ---- Supervisor: Connect to Module_Scanning&Interface Successfully----
1731338342.9734378 [module_supervisor-1] [INFO] [1731338342.972514252] [Module_Supervisor]: ---- Supervisor: Connect to Module_Input.node Successfully----
1731338342.9783585 [module_supervisor-1] [INFO] [1731338342.976853498] [Module_Supervisor]: ---- Supervisor: Connect to Module_Weigh Successfully----
1731338342.9818566 [module_supervisor-1] [INFO] [1731338342.981004890] [Module_Supervisor]: ---- Supervisor: Connect to Module_Motor.node_dc_motor Successfully----
1731338343.2249072 [node_io_weigh-3] [INFO] [1731338343.224065285] [node_io_weigh]: ---- Server Server Module_Input.node_io_weigh: Enable PIN: 1. Disable PIN: 1 ----
1731338343.5765388 [node_io_weigh-3] [INFO] [1731338343.573545731] [node_io_weigh]: ---- Server Server Module_Input.node_io_weigh: Enable PIN: 1. Disable PIN: 1 ----
1731338343.9239488 [node_io_weigh-3] [INFO] [1731338343.922930788] [node_io_weigh]: ---- Server Server Module_Input.node_io_weigh: Enable PIN: 1. Disable PIN: 1 ----
1731338344.2899358 [node_io_weigh-3] [INFO] [1731338344.281170483] [node_io_weigh]: ---- Server Server Module_Input.node_io_weigh: Enable PIN: 1. Disable PIN: 1 ----
1731338344.6357007 [node_io_weigh-3] [INFO] [1731338344.628785138] [node_io_weigh]: ---- Server Server Module_Input.node_io_weigh: Enable PIN: 1. Disable PIN: 1 ----
1731338344.9630771 [module_scanning_interface-2] [INFO] [1731338344.959318609] [module_scanning_interface]: ---- Server Module_Scanning_Interfaces: Shutdown ----
1731338345.0024729 [module_supervisor-1] [INFO] [1731338344.978966844] [Module_Supervisor]: ---- Supervisor: Connect to Module_Scanning&Interface Successfully----
1731338345.0048876 [node_io_weigh-3] [INFO] [1731338344.980801428] [node_io_weigh]: ---- Server Server Module_Input.node_io_weigh: Enable PIN: 1. Disable PIN: 1 ----
1731338345.0256557 [module_supervisor-1] [INFO] [1731338345.012802154] [Module_Supervisor]: ---- Supervisor: Connect to Module_Input.node Successfully----
1731338345.0333152 [module_supervisor-1] [INFO] [1731338345.031706385] [Module_Supervisor]: ---- Supervisor: Connect to Module_Weigh Successfully----
1731338345.0429599 [module_supervisor-1] [INFO] [1731338345.041048157] [Module_Supervisor]: ---- Supervisor: Connect to Module_Motor.node_dc_motor Successfully----
1731338345.0965514 [module_scanning_interface-2] Decoded(data=b'ABC', type='QRCODE', rect=Rect(left=369, top=218, width=54, height=55), polygon=[Point(x=369, y=257), Point(x=408, y=273), Point(x=423, y=234), Point(x=384, y=218)], quality=1, orientation='UP')
1731338345.0970960 [module_scanning_interface-2] Decoded(data=b'ABC', type='QRCODE', rect=Rect(left=401, top=203, width=61, height=61), polygon=[Point(x=401, y=247), Point(x=445, y=264), Point(x=462, y=220), Point(x=418, y=203)], quality=1, orientation='UP')
1731338345.0976095 [module_scanning_interface-2] Decoded(data=b'ABC', type='QRCODE', rect=Rect(left=406, top=197, width=62, height=62), polygon=[Point(x=406, y=242), Point(x=451, y=259), Point(x=468, y=214), Point(x=423, y=197)], quality=1, orientation='UP')
1731338345.0981584 [module_scanning_interface-2] Decoded(data=b'ABC', type='QRCODE', rect=Rect(left=404, top=182, width=63, height=63), polygon=[Point(x=404, y=229), Point(x=451, y=245), Point(x=467, y=199), Point(x=421, y=182)], quality=1, orientation='UP')
1731338345.0995471 [module_scanning_interface-2] Decoded(data=b'ABC', type='QRCODE', rect=Rect(left=403, top=183, width=63, height=63), polygon=[Point(x=403, y=229), Point(x=450, y=246), Point(x=466, y=200), Point(x=420, y=183)], quality=1, orientation='UP')
1731338345.1002753 [module_scanning_interface-2] Decoded(data=b'ABC', type='QRCODE', rect=Rect(left=399, top=184, width=62, height=63), polygon=[Point(x=399, y=230), Point(x=445, y=247), Point(x=461, y=201), Point(x=415, y=184)], quality=1, orientation='UP')
1731338345.1013250 [module_scanning_interface-2] Decoded(data=b'ABC', type='QRCODE', rect=Rect(left=397, top=181, width=64, height=64), polygon=[Point(x=397, y=228), Point(x=444, y=245), Point(x=461, y=198), Point(x=414, y=181)], quality=1, orientation='UP')
1731338345.1020653 [module_scanning_interface-2] Decoded(data=b'ABC', type='QRCODE', rect=Rect(left=401, top=183, width=63, height=63), polygon=[Point(x=401, y=230), Point(x=448, y=246), Point(x=464, y=200), Point(x=418, y=183)], quality=1, orientation='UP')
1731338345.1027782 [module_scanning_interface-2] Decoded(data=b'ABC', type='QRCODE', rect=Rect(left=408, top=187, width=62, height=62), polygon=[Point(x=408, y=232), Point(x=453, y=249), Point(x=470, y=204), Point(x=425, y=187)], quality=1, orientation='UP')
1731338345.3291109 [node_io_weigh-3] [INFO] [1731338345.326129697] [node_io_weigh]: ---- Server Server Module_Input.node_io_weigh: Enable PIN: 1. Disable PIN: 1 ----
1731338345.6763523 [node_io_weigh-3] [INFO] [1731338345.675339765] [node_io_weigh]: ---- Server Server Module_Input.node_io_weigh: Enable PIN: 1. Disable PIN: 1 ----
1731338345.7578673 [ERROR] [module_scanning_interface-2]: process has died [pid 30667, exit code 255, cmd '/home/tomccd/Documents/Code/Python/DATN/install/module_scanning_interface/lib/module_scanning_interface/module_scanning_interface --ros-args'].
1731338346.0253658 [node_io_weigh-3] [INFO] [1731338346.024665389] [node_io_weigh]: ---- Server Server Module_Input.node_io_weigh: Enable PIN: 1. Disable PIN: 1 ----
1731338346.3770947 [node_io_weigh-3] [INFO] [1731338346.376126021] [node_io_weigh]: ---- Server Server Module_Input.node_io_weigh: Enable PIN: 1. Disable PIN: 1 ----
1731338346.7267737 [node_io_weigh-3] [INFO] [1731338346.725794644] [node_io_weigh]: ---- Server Server Module_Input.node_io_weigh: Enable PIN: 1. Disable PIN: 1 ----
1731338347.0758283 [node_io_weigh-3] [INFO] [1731338347.074911837] [node_io_weigh]: ---- Server Server Module_Input.node_io_weigh: Enable PIN: 1. Disable PIN: 1 ----
1731338347.4251783 [node_io_weigh-3] [INFO] [1731338347.424432455] [node_io_weigh]: ---- Server Server Module_Input.node_io_weigh: Enable PIN: 1. Disable PIN: 1 ----
1731338347.7741225 [node_io_weigh-3] [INFO] [1731338347.773502812] [node_io_weigh]: ---- Server Server Module_Input.node_io_weigh: Enable PIN: 1. Disable PIN: 1 ----
1731338347.9732940 [module_supervisor-1] [WARN] [1731338347.972578075] [Module_Supervisor]: ---- Supervisor: Waiting to connect to server Module_Scanning&Interface ----
1731338348.1269550 [node_io_weigh-3] [INFO] [1731338348.125925741] [node_io_weigh]: ---- Server Server Module_Input.node_io_weigh: Enable PIN: 1. Disable PIN: 1 ----
1731338348.4771807 [node_io_weigh-3] [INFO] [1731338348.474477018] [node_io_weigh]: ---- Server Server Module_Input.node_io_weigh: Enable PIN: 1. Disable PIN: 1 ----
1731338348.8272505 [node_io_weigh-3] [INFO] [1731338348.826417368] [node_io_weigh]: ---- Server Server Module_Input.node_io_weigh: Enable PIN: 1. Disable PIN: 1 ----
1731338348.9802725 [module_supervisor-1] [WARN] [1731338348.979227865] [Module_Supervisor]: ---- Supervisor: Waiting to connect to server Module_Scanning&Interface ----
1731338349.1769207 [node_io_weigh-3] [INFO] [1731338349.175958223] [node_io_weigh]: ---- Server Server Module_Input.node_io_weigh: Enable PIN: 1. Disable PIN: 1 ----
1731338349.5269918 [node_io_weigh-3] [INFO] [1731338349.525899430] [node_io_weigh]: ---- Server Server Module_Input.node_io_weigh: Enable PIN: 1. Disable PIN: 1 ----
1731338349.8759072 [node_io_weigh-3] [INFO] [1731338349.875015336] [node_io_weigh]: ---- Server Server Module_Input.node_io_weigh: Enable PIN: 1. Disable PIN: 1 ----
1731338349.9875879 [module_supervisor-1] [WARN] [1731338349.986583409] [Module_Supervisor]: ---- Supervisor: Waiting to connect to server Module_Scanning&Interface ----
1731338350.2280705 [node_io_weigh-3] [INFO] [1731338350.227392831] [node_io_weigh]: ---- Server Server Module_Input.node_io_weigh: Enable PIN: 1. Disable PIN: 1 ----
1731338350.5773270 [node_io_weigh-3] [INFO] [1731338350.575881916] [node_io_weigh]: ---- Server Server Module_Input.node_io_weigh: Enable PIN: 1. Disable PIN: 1 ----
1731338350.9252400 [node_io_weigh-3] [INFO] [1731338350.924490112] [node_io_weigh]: ---- Server Server Module_Input.node_io_weigh: Enable PIN: 1. Disable PIN: 1 ----
1731338350.9933631 [module_supervisor-1] [WARN] [1731338350.992485750] [Module_Supervisor]: ---- Supervisor: Waiting to connect to server Module_Scanning&Interface ----
1731338350.9977849 [module_supervisor-1] [ERROR] [1731338350.996820347] [Module_Supervisor]: ---- Supervisor: Can't connect to Module Scanning&Interface ----
1731338351.0030556 [module_log_file-6] [INFO] [1731338350.998842561] [module_log_file]: ---- Server Module_Log_File: Creating Log File... ----
1731338351.0082769 [node_io_weigh-3] [INFO] [1731338351.005539282] [node_io_weigh]: ---- Server Module_Input.node_io_weigh: Receive Message: Terminate. Bye Bye.... ----
1731338351.0101273 [node_dc_motor-5] [INFO] [1731338351.009172819] [node_dc_motor]: ---- Server Module_Motor.node_dc_motor: Receive Message: Terminate. Bye Bye.... ----
1731338351.0143576 [module_weigh-4] [INFO] [1731338351.012104631] [module_weigh]: ---- Server Module_Weigh: Receive Message: Terminate. Bye Bye.... ----
1731338351.4802673 [ERROR] [module_supervisor-1]: process has died [pid 30666, exit code 255, cmd '/home/tomccd/Documents/Code/Python/DATN/install/module_supervisor/lib/module_supervisor/module_supervisor --ros-args'].
1731338351.5080788 [ERROR] [node_io_weigh-3]: process has died [pid 30668, exit code 255, cmd '/home/tomccd/Documents/Code/Python/DATN/install/module_input/lib/module_input/node_io_weigh --ros-args'].
1731338351.6059203 [ERROR] [module_weigh-4]: process has died [pid 30669, exit code 255, cmd '/home/tomccd/Documents/Code/Python/DATN/install/module_weigh/lib/module_weigh/module_weigh --ros-args'].
1731338351.8357115 [ERROR] [node_dc_motor-5]: process has died [pid 30670, exit code 255, cmd '/home/tomccd/Documents/Code/Python/DATN/install/module_motor/lib/module_motor/node_dc_motor --ros-args'].
