1731337904.2281675 [INFO] [launch]: All log files can be found below /home/tomccd/.ros/log/2024-11-11-22-11-44-224296-tomccd-raspberry4b-29296
1731337904.2287834 [INFO] [launch]: Default logging verbosity is set to INFO
1731337904.9427593 [INFO] [module_supervisor-1]: process started with pid [29299]
1731337904.9449062 [INFO] [module_scanning_interface-2]: process started with pid [29300]
1731337904.9469955 [INFO] [node_io_weigh-3]: process started with pid [29301]
1731337904.9481449 [INFO] [module_weigh-4]: process started with pid [29302]
1731337904.9502029 [INFO] [node_dc_motor-5]: process started with pid [29303]
1731337904.9529121 [INFO] [module_log_file-6]: process started with pid [29304]
1731337908.9736946 [module_supervisor-1] [INFO] [1731337908.970304136] [Module_Supervisor]: ---- Supervisor: Connect to Server Module_Log_File Successfully ----
1731337909.0266714 [node_io_weigh-3] [INFO] [1731337909.025101525] [node_io_weigh]: ---- Server Server Module_Input.node_io_weigh: Enable PIN: 1. Disable PIN: 1 ----
1731337909.0899782 [node_io_weigh-3] [INFO] [1731337909.087033147] [node_io_weigh]: ---- Server Server Module_Input.node_io_weigh: Enable PIN: 1. Disable PIN: 1 ----
1731337909.4370568 [node_io_weigh-3] [INFO] [1731337909.436222405] [node_io_weigh]: ---- Server Server Module_Input.node_io_weigh: Enable PIN: 1. Disable PIN: 1 ----
1731337909.7867467 [node_io_weigh-3] [INFO] [1731337909.785892892] [node_io_weigh]: ---- Server Server Module_Input.node_io_weigh: Enable PIN: 1. Disable PIN: 1 ----
1731337909.9756532 [module_supervisor-1] [WARN] [1731337909.974649939] [Module_Supervisor]: ---- Supervisor: Waiting to connect to server Module_Scanning&Interface ----
1731337910.1388872 [node_io_weigh-3] [INFO] [1731337910.137718994] [node_io_weigh]: ---- Server Server Module_Input.node_io_weigh: Enable PIN: 1. Disable PIN: 1 ----
1731337910.4867461 [node_io_weigh-3] [INFO] [1731337910.485854936] [node_io_weigh]: ---- Server Server Module_Input.node_io_weigh: Enable PIN: 1. Disable PIN: 1 ----
1731337910.8376393 [node_io_weigh-3] [INFO] [1731337910.836779615] [node_io_weigh]: ---- Server Server Module_Input.node_io_weigh: Enable PIN: 1. Disable PIN: 1 ----
1731337910.9451735 [module_scanning_interface-2] [INFO] [1731337910.944258476] [module_scanning_interface]: ----  Server Module_Scanning&Interface: Connect to DB Successfully ----
1731337910.9816031 [module_supervisor-1] [WARN] [1731337910.980438885] [Module_Supervisor]: ---- Supervisor: Waiting to connect to server Module_Scanning&Interface ----
1731337911.1888928 [node_io_weigh-3] [INFO] [1731337911.187804254] [node_io_weigh]: ---- Server Server Module_Input.node_io_weigh: Enable PIN: 1. Disable PIN: 1 ----
1731337911.2371380 [module_supervisor-1] [INFO] [1731337911.235848616] [Module_Supervisor]: ---- Supervisor: Connect to Server Module_Scanning&Interface Successfully ----
1731337911.2430310 [module_supervisor-1] [INFO] [1731337911.241617406] [Module_Supervisor]: ---- Supervisor: Connect to Server Module_Input.node_io_weigh Successfully ----
1731337911.2461607 [module_supervisor-1] [INFO] [1731337911.245227356] [Module_Supervisor]: ---- Supervisor: Connect to Server Module_Weigh Successfully ----
1731337911.2498779 [module_supervisor-1] [INFO] [1731337911.248961326] [Module_Supervisor]: ---- Supervisor: Connect to Server Module_Motor.node_dc_motor Successfully ----
1731337911.2536592 [module_supervisor-1] [WARN] [1731337911.252859280] [Module_Supervisor]: ----Supervisor: Sending Request to Server Module_Log_File...----
1731337911.2551389 [module_log_file-6] [INFO] [1731337911.253736382] [module_log_file]: ---- Server Module_Log_File: Receive Intialized Request: Ready ----
1731337911.2601898 [module_supervisor-1] [INFO] [1731337911.259349652] [Module_Supervisor]: ---- Supervisor: Receive Init Respond from Server Module_Log_File: OK
1731337911.2639122 [module_supervisor-1] [WARN] [1731337911.263063159] [Module_Supervisor]: ----Supervisor: Sending Request to Server Module_Scanning&Interface...----
1731337911.4682343 [module_scanning_interface-2] [INFO] [1731337911.467109304] [module_scanning_interface]: ---- Server Module_Scanning_Interfaces: Receive Intialized Request: Ready ----
1731337912.3147268 [module_supervisor-1] [INFO] [1731337911.473994348] [Module_Supervisor]: ---- Supervisor: Receive Init Respond from Server Module_Scanning&Interface: OK
1731337912.3152618 [module_supervisor-1] [WARN] [1731337911.478772793] [Module_Supervisor]: ---- Supervisor: Sending Request to Server Module_Input.node_io_weigh ---- 
1731337912.3158040 [module_supervisor-1] [INFO] [1731337911.492832107] [Module_Supervisor]: ---- Supervisor: Receive Init Respond from Server Module_Input.node_io_weigh: OK
1731337912.3163118 [module_supervisor-1] [WARN] [1731337911.496541650] [Module_Supervisor]: ---- Supervisor: Sending Request to Server Module_Weigh ---- 
1731337912.3167851 [module_supervisor-1] [INFO] [1731337911.620193348] [Module_Supervisor]: ---- Supervisor: Receive Init Respond from Server Module_Weigh: OK
1731337912.3171821 [module_supervisor-1] [WARN] [1731337911.627854179] [Module_Supervisor]: ---- Supervisor: Sending Request to Server Module_Motor.node_dc_motor ---- 
1731337912.3176312 [module_supervisor-1] [INFO] [1731337911.754121851] [Module_Supervisor]: ---- Supervisor: Receive Init Respond from Server Module_Motor.node_dc_motor: OK
1731337912.3187122 [node_io_weigh-3] [INFO] [1731337911.486085453] [node_io_weigh]: ---- Server Module_Input.node_io_weigh: Receive Intialized Request: Ready ----
1731337912.3191600 [node_io_weigh-3] [INFO] [1731337911.537233519] [node_io_weigh]: ---- Server Server Module_Input.node_io_weigh: Enable PIN: 1. Disable PIN: 1 ----
1731337912.3199582 [node_io_weigh-3] [INFO] [1731337911.888468286] [node_io_weigh]: ---- Server Server Module_Input.node_io_weigh: Enable PIN: 1. Disable PIN: 1 ----
1731337912.3204398 [node_io_weigh-3] [INFO] [1731337912.239231357] [node_io_weigh]: ---- Server Server Module_Input.node_io_weigh: Enable PIN: 1. Disable PIN: 1 ----
1731337912.3216107 [module_weigh-4] [INFO] [1731337911.613840958] [module_weigh]: ---- Server Module_Weigh: Receive Intialized Request: Ready ----
1731337912.3248849 [node_dc_motor-5] [INFO] [1731337911.747208937] [node_dc_motor]: ---- Server Module_Motor.node_dc_motor: Receive Intialized Request: Ready ----
1731337912.5919118 [node_io_weigh-3] [INFO] [1731337912.590166225] [node_io_weigh]: ---- Server Server Module_Input.node_io_weigh: Enable PIN: 1. Disable PIN: 1 ----
1731337912.9393625 [node_io_weigh-3] [INFO] [1731337912.937468290] [node_io_weigh]: ---- Server Server Module_Input.node_io_weigh: Enable PIN: 1. Disable PIN: 1 ----
1731337913.2874081 [node_io_weigh-3] [INFO] [1731337913.286348849] [node_io_weigh]: ---- Server Server Module_Input.node_io_weigh: Enable PIN: 1. Disable PIN: 1 ----
1731337913.6388869 [node_io_weigh-3] [INFO] [1731337913.637968124] [node_io_weigh]: ---- Server Server Module_Input.node_io_weigh: Enable PIN: 1. Disable PIN: 1 ----
1731337913.7583051 [module_supervisor-1] [INFO] [1731337913.757410896] [Module_Supervisor]: ---- Supervisor: Connect to Module_Scanning&Interface Successfully----
1731337913.7649534 [module_supervisor-1] [INFO] [1731337913.763719841] [Module_Supervisor]: ---- Supervisor: Connect to Module_Input.node Successfully----
1731337913.7722900 [module_supervisor-1] [INFO] [1731337913.767966372] [Module_Supervisor]: ---- Supervisor: Connect to Module_Weigh Successfully----
1731337913.7777383 [module_supervisor-1] [INFO] [1731337913.772213218] [Module_Supervisor]: ---- Supervisor: Connect to Module_Motor.node_dc_motor Successfully----
1731337913.9394479 [module_scanning_interface-2] /home/tomccd/Documents/Code/Python/DATN/install/module_scanning_interface/lib/python3.12/site-packages/module_scanning_interface/module_scanning_interface.py:281: UserWarning: pandas only supports SQLAlchemy connectable (engine/connection) or database string URI or sqlite3 DBAPI2 connection. Other DBAPI2 objects are not tested. Please consider using SQLAlchemy.
1731337913.9399230 [module_scanning_interface-2]   df = pd.read_sql(sql_query,self.conn)
1731337913.9900572 [node_io_weigh-3] [INFO] [1731337913.987108629] [node_io_weigh]: ---- Server Server Module_Input.node_io_weigh: Enable PIN: 1. Disable PIN: 1 ----
1731337914.0305278 [module_scanning_interface-2] [INFO] [1731337914.029486756] [module_scanning_interface]: Data Collect: [['ABC', 'Khac']]
1731337914.1236413 [module_scanning_interface-2] /home/tomccd/Documents/Code/Python/DATN/install/module_scanning_interface/lib/python3.12/site-packages/module_scanning_interface/module_scanning_interface.py:281: UserWarning: pandas only supports SQLAlchemy connectable (engine/connection) or database string URI or sqlite3 DBAPI2 connection. Other DBAPI2 objects are not tested. Please consider using SQLAlchemy.
1731337914.1244173 [module_scanning_interface-2]   df = pd.read_sql(sql_query,self.conn)
1731337914.1420047 [module_scanning_interface-2] [INFO] [1731337914.141030525] [module_scanning_interface]: Data Collect: [['ABC', 'Khac']]
1731337914.3034630 [module_scanning_interface-2] /home/tomccd/Documents/Code/Python/DATN/install/module_scanning_interface/lib/python3.12/site-packages/module_scanning_interface/module_scanning_interface.py:281: UserWarning: pandas only supports SQLAlchemy connectable (engine/connection) or database string URI or sqlite3 DBAPI2 connection. Other DBAPI2 objects are not tested. Please consider using SQLAlchemy.
1731337914.3039515 [module_scanning_interface-2]   df = pd.read_sql(sql_query,self.conn)
1731337914.3206637 [module_scanning_interface-2] [INFO] [1731337914.319634210] [module_scanning_interface]: Data Collect: [['ABC', 'Khac']]
1731337914.3401303 [node_io_weigh-3] [INFO] [1731337914.338481135] [node_io_weigh]: ---- Server Server Module_Input.node_io_weigh: Enable PIN: 1. Disable PIN: 1 ----
1731337914.4061413 [module_scanning_interface-2] /home/tomccd/Documents/Code/Python/DATN/install/module_scanning_interface/lib/python3.12/site-packages/module_scanning_interface/module_scanning_interface.py:281: UserWarning: pandas only supports SQLAlchemy connectable (engine/connection) or database string URI or sqlite3 DBAPI2 connection. Other DBAPI2 objects are not tested. Please consider using SQLAlchemy.
1731337914.4066262 [module_scanning_interface-2]   df = pd.read_sql(sql_query,self.conn)
1731337914.4230919 [module_scanning_interface-2] [INFO] [1731337914.422114411] [module_scanning_interface]: Data Collect: [['ABC', 'Khac']]
1731337914.5061104 [module_scanning_interface-2] /home/tomccd/Documents/Code/Python/DATN/install/module_scanning_interface/lib/python3.12/site-packages/module_scanning_interface/module_scanning_interface.py:281: UserWarning: pandas only supports SQLAlchemy connectable (engine/connection) or database string URI or sqlite3 DBAPI2 connection. Other DBAPI2 objects are not tested. Please consider using SQLAlchemy.
1731337914.5065930 [module_scanning_interface-2]   df = pd.read_sql(sql_query,self.conn)
1731337914.5233588 [module_scanning_interface-2] [INFO] [1731337914.522308937] [module_scanning_interface]: Data Collect: [['ABC', 'Khac']]
1731337914.6030188 [module_scanning_interface-2] /home/tomccd/Documents/Code/Python/DATN/install/module_scanning_interface/lib/python3.12/site-packages/module_scanning_interface/module_scanning_interface.py:281: UserWarning: pandas only supports SQLAlchemy connectable (engine/connection) or database string URI or sqlite3 DBAPI2 connection. Other DBAPI2 objects are not tested. Please consider using SQLAlchemy.
1731337914.6035891 [module_scanning_interface-2]   df = pd.read_sql(sql_query,self.conn)
1731337914.6193597 [module_scanning_interface-2] [INFO] [1731337914.618112929] [module_scanning_interface]: Data Collect: [['ABC', 'Khac']]
1731337914.6938851 [node_io_weigh-3] [INFO] [1731337914.690192607] [node_io_weigh]: ---- Server Server Module_Input.node_io_weigh: Enable PIN: 1. Disable PIN: 1 ----
1731337914.7018032 [module_scanning_interface-2] /home/tomccd/Documents/Code/Python/DATN/install/module_scanning_interface/lib/python3.12/site-packages/module_scanning_interface/module_scanning_interface.py:281: UserWarning: pandas only supports SQLAlchemy connectable (engine/connection) or database string URI or sqlite3 DBAPI2 connection. Other DBAPI2 objects are not tested. Please consider using SQLAlchemy.
1731337914.7025032 [module_scanning_interface-2]   df = pd.read_sql(sql_query,self.conn)
1731337914.7186494 [module_scanning_interface-2] [INFO] [1731337914.717751559] [module_scanning_interface]: Data Collect: [['ABC', 'Khac']]
1731337914.8811479 [module_scanning_interface-2] /home/tomccd/Documents/Code/Python/DATN/install/module_scanning_interface/lib/python3.12/site-packages/module_scanning_interface/module_scanning_interface.py:281: UserWarning: pandas only supports SQLAlchemy connectable (engine/connection) or database string URI or sqlite3 DBAPI2 connection. Other DBAPI2 objects are not tested. Please consider using SQLAlchemy.
1731337914.8816035 [module_scanning_interface-2]   df = pd.read_sql(sql_query,self.conn)
1731337914.8943253 [module_scanning_interface-2] [INFO] [1731337914.893454507] [module_scanning_interface]: Data Collect: [['ABC', 'Khac']]
1731337914.9785240 [module_scanning_interface-2] /home/tomccd/Documents/Code/Python/DATN/install/module_scanning_interface/lib/python3.12/site-packages/module_scanning_interface/module_scanning_interface.py:281: UserWarning: pandas only supports SQLAlchemy connectable (engine/connection) or database string URI or sqlite3 DBAPI2 connection. Other DBAPI2 objects are not tested. Please consider using SQLAlchemy.
1731337914.9789748 [module_scanning_interface-2]   df = pd.read_sql(sql_query,self.conn)
1731337914.9967110 [module_scanning_interface-2] [INFO] [1731337914.995640796] [module_scanning_interface]: Data Collect: [['ABC', 'Khac']]
1731337915.0366151 [node_io_weigh-3] [INFO] [1731337915.035820285] [node_io_weigh]: ---- Server Server Module_Input.node_io_weigh: Enable PIN: 1. Disable PIN: 1 ----
1731337915.3866251 [node_io_weigh-3] [INFO] [1731337915.385817137] [node_io_weigh]: ---- Server Server Module_Input.node_io_weigh: Enable PIN: 1. Disable PIN: 1 ----
1731337915.7389867 [node_io_weigh-3] [INFO] [1731337915.738005718] [node_io_weigh]: ---- Server Server Module_Input.node_io_weigh: Enable PIN: 1. Disable PIN: 1 ----
1731337915.7581544 [module_supervisor-1] [INFO] [1731337915.757336036] [Module_Supervisor]: ---- Supervisor: Connect to Module_Scanning&Interface Successfully----
1731337915.7609618 [module_supervisor-1] [INFO] [1731337915.760254682] [Module_Supervisor]: ---- Supervisor: Connect to Module_Input.node Successfully----
1731337915.7640967 [module_supervisor-1] [INFO] [1731337915.763225939] [Module_Supervisor]: ---- Supervisor: Connect to Module_Weigh Successfully----
1731337915.7672505 [module_supervisor-1] [INFO] [1731337915.766497606] [Module_Supervisor]: ---- Supervisor: Connect to Module_Motor.node_dc_motor Successfully----
1731337916.0872025 [node_io_weigh-3] [INFO] [1731337916.086402345] [node_io_weigh]: ---- Server Server Module_Input.node_io_weigh: Enable PIN: 1. Disable PIN: 1 ----
1731337916.4387972 [node_io_weigh-3] [INFO] [1731337916.436588099] [node_io_weigh]: ---- Server Server Module_Input.node_io_weigh: Enable PIN: 1. Disable PIN: 0 ----
1731337916.7886968 [node_io_weigh-3] [INFO] [1731337916.786932484] [node_io_weigh]: ---- Server Server Module_Input.node_io_weigh: Enable PIN: 1. Disable PIN: 0 ----
1731337917.1374876 [node_io_weigh-3] [INFO] [1731337917.136517135] [node_io_weigh]: ---- Server Server Module_Input.node_io_weigh: Enable PIN: 1. Disable PIN: 0 ----
1731337917.4867969 [node_io_weigh-3] [INFO] [1731337917.485979484] [node_io_weigh]: ---- Server Server Module_Input.node_io_weigh: Enable PIN: 1. Disable PIN: 0 ----
1731337917.7600176 [module_supervisor-1] [INFO] [1731337917.758976479] [Module_Supervisor]: ---- Supervisor: Connect to Module_Scanning&Interface Successfully----
1731337917.7646160 [module_supervisor-1] [INFO] [1731337917.763578514] [Module_Supervisor]: ---- Supervisor: Connect to Module_Input.node Successfully----
1731337917.7700567 [module_supervisor-1] [INFO] [1731337917.768204827] [Module_Supervisor]: ---- Supervisor: Connect to Module_Weigh Successfully----
1731337917.7763305 [module_supervisor-1] [INFO] [1731337917.773162830] [Module_Supervisor]: ---- Supervisor: Connect to Module_Motor.node_dc_motor Successfully----
1731337917.8369381 [node_io_weigh-3] [INFO] [1731337917.836037470] [node_io_weigh]: ---- Server Server Module_Input.node_io_weigh: Enable PIN: 1. Disable PIN: 0 ----
1731337918.1892111 [node_io_weigh-3] [INFO] [1731337918.186906349] [node_io_weigh]: ---- Server Server Module_Input.node_io_weigh: Enable PIN: 1. Disable PIN: 0 ----
1731337918.5388072 [node_io_weigh-3] [INFO] [1731337918.537596760] [node_io_weigh]: ---- Server Server Module_Input.node_io_weigh: Enable PIN: 1. Disable PIN: 0 ----
1731337918.8870351 [node_io_weigh-3] [INFO] [1731337918.886217703] [node_io_weigh]: ---- Server Server Module_Input.node_io_weigh: Enable PIN: 1. Disable PIN: 0 ----
1731337919.2366109 [node_io_weigh-3] [INFO] [1731337919.235824818] [node_io_weigh]: ---- Server Server Module_Input.node_io_weigh: Enable PIN: 1. Disable PIN: 0 ----
1731337919.5871484 [node_io_weigh-3] [INFO] [1731337919.586410887] [node_io_weigh]: ---- Server Server Module_Input.node_io_weigh: Enable PIN: 1. Disable PIN: 0 ----
1731337919.7593389 [module_supervisor-1] [INFO] [1731337919.758219622] [Module_Supervisor]: ---- Supervisor: Connect to Module_Scanning&Interface Successfully----
1731337919.7636590 [module_supervisor-1] [INFO] [1731337919.762544765] [Module_Supervisor]: ---- Supervisor: Connect to Module_Input.node Successfully----
1731337919.7706530 [module_supervisor-1] [INFO] [1731337919.767937605] [Module_Supervisor]: ---- Supervisor: Connect to Module_Weigh Successfully----
1731337919.7765865 [module_supervisor-1] [INFO] [1731337919.775694732] [Module_Supervisor]: ---- Supervisor: Connect to Module_Motor.node_dc_motor Successfully----
1731337919.9381356 [node_io_weigh-3] [INFO] [1731337919.937091605] [node_io_weigh]: ---- Server Server Module_Input.node_io_weigh: Enable PIN: 1. Disable PIN: 1 ----
1731337920.2883258 [node_io_weigh-3] [INFO] [1731337920.287213626] [node_io_weigh]: ---- Server Server Module_Input.node_io_weigh: Enable PIN: 0. Disable PIN: 1 ----
1731337920.2936957 [module_weigh-4] [INFO] [1731337920.292720115] [module_weigh]: ---- Server Module Weigh Receive Message: True ----
1731337920.6411278 [node_io_weigh-3] [INFO] [1731337920.635983481] [node_io_weigh]: ---- Server Server Module_Input.node_io_weigh: Enable PIN: 1. Disable PIN: 1 ----
1731337920.9879687 [node_io_weigh-3] [INFO] [1731337920.987094307] [node_io_weigh]: ---- Server Server Module_Input.node_io_weigh: Enable PIN: 1. Disable PIN: 0 ----
1731337920.9936111 [module_weigh-4] [INFO] [1731337920.992757966] [module_weigh]: ---- Server Module Weigh Receive Message: False ----
1731337921.0797441 [module_weigh-4] [INFO] [1731337921.078804738] [module_weigh]: --- Server Module_Weigh Max: 71.39
1731337921.1102731 [module_scanning_interface-2] [ERROR] [1731337921.106741673] [module_scanning_interface]: ---- Server Module_Scanning&Interface: Can't send weighs to DB. Error: ('42S02', "[42S02] [Microsoft][ODBC Driver 18 for SQL Server][SQL Server]Invalid object name 'Weigh_Non_Certificate'.") ----
1731337921.3369095 [node_io_weigh-3] [INFO] [1731337921.336047472] [node_io_weigh]: ---- Server Server Module_Input.node_io_weigh: Enable PIN: 1. Disable PIN: 1 ----
1731337921.6868870 [node_io_weigh-3] [INFO] [1731337921.685951388] [node_io_weigh]: ---- Server Server Module_Input.node_io_weigh: Enable PIN: 1. Disable PIN: 1 ----
1731337921.7632413 [module_supervisor-1] [INFO] [1731337921.761349334] [Module_Supervisor]: ---- Supervisor: Connect to Module_Scanning&Interface Successfully----
1731337921.7732224 [module_supervisor-1] [INFO] [1731337921.766967251] [Module_Supervisor]: ---- Supervisor: Connect to Module_Input.node Successfully----
1731337921.7776330 [module_supervisor-1] [INFO] [1731337921.776201154] [Module_Supervisor]: ---- Supervisor: Connect to Module_Weigh Successfully----
1731337921.7844973 [module_supervisor-1] [INFO] [1731337921.781823663] [Module_Supervisor]: ---- Supervisor: Connect to Module_Motor.node_dc_motor Successfully----
1731337922.0398605 [node_io_weigh-3] [INFO] [1731337922.036736388] [node_io_weigh]: ---- Server Server Module_Input.node_io_weigh: Enable PIN: 1. Disable PIN: 1 ----
1731337922.3893108 [node_io_weigh-3] [INFO] [1731337922.388543930] [node_io_weigh]: ---- Server Server Module_Input.node_io_weigh: Enable PIN: 1. Disable PIN: 1 ----
1731337922.7368295 [node_io_weigh-3] [INFO] [1731337922.735992958] [node_io_weigh]: ---- Server Server Module_Input.node_io_weigh: Enable PIN: 1. Disable PIN: 1 ----
1731337923.0881538 [node_io_weigh-3] [INFO] [1731337923.087127805] [node_io_weigh]: ---- Server Server Module_Input.node_io_weigh: Enable PIN: 1. Disable PIN: 1 ----
1731337923.4402127 [node_io_weigh-3] [INFO] [1731337923.439287917] [node_io_weigh]: ---- Server Server Module_Input.node_io_weigh: Enable PIN: 1. Disable PIN: 1 ----
1731337923.7602813 [module_supervisor-1] [INFO] [1731337923.758902192] [Module_Supervisor]: ---- Supervisor: Connect to Module_Scanning&Interface Successfully----
1731337923.7665098 [module_supervisor-1] [INFO] [1731337923.763697525] [Module_Supervisor]: ---- Supervisor: Connect to Module_Input.node Successfully----
1731337923.7720087 [module_supervisor-1] [INFO] [1731337923.770530011] [Module_Supervisor]: ---- Supervisor: Connect to Module_Weigh Successfully----
1731337923.7816114 [module_supervisor-1] [INFO] [1731337923.778779421] [Module_Supervisor]: ---- Supervisor: Connect to Module_Motor.node_dc_motor Successfully----
1731337923.7891364 [node_io_weigh-3] [INFO] [1731337923.786709790] [node_io_weigh]: ---- Server Server Module_Input.node_io_weigh: Enable PIN: 1. Disable PIN: 1 ----
1731337924.1385267 [node_io_weigh-3] [INFO] [1731337924.137256158] [node_io_weigh]: ---- Server Server Module_Input.node_io_weigh: Enable PIN: 1. Disable PIN: 1 ----
1731337924.4938574 [node_io_weigh-3] [INFO] [1731337924.492951730] [node_io_weigh]: ---- Server Server Module_Input.node_io_weigh: Enable PIN: 1. Disable PIN: 1 ----
1731337924.8379760 [node_io_weigh-3] [INFO] [1731337924.836885184] [node_io_weigh]: ---- Server Server Module_Input.node_io_weigh: Enable PIN: 1. Disable PIN: 1 ----
1731337925.1880870 [node_io_weigh-3] [INFO] [1731337925.187078762] [node_io_weigh]: ---- Server Server Module_Input.node_io_weigh: Enable PIN: 1. Disable PIN: 1 ----
1731337925.5379264 [node_io_weigh-3] [INFO] [1731337925.536257103] [node_io_weigh]: ---- Server Server Module_Input.node_io_weigh: Enable PIN: 1. Disable PIN: 1 ----
1731337925.7584548 [module_supervisor-1] [INFO] [1731337925.757587347] [Module_Supervisor]: ---- Supervisor: Connect to Module_Scanning&Interface Successfully----
1731337925.7625301 [module_supervisor-1] [INFO] [1731337925.761364798] [Module_Supervisor]: ---- Supervisor: Connect to Module_Input.node Successfully----
1731337925.7688053 [module_supervisor-1] [INFO] [1731337925.767542165] [Module_Supervisor]: ---- Supervisor: Connect to Module_Weigh Successfully----
1731337925.7799838 [module_supervisor-1] [INFO] [1731337925.772954190] [Module_Supervisor]: ---- Supervisor: Connect to Module_Motor.node_dc_motor Successfully----
1731337925.8881388 [node_io_weigh-3] [INFO] [1731337925.887346318] [node_io_weigh]: ---- Server Server Module_Input.node_io_weigh: Enable PIN: 1. Disable PIN: 1 ----
1731337926.2369549 [node_io_weigh-3] [INFO] [1731337926.236079352] [node_io_weigh]: ---- Server Server Module_Input.node_io_weigh: Enable PIN: 1. Disable PIN: 1 ----
1731337926.5870678 [node_io_weigh-3] [INFO] [1731337926.586195937] [node_io_weigh]: ---- Server Server Module_Input.node_io_weigh: Enable PIN: 1. Disable PIN: 1 ----
1731337926.9375083 [node_io_weigh-3] [INFO] [1731337926.936626932] [node_io_weigh]: ---- Server Server Module_Input.node_io_weigh: Enable PIN: 1. Disable PIN: 1 ----
1731337927.2881460 [node_io_weigh-3] [INFO] [1731337927.287278054] [node_io_weigh]: ---- Server Server Module_Input.node_io_weigh: Enable PIN: 1. Disable PIN: 1 ----
1731337927.6369662 [node_io_weigh-3] [INFO] [1731337927.636049857] [node_io_weigh]: ---- Server Server Module_Input.node_io_weigh: Enable PIN: 1. Disable PIN: 1 ----
1731337927.7610941 [module_supervisor-1] [INFO] [1731337927.760270648] [Module_Supervisor]: ---- Supervisor: Connect to Module_Scanning&Interface Successfully----
1731337927.7654691 [module_supervisor-1] [INFO] [1731337927.763772854] [Module_Supervisor]: ---- Supervisor: Connect to Module_Input.node Successfully----
1731337927.7702365 [module_supervisor-1] [INFO] [1731337927.769402456] [Module_Supervisor]: ---- Supervisor: Connect to Module_Weigh Successfully----
1731337927.7760894 [module_supervisor-1] [INFO] [1731337927.773958878] [Module_Supervisor]: ---- Supervisor: Connect to Module_Motor.node_dc_motor Successfully----
1731337927.9882319 [node_io_weigh-3] [INFO] [1731337927.987156353] [node_io_weigh]: ---- Server Server Module_Input.node_io_weigh: Enable PIN: 1. Disable PIN: 1 ----
1731337928.3387361 [node_io_weigh-3] [INFO] [1731337928.336230892] [node_io_weigh]: ---- Server Server Module_Input.node_io_weigh: Enable PIN: 1. Disable PIN: 1 ----
1731337928.6904862 [node_io_weigh-3] [INFO] [1731337928.689511887] [node_io_weigh]: ---- Server Server Module_Input.node_io_weigh: Enable PIN: 1. Disable PIN: 1 ----
1731337929.0370831 [node_io_weigh-3] [INFO] [1731337929.036217047] [node_io_weigh]: ---- Server Server Module_Input.node_io_weigh: Enable PIN: 1. Disable PIN: 1 ----
1731337929.3872900 [node_io_weigh-3] [INFO] [1731337929.386255794] [node_io_weigh]: ---- Server Server Module_Input.node_io_weigh: Enable PIN: 1. Disable PIN: 1 ----
1731337929.7405691 [node_io_weigh-3] [INFO] [1731337929.737002956] [node_io_weigh]: ---- Server Server Module_Input.node_io_weigh: Enable PIN: 1. Disable PIN: 1 ----
1731337929.7618587 [module_supervisor-1] [INFO] [1731337929.760969340] [Module_Supervisor]: ---- Supervisor: Connect to Module_Scanning&Interface Successfully----
1731337929.7663538 [module_supervisor-1] [INFO] [1731337929.765461539] [Module_Supervisor]: ---- Supervisor: Connect to Module_Input.node Successfully----
1731337929.7705314 [module_supervisor-1] [INFO] [1731337929.769764718] [Module_Supervisor]: ---- Supervisor: Connect to Module_Weigh Successfully----
1731337929.7738023 [module_supervisor-1] [INFO] [1731337929.773066200] [Module_Supervisor]: ---- Supervisor: Connect to Module_Motor.node_dc_motor Successfully----
1731337930.0868340 [node_io_weigh-3] [INFO] [1731337930.085906002] [node_io_weigh]: ---- Server Server Module_Input.node_io_weigh: Enable PIN: 1. Disable PIN: 1 ----
1731337930.4385746 [node_io_weigh-3] [INFO] [1731337930.437476611] [node_io_weigh]: ---- Server Server Module_Input.node_io_weigh: Enable PIN: 1. Disable PIN: 1 ----
1731337930.7902050 [node_io_weigh-3] [INFO] [1731337930.789283204] [node_io_weigh]: ---- Server Server Module_Input.node_io_weigh: Enable PIN: 1. Disable PIN: 1 ----
1731337931.1369605 [node_io_weigh-3] [INFO] [1731337931.136119533] [node_io_weigh]: ---- Server Server Module_Input.node_io_weigh: Enable PIN: 1. Disable PIN: 1 ----
1731337931.4866860 [node_io_weigh-3] [INFO] [1731337931.485889817] [node_io_weigh]: ---- Server Server Module_Input.node_io_weigh: Enable PIN: 1. Disable PIN: 1 ----
1731337931.7599304 [module_supervisor-1] [INFO] [1731337931.758807748] [Module_Supervisor]: ---- Supervisor: Connect to Module_Scanning&Interface Successfully----
1731337931.7645614 [module_supervisor-1] [INFO] [1731337931.762329825] [Module_Supervisor]: ---- Supervisor: Connect to Module_Input.node Successfully----
1731337931.7697275 [module_supervisor-1] [INFO] [1731337931.768289930] [Module_Supervisor]: ---- Supervisor: Connect to Module_Weigh Successfully----
1731337931.7821898 [module_supervisor-1] [INFO] [1731337931.780845331] [Module_Supervisor]: ---- Supervisor: Connect to Module_Motor.node_dc_motor Successfully----
1731337931.8392956 [node_io_weigh-3] [INFO] [1731337931.837928609] [node_io_weigh]: ---- Server Server Module_Input.node_io_weigh: Enable PIN: 1. Disable PIN: 1 ----
1731337932.1887746 [node_io_weigh-3] [INFO] [1731337932.187698648] [node_io_weigh]: ---- Server Server Module_Input.node_io_weigh: Enable PIN: 1. Disable PIN: 1 ----
1731337932.5378690 [node_io_weigh-3] [INFO] [1731337932.536767917] [node_io_weigh]: ---- Server Server Module_Input.node_io_weigh: Enable PIN: 1. Disable PIN: 1 ----
1731337932.8875499 [node_io_weigh-3] [INFO] [1731337932.886621343] [node_io_weigh]: ---- Server Server Module_Input.node_io_weigh: Enable PIN: 1. Disable PIN: 1 ----
1731337933.2376704 [node_io_weigh-3] [INFO] [1731337933.236763045] [node_io_weigh]: ---- Server Server Module_Input.node_io_weigh: Enable PIN: 1. Disable PIN: 1 ----
1731337933.5867374 [node_io_weigh-3] [INFO] [1731337933.585937512] [node_io_weigh]: ---- Server Server Module_Input.node_io_weigh: Enable PIN: 1. Disable PIN: 1 ----
1731337933.7589200 [module_supervisor-1] [INFO] [1731337933.758065421] [Module_Supervisor]: ---- Supervisor: Connect to Module_Scanning&Interface Successfully----
1731337933.7664442 [module_supervisor-1] [INFO] [1731337933.761028695] [Module_Supervisor]: ---- Supervisor: Connect to Module_Input.node Successfully----
1731337933.7678292 [module_supervisor-1] [INFO] [1731337933.764804256] [Module_Supervisor]: ---- Supervisor: Connect to Module_Weigh Successfully----
1731337933.7732236 [module_supervisor-1] [INFO] [1731337933.768148924] [Module_Supervisor]: ---- Supervisor: Connect to Module_Motor.node_dc_motor Successfully----
1731337933.9387028 [node_io_weigh-3] [INFO] [1731337933.937187502] [node_io_weigh]: ---- Server Server Module_Input.node_io_weigh: Enable PIN: 1. Disable PIN: 1 ----
1731337934.2887409 [node_io_weigh-3] [INFO] [1731337934.287781812] [node_io_weigh]: ---- Server Server Module_Input.node_io_weigh: Enable PIN: 1. Disable PIN: 1 ----
1731337934.6419179 [node_io_weigh-3] [INFO] [1731337934.637292275] [node_io_weigh]: ---- Server Server Module_Input.node_io_weigh: Enable PIN: 1. Disable PIN: 1 ----
1731337934.9885347 [node_io_weigh-3] [INFO] [1731337934.987558561] [node_io_weigh]: ---- Server Server Module_Input.node_io_weigh: Enable PIN: 1. Disable PIN: 1 ----
1731337935.3396401 [node_io_weigh-3] [INFO] [1731337935.335907337] [node_io_weigh]: ---- Server Server Module_Input.node_io_weigh: Enable PIN: 1. Disable PIN: 1 ----
1731337935.6922610 [node_io_weigh-3] [INFO] [1731337935.691440712] [node_io_weigh]: ---- Server Server Module_Input.node_io_weigh: Enable PIN: 1. Disable PIN: 1 ----
1731337935.7580860 [module_supervisor-1] [INFO] [1731337935.757277583] [Module_Supervisor]: ---- Supervisor: Connect to Module_Scanning&Interface Successfully----
1731337935.7611008 [module_supervisor-1] [INFO] [1731337935.760233487] [Module_Supervisor]: ---- Supervisor: Connect to Module_Input.node Successfully----
1731337935.7658637 [module_supervisor-1] [INFO] [1731337935.764732001] [Module_Supervisor]: ---- Supervisor: Connect to Module_Weigh Successfully----
1731337935.7716606 [module_supervisor-1] [INFO] [1731337935.769994338] [Module_Supervisor]: ---- Supervisor: Connect to Module_Motor.node_dc_motor Successfully----
1731337936.0392959 [node_io_weigh-3] [INFO] [1731337936.038538732] [node_io_weigh]: ---- Server Server Module_Input.node_io_weigh: Enable PIN: 1. Disable PIN: 1 ----
1731337936.3894098 [node_io_weigh-3] [INFO] [1731337936.387932920] [node_io_weigh]: ---- Server Server Module_Input.node_io_weigh: Enable PIN: 1. Disable PIN: 1 ----
1731337936.7209058 [module_scanning_interface-2] [INFO] [1731337936.715595511] [module_scanning_interface]: ---- Server Module_Scanning_Interfaces: Shutdown ----
1731337936.7497578 [node_io_weigh-3] [INFO] [1731337936.742482591] [node_io_weigh]: ---- Server Server Module_Input.node_io_weigh: Enable PIN: 1. Disable PIN: 1 ----
1731337936.8447237 [module_scanning_interface-2] Decoded(data=b'ABC', type='QRCODE', rect=Rect(left=369, top=195, width=59, height=58), polygon=[Point(x=369, y=250), Point(x=421, y=253), Point(x=428, y=200), Point(x=374, y=195)], quality=1, orientation='UP')
1731337936.8490059 [module_scanning_interface-2] Decoded(data=b'ABC', type='QRCODE', rect=Rect(left=368, top=200, width=61, height=59), polygon=[Point(x=368, y=257), Point(x=424, y=259), Point(x=429, y=203), Point(x=373, y=200)], quality=1, orientation='UP')
1731337936.8526015 [module_scanning_interface-2] Decoded(data=b'ABC', type='QRCODE', rect=Rect(left=367, top=222, width=61, height=59), polygon=[Point(x=367, y=279), Point(x=423, y=281), Point(x=428, y=225), Point(x=371, y=222)], quality=1, orientation='UP')
1731337936.8535354 [module_scanning_interface-2] Decoded(data=b'ABC', type='QRCODE', rect=Rect(left=366, top=225, width=60, height=59), polygon=[Point(x=366, y=282), Point(x=422, y=284), Point(x=426, y=228), Point(x=370, y=225)], quality=1, orientation='UP')
1731337936.8542924 [module_scanning_interface-2] Decoded(data=b'ABC', type='QRCODE', rect=Rect(left=359, top=222, width=60, height=59), polygon=[Point(x=359, y=277), Point(x=414, y=281), Point(x=419, y=226), Point(x=364, y=222)], quality=1, orientation='UP')
1731337936.8549757 [module_scanning_interface-2] Decoded(data=b'ABC', type='QRCODE', rect=Rect(left=350, top=217, width=57, height=57), polygon=[Point(x=350, y=271), Point(x=402, y=274), Point(x=407, y=221), Point(x=354, y=217)], quality=1, orientation='UP')
1731337936.8558638 [module_scanning_interface-2] Decoded(data=b'ABC', type='QRCODE', rect=Rect(left=346, top=215, width=56, height=57), polygon=[Point(x=346, y=268), Point(x=397, y=272), Point(x=402, y=219), Point(x=350, y=215)], quality=1, orientation='UP')
1731337936.8564355 [module_scanning_interface-2] Decoded(data=b'ABC', type='QRCODE', rect=Rect(left=351, top=220, width=58, height=55), polygon=[Point(x=351, y=273), Point(x=404, y=275), Point(x=409, y=223), Point(x=356, y=220)], quality=1, orientation='UP')
1731337936.8570931 [module_scanning_interface-2] Decoded(data=b'ABC', type='QRCODE', rect=Rect(left=363, top=224, width=59, height=57), polygon=[Point(x=363, y=278), Point(x=415, y=281), Point(x=422, y=229), Point(x=369, y=224)], quality=1, orientation='UP')
1731337937.0990994 [node_io_weigh-3] [INFO] [1731337937.094926293] [node_io_weigh]: ---- Server Server Module_Input.node_io_weigh: Enable PIN: 1. Disable PIN: 1 ----
1731337937.4381397 [node_io_weigh-3] [INFO] [1731337937.437169097] [node_io_weigh]: ---- Server Server Module_Input.node_io_weigh: Enable PIN: 1. Disable PIN: 1 ----
1731337937.5386162 [ERROR] [module_scanning_interface-2]: process has died [pid 29300, exit code 255, cmd '/home/tomccd/Documents/Code/Python/DATN/install/module_scanning_interface/lib/module_scanning_interface/module_scanning_interface --ros-args'].
1731337937.7879834 [node_io_weigh-3] [INFO] [1731337937.787294989] [node_io_weigh]: ---- Server Server Module_Input.node_io_weigh: Enable PIN: 1. Disable PIN: 1 ----
1731337938.1388156 [node_io_weigh-3] [INFO] [1731337938.137894717] [node_io_weigh]: ---- Server Server Module_Input.node_io_weigh: Enable PIN: 1. Disable PIN: 1 ----
1731337938.4900532 [node_io_weigh-3] [INFO] [1731337938.489103521] [node_io_weigh]: ---- Server Server Module_Input.node_io_weigh: Enable PIN: 1. Disable PIN: 1 ----
1731337938.7631655 [module_supervisor-1] [WARN] [1731337938.762151821] [Module_Supervisor]: ---- Supervisor: Waiting to connect to server Module_Scanning&Interface ----
1731337938.8401618 [node_io_weigh-3] [INFO] [1731337938.838990626] [node_io_weigh]: ---- Server Server Module_Input.node_io_weigh: Enable PIN: 1. Disable PIN: 1 ----
1731337939.1899447 [node_io_weigh-3] [INFO] [1731337939.188864745] [node_io_weigh]: ---- Server Server Module_Input.node_io_weigh: Enable PIN: 1. Disable PIN: 1 ----
1731337939.5393412 [node_io_weigh-3] [INFO] [1731337939.538323967] [node_io_weigh]: ---- Server Server Module_Input.node_io_weigh: Enable PIN: 1. Disable PIN: 1 ----
1731337939.7671943 [module_supervisor-1] [WARN] [1731337939.766561259] [Module_Supervisor]: ---- Supervisor: Waiting to connect to server Module_Scanning&Interface ----
1731337939.8870583 [node_io_weigh-3] [INFO] [1731337939.886436878] [node_io_weigh]: ---- Server Server Module_Input.node_io_weigh: Enable PIN: 1. Disable PIN: 1 ----
1731337940.2395186 [node_io_weigh-3] [INFO] [1731337940.238598569] [node_io_weigh]: ---- Server Server Module_Input.node_io_weigh: Enable PIN: 1. Disable PIN: 1 ----
1731337940.5877964 [node_io_weigh-3] [INFO] [1731337940.586908271] [node_io_weigh]: ---- Server Server Module_Input.node_io_weigh: Enable PIN: 1. Disable PIN: 1 ----
1731337940.7741444 [module_supervisor-1] [WARN] [1731337940.773040552] [Module_Supervisor]: ---- Supervisor: Waiting to connect to server Module_Scanning&Interface ----
1731337940.9398611 [node_io_weigh-3] [INFO] [1731337940.938973367] [node_io_weigh]: ---- Server Server Module_Input.node_io_weigh: Enable PIN: 1. Disable PIN: 1 ----
1731337941.2900484 [node_io_weigh-3] [INFO] [1731337941.289011767] [node_io_weigh]: ---- Server Server Module_Input.node_io_weigh: Enable PIN: 1. Disable PIN: 1 ----
1731337941.6382022 [node_io_weigh-3] [INFO] [1731337941.637600113] [node_io_weigh]: ---- Server Server Module_Input.node_io_weigh: Enable PIN: 1. Disable PIN: 1 ----
1731337941.7819378 [module_supervisor-1] [WARN] [1731337941.780782986] [Module_Supervisor]: ---- Supervisor: Waiting to connect to server Module_Scanning&Interface ----
1731337941.7872088 [module_supervisor-1] [ERROR] [1731337941.786123230] [Module_Supervisor]: ---- Supervisor: Can't connect to Module Scanning&Interface ----
1731337941.7931199 [module_log_file-6] [INFO] [1731337941.789951866] [module_log_file]: ---- Server Module_Log_File: Creating Log File... ----
1731337941.8071535 [node_io_weigh-3] [INFO] [1731337941.792174409] [node_io_weigh]: ---- Server Module_Input.node_io_weigh: Receive Message: Terminate. Bye Bye.... ----
1731337941.8327303 [node_dc_motor-5] [INFO] [1731337941.792941547] [node_dc_motor]: ---- Server Module_Motor.node_dc_motor: Receive Message: Terminate. Bye Bye.... ----
1731337941.8609855 [module_weigh-4] [INFO] [1731337941.801274084] [module_weigh]: ---- Server Module_Weigh: Receive Message: Terminate. Bye Bye.... ----
1731337942.3081846 [ERROR] [module_supervisor-1]: process has died [pid 29299, exit code 255, cmd '/home/tomccd/Documents/Code/Python/DATN/install/module_supervisor/lib/module_supervisor/module_supervisor --ros-args'].
1731337942.3258715 [ERROR] [node_io_weigh-3]: process has died [pid 29301, exit code 255, cmd '/home/tomccd/Documents/Code/Python/DATN/install/module_input/lib/module_input/node_io_weigh --ros-args'].
1731337942.3899372 [ERROR] [module_weigh-4]: process has died [pid 29302, exit code 255, cmd '/home/tomccd/Documents/Code/Python/DATN/install/module_weigh/lib/module_weigh/module_weigh --ros-args'].
1731337942.6332352 [ERROR] [node_dc_motor-5]: process has died [pid 29303, exit code 255, cmd '/home/tomccd/Documents/Code/Python/DATN/install/module_motor/lib/module_motor/node_dc_motor --ros-args'].
