1731759258.5991275 [INFO] [launch]: All log files can be found below /home/tomccd/.ros/log/2024-11-16-19-14-18-588025-tomccd-raspberry4b-10176
1731759258.5999594 [INFO] [launch]: Default logging verbosity is set to INFO
1731759259.5819366 [INFO] [module_supervisor-1]: process started with pid [10180]
1731759259.5826256 [INFO] [module_scanning_interface-2]: process started with pid [10181]
1731759259.5831726 [INFO] [node_dc_servo-3]: process started with pid [10182]
1731759259.5837424 [INFO] [node_io_servo-4]: process started with pid [10183]
1731759259.6044097 [INFO] [node_dc_motor-5]: process started with pid [10184]
1731759259.6051924 [INFO] [node_io_weigh-6]: process started with pid [10185]
1731759259.6059461 [INFO] [module_weigh-7]: process started with pid [10186]
1731759259.6097240 [INFO] [module_log_file-8]: process started with pid [10187]
1731759259.6178415 [INFO] [module_send_email-9]: process started with pid [10188]
1731759264.7241044 [node_io_servo-4] [INFO] [1731759264.721259832] [node_io_servo]: ---- Server Server Module_Input.node_io_servo: TBDT PIN: 1. QA PIN: 1.  Diff PIN: 1----
1731759264.9266653 [node_io_servo-4] [INFO] [1731759264.920587841] [node_io_servo]: ---- Server Server Module_Input.node_io_servo: TBDT PIN: 1. QA PIN: 1.  Diff PIN: 1----
1731759265.1435804 [module_supervisor-1] [INFO] [1731759265.142548735] [Module_Supervisor]: ---- Supervisor: Connect to Server Module_Log_File Successfully ----
1731759265.2652850 [node_io_servo-4] [INFO] [1731759265.263383680] [node_io_servo]: ---- Server Server Module_Input.node_io_servo: TBDT PIN: 1. QA PIN: 1.  Diff PIN: 1----
1731759265.3094642 [node_dc_servo-3] [INFO] [1731759265.282444978] [node_servo_motor]: ---- Server Module_Motor.node_dc_motor: Init Server ----
1731759265.6138213 [node_io_servo-4] [INFO] [1731759265.612821747] [node_io_servo]: ---- Server Server Module_Input.node_io_servo: TBDT PIN: 1. QA PIN: 1.  Diff PIN: 1----
1731759265.8695519 [node_io_weigh-6] [INFO] [1731759265.868726158] [node_io_weigh]: ---- Server Server Module_Input.node_io_weigh: Enable PIN: 1. Disable PIN: 1 ----
1731759265.9643669 [node_io_servo-4] [INFO] [1731759265.963460328] [node_io_servo]: ---- Server Server Module_Input.node_io_servo: TBDT PIN: 1. QA PIN: 1.  Diff PIN: 1----
1731759266.1131063 [node_io_weigh-6] [INFO] [1731759266.112331257] [node_io_weigh]: ---- Server Server Module_Input.node_io_weigh: Enable PIN: 1. Disable PIN: 1 ----
1731759266.1495264 [module_supervisor-1] [WARN] [1731759266.148344397] [Module_Supervisor]: ---- Supervisor: Waiting to connect to server Module_Scanning&Interface ----
1731759266.3139834 [node_io_servo-4] [INFO] [1731759266.313068523] [node_io_servo]: ---- Server Server Module_Input.node_io_servo: TBDT PIN: 1. QA PIN: 1.  Diff PIN: 1----
1731759266.4638097 [node_io_weigh-6] [INFO] [1731759266.462910435] [node_io_weigh]: ---- Server Server Module_Input.node_io_weigh: Enable PIN: 1. Disable PIN: 1 ----
1731759266.6644144 [node_io_servo-4] [INFO] [1731759266.663291745] [node_io_servo]: ---- Server Server Module_Input.node_io_servo: TBDT PIN: 1. QA PIN: 1.  Diff PIN: 1----
1731759266.8140392 [node_io_weigh-6] [INFO] [1731759266.813183545] [node_io_weigh]: ---- Server Server Module_Input.node_io_weigh: Enable PIN: 1. Disable PIN: 1 ----
1731759267.0153968 [node_io_servo-4] [INFO] [1731759267.014430561] [node_io_servo]: ---- Server Server Module_Input.node_io_servo: TBDT PIN: 1. QA PIN: 1.  Diff PIN: 1----
1731759267.1531248 [module_supervisor-1] [WARN] [1731759267.152318434] [Module_Supervisor]: ---- Supervisor: Waiting to connect to server Module_Scanning&Interface ----
1731759267.1661274 [node_io_weigh-6] [INFO] [1731759267.164574143] [node_io_weigh]: ---- Server Server Module_Input.node_io_weigh: Enable PIN: 1. Disable PIN: 1 ----
1731759267.3633232 [node_io_servo-4] [INFO] [1731759267.362454273] [node_io_servo]: ---- Server Server Module_Input.node_io_servo: TBDT PIN: 1. QA PIN: 1.  Diff PIN: 1----
1731759267.5130055 [node_io_weigh-6] [INFO] [1731759267.512240251] [node_io_weigh]: ---- Server Server Module_Input.node_io_weigh: Enable PIN: 1. Disable PIN: 1 ----
1731759267.7159476 [node_io_servo-4] [INFO] [1731759267.714653997] [node_io_servo]: ---- Server Server Module_Input.node_io_servo: TBDT PIN: 1. QA PIN: 1.  Diff PIN: 1----
1731759267.8642006 [node_io_weigh-6] [INFO] [1731759267.863223498] [node_io_weigh]: ---- Server Server Module_Input.node_io_weigh: Enable PIN: 1. Disable PIN: 1 ----
1731759268.0638018 [node_io_servo-4] [INFO] [1731759268.062744470] [node_io_servo]: ---- Server Server Module_Input.node_io_servo: TBDT PIN: 1. QA PIN: 1.  Diff PIN: 1----
1731759268.1604495 [module_supervisor-1] [WARN] [1731759268.159037536] [Module_Supervisor]: ---- Supervisor: Waiting to connect to server Module_Scanning&Interface ----
1731759268.2142994 [node_io_weigh-6] [INFO] [1731759268.213322238] [node_io_weigh]: ---- Server Server Module_Input.node_io_weigh: Enable PIN: 1. Disable PIN: 1 ----
1731759268.4149320 [node_io_servo-4] [INFO] [1731759268.413391079] [node_io_servo]: ---- Server Server Module_Input.node_io_servo: TBDT PIN: 1. QA PIN: 1.  Diff PIN: 1----
1731759268.5646298 [node_io_weigh-6] [INFO] [1731759268.563645520] [node_io_weigh]: ---- Server Server Module_Input.node_io_weigh: Enable PIN: 1. Disable PIN: 1 ----
1731759268.6663165 [module_supervisor-1] [INFO] [1731759268.665047710] [Module_Supervisor]: ---- Supervisor: Connect to Server Module_Scanning&Interface Successfully ----
1731759268.6709993 [module_supervisor-1] [INFO] [1731759268.669793656] [Module_Supervisor]: ---- Supervisor: Connect to Server Module_Input.node_io_weigh Successfully ----
1731759268.6765995 [module_supervisor-1] [INFO] [1731759268.675341717] [Module_Supervisor]: ---- Supervisor: Connect to Server Module_Weigh Successfully ----
1731759268.6806183 [module_supervisor-1] [INFO] [1731759268.679437324] [Module_Supervisor]: ---- Supervisor: Connect to Server Module_Motor.node_dc_motor Successfully ----
1731759268.6844733 [module_supervisor-1] [INFO] [1731759268.683405155] [Module_Supervisor]: ---- Supervisor: Connect to Server Module_Input.node_io_servo Successfully ----
1731759268.6885695 [module_supervisor-1] [INFO] [1731759268.687303488] [Module_Supervisor]: ---- Supervisor: Connect to Server Module_Motor.node_dc_servo Successfully ----
1731759268.6930821 [module_supervisor-1] [INFO] [1731759268.691927344] [Module_Supervisor]: ---- Supervisor: Connect to Server Module_Send_Email Successfully ----
1731759268.7637141 [node_io_servo-4] [INFO] [1731759268.762905042] [node_io_servo]: ---- Server Server Module_Input.node_io_servo: TBDT PIN: 1. QA PIN: 1.  Diff PIN: 1----
1731759268.7989464 [node_dc_motor-5] [INFO] [1731759268.797978131] [node_dc_motor]: ---- Server Module_Motor.node_dc_motor: Receive Intialized Request: Ready ----
1731759268.8104911 [module_supervisor-1] [INFO] [1731759268.809011327] [Module_Supervisor]: ---- Supervisor: Receive Init Respond from Server Module_Motor.node_dc_motor: OK
1731759268.9129574 [node_io_weigh-6] [INFO] [1731759268.912235020] [node_io_weigh]: ---- Server Server Module_Input.node_io_weigh: Enable PIN: 1. Disable PIN: 1 ----
1731759269.1048958 [module_scanning_interface-2] [INFO] [1731759269.104020654] [module_scanning_interface]: ----  Server Module_Scanning&Interface: Connect to DB Successfully ----
1731759269.1156926 [node_io_servo-4] [INFO] [1731759269.114194608] [node_io_servo]: ---- Server Server Module_Input.node_io_servo: TBDT PIN: 1. QA PIN: 1.  Diff PIN: 1----
1731759269.2679660 [node_io_weigh-6] [INFO] [1731759269.266786459] [node_io_weigh]: ---- Server Server Module_Input.node_io_weigh: Enable PIN: 1. Disable PIN: 1 ----
1731759269.4673464 [node_io_servo-4] [INFO] [1731759269.466118455] [node_io_servo]: ---- Server Server Module_Input.node_io_servo: TBDT PIN: 1. QA PIN: 1.  Diff PIN: 1----
1731759269.6141155 [node_io_weigh-6] [INFO] [1731759269.612886083] [node_io_weigh]: ---- Server Server Module_Input.node_io_weigh: Enable PIN: 1. Disable PIN: 1 ----
1731759269.8134313 [node_io_servo-4] [INFO] [1731759269.812526832] [node_io_servo]: ---- Server Server Module_Input.node_io_servo: TBDT PIN: 1. QA PIN: 1.  Diff PIN: 1----
1731759269.9659991 [node_io_weigh-6] [INFO] [1731759269.964639136] [node_io_weigh]: ---- Server Server Module_Input.node_io_weigh: Enable PIN: 1. Disable PIN: 1 ----
1731759270.1748283 [node_io_servo-4] [INFO] [1731759270.171896380] [node_io_servo]: ---- Server Server Module_Input.node_io_servo: TBDT PIN: 1. QA PIN: 1.  Diff PIN: 1----
1731759270.3170130 [node_io_weigh-6] [INFO] [1731759270.315962550] [node_io_weigh]: ---- Server Server Module_Input.node_io_weigh: Enable PIN: 1. Disable PIN: 1 ----
1731759270.5233562 [node_io_servo-4] [INFO] [1731759270.520492737] [node_io_servo]: ---- Server Server Module_Input.node_io_servo: TBDT PIN: 1. QA PIN: 1.  Diff PIN: 1----
1731759270.6653078 [node_io_weigh-6] [INFO] [1731759270.664320282] [node_io_weigh]: ---- Server Server Module_Input.node_io_weigh: Enable PIN: 1. Disable PIN: 1 ----
1731759270.8179796 [module_supervisor-1] [INFO] [1731759270.817162433] [Module_Supervisor]: ---- Supervisor: Connect to Module_Scanning&Interface Successfully----
1731759270.8218265 [module_supervisor-1] [INFO] [1731759270.820681588] [Module_Supervisor]: ---- Supervisor: Connect to Module_Input.node Successfully----
1731759270.8249283 [module_supervisor-1] [INFO] [1731759270.823952804] [Module_Supervisor]: ---- Supervisor: Connect to Module_Weigh Successfully----
1731759270.8295469 [module_supervisor-1] [INFO] [1731759270.828272166] [Module_Supervisor]: ---- Supervisor: Connect to Module_Motor.node_dc_motor Successfully----
1731759270.8361022 [module_supervisor-1] [INFO] [1731759270.833418772] [Module_Supervisor]: ---- Supervisor: Connect to Module_Input.node_io_servo Successfully----
1731759270.8416581 [module_supervisor-1] [INFO] [1731759270.840512507] [Module_Supervisor]: ---- Supervisor: Connect to Module_Send_Email Successfully----
1731759270.8651757 [node_io_servo-4] [INFO] [1731759270.864235927] [node_io_servo]: ---- Server Server Module_Input.node_io_servo: TBDT PIN: 1. QA PIN: 1.  Diff PIN: 1----
1731759271.0152261 [node_io_weigh-6] [INFO] [1731759271.013359538] [node_io_weigh]: ---- Server Server Module_Input.node_io_weigh: Enable PIN: 1. Disable PIN: 1 ----
1731759271.2160349 [node_io_servo-4] [INFO] [1731759271.214876573] [node_io_servo]: ---- Server Server Module_Input.node_io_servo: TBDT PIN: 1. QA PIN: 1.  Diff PIN: 1----
1731759271.3693285 [node_io_weigh-6] [INFO] [1731759271.368476700] [node_io_weigh]: ---- Server Server Module_Input.node_io_weigh: Enable PIN: 1. Disable PIN: 1 ----
1731759271.5653625 [node_io_servo-4] [INFO] [1731759271.563471303] [node_io_servo]: ---- Server Server Module_Input.node_io_servo: TBDT PIN: 1. QA PIN: 1.  Diff PIN: 1----
1731759271.7155969 [node_io_weigh-6] [INFO] [1731759271.713354167] [node_io_weigh]: ---- Server Server Module_Input.node_io_weigh: Enable PIN: 1. Disable PIN: 1 ----
1731759271.9150889 [node_io_servo-4] [INFO] [1731759271.913865387] [node_io_servo]: ---- Server Server Module_Input.node_io_servo: TBDT PIN: 1. QA PIN: 1.  Diff PIN: 1----
1731759272.0632956 [node_io_weigh-6] [INFO] [1731759272.062442336] [node_io_weigh]: ---- Server Server Module_Input.node_io_weigh: Enable PIN: 1. Disable PIN: 1 ----
1731759272.2633767 [node_io_servo-4] [INFO] [1731759272.262478929] [node_io_servo]: ---- Server Server Module_Input.node_io_servo: TBDT PIN: 1. QA PIN: 1.  Diff PIN: 1----
1731759272.4138324 [node_io_weigh-6] [INFO] [1731759272.413009457] [node_io_weigh]: ---- Server Server Module_Input.node_io_weigh: Enable PIN: 1. Disable PIN: 1 ----
1731759272.6145945 [node_io_servo-4] [INFO] [1731759272.613719611] [node_io_servo]: ---- Server Server Module_Input.node_io_servo: TBDT PIN: 1. QA PIN: 1.  Diff PIN: 1----
1731759272.7649393 [node_io_weigh-6] [INFO] [1731759272.763084605] [node_io_weigh]: ---- Server Server Module_Input.node_io_weigh: Enable PIN: 1. Disable PIN: 1 ----
1731759272.8136656 [module_supervisor-1] [INFO] [1731759272.812751186] [Module_Supervisor]: ---- Supervisor: Connect to Module_Scanning&Interface Successfully----
1731759272.8177595 [module_supervisor-1] [INFO] [1731759272.816233954] [Module_Supervisor]: ---- Supervisor: Connect to Module_Input.node Successfully----
1731759272.8222268 [module_supervisor-1] [INFO] [1731759272.820503947] [Module_Supervisor]: ---- Supervisor: Connect to Module_Weigh Successfully----
1731759272.8256726 [module_supervisor-1] [INFO] [1731759272.824725256] [Module_Supervisor]: ---- Supervisor: Connect to Module_Motor.node_dc_motor Successfully----
1731759272.8301048 [module_supervisor-1] [INFO] [1731759272.828598350] [Module_Supervisor]: ---- Supervisor: Connect to Module_Input.node_io_servo Successfully----
1731759272.8350146 [module_supervisor-1] [INFO] [1731759272.833687032] [Module_Supervisor]: ---- Supervisor: Connect to Module_Send_Email Successfully----
1731759272.9649832 [node_io_servo-4] [INFO] [1731759272.964000108] [node_io_servo]: ---- Server Server Module_Input.node_io_servo: TBDT PIN: 1. QA PIN: 1.  Diff PIN: 1----
1731759273.1168532 [node_io_weigh-6] [INFO] [1731759273.114786545] [node_io_weigh]: ---- Server Server Module_Input.node_io_weigh: Enable PIN: 1. Disable PIN: 1 ----
1731759273.3154862 [node_io_servo-4] [INFO] [1731759273.312466009] [node_io_servo]: ---- Server Server Module_Input.node_io_servo: TBDT PIN: 1. QA PIN: 1.  Diff PIN: 1----
1731759273.4648566 [node_io_weigh-6] [INFO] [1731759273.463826568] [node_io_weigh]: ---- Server Server Module_Input.node_io_weigh: Enable PIN: 1. Disable PIN: 1 ----
1731759273.6634805 [node_io_servo-4] [INFO] [1731759273.662547624] [node_io_servo]: ---- Server Server Module_Input.node_io_servo: TBDT PIN: 1. QA PIN: 1.  Diff PIN: 1----
1731759273.8148293 [node_io_weigh-6] [INFO] [1731759273.814009402] [node_io_weigh]: ---- Server Server Module_Input.node_io_weigh: Enable PIN: 1. Disable PIN: 1 ----
1731759274.0133040 [node_io_servo-4] [INFO] [1731759274.012401557] [node_io_servo]: ---- Server Server Module_Input.node_io_servo: TBDT PIN: 1. QA PIN: 1.  Diff PIN: 1----
1731759274.1648357 [node_io_weigh-6] [INFO] [1731759274.163899141] [node_io_weigh]: ---- Server Server Module_Input.node_io_weigh: Enable PIN: 1. Disable PIN: 1 ----
1731759274.3649073 [node_io_servo-4] [INFO] [1731759274.363982016] [node_io_servo]: ---- Server Server Module_Input.node_io_servo: TBDT PIN: 1. QA PIN: 1.  Diff PIN: 1----
1731759274.5155034 [node_io_weigh-6] [INFO] [1731759274.514608468] [node_io_weigh]: ---- Server Server Module_Input.node_io_weigh: Enable PIN: 1. Disable PIN: 1 ----
1731759274.5965993 [module_scanning_interface-2] /home/tomccd/Documents/Code/Python/DATN/install/module_scanning_interface/lib/python3.12/site-packages/module_scanning_interface/module_scanning_interface.py:329: UserWarning: pandas only supports SQLAlchemy connectable (engine/connection) or database string URI or sqlite3 DBAPI2 connection. Other DBAPI2 objects are not tested. Please consider using SQLAlchemy.
1731759274.5970869 [module_scanning_interface-2]   df = pd.read_sql(sql_query,self.conn)
1731759274.7145433 [node_io_servo-4] [INFO] [1731759274.713587790] [node_io_servo]: ---- Server Server Module_Input.node_io_servo: TBDT PIN: 1. QA PIN: 1.  Diff PIN: 1----
1731759274.7966707 [module_scanning_interface-2] [INFO] [1731759274.795802580] [module_scanning_interface]: Data Collect: [['ABCD', 'Khac']]
1731759274.8167369 [module_supervisor-1] [INFO] [1731759274.814885167] [Module_Supervisor]: ---- Supervisor: Connect to Module_Scanning&Interface Successfully----
1731759274.8217831 [module_supervisor-1] [INFO] [1731759274.820221326] [Module_Supervisor]: ---- Supervisor: Connect to Module_Input.node Successfully----
1731759274.8259034 [module_supervisor-1] [INFO] [1731759274.824815629] [Module_Supervisor]: ---- Supervisor: Connect to Module_Weigh Successfully----
1731759274.8304694 [module_supervisor-1] [INFO] [1731759274.829550484] [Module_Supervisor]: ---- Supervisor: Connect to Module_Motor.node_dc_motor Successfully----
1731759274.8359959 [module_supervisor-1] [INFO] [1731759274.835016511] [Module_Supervisor]: ---- Supervisor: Connect to Module_Input.node_io_servo Successfully----
1731759274.8401189 [module_supervisor-1] [INFO] [1731759274.839224618] [Module_Supervisor]: ---- Supervisor: Connect to Module_Send_Email Successfully----
1731759274.8658183 [node_io_weigh-6] [INFO] [1731759274.863824860] [node_io_weigh]: ---- Server Server Module_Input.node_io_weigh: Enable PIN: 1. Disable PIN: 1 ----
1731759274.8769889 [module_scanning_interface-2] /home/tomccd/Documents/Code/Python/DATN/install/module_scanning_interface/lib/python3.12/site-packages/module_scanning_interface/module_scanning_interface.py:329: UserWarning: pandas only supports SQLAlchemy connectable (engine/connection) or database string URI or sqlite3 DBAPI2 connection. Other DBAPI2 objects are not tested. Please consider using SQLAlchemy.
1731759274.8776927 [module_scanning_interface-2]   df = pd.read_sql(sql_query,self.conn)
1731759274.8946714 [module_scanning_interface-2] [INFO] [1731759274.893508581] [module_scanning_interface]: Data Collect: [['ABCD', 'Khac']]
1731759274.9687765 [module_scanning_interface-2] /home/tomccd/Documents/Code/Python/DATN/install/module_scanning_interface/lib/python3.12/site-packages/module_scanning_interface/module_scanning_interface.py:329: UserWarning: pandas only supports SQLAlchemy connectable (engine/connection) or database string URI or sqlite3 DBAPI2 connection. Other DBAPI2 objects are not tested. Please consider using SQLAlchemy.
1731759274.9692500 [module_scanning_interface-2]   df = pd.read_sql(sql_query,self.conn)
1731759274.9850633 [module_scanning_interface-2] [INFO] [1731759274.983396487] [module_scanning_interface]: Data Collect: [['ABCD', 'Khac']]
1731759275.0576820 [module_scanning_interface-2] /home/tomccd/Documents/Code/Python/DATN/install/module_scanning_interface/lib/python3.12/site-packages/module_scanning_interface/module_scanning_interface.py:329: UserWarning: pandas only supports SQLAlchemy connectable (engine/connection) or database string URI or sqlite3 DBAPI2 connection. Other DBAPI2 objects are not tested. Please consider using SQLAlchemy.
1731759275.0581932 [module_scanning_interface-2]   df = pd.read_sql(sql_query,self.conn)
1731759275.0638049 [node_io_servo-4] [INFO] [1731759275.062765353] [node_io_servo]: ---- Server Server Module_Input.node_io_servo: TBDT PIN: 1. QA PIN: 1.  Diff PIN: 1----
1731759275.0755594 [module_scanning_interface-2] [INFO] [1731759275.074244731] [module_scanning_interface]: Data Collect: [['ABCD', 'Khac']]
1731759275.1538498 [module_scanning_interface-2] /home/tomccd/Documents/Code/Python/DATN/install/module_scanning_interface/lib/python3.12/site-packages/module_scanning_interface/module_scanning_interface.py:329: UserWarning: pandas only supports SQLAlchemy connectable (engine/connection) or database string URI or sqlite3 DBAPI2 connection. Other DBAPI2 objects are not tested. Please consider using SQLAlchemy.
1731759275.1544552 [module_scanning_interface-2]   df = pd.read_sql(sql_query,self.conn)
1731759275.1709695 [module_scanning_interface-2] [INFO] [1731759275.169892312] [module_scanning_interface]: Data Collect: [['ABCD', 'Khac']]
1731759275.2135565 [node_io_weigh-6] [INFO] [1731759275.212624698] [node_io_weigh]: ---- Server Server Module_Input.node_io_weigh: Enable PIN: 1. Disable PIN: 1 ----
1731759275.2458057 [module_scanning_interface-2] /home/tomccd/Documents/Code/Python/DATN/install/module_scanning_interface/lib/python3.12/site-packages/module_scanning_interface/module_scanning_interface.py:329: UserWarning: pandas only supports SQLAlchemy connectable (engine/connection) or database string URI or sqlite3 DBAPI2 connection. Other DBAPI2 objects are not tested. Please consider using SQLAlchemy.
1731759275.2463026 [module_scanning_interface-2]   df = pd.read_sql(sql_query,self.conn)
1731759275.2653959 [module_scanning_interface-2] [INFO] [1731759275.264061606] [module_scanning_interface]: Data Collect: [['ABCD', 'Khac']]
1731759275.3397133 [module_scanning_interface-2] /home/tomccd/Documents/Code/Python/DATN/install/module_scanning_interface/lib/python3.12/site-packages/module_scanning_interface/module_scanning_interface.py:329: UserWarning: pandas only supports SQLAlchemy connectable (engine/connection) or database string URI or sqlite3 DBAPI2 connection. Other DBAPI2 objects are not tested. Please consider using SQLAlchemy.
1731759275.3403554 [module_scanning_interface-2]   df = pd.read_sql(sql_query,self.conn)
1731759275.3568487 [module_scanning_interface-2] [INFO] [1731759275.355357399] [module_scanning_interface]: Data Collect: [['ABCD', 'Khac']]
1731759275.4168513 [node_io_servo-4] [INFO] [1731759275.415828527] [node_io_servo]: ---- Server Server Module_Input.node_io_servo: TBDT PIN: 1. QA PIN: 1.  Diff PIN: 1----
1731759275.4304824 [module_scanning_interface-2] /home/tomccd/Documents/Code/Python/DATN/install/module_scanning_interface/lib/python3.12/site-packages/module_scanning_interface/module_scanning_interface.py:329: UserWarning: pandas only supports SQLAlchemy connectable (engine/connection) or database string URI or sqlite3 DBAPI2 connection. Other DBAPI2 objects are not tested. Please consider using SQLAlchemy.
1731759275.4313941 [module_scanning_interface-2]   df = pd.read_sql(sql_query,self.conn)
1731759275.4495664 [module_scanning_interface-2] [INFO] [1731759275.448603173] [module_scanning_interface]: Data Collect: [['ABCD', 'Khac']]
1731759275.5308275 [module_scanning_interface-2] /home/tomccd/Documents/Code/Python/DATN/install/module_scanning_interface/lib/python3.12/site-packages/module_scanning_interface/module_scanning_interface.py:329: UserWarning: pandas only supports SQLAlchemy connectable (engine/connection) or database string URI or sqlite3 DBAPI2 connection. Other DBAPI2 objects are not tested. Please consider using SQLAlchemy.
1731759275.5313160 [module_scanning_interface-2]   df = pd.read_sql(sql_query,self.conn)
1731759275.5515885 [module_scanning_interface-2] [INFO] [1731759275.550458379] [module_scanning_interface]: Data Collect: [['ABCD', 'Khac']]
1731759275.5659089 [node_io_weigh-6] [INFO] [1731759275.563866240] [node_io_weigh]: ---- Server Server Module_Input.node_io_weigh: Enable PIN: 1. Disable PIN: 1 ----
1731759275.6238568 [module_scanning_interface-2] /home/tomccd/Documents/Code/Python/DATN/install/module_scanning_interface/lib/python3.12/site-packages/module_scanning_interface/module_scanning_interface.py:329: UserWarning: pandas only supports SQLAlchemy connectable (engine/connection) or database string URI or sqlite3 DBAPI2 connection. Other DBAPI2 objects are not tested. Please consider using SQLAlchemy.
1731759275.6243470 [module_scanning_interface-2]   df = pd.read_sql(sql_query,self.conn)
1731759275.6381848 [module_scanning_interface-2] [INFO] [1731759275.637011446] [module_scanning_interface]: Data Collect: [['ABCD', 'Khac']]
1731759275.7167063 [module_scanning_interface-2] /home/tomccd/Documents/Code/Python/DATN/install/module_scanning_interface/lib/python3.12/site-packages/module_scanning_interface/module_scanning_interface.py:329: UserWarning: pandas only supports SQLAlchemy connectable (engine/connection) or database string URI or sqlite3 DBAPI2 connection. Other DBAPI2 objects are not tested. Please consider using SQLAlchemy.
1731759275.7171726 [module_scanning_interface-2]   df = pd.read_sql(sql_query,self.conn)
1731759275.7318678 [module_scanning_interface-2] [INFO] [1731759275.730624621] [module_scanning_interface]: Data Collect: [['ABCD', 'Khac']]
1731759275.7638073 [node_io_servo-4] [INFO] [1731759275.762778149] [node_io_servo]: ---- Server Server Module_Input.node_io_servo: TBDT PIN: 1. QA PIN: 1.  Diff PIN: 1----
1731759275.8102906 [module_scanning_interface-2] /home/tomccd/Documents/Code/Python/DATN/install/module_scanning_interface/lib/python3.12/site-packages/module_scanning_interface/module_scanning_interface.py:329: UserWarning: pandas only supports SQLAlchemy connectable (engine/connection) or database string URI or sqlite3 DBAPI2 connection. Other DBAPI2 objects are not tested. Please consider using SQLAlchemy.
1731759275.8108301 [module_scanning_interface-2]   df = pd.read_sql(sql_query,self.conn)
1731759275.8281057 [module_scanning_interface-2] [INFO] [1731759275.826919819] [module_scanning_interface]: Data Collect: [['ABCD', 'Khac']]
1731759275.9029508 [module_scanning_interface-2] /home/tomccd/Documents/Code/Python/DATN/install/module_scanning_interface/lib/python3.12/site-packages/module_scanning_interface/module_scanning_interface.py:329: UserWarning: pandas only supports SQLAlchemy connectable (engine/connection) or database string URI or sqlite3 DBAPI2 connection. Other DBAPI2 objects are not tested. Please consider using SQLAlchemy.
1731759275.9036164 [module_scanning_interface-2]   df = pd.read_sql(sql_query,self.conn)
1731759275.9178541 [node_io_weigh-6] [INFO] [1731759275.916895174] [node_io_weigh]: ---- Server Server Module_Input.node_io_weigh: Enable PIN: 1. Disable PIN: 1 ----
1731759275.9257078 [module_scanning_interface-2] [INFO] [1731759275.924786600] [module_scanning_interface]: Data Collect: [['ABCD', 'Khac']]
1731759276.1132407 [node_io_servo-4] [INFO] [1731759276.112379191] [node_io_servo]: ---- Server Server Module_Input.node_io_servo: TBDT PIN: 1. QA PIN: 1.  Diff PIN: 1----
1731759276.2649407 [node_io_weigh-6] [INFO] [1731759276.264119713] [node_io_weigh]: ---- Server Server Module_Input.node_io_weigh: Enable PIN: 1. Disable PIN: 1 ----
1731759276.4657080 [node_io_servo-4] [INFO] [1731759276.463285574] [node_io_servo]: ---- Server Server Module_Input.node_io_servo: TBDT PIN: 1. QA PIN: 1.  Diff PIN: 1----
1731759276.6159501 [node_io_weigh-6] [INFO] [1731759276.614882248] [node_io_weigh]: ---- Server Server Module_Input.node_io_weigh: Enable PIN: 1. Disable PIN: 1 ----
1731759276.8152590 [node_io_servo-4] [INFO] [1731759276.814093089] [node_io_servo]: ---- Server Server Module_Input.node_io_servo: TBDT PIN: 1. QA PIN: 1.  Diff PIN: 1----
1731759276.8164287 [module_supervisor-1] [INFO] [1731759276.814128811] [Module_Supervisor]: ---- Supervisor: Connect to Module_Scanning&Interface Successfully----
1731759276.8182392 [module_supervisor-1] [INFO] [1731759276.817352436] [Module_Supervisor]: ---- Supervisor: Connect to Module_Input.node Successfully----
1731759276.8225050 [module_supervisor-1] [INFO] [1731759276.821368768] [Module_Supervisor]: ---- Supervisor: Connect to Module_Weigh Successfully----
1731759276.8265791 [module_supervisor-1] [INFO] [1731759276.825779445] [Module_Supervisor]: ---- Supervisor: Connect to Module_Motor.node_dc_motor Successfully----
1731759276.8311036 [module_supervisor-1] [INFO] [1731759276.829513950] [Module_Supervisor]: ---- Supervisor: Connect to Module_Input.node_io_servo Successfully----
1731759276.8347325 [module_supervisor-1] [INFO] [1731759276.833698779] [Module_Supervisor]: ---- Supervisor: Connect to Module_Send_Email Successfully----
1731759276.9632947 [node_io_weigh-6] [INFO] [1731759276.962490915] [node_io_weigh]: ---- Server Server Module_Input.node_io_weigh: Enable PIN: 1. Disable PIN: 1 ----
1731759277.1657112 [node_io_servo-4] [INFO] [1731759277.164856522] [node_io_servo]: ---- Server Server Module_Input.node_io_servo: TBDT PIN: 1. QA PIN: 1.  Diff PIN: 1----
1731759277.3137758 [node_io_weigh-6] [INFO] [1731759277.312720959] [node_io_weigh]: ---- Server Server Module_Input.node_io_weigh: Enable PIN: 1. Disable PIN: 1 ----
1731759277.5137670 [node_io_servo-4] [INFO] [1731759277.512930349] [node_io_servo]: ---- Server Server Module_Input.node_io_servo: TBDT PIN: 1. QA PIN: 1.  Diff PIN: 1----
1731759277.6634507 [node_io_weigh-6] [INFO] [1731759277.662612863] [node_io_weigh]: ---- Server Server Module_Input.node_io_weigh: Enable PIN: 1. Disable PIN: 1 ----
1731759277.8657265 [node_io_servo-4] [INFO] [1731759277.864753532] [node_io_servo]: ---- Server Server Module_Input.node_io_servo: TBDT PIN: 1. QA PIN: 1.  Diff PIN: 1----
1731759278.0133889 [node_io_weigh-6] [INFO] [1731759278.012554194] [node_io_weigh]: ---- Server Server Module_Input.node_io_weigh: Enable PIN: 1. Disable PIN: 1 ----
1731759278.2275789 [node_io_servo-4] [INFO] [1731759278.220659060] [node_io_servo]: ---- Server Server Module_Input.node_io_servo: TBDT PIN: 1. QA PIN: 1.  Diff PIN: 1----
1731759278.3682442 [node_io_weigh-6] [INFO] [1731759278.364953091] [node_io_weigh]: ---- Server Server Module_Input.node_io_weigh: Enable PIN: 1. Disable PIN: 1 ----
1731759278.5653915 [node_io_servo-4] [INFO] [1731759278.564347285] [node_io_servo]: ---- Server Server Module_Input.node_io_servo: TBDT PIN: 1. QA PIN: 1.  Diff PIN: 1----
1731759278.7164483 [node_io_weigh-6] [INFO] [1731759278.715621964] [node_io_weigh]: ---- Server Server Module_Input.node_io_weigh: Enable PIN: 1. Disable PIN: 1 ----
1731759278.8144214 [module_supervisor-1] [INFO] [1731759278.813401542] [Module_Supervisor]: ---- Supervisor: Connect to Module_Scanning&Interface Successfully----
1731759278.8181028 [module_supervisor-1] [INFO] [1731759278.817006216] [Module_Supervisor]: ---- Supervisor: Connect to Module_Input.node Successfully----
1731759278.8239989 [module_supervisor-1] [INFO] [1731759278.823022086] [Module_Supervisor]: ---- Supervisor: Connect to Module_Weigh Successfully----
1731759278.8299882 [module_supervisor-1] [INFO] [1731759278.829059066] [Module_Supervisor]: ---- Supervisor: Connect to Module_Motor.node_dc_motor Successfully----
1731759278.8336844 [module_supervisor-1] [INFO] [1731759278.832780053] [Module_Supervisor]: ---- Supervisor: Connect to Module_Input.node_io_servo Successfully----
1731759278.8420241 [module_supervisor-1] [INFO] [1731759278.837488040] [Module_Supervisor]: ---- Supervisor: Connect to Module_Send_Email Successfully----
1731759278.9160194 [node_io_servo-4] [INFO] [1731759278.913694943] [node_io_servo]: ---- Server Server Module_Input.node_io_servo: TBDT PIN: 1. QA PIN: 1.  Diff PIN: 1----
1731759279.0645635 [node_io_weigh-6] [INFO] [1731759279.062897756] [node_io_weigh]: ---- Server Server Module_Input.node_io_weigh: Enable PIN: 1. Disable PIN: 1 ----
1731759279.2633982 [node_io_servo-4] [INFO] [1731759279.262564791] [node_io_servo]: ---- Server Server Module_Input.node_io_servo: TBDT PIN: 1. QA PIN: 1.  Diff PIN: 1----
1731759279.4133410 [node_io_weigh-6] [INFO] [1731759279.412439801] [node_io_weigh]: ---- Server Server Module_Input.node_io_weigh: Enable PIN: 1. Disable PIN: 1 ----
1731759279.6143231 [node_io_servo-4] [INFO] [1731759279.613355850] [node_io_servo]: ---- Server Server Module_Input.node_io_servo: TBDT PIN: 1. QA PIN: 1.  Diff PIN: 1----
1731759279.7631264 [node_io_weigh-6] [INFO] [1731759279.762364153] [node_io_weigh]: ---- Server Server Module_Input.node_io_weigh: Enable PIN: 1. Disable PIN: 1 ----
1731759279.9660363 [node_io_servo-4] [INFO] [1731759279.962955375] [node_io_servo]: ---- Server Server Module_Input.node_io_servo: TBDT PIN: 1. QA PIN: 1.  Diff PIN: 1----
1731759280.1174552 [node_io_weigh-6] [INFO] [1731759280.116361900] [node_io_weigh]: ---- Server Server Module_Input.node_io_weigh: Enable PIN: 1. Disable PIN: 1 ----
1731759280.3139696 [node_io_servo-4] [INFO] [1731759280.312859079] [node_io_servo]: ---- Server Server Module_Input.node_io_servo: TBDT PIN: 1. QA PIN: 1.  Diff PIN: 1----
1731759280.4635401 [node_io_weigh-6] [INFO] [1731759280.462712987] [node_io_weigh]: ---- Server Server Module_Input.node_io_weigh: Enable PIN: 1. Disable PIN: 1 ----
1731759280.6660233 [node_io_servo-4] [INFO] [1731759280.664320312] [node_io_servo]: ---- Server Server Module_Input.node_io_servo: TBDT PIN: 1. QA PIN: 1.  Diff PIN: 1----
1731759280.8137071 [node_io_weigh-6] [INFO] [1731759280.812595249] [node_io_weigh]: ---- Server Server Module_Input.node_io_weigh: Enable PIN: 1. Disable PIN: 1 ----
1731759280.8149576 [module_supervisor-1] [INFO] [1731759280.812692766] [Module_Supervisor]: ---- Supervisor: Connect to Module_Scanning&Interface Successfully----
1731759280.8182085 [module_supervisor-1] [INFO] [1731759280.815874115] [Module_Supervisor]: ---- Supervisor: Connect to Module_Input.node Successfully----
1731759280.8217909 [module_supervisor-1] [INFO] [1731759280.820463512] [Module_Supervisor]: ---- Supervisor: Connect to Module_Weigh Successfully----
1731759280.8269269 [module_supervisor-1] [INFO] [1731759280.825780136] [Module_Supervisor]: ---- Supervisor: Connect to Module_Motor.node_dc_motor Successfully----
1731759280.8309522 [module_supervisor-1] [INFO] [1731759280.829766730] [Module_Supervisor]: ---- Supervisor: Connect to Module_Input.node_io_servo Successfully----
1731759280.8370035 [module_supervisor-1] [INFO] [1731759280.835349682] [Module_Supervisor]: ---- Supervisor: Connect to Module_Send_Email Successfully----
1731759281.0141008 [node_io_servo-4] [INFO] [1731759281.013190705] [node_io_servo]: ---- Server Server Module_Input.node_io_servo: TBDT PIN: 1. QA PIN: 1.  Diff PIN: 1----
1731759281.1662903 [node_io_weigh-6] [INFO] [1731759281.165427504] [node_io_weigh]: ---- Server Server Module_Input.node_io_weigh: Enable PIN: 1. Disable PIN: 1 ----
1731759281.3633811 [node_io_servo-4] [INFO] [1731759281.362510369] [node_io_servo]: ---- Server Server Module_Input.node_io_servo: TBDT PIN: 1. QA PIN: 1.  Diff PIN: 1----
1731759281.5129721 [node_io_weigh-6] [INFO] [1731759281.512252121] [node_io_weigh]: ---- Server Server Module_Input.node_io_weigh: Enable PIN: 1. Disable PIN: 1 ----
1731759281.7150435 [node_io_servo-4] [INFO] [1731759281.714048788] [node_io_servo]: ---- Server Server Module_Input.node_io_servo: TBDT PIN: 1. QA PIN: 1.  Diff PIN: 1----
1731759281.8635275 [node_io_weigh-6] [INFO] [1731759281.862566655] [node_io_weigh]: ---- Server Server Module_Input.node_io_weigh: Enable PIN: 1. Disable PIN: 1 ----
1731759282.0686533 [node_io_servo-4] [INFO] [1731759282.066361011] [node_io_servo]: ---- Server Server Module_Input.node_io_servo: TBDT PIN: 1. QA PIN: 1.  Diff PIN: 1----
1731759282.2135592 [node_io_weigh-6] [INFO] [1731759282.212758407] [node_io_weigh]: ---- Server Server Module_Input.node_io_weigh: Enable PIN: 1. Disable PIN: 1 ----
1731759282.4160161 [node_io_servo-4] [INFO] [1731759282.414862488] [node_io_servo]: ---- Server Server Module_Input.node_io_servo: TBDT PIN: 1. QA PIN: 1.  Diff PIN: 1----
1731759282.5636246 [node_io_weigh-6] [INFO] [1731759282.562794707] [node_io_weigh]: ---- Server Server Module_Input.node_io_weigh: Enable PIN: 1. Disable PIN: 1 ----
1731759282.7652307 [node_io_servo-4] [INFO] [1731759282.763663774] [node_io_servo]: ---- Server Server Module_Input.node_io_servo: TBDT PIN: 1. QA PIN: 1.  Diff PIN: 1----
1731759282.8135295 [module_supervisor-1] [INFO] [1731759282.812658914] [Module_Supervisor]: ---- Supervisor: Connect to Module_Scanning&Interface Successfully----
1731759282.8169677 [module_supervisor-1] [INFO] [1731759282.816052852] [Module_Supervisor]: ---- Supervisor: Connect to Module_Input.node Successfully----
1731759282.8290906 [module_supervisor-1] [INFO] [1731759282.823115464] [Module_Supervisor]: ---- Supervisor: Connect to Module_Weigh Successfully----
1731759282.8298471 [module_supervisor-1] [INFO] [1731759282.826764656] [Module_Supervisor]: ---- Supervisor: Connect to Module_Motor.node_dc_motor Successfully----
1731759282.8374610 [module_supervisor-1] [INFO] [1731759282.834858527] [Module_Supervisor]: ---- Supervisor: Connect to Module_Input.node_io_servo Successfully----
1731759282.8455958 [module_supervisor-1] [INFO] [1731759282.843777401] [Module_Supervisor]: ---- Supervisor: Connect to Module_Send_Email Successfully----
1731759282.9131141 [node_io_weigh-6] [INFO] [1731759282.912370627] [node_io_weigh]: ---- Server Server Module_Input.node_io_weigh: Enable PIN: 1. Disable PIN: 1 ----
1731759283.1137633 [node_io_servo-4] [INFO] [1731759283.112942372] [node_io_servo]: ---- Server Server Module_Input.node_io_servo: TBDT PIN: 1. QA PIN: 1.  Diff PIN: 1----
1731759283.2634418 [node_io_weigh-6] [INFO] [1731759283.262621753] [node_io_weigh]: ---- Server Server Module_Input.node_io_weigh: Enable PIN: 1. Disable PIN: 1 ----
1731759283.4632790 [node_io_servo-4] [INFO] [1731759283.462442610] [node_io_servo]: ---- Server Server Module_Input.node_io_servo: TBDT PIN: 1. QA PIN: 1.  Diff PIN: 1----
1731759283.6148667 [node_io_weigh-6] [INFO] [1731759283.614012901] [node_io_weigh]: ---- Server Server Module_Input.node_io_weigh: Enable PIN: 1. Disable PIN: 1 ----
1731759283.8137238 [node_io_servo-4] [INFO] [1731759283.812668945] [node_io_servo]: ---- Server Server Module_Input.node_io_servo: TBDT PIN: 1. QA PIN: 1.  Diff PIN: 1----
1731759283.9630203 [node_io_weigh-6] [INFO] [1731759283.962257699] [node_io_weigh]: ---- Server Server Module_Input.node_io_weigh: Enable PIN: 1. Disable PIN: 1 ----
1731759284.1632426 [node_io_servo-4] [INFO] [1731759284.162361485] [node_io_servo]: ---- Server Server Module_Input.node_io_servo: TBDT PIN: 1. QA PIN: 1.  Diff PIN: 1----
1731759284.2095273 [module_scanning_interface-2] /home/tomccd/Documents/Code/Python/DATN/install/module_scanning_interface/lib/python3.12/site-packages/module_scanning_interface/module_scanning_interface.py:329: UserWarning: pandas only supports SQLAlchemy connectable (engine/connection) or database string URI or sqlite3 DBAPI2 connection. Other DBAPI2 objects are not tested. Please consider using SQLAlchemy.
1731759284.2099566 [module_scanning_interface-2]   df = pd.read_sql(sql_query,self.conn)
1731759284.2420349 [module_scanning_interface-2] [INFO] [1731759284.241110812] [module_scanning_interface]: Data Collect: [['ABCD', 'Khac']]
1731759284.3164573 [node_io_weigh-6] [INFO] [1731759284.314528941] [node_io_weigh]: ---- Server Server Module_Input.node_io_weigh: Enable PIN: 1. Disable PIN: 1 ----
1731759284.3193102 [module_scanning_interface-2] /home/tomccd/Documents/Code/Python/DATN/install/module_scanning_interface/lib/python3.12/site-packages/module_scanning_interface/module_scanning_interface.py:329: UserWarning: pandas only supports SQLAlchemy connectable (engine/connection) or database string URI or sqlite3 DBAPI2 connection. Other DBAPI2 objects are not tested. Please consider using SQLAlchemy.
1731759284.3198690 [module_scanning_interface-2]   df = pd.read_sql(sql_query,self.conn)
1731759284.3344061 [module_scanning_interface-2] [INFO] [1731759284.333333136] [module_scanning_interface]: Data Collect: [['ABCD', 'Khac']]
1731759284.4153035 [module_scanning_interface-2] /home/tomccd/Documents/Code/Python/DATN/install/module_scanning_interface/lib/python3.12/site-packages/module_scanning_interface/module_scanning_interface.py:329: UserWarning: pandas only supports SQLAlchemy connectable (engine/connection) or database string URI or sqlite3 DBAPI2 connection. Other DBAPI2 objects are not tested. Please consider using SQLAlchemy.
1731759284.4157438 [module_scanning_interface-2]   df = pd.read_sql(sql_query,self.conn)
1731759284.4341228 [module_scanning_interface-2] [INFO] [1731759284.432934733] [module_scanning_interface]: Data Collect: [['ABCD', 'Khac']]
1731759284.5117857 [module_scanning_interface-2] /home/tomccd/Documents/Code/Python/DATN/install/module_scanning_interface/lib/python3.12/site-packages/module_scanning_interface/module_scanning_interface.py:329: UserWarning: pandas only supports SQLAlchemy connectable (engine/connection) or database string URI or sqlite3 DBAPI2 connection. Other DBAPI2 objects are not tested. Please consider using SQLAlchemy.
1731759284.5126674 [module_scanning_interface-2]   df = pd.read_sql(sql_query,self.conn)
1731759284.5149100 [node_io_servo-4] [INFO] [1731759284.513212996] [node_io_servo]: ---- Server Server Module_Input.node_io_servo: TBDT PIN: 1. QA PIN: 1.  Diff PIN: 1----
1731759284.5272989 [module_scanning_interface-2] [INFO] [1731759284.526131835] [module_scanning_interface]: Data Collect: [['ABCD', 'Khac']]
1731759284.6113863 [module_scanning_interface-2] /home/tomccd/Documents/Code/Python/DATN/install/module_scanning_interface/lib/python3.12/site-packages/module_scanning_interface/module_scanning_interface.py:329: UserWarning: pandas only supports SQLAlchemy connectable (engine/connection) or database string URI or sqlite3 DBAPI2 connection. Other DBAPI2 objects are not tested. Please consider using SQLAlchemy.
1731759284.6118269 [module_scanning_interface-2]   df = pd.read_sql(sql_query,self.conn)
1731759284.6289296 [module_scanning_interface-2] [INFO] [1731759284.627701766] [module_scanning_interface]: Data Collect: [['ABCD', 'Khac']]
1731759284.6632240 [node_io_weigh-6] [INFO] [1731759284.662427616] [node_io_weigh]: ---- Server Server Module_Input.node_io_weigh: Enable PIN: 1. Disable PIN: 1 ----
1731759284.7065401 [module_scanning_interface-2] /home/tomccd/Documents/Code/Python/DATN/install/module_scanning_interface/lib/python3.12/site-packages/module_scanning_interface/module_scanning_interface.py:329: UserWarning: pandas only supports SQLAlchemy connectable (engine/connection) or database string URI or sqlite3 DBAPI2 connection. Other DBAPI2 objects are not tested. Please consider using SQLAlchemy.
1731759284.7070351 [module_scanning_interface-2]   df = pd.read_sql(sql_query,self.conn)
1731759284.7271132 [module_scanning_interface-2] [INFO] [1731759284.725213364] [module_scanning_interface]: Data Collect: [['ABCD', 'Khac']]
1731759284.8079147 [module_scanning_interface-2] /home/tomccd/Documents/Code/Python/DATN/install/module_scanning_interface/lib/python3.12/site-packages/module_scanning_interface/module_scanning_interface.py:329: UserWarning: pandas only supports SQLAlchemy connectable (engine/connection) or database string URI or sqlite3 DBAPI2 connection. Other DBAPI2 objects are not tested. Please consider using SQLAlchemy.
1731759284.8085036 [module_scanning_interface-2]   df = pd.read_sql(sql_query,self.conn)
1731759284.8144212 [module_supervisor-1] [INFO] [1731759284.813377187] [Module_Supervisor]: ---- Supervisor: Connect to Module_Scanning&Interface Successfully----
1731759284.8190417 [module_supervisor-1] [INFO] [1731759284.817369633] [Module_Supervisor]: ---- Supervisor: Connect to Module_Input.node Successfully----
1731759284.8263590 [module_supervisor-1] [INFO] [1731759284.824426783] [Module_Supervisor]: ---- Supervisor: Connect to Module_Weigh Successfully----
1731759284.8310046 [module_scanning_interface-2] [INFO] [1731759284.830078069] [module_scanning_interface]: Data Collect: [['ABCD', 'Khac']]
1731759284.8329051 [module_supervisor-1] [INFO] [1731759284.831176345] [Module_Supervisor]: ---- Supervisor: Connect to Module_Motor.node_dc_motor Successfully----
1731759284.8389199 [module_supervisor-1] [INFO] [1731759284.836743836] [Module_Supervisor]: ---- Supervisor: Connect to Module_Input.node_io_servo Successfully----
1731759284.8426025 [module_supervisor-1] [INFO] [1731759284.841642451] [Module_Supervisor]: ---- Supervisor: Connect to Module_Send_Email Successfully----
1731759284.8660402 [node_io_servo-4] [INFO] [1731759284.865176801] [node_io_servo]: ---- Server Server Module_Input.node_io_servo: TBDT PIN: 1. QA PIN: 1.  Diff PIN: 1----
1731759284.9108233 [module_scanning_interface-2] /home/tomccd/Documents/Code/Python/DATN/install/module_scanning_interface/lib/python3.12/site-packages/module_scanning_interface/module_scanning_interface.py:329: UserWarning: pandas only supports SQLAlchemy connectable (engine/connection) or database string URI or sqlite3 DBAPI2 connection. Other DBAPI2 objects are not tested. Please consider using SQLAlchemy.
1731759284.9112871 [module_scanning_interface-2]   df = pd.read_sql(sql_query,self.conn)
1731759284.9285898 [module_scanning_interface-2] [INFO] [1731759284.926812255] [module_scanning_interface]: Data Collect: [['ABCD', 'Khac']]
1731759285.0124285 [module_scanning_interface-2] /home/tomccd/Documents/Code/Python/DATN/install/module_scanning_interface/lib/python3.12/site-packages/module_scanning_interface/module_scanning_interface.py:329: UserWarning: pandas only supports SQLAlchemy connectable (engine/connection) or database string URI or sqlite3 DBAPI2 connection. Other DBAPI2 objects are not tested. Please consider using SQLAlchemy.
1731759285.0128829 [module_scanning_interface-2]   df = pd.read_sql(sql_query,self.conn)
1731759285.0146384 [node_io_weigh-6] [INFO] [1731759285.012894524] [node_io_weigh]: ---- Server Server Module_Input.node_io_weigh: Enable PIN: 1. Disable PIN: 1 ----
1731759285.0312908 [module_scanning_interface-2] [INFO] [1731759285.030066527] [module_scanning_interface]: Data Collect: [['ABCD', 'Khac']]
1731759285.2158585 [node_io_servo-4] [INFO] [1731759285.214733903] [node_io_servo]: ---- Server Server Module_Input.node_io_servo: TBDT PIN: 1. QA PIN: 1.  Diff PIN: 1----
1731759285.3638940 [node_io_weigh-6] [INFO] [1731759285.362786535] [node_io_weigh]: ---- Server Server Module_Input.node_io_weigh: Enable PIN: 1. Disable PIN: 1 ----
1731759285.5652432 [node_io_servo-4] [INFO] [1731759285.564179515] [node_io_servo]: ---- Server Server Module_Input.node_io_servo: TBDT PIN: 1. QA PIN: 1.  Diff PIN: 1----
1731759285.7132864 [node_io_weigh-6] [INFO] [1731759285.712467865] [node_io_weigh]: ---- Server Server Module_Input.node_io_weigh: Enable PIN: 1. Disable PIN: 1 ----
1731759285.9144621 [node_io_servo-4] [INFO] [1731759285.913497704] [node_io_servo]: ---- Server Server Module_Input.node_io_servo: TBDT PIN: 1. QA PIN: 1.  Diff PIN: 1----
1731759286.0650177 [node_io_weigh-6] [INFO] [1731759286.064000276] [node_io_weigh]: ---- Server Server Module_Input.node_io_weigh: Enable PIN: 1. Disable PIN: 1 ----
1731759286.2640343 [node_io_servo-4] [INFO] [1731759286.263119031] [node_io_servo]: ---- Server Server Module_Input.node_io_servo: TBDT PIN: 1. QA PIN: 1.  Diff PIN: 1----
1731759286.4133048 [node_io_weigh-6] [INFO] [1731759286.412419630] [node_io_weigh]: ---- Server Server Module_Input.node_io_weigh: Enable PIN: 1. Disable PIN: 1 ----
1731759286.6152804 [node_io_servo-4] [INFO] [1731759286.614358390] [node_io_servo]: ---- Server Server Module_Input.node_io_servo: TBDT PIN: 1. QA PIN: 1.  Diff PIN: 1----
1731759286.7648358 [node_io_weigh-6] [INFO] [1731759286.763846467] [node_io_weigh]: ---- Server Server Module_Input.node_io_weigh: Enable PIN: 1. Disable PIN: 1 ----
1731759286.8139229 [module_supervisor-1] [INFO] [1731759286.812887285] [Module_Supervisor]: ---- Supervisor: Connect to Module_Scanning&Interface Successfully----
1731759286.8224370 [module_supervisor-1] [INFO] [1731759286.820999398] [Module_Supervisor]: ---- Supervisor: Connect to Module_Input.node Successfully----
1731759286.8283956 [module_supervisor-1] [INFO] [1731759286.826861829] [Module_Supervisor]: ---- Supervisor: Connect to Module_Weigh Successfully----
1731759286.8375976 [module_supervisor-1] [INFO] [1731759286.836700040] [Module_Supervisor]: ---- Supervisor: Connect to Module_Motor.node_dc_motor Successfully----
1731759286.8407512 [module_supervisor-1] [INFO] [1731759286.839932185] [Module_Supervisor]: ---- Supervisor: Connect to Module_Input.node_io_servo Successfully----
1731759286.8455200 [module_supervisor-1] [INFO] [1731759286.844562380] [Module_Supervisor]: ---- Supervisor: Connect to Module_Send_Email Successfully----
1731759286.9638689 [node_io_servo-4] [INFO] [1731759286.962996833] [node_io_servo]: ---- Server Server Module_Input.node_io_servo: TBDT PIN: 1. QA PIN: 1.  Diff PIN: 1----
1731759287.1158609 [node_io_weigh-6] [INFO] [1731759287.113109646] [node_io_weigh]: ---- Server Server Module_Input.node_io_weigh: Enable PIN: 1. Disable PIN: 1 ----
1731759287.3169429 [node_io_servo-4] [INFO] [1731759287.313889012] [node_io_servo]: ---- Server Server Module_Input.node_io_servo: TBDT PIN: 1. QA PIN: 1.  Diff PIN: 1----
1731759287.4694278 [node_io_weigh-6] [INFO] [1731759287.463614779] [node_io_weigh]: ---- Server Server Module_Input.node_io_weigh: Enable PIN: 1. Disable PIN: 1 ----
1731759287.6646912 [node_io_servo-4] [INFO] [1731759287.663558585] [node_io_servo]: ---- Server Server Module_Input.node_io_servo: TBDT PIN: 1. QA PIN: 1.  Diff PIN: 1----
1731759287.8137653 [node_io_weigh-6] [INFO] [1731759287.812937988] [node_io_weigh]: ---- Server Server Module_Input.node_io_weigh: Enable PIN: 1. Disable PIN: 1 ----
1731759288.0135489 [node_io_servo-4] [INFO] [1731759288.012653411] [node_io_servo]: ---- Server Server Module_Input.node_io_servo: TBDT PIN: 1. QA PIN: 1.  Diff PIN: 1----
1731759288.1715689 [node_io_weigh-6] [INFO] [1731759288.165283060] [node_io_weigh]: ---- Server Server Module_Input.node_io_weigh: Enable PIN: 1. Disable PIN: 1 ----
1731759288.3654134 [module_scanning_interface-2] [INFO] [1731759288.363616870] [module_scanning_interface]: ---- Server Module_Scanning_Interfaces: Shutdown ----
1731759288.3704524 [node_io_servo-4] [INFO] [1731759288.363975289] [node_io_servo]: ---- Server Server Module_Input.node_io_servo: TBDT PIN: 1. QA PIN: 1.  Diff PIN: 1----
1731759288.4838083 [module_scanning_interface-2] Decoded(data=b'ABCD', type='QRCODE', rect=Rect(left=389, top=269, width=199, height=179), polygon=[Point(x=389, y=277), Point(x=403, y=441), Point(x=588, y=448), Point(x=553, y=269)], quality=1, orientation='UP')
1731759288.4844501 [module_scanning_interface-2] Decoded(data=b'ABCD', type='QRCODE', rect=Rect(left=379, top=277, width=197, height=186), polygon=[Point(x=379, y=281), Point(x=388, y=451), Point(x=576, y=463), Point(x=548, y=277)], quality=1, orientation='UP')
1731759288.4855201 [module_scanning_interface-2] Decoded(data=b'ABCD', type='QRCODE', rect=Rect(left=377, top=276, width=197, height=188), polygon=[Point(x=377, y=278), Point(x=383, y=450), Point(x=574, y=464), Point(x=549, y=276)], quality=1, orientation='UP')
1731759288.4858792 [module_scanning_interface-2] Decoded(data=b'ABCD', type='QRCODE', rect=Rect(left=370, top=259, width=196, height=191), polygon=[Point(x=370, y=259), Point(x=373, y=432), Point(x=566, y=450), Point(x=547, y=259)], quality=1, orientation='UP')
1731759288.4861238 [module_scanning_interface-2] Decoded(data=b'ABCD', type='QRCODE', rect=Rect(left=367, top=242, width=196, height=191), polygon=[Point(x=367, y=243), Point(x=368, y=416), Point(x=563, y=433), Point(x=548, y=242)], quality=1, orientation='UP')
1731759288.4864707 [module_scanning_interface-2] Decoded(data=b'ABCD', type='QRCODE', rect=Rect(left=317, top=217, width=178, height=184), polygon=[Point(x=317, y=383), Point(x=495, y=401), Point(x=495, y=220), Point(x=322, y=217)], quality=1, orientation='UP')
1731759288.4867504 [module_scanning_interface-2] Decoded(data=b'ABCD', type='QRCODE', rect=Rect(left=293, top=189, width=175, height=180), polygon=[Point(x=293, y=353), Point(x=467, y=369), Point(x=468, y=191), Point(x=299, y=189)], quality=1, orientation='UP')
1731759288.4870298 [module_scanning_interface-2] Decoded(data=b'ABCD', type='QRCODE', rect=Rect(left=269, top=159, width=170, height=170), polygon=[Point(x=269, y=318), Point(x=434, y=329), Point(x=439, y=159), Point(x=275, y=159)], quality=1, orientation='UP')
1731759288.4876201 [module_scanning_interface-2] Decoded(data=b'ABCD', type='QRCODE', rect=Rect(left=259, top=154, width=169, height=168), polygon=[Point(x=259, y=311), Point(x=421, y=322), Point(x=428, y=155), Point(x=265, y=154)], quality=1, orientation='UP')
1731759288.4880199 [module_scanning_interface-2] Decoded(data=b'ABCD', type='QRCODE', rect=Rect(left=251, top=143, width=168, height=169), polygon=[Point(x=251, y=301), Point(x=411, y=312), Point(x=419, y=146), Point(x=257, y=143)], quality=1, orientation='UP')
1731759288.4884641 [module_scanning_interface-2] Decoded(data=b'ABCD', type='QRCODE', rect=Rect(left=253, top=142, width=167, height=166), polygon=[Point(x=253, y=297), Point(x=411, y=308), Point(x=420, y=145), Point(x=260, y=142)], quality=1, orientation='UP')
1731759288.4890780 [module_scanning_interface-2] Decoded(data=b'ABCD', type='QRCODE', rect=Rect(left=260, top=147, width=167, height=166), polygon=[Point(x=260, y=302), Point(x=417, y=313), Point(x=427, y=151), Point(x=267, y=147)], quality=1, orientation='UP')
1731759288.4898672 [module_scanning_interface-2] Decoded(data=b'ABCD', type='QRCODE', rect=Rect(left=283, top=165, width=170, height=166), polygon=[Point(x=283, y=317), Point(x=442, y=331), Point(x=453, y=169), Point(x=292, y=165)], quality=1, orientation='UP')
1731759288.4903207 [module_scanning_interface-2] Decoded(data=b'ABCD', type='QRCODE', rect=Rect(left=166, top=159, width=110, height=126), polygon=[Point(x=166, y=260), Point(x=259, y=285), Point(x=276, y=175), Point(x=178, y=159)], quality=1, orientation='UP')
1731759288.4905860 [module_scanning_interface-2] Decoded(data=b'ABCD', type='QRCODE', rect=Rect(left=170, top=177, width=111, height=128), polygon=[Point(x=170, y=277), Point(x=262, y=305), Point(x=281, y=197), Point(x=183, y=177)], quality=1, orientation='UP')
1731759288.4908328 [module_scanning_interface-2] Decoded(data=b'ABCD', type='QRCODE', rect=Rect(left=165, top=183, width=113, height=131), polygon=[Point(x=165, y=282), Point(x=255, y=314), Point(x=278, y=208), Point(x=180, y=183)], quality=1, orientation='UP')
1731759288.4911308 [module_scanning_interface-2] Decoded(data=b'ABCD', type='QRCODE', rect=Rect(left=155, top=183, width=115, height=133), polygon=[Point(x=155, y=282), Point(x=244, y=316), Point(x=270, y=212), Point(x=173, y=183)], quality=1, orientation='UP')
1731759288.4959986 [module_scanning_interface-2] Decoded(data=b'ABCD', type='QRCODE', rect=Rect(left=145, top=180, width=118, height=138), polygon=[Point(x=145, y=276), Point(x=231, y=318), Point(x=263, y=218), Point(x=169, y=180)], quality=1, orientation='UP')
1731759288.5058858 [module_scanning_interface-2] Decoded(data=b'ABCD', type='QRCODE', rect=Rect(left=140, top=156, width=119, height=141), polygon=[Point(x=140, y=254), Point(x=225, y=297), Point(x=259, y=197), Point(x=165, y=156)], quality=1, orientation='UP')
1731759288.5064914 [module_scanning_interface-2] Decoded(data=b'ABCD', type='QRCODE', rect=Rect(left=123, top=117, width=117, height=143), polygon=[Point(x=123, y=219), Point(x=209, y=260), Point(x=240, y=155), Point(x=145, y=117)], quality=1, orientation='UP')
1731759288.5068429 [module_scanning_interface-2] Decoded(data=b'ABCD', type='QRCODE', rect=Rect(left=113, top=92, width=111, height=138), polygon=[Point(x=113, y=195), Point(x=198, y=230), Point(x=224, y=124), Point(x=132, y=92)], quality=1, orientation='UP')
1731759288.5070729 [module_scanning_interface-2] Decoded(data=b'ABCD', type='QRCODE', rect=Rect(left=99, top=75, width=112, height=140), polygon=[Point(x=99, y=182), Point(x=187, y=215), Point(x=211, y=105), Point(x=115, y=75)], quality=1, orientation='UP')
1731759288.5270720 [node_io_weigh-6] [INFO] [1731759288.520182096] [node_io_weigh]: ---- Server Server Module_Input.node_io_weigh: Enable PIN: 1. Disable PIN: 1 ----
1731759288.7251961 [node_io_servo-4] [INFO] [1731759288.719871290] [node_io_servo]: ---- Server Server Module_Input.node_io_servo: TBDT PIN: 1. QA PIN: 1.  Diff PIN: 1----
1731759288.8703425 [node_io_weigh-6] [INFO] [1731759288.868807820] [node_io_weigh]: ---- Server Server Module_Input.node_io_weigh: Enable PIN: 1. Disable PIN: 1 ----
1731759289.0634522 [node_io_servo-4] [INFO] [1731759289.062594104] [node_io_servo]: ---- Server Server Module_Input.node_io_servo: TBDT PIN: 1. QA PIN: 1.  Diff PIN: 1----
1731759289.2125247 [ERROR] [module_scanning_interface-2]: process has died [pid 10181, exit code 255, cmd '/home/tomccd/Documents/Code/Python/DATN/install/module_scanning_interface/lib/module_scanning_interface/module_scanning_interface --ros-args'].
1731759289.2142901 [node_io_weigh-6] [INFO] [1731759289.213460534] [node_io_weigh]: ---- Server Server Module_Input.node_io_weigh: Enable PIN: 1. Disable PIN: 1 ----
1731759289.4155929 [node_io_servo-4] [INFO] [1731759289.414671803] [node_io_servo]: ---- Server Server Module_Input.node_io_servo: TBDT PIN: 1. QA PIN: 1.  Diff PIN: 1----
1731759289.5659001 [node_io_weigh-6] [INFO] [1731759289.564473401] [node_io_weigh]: ---- Server Server Module_Input.node_io_weigh: Enable PIN: 1. Disable PIN: 1 ----
1731759289.7660813 [node_io_servo-4] [INFO] [1731759289.765256178] [node_io_servo]: ---- Server Server Module_Input.node_io_servo: TBDT PIN: 1. QA PIN: 1.  Diff PIN: 1----
1731759289.8170650 [module_supervisor-1] [WARN] [1731759289.816171341] [Module_Supervisor]: ---- Supervisor: Waiting to connect to server Module_Scanning&Interface ----
1731759289.9151039 [node_io_weigh-6] [INFO] [1731759289.914346806] [node_io_weigh]: ---- Server Server Module_Input.node_io_weigh: Enable PIN: 1. Disable PIN: 1 ----
1731759290.1165583 [node_io_servo-4] [INFO] [1731759290.115704487] [node_io_servo]: ---- Server Server Module_Input.node_io_servo: TBDT PIN: 1. QA PIN: 1.  Diff PIN: 1----
1731759290.2657516 [node_io_weigh-6] [INFO] [1731759290.264825660] [node_io_weigh]: ---- Server Server Module_Input.node_io_weigh: Enable PIN: 1. Disable PIN: 1 ----
1731759290.4641216 [node_io_servo-4] [INFO] [1731759290.463418025] [node_io_servo]: ---- Server Server Module_Input.node_io_servo: TBDT PIN: 1. QA PIN: 1.  Diff PIN: 1----
1731759290.6163464 [node_io_weigh-6] [INFO] [1731759290.615571848] [node_io_weigh]: ---- Server Server Module_Input.node_io_weigh: Enable PIN: 1. Disable PIN: 1 ----
1731759290.8168292 [node_io_servo-4] [INFO] [1731759290.815749129] [node_io_servo]: ---- Server Server Module_Input.node_io_servo: TBDT PIN: 1. QA PIN: 1.  Diff PIN: 1----
1731759290.8248315 [module_supervisor-1] [WARN] [1731759290.823642192] [Module_Supervisor]: ---- Supervisor: Waiting to connect to server Module_Scanning&Interface ----
1731759290.9668982 [node_io_weigh-6] [INFO] [1731759290.965726306] [node_io_weigh]: ---- Server Server Module_Input.node_io_weigh: Enable PIN: 1. Disable PIN: 1 ----
1731759291.1664102 [node_io_servo-4] [INFO] [1731759291.165485881] [node_io_servo]: ---- Server Server Module_Input.node_io_servo: TBDT PIN: 1. QA PIN: 1.  Diff PIN: 1----
1731759291.3162544 [node_io_weigh-6] [INFO] [1731759291.315242533] [node_io_weigh]: ---- Server Server Module_Input.node_io_weigh: Enable PIN: 1. Disable PIN: 1 ----
1731759291.5153546 [node_io_servo-4] [INFO] [1731759291.514519915] [node_io_servo]: ---- Server Server Module_Input.node_io_servo: TBDT PIN: 1. QA PIN: 1.  Diff PIN: 1----
1731759291.6662557 [node_io_weigh-6] [INFO] [1731759291.665227939] [node_io_weigh]: ---- Server Server Module_Input.node_io_weigh: Enable PIN: 1. Disable PIN: 1 ----
1731759291.8314507 [module_supervisor-1] [WARN] [1731759291.830317707] [Module_Supervisor]: ---- Supervisor: Waiting to connect to server Module_Scanning&Interface ----
1731759291.8666418 [node_io_servo-4] [INFO] [1731759291.865648449] [node_io_servo]: ---- Server Server Module_Input.node_io_servo: TBDT PIN: 1. QA PIN: 1.  Diff PIN: 1----
1731759292.0151322 [node_io_weigh-6] [INFO] [1731759292.014357231] [node_io_weigh]: ---- Server Server Module_Input.node_io_weigh: Enable PIN: 1. Disable PIN: 1 ----
1731759292.2155404 [node_io_servo-4] [INFO] [1731759292.214657995] [node_io_servo]: ---- Server Server Module_Input.node_io_servo: TBDT PIN: 1. QA PIN: 1.  Diff PIN: 1----
1731759292.3658209 [node_io_weigh-6] [INFO] [1731759292.365039014] [node_io_weigh]: ---- Server Server Module_Input.node_io_weigh: Enable PIN: 1. Disable PIN: 1 ----
1731759292.5670528 [node_io_servo-4] [INFO] [1731759292.565919824] [node_io_servo]: ---- Server Server Module_Input.node_io_servo: TBDT PIN: 1. QA PIN: 1.  Diff PIN: 1----
1731759292.7155952 [node_io_weigh-6] [INFO] [1731759292.714676187] [node_io_weigh]: ---- Server Server Module_Input.node_io_weigh: Enable PIN: 1. Disable PIN: 1 ----
1731759292.8373992 [module_supervisor-1] [WARN] [1731759292.836347030] [Module_Supervisor]: ---- Supervisor: Waiting to connect to server Module_Scanning&Interface ----
1731759292.9171207 [node_io_servo-4] [INFO] [1731759292.916340260] [node_io_servo]: ---- Server Server Module_Input.node_io_servo: TBDT PIN: 1. QA PIN: 1.  Diff PIN: 1----
1731759293.0635555 [node_io_weigh-6] [INFO] [1731759293.062918683] [node_io_weigh]: ---- Server Server Module_Input.node_io_weigh: Enable PIN: 1. Disable PIN: 1 ----
1731759293.2670135 [node_io_servo-4] [INFO] [1731759293.265990706] [node_io_servo]: ---- Server Server Module_Input.node_io_servo: TBDT PIN: 1. QA PIN: 1.  Diff PIN: 1----
1731759293.4161282 [node_io_weigh-6] [INFO] [1731759293.415307882] [node_io_weigh]: ---- Server Server Module_Input.node_io_weigh: Enable PIN: 1. Disable PIN: 1 ----
1731759293.6166992 [node_io_servo-4] [INFO] [1731759293.615794765] [node_io_servo]: ---- Server Server Module_Input.node_io_servo: TBDT PIN: 1. QA PIN: 1.  Diff PIN: 1----
1731759293.7662828 [node_io_weigh-6] [INFO] [1731759293.765282623] [node_io_weigh]: ---- Server Server Module_Input.node_io_weigh: Enable PIN: 1. Disable PIN: 1 ----
1731759293.8441060 [module_supervisor-1] [WARN] [1731759293.843422020] [Module_Supervisor]: ---- Supervisor: Waiting to connect to server Module_Scanning&Interface ----
1731759293.8469119 [module_supervisor-1] [ERROR] [1731759293.846167268] [Module_Supervisor]: ---- Supervisor: Can't connect to Module Scanning&Interface ----
1731759293.8680079 [module_log_file-8] [INFO] [1731759293.849777186] [module_log_file]: ---- Server Module_Log_File: Creating Log File... ----
1731759293.8725576 [node_dc_servo-3] [INFO] [1731759293.853692913] [node_servo_motor]: ---- Server Module_Motor.node_servo_motor: Receive Message: Terminate. Bye Bye.... ----
1731759293.8739893 [node_dc_motor-5] [INFO] [1731759293.861941174] [node_dc_motor]: ---- Server Module_Motor.node_dc_motor: Receive Message: Terminate. Bye Bye.... ----
1731759293.8755634 [node_io_weigh-6] [INFO] [1731759293.864773643] [node_io_weigh]: ---- Server Module_Input.node_io_weigh: Receive Message: Terminate. Bye Bye.... ----
1731759293.8770883 [node_io_servo-4] [INFO] [1731759293.864773587] [node_io_servo]: ---- Server Module_Input.node_io_servo: Receive Message: Terminate. Bye Bye.... ----
1731759294.0750446 [module_weigh-7] [INFO] [1731759294.072639418] [module_weigh]: ---- Server Module_Weigh: Receive Message: Terminate. Bye Bye.... ----
1731759294.5410304 [ERROR] [module_supervisor-1]: process has died [pid 10180, exit code 255, cmd '/home/tomccd/Documents/Code/Python/DATN/install/module_supervisor/lib/module_supervisor/module_supervisor --ros-args'].
1731759294.6062129 [ERROR] [node_io_weigh-6]: process has died [pid 10185, exit code 255, cmd '/home/tomccd/Documents/Code/Python/DATN/install/module_input/lib/module_input/node_io_weigh --ros-args'].
1731759294.6470411 [ERROR] [node_io_servo-4]: process has died [pid 10183, exit code 255, cmd '/home/tomccd/Documents/Code/Python/DATN/install/module_input/lib/module_input/node_io_servo --ros-args'].
1731759294.8176720 [ERROR] [module_weigh-7]: process has died [pid 10186, exit code 255, cmd '/home/tomccd/Documents/Code/Python/DATN/install/module_weigh/lib/module_weigh/module_weigh --ros-args'].
1731759294.9425910 [ERROR] [node_dc_motor-5]: process has died [pid 10184, exit code 255, cmd '/home/tomccd/Documents/Code/Python/DATN/install/module_motor/lib/module_motor/node_dc_motor --ros-args'].
1731759294.9475708 [ERROR] [node_dc_servo-3]: process has died [pid 10182, exit code 255, cmd '/home/tomccd/Documents/Code/Python/DATN/install/module_motor/lib/module_motor/node_dc_servo --ros-args'].
