1731724334.7524295 [INFO] [launch]: All log files can be found below /home/tomccd/.ros/log/2024-11-16-09-32-14-745348-tomccd-raspberry4b-3475
1731724334.7534757 [INFO] [launch]: Default logging verbosity is set to INFO
1731724335.8506262 [INFO] [module_supervisor-1]: process started with pid [3509]
1731724335.8595898 [INFO] [module_scanning_interface-2]: process started with pid [3510]
1731724335.8705959 [INFO] [node_dc_servo-3]: process started with pid [3511]
1731724335.8714345 [INFO] [node_io_servo-4]: process started with pid [3512]
1731724335.8754601 [INFO] [node_dc_motor-5]: process started with pid [3513]
1731724335.8825650 [INFO] [node_io_weigh-6]: process started with pid [3514]
1731724335.8868523 [INFO] [module_weigh-7]: process started with pid [3515]
1731724335.8945131 [INFO] [module_log_file-8]: process started with pid [3516]
1731724335.9093957 [INFO] [module_send_email-9]: process started with pid [3517]
1731724345.5140450 [node_io_servo-4] [INFO] [1731724345.502620969] [node_io_servo]: ---- Server Server Module_Input.node_io_servo: TBDT PIN: 1. QA PIN: 1.  Diff PIN: 1----
1731724345.6102934 [node_io_servo-4] [INFO] [1731724345.608002346] [node_io_servo]: ---- Server Server Module_Input.node_io_servo: TBDT PIN: 1. QA PIN: 1.  Diff PIN: 1----
1731724345.7780924 [node_dc_servo-3] [INFO] [1731724345.776744133] [node_servo_motor]: ---- Server Module_Motor.node_dc_motor: Init Server ----
1731724345.9977024 [node_io_servo-4] [INFO] [1731724345.992675463] [node_io_servo]: ---- Server Server Module_Input.node_io_servo: TBDT PIN: 1. QA PIN: 1.  Diff PIN: 1----
1731724346.1872103 [node_io_weigh-6] [INFO] [1731724346.185642227] [node_io_weigh]: ---- Server Server Module_Input.node_io_weigh: Enable PIN: 1. Disable PIN: 1 ----
1731724346.2010922 [node_io_weigh-6] [INFO] [1731724346.191019611] [node_io_weigh]: ---- Server Server Module_Input.node_io_weigh: Enable PIN: 1. Disable PIN: 1 ----
1731724346.2829924 [node_io_servo-4] [INFO] [1731724346.277502899] [node_io_servo]: ---- Server Server Module_Input.node_io_servo: TBDT PIN: 1. QA PIN: 1.  Diff PIN: 1----
1731724346.4183342 [node_io_weigh-6] [INFO] [1731724346.412357197] [node_io_weigh]: ---- Server Server Module_Input.node_io_weigh: Enable PIN: 1. Disable PIN: 1 ----
1731724346.4258823 [module_supervisor-1] [INFO] [1731724346.423347270] [Module_Supervisor]: ---- Supervisor: Connect to Server Module_Log_File Successfully ----
1731724346.6191854 [node_io_servo-4] [INFO] [1731724346.614941114] [node_io_servo]: ---- Server Server Module_Input.node_io_servo: TBDT PIN: 1. QA PIN: 1.  Diff PIN: 1----
1731724346.7602003 [node_io_weigh-6] [INFO] [1731724346.758985635] [node_io_weigh]: ---- Server Server Module_Input.node_io_weigh: Enable PIN: 1. Disable PIN: 1 ----
1731724346.9706569 [node_io_servo-4] [INFO] [1731724346.966273722] [node_io_servo]: ---- Server Server Module_Input.node_io_servo: TBDT PIN: 1. QA PIN: 1.  Diff PIN: 1----
1731724347.1123829 [node_io_weigh-6] [INFO] [1731724347.111312128] [node_io_weigh]: ---- Server Server Module_Input.node_io_weigh: Enable PIN: 1. Disable PIN: 1 ----
1731724347.3172905 [node_io_servo-4] [INFO] [1731724347.314509552] [node_io_servo]: ---- Server Server Module_Input.node_io_servo: TBDT PIN: 1. QA PIN: 1.  Diff PIN: 1----
1731724347.4325106 [module_supervisor-1] [WARN] [1731724347.431227417] [Module_Supervisor]: ---- Supervisor: Waiting to connect to server Module_Scanning&Interface ----
1731724347.4617364 [node_io_weigh-6] [INFO] [1731724347.459741314] [node_io_weigh]: ---- Server Server Module_Input.node_io_weigh: Enable PIN: 1. Disable PIN: 1 ----
1731724347.6769001 [node_io_servo-4] [INFO] [1731724347.670433276] [node_io_servo]: ---- Server Server Module_Input.node_io_servo: TBDT PIN: 1. QA PIN: 1.  Diff PIN: 1----
1731724347.8100984 [node_io_weigh-6] [INFO] [1731724347.809166014] [node_io_weigh]: ---- Server Server Module_Input.node_io_weigh: Enable PIN: 1. Disable PIN: 1 ----
1731724348.0252428 [node_io_servo-4] [INFO] [1731724348.020493418] [node_io_servo]: ---- Server Server Module_Input.node_io_servo: TBDT PIN: 1. QA PIN: 1.  Diff PIN: 1----
1731724348.1873901 [node_io_weigh-6] [INFO] [1731724348.185580829] [node_io_weigh]: ---- Server Server Module_Input.node_io_weigh: Enable PIN: 1. Disable PIN: 1 ----
1731724348.3688898 [node_io_servo-4] [INFO] [1731724348.366873695] [node_io_servo]: ---- Server Server Module_Input.node_io_servo: TBDT PIN: 1. QA PIN: 1.  Diff PIN: 1----
1731724348.4511304 [module_supervisor-1] [WARN] [1731724348.449696343] [Module_Supervisor]: ---- Supervisor: Waiting to connect to server Module_Scanning&Interface ----
1731724348.5126908 [node_io_weigh-6] [INFO] [1731724348.511704838] [node_io_weigh]: ---- Server Server Module_Input.node_io_weigh: Enable PIN: 1. Disable PIN: 1 ----
1731724348.7302446 [node_io_servo-4] [INFO] [1731724348.728430304] [node_io_servo]: ---- Server Server Module_Input.node_io_servo: TBDT PIN: 1. QA PIN: 1.  Diff PIN: 1----
1731724348.8633065 [node_io_weigh-6] [INFO] [1731724348.861255816] [node_io_weigh]: ---- Server Server Module_Input.node_io_weigh: Enable PIN: 1. Disable PIN: 1 ----
1731724349.0788283 [node_io_servo-4] [INFO] [1731724349.066399027] [node_io_servo]: ---- Server Server Module_Input.node_io_servo: TBDT PIN: 1. QA PIN: 1.  Diff PIN: 1----
1731724349.2185915 [node_io_weigh-6] [INFO] [1731724349.216976497] [node_io_weigh]: ---- Server Server Module_Input.node_io_weigh: Enable PIN: 1. Disable PIN: 1 ----
1731724349.4169953 [node_io_servo-4] [INFO] [1731724349.413647825] [node_io_servo]: ---- Server Server Module_Input.node_io_servo: TBDT PIN: 1. QA PIN: 1.  Diff PIN: 1----
1731724349.4715464 [module_supervisor-1] [WARN] [1731724349.469100203] [Module_Supervisor]: ---- Supervisor: Waiting to connect to server Module_Scanning&Interface ----
1731724349.5618372 [node_io_weigh-6] [INFO] [1731724349.559915974] [node_io_weigh]: ---- Server Server Module_Input.node_io_weigh: Enable PIN: 1. Disable PIN: 1 ----
1731724349.7709358 [node_io_servo-4] [INFO] [1731724349.768488625] [node_io_servo]: ---- Server Server Module_Input.node_io_servo: TBDT PIN: 1. QA PIN: 1.  Diff PIN: 1----
1731724349.9095023 [node_io_weigh-6] [INFO] [1731724349.907932056] [node_io_weigh]: ---- Server Server Module_Input.node_io_weigh: Enable PIN: 1. Disable PIN: 1 ----
1731724350.1164329 [node_io_servo-4] [INFO] [1731724350.115234184] [node_io_servo]: ---- Server Server Module_Input.node_io_servo: TBDT PIN: 1. QA PIN: 1.  Diff PIN: 1----
1731724350.3564339 [node_io_weigh-6] [INFO] [1731724350.307585677] [node_io_weigh]: ---- Server Server Module_Input.node_io_weigh: Enable PIN: 1. Disable PIN: 1 ----
1731724350.4913342 [node_io_servo-4] [INFO] [1731724350.482126140] [node_io_servo]: ---- Server Server Module_Input.node_io_servo: TBDT PIN: 1. QA PIN: 1.  Diff PIN: 1----
1731724350.5120194 [module_supervisor-1] [WARN] [1731724350.494420451] [Module_Supervisor]: ---- Supervisor: Waiting to connect to server Module_Scanning&Interface ----
1731724350.5359886 [module_supervisor-1] [INFO] [1731724350.507104636] [Module_Supervisor]: ---- Supervisor: Connect to Server Module_Scanning&Interface Successfully ----
1731724350.5488951 [module_supervisor-1] [INFO] [1731724350.518570684] [Module_Supervisor]: ---- Supervisor: Connect to Server Module_Input.node_io_weigh Successfully ----
1731724350.5686376 [module_supervisor-1] [INFO] [1731724350.526173984] [Module_Supervisor]: ---- Supervisor: Connect to Server Module_Weigh Successfully ----
1731724350.5978587 [module_supervisor-1] [INFO] [1731724350.539740706] [Module_Supervisor]: ---- Supervisor: Connect to Server Module_Motor.node_dc_motor Successfully ----
1731724350.5999603 [module_supervisor-1] [INFO] [1731724350.547962573] [Module_Supervisor]: ---- Supervisor: Connect to Server Module_Input.node_io_servo Successfully ----
1731724350.6018255 [module_supervisor-1] [INFO] [1731724350.558015958] [Module_Supervisor]: ---- Supervisor: Connect to Server Module_Motor.node_dc_servo Successfully ----
1731724350.6044030 [module_supervisor-1] [INFO] [1731724350.572594472] [Module_Supervisor]: ---- Supervisor: Connect to Server Module_Send_Email Successfully ----
1731724350.6135941 [node_io_weigh-6] [INFO] [1731724350.611478398] [node_io_weigh]: ---- Server Server Module_Input.node_io_weigh: Enable PIN: 1. Disable PIN: 1 ----
1731724350.7760508 [node_dc_motor-5] [INFO] [1731724350.774859744] [node_dc_motor]: ---- Server Module_Motor.node_dc_motor: Receive Intialized Request: Ready ----
1731724350.8224280 [module_supervisor-1] [INFO] [1731724350.809481844] [Module_Supervisor]: ---- Supervisor: Receive Init Respond from Server Module_Motor.node_dc_motor: OK
1731724350.8304739 [node_io_servo-4] [INFO] [1731724350.824260813] [node_io_servo]: ---- Server Server Module_Input.node_io_servo: TBDT PIN: 1. QA PIN: 1.  Diff PIN: 1----
1731724350.9722929 [node_io_weigh-6] [INFO] [1731724350.961067729] [node_io_weigh]: ---- Server Server Module_Input.node_io_weigh: Enable PIN: 1. Disable PIN: 1 ----
1731724351.2134454 [node_io_servo-4] [INFO] [1731724351.178626799] [node_io_servo]: ---- Server Server Module_Input.node_io_servo: TBDT PIN: 1. QA PIN: 1.  Diff PIN: 1----
1731724351.3292542 [node_io_weigh-6] [INFO] [1731724351.313490687] [node_io_weigh]: ---- Server Server Module_Input.node_io_weigh: Enable PIN: 1. Disable PIN: 1 ----
1731724351.5332193 [node_io_servo-4] [INFO] [1731724351.524648067] [node_io_servo]: ---- Server Server Module_Input.node_io_servo: TBDT PIN: 1. QA PIN: 1.  Diff PIN: 1----
1731724351.5583730 [module_scanning_interface-2] [INFO] [1731724351.551378573] [module_scanning_interface]: ----  Server Module_Scanning&Interface: Connect to DB Successfully ----
1731724351.6711276 [node_io_weigh-6] [INFO] [1731724351.665462417] [node_io_weigh]: ---- Server Server Module_Input.node_io_weigh: Enable PIN: 1. Disable PIN: 1 ----
1731724351.8646224 [node_io_servo-4] [INFO] [1731724351.863590641] [node_io_servo]: ---- Server Server Module_Input.node_io_servo: TBDT PIN: 1. QA PIN: 1.  Diff PIN: 1----
1731724352.0184953 [node_io_weigh-6] [INFO] [1731724352.012117829] [node_io_weigh]: ---- Server Server Module_Input.node_io_weigh: Enable PIN: 1. Disable PIN: 1 ----
1731724352.2232921 [node_io_servo-4] [INFO] [1731724352.222355364] [node_io_servo]: ---- Server Server Module_Input.node_io_servo: TBDT PIN: 1. QA PIN: 1.  Diff PIN: 1----
1731724352.3673949 [node_io_weigh-6] [INFO] [1731724352.363130683] [node_io_weigh]: ---- Server Server Module_Input.node_io_weigh: Enable PIN: 1. Disable PIN: 1 ----
1731724352.5697289 [node_io_servo-4] [INFO] [1731724352.567822923] [node_io_servo]: ---- Server Server Module_Input.node_io_servo: TBDT PIN: 1. QA PIN: 1.  Diff PIN: 1----
1731724352.7229664 [node_io_weigh-6] [INFO] [1731724352.712242540] [node_io_weigh]: ---- Server Server Module_Input.node_io_weigh: Enable PIN: 1. Disable PIN: 1 ----
1731724352.8291373 [module_supervisor-1] [INFO] [1731724352.825611391] [Module_Supervisor]: ---- Supervisor: Connect to Module_Scanning&Interface Successfully----
1731724352.8402941 [module_supervisor-1] [INFO] [1731724352.836534932] [Module_Supervisor]: ---- Supervisor: Connect to Module_Input.node Successfully----
1731724352.8481874 [module_supervisor-1] [INFO] [1731724352.847165577] [Module_Supervisor]: ---- Supervisor: Connect to Module_Weigh Successfully----
1731724352.8629062 [module_supervisor-1] [INFO] [1731724352.861800190] [Module_Supervisor]: ---- Supervisor: Connect to Module_Motor.node_dc_motor Successfully----
1731724352.8837521 [module_supervisor-1] [INFO] [1731724352.877185310] [Module_Supervisor]: ---- Supervisor: Connect to Module_Input.node_io_servo Successfully----
1731724352.9149888 [module_supervisor-1] [INFO] [1731724352.900357801] [Module_Supervisor]: ---- Supervisor: Connect to Module_Send_Email Successfully----
1731724352.9242642 [node_io_servo-4] [INFO] [1731724352.919955307] [node_io_servo]: ---- Server Server Module_Input.node_io_servo: TBDT PIN: 1. QA PIN: 1.  Diff PIN: 1----
1731724353.0705283 [node_io_weigh-6] [INFO] [1731724353.064380460] [node_io_weigh]: ---- Server Server Module_Input.node_io_weigh: Enable PIN: 1. Disable PIN: 1 ----
1731724353.3407290 [node_io_servo-4] [INFO] [1731724353.330282102] [node_io_servo]: ---- Server Server Module_Input.node_io_servo: TBDT PIN: 1. QA PIN: 1.  Diff PIN: 1----
1731724353.5221863 [node_io_weigh-6] [INFO] [1731724353.441733470] [node_io_weigh]: ---- Server Server Module_Input.node_io_weigh: Enable PIN: 1. Disable PIN: 1 ----
1731724353.6573341 [node_io_servo-4] [INFO] [1731724353.643990256] [node_io_servo]: ---- Server Server Module_Input.node_io_servo: TBDT PIN: 1. QA PIN: 1.  Diff PIN: 1----
1731724353.8554931 [node_io_weigh-6] [INFO] [1731724353.815436442] [node_io_weigh]: ---- Server Server Module_Input.node_io_weigh: Enable PIN: 1. Disable PIN: 1 ----
1731724353.9942915 [node_io_servo-4] [INFO] [1731724353.978045705] [node_io_servo]: ---- Server Server Module_Input.node_io_servo: TBDT PIN: 1. QA PIN: 1.  Diff PIN: 1----
1731724354.1312881 [node_io_weigh-6] [INFO] [1731724354.121280462] [node_io_weigh]: ---- Server Server Module_Input.node_io_weigh: Enable PIN: 1. Disable PIN: 1 ----
1731724354.3620701 [node_io_servo-4] [INFO] [1731724354.356851793] [node_io_servo]: ---- Server Server Module_Input.node_io_servo: TBDT PIN: 1. QA PIN: 1.  Diff PIN: 1----
1731724354.5034826 [node_io_weigh-6] [INFO] [1731724354.495558552] [node_io_weigh]: ---- Server Server Module_Input.node_io_weigh: Enable PIN: 1. Disable PIN: 1 ----
1731724354.6911581 [node_io_servo-4] [INFO] [1731724354.680439974] [node_io_servo]: ---- Server Server Module_Input.node_io_servo: TBDT PIN: 1. QA PIN: 1.  Diff PIN: 1----
1731724354.8175542 [node_io_weigh-6] [INFO] [1731724354.810594721] [node_io_weigh]: ---- Server Server Module_Input.node_io_weigh: Enable PIN: 1. Disable PIN: 1 ----
1731724354.8335078 [module_supervisor-1] [INFO] [1731724354.826865518] [Module_Supervisor]: ---- Supervisor: Connect to Module_Scanning&Interface Successfully----
1731724354.8461049 [module_supervisor-1] [INFO] [1731724354.840036272] [Module_Supervisor]: ---- Supervisor: Connect to Module_Input.node Successfully----
1731724354.8626225 [module_supervisor-1] [INFO] [1731724354.855556673] [Module_Supervisor]: ---- Supervisor: Connect to Module_Weigh Successfully----
1731724354.8752885 [module_supervisor-1] [INFO] [1731724354.860618564] [Module_Supervisor]: ---- Supervisor: Connect to Module_Motor.node_dc_motor Successfully----
1731724354.8852563 [module_supervisor-1] [INFO] [1731724354.864429857] [Module_Supervisor]: ---- Supervisor: Connect to Module_Input.node_io_servo Successfully----
1731724354.8922658 [module_supervisor-1] [INFO] [1731724354.868700835] [Module_Supervisor]: ---- Supervisor: Connect to Module_Send_Email Successfully----
1731724355.0574446 [node_io_servo-4] [INFO] [1731724355.036247975] [node_io_servo]: ---- Server Server Module_Input.node_io_servo: TBDT PIN: 1. QA PIN: 1.  Diff PIN: 1----
1731724355.1913154 [node_io_weigh-6] [INFO] [1731724355.174186190] [node_io_weigh]: ---- Server Server Module_Input.node_io_weigh: Enable PIN: 1. Disable PIN: 1 ----
1731724355.3903959 [node_io_servo-4] [INFO] [1731724355.383456364] [node_io_servo]: ---- Server Server Module_Input.node_io_servo: TBDT PIN: 1. QA PIN: 1.  Diff PIN: 1----
1731724355.5153241 [node_io_weigh-6] [INFO] [1731724355.511950064] [node_io_weigh]: ---- Server Server Module_Input.node_io_weigh: Enable PIN: 1. Disable PIN: 1 ----
1731724355.7213180 [node_io_servo-4] [INFO] [1731724355.719529398] [node_io_servo]: ---- Server Server Module_Input.node_io_servo: TBDT PIN: 1. QA PIN: 1.  Diff PIN: 1----
1731724355.8885140 [node_io_weigh-6] [INFO] [1731724355.867652396] [node_io_weigh]: ---- Server Server Module_Input.node_io_weigh: Enable PIN: 1. Disable PIN: 1 ----
1731724356.0993419 [node_io_servo-4] [INFO] [1731724356.080094744] [node_io_servo]: ---- Server Server Module_Input.node_io_servo: TBDT PIN: 1. QA PIN: 1.  Diff PIN: 1----
1731724356.2426250 [node_io_weigh-6] [INFO] [1731724356.233974332] [node_io_weigh]: ---- Server Server Module_Input.node_io_weigh: Enable PIN: 1. Disable PIN: 1 ----
1731724356.4360673 [node_io_servo-4] [INFO] [1731724356.430239794] [node_io_servo]: ---- Server Server Module_Input.node_io_servo: TBDT PIN: 1. QA PIN: 1.  Diff PIN: 1----
1731724356.5708206 [node_io_weigh-6] [INFO] [1731724356.563191482] [node_io_weigh]: ---- Server Server Module_Input.node_io_weigh: Enable PIN: 1. Disable PIN: 1 ----
1731724356.8253515 [node_io_servo-4] [INFO] [1731724356.807271400] [node_io_servo]: ---- Server Server Module_Input.node_io_servo: TBDT PIN: 1. QA PIN: 1.  Diff PIN: 1----
1731724356.8487551 [module_supervisor-1] [INFO] [1731724356.820851534] [Module_Supervisor]: ---- Supervisor: Connect to Module_Scanning&Interface Successfully----
1731724356.8656862 [module_supervisor-1] [INFO] [1731724356.827678432] [Module_Supervisor]: ---- Supervisor: Connect to Module_Input.node Successfully----
1731724356.8865485 [module_supervisor-1] [INFO] [1731724356.840450968] [Module_Supervisor]: ---- Supervisor: Connect to Module_Weigh Successfully----
1731724356.8970768 [module_supervisor-1] [INFO] [1731724356.844241782] [Module_Supervisor]: ---- Supervisor: Connect to Module_Motor.node_dc_motor Successfully----
1731724356.9083266 [module_supervisor-1] [INFO] [1731724356.851411038] [Module_Supervisor]: ---- Supervisor: Connect to Module_Input.node_io_servo Successfully----
1731724356.9136519 [module_supervisor-1] [INFO] [1731724356.857197922] [Module_Supervisor]: ---- Supervisor: Connect to Module_Send_Email Successfully----
1731724356.9239342 [node_io_weigh-6] [INFO] [1731724356.922379566] [node_io_weigh]: ---- Server Server Module_Input.node_io_weigh: Enable PIN: 1. Disable PIN: 1 ----
1731724357.1227176 [node_io_servo-4] [INFO] [1731724357.118643725] [node_io_servo]: ---- Server Server Module_Input.node_io_servo: TBDT PIN: 1. QA PIN: 1.  Diff PIN: 1----
1731724357.2993031 [node_io_weigh-6] [INFO] [1731724357.285640303] [node_io_weigh]: ---- Server Server Module_Input.node_io_weigh: Enable PIN: 1. Disable PIN: 1 ----
1731724357.4964073 [node_io_servo-4] [INFO] [1731724357.481075106] [node_io_servo]: ---- Server Server Module_Input.node_io_servo: TBDT PIN: 1. QA PIN: 1.  Diff PIN: 1----
1731724357.6263299 [node_io_weigh-6] [INFO] [1731724357.621962518] [node_io_weigh]: ---- Server Server Module_Input.node_io_weigh: Enable PIN: 1. Disable PIN: 1 ----
1731724357.8381460 [node_io_servo-4] [INFO] [1731724357.835324178] [node_io_servo]: ---- Server Server Module_Input.node_io_servo: TBDT PIN: 1. QA PIN: 1.  Diff PIN: 1----
1731724357.9946518 [node_io_weigh-6] [INFO] [1731724357.987865080] [node_io_weigh]: ---- Server Server Module_Input.node_io_weigh: Enable PIN: 1. Disable PIN: 1 ----
1731724358.1852062 [node_io_servo-4] [INFO] [1731724358.180407354] [node_io_servo]: ---- Server Server Module_Input.node_io_servo: TBDT PIN: 1. QA PIN: 1.  Diff PIN: 1----
1731724358.3383291 [node_io_weigh-6] [INFO] [1731724358.325983656] [node_io_weigh]: ---- Server Server Module_Input.node_io_weigh: Enable PIN: 1. Disable PIN: 1 ----
1731724358.6285126 [node_io_servo-4] [INFO] [1731724358.620223566] [node_io_servo]: ---- Server Server Module_Input.node_io_servo: TBDT PIN: 1. QA PIN: 1.  Diff PIN: 1----
1731724358.6658666 [node_io_weigh-6] [INFO] [1731724358.661497892] [node_io_weigh]: ---- Server Server Module_Input.node_io_weigh: Enable PIN: 1. Disable PIN: 1 ----
1731724358.8426554 [module_supervisor-1] [INFO] [1731724358.834536648] [Module_Supervisor]: ---- Supervisor: Connect to Module_Scanning&Interface Successfully----
1731724358.8776927 [module_supervisor-1] [INFO] [1731724358.863476730] [Module_Supervisor]: ---- Supervisor: Connect to Module_Input.node Successfully----
1731724358.9083047 [node_io_servo-4] [INFO] [1731724358.890649992] [node_io_servo]: ---- Server Server Module_Input.node_io_servo: TBDT PIN: 1. QA PIN: 1.  Diff PIN: 1----
1731724358.9299161 [module_supervisor-1] [INFO] [1731724358.914646950] [Module_Supervisor]: ---- Supervisor: Connect to Module_Weigh Successfully----
1731724358.9377367 [module_supervisor-1] [INFO] [1731724358.935623174] [Module_Supervisor]: ---- Supervisor: Connect to Module_Motor.node_dc_motor Successfully----
1731724358.9496133 [module_supervisor-1] [INFO] [1731724358.947267964] [Module_Supervisor]: ---- Supervisor: Connect to Module_Input.node_io_servo Successfully----
1731724358.9626870 [module_supervisor-1] [INFO] [1731724358.958700983] [Module_Supervisor]: ---- Supervisor: Connect to Module_Send_Email Successfully----
1731724359.0502892 [node_io_weigh-6] [INFO] [1731724359.042543688] [node_io_weigh]: ---- Server Server Module_Input.node_io_weigh: Enable PIN: 1. Disable PIN: 1 ----
1731724359.2523544 [node_io_servo-4] [INFO] [1731724359.241604945] [node_io_servo]: ---- Server Server Module_Input.node_io_servo: TBDT PIN: 1. QA PIN: 1.  Diff PIN: 1----
1731724359.3772528 [node_io_weigh-6] [INFO] [1731724359.367049465] [node_io_weigh]: ---- Server Server Module_Input.node_io_weigh: Enable PIN: 1. Disable PIN: 1 ----
1731724359.5814393 [node_io_servo-4] [INFO] [1731724359.575635726] [node_io_servo]: ---- Server Server Module_Input.node_io_servo: TBDT PIN: 1. QA PIN: 1.  Diff PIN: 1----
1731724359.7496061 [node_io_weigh-6] [INFO] [1731724359.737960509] [node_io_weigh]: ---- Server Server Module_Input.node_io_weigh: Enable PIN: 1. Disable PIN: 1 ----
1731724359.9495616 [node_io_servo-4] [INFO] [1731724359.948232928] [node_io_servo]: ---- Server Server Module_Input.node_io_servo: TBDT PIN: 1. QA PIN: 1.  Diff PIN: 1----
1731724360.0747035 [node_io_weigh-6] [INFO] [1731724360.066717860] [node_io_weigh]: ---- Server Server Module_Input.node_io_weigh: Enable PIN: 1. Disable PIN: 1 ----
1731724360.3013251 [node_io_servo-4] [INFO] [1731724360.290928255] [node_io_servo]: ---- Server Server Module_Input.node_io_servo: TBDT PIN: 1. QA PIN: 1.  Diff PIN: 1----
1731724360.4479220 [node_io_weigh-6] [INFO] [1731724360.433644494] [node_io_weigh]: ---- Server Server Module_Input.node_io_weigh: Enable PIN: 1. Disable PIN: 1 ----
1731724360.6205168 [node_io_servo-4] [INFO] [1731724360.617547211] [node_io_servo]: ---- Server Server Module_Input.node_io_servo: TBDT PIN: 1. QA PIN: 1.  Diff PIN: 1----
1731724360.7707176 [node_io_weigh-6] [INFO] [1731724360.768805530] [node_io_weigh]: ---- Server Server Module_Input.node_io_weigh: Enable PIN: 1. Disable PIN: 1 ----
1731724360.8279397 [module_supervisor-1] [INFO] [1731724360.821632655] [Module_Supervisor]: ---- Supervisor: Connect to Module_Scanning&Interface Successfully----
1731724360.8379483 [module_supervisor-1] [INFO] [1731724360.836996270] [Module_Supervisor]: ---- Supervisor: Connect to Module_Input.node Successfully----
1731724360.8496175 [module_supervisor-1] [INFO] [1731724360.845607441] [Module_Supervisor]: ---- Supervisor: Connect to Module_Weigh Successfully----
1731724360.8560030 [module_supervisor-1] [INFO] [1731724360.854579245] [Module_Supervisor]: ---- Supervisor: Connect to Module_Motor.node_dc_motor Successfully----
1731724360.8666756 [module_supervisor-1] [INFO] [1731724360.861729323] [Module_Supervisor]: ---- Supervisor: Connect to Module_Input.node_io_servo Successfully----
1731724360.8721070 [module_supervisor-1] [INFO] [1731724360.869965267] [Module_Supervisor]: ---- Supervisor: Connect to Module_Send_Email Successfully----
1731724360.9994278 [node_io_servo-4] [INFO] [1731724360.994626327] [node_io_servo]: ---- Server Server Module_Input.node_io_servo: TBDT PIN: 1. QA PIN: 1.  Diff PIN: 1----
1731724361.1377518 [node_io_weigh-6] [INFO] [1731724361.128973026] [node_io_weigh]: ---- Server Server Module_Input.node_io_weigh: Enable PIN: 1. Disable PIN: 1 ----
1731724361.3449118 [node_io_servo-4] [INFO] [1731724361.340465937] [node_io_servo]: ---- Server Server Module_Input.node_io_servo: TBDT PIN: 1. QA PIN: 1.  Diff PIN: 1----
1731724361.4697559 [node_io_weigh-6] [INFO] [1731724361.463707004] [node_io_weigh]: ---- Server Server Module_Input.node_io_weigh: Enable PIN: 1. Disable PIN: 1 ----
1731724361.6682100 [node_io_servo-4] [INFO] [1731724361.667269125] [node_io_servo]: ---- Server Server Module_Input.node_io_servo: TBDT PIN: 1. QA PIN: 1.  Diff PIN: 1----
1731724361.8117361 [node_io_weigh-6] [INFO] [1731724361.807471046] [node_io_weigh]: ---- Server Server Module_Input.node_io_weigh: Enable PIN: 1. Disable PIN: 1 ----
1731724362.0160985 [node_io_servo-4] [INFO] [1731724362.014045000] [node_io_servo]: ---- Server Server Module_Input.node_io_servo: TBDT PIN: 1. QA PIN: 1.  Diff PIN: 1----
1731724362.1724019 [node_io_weigh-6] [INFO] [1731724362.169168942] [node_io_weigh]: ---- Server Server Module_Input.node_io_weigh: Enable PIN: 1. Disable PIN: 1 ----
1731724362.3682528 [node_io_servo-4] [INFO] [1731724362.367282720] [node_io_servo]: ---- Server Server Module_Input.node_io_servo: TBDT PIN: 1. QA PIN: 1.  Diff PIN: 1----
1731724362.5204141 [node_io_weigh-6] [INFO] [1731724362.513515536] [node_io_weigh]: ---- Server Server Module_Input.node_io_weigh: Enable PIN: 1. Disable PIN: 1 ----
1731724362.7176185 [node_io_servo-4] [INFO] [1731724362.714043056] [node_io_servo]: ---- Server Server Module_Input.node_io_servo: TBDT PIN: 1. QA PIN: 1.  Diff PIN: 1----
1731724362.8340795 [module_supervisor-1] [INFO] [1731724362.824020282] [Module_Supervisor]: ---- Supervisor: Connect to Module_Scanning&Interface Successfully----
1731724362.8404186 [module_supervisor-1] [INFO] [1731724362.831285859] [Module_Supervisor]: ---- Supervisor: Connect to Module_Input.node Successfully----
1731724362.8488638 [module_supervisor-1] [INFO] [1731724362.839066361] [Module_Supervisor]: ---- Supervisor: Connect to Module_Weigh Successfully----
1731724362.8933582 [module_supervisor-1] [INFO] [1731724362.871888414] [Module_Supervisor]: ---- Supervisor: Connect to Module_Motor.node_dc_motor Successfully----
1731724362.9089856 [module_supervisor-1] [INFO] [1731724362.898585811] [Module_Supervisor]: ---- Supervisor: Connect to Module_Input.node_io_servo Successfully----
1731724362.9265804 [module_supervisor-1] [INFO] [1731724362.903246987] [Module_Supervisor]: ---- Supervisor: Connect to Module_Send_Email Successfully----
1731724362.9366782 [node_io_weigh-6] [INFO] [1731724362.907444883] [node_io_weigh]: ---- Server Server Module_Input.node_io_weigh: Enable PIN: 1. Disable PIN: 1 ----
1731724363.0796697 [node_io_servo-4] [INFO] [1731724363.068427248] [node_io_servo]: ---- Server Server Module_Input.node_io_servo: TBDT PIN: 1. QA PIN: 1.  Diff PIN: 1----
1731724363.2523282 [node_io_weigh-6] [INFO] [1731724363.251314326] [node_io_weigh]: ---- Server Server Module_Input.node_io_weigh: Enable PIN: 1. Disable PIN: 1 ----
1731724363.4218504 [node_io_servo-4] [INFO] [1731724363.418815668] [node_io_servo]: ---- Server Server Module_Input.node_io_servo: TBDT PIN: 1. QA PIN: 1.  Diff PIN: 1----
1731724363.5858524 [node_io_weigh-6] [INFO] [1731724363.582342789] [node_io_weigh]: ---- Server Server Module_Input.node_io_weigh: Enable PIN: 1. Disable PIN: 1 ----
1731724363.7747035 [node_io_servo-4] [INFO] [1731724363.770351304] [node_io_servo]: ---- Server Server Module_Input.node_io_servo: TBDT PIN: 1. QA PIN: 1.  Diff PIN: 1----
1731724363.9164217 [node_io_weigh-6] [INFO] [1731724363.915401658] [node_io_weigh]: ---- Server Server Module_Input.node_io_weigh: Enable PIN: 1. Disable PIN: 1 ----
1731724364.1567519 [node_io_servo-4] [INFO] [1731724364.130660488] [node_io_servo]: ---- Server Server Module_Input.node_io_servo: TBDT PIN: 1. QA PIN: 1.  Diff PIN: 1----
1731724364.2727380 [node_io_weigh-6] [INFO] [1731724364.269239429] [node_io_weigh]: ---- Server Server Module_Input.node_io_weigh: Enable PIN: 1. Disable PIN: 1 ----
1731724364.4689553 [node_io_servo-4] [INFO] [1731724364.465625761] [node_io_servo]: ---- Server Server Module_Input.node_io_servo: TBDT PIN: 1. QA PIN: 1.  Diff PIN: 1----
1731724364.6448014 [node_io_weigh-6] [INFO] [1731724364.617180586] [node_io_weigh]: ---- Server Server Module_Input.node_io_weigh: Enable PIN: 1. Disable PIN: 1 ----
1731724364.8228815 [module_supervisor-1] [INFO] [1731724364.821884865] [Module_Supervisor]: ---- Supervisor: Connect to Module_Scanning&Interface Successfully----
1731724364.8302052 [module_supervisor-1] [INFO] [1731724364.827008896] [Module_Supervisor]: ---- Supervisor: Connect to Module_Input.node Successfully----
1731724364.8407042 [module_supervisor-1] [INFO] [1731724364.831495339] [Module_Supervisor]: ---- Supervisor: Connect to Module_Weigh Successfully----
1731724364.8448937 [module_supervisor-1] [INFO] [1731724364.836263679] [Module_Supervisor]: ---- Supervisor: Connect to Module_Motor.node_dc_motor Successfully----
1731724364.8498681 [node_io_servo-4] [INFO] [1731724364.837447357] [node_io_servo]: ---- Server Server Module_Input.node_io_servo: TBDT PIN: 1. QA PIN: 1.  Diff PIN: 1----
1731724364.8528483 [module_supervisor-1] [INFO] [1731724364.841896245] [Module_Supervisor]: ---- Supervisor: Connect to Module_Input.node_io_servo Successfully----
1731724364.8558819 [module_supervisor-1] [INFO] [1731724364.847274970] [Module_Supervisor]: ---- Supervisor: Connect to Module_Send_Email Successfully----
1731724364.9727573 [node_io_weigh-6] [INFO] [1731724364.970419600] [node_io_weigh]: ---- Server Server Module_Input.node_io_weigh: Enable PIN: 1. Disable PIN: 1 ----
1731724365.2025657 [node_io_servo-4] [INFO] [1731724365.195103317] [node_io_servo]: ---- Server Server Module_Input.node_io_servo: TBDT PIN: 1. QA PIN: 1.  Diff PIN: 1----
1731724365.3126552 [node_io_weigh-6] [INFO] [1731724365.310188234] [node_io_weigh]: ---- Server Server Module_Input.node_io_weigh: Enable PIN: 1. Disable PIN: 1 ----
1731724365.5265541 [node_io_servo-4] [INFO] [1731724365.522456698] [node_io_servo]: ---- Server Server Module_Input.node_io_servo: TBDT PIN: 1. QA PIN: 1.  Diff PIN: 1----
1731724365.7104063 [node_io_weigh-6] [INFO] [1731724365.700323388] [node_io_weigh]: ---- Server Server Module_Input.node_io_weigh: Enable PIN: 1. Disable PIN: 1 ----
1731724365.8805778 [node_io_servo-4] [INFO] [1731724365.874032102] [node_io_servo]: ---- Server Server Module_Input.node_io_servo: TBDT PIN: 1. QA PIN: 1.  Diff PIN: 1----
1731724366.0297432 [node_io_weigh-6] [INFO] [1731724366.027389858] [node_io_weigh]: ---- Server Server Module_Input.node_io_weigh: Enable PIN: 1. Disable PIN: 1 ----
1731724366.2284553 [node_io_servo-4] [INFO] [1731724366.223011572] [node_io_servo]: ---- Server Server Module_Input.node_io_servo: TBDT PIN: 1. QA PIN: 1.  Diff PIN: 1----
1731724366.3662724 [node_io_weigh-6] [INFO] [1731724366.360684692] [node_io_weigh]: ---- Server Server Module_Input.node_io_weigh: Enable PIN: 1. Disable PIN: 1 ----
1731724366.5706108 [node_io_servo-4] [INFO] [1731724366.565846071] [node_io_servo]: ---- Server Server Module_Input.node_io_servo: TBDT PIN: 1. QA PIN: 1.  Diff PIN: 1----
1731724366.7346411 [node_io_weigh-6] [INFO] [1731724366.731175370] [node_io_weigh]: ---- Server Server Module_Input.node_io_weigh: Enable PIN: 1. Disable PIN: 1 ----
1731724366.8257406 [module_supervisor-1] [INFO] [1731724366.824671034] [Module_Supervisor]: ---- Supervisor: Connect to Module_Scanning&Interface Successfully----
1731724366.8439813 [module_supervisor-1] [INFO] [1731724366.839009855] [Module_Supervisor]: ---- Supervisor: Connect to Module_Input.node Successfully----
1731724366.8586483 [module_supervisor-1] [INFO] [1731724366.853544631] [Module_Supervisor]: ---- Supervisor: Connect to Module_Weigh Successfully----
1731724366.8694077 [module_supervisor-1] [INFO] [1731724366.863969819] [Module_Supervisor]: ---- Supervisor: Connect to Module_Motor.node_dc_motor Successfully----
1731724366.8854523 [module_supervisor-1] [INFO] [1731724366.869803380] [Module_Supervisor]: ---- Supervisor: Connect to Module_Input.node_io_servo Successfully----
1731724366.8885326 [module_supervisor-1] [INFO] [1731724366.874226254] [Module_Supervisor]: ---- Supervisor: Connect to Module_Send_Email Successfully----
1731724366.9479578 [node_io_servo-4] [INFO] [1731724366.941491502] [node_io_servo]: ---- Server Server Module_Input.node_io_servo: TBDT PIN: 1. QA PIN: 1.  Diff PIN: 1----
1731724367.0756969 [node_io_weigh-6] [INFO] [1731724367.066035769] [node_io_weigh]: ---- Server Server Module_Input.node_io_weigh: Enable PIN: 1. Disable PIN: 1 ----
1731724367.2799368 [node_io_servo-4] [INFO] [1731724367.272496304] [node_io_servo]: ---- Server Server Module_Input.node_io_servo: TBDT PIN: 1. QA PIN: 1.  Diff PIN: 1----
1731724367.4280894 [node_io_weigh-6] [INFO] [1731724367.421828149] [node_io_weigh]: ---- Server Server Module_Input.node_io_weigh: Enable PIN: 1. Disable PIN: 1 ----
1731724367.6292577 [node_io_servo-4] [INFO] [1731724367.620601708] [node_io_servo]: ---- Server Server Module_Input.node_io_servo: TBDT PIN: 1. QA PIN: 1.  Diff PIN: 1----
1731724367.7870018 [node_io_weigh-6] [INFO] [1731724367.770353686] [node_io_weigh]: ---- Server Server Module_Input.node_io_weigh: Enable PIN: 1. Disable PIN: 1 ----
1731724367.9973204 [node_io_servo-4] [INFO] [1731724367.989493161] [node_io_servo]: ---- Server Server Module_Input.node_io_servo: TBDT PIN: 1. QA PIN: 1.  Diff PIN: 1----
1731724368.1135848 [node_io_weigh-6] [INFO] [1731724368.108080215] [node_io_weigh]: ---- Server Server Module_Input.node_io_weigh: Enable PIN: 1. Disable PIN: 1 ----
1731724368.3594005 [node_io_servo-4] [INFO] [1731724368.349715199] [node_io_servo]: ---- Server Server Module_Input.node_io_servo: TBDT PIN: 1. QA PIN: 1.  Diff PIN: 1----
1731724368.4660792 [node_io_weigh-6] [INFO] [1731724368.462756662] [node_io_weigh]: ---- Server Server Module_Input.node_io_weigh: Enable PIN: 1. Disable PIN: 1 ----
1731724368.6796169 [node_io_servo-4] [INFO] [1731724368.666460706] [node_io_servo]: ---- Server Server Module_Input.node_io_servo: TBDT PIN: 1. QA PIN: 1.  Diff PIN: 1----
1731724368.8183029 [node_io_weigh-6] [INFO] [1731724368.809544899] [node_io_weigh]: ---- Server Server Module_Input.node_io_weigh: Enable PIN: 1. Disable PIN: 1 ----
1731724368.8355172 [module_supervisor-1] [INFO] [1731724368.832514316] [Module_Supervisor]: ---- Supervisor: Connect to Module_Scanning&Interface Successfully----
1731724368.8465512 [module_supervisor-1] [INFO] [1731724368.844656926] [Module_Supervisor]: ---- Supervisor: Connect to Module_Input.node Successfully----
1731724368.8674371 [module_supervisor-1] [INFO] [1731724368.863141396] [Module_Supervisor]: ---- Supervisor: Connect to Module_Weigh Successfully----
1731724368.8780992 [module_supervisor-1] [INFO] [1731724368.876913779] [Module_Supervisor]: ---- Supervisor: Connect to Module_Motor.node_dc_motor Successfully----
1731724368.8931410 [module_supervisor-1] [INFO] [1731724368.891557483] [Module_Supervisor]: ---- Supervisor: Connect to Module_Input.node_io_servo Successfully----
1731724368.9054875 [module_supervisor-1] [INFO] [1731724368.904341310] [Module_Supervisor]: ---- Supervisor: Connect to Module_Send_Email Successfully----
1731724369.0293429 [node_io_servo-4] [INFO] [1731724369.025675658] [node_io_servo]: ---- Server Server Module_Input.node_io_servo: TBDT PIN: 1. QA PIN: 1.  Diff PIN: 1----
1731724369.1793094 [node_io_weigh-6] [INFO] [1731724369.170065588] [node_io_weigh]: ---- Server Server Module_Input.node_io_weigh: Enable PIN: 1. Disable PIN: 1 ----
1731724369.2436249 [module_scanning_interface-2] [INFO] [1731724369.241406871] [module_scanning_interface]: ---- Server Module_Scanning_Interfaces: Shutdown ----
1731724369.3800588 [node_io_servo-4] [INFO] [1731724369.378505364] [node_io_servo]: ---- Server Server Module_Input.node_io_servo: TBDT PIN: 1. QA PIN: 1.  Diff PIN: 1----
1731724369.5259304 [node_io_weigh-6] [INFO] [1731724369.524930830] [node_io_weigh]: ---- Server Server Module_Input.node_io_weigh: Enable PIN: 1. Disable PIN: 1 ----
1731724369.7741930 [node_io_servo-4] [INFO] [1731724369.771651023] [node_io_servo]: ---- Server Server Module_Input.node_io_servo: TBDT PIN: 1. QA PIN: 1.  Diff PIN: 1----
1731724369.8645413 [node_io_weigh-6] [INFO] [1731724369.861710049] [node_io_weigh]: ---- Server Server Module_Input.node_io_weigh: Enable PIN: 1. Disable PIN: 1 ----
1731724370.0887425 [node_io_servo-4] [INFO] [1731724370.083535905] [node_io_servo]: ---- Server Server Module_Input.node_io_servo: TBDT PIN: 1. QA PIN: 1.  Diff PIN: 1----
1731724370.2420037 [node_io_weigh-6] [INFO] [1731724370.227694460] [node_io_weigh]: ---- Server Server Module_Input.node_io_weigh: Enable PIN: 1. Disable PIN: 1 ----
1731724370.4456077 [node_io_servo-4] [INFO] [1731724370.428964809] [node_io_servo]: ---- Server Server Module_Input.node_io_servo: TBDT PIN: 1. QA PIN: 1.  Diff PIN: 1----
1731724370.5736911 [node_io_weigh-6] [INFO] [1731724370.567594232] [node_io_weigh]: ---- Server Server Module_Input.node_io_weigh: Enable PIN: 1. Disable PIN: 1 ----
1731724370.7811248 [node_io_servo-4] [INFO] [1731724370.778288572] [node_io_servo]: ---- Server Server Module_Input.node_io_servo: TBDT PIN: 1. QA PIN: 1.  Diff PIN: 1----
1731724370.8491800 [ERROR] [module_scanning_interface-2]: process has died [pid 3510, exit code 255, cmd '/home/tomccd/Documents/Code/Python/DATN/install/module_scanning_interface/lib/module_scanning_interface/module_scanning_interface --ros-args'].
1731724370.9166188 [node_io_weigh-6] [INFO] [1731724370.913650688] [node_io_weigh]: ---- Server Server Module_Input.node_io_weigh: Enable PIN: 1. Disable PIN: 1 ----
1731724371.1204083 [node_io_servo-4] [INFO] [1731724371.116462000] [node_io_servo]: ---- Server Server Module_Input.node_io_servo: TBDT PIN: 1. QA PIN: 1.  Diff PIN: 1----
1731724371.2639449 [node_io_weigh-6] [INFO] [1731724371.258263534] [node_io_weigh]: ---- Server Server Module_Input.node_io_weigh: Enable PIN: 1. Disable PIN: 1 ----
1731724371.4668458 [node_io_servo-4] [INFO] [1731724371.464059308] [node_io_servo]: ---- Server Server Module_Input.node_io_servo: TBDT PIN: 1. QA PIN: 1.  Diff PIN: 1----
1731724371.6117129 [node_io_weigh-6] [INFO] [1731724371.610691574] [node_io_weigh]: ---- Server Server Module_Input.node_io_weigh: Enable PIN: 1. Disable PIN: 1 ----
1731724371.8178155 [node_io_servo-4] [INFO] [1731724371.814292594] [node_io_servo]: ---- Server Server Module_Input.node_io_servo: TBDT PIN: 1. QA PIN: 1.  Diff PIN: 1----
1731724371.8380144 [module_supervisor-1] [WARN] [1731724371.831544636] [Module_Supervisor]: ---- Supervisor: Waiting to connect to server Module_Scanning&Interface ----
1731724371.9583261 [node_io_weigh-6] [INFO] [1731724371.957364712] [node_io_weigh]: ---- Server Server Module_Input.node_io_weigh: Enable PIN: 1. Disable PIN: 1 ----
1731724372.1674795 [node_io_servo-4] [INFO] [1731724372.164200473] [node_io_servo]: ---- Server Server Module_Input.node_io_servo: TBDT PIN: 1. QA PIN: 1.  Diff PIN: 1----
1731724372.3127561 [node_io_weigh-6] [INFO] [1731724372.307646137] [node_io_weigh]: ---- Server Server Module_Input.node_io_weigh: Enable PIN: 1. Disable PIN: 1 ----
1731724372.5203748 [node_io_servo-4] [INFO] [1731724372.516268656] [node_io_servo]: ---- Server Server Module_Input.node_io_servo: TBDT PIN: 1. QA PIN: 1.  Diff PIN: 1----
1731724372.6615777 [node_io_weigh-6] [INFO] [1731724372.660806670] [node_io_weigh]: ---- Server Server Module_Input.node_io_weigh: Enable PIN: 1. Disable PIN: 1 ----
1731724372.8482702 [module_supervisor-1] [WARN] [1731724372.845546642] [Module_Supervisor]: ---- Supervisor: Waiting to connect to server Module_Scanning&Interface ----
1731724372.8708491 [node_io_servo-4] [INFO] [1731724372.866950963] [node_io_servo]: ---- Server Server Module_Input.node_io_servo: TBDT PIN: 1. QA PIN: 1.  Diff PIN: 1----
1731724373.0088396 [node_io_weigh-6] [INFO] [1731724373.007913069] [node_io_weigh]: ---- Server Server Module_Input.node_io_weigh: Enable PIN: 1. Disable PIN: 1 ----
1731724373.2168913 [node_io_servo-4] [INFO] [1731724373.215727334] [node_io_servo]: ---- Server Server Module_Input.node_io_servo: TBDT PIN: 1. QA PIN: 1.  Diff PIN: 1----
1731724373.3609006 [node_io_weigh-6] [INFO] [1731724373.358734109] [node_io_weigh]: ---- Server Server Module_Input.node_io_weigh: Enable PIN: 1. Disable PIN: 1 ----
1731724373.5661383 [node_io_servo-4] [INFO] [1731724373.565395897] [node_io_servo]: ---- Server Server Module_Input.node_io_servo: TBDT PIN: 1. QA PIN: 1.  Diff PIN: 1----
1731724373.7101972 [node_io_weigh-6] [INFO] [1731724373.708638479] [node_io_weigh]: ---- Server Server Module_Input.node_io_weigh: Enable PIN: 1. Disable PIN: 1 ----
1731724373.8615592 [module_supervisor-1] [WARN] [1731724373.859004435] [Module_Supervisor]: ---- Supervisor: Waiting to connect to server Module_Scanning&Interface ----
1731724373.9148436 [node_io_servo-4] [INFO] [1731724373.913569699] [node_io_servo]: ---- Server Server Module_Input.node_io_servo: TBDT PIN: 1. QA PIN: 1.  Diff PIN: 1----
1731724374.0605395 [node_io_weigh-6] [INFO] [1731724374.059400623] [node_io_weigh]: ---- Server Server Module_Input.node_io_weigh: Enable PIN: 1. Disable PIN: 1 ----
1731724374.2704382 [node_io_servo-4] [INFO] [1731724374.267936151] [node_io_servo]: ---- Server Server Module_Input.node_io_servo: TBDT PIN: 1. QA PIN: 1.  Diff PIN: 1----
1731724374.4118869 [node_io_weigh-6] [INFO] [1731724374.410344006] [node_io_weigh]: ---- Server Server Module_Input.node_io_weigh: Enable PIN: 1. Disable PIN: 1 ----
1731724374.6204362 [node_io_servo-4] [INFO] [1731724374.616983122] [node_io_servo]: ---- Server Server Module_Input.node_io_servo: TBDT PIN: 1. QA PIN: 1.  Diff PIN: 1----
1731724374.7583487 [node_io_weigh-6] [INFO] [1731724374.757631373] [node_io_weigh]: ---- Server Server Module_Input.node_io_weigh: Enable PIN: 1. Disable PIN: 1 ----
1731724374.8675826 [module_supervisor-1] [WARN] [1731724374.866722511] [Module_Supervisor]: ---- Supervisor: Waiting to connect to server Module_Scanning&Interface ----
1731724374.9674067 [node_io_servo-4] [INFO] [1731724374.964141882] [node_io_servo]: ---- Server Server Module_Input.node_io_servo: TBDT PIN: 1. QA PIN: 1.  Diff PIN: 1----
1731724375.1097236 [node_io_weigh-6] [INFO] [1731724375.108955129] [node_io_weigh]: ---- Server Server Module_Input.node_io_weigh: Enable PIN: 1. Disable PIN: 1 ----
1731724375.3221138 [node_io_servo-4] [INFO] [1731724375.318473338] [node_io_servo]: ---- Server Server Module_Input.node_io_servo: TBDT PIN: 1. QA PIN: 1.  Diff PIN: 1----
1731724375.4591885 [node_io_weigh-6] [INFO] [1731724375.458376228] [node_io_weigh]: ---- Server Server Module_Input.node_io_weigh: Enable PIN: 1. Disable PIN: 1 ----
1731724375.6705563 [node_io_servo-4] [INFO] [1731724375.666926823] [node_io_servo]: ---- Server Server Module_Input.node_io_servo: TBDT PIN: 1. QA PIN: 1.  Diff PIN: 1----
1731724375.8089731 [node_io_weigh-6] [INFO] [1731724375.808050448] [node_io_weigh]: ---- Server Server Module_Input.node_io_weigh: Enable PIN: 1. Disable PIN: 1 ----
1731724375.8759966 [module_supervisor-1] [WARN] [1731724375.874274165] [Module_Supervisor]: ---- Supervisor: Waiting to connect to server Module_Scanning&Interface ----
1731724375.8850908 [module_supervisor-1] [ERROR] [1731724375.878422851] [Module_Supervisor]: ---- Supervisor: Can't connect to Module Scanning&Interface ----
1731724375.9122863 [module_log_file-8] [INFO] [1731724375.881189419] [module_log_file]: ---- Server Module_Log_File: Creating Log File... ----
1731724375.9978895 [node_io_weigh-6] [INFO] [1731724375.886395752] [node_io_weigh]: ---- Server Module_Input.node_io_weigh: Receive Message: Terminate. Bye Bye.... ----
1731724375.9992313 [node_dc_motor-5] [INFO] [1731724375.908447689] [node_dc_motor]: ---- Server Module_Motor.node_dc_motor: Receive Message: Terminate. Bye Bye.... ----
1731724376.0589345 [node_io_servo-4] [INFO] [1731724375.907757288] [node_io_servo]: ---- Server Module_Input.node_io_servo: Receive Message: Terminate. Bye Bye.... ----
1731724376.0672684 [node_dc_servo-3] [INFO] [1731724376.018155453] [node_servo_motor]: ---- Server Module_Motor.node_servo_motor: Receive Message: Terminate. Bye Bye.... ----
1731724376.7742865 [module_weigh-7] [INFO] [1731724376.757178904] [module_weigh]: ---- Server Module_Weigh: Receive Message: Terminate. Bye Bye.... ----
1731724377.4453559 [ERROR] [node_io_weigh-6]: process has died [pid 3514, exit code 255, cmd '/home/tomccd/Documents/Code/Python/DATN/install/module_input/lib/module_input/node_io_weigh --ros-args'].
1731724377.7190690 [ERROR] [node_io_servo-4]: process has died [pid 3512, exit code 255, cmd '/home/tomccd/Documents/Code/Python/DATN/install/module_input/lib/module_input/node_io_servo --ros-args'].
1731724378.1152067 [ERROR] [module_supervisor-1]: process has died [pid 3509, exit code 255, cmd '/home/tomccd/Documents/Code/Python/DATN/install/module_supervisor/lib/module_supervisor/module_supervisor --ros-args'].
1731724378.2483277 [ERROR] [node_dc_servo-3]: process has died [pid 3511, exit code 255, cmd '/home/tomccd/Documents/Code/Python/DATN/install/module_motor/lib/module_motor/node_dc_servo --ros-args'].
1731724378.5566909 [ERROR] [node_dc_motor-5]: process has died [pid 3513, exit code 255, cmd '/home/tomccd/Documents/Code/Python/DATN/install/module_motor/lib/module_motor/node_dc_motor --ros-args'].
1731724378.6462579 [ERROR] [module_weigh-7]: process has died [pid 3515, exit code 255, cmd '/home/tomccd/Documents/Code/Python/DATN/install/module_weigh/lib/module_weigh/module_weigh --ros-args'].
