1732431697.9763062 [INFO] [launch]: All log files can be found below /home/tomccd/.ros/log/2024-11-24-14-01-37-972502-tomccd-raspberry4b-156203
1732431697.9769096 [INFO] [launch]: Default logging verbosity is set to INFO
1732431698.7893708 [INFO] [module_supervisor-1]: process started with pid [156236]
1732431698.8082132 [INFO] [module_scanning_interface-2]: process started with pid [156237]
1732431698.8091097 [INFO] [node_dc_servo-3]: process started with pid [156238]
1732431698.8104081 [INFO] [node_io_servo-4]: process started with pid [156239]
1732431698.8223035 [INFO] [node_dc_motor-5]: process started with pid [156240]
1732431698.8227897 [INFO] [node_io_weigh-6]: process started with pid [156241]
1732431698.8233535 [INFO] [module_weigh-7]: process started with pid [156242]
1732431698.8238862 [INFO] [module_log_file-8]: process started with pid [156243]
1732431698.8244779 [INFO] [module_send_email-9]: process started with pid [156244]
1732431698.8380108 [INFO] [node_io_start_stop_pending-10]: process started with pid [156245]
1732431705.6302502 [module_supervisor-1] [INFO] [1732431705.628943762] [Module_Supervisor]: ---- Supervisor: Connect to Server Module_Log_File Successfully ----
1732431705.6734285 [node_io_start_stop_pending-10] [INFO] [1732431705.669207751] [node_io_start_stop_pending]: ---- Server Server Module_Input.node_io_start_stop_pending: Start PIN: 0. Pending PIN: 0.  Stop PIN: 0----
1732431705.7300146 [node_io_start_stop_pending-10] [INFO] [1732431705.725987581] [node_io_start_stop_pending]: ---- Server Server Module_Input.node_io_start_stop_pending: Start PIN: 0. Pending PIN: 0.  Stop PIN: 0----
1732431705.8477437 [node_dc_servo-3] [INFO] [1732431705.844590964] [node_servo_motor]: ---- Server Module_Motor.node_dc_motor: Init Server ----
1732431705.9669929 [node_io_start_stop_pending-10] [INFO] [1732431705.963976629] [node_io_start_stop_pending]: ---- Server Server Module_Input.node_io_start_stop_pending: Start PIN: 0. Pending PIN: 0.  Stop PIN: 0----
1732431706.2087965 [node_io_start_stop_pending-10] [INFO] [1732431706.208252606] [node_io_start_stop_pending]: ---- Server Server Module_Input.node_io_start_stop_pending: Start PIN: 0. Pending PIN: 0.  Stop PIN: 0----
1732431706.4587438 [node_io_start_stop_pending-10] [INFO] [1732431706.458221234] [node_io_start_stop_pending]: ---- Server Server Module_Input.node_io_start_stop_pending: Start PIN: 0. Pending PIN: 0.  Stop PIN: 0----
1732431706.6345789 [module_supervisor-1] [WARN] [1732431706.633775613] [Module_Supervisor]: ---- Supervisor: Waiting to connect to server Module_Scanning&Interface ----
1732431706.7119768 [node_io_start_stop_pending-10] [INFO] [1732431706.708721327] [node_io_start_stop_pending]: ---- Server Server Module_Input.node_io_start_stop_pending: Start PIN: 0. Pending PIN: 0.  Stop PIN: 0----
1732431706.9604001 [node_io_start_stop_pending-10] [INFO] [1732431706.959497885] [node_io_start_stop_pending]: ---- Server Server Module_Input.node_io_start_stop_pending: Start PIN: 0. Pending PIN: 0.  Stop PIN: 0----
1732431707.1411541 [module_supervisor-1] [INFO] [1732431707.140282338] [Module_Supervisor]: ---- Supervisor: Connect to Server Module_Scanning&Interface Successfully ----
1732431707.1444995 [module_supervisor-1] [INFO] [1732431707.143689240] [Module_Supervisor]: ---- Supervisor: Connect to Server Module_Input.node_io_weigh Successfully ----
1732431707.1484444 [module_supervisor-1] [INFO] [1732431707.147614625] [Module_Supervisor]: ---- Supervisor: Connect to Server Module_Weigh Successfully ----
1732431707.1525373 [module_supervisor-1] [INFO] [1732431707.151737993] [Module_Supervisor]: ---- Supervisor: Connect to Server Module_Motor.node_dc_motor Successfully ----
1732431707.1568429 [module_supervisor-1] [INFO] [1732431707.156090232] [Module_Supervisor]: ---- Supervisor: Connect to Server Module_Input.node_io_servo Successfully ----
1732431707.1607730 [module_supervisor-1] [INFO] [1732431707.160045914] [Module_Supervisor]: ---- Supervisor: Connect to Server Module_Motor.node_dc_servo Successfully ----
1732431707.1658196 [module_supervisor-1] [INFO] [1732431707.165096359] [Module_Supervisor]: ---- Supervisor: Connect to Server Module_Send_Email Successfully ----
1732431707.1712286 [module_supervisor-1] [INFO] [1732431707.170453417] [Module_Supervisor]: ---- Supervisor: Connect to Server Module_Input.node_io_start_stop_pending Successfully ----
1732431707.2091763 [node_io_start_stop_pending-10] [INFO] [1732431707.208522840] [node_io_start_stop_pending]: ---- Server Server Module_Input.node_io_start_stop_pending: Start PIN: 0. Pending PIN: 0.  Stop PIN: 0----
1732431707.4600985 [node_io_start_stop_pending-10] [INFO] [1732431707.459505563] [node_io_start_stop_pending]: ---- Server Server Module_Input.node_io_start_stop_pending: Start PIN: 0. Pending PIN: 0.  Stop PIN: 0----
1732431707.5754437 [module_scanning_interface-2] [INFO] [1732431707.574697023] [module_scanning_interface]: ----  Server Module_Scanning&Interface: Connect to DB Successfully ----
1732431707.7119627 [node_io_start_stop_pending-10] [INFO] [1732431707.711079787] [node_io_start_stop_pending]: ---- Server Server Module_Input.node_io_start_stop_pending: Start PIN: 0. Pending PIN: 0.  Stop PIN: 0----
1732431707.9587574 [node_io_start_stop_pending-10] [INFO] [1732431707.958245309] [node_io_start_stop_pending]: ---- Server Server Module_Input.node_io_start_stop_pending: Start PIN: 0. Pending PIN: 0.  Stop PIN: 0----
1732431708.2149417 [node_io_start_stop_pending-10] [INFO] [1732431708.213018562] [node_io_start_stop_pending]: ---- Server Server Module_Input.node_io_start_stop_pending: Start PIN: 0. Pending PIN: 0.  Stop PIN: 0----
1732431708.4624913 [node_io_start_stop_pending-10] [INFO] [1732431708.461828644] [node_io_start_stop_pending]: ---- Server Server Module_Input.node_io_start_stop_pending: Start PIN: 0. Pending PIN: 0.  Stop PIN: 0----
1732431708.7095387 [node_io_start_stop_pending-10] [INFO] [1732431708.708959052] [node_io_start_stop_pending]: ---- Server Server Module_Input.node_io_start_stop_pending: Start PIN: 0. Pending PIN: 0.  Stop PIN: 0----
1732431708.9632652 [node_io_start_stop_pending-10] [INFO] [1732431708.962221391] [node_io_start_stop_pending]: ---- Server Server Module_Input.node_io_start_stop_pending: Start PIN: 0. Pending PIN: 0.  Stop PIN: 0----
1732431709.1759458 [module_supervisor-1] [INFO] [1732431709.175117982] [Module_Supervisor]: ---- Supervisor: Connect to Module_Scanning&Interface Successfully----
1732431709.1799891 [module_supervisor-1] [INFO] [1732431709.179136868] [Module_Supervisor]: ---- Supervisor: Connect to Module_Input.node Successfully----
1732431709.1843777 [module_supervisor-1] [INFO] [1732431709.183357698] [Module_Supervisor]: ---- Supervisor: Connect to Module_Weigh Successfully----
1732431709.1931500 [module_supervisor-1] [INFO] [1732431709.188110087] [Module_Supervisor]: ---- Supervisor: Connect to Module_Motor.node_dc_motor Successfully----
1732431709.1954851 [module_supervisor-1] [INFO] [1732431709.194641353] [Module_Supervisor]: ---- Supervisor: Connect to Module_Input.node_io_servo Successfully----
1732431709.2038898 [module_supervisor-1] [INFO] [1732431709.202609994] [Module_Supervisor]: ---- Supervisor: Connect to Module_Send_Email Successfully----
1732431709.2098198 [module_supervisor-1] [INFO] [1732431709.208234997] [Module_Supervisor]: ---- Supervisor: Connect to Module_Input.node_io_start_stop_pending Successfully ----
1732431709.2240632 [node_io_start_stop_pending-10] [INFO] [1732431709.222266254] [node_io_start_stop_pending]: ---- Server Server Module_Input.node_io_start_stop_pending: Start PIN: 0. Pending PIN: 0.  Stop PIN: 0----
1732431709.4606566 [node_io_start_stop_pending-10] [INFO] [1732431709.459901494] [node_io_start_stop_pending]: ---- Server Server Module_Input.node_io_start_stop_pending: Start PIN: 0. Pending PIN: 0.  Stop PIN: 0----
1732431709.7093794 [node_io_start_stop_pending-10] [INFO] [1732431709.708793296] [node_io_start_stop_pending]: ---- Server Server Module_Input.node_io_start_stop_pending: Start PIN: 0. Pending PIN: 0.  Stop PIN: 0----
1732431709.9620330 [node_io_start_stop_pending-10] [INFO] [1732431709.961126499] [node_io_start_stop_pending]: ---- Server Server Module_Input.node_io_start_stop_pending: Start PIN: 0. Pending PIN: 0.  Stop PIN: 0----
1732431710.2100799 [node_io_start_stop_pending-10] [INFO] [1732431710.209362537] [node_io_start_stop_pending]: ---- Server Server Module_Input.node_io_start_stop_pending: Start PIN: 0. Pending PIN: 0.  Stop PIN: 0----
1732431710.4606462 [node_io_start_stop_pending-10] [INFO] [1732431710.459897453] [node_io_start_stop_pending]: ---- Server Server Module_Input.node_io_start_stop_pending: Start PIN: 0. Pending PIN: 0.  Stop PIN: 0----
1732431710.7100973 [node_io_start_stop_pending-10] [INFO] [1732431710.709322124] [node_io_start_stop_pending]: ---- Server Server Module_Input.node_io_start_stop_pending: Start PIN: 0. Pending PIN: 0.  Stop PIN: 0----
1732431710.9617679 [node_io_start_stop_pending-10] [INFO] [1732431710.961020137] [node_io_start_stop_pending]: ---- Server Server Module_Input.node_io_start_stop_pending: Start PIN: 0. Pending PIN: 0.  Stop PIN: 1----
1732431710.9662156 [module_log_file-8] [INFO] [1732431710.965040689] [module_log_file]: ---- Server Module_Log_File: Creating Log File... ----
1732431710.9953537 [module_scanning_interface-2] [INFO] [1732431710.976993661] [module_scanning_interface]: ---- Server Module_Scanning_Interfaces: Receive Message: Terminate. Bye Bye.... ----
1732431711.0069730 [module_scanning_interface-2] Exception in thread Thread-1 (spin):
1732431711.0102038 [module_scanning_interface-2] Traceback (most recent call last):
1732431711.0177808 [module_scanning_interface-2]   File "/usr/lib/python3.12/threading.py", line 1073, in _bootstrap_inner
1732431711.0292034 [module_scanning_interface-2]     self.run()
1732431711.0316682 [module_scanning_interface-2]   File "/usr/lib/python3.12/threading.py", line 1010, in run
1732431711.0323288 [module_scanning_interface-2]     self._target(*self._args, **self._kwargs)
1732431711.0385857 [module_scanning_interface-2]   File "/opt/ros/jazzy/lib/python3.12/site-packages/rclpy/__init__.py", line 244, in spin
1732431711.0402520 [module_scanning_interface-2]     executor.spin_once()
1732431711.0407479 [module_scanning_interface-2]   File "/opt/ros/jazzy/lib/python3.12/site-packages/rclpy/executors.py", line 827, in spin_once
1732431711.0411258 [module_scanning_interface-2]     self._spin_once_impl(timeout_sec)
1732431711.0434430 [module_scanning_interface-2]   File "/opt/ros/jazzy/lib/python3.12/site-packages/rclpy/executors.py", line 822, in _spin_once_impl
1732431711.0482488 [module_scanning_interface-2]     raise handler.exception()
1732431711.0514741 [module_scanning_interface-2]   File "/opt/ros/jazzy/lib/python3.12/site-packages/rclpy/task.py", line 239, in __call__
1732431711.0521986 [module_scanning_interface-2]     self._handler.send(None)
1732431711.0529010 [module_scanning_interface-2]   File "/opt/ros/jazzy/lib/python3.12/site-packages/rclpy/executors.py", line 508, in handler
1732431711.0541074 [module_scanning_interface-2]     await call_coroutine()
1732431711.0547307 [module_scanning_interface-2]   File "/opt/ros/jazzy/lib/python3.12/site-packages/rclpy/executors.py", line 396, in _execute
1732431711.0551765 [module_scanning_interface-2]     await await_or_execute(sub.callback, *msg_tuple)
1732431711.0585032 [module_scanning_interface-2]   File "/opt/ros/jazzy/lib/python3.12/site-packages/rclpy/executors.py", line 111, in await_or_execute
1732431711.0614514 [module_scanning_interface-2]     return callback(*args)
1732431711.0619390 [module_scanning_interface-2]            ^^^^^^^^^^^^^^^
1732431711.0649760 [module_scanning_interface-2]   File "/home/tomccd/Documents/Code/Python/DATN/install/module_scanning_interface/lib/python3.12/site-packages/module_scanning_interface/module_scanning_interface.py", line 475, in on_closing
1732431711.0673728 [node_io_start_stop_pending-10] [INFO] [1732431710.988237092] [node_io_start_stop_pending]: ---- Server Module_Input.node_io_start_stop_pending: Receive Message: Terminate. Bye Bye.... ----
1732431711.0712628 [module_scanning_interface-2]     self.node.get_logger().error("Error","Your System has been corrupt. Please check the log file at '/home/tomccd/Documents/Code/Python/DATN/Packages/Log' Directory to check the Issue or waiting the Mail send to the Administartor")
1732431711.0732574 [module_scanning_interface-2] TypeError: RcutilsLogger.error() takes 2 positional arguments but 3 were given
1732431711.0745268 [node_dc_servo-3] [INFO] [1732431711.003029871] [node_servo_motor]: ---- Server Module_Motor.node_servo_motor: Receive Message: Terminate. Bye Bye.... ----
1732431711.2570920 [node_io_servo-4] [INFO] [1732431711.252724466] [node_io_servo]: ---- Server Module_Input.node_io_servo: Receive Message: Terminate. Bye Bye.... ----
1732431711.2906561 [node_dc_motor-5] [INFO] [1732431711.283797010] [node_dc_motor]: ---- Server Module_Motor.node_dc_motor: Receive Message: Terminate. Bye Bye.... ----
1732431711.3007331 [module_weigh-7] [INFO] [1732431711.296339761] [module_weigh]: ---- Server Module_Weigh: Receive Message: Terminate. Bye Bye.... ----
1732431711.5827317 [node_io_weigh-6] [INFO] [1732431711.580412098] [node_io_weigh]: ---- Server Module_Input.node_io_weigh: Receive Message: Terminate. Bye Bye.... ----
1732431711.8790736 [ERROR] [node_io_start_stop_pending-10]: process has died [pid 156245, exit code 255, cmd '/home/tomccd/Documents/Code/Python/DATN/install/module_input/lib/module_input/node_io_start_stop_pending --ros-args'].
1732431712.1314456 [ERROR] [node_io_servo-4]: process has died [pid 156239, exit code 255, cmd '/home/tomccd/Documents/Code/Python/DATN/install/module_input/lib/module_input/node_io_servo --ros-args'].
1732431712.4126253 [ERROR] [module_weigh-7]: process has died [pid 156242, exit code 255, cmd '/home/tomccd/Documents/Code/Python/DATN/install/module_weigh/lib/module_weigh/module_weigh --ros-args'].
1732431712.4333229 [ERROR] [module_supervisor-1]: process has died [pid 156236, exit code 255, cmd '/home/tomccd/Documents/Code/Python/DATN/install/module_supervisor/lib/module_supervisor/module_supervisor --ros-args'].
1732431712.5737238 [ERROR] [node_dc_servo-3]: process has died [pid 156238, exit code 255, cmd '/home/tomccd/Documents/Code/Python/DATN/install/module_motor/lib/module_motor/node_dc_servo --ros-args'].
1732431712.6036079 [ERROR] [node_io_weigh-6]: process has died [pid 156241, exit code 255, cmd '/home/tomccd/Documents/Code/Python/DATN/install/module_input/lib/module_input/node_io_weigh --ros-args'].
1732431712.6290808 [ERROR] [node_dc_motor-5]: process has died [pid 156240, exit code 255, cmd '/home/tomccd/Documents/Code/Python/DATN/install/module_motor/lib/module_motor/node_dc_motor --ros-args'].
