1731836262.6998904 [INFO] [launch]: All log files can be found below /home/tomccd/.ros/log/2024-11-17-16-37-42-695585-tomccd-raspberry4b-86691
1731836262.7005444 [INFO] [launch]: Default logging verbosity is set to INFO
1731836263.4824140 [INFO] [module_supervisor-1]: process started with pid [86713]
1731836263.4832721 [INFO] [module_scanning_interface-2]: process started with pid [86714]
1731836263.4839504 [INFO] [node_dc_servo-3]: process started with pid [86715]
1731836263.4845924 [INFO] [node_io_servo-4]: process started with pid [86716]
1731836263.4945972 [INFO] [node_dc_motor-5]: process started with pid [86717]
1731836263.4952223 [INFO] [node_io_weigh-6]: process started with pid [86718]
1731836263.5028899 [INFO] [module_weigh-7]: process started with pid [86719]
1731836263.5157785 [INFO] [module_log_file-8]: process started with pid [86720]
1731836263.5164363 [INFO] [module_send_email-9]: process started with pid [86721]
1731836268.9491191 [module_supervisor-1] [INFO] [1731836268.947895862] [Module_Supervisor]: ---- Supervisor: Connect to Server Module_Log_File Successfully ----
1731836269.7663004 [node_io_servo-4] [INFO] [1731836269.765055443] [node_io_servo]: ---- Server Server Module_Input.node_io_servo: TBDT PIN: 1. QA PIN: 1.  Diff PIN: 1----
1731836269.9601994 [module_supervisor-1] [WARN] [1731836269.955288662] [Module_Supervisor]: ---- Supervisor: Waiting to connect to server Module_Scanning&Interface ----
1731836270.0044889 [node_io_servo-4] [INFO] [1731836269.998487257] [node_io_servo]: ---- Server Server Module_Input.node_io_servo: TBDT PIN: 1. QA PIN: 1.  Diff PIN: 1----
1731836270.0885773 [node_io_weigh-6] [INFO] [1731836270.086764423] [node_io_weigh]: ---- Server Server Module_Input.node_io_weigh: Enable PIN: 1. Disable PIN: 1 ----
1731836270.1499941 [node_dc_servo-3] [INFO] [1731836270.148768963] [node_servo_motor]: ---- Server Module_Motor.node_dc_motor: Init Server ----
1731836270.2991958 [node_io_weigh-6] [INFO] [1731836270.298378227] [node_io_weigh]: ---- Server Server Module_Input.node_io_weigh: Enable PIN: 1. Disable PIN: 1 ----
1731836270.3465662 [node_io_servo-4] [INFO] [1731836270.345752143] [node_io_servo]: ---- Server Server Module_Input.node_io_servo: TBDT PIN: 1. QA PIN: 1.  Diff PIN: 1----
1731836270.6472330 [node_io_weigh-6] [INFO] [1731836270.646369424] [node_io_weigh]: ---- Server Server Module_Input.node_io_weigh: Enable PIN: 1. Disable PIN: 1 ----
1731836270.6993411 [node_io_servo-4] [INFO] [1731836270.698381179] [node_io_servo]: ---- Server Server Module_Input.node_io_servo: TBDT PIN: 1. QA PIN: 1.  Diff PIN: 1----
1731836270.9604511 [module_supervisor-1] [WARN] [1731836270.959396466] [Module_Supervisor]: ---- Supervisor: Waiting to connect to server Module_Scanning&Interface ----
1731836270.9979346 [node_io_weigh-6] [INFO] [1731836270.997044670] [node_io_weigh]: ---- Server Server Module_Input.node_io_weigh: Enable PIN: 1. Disable PIN: 1 ----
1731836271.0609772 [node_io_servo-4] [INFO] [1731836271.059067376] [node_io_servo]: ---- Server Server Module_Input.node_io_servo: TBDT PIN: 1. QA PIN: 1.  Diff PIN: 1----
1731836271.3507962 [node_io_weigh-6] [INFO] [1731836271.349446020] [node_io_weigh]: ---- Server Server Module_Input.node_io_weigh: Enable PIN: 1. Disable PIN: 1 ----
1731836271.3967843 [node_io_servo-4] [INFO] [1731836271.395881383] [node_io_servo]: ---- Server Server Module_Input.node_io_servo: TBDT PIN: 1. QA PIN: 1.  Diff PIN: 1----
1731836271.6974130 [node_io_weigh-6] [INFO] [1731836271.696499144] [node_io_weigh]: ---- Server Server Module_Input.node_io_weigh: Enable PIN: 1. Disable PIN: 1 ----
1731836271.7462826 [node_io_servo-4] [INFO] [1731836271.745440759] [node_io_servo]: ---- Server Server Module_Input.node_io_servo: TBDT PIN: 1. QA PIN: 1.  Diff PIN: 1----
1731836271.9744763 [module_supervisor-1] [WARN] [1731836271.971041760] [Module_Supervisor]: ---- Supervisor: Waiting to connect to server Module_Scanning&Interface ----
1731836272.0585785 [node_io_weigh-6] [INFO] [1731836272.057577227] [node_io_weigh]: ---- Server Server Module_Input.node_io_weigh: Enable PIN: 1. Disable PIN: 1 ----
1731836272.0970514 [node_io_servo-4] [INFO] [1731836272.096071891] [node_io_servo]: ---- Server Server Module_Input.node_io_servo: TBDT PIN: 1. QA PIN: 1.  Diff PIN: 1----
1731836272.2267799 [module_supervisor-1] [INFO] [1731836272.225832286] [Module_Supervisor]: ---- Supervisor: Connect to Server Module_Scanning&Interface Successfully ----
1731836272.2304056 [module_supervisor-1] [INFO] [1731836272.229268738] [Module_Supervisor]: ---- Supervisor: Connect to Server Module_Input.node_io_weigh Successfully ----
1731836272.2342720 [module_supervisor-1] [INFO] [1731836272.232803969] [Module_Supervisor]: ---- Supervisor: Connect to Server Module_Weigh Successfully ----
1731836272.2388036 [module_supervisor-1] [INFO] [1731836272.236857160] [Module_Supervisor]: ---- Supervisor: Connect to Server Module_Motor.node_dc_motor Successfully ----
1731836272.2429781 [module_supervisor-1] [INFO] [1731836272.241554887] [Module_Supervisor]: ---- Supervisor: Connect to Server Module_Input.node_io_servo Successfully ----
1731836272.2522068 [module_supervisor-1] [INFO] [1731836272.245842467] [Module_Supervisor]: ---- Supervisor: Connect to Server Module_Motor.node_dc_servo Successfully ----
1731836272.2621763 [module_supervisor-1] [INFO] [1731836272.257319767] [Module_Supervisor]: ---- Supervisor: Connect to Server Module_Send_Email Successfully ----
1731836272.3686006 [node_dc_motor-5] [INFO] [1731836272.367735496] [node_dc_motor]: ---- Server Module_Motor.node_dc_motor: Receive Intialized Request: Ready ----
1731836272.3776658 [module_supervisor-1] [INFO] [1731836272.376005953] [Module_Supervisor]: ---- Supervisor: Receive Init Respond from Server Module_Motor.node_dc_motor: OK
1731836272.3995533 [node_io_weigh-6] [INFO] [1731836272.398455090] [node_io_weigh]: ---- Server Server Module_Input.node_io_weigh: Enable PIN: 1. Disable PIN: 1 ----
1731836272.4497623 [node_io_servo-4] [INFO] [1731836272.446573855] [node_io_servo]: ---- Server Server Module_Input.node_io_servo: TBDT PIN: 1. QA PIN: 1.  Diff PIN: 1----
1731836272.5801425 [module_scanning_interface-2] [INFO] [1731836272.578976427] [module_scanning_interface]: ----  Server Module_Scanning&Interface: Connect to DB Successfully ----
1731836272.7495213 [node_io_weigh-6] [INFO] [1731836272.748468574] [node_io_weigh]: ---- Server Server Module_Input.node_io_weigh: Enable PIN: 1. Disable PIN: 1 ----
1731836272.7997043 [node_io_servo-4] [INFO] [1731836272.798389945] [node_io_servo]: ---- Server Server Module_Input.node_io_servo: TBDT PIN: 1. QA PIN: 1.  Diff PIN: 1----
1731836273.0980723 [node_io_weigh-6] [INFO] [1731836273.097135044] [node_io_weigh]: ---- Server Server Module_Input.node_io_weigh: Enable PIN: 1. Disable PIN: 1 ----
1731836273.1481266 [node_io_servo-4] [INFO] [1731836273.147109859] [node_io_servo]: ---- Server Server Module_Input.node_io_servo: TBDT PIN: 1. QA PIN: 1.  Diff PIN: 1----
1731836273.4783757 [node_io_weigh-6] [INFO] [1731836273.466168747] [node_io_weigh]: ---- Server Server Module_Input.node_io_weigh: Enable PIN: 1. Disable PIN: 1 ----
1731836273.4979067 [node_io_servo-4] [INFO] [1731836273.496559565] [node_io_servo]: ---- Server Server Module_Input.node_io_servo: TBDT PIN: 1. QA PIN: 1.  Diff PIN: 1----
1731836273.8000300 [node_io_weigh-6] [INFO] [1731836273.798405486] [node_io_weigh]: ---- Server Server Module_Input.node_io_weigh: Enable PIN: 1. Disable PIN: 1 ----
1731836273.8533547 [node_io_servo-4] [INFO] [1731836273.848991243] [node_io_servo]: ---- Server Server Module_Input.node_io_servo: TBDT PIN: 1. QA PIN: 1.  Diff PIN: 1----
1731836274.1475551 [node_io_weigh-6] [INFO] [1731836274.146791768] [node_io_weigh]: ---- Server Server Module_Input.node_io_weigh: Enable PIN: 1. Disable PIN: 1 ----
1731836274.1970658 [node_io_servo-4] [INFO] [1731836274.196169400] [node_io_servo]: ---- Server Server Module_Input.node_io_servo: TBDT PIN: 1. QA PIN: 1.  Diff PIN: 1----
1731836274.3852167 [module_supervisor-1] [INFO] [1731836274.381962404] [Module_Supervisor]: ---- Supervisor: Connect to Module_Scanning&Interface Successfully----
1731836274.3937249 [module_supervisor-1] [INFO] [1731836274.390358249] [Module_Supervisor]: ---- Supervisor: Connect to Module_Input.node Successfully----
1731836274.3985391 [module_supervisor-1] [INFO] [1731836274.396287232] [Module_Supervisor]: ---- Supervisor: Connect to Module_Weigh Successfully----
1731836274.4036880 [module_supervisor-1] [INFO] [1731836274.401743975] [Module_Supervisor]: ---- Supervisor: Connect to Module_Motor.node_dc_motor Successfully----
1731836274.4173279 [module_supervisor-1] [INFO] [1731836274.414159549] [Module_Supervisor]: ---- Supervisor: Connect to Module_Input.node_io_servo Successfully----
1731836274.4215741 [module_supervisor-1] [INFO] [1731836274.420321975] [Module_Supervisor]: ---- Supervisor: Connect to Module_Send_Email Successfully----
1731836274.4984200 [node_io_weigh-6] [INFO] [1731836274.497461135] [node_io_weigh]: ---- Server Server Module_Input.node_io_weigh: Enable PIN: 1. Disable PIN: 1 ----
1731836274.5465631 [node_io_servo-4] [INFO] [1731836274.545403827] [node_io_servo]: ---- Server Server Module_Input.node_io_servo: TBDT PIN: 1. QA PIN: 1.  Diff PIN: 1----
1731836274.8495536 [node_io_weigh-6] [INFO] [1731836274.846769433] [node_io_weigh]: ---- Server Server Module_Input.node_io_weigh: Enable PIN: 1. Disable PIN: 1 ----
1731836274.8962982 [node_io_servo-4] [INFO] [1731836274.895385381] [node_io_servo]: ---- Server Server Module_Input.node_io_servo: TBDT PIN: 1. QA PIN: 1.  Diff PIN: 1----
1731836275.2000675 [node_io_weigh-6] [INFO] [1731836275.197082540] [node_io_weigh]: ---- Server Server Module_Input.node_io_weigh: Enable PIN: 1. Disable PIN: 1 ----
1731836275.2474899 [node_io_servo-4] [INFO] [1731836275.246433968] [node_io_servo]: ---- Server Server Module_Input.node_io_servo: TBDT PIN: 1. QA PIN: 1.  Diff PIN: 1----
1731836275.5503762 [node_io_weigh-6] [INFO] [1731836275.546459780] [node_io_weigh]: ---- Server Server Module_Input.node_io_weigh: Enable PIN: 1. Disable PIN: 1 ----
1731836275.5965970 [node_io_servo-4] [INFO] [1731836275.595820263] [node_io_servo]: ---- Server Server Module_Input.node_io_servo: TBDT PIN: 1. QA PIN: 1.  Diff PIN: 1----
1731836275.8995399 [node_io_weigh-6] [INFO] [1731836275.898779177] [node_io_weigh]: ---- Server Server Module_Input.node_io_weigh: Enable PIN: 1. Disable PIN: 1 ----
1731836275.9478190 [node_io_servo-4] [INFO] [1731836275.946961349] [node_io_servo]: ---- Server Server Module_Input.node_io_servo: TBDT PIN: 1. QA PIN: 1.  Diff PIN: 1----
1731836276.2476110 [node_io_weigh-6] [INFO] [1731836276.246838104] [node_io_weigh]: ---- Server Server Module_Input.node_io_weigh: Enable PIN: 1. Disable PIN: 1 ----
1731836276.2977819 [node_io_servo-4] [INFO] [1731836276.295534144] [node_io_servo]: ---- Server Server Module_Input.node_io_servo: TBDT PIN: 1. QA PIN: 1.  Diff PIN: 1----
1731836276.3587565 [module_scanning_interface-2] /home/tomccd/Documents/Code/Python/DATN/install/module_scanning_interface/lib/python3.12/site-packages/module_scanning_interface/module_scanning_interface.py:340: UserWarning: pandas only supports SQLAlchemy connectable (engine/connection) or database string URI or sqlite3 DBAPI2 connection. Other DBAPI2 objects are not tested. Please consider using SQLAlchemy.
1731836276.3592386 [module_scanning_interface-2]   df = pd.read_sql(sql_query,self.conn)
1731836276.3868034 [module_supervisor-1] [INFO] [1731836276.382603126] [Module_Supervisor]: ---- Supervisor: Connect to Module_Scanning&Interface Successfully----
1731836276.3888655 [module_scanning_interface-2] /home/tomccd/Documents/Code/Python/DATN/install/module_scanning_interface/lib/python3.12/site-packages/module_scanning_interface/module_scanning_interface.py:348: UserWarning: pandas only supports SQLAlchemy connectable (engine/connection) or database string URI or sqlite3 DBAPI2 connection. Other DBAPI2 objects are not tested. Please consider using SQLAlchemy.
1731836276.3907754 [module_scanning_interface-2]   df = pd.read_sql(sql_query,self.conn)
1731836276.3939226 [module_supervisor-1] [INFO] [1731836276.388858107] [Module_Supervisor]: ---- Supervisor: Connect to Module_Input.node Successfully----
1731836276.4002070 [module_supervisor-1] [INFO] [1731836276.393964907] [Module_Supervisor]: ---- Supervisor: Connect to Module_Weigh Successfully----
1731836276.4041395 [module_supervisor-1] [INFO] [1731836276.398955151] [Module_Supervisor]: ---- Supervisor: Connect to Module_Motor.node_dc_motor Successfully----
1731836276.4078875 [module_supervisor-1] [INFO] [1731836276.404342413] [Module_Supervisor]: ---- Supervisor: Connect to Module_Input.node_io_servo Successfully----
1731836276.4134607 [module_supervisor-1] [INFO] [1731836276.408929677] [Module_Supervisor]: ---- Supervisor: Connect to Module_Send_Email Successfully----
1731836276.4579723 [module_scanning_interface-2] [INFO] [1731836276.457116885] [module_scanning_interface]: Data Collect: [['NK_S1', 'Quan ao']]
1731836276.5663493 [module_scanning_interface-2] [INFO] [1731836276.565269693] [module_scanning_interface]: Data Collect: [['NK_S1', 'Quan ao']]
1731836276.6003952 [node_io_weigh-6] [INFO] [1731836276.598109002] [node_io_weigh]: ---- Server Server Module_Input.node_io_weigh: Enable PIN: 1. Disable PIN: 1 ----
1731836276.6470642 [node_io_servo-4] [INFO] [1731836276.645983378] [node_io_servo]: ---- Server Server Module_Input.node_io_servo: TBDT PIN: 1. QA PIN: 1.  Diff PIN: 1----
1731836276.6886024 [module_scanning_interface-2] [INFO] [1731836276.687557403] [module_scanning_interface]: Data Collect: [['NK_S1', 'Quan ao']]
1731836276.7891765 [module_scanning_interface-2] [INFO] [1731836276.788064733] [module_scanning_interface]: Data Collect: [['NK_S1', 'Quan ao']]
1731836276.8842521 [module_scanning_interface-2] [INFO] [1731836276.883279098] [module_scanning_interface]: Data Collect: [['NK_S1', 'Quan ao']]
1731836276.9512997 [node_io_weigh-6] [INFO] [1731836276.949586196] [node_io_weigh]: ---- Server Server Module_Input.node_io_weigh: Enable PIN: 1. Disable PIN: 1 ----
1731836276.9971747 [node_io_servo-4] [INFO] [1731836276.996200021] [node_io_servo]: ---- Server Server Module_Input.node_io_servo: TBDT PIN: 1. QA PIN: 1.  Diff PIN: 1----
1731836277.0015907 [module_scanning_interface-2] [INFO] [1731836277.000579933] [module_scanning_interface]: Data Collect: [['NK_S1', 'Quan ao']]
1731836277.1045113 [module_scanning_interface-2] [INFO] [1731836277.103654904] [module_scanning_interface]: Data Collect: [['NK_S1', 'Quan ao']]
1731836277.2144115 [module_scanning_interface-2] [INFO] [1731836277.213165447] [module_scanning_interface]: Data Collect: [['NK_S1', 'Quan ao']]
1731836277.2978275 [node_io_weigh-6] [INFO] [1731836277.296997160] [node_io_weigh]: ---- Server Server Module_Input.node_io_weigh: Enable PIN: 1. Disable PIN: 1 ----
1731836277.3402750 [module_scanning_interface-2] [INFO] [1731836277.339129627] [module_scanning_interface]: Data Collect: [['NK_S1', 'Quan ao']]
1731836277.3503010 [node_io_servo-4] [INFO] [1731836277.349113671] [node_io_servo]: ---- Server Server Module_Input.node_io_servo: TBDT PIN: 1. QA PIN: 1.  Diff PIN: 1----
1731836277.4552910 [module_scanning_interface-2] [INFO] [1731836277.453445786] [module_scanning_interface]: Data Collect: [['NK_S1', 'Quan ao']]
1731836277.5704727 [module_scanning_interface-2] [INFO] [1731836277.569490903] [module_scanning_interface]: Data Collect: [['NK_S1', 'Quan ao']]
1731836277.6487868 [node_io_weigh-6] [INFO] [1731836277.647904113] [node_io_weigh]: ---- Server Server Module_Input.node_io_weigh: Enable PIN: 1. Disable PIN: 1 ----
1731836277.6965485 [node_io_servo-4] [INFO] [1731836277.695498786] [node_io_servo]: ---- Server Server Module_Input.node_io_servo: TBDT PIN: 1. QA PIN: 1.  Diff PIN: 1----
1731836277.9985366 [node_io_weigh-6] [INFO] [1731836277.997288089] [node_io_weigh]: ---- Server Server Module_Input.node_io_weigh: Enable PIN: 1. Disable PIN: 1 ----
1731836278.0474343 [node_io_servo-4] [INFO] [1731836278.046490220] [node_io_servo]: ---- Server Server Module_Input.node_io_servo: TBDT PIN: 1. QA PIN: 1.  Diff PIN: 1----
1731836278.3482020 [node_io_weigh-6] [INFO] [1731836278.347293173] [node_io_weigh]: ---- Server Server Module_Input.node_io_weigh: Enable PIN: 1. Disable PIN: 1 ----
1731836278.3827245 [module_supervisor-1] [INFO] [1731836278.379850686] [Module_Supervisor]: ---- Supervisor: Connect to Module_Scanning&Interface Successfully----
1731836278.3869467 [module_supervisor-1] [INFO] [1731836278.382818085] [Module_Supervisor]: ---- Supervisor: Connect to Module_Input.node Successfully----
1731836278.3910303 [module_supervisor-1] [INFO] [1731836278.387158516] [Module_Supervisor]: ---- Supervisor: Connect to Module_Weigh Successfully----
1731836278.3954008 [module_supervisor-1] [INFO] [1731836278.391120856] [Module_Supervisor]: ---- Supervisor: Connect to Module_Motor.node_dc_motor Successfully----
1731836278.3989305 [module_supervisor-1] [INFO] [1731836278.395732398] [Module_Supervisor]: ---- Supervisor: Connect to Module_Input.node_io_servo Successfully----
1731836278.4041657 [module_supervisor-1] [INFO] [1731836278.400522217] [Module_Supervisor]: ---- Supervisor: Connect to Module_Send_Email Successfully----
1731836278.4087794 [node_io_servo-4] [INFO] [1731836278.405936108] [node_io_servo]: ---- Server Server Module_Input.node_io_servo: TBDT PIN: 1. QA PIN: 1.  Diff PIN: 1----
1731836278.6976697 [node_io_weigh-6] [INFO] [1731836278.696451536] [node_io_weigh]: ---- Server Server Module_Input.node_io_weigh: Enable PIN: 1. Disable PIN: 1 ----
1731836278.7479811 [node_io_servo-4] [INFO] [1731836278.747033718] [node_io_servo]: ---- Server Server Module_Input.node_io_servo: TBDT PIN: 1. QA PIN: 1.  Diff PIN: 1----
1731836279.0513985 [node_io_weigh-6] [INFO] [1731836279.048126670] [node_io_weigh]: ---- Server Server Module_Input.node_io_weigh: Enable PIN: 1. Disable PIN: 1 ----
1731836279.1044075 [node_io_servo-4] [INFO] [1731836279.102686895] [node_io_servo]: ---- Server Server Module_Input.node_io_servo: TBDT PIN: 1. QA PIN: 1.  Diff PIN: 1----
1731836279.4015307 [node_io_weigh-6] [INFO] [1731836279.399194822] [node_io_weigh]: ---- Server Server Module_Input.node_io_weigh: Enable PIN: 1. Disable PIN: 1 ----
1731836279.4478319 [node_io_servo-4] [INFO] [1731836279.446830235] [node_io_servo]: ---- Server Server Module_Input.node_io_servo: TBDT PIN: 1. QA PIN: 1.  Diff PIN: 1----
1731836279.7473707 [node_io_weigh-6] [INFO] [1731836279.746635318] [node_io_weigh]: ---- Server Server Module_Input.node_io_weigh: Enable PIN: 1. Disable PIN: 1 ----
1731836279.7985420 [node_io_servo-4] [INFO] [1731836279.797716536] [node_io_servo]: ---- Server Server Module_Input.node_io_servo: TBDT PIN: 1. QA PIN: 1.  Diff PIN: 1----
1731836280.1001730 [node_io_weigh-6] [INFO] [1731836280.099008985] [node_io_weigh]: ---- Server Server Module_Input.node_io_weigh: Enable PIN: 1. Disable PIN: 1 ----
1731836280.1465294 [node_io_servo-4] [INFO] [1731836280.145694808] [node_io_servo]: ---- Server Server Module_Input.node_io_servo: TBDT PIN: 1. QA PIN: 1.  Diff PIN: 1----
1731836280.3803365 [module_supervisor-1] [INFO] [1731836280.379451439] [Module_Supervisor]: ---- Supervisor: Connect to Module_Scanning&Interface Successfully----
1731836280.3850420 [module_supervisor-1] [INFO] [1731836280.383878056] [Module_Supervisor]: ---- Supervisor: Connect to Module_Input.node Successfully----
1731836280.3937020 [module_supervisor-1] [INFO] [1731836280.387606582] [Module_Supervisor]: ---- Supervisor: Connect to Module_Weigh Successfully----
1731836280.4085531 [module_supervisor-1] [INFO] [1731836280.405990378] [Module_Supervisor]: ---- Supervisor: Connect to Module_Motor.node_dc_motor Successfully----
1731836280.4165754 [module_supervisor-1] [INFO] [1731836280.412887228] [Module_Supervisor]: ---- Supervisor: Connect to Module_Input.node_io_servo Successfully----
1731836280.4253368 [module_supervisor-1] [INFO] [1731836280.421016759] [Module_Supervisor]: ---- Supervisor: Connect to Module_Send_Email Successfully----
1731836280.4587986 [node_io_weigh-6] [INFO] [1731836280.452402887] [node_io_weigh]: ---- Server Server Module_Input.node_io_weigh: Enable PIN: 1. Disable PIN: 1 ----
1731836280.5007460 [node_io_servo-4] [INFO] [1731836280.496742087] [node_io_servo]: ---- Server Server Module_Input.node_io_servo: TBDT PIN: 1. QA PIN: 1.  Diff PIN: 1----
1731836280.7994049 [node_io_weigh-6] [INFO] [1731836280.798416071] [node_io_weigh]: ---- Server Server Module_Input.node_io_weigh: Enable PIN: 1. Disable PIN: 1 ----
1731836280.8545320 [node_io_servo-4] [INFO] [1731836280.849870472] [node_io_servo]: ---- Server Server Module_Input.node_io_servo: TBDT PIN: 1. QA PIN: 1.  Diff PIN: 1----
1731836281.1499953 [node_io_weigh-6] [INFO] [1731836281.148453150] [node_io_weigh]: ---- Server Server Module_Input.node_io_weigh: Enable PIN: 1. Disable PIN: 1 ----
1731836281.1997604 [node_io_servo-4] [INFO] [1731836281.198864702] [node_io_servo]: ---- Server Server Module_Input.node_io_servo: TBDT PIN: 1. QA PIN: 1.  Diff PIN: 1----
1731836281.4990134 [node_io_weigh-6] [INFO] [1731836281.498030710] [node_io_weigh]: ---- Server Server Module_Input.node_io_weigh: Enable PIN: 1. Disable PIN: 1 ----
1731836281.5491920 [node_io_servo-4] [INFO] [1731836281.546093565] [node_io_servo]: ---- Server Server Module_Input.node_io_servo: TBDT PIN: 1. QA PIN: 1.  Diff PIN: 1----
1731836281.8484914 [node_io_weigh-6] [INFO] [1731836281.847645899] [node_io_weigh]: ---- Server Server Module_Input.node_io_weigh: Enable PIN: 1. Disable PIN: 1 ----
1731836281.8974268 [node_io_servo-4] [INFO] [1731836281.896577400] [node_io_servo]: ---- Server Server Module_Input.node_io_servo: TBDT PIN: 1. QA PIN: 1.  Diff PIN: 1----
1731836282.1976950 [node_io_weigh-6] [INFO] [1731836282.196846293] [node_io_weigh]: ---- Server Server Module_Input.node_io_weigh: Enable PIN: 1. Disable PIN: 1 ----
1731836282.2468891 [node_io_servo-4] [INFO] [1731836282.245901349] [node_io_servo]: ---- Server Server Module_Input.node_io_servo: TBDT PIN: 1. QA PIN: 1.  Diff PIN: 1----
1731836282.3844240 [module_supervisor-1] [INFO] [1731836282.383272435] [Module_Supervisor]: ---- Supervisor: Connect to Module_Scanning&Interface Successfully----
1731836282.3907554 [module_supervisor-1] [INFO] [1731836282.389394305] [Module_Supervisor]: ---- Supervisor: Connect to Module_Input.node Successfully----
1731836282.3949375 [module_supervisor-1] [INFO] [1731836282.393182775] [Module_Supervisor]: ---- Supervisor: Connect to Module_Weigh Successfully----
1731836282.4013581 [module_supervisor-1] [INFO] [1731836282.398542204] [Module_Supervisor]: ---- Supervisor: Connect to Module_Motor.node_dc_motor Successfully----
1731836282.4122283 [module_supervisor-1] [INFO] [1731836282.411314221] [Module_Supervisor]: ---- Supervisor: Connect to Module_Input.node_io_servo Successfully----
1731836282.4325747 [module_supervisor-1] [INFO] [1731836282.427019970] [Module_Supervisor]: ---- Supervisor: Connect to Module_Send_Email Successfully----
1731836282.5478513 [node_io_weigh-6] [INFO] [1731836282.546718165] [node_io_weigh]: ---- Server Server Module_Input.node_io_weigh: Enable PIN: 1. Disable PIN: 1 ----
1731836282.6078160 [node_io_servo-4] [INFO] [1731836282.605936357] [node_io_servo]: ---- Server Server Module_Input.node_io_servo: TBDT PIN: 1. QA PIN: 1.  Diff PIN: 1----
1731836282.9004834 [node_io_weigh-6] [INFO] [1731836282.897493775] [node_io_weigh]: ---- Server Server Module_Input.node_io_weigh: Enable PIN: 1. Disable PIN: 1 ----
1731836282.9595976 [node_io_servo-4] [INFO] [1731836282.956997336] [node_io_servo]: ---- Server Server Module_Input.node_io_servo: TBDT PIN: 1. QA PIN: 1.  Diff PIN: 1----
1731836283.2492108 [node_io_weigh-6] [INFO] [1731836283.247589071] [node_io_weigh]: ---- Server Server Module_Input.node_io_weigh: Enable PIN: 1. Disable PIN: 1 ----
1731836283.2962759 [node_io_servo-4] [INFO] [1731836283.295310575] [node_io_servo]: ---- Server Server Module_Input.node_io_servo: TBDT PIN: 1. QA PIN: 1.  Diff PIN: 1----
1731836283.5989285 [node_io_weigh-6] [INFO] [1731836283.597852681] [node_io_weigh]: ---- Server Server Module_Input.node_io_weigh: Enable PIN: 1. Disable PIN: 1 ----
1731836283.6478071 [node_io_servo-4] [INFO] [1731836283.646072461] [node_io_servo]: ---- Server Server Module_Input.node_io_servo: TBDT PIN: 1. QA PIN: 1.  Diff PIN: 1----
1731836283.9477777 [node_io_weigh-6] [INFO] [1731836283.946875590] [node_io_weigh]: ---- Server Server Module_Input.node_io_weigh: Enable PIN: 1. Disable PIN: 1 ----
1731836283.9962313 [node_io_servo-4] [INFO] [1731836283.995324722] [node_io_servo]: ---- Server Server Module_Input.node_io_servo: TBDT PIN: 1. QA PIN: 1.  Diff PIN: 1----
1731836284.3008976 [node_io_weigh-6] [INFO] [1731836284.299806172] [node_io_weigh]: ---- Server Server Module_Input.node_io_weigh: Enable PIN: 1. Disable PIN: 1 ----
1731836284.3474231 [node_io_servo-4] [INFO] [1731836284.346215513] [node_io_servo]: ---- Server Server Module_Input.node_io_servo: TBDT PIN: 1. QA PIN: 1.  Diff PIN: 1----
1731836284.3832362 [module_supervisor-1] [INFO] [1731836284.381734072] [Module_Supervisor]: ---- Supervisor: Connect to Module_Scanning&Interface Successfully----
1731836284.3886697 [module_supervisor-1] [INFO] [1731836284.387783998] [Module_Supervisor]: ---- Supervisor: Connect to Module_Input.node Successfully----
1731836284.3938835 [module_supervisor-1] [INFO] [1731836284.391019711] [Module_Supervisor]: ---- Supervisor: Connect to Module_Weigh Successfully----
1731836284.3983893 [module_supervisor-1] [INFO] [1731836284.396961970] [Module_Supervisor]: ---- Supervisor: Connect to Module_Motor.node_dc_motor Successfully----
1731836284.4038048 [module_supervisor-1] [INFO] [1731836284.401755974] [Module_Supervisor]: ---- Supervisor: Connect to Module_Input.node_io_servo Successfully----
1731836284.4172626 [module_supervisor-1] [INFO] [1731836284.415079471] [Module_Supervisor]: ---- Supervisor: Connect to Module_Send_Email Successfully----
1731836284.6478341 [node_io_weigh-6] [INFO] [1731836284.646457494] [node_io_weigh]: ---- Server Server Module_Input.node_io_weigh: Enable PIN: 1. Disable PIN: 1 ----
1731836284.7022099 [node_io_servo-4] [INFO] [1731836284.701207754] [node_io_servo]: ---- Server Server Module_Input.node_io_servo: TBDT PIN: 1. QA PIN: 1.  Diff PIN: 1----
1731836284.9981360 [node_io_weigh-6] [INFO] [1731836284.997339211] [node_io_weigh]: ---- Server Server Module_Input.node_io_weigh: Enable PIN: 1. Disable PIN: 1 ----
1731836285.0478141 [node_io_servo-4] [INFO] [1731836285.046240785] [node_io_servo]: ---- Server Server Module_Input.node_io_servo: TBDT PIN: 1. QA PIN: 1.  Diff PIN: 1----
1731836285.3488259 [node_io_weigh-6] [INFO] [1731836285.347258484] [node_io_weigh]: ---- Server Server Module_Input.node_io_weigh: Enable PIN: 1. Disable PIN: 1 ----
1731836285.3977313 [node_io_servo-4] [INFO] [1731836285.396814260] [node_io_servo]: ---- Server Server Module_Input.node_io_servo: TBDT PIN: 1. QA PIN: 1.  Diff PIN: 1----
1731836285.6978905 [node_io_weigh-6] [INFO] [1731836285.696511741] [node_io_weigh]: ---- Server Server Module_Input.node_io_weigh: Enable PIN: 1. Disable PIN: 1 ----
1731836285.7481437 [node_io_servo-4] [INFO] [1731836285.747078995] [node_io_servo]: ---- Server Server Module_Input.node_io_servo: TBDT PIN: 1. QA PIN: 1.  Diff PIN: 1----
1731836285.8340790 [module_scanning_interface-2] [INFO] [1731836285.833106550] [module_scanning_interface]: Data Collect: [['NK_S1', 'Quan ao'], ['IP15', 'Thiet bi dien tu']]
1731836285.9552627 [module_scanning_interface-2] [INFO] [1731836285.954213924] [module_scanning_interface]: Data Collect: [['NK_S1', 'Quan ao'], ['IP15', 'Thiet bi dien tu']]
1731836286.0501943 [node_io_weigh-6] [INFO] [1731836286.049237747] [node_io_weigh]: ---- Server Server Module_Input.node_io_weigh: Enable PIN: 1. Disable PIN: 1 ----
1731836286.0558069 [module_scanning_interface-2] [INFO] [1731836286.054740526] [module_scanning_interface]: Data Collect: [['NK_S1', 'Quan ao'], ['IP15', 'Thiet bi dien tu']]
1731836286.0977995 [node_io_servo-4] [INFO] [1731836286.096489696] [node_io_servo]: ---- Server Server Module_Input.node_io_servo: TBDT PIN: 1. QA PIN: 1.  Diff PIN: 1----
1731836286.1646996 [module_scanning_interface-2] [INFO] [1731836286.163543696] [module_scanning_interface]: Data Collect: [['NK_S1', 'Quan ao'], ['IP15', 'Thiet bi dien tu']]
1731836286.2611411 [module_scanning_interface-2] [INFO] [1731836286.260181903] [module_scanning_interface]: Data Collect: [['NK_S1', 'Quan ao'], ['IP15', 'Thiet bi dien tu']]
1731836286.3653762 [module_scanning_interface-2] [INFO] [1731836286.364175717] [module_scanning_interface]: Data Collect: [['NK_S1', 'Quan ao'], ['IP15', 'Thiet bi dien tu']]
1731836286.3931568 [module_supervisor-1] [INFO] [1731836286.386131613] [Module_Supervisor]: ---- Supervisor: Connect to Module_Scanning&Interface Successfully----
1731836286.4038804 [node_io_weigh-6] [INFO] [1731836286.401974639] [node_io_weigh]: ---- Server Server Module_Input.node_io_weigh: Enable PIN: 1. Disable PIN: 1 ----
1731836286.4065807 [module_supervisor-1] [INFO] [1731836286.402094787] [Module_Supervisor]: ---- Supervisor: Connect to Module_Input.node Successfully----
1731836286.4107838 [module_supervisor-1] [INFO] [1731836286.409587820] [Module_Supervisor]: ---- Supervisor: Connect to Module_Weigh Successfully----
1731836286.4158204 [module_supervisor-1] [INFO] [1731836286.413827288] [Module_Supervisor]: ---- Supervisor: Connect to Module_Motor.node_dc_motor Successfully----
1731836286.4207902 [module_supervisor-1] [INFO] [1731836286.418216571] [Module_Supervisor]: ---- Supervisor: Connect to Module_Input.node_io_servo Successfully----
1731836286.4321895 [module_supervisor-1] [INFO] [1731836286.428838724] [Module_Supervisor]: ---- Supervisor: Connect to Module_Send_Email Successfully----
1731836286.4531014 [node_io_servo-4] [INFO] [1731836286.450246641] [node_io_servo]: ---- Server Server Module_Input.node_io_servo: TBDT PIN: 1. QA PIN: 1.  Diff PIN: 1----
1731836286.4899852 [module_scanning_interface-2] [INFO] [1731836286.487075196] [module_scanning_interface]: Data Collect: [['NK_S1', 'Quan ao'], ['IP15', 'Thiet bi dien tu']]
1731836286.6071219 [module_scanning_interface-2] [INFO] [1731836286.606173149] [module_scanning_interface]: Data Collect: [['NK_S1', 'Quan ao'], ['IP15', 'Thiet bi dien tu']]
1731836286.7225075 [module_scanning_interface-2] [INFO] [1731836286.721670187] [module_scanning_interface]: Data Collect: [['NK_S1', 'Quan ao'], ['IP15', 'Thiet bi dien tu']]
1731836286.7522984 [node_io_weigh-6] [INFO] [1731836286.750052472] [node_io_weigh]: ---- Server Server Module_Input.node_io_weigh: Enable PIN: 1. Disable PIN: 1 ----
1731836286.7992435 [node_io_servo-4] [INFO] [1731836286.796066943] [node_io_servo]: ---- Server Server Module_Input.node_io_servo: TBDT PIN: 1. QA PIN: 1.  Diff PIN: 1----
1731836287.0999780 [node_io_weigh-6] [INFO] [1731836287.098551914] [node_io_weigh]: ---- Server Server Module_Input.node_io_weigh: Enable PIN: 1. Disable PIN: 1 ----
1731836287.1510589 [node_io_servo-4] [INFO] [1731836287.147362284] [node_io_servo]: ---- Server Server Module_Input.node_io_servo: TBDT PIN: 1. QA PIN: 1.  Diff PIN: 1----
1731836287.4524035 [node_io_weigh-6] [INFO] [1731836287.450094437] [node_io_weigh]: ---- Server Server Module_Input.node_io_weigh: Enable PIN: 1. Disable PIN: 1 ----
1731836287.4990065 [node_io_servo-4] [INFO] [1731836287.498012718] [node_io_servo]: ---- Server Server Module_Input.node_io_servo: TBDT PIN: 1. QA PIN: 1.  Diff PIN: 1----
1731836287.7994194 [node_io_weigh-6] [INFO] [1731836287.798422897] [node_io_weigh]: ---- Server Server Module_Input.node_io_weigh: Enable PIN: 1. Disable PIN: 1 ----
1731836287.8482730 [node_io_servo-4] [INFO] [1731836287.846668269] [node_io_servo]: ---- Server Server Module_Input.node_io_servo: TBDT PIN: 1. QA PIN: 1.  Diff PIN: 1----
1731836288.1499016 [node_io_weigh-6] [INFO] [1731836288.149054737] [node_io_weigh]: ---- Server Server Module_Input.node_io_weigh: Enable PIN: 1. Disable PIN: 1 ----
1731836288.1990063 [node_io_servo-4] [INFO] [1731836288.195445818] [node_io_servo]: ---- Server Server Module_Input.node_io_servo: TBDT PIN: 1. QA PIN: 1.  Diff PIN: 1----
1731836288.3857553 [module_supervisor-1] [INFO] [1731836288.381991417] [Module_Supervisor]: ---- Supervisor: Connect to Module_Scanning&Interface Successfully----
1731836288.4007375 [module_supervisor-1] [INFO] [1731836288.391210333] [Module_Supervisor]: ---- Supervisor: Connect to Module_Input.node Successfully----
1731836288.4179890 [module_supervisor-1] [INFO] [1731836288.414101282] [Module_Supervisor]: ---- Supervisor: Connect to Module_Weigh Successfully----
1731836288.4293444 [module_supervisor-1] [INFO] [1731836288.423683494] [Module_Supervisor]: ---- Supervisor: Connect to Module_Motor.node_dc_motor Successfully----
1731836288.4402902 [module_supervisor-1] [INFO] [1731836288.438417578] [Module_Supervisor]: ---- Supervisor: Connect to Module_Input.node_io_servo Successfully----
1731836288.4444282 [module_supervisor-1] [INFO] [1731836288.443092046] [Module_Supervisor]: ---- Supervisor: Connect to Module_Send_Email Successfully----
1731836288.5034013 [node_io_weigh-6] [INFO] [1731836288.500581574] [node_io_weigh]: ---- Server Server Module_Input.node_io_weigh: Enable PIN: 1. Disable PIN: 1 ----
1731836288.5574265 [node_io_servo-4] [INFO] [1731836288.554115744] [node_io_servo]: ---- Server Server Module_Input.node_io_servo: TBDT PIN: 1. QA PIN: 1.  Diff PIN: 1----
1731836288.8490186 [node_io_weigh-6] [INFO] [1731836288.846966445] [node_io_weigh]: ---- Server Server Module_Input.node_io_weigh: Enable PIN: 1. Disable PIN: 1 ----
1731836288.8971395 [node_io_servo-4] [INFO] [1731836288.895350853] [node_io_servo]: ---- Server Server Module_Input.node_io_servo: TBDT PIN: 1. QA PIN: 1.  Diff PIN: 1----
1731836289.1992497 [node_io_weigh-6] [INFO] [1731836289.198181930] [node_io_weigh]: ---- Server Server Module_Input.node_io_weigh: Enable PIN: 1. Disable PIN: 1 ----
1731836289.2491016 [node_io_servo-4] [INFO] [1731836289.246901874] [node_io_servo]: ---- Server Server Module_Input.node_io_servo: TBDT PIN: 1. QA PIN: 1.  Diff PIN: 1----
1731836289.5473120 [node_io_weigh-6] [INFO] [1731836289.546524496] [node_io_weigh]: ---- Server Server Module_Input.node_io_weigh: Enable PIN: 1. Disable PIN: 1 ----
1731836289.5973651 [node_io_servo-4] [INFO] [1731836289.595525606] [node_io_servo]: ---- Server Server Module_Input.node_io_servo: TBDT PIN: 1. QA PIN: 1.  Diff PIN: 1----
1731836289.8989108 [node_io_weigh-6] [INFO] [1731836289.898091553] [node_io_weigh]: ---- Server Server Module_Input.node_io_weigh: Enable PIN: 1. Disable PIN: 1 ----
1731836289.9483812 [node_io_servo-4] [INFO] [1731836289.947313718] [node_io_servo]: ---- Server Server Module_Input.node_io_servo: TBDT PIN: 1. QA PIN: 1.  Diff PIN: 1----
1731836290.2502322 [node_io_weigh-6] [INFO] [1731836290.249257406] [node_io_weigh]: ---- Server Server Module_Input.node_io_weigh: Enable PIN: 1. Disable PIN: 1 ----
1731836290.3016093 [node_io_servo-4] [INFO] [1731836290.299388901] [node_io_servo]: ---- Server Server Module_Input.node_io_servo: TBDT PIN: 1. QA PIN: 1.  Diff PIN: 1----
1731836290.3835542 [module_supervisor-1] [INFO] [1731836290.381010652] [Module_Supervisor]: ---- Supervisor: Connect to Module_Scanning&Interface Successfully----
1731836290.3913221 [module_supervisor-1] [INFO] [1731836290.387066837] [Module_Supervisor]: ---- Supervisor: Connect to Module_Input.node Successfully----
1731836290.3998272 [module_supervisor-1] [INFO] [1731836290.395716107] [Module_Supervisor]: ---- Supervisor: Connect to Module_Weigh Successfully----
1731836290.4134362 [module_supervisor-1] [INFO] [1731836290.412265315] [Module_Supervisor]: ---- Supervisor: Connect to Module_Motor.node_dc_motor Successfully----
1731836290.4285917 [module_supervisor-1] [INFO] [1731836290.423273819] [Module_Supervisor]: ---- Supervisor: Connect to Module_Input.node_io_servo Successfully----
1731836290.4336834 [module_supervisor-1] [INFO] [1731836290.430551704] [Module_Supervisor]: ---- Supervisor: Connect to Module_Send_Email Successfully----
1731836290.6004534 [node_io_weigh-6] [INFO] [1731836290.599132670] [node_io_weigh]: ---- Server Server Module_Input.node_io_weigh: Enable PIN: 1. Disable PIN: 1 ----
1731836290.6497526 [node_io_servo-4] [INFO] [1731836290.647225708] [node_io_servo]: ---- Server Server Module_Input.node_io_servo: TBDT PIN: 1. QA PIN: 1.  Diff PIN: 1----
1731836290.9480002 [node_io_weigh-6] [INFO] [1731836290.947014940] [node_io_weigh]: ---- Server Server Module_Input.node_io_weigh: Enable PIN: 1. Disable PIN: 1 ----
1731836290.9985726 [node_io_servo-4] [INFO] [1731836290.995898550] [node_io_servo]: ---- Server Server Module_Input.node_io_servo: TBDT PIN: 1. QA PIN: 1.  Diff PIN: 1----
1731836291.2984090 [node_io_weigh-6] [INFO] [1731836291.297599515] [node_io_weigh]: ---- Server Server Module_Input.node_io_weigh: Enable PIN: 1. Disable PIN: 1 ----
1731836291.3463218 [node_io_servo-4] [INFO] [1731836291.345432202] [node_io_servo]: ---- Server Server Module_Input.node_io_servo: TBDT PIN: 1. QA PIN: 1.  Diff PIN: 1----
1731836291.6490035 [node_io_weigh-6] [INFO] [1731836291.647976923] [node_io_weigh]: ---- Server Server Module_Input.node_io_weigh: Enable PIN: 1. Disable PIN: 1 ----
1731836291.6971333 [node_io_servo-4] [INFO] [1731836291.696231331] [node_io_servo]: ---- Server Server Module_Input.node_io_servo: TBDT PIN: 1. QA PIN: 1.  Diff PIN: 1----
1731836291.9973369 [node_io_weigh-6] [INFO] [1731836291.996464874] [node_io_weigh]: ---- Server Server Module_Input.node_io_weigh: Enable PIN: 0. Disable PIN: 1 ----
1731836292.0476134 [node_io_servo-4] [INFO] [1731836292.045514465] [node_io_servo]: ---- Server Server Module_Input.node_io_servo: TBDT PIN: 1. QA PIN: 1.  Diff PIN: 1----
1731836292.1464269 [module_weigh-7] [INFO] [1731836292.144383717] [module_weigh]: ---- Server Module Weigh Receive Message: True ----
1731836292.3485494 [node_io_weigh-6] [INFO] [1731836292.346965558] [node_io_weigh]: ---- Server Server Module_Input.node_io_weigh: Enable PIN: 1. Disable PIN: 0 ----
1731836292.3559325 [module_weigh-7] [INFO] [1731836292.354537961] [module_weigh]: ---- Server Module Weigh Receive Message: False ----
1731836292.3873100 [module_supervisor-1] [INFO] [1731836292.386255882] [Module_Supervisor]: ---- Supervisor: Connect to Module_Scanning&Interface Successfully----
1731836292.3985882 [module_supervisor-1] [INFO] [1731836292.395060522] [Module_Supervisor]: ---- Supervisor: Connect to Module_Input.node Successfully----
1731836292.4054363 [module_supervisor-1] [INFO] [1731836292.402477758] [Module_Supervisor]: ---- Supervisor: Connect to Module_Weigh Successfully----
1731836292.4095583 [node_io_servo-4] [INFO] [1731836292.406025433] [node_io_servo]: ---- Server Server Module_Input.node_io_servo: TBDT PIN: 1. QA PIN: 1.  Diff PIN: 1----
1731836292.4126985 [module_supervisor-1] [INFO] [1731836292.408970572] [Module_Supervisor]: ---- Supervisor: Connect to Module_Motor.node_dc_motor Successfully----
1731836292.4285412 [module_supervisor-1] [INFO] [1731836292.416602808] [Module_Supervisor]: ---- Supervisor: Connect to Module_Input.node_io_servo Successfully----
1731836292.4331367 [module_supervisor-1] [INFO] [1731836292.423368861] [Module_Supervisor]: ---- Supervisor: Connect to Module_Send_Email Successfully----
1731836292.5511475 [module_weigh-7] [INFO] [1731836292.547997627] [module_weigh]: --- Server Module_Weigh Max: 76.74
1731836292.6984921 [node_io_weigh-6] [INFO] [1731836292.697121021] [node_io_weigh]: ---- Server Server Module_Input.node_io_weigh: Enable PIN: 1. Disable PIN: 1 ----
1731836292.7570169 [node_io_servo-4] [INFO] [1731836292.752114204] [node_io_servo]: ---- Server Server Module_Input.node_io_servo: TBDT PIN: 1. QA PIN: 1.  Diff PIN: 1----
1731836293.0488219 [node_io_weigh-6] [INFO] [1731836293.047864593] [node_io_weigh]: ---- Server Server Module_Input.node_io_weigh: Enable PIN: 1. Disable PIN: 1 ----
1731836293.0980916 [node_io_servo-4] [INFO] [1731836293.095848908] [node_io_servo]: ---- Server Server Module_Input.node_io_servo: TBDT PIN: 1. QA PIN: 1.  Diff PIN: 1----
1731836293.4045491 [node_io_weigh-6] [INFO] [1731836293.403733110] [node_io_weigh]: ---- Server Server Module_Input.node_io_weigh: Enable PIN: 1. Disable PIN: 1 ----
1731836293.4478765 [node_io_servo-4] [INFO] [1731836293.447038847] [node_io_servo]: ---- Server Server Module_Input.node_io_servo: TBDT PIN: 1. QA PIN: 1.  Diff PIN: 1----
1731836293.7493637 [node_io_weigh-6] [INFO] [1731836293.748418440] [node_io_weigh]: ---- Server Server Module_Input.node_io_weigh: Enable PIN: 1. Disable PIN: 1 ----
1731836293.7997451 [node_io_servo-4] [INFO] [1731836293.798218472] [node_io_servo]: ---- Server Server Module_Input.node_io_servo: TBDT PIN: 0. QA PIN: 1.  Diff PIN: 1----
1731836293.8196118 [module_scanning_interface-2] [INFO] [1731836293.818501706] [module_scanning_interface]: ---- Module_Scanning_Interface: Type Product: Quan ao
1731836293.8293405 [node_dc_servo-3] [INFO] [1731836293.827026716] [node_servo_motor]: ---- Node_DC_Servo: Rotate Servo TBDT AVD ----
1731836294.1087723 [node_io_weigh-6] [INFO] [1731836294.107887427] [node_io_weigh]: ---- Server Server Module_Input.node_io_weigh: Enable PIN: 1. Disable PIN: 1 ----
1731836294.1566038 [node_io_servo-4] [INFO] [1731836294.154693171] [node_io_servo]: ---- Server Server Module_Input.node_io_servo: TBDT PIN: 0. QA PIN: 1.  Diff PIN: 1----
1731836294.1642749 [module_scanning_interface-2] [INFO] [1731836294.161180466] [module_scanning_interface]: ---- Module_Scanning_Interface: Type Product: Quan ao
1731836294.1831927 [node_dc_servo-3] [INFO] [1731836294.180925480] [node_servo_motor]: ---- Node_DC_Servo: Rotate Servo TBDT AVD ----
1731836294.3837385 [module_supervisor-1] [INFO] [1731836294.380434124] [Module_Supervisor]: ---- Supervisor: Connect to Module_Scanning&Interface Successfully----
1731836294.3883374 [module_supervisor-1] [INFO] [1731836294.386206699] [Module_Supervisor]: ---- Supervisor: Connect to Module_Input.node Successfully----
1731836294.3955123 [module_supervisor-1] [INFO] [1731836294.393022734] [Module_Supervisor]: ---- Supervisor: Connect to Module_Weigh Successfully----
1731836294.4031646 [module_supervisor-1] [INFO] [1731836294.401853540] [Module_Supervisor]: ---- Supervisor: Connect to Module_Motor.node_dc_motor Successfully----
1731836294.4191086 [module_supervisor-1] [INFO] [1731836294.412925191] [Module_Supervisor]: ---- Supervisor: Connect to Module_Input.node_io_servo Successfully----
1731836294.4343133 [module_supervisor-1] [INFO] [1731836294.430720803] [Module_Supervisor]: ---- Supervisor: Connect to Module_Send_Email Successfully----
1731836294.4565597 [node_io_weigh-6] [INFO] [1731836294.455598023] [node_io_weigh]: ---- Server Server Module_Input.node_io_weigh: Enable PIN: 1. Disable PIN: 1 ----
1731836294.5079086 [node_io_servo-4] [INFO] [1731836294.499952942] [node_io_servo]: ---- Server Server Module_Input.node_io_servo: TBDT PIN: 1. QA PIN: 1.  Diff PIN: 1----
1731836294.7991033 [node_io_weigh-6] [INFO] [1731836294.798270634] [node_io_weigh]: ---- Server Server Module_Input.node_io_weigh: Enable PIN: 1. Disable PIN: 1 ----
1731836294.8480675 [node_io_servo-4] [INFO] [1731836294.846558652] [node_io_servo]: ---- Server Server Module_Input.node_io_servo: TBDT PIN: 1. QA PIN: 1.  Diff PIN: 1----
1731836295.1482320 [node_io_weigh-6] [INFO] [1731836295.147175392] [node_io_weigh]: ---- Server Server Module_Input.node_io_weigh: Enable PIN: 1. Disable PIN: 1 ----
1731836295.1968887 [node_io_servo-4] [INFO] [1731836295.195654947] [node_io_servo]: ---- Server Server Module_Input.node_io_servo: TBDT PIN: 1. QA PIN: 1.  Diff PIN: 1----
1731836295.4974830 [node_io_weigh-6] [INFO] [1731836295.496572852] [node_io_weigh]: ---- Server Server Module_Input.node_io_weigh: Enable PIN: 1. Disable PIN: 1 ----
1731836295.5465901 [node_io_servo-4] [INFO] [1731836295.545538127] [node_io_servo]: ---- Server Server Module_Input.node_io_servo: TBDT PIN: 1. QA PIN: 0.  Diff PIN: 1----
1731836295.5561674 [module_scanning_interface-2] [INFO] [1731836295.552856141] [module_scanning_interface]: ---- Module_Scanning_Interface: Type Product: Quan ao
1731836295.5620584 [module_scanning_interface-2] [INFO] [1731836295.557380608] [module_scanning_interface]: ---- Module_Scanning_Interface: Remain Data: [['IP15', 'Thiet bi dien tu']]
1731836295.5672395 [node_dc_servo-3] [INFO] [1731836295.566153748] [node_servo_motor]: ---- Node_DC_Servo: Rotate Servo QA DSG ----
1731836295.8495290 [node_io_weigh-6] [INFO] [1731836295.848464081] [node_io_weigh]: ---- Server Server Module_Input.node_io_weigh: Enable PIN: 1. Disable PIN: 1 ----
1731836295.8982127 [node_io_servo-4] [INFO] [1731836295.896989968] [node_io_servo]: ---- Server Server Module_Input.node_io_servo: TBDT PIN: 1. QA PIN: 1.  Diff PIN: 1----
1731836296.2084017 [node_io_weigh-6] [INFO] [1731836296.207490806] [node_io_weigh]: ---- Server Server Module_Input.node_io_weigh: Enable PIN: 1. Disable PIN: 1 ----
1731836296.2530529 [node_io_servo-4] [INFO] [1731836296.252158557] [node_io_servo]: ---- Server Server Module_Input.node_io_servo: TBDT PIN: 1. QA PIN: 1.  Diff PIN: 1----
1731836296.3814056 [module_supervisor-1] [INFO] [1731836296.380434660] [Module_Supervisor]: ---- Supervisor: Connect to Module_Scanning&Interface Successfully----
1731836296.3842175 [module_supervisor-1] [INFO] [1731836296.383318466] [Module_Supervisor]: ---- Supervisor: Connect to Module_Input.node Successfully----
1731836296.3895917 [module_supervisor-1] [INFO] [1731836296.386645530] [Module_Supervisor]: ---- Supervisor: Connect to Module_Weigh Successfully----
1731836296.3943748 [module_supervisor-1] [INFO] [1731836296.393434990] [Module_Supervisor]: ---- Supervisor: Connect to Module_Motor.node_dc_motor Successfully----
1731836296.4001763 [module_supervisor-1] [INFO] [1731836296.398278364] [Module_Supervisor]: ---- Supervisor: Connect to Module_Input.node_io_servo Successfully----
1731836296.4141884 [module_supervisor-1] [INFO] [1731836296.403584422] [Module_Supervisor]: ---- Supervisor: Connect to Module_Send_Email Successfully----
1731836296.5525274 [node_io_weigh-6] [INFO] [1731836296.551493132] [node_io_weigh]: ---- Server Server Module_Input.node_io_weigh: Enable PIN: 1. Disable PIN: 1 ----
1731836296.5975442 [node_io_servo-4] [INFO] [1731836296.596342437] [node_io_servo]: ---- Server Server Module_Input.node_io_servo: TBDT PIN: 1. QA PIN: 1.  Diff PIN: 1----
1731836296.8974233 [node_io_weigh-6] [INFO] [1731836296.896651695] [node_io_weigh]: ---- Server Server Module_Input.node_io_weigh: Enable PIN: 1. Disable PIN: 1 ----
1731836296.9463744 [node_io_servo-4] [INFO] [1731836296.945578395] [node_io_servo]: ---- Server Server Module_Input.node_io_servo: TBDT PIN: 1. QA PIN: 1.  Diff PIN: 1----
1731836297.2484636 [node_io_weigh-6] [INFO] [1731836297.247599738] [node_io_weigh]: ---- Server Server Module_Input.node_io_weigh: Enable PIN: 1. Disable PIN: 1 ----
1731836297.2988698 [node_io_servo-4] [INFO] [1731836297.297126974] [node_io_servo]: ---- Server Server Module_Input.node_io_servo: TBDT PIN: 1. QA PIN: 1.  Diff PIN: 1----
1731836297.6026938 [node_io_weigh-6] [INFO] [1731836297.600544646] [node_io_weigh]: ---- Server Server Module_Input.node_io_weigh: Enable PIN: 0. Disable PIN: 1 ----
1731836297.6093700 [module_weigh-7] [INFO] [1731836297.607126144] [module_weigh]: ---- Server Module Weigh Receive Message: True ----
1731836297.6525016 [node_io_servo-4] [INFO] [1731836297.651545414] [node_io_servo]: ---- Server Server Module_Input.node_io_servo: TBDT PIN: 1. QA PIN: 1.  Diff PIN: 1----
1731836297.9489682 [node_io_weigh-6] [INFO] [1731836297.947682627] [node_io_weigh]: ---- Server Server Module_Input.node_io_weigh: Enable PIN: 1. Disable PIN: 0 ----
1731836297.9595938 [module_weigh-7] [INFO] [1731836297.958104205] [module_weigh]: ---- Server Module Weigh Receive Message: False ----
1731836298.0053003 [node_io_servo-4] [INFO] [1731836298.002089958] [node_io_servo]: ---- Server Server Module_Input.node_io_servo: TBDT PIN: 1. QA PIN: 1.  Diff PIN: 1----
1731836298.0517485 [module_weigh-7] [INFO] [1731836298.049964347] [module_weigh]: --- Server Module_Weigh Max: 77.0
1731836298.2983172 [node_io_weigh-6] [INFO] [1731836298.297396672] [node_io_weigh]: ---- Server Server Module_Input.node_io_weigh: Enable PIN: 1. Disable PIN: 1 ----
1731836298.3488102 [node_io_servo-4] [INFO] [1731836298.347062092] [node_io_servo]: ---- Server Server Module_Input.node_io_servo: TBDT PIN: 1. QA PIN: 1.  Diff PIN: 1----
1731836298.3831160 [module_supervisor-1] [INFO] [1731836298.381090598] [Module_Supervisor]: ---- Supervisor: Connect to Module_Scanning&Interface Successfully----
1731836298.3878314 [module_supervisor-1] [INFO] [1731836298.386721710] [Module_Supervisor]: ---- Supervisor: Connect to Module_Input.node Successfully----
1731836298.3934665 [module_supervisor-1] [INFO] [1731836298.390448328] [Module_Supervisor]: ---- Supervisor: Connect to Module_Weigh Successfully----
1731836298.4028559 [module_supervisor-1] [INFO] [1731836298.399560059] [Module_Supervisor]: ---- Supervisor: Connect to Module_Motor.node_dc_motor Successfully----
1731836298.4092274 [module_supervisor-1] [INFO] [1731836298.405407411] [Module_Supervisor]: ---- Supervisor: Connect to Module_Input.node_io_servo Successfully----
1731836298.4151888 [module_supervisor-1] [INFO] [1731836298.412098001] [Module_Supervisor]: ---- Supervisor: Connect to Module_Send_Email Successfully----
1731836298.6477604 [node_io_weigh-6] [INFO] [1731836298.646912014] [node_io_weigh]: ---- Server Server Module_Input.node_io_weigh: Enable PIN: 1. Disable PIN: 1 ----
1731836298.7039492 [node_io_servo-4] [INFO] [1731836298.702894729] [node_io_servo]: ---- Server Server Module_Input.node_io_servo: TBDT PIN: 1. QA PIN: 1.  Diff PIN: 1----
1731836298.9979696 [node_io_weigh-6] [INFO] [1731836298.997097872] [node_io_weigh]: ---- Server Server Module_Input.node_io_weigh: Enable PIN: 1. Disable PIN: 1 ----
1731836299.0481315 [node_io_servo-4] [INFO] [1731836299.045678722] [node_io_servo]: ---- Server Server Module_Input.node_io_servo: TBDT PIN: 0. QA PIN: 1.  Diff PIN: 1----
1731836299.0555506 [module_scanning_interface-2] [INFO] [1731836299.054006029] [module_scanning_interface]: ---- Module_Scanning_Interface: Type Product: Thiet bi dien tu
1731836299.0619957 [node_dc_servo-3] [INFO] [1731836299.060525694] [node_servo_motor]: ---- Node_DC_Servo: Rotate Servo TBDT DSG ----
1731836299.0659621 [module_scanning_interface-2] [INFO] [1731836299.061982115] [module_scanning_interface]: ---- Module_Scanning_Interface: Remain Data: []
1731836299.3480880 [node_io_weigh-6] [INFO] [1731836299.347262118] [node_io_weigh]: ---- Server Server Module_Input.node_io_weigh: Enable PIN: 1. Disable PIN: 1 ----
1731836299.4041774 [node_io_servo-4] [INFO] [1731836299.400768785] [node_io_servo]: ---- Server Server Module_Input.node_io_servo: TBDT PIN: 0. QA PIN: 1.  Diff PIN: 1----
1731836299.6983714 [node_io_weigh-6] [INFO] [1731836299.697450234] [node_io_weigh]: ---- Server Server Module_Input.node_io_weigh: Enable PIN: 1. Disable PIN: 1 ----
1731836299.7471349 [node_io_servo-4] [INFO] [1731836299.746062824] [node_io_servo]: ---- Server Server Module_Input.node_io_servo: TBDT PIN: 1. QA PIN: 1.  Diff PIN: 1----
1731836300.0514233 [node_io_weigh-6] [INFO] [1731836300.048571069] [node_io_weigh]: ---- Server Server Module_Input.node_io_weigh: Enable PIN: 1. Disable PIN: 1 ----
1731836300.1098814 [node_io_servo-4] [INFO] [1731836300.108015550] [node_io_servo]: ---- Server Server Module_Input.node_io_servo: TBDT PIN: 1. QA PIN: 1.  Diff PIN: 1----
1731836300.3815300 [module_supervisor-1] [INFO] [1731836300.380228666] [Module_Supervisor]: ---- Supervisor: Connect to Module_Scanning&Interface Successfully----
1731836300.3879635 [module_supervisor-1] [INFO] [1731836300.386827590] [Module_Supervisor]: ---- Supervisor: Connect to Module_Input.node Successfully----
1731836300.3931599 [module_supervisor-1] [INFO] [1731836300.391249928] [Module_Supervisor]: ---- Supervisor: Connect to Module_Weigh Successfully----
1731836300.3988097 [module_supervisor-1] [INFO] [1731836300.396710337] [Module_Supervisor]: ---- Supervisor: Connect to Module_Motor.node_dc_motor Successfully----
1731836300.4010937 [node_io_weigh-6] [INFO] [1731836300.400205511] [node_io_weigh]: ---- Server Server Module_Input.node_io_weigh: Enable PIN: 1. Disable PIN: 1 ----
1731836300.4059362 [module_supervisor-1] [INFO] [1731836300.403971685] [Module_Supervisor]: ---- Supervisor: Connect to Module_Input.node_io_servo Successfully----
1731836300.4125776 [module_supervisor-1] [INFO] [1731836300.410298239] [Module_Supervisor]: ---- Supervisor: Connect to Module_Send_Email Successfully----
1731836300.4603472 [node_io_servo-4] [INFO] [1731836300.453537938] [node_io_servo]: ---- Server Server Module_Input.node_io_servo: TBDT PIN: 1. QA PIN: 1.  Diff PIN: 1----
1731836300.7473326 [node_io_weigh-6] [INFO] [1731836300.746561248] [node_io_weigh]: ---- Server Server Module_Input.node_io_weigh: Enable PIN: 1. Disable PIN: 1 ----
1731836300.7965682 [node_io_servo-4] [INFO] [1731836300.795735984] [node_io_servo]: ---- Server Server Module_Input.node_io_servo: TBDT PIN: 1. QA PIN: 1.  Diff PIN: 1----
1731836301.0977070 [node_io_weigh-6] [INFO] [1731836301.096935805] [node_io_weigh]: ---- Server Server Module_Input.node_io_weigh: Enable PIN: 1. Disable PIN: 1 ----
1731836301.1463919 [node_io_servo-4] [INFO] [1731836301.145558839] [node_io_servo]: ---- Server Server Module_Input.node_io_servo: TBDT PIN: 1. QA PIN: 1.  Diff PIN: 1----
1731836301.4475033 [node_io_weigh-6] [INFO] [1731836301.446705197] [node_io_weigh]: ---- Server Server Module_Input.node_io_weigh: Enable PIN: 1. Disable PIN: 1 ----
1731836301.4966023 [node_io_servo-4] [INFO] [1731836301.495792636] [node_io_servo]: ---- Server Server Module_Input.node_io_servo: TBDT PIN: 1. QA PIN: 1.  Diff PIN: 1----
1731836301.7988236 [node_io_weigh-6] [INFO] [1731836301.797979657] [node_io_weigh]: ---- Server Server Module_Input.node_io_weigh: Enable PIN: 1. Disable PIN: 1 ----
1731836301.8557537 [node_io_servo-4] [INFO] [1731836301.851293361] [node_io_servo]: ---- Server Server Module_Input.node_io_servo: TBDT PIN: 1. QA PIN: 1.  Diff PIN: 1----
1731836302.1512535 [node_io_weigh-6] [INFO] [1731836302.147258938] [node_io_weigh]: ---- Server Server Module_Input.node_io_weigh: Enable PIN: 1. Disable PIN: 1 ----
1731836302.1999407 [node_io_servo-4] [INFO] [1731836302.198994980] [node_io_servo]: ---- Server Server Module_Input.node_io_servo: TBDT PIN: 1. QA PIN: 1.  Diff PIN: 1----
1731836302.3841765 [module_supervisor-1] [INFO] [1731836302.379596490] [Module_Supervisor]: ---- Supervisor: Connect to Module_Scanning&Interface Successfully----
1731836302.3903198 [module_supervisor-1] [INFO] [1731836302.385821489] [Module_Supervisor]: ---- Supervisor: Connect to Module_Input.node Successfully----
1731836302.4020348 [module_supervisor-1] [INFO] [1731836302.395490403] [Module_Supervisor]: ---- Supervisor: Connect to Module_Weigh Successfully----
1731836302.4150338 [module_supervisor-1] [INFO] [1731836302.413616550] [Module_Supervisor]: ---- Supervisor: Connect to Module_Motor.node_dc_motor Successfully----
1731836302.4327617 [module_supervisor-1] [INFO] [1731836302.425317921] [Module_Supervisor]: ---- Supervisor: Connect to Module_Input.node_io_servo Successfully----
1731836302.4451368 [module_supervisor-1] [INFO] [1731836302.442894125] [Module_Supervisor]: ---- Supervisor: Connect to Module_Send_Email Successfully----
1731836302.5044260 [node_io_weigh-6] [INFO] [1731836302.501965422] [node_io_weigh]: ---- Server Server Module_Input.node_io_weigh: Enable PIN: 1. Disable PIN: 1 ----
1731836302.5487487 [node_io_servo-4] [INFO] [1731836302.546343265] [node_io_servo]: ---- Server Server Module_Input.node_io_servo: TBDT PIN: 1. QA PIN: 1.  Diff PIN: 1----
1731836302.8481643 [node_io_weigh-6] [INFO] [1731836302.847303492] [node_io_weigh]: ---- Server Server Module_Input.node_io_weigh: Enable PIN: 1. Disable PIN: 1 ----
1731836302.8965480 [node_io_servo-4] [INFO] [1731836302.895745674] [node_io_servo]: ---- Server Server Module_Input.node_io_servo: TBDT PIN: 1. QA PIN: 1.  Diff PIN: 1----
1731836303.1983147 [node_io_weigh-6] [INFO] [1731836303.197417861] [node_io_weigh]: ---- Server Server Module_Input.node_io_weigh: Enable PIN: 1. Disable PIN: 1 ----
1731836303.2542570 [node_io_servo-4] [INFO] [1731836303.252280022] [node_io_servo]: ---- Server Server Module_Input.node_io_servo: TBDT PIN: 1. QA PIN: 1.  Diff PIN: 1----
1731836303.5499034 [node_io_weigh-6] [INFO] [1731836303.549037316] [node_io_weigh]: ---- Server Server Module_Input.node_io_weigh: Enable PIN: 1. Disable PIN: 1 ----
1731836303.6035511 [node_io_servo-4] [INFO] [1731836303.596283983] [node_io_servo]: ---- Server Server Module_Input.node_io_servo: TBDT PIN: 1. QA PIN: 1.  Diff PIN: 1----
1731836303.8990049 [node_io_weigh-6] [INFO] [1731836303.898161928] [node_io_weigh]: ---- Server Server Module_Input.node_io_weigh: Enable PIN: 1. Disable PIN: 1 ----
1731836303.9470391 [node_io_servo-4] [INFO] [1731836303.946144481] [node_io_servo]: ---- Server Server Module_Input.node_io_servo: TBDT PIN: 1. QA PIN: 1.  Diff PIN: 1----
1731836304.2478063 [node_io_weigh-6] [INFO] [1731836304.246938780] [node_io_weigh]: ---- Server Server Module_Input.node_io_weigh: Enable PIN: 1. Disable PIN: 1 ----
1731836304.2992365 [node_io_servo-4] [INFO] [1731836304.297482658] [node_io_servo]: ---- Server Server Module_Input.node_io_servo: TBDT PIN: 1. QA PIN: 1.  Diff PIN: 1----
1731836304.3864152 [module_supervisor-1] [INFO] [1731836304.381942301] [Module_Supervisor]: ---- Supervisor: Connect to Module_Scanning&Interface Successfully----
1731836304.3954258 [module_supervisor-1] [INFO] [1731836304.392682119] [Module_Supervisor]: ---- Supervisor: Connect to Module_Input.node Successfully----
1731836304.4064100 [module_supervisor-1] [INFO] [1731836304.399887874] [Module_Supervisor]: ---- Supervisor: Connect to Module_Weigh Successfully----
1731836304.4164610 [module_supervisor-1] [INFO] [1731836304.415036401] [Module_Supervisor]: ---- Supervisor: Connect to Module_Motor.node_dc_motor Successfully----
1731836304.4254730 [module_supervisor-1] [INFO] [1731836304.421716139] [Module_Supervisor]: ---- Supervisor: Connect to Module_Input.node_io_servo Successfully----
1731836304.4391856 [module_supervisor-1] [INFO] [1731836304.432103533] [Module_Supervisor]: ---- Supervisor: Connect to Module_Send_Email Successfully----
1731836304.5984235 [node_io_weigh-6] [INFO] [1731836304.597507977] [node_io_weigh]: ---- Server Server Module_Input.node_io_weigh: Enable PIN: 1. Disable PIN: 1 ----
1731836304.6567123 [node_io_servo-4] [INFO] [1731836304.648324077] [node_io_servo]: ---- Server Server Module_Input.node_io_servo: TBDT PIN: 1. QA PIN: 1.  Diff PIN: 1----
1731836304.9491932 [node_io_weigh-6] [INFO] [1731836304.948125471] [node_io_weigh]: ---- Server Server Module_Input.node_io_weigh: Enable PIN: 1. Disable PIN: 1 ----
1731836304.9988794 [node_io_servo-4] [INFO] [1731836304.997909685] [node_io_servo]: ---- Server Server Module_Input.node_io_servo: TBDT PIN: 1. QA PIN: 1.  Diff PIN: 1----
1731836305.2972283 [node_io_weigh-6] [INFO] [1731836305.296360230] [node_io_weigh]: ---- Server Server Module_Input.node_io_weigh: Enable PIN: 1. Disable PIN: 1 ----
1731836305.3481302 [node_io_servo-4] [INFO] [1731836305.347098997] [node_io_servo]: ---- Server Server Module_Input.node_io_servo: TBDT PIN: 1. QA PIN: 1.  Diff PIN: 1----
1731836305.6490698 [node_io_weigh-6] [INFO] [1731836305.648123052] [node_io_weigh]: ---- Server Server Module_Input.node_io_weigh: Enable PIN: 1. Disable PIN: 1 ----
1731836305.7004981 [node_io_servo-4] [INFO] [1731836305.699462557] [node_io_servo]: ---- Server Server Module_Input.node_io_servo: TBDT PIN: 1. QA PIN: 1.  Diff PIN: 1----
1731836306.0004325 [node_io_weigh-6] [INFO] [1731836305.999547189] [node_io_weigh]: ---- Server Server Module_Input.node_io_weigh: Enable PIN: 1. Disable PIN: 1 ----
1731836306.0525897 [node_io_servo-4] [INFO] [1731836306.050971916] [node_io_servo]: ---- Server Server Module_Input.node_io_servo: TBDT PIN: 1. QA PIN: 1.  Diff PIN: 1----
1731836306.3503449 [node_io_weigh-6] [INFO] [1731836306.347709131] [node_io_weigh]: ---- Server Server Module_Input.node_io_weigh: Enable PIN: 1. Disable PIN: 1 ----
1731836306.3815374 [module_supervisor-1] [INFO] [1731836306.380555917] [Module_Supervisor]: ---- Supervisor: Connect to Module_Scanning&Interface Successfully----
1731836306.3875136 [module_supervisor-1] [INFO] [1731836306.385132403] [Module_Supervisor]: ---- Supervisor: Connect to Module_Input.node Successfully----
1731836306.4022727 [node_io_servo-4] [INFO] [1731836306.398589823] [node_io_servo]: ---- Server Server Module_Input.node_io_servo: TBDT PIN: 1. QA PIN: 1.  Diff PIN: 1----
1731836306.4045568 [module_supervisor-1] [INFO] [1731836306.399692579] [Module_Supervisor]: ---- Supervisor: Connect to Module_Weigh Successfully----
1731836306.4147968 [module_supervisor-1] [INFO] [1731836306.405936504] [Module_Supervisor]: ---- Supervisor: Connect to Module_Motor.node_dc_motor Successfully----
1731836306.4237132 [module_supervisor-1] [INFO] [1731836306.422289323] [Module_Supervisor]: ---- Supervisor: Connect to Module_Input.node_io_servo Successfully----
1731836306.4307859 [module_supervisor-1] [INFO] [1731836306.428388415] [Module_Supervisor]: ---- Supervisor: Connect to Module_Send_Email Successfully----
1731836306.6990018 [node_io_weigh-6] [INFO] [1731836306.696839515] [node_io_weigh]: ---- Server Server Module_Input.node_io_weigh: Enable PIN: 1. Disable PIN: 1 ----
1731836306.7471426 [node_io_servo-4] [INFO] [1731836306.746206323] [node_io_servo]: ---- Server Server Module_Input.node_io_servo: TBDT PIN: 1. QA PIN: 1.  Diff PIN: 1----
1731836307.0491092 [node_io_weigh-6] [INFO] [1731836307.048008651] [node_io_weigh]: ---- Server Server Module_Input.node_io_weigh: Enable PIN: 1. Disable PIN: 1 ----
1731836307.1032083 [node_io_servo-4] [INFO] [1731836307.102103703] [node_io_servo]: ---- Server Server Module_Input.node_io_servo: TBDT PIN: 1. QA PIN: 1.  Diff PIN: 1----
1731836307.4396064 [node_io_weigh-6] [INFO] [1731836307.434101046] [node_io_weigh]: ---- Server Server Module_Input.node_io_weigh: Enable PIN: 1. Disable PIN: 1 ----
1731836307.4634142 [node_io_servo-4] [INFO] [1731836307.462438346] [node_io_servo]: ---- Server Server Module_Input.node_io_servo: TBDT PIN: 1. QA PIN: 1.  Diff PIN: 1----
1731836307.7501729 [node_io_weigh-6] [INFO] [1731836307.749313701] [node_io_weigh]: ---- Server Server Module_Input.node_io_weigh: Enable PIN: 1. Disable PIN: 1 ----
1731836307.7978766 [node_io_servo-4] [INFO] [1731836307.796816144] [node_io_servo]: ---- Server Server Module_Input.node_io_servo: TBDT PIN: 1. QA PIN: 1.  Diff PIN: 1----
1731836307.8893471 [module_scanning_interface-2] [INFO] [1731836307.887540136] [module_scanning_interface]: ---- Server Module_Scanning_Interfaces: Shutdown ----
1731836308.0261712 [module_scanning_interface-2] Decoded(data=b'NK_S1', type='QRCODE', rect=Rect(left=276, top=61, width=101, height=114), polygon=[Point(x=276, y=91), Point(x=287, y=175), Point(x=377, y=153), Point(x=362, y=61)], quality=1, orientation='UP')
1731836308.0271797 [module_scanning_interface-2] Decoded(data=b'NK_S1', type='QRCODE', rect=Rect(left=262, top=59, width=101, height=113), polygon=[Point(x=262, y=89), Point(x=275, y=172), Point(x=363, y=149), Point(x=345, y=59)], quality=1, orientation='UP')
1731836308.0278676 [module_scanning_interface-2] Decoded(data=b'NK_S1', type='QRCODE', rect=Rect(left=255, top=60, width=101, height=114), polygon=[Point(x=255, y=90), Point(x=268, y=174), Point(x=356, y=151), Point(x=339, y=60)], quality=1, orientation='UP')
1731836308.0287349 [module_scanning_interface-2] Decoded(data=b'NK_S1', type='QRCODE', rect=Rect(left=255, top=72, width=100, height=112), polygon=[Point(x=255, y=99), Point(x=268, y=184), Point(x=355, y=163), Point(x=340, y=72)], quality=1, orientation='UP')
1731836308.0291154 [module_scanning_interface-2] Decoded(data=b'NK_S1', type='QRCODE', rect=Rect(left=256, top=81, width=99, height=110), polygon=[Point(x=256, y=107), Point(x=267, y=191), Point(x=355, y=172), Point(x=340, y=81)], quality=1, orientation='UP')
1731836308.0295718 [module_scanning_interface-2] Decoded(data=b'NK_S1', type='QRCODE', rect=Rect(left=253, top=151, width=92, height=100), polygon=[Point(x=253, y=164), Point(x=257, y=251), Point(x=345, y=243), Point(x=338, y=151)], quality=1, orientation='UP')
1731836308.0305989 [module_scanning_interface-2] Decoded(data=b'NK_S1', type='QRCODE', rect=Rect(left=249, top=154, width=89, height=98), polygon=[Point(x=249, y=166), Point(x=251, y=252), Point(x=338, y=246), Point(x=333, y=154)], quality=1, orientation='UP')
1731836308.0312631 [module_scanning_interface-2] Decoded(data=b'NK_S1', type='QRCODE', rect=Rect(left=244, top=149, width=88, height=97), polygon=[Point(x=244, y=160), Point(x=246, y=246), Point(x=332, y=240), Point(x=328, y=149)], quality=1, orientation='UP')
1731836308.0340765 [module_scanning_interface-2] Decoded(data=b'NK_S1', type='QRCODE', rect=Rect(left=243, top=146, width=87, height=97), polygon=[Point(x=243, y=157), Point(x=244, y=243), Point(x=330, y=238), Point(x=327, y=146)], quality=1, orientation='UP')
1731836308.0348830 [module_scanning_interface-2] Decoded(data=b'NK_S1', type='QRCODE', rect=Rect(left=241, top=145, width=88, height=97), polygon=[Point(x=241, y=156), Point(x=242, y=242), Point(x=329, y=238), Point(x=326, y=145)], quality=1, orientation='UP')
1731836308.0359137 [module_scanning_interface-2] Decoded(data=b'NK_S1', type='QRCODE', rect=Rect(left=239, top=142, width=88, height=96), polygon=[Point(x=239, y=151), Point(x=240, y=238), Point(x=327, y=233), Point(x=324, y=142)], quality=1, orientation='UP')
1731836308.0364344 [module_scanning_interface-2] Decoded(data=b'IP15', type='QRCODE', rect=Rect(left=315, top=136, width=107, height=115), polygon=[Point(x=315, y=144), Point(x=316, y=244), Point(x=416, y=251), Point(x=422, y=136)], quality=1, orientation='UP')
1731836308.0370042 [module_scanning_interface-2] Decoded(data=b'IP15', type='QRCODE', rect=Rect(left=313, top=131, width=106, height=113), polygon=[Point(x=313, y=138), Point(x=313, y=238), Point(x=413, y=244), Point(x=419, y=131)], quality=1, orientation='UP')
1731836308.0375204 [module_scanning_interface-2] Decoded(data=b'IP15', type='QRCODE', rect=Rect(left=312, top=131, width=106, height=113), polygon=[Point(x=312, y=137), Point(x=312, y=237), Point(x=412, y=244), Point(x=418, y=131)], quality=1, orientation='UP')
1731836308.0379450 [module_scanning_interface-2] Decoded(data=b'IP15', type='QRCODE', rect=Rect(left=312, top=129, width=107, height=113), polygon=[Point(x=312, y=135), Point(x=312, y=235), Point(x=410, y=242), Point(x=419, y=129)], quality=1, orientation='UP')
1731836308.0383327 [module_scanning_interface-2] Decoded(data=b'IP15', type='QRCODE', rect=Rect(left=311, top=135, width=108, height=112), polygon=[Point(x=311, y=238), Point(x=410, y=247), Point(x=419, y=135), Point(x=313, y=139)], quality=1, orientation='UP')
1731836308.0389073 [module_scanning_interface-2] Decoded(data=b'IP15', type='QRCODE', rect=Rect(left=307, top=150, width=109, height=110), polygon=[Point(x=307, y=248), Point(x=406, y=260), Point(x=416, y=150), Point(x=311, y=151)], quality=1, orientation='UP')
1731836308.0404181 [module_scanning_interface-2] Decoded(data=b'IP15', type='QRCODE', rect=Rect(left=302, top=166, width=110, height=112), polygon=[Point(x=302, y=262), Point(x=398, y=278), Point(x=412, y=171), Point(x=309, y=166)], quality=1, orientation='UP')
1731836308.0410595 [module_scanning_interface-2] Decoded(data=b'IP15', type='QRCODE', rect=Rect(left=304, top=173, width=113, height=115), polygon=[Point(x=304, y=269), Point(x=401, y=288), Point(x=417, y=181), Point(x=313, y=173)], quality=1, orientation='UP')
1731836308.0414670 [module_scanning_interface-2] Decoded(data=b'IP15', type='QRCODE', rect=Rect(left=313, top=182, width=116, height=117), polygon=[Point(x=313, y=277), Point(x=409, y=299), Point(x=429, y=193), Point(x=324, y=182)], quality=1, orientation='UP')
1731836308.1141212 [node_io_weigh-6] [INFO] [1731836308.105333468] [node_io_weigh]: ---- Server Server Module_Input.node_io_weigh: Enable PIN: 1. Disable PIN: 1 ----
1731836308.1510494 [node_io_servo-4] [INFO] [1731836308.147924852] [node_io_servo]: ---- Server Server Module_Input.node_io_servo: TBDT PIN: 1. QA PIN: 1.  Diff PIN: 1----
1731836308.4524450 [node_io_weigh-6] [INFO] [1731836308.451016155] [node_io_weigh]: ---- Server Server Module_Input.node_io_weigh: Enable PIN: 1. Disable PIN: 1 ----
1731836308.5016968 [node_io_servo-4] [INFO] [1731836308.500435795] [node_io_servo]: ---- Server Server Module_Input.node_io_servo: TBDT PIN: 1. QA PIN: 1.  Diff PIN: 1----
1731836308.7238245 [ERROR] [module_scanning_interface-2]: process has died [pid 86714, exit code 255, cmd '/home/tomccd/Documents/Code/Python/DATN/install/module_scanning_interface/lib/module_scanning_interface/module_scanning_interface --ros-args'].
1731836308.8004055 [node_io_weigh-6] [INFO] [1731836308.799408278] [node_io_weigh]: ---- Server Server Module_Input.node_io_weigh: Enable PIN: 1. Disable PIN: 1 ----
1731836308.8493562 [node_io_servo-4] [INFO] [1731836308.848266994] [node_io_servo]: ---- Server Server Module_Input.node_io_servo: TBDT PIN: 1. QA PIN: 1.  Diff PIN: 1----
1731836309.1501412 [node_io_weigh-6] [INFO] [1731836309.148996544] [node_io_weigh]: ---- Server Server Module_Input.node_io_weigh: Enable PIN: 1. Disable PIN: 1 ----
1731836309.1984875 [node_io_servo-4] [INFO] [1731836309.197686465] [node_io_servo]: ---- Server Server Module_Input.node_io_servo: TBDT PIN: 1. QA PIN: 1.  Diff PIN: 1----
1731836309.3819392 [module_supervisor-1] [WARN] [1731836309.381239273] [Module_Supervisor]: ---- Supervisor: Waiting to connect to server Module_Scanning&Interface ----
1731836309.4971075 [node_io_weigh-6] [INFO] [1731836309.496486002] [node_io_weigh]: ---- Server Server Module_Input.node_io_weigh: Enable PIN: 1. Disable PIN: 1 ----
1731836309.5465050 [node_io_servo-4] [INFO] [1731836309.545786698] [node_io_servo]: ---- Server Server Module_Input.node_io_servo: TBDT PIN: 1. QA PIN: 1.  Diff PIN: 1----
1731836309.8481729 [node_io_weigh-6] [INFO] [1731836309.847468077] [node_io_weigh]: ---- Server Server Module_Input.node_io_weigh: Enable PIN: 1. Disable PIN: 1 ----
1731836309.8985031 [node_io_servo-4] [INFO] [1731836309.897593715] [node_io_servo]: ---- Server Server Module_Input.node_io_servo: TBDT PIN: 1. QA PIN: 1.  Diff PIN: 1----
1731836310.1995413 [node_io_weigh-6] [INFO] [1731836310.198680707] [node_io_weigh]: ---- Server Server Module_Input.node_io_weigh: Enable PIN: 1. Disable PIN: 1 ----
1731836310.2501917 [node_io_servo-4] [INFO] [1731836310.249144343] [node_io_servo]: ---- Server Server Module_Input.node_io_servo: TBDT PIN: 1. QA PIN: 1.  Diff PIN: 1----
1731836310.3881798 [module_supervisor-1] [WARN] [1731836310.387351591] [Module_Supervisor]: ---- Supervisor: Waiting to connect to server Module_Scanning&Interface ----
1731836310.5504911 [node_io_weigh-6] [INFO] [1731836310.549385874] [node_io_weigh]: ---- Server Server Module_Input.node_io_weigh: Enable PIN: 1. Disable PIN: 1 ----
1731836310.5978756 [node_io_servo-4] [INFO] [1731836310.596910076] [node_io_servo]: ---- Server Server Module_Input.node_io_servo: TBDT PIN: 1. QA PIN: 1.  Diff PIN: 1----
1731836310.9002924 [node_io_weigh-6] [INFO] [1731836310.899361174] [node_io_weigh]: ---- Server Server Module_Input.node_io_weigh: Enable PIN: 1. Disable PIN: 1 ----
1731836310.9494183 [node_io_servo-4] [INFO] [1731836310.948344648] [node_io_servo]: ---- Server Server Module_Input.node_io_servo: TBDT PIN: 1. QA PIN: 1.  Diff PIN: 1----
1731836311.2472427 [node_io_weigh-6] [INFO] [1731836311.246518851] [node_io_weigh]: ---- Server Server Module_Input.node_io_weigh: Enable PIN: 1. Disable PIN: 1 ----
1731836311.2960165 [node_io_servo-4] [INFO] [1731836311.295337548] [node_io_servo]: ---- Server Server Module_Input.node_io_servo: TBDT PIN: 1. QA PIN: 1.  Diff PIN: 1----
1731836311.3941412 [module_supervisor-1] [WARN] [1731836311.393065831] [Module_Supervisor]: ---- Supervisor: Waiting to connect to server Module_Scanning&Interface ----
1731836311.6005507 [node_io_weigh-6] [INFO] [1731836311.599495268] [node_io_weigh]: ---- Server Server Module_Input.node_io_weigh: Enable PIN: 1. Disable PIN: 1 ----
1731836311.6476088 [node_io_servo-4] [INFO] [1731836311.646860822] [node_io_servo]: ---- Server Server Module_Input.node_io_servo: TBDT PIN: 1. QA PIN: 1.  Diff PIN: 1----
1731836311.9504735 [node_io_weigh-6] [INFO] [1731836311.949420381] [node_io_weigh]: ---- Server Server Module_Input.node_io_weigh: Enable PIN: 1. Disable PIN: 1 ----
1731836311.9970050 [node_io_servo-4] [INFO] [1731836311.996261380] [node_io_servo]: ---- Server Server Module_Input.node_io_servo: TBDT PIN: 1. QA PIN: 1.  Diff PIN: 1----
1731836312.2992194 [node_io_weigh-6] [INFO] [1731836312.298425495] [node_io_weigh]: ---- Server Server Module_Input.node_io_weigh: Enable PIN: 1. Disable PIN: 1 ----
1731836312.3492222 [node_io_servo-4] [INFO] [1731836312.348318095] [node_io_servo]: ---- Server Server Module_Input.node_io_servo: TBDT PIN: 1. QA PIN: 1.  Diff PIN: 1----
1731836312.4001012 [module_supervisor-1] [WARN] [1731836312.399065305] [Module_Supervisor]: ---- Supervisor: Waiting to connect to server Module_Scanning&Interface ----
1731836312.6493776 [node_io_weigh-6] [INFO] [1731836312.648481012] [node_io_weigh]: ---- Server Server Module_Input.node_io_weigh: Enable PIN: 1. Disable PIN: 1 ----
1731836312.6987810 [node_io_servo-4] [INFO] [1731836312.697843596] [node_io_servo]: ---- Server Server Module_Input.node_io_servo: TBDT PIN: 1. QA PIN: 1.  Diff PIN: 1----
1731836312.9971685 [node_io_weigh-6] [INFO] [1731836312.996563814] [node_io_weigh]: ---- Server Server Module_Input.node_io_weigh: Enable PIN: 1. Disable PIN: 1 ----
1731836313.0474801 [node_io_servo-4] [INFO] [1731836313.045484899] [node_io_servo]: ---- Server Server Module_Input.node_io_servo: TBDT PIN: 1. QA PIN: 1.  Diff PIN: 1----
1731836313.3503098 [node_io_weigh-6] [INFO] [1731836313.349301358] [node_io_weigh]: ---- Server Server Module_Input.node_io_weigh: Enable PIN: 1. Disable PIN: 1 ----
1731836313.3980315 [node_io_servo-4] [INFO] [1731836313.397165632] [node_io_servo]: ---- Server Server Module_Input.node_io_servo: TBDT PIN: 1. QA PIN: 1.  Diff PIN: 1----
1731836313.4053826 [module_supervisor-1] [WARN] [1731836313.404371516] [Module_Supervisor]: ---- Supervisor: Waiting to connect to server Module_Scanning&Interface ----
1731836313.4098871 [module_supervisor-1] [ERROR] [1731836313.408440225] [Module_Supervisor]: ---- Supervisor: Can't connect to Module Scanning&Interface ----
1731836313.4153304 [module_log_file-8] [INFO] [1731836313.413891412] [module_log_file]: ---- Server Module_Log_File: Creating Log File... ----
1731836313.4213314 [node_io_weigh-6] [INFO] [1731836313.416606310] [node_io_weigh]: ---- Server Module_Input.node_io_weigh: Receive Message: Terminate. Bye Bye.... ----
1731836313.4257932 [node_dc_motor-5] [INFO] [1731836313.417408919] [node_dc_motor]: ---- Server Module_Motor.node_dc_motor: Receive Message: Terminate. Bye Bye.... ----
1731836313.4314039 [node_io_servo-4] [INFO] [1731836313.425872892] [node_io_servo]: ---- Server Module_Input.node_io_servo: Receive Message: Terminate. Bye Bye.... ----
1731836313.4363415 [node_dc_servo-3] [INFO] [1731836313.430396378] [node_servo_motor]: ---- Server Module_Motor.node_servo_motor: Receive Message: Terminate. Bye Bye.... ----
1731836313.4399529 [module_weigh-7] [INFO] [1731836313.436558543] [module_weigh]: ---- Server Module_Weigh: Receive Message: Terminate. Bye Bye.... ----
1731836314.1925714 [ERROR] [node_io_servo-4]: process has died [pid 86716, exit code 255, cmd '/home/tomccd/Documents/Code/Python/DATN/install/module_input/lib/module_input/node_io_servo --ros-args'].
1731836314.2044868 [ERROR] [node_io_weigh-6]: process has died [pid 86718, exit code 255, cmd '/home/tomccd/Documents/Code/Python/DATN/install/module_input/lib/module_input/node_io_weigh --ros-args'].
1731836314.2243466 [ERROR] [module_supervisor-1]: process has died [pid 86713, exit code 255, cmd '/home/tomccd/Documents/Code/Python/DATN/install/module_supervisor/lib/module_supervisor/module_supervisor --ros-args'].
1731836314.3311875 [ERROR] [module_weigh-7]: process has died [pid 86719, exit code 255, cmd '/home/tomccd/Documents/Code/Python/DATN/install/module_weigh/lib/module_weigh/module_weigh --ros-args'].
1731836314.5250895 [ERROR] [node_dc_motor-5]: process has died [pid 86717, exit code 255, cmd '/home/tomccd/Documents/Code/Python/DATN/install/module_motor/lib/module_motor/node_dc_motor --ros-args'].
1731836314.5484376 [ERROR] [node_dc_servo-3]: process has died [pid 86715, exit code 255, cmd '/home/tomccd/Documents/Code/Python/DATN/install/module_motor/lib/module_motor/node_dc_servo --ros-args'].
