1732425862.0108347 [INFO] [launch]: All log files can be found below /home/tomccd/.ros/log/2024-11-24-12-24-22-005565-tomccd-raspberry4b-104709
1732425862.0116656 [INFO] [launch]: Default logging verbosity is set to INFO
1732425862.8059947 [INFO] [module_supervisor-1]: process started with pid [104738]
1732425862.8068058 [INFO] [module_scanning_interface-2]: process started with pid [104739]
1732425862.8074787 [INFO] [node_dc_servo-3]: process started with pid [104740]
1732425862.8081288 [INFO] [node_io_servo-4]: process started with pid [104741]
1732425862.8087492 [INFO] [node_dc_motor-5]: process started with pid [104742]
1732425862.8156059 [INFO] [node_io_weigh-6]: process started with pid [104743]
1732425862.8163259 [INFO] [module_weigh-7]: process started with pid [104744]
1732425862.8169973 [INFO] [module_log_file-8]: process started with pid [104745]
1732425862.8175833 [INFO] [module_send_email-9]: process started with pid [104746]
1732425862.8244019 [INFO] [node_io_start_stop_pending-10]: process started with pid [104747]
1732425869.2745888 [node_dc_servo-3] [INFO] [1732425869.273576550] [node_servo_motor]: ---- Server Module_Motor.node_dc_motor: Init Server ----
1732425869.4250095 [module_supervisor-1] [INFO] [1732425869.424150658] [Module_Supervisor]: ---- Supervisor: Connect to Server Module_Log_File Successfully ----
1732425870.1405034 [node_io_start_stop_pending-10] Traceback (most recent call last):
1732425870.1452508 [node_io_start_stop_pending-10]   File "/home/tomccd/Documents/Code/Python/DATN/install/module_input/lib/module_input/node_io_start_stop_pending", line 33, in <module>
1732425870.1459818 [node_io_start_stop_pending-10]     sys.exit(load_entry_point('module-input==0.0.0', 'console_scripts', 'node_io_start_stop_pending')())
1732425870.1481688 [node_io_start_stop_pending-10]              ^^^^^^^^^^^^^^^^^^^^^^^^^^^^^^^^^^^^^^^^^^^^^^^^^^^^^^^^^^^^^^^^^^^^^^^^^^^^^^^^^^^^^^^^^^
1732425870.1503158 [node_io_start_stop_pending-10]   File "/home/tomccd/Documents/Code/Python/DATN/install/module_input/lib/python3.12/site-packages/module_input/node_io_start_stop_pending.py", line 62, in main
1732425870.1524243 [node_io_start_stop_pending-10]     node = myNode("node_io_start_stop_pending")
1732425870.1582818 [node_io_start_stop_pending-10]            ^^^^^^^^^^^^^^^^^^^^^^^^^^^^^^^^^^^^
1732425870.1588500 [node_io_start_stop_pending-10]   File "/home/tomccd/Documents/Code/Python/DATN/install/module_input/lib/python3.12/site-packages/module_input/node_io_start_stop_pending.py", line 10, in __init__
1732425870.1599324 [node_io_start_stop_pending-10]     self.server_io_start_stop_pending = self.create_service(InitSys,"node_io_start_stop_pending",self.callBack)
1732425870.1613169 [node_io_start_stop_pending-10]                                                             ^^^^^^^
1732425870.1639514 [node_io_start_stop_pending-10] NameError: name 'InitSys' is not defined
1732425870.4605501 [module_supervisor-1] [WARN] [1732425870.454244613] [Module_Supervisor]: ---- Supervisor: Waiting to connect to server Module_Scanning&Interface ----
1732425870.7032540 [ERROR] [node_io_start_stop_pending-10]: process has died [pid 104747, exit code 1, cmd '/home/tomccd/Documents/Code/Python/DATN/install/module_input/lib/module_input/node_io_start_stop_pending --ros-args'].
1732425871.3350842 [module_scanning_interface-2] [INFO] [1732425871.334297234] [module_scanning_interface]: ----  Server Module_Scanning&Interface: Connect to DB Successfully ----
1732425871.4605398 [module_supervisor-1] [WARN] [1732425871.459560549] [Module_Supervisor]: ---- Supervisor: Waiting to connect to server Module_Scanning&Interface ----
1732425872.2176020 [module_supervisor-1] [INFO] [1732425872.214849816] [Module_Supervisor]: ---- Supervisor: Connect to Server Module_Scanning&Interface Successfully ----
1732425872.2226222 [module_supervisor-1] [INFO] [1732425872.221107894] [Module_Supervisor]: ---- Supervisor: Connect to Server Module_Input.node_io_weigh Successfully ----
1732425872.2306700 [module_supervisor-1] [INFO] [1732425872.227503731] [Module_Supervisor]: ---- Supervisor: Connect to Server Module_Weigh Successfully ----
1732425872.2403901 [module_supervisor-1] [INFO] [1732425872.236290808] [Module_Supervisor]: ---- Supervisor: Connect to Server Module_Motor.node_dc_motor Successfully ----
1732425872.2506654 [module_supervisor-1] [INFO] [1732425872.246914111] [Module_Supervisor]: ---- Supervisor: Connect to Server Module_Input.node_io_servo Successfully ----
1732425872.2615349 [module_supervisor-1] [INFO] [1732425872.258556608] [Module_Supervisor]: ---- Supervisor: Connect to Server Module_Motor.node_dc_servo Successfully ----
1732425872.2669113 [module_supervisor-1] [INFO] [1732425872.266004141] [Module_Supervisor]: ---- Supervisor: Connect to Server Module_Send_Email Successfully ----
1732425873.2793217 [module_supervisor-1] [WARN] [1732425873.278102988] [Module_Supervisor]: ---- Supervisor: Waiting to connect to server Module_Input.node_io_start_stop_pending ----
1732425874.2863333 [module_supervisor-1] [WARN] [1732425874.285350340] [Module_Supervisor]: ---- Supervisor: Waiting to connect to server Module_Input.node_io_start_stop_pending ----
1732425875.2950768 [module_supervisor-1] [WARN] [1732425875.293850388] [Module_Supervisor]: ---- Supervisor: Waiting to connect to server Module_Input.node_io_start_stop_pending ----
1732425876.3001814 [module_supervisor-1] [WARN] [1732425876.299361832] [Module_Supervisor]: ---- Supervisor: Waiting to connect to server Module_Input.node_io_start_stop_pending ----
1732425877.3082931 [module_supervisor-1] [WARN] [1732425877.307191408] [Module_Supervisor]: ---- Supervisor: Waiting to connect to server Module_Input.node_io_start_stop_pending ----
1732425878.3155208 [module_supervisor-1] [WARN] [1732425878.314421842] [Module_Supervisor]: ---- Supervisor: Waiting to connect to server Module_Input.node_io_start_stop_pending ----
1732425878.3216369 [module_supervisor-1] [ERROR] [1732425878.320685254] [Module_Supervisor]: ---- Supervisor: Can't connect to server Module_Input.node_io_start_stop_pending ----
1732425878.3246140 [module_supervisor-1] [ERROR] [1732425878.323889117] [Module_Supervisor]: ---- Supervisor: Initilize System Error ----
1732425878.3349233 [module_log_file-8] [INFO] [1732425878.326424986] [module_log_file]: ---- Server Module_Log_File: Creating Log File... ----
1732425878.3367133 [node_dc_servo-3] [INFO] [1732425878.331598703] [node_servo_motor]: ---- Server Module_Motor.node_servo_motor: Receive Message: Terminate. Bye Bye.... ----
1732425878.4494503 [module_weigh-7] [INFO] [1732425878.447803167] [module_weigh]: ---- Server Module_Weigh: Receive Message: Terminate. Bye Bye.... ----
1732425878.4768064 [node_io_servo-4] [INFO] [1732425878.471946119] [node_io_servo]: ---- Server Module_Input.node_io_servo: Receive Message: Terminate. Bye Bye.... ----
1732425878.5734174 [node_dc_motor-5] [INFO] [1732425878.571821716] [node_dc_motor]: ---- Server Module_Motor.node_dc_motor: Receive Message: Terminate. Bye Bye.... ----
1732425878.6536109 [node_io_weigh-6] [INFO] [1732425878.652056806] [node_io_weigh]: ---- Server Module_Input.node_io_weigh: Receive Message: Terminate. Bye Bye.... ----
1732425878.7926211 [module_supervisor-1] Traceback (most recent call last):
1732425878.7964458 [module_supervisor-1]   File "/home/tomccd/Documents/Code/Python/DATN/install/module_supervisor/lib/module_supervisor/module_supervisor", line 33, in <module>
1732425878.7972970 [module_supervisor-1]     sys.exit(load_entry_point('module-supervisor==0.0.0', 'console_scripts', 'module_supervisor')())
1732425878.7980721 [module_supervisor-1]              ^^^^^^^^^^^^^^^^^^^^^^^^^^^^^^^^^^^^^^^^^^^^^^^^^^^^^^^^^^^^^^^^^^^^^^^^^^^^^^^^^^^^^^
1732425878.7987649 [module_supervisor-1]   File "/home/tomccd/Documents/Code/Python/DATN/install/module_supervisor/lib/python3.12/site-packages/module_supervisor/module_supervisor.py", line 336, in main
1732425878.8003397 [module_supervisor-1]     rclpy.spin(node)
1732425878.8036792 [module_supervisor-1]   File "/opt/ros/jazzy/lib/python3.12/site-packages/rclpy/__init__.py", line 240, in spin
1732425878.8120518 [module_supervisor-1]     executor = get_global_executor() if executor is None else executor
1732425878.8139772 [module_supervisor-1]                ^^^^^^^^^^^^^^^^^^^^^
1732425878.8182387 [module_supervisor-1]   File "/opt/ros/jazzy/lib/python3.12/site-packages/rclpy/__init__.py", line 106, in get_global_executor
1732425878.8191366 [module_supervisor-1]     __executor = SingleThreadedExecutor()
1732425878.8217189 [module_supervisor-1]                  ^^^^^^^^^^^^^^^^^^^^^^^^
1732425878.8261330 [module_supervisor-1]   File "/opt/ros/jazzy/lib/python3.12/site-packages/rclpy/executors.py", line 803, in __init__
1732425878.8301198 [module_supervisor-1]     super().__init__(context=context)
1732425878.8316712 [module_supervisor-1]   File "/opt/ros/jazzy/lib/python3.12/site-packages/rclpy/executors.py", line 186, in __init__
1732425878.8341815 [module_supervisor-1]     self._guard = GuardCondition(
1732425878.8377173 [module_supervisor-1]                   ^^^^^^^^^^^^^^^
1732425878.8386426 [module_supervisor-1]   File "/opt/ros/jazzy/lib/python3.12/site-packages/rclpy/guard_condition.py", line 23, in __init__
1732425878.8459315 [module_supervisor-1]     with self._context.handle:
1732425878.8503132 [module_supervisor-1] TypeError: 'NoneType' object does not support the context manager protocol
1732425878.9605207 [module_supervisor-1] Exception ignored in: <function Executor.__del__ at 0xffffb5579ee0>
1732425878.9637842 [module_supervisor-1] Traceback (most recent call last):
1732425878.9677415 [module_supervisor-1]   File "/opt/ros/jazzy/lib/python3.12/site-packages/rclpy/executors.py", line 257, in __del__
1732425878.9723535 [module_supervisor-1]     if self._sigint_gc is not None:
1732425878.9753158 [module_supervisor-1]        ^^^^^^^^^^^^^^^
1732425878.9800978 [module_supervisor-1] AttributeError: 'SingleThreadedExecutor' object has no attribute '_sigint_gc'
1732425879.2380774 [ERROR] [node_io_servo-4]: process has died [pid 104741, exit code 255, cmd '/home/tomccd/Documents/Code/Python/DATN/install/module_input/lib/module_input/node_io_servo --ros-args'].
1732425879.3212209 [ERROR] [module_weigh-7]: process has died [pid 104744, exit code 255, cmd '/home/tomccd/Documents/Code/Python/DATN/install/module_weigh/lib/module_weigh/module_weigh --ros-args'].
1732425879.4855068 [ERROR] [node_io_weigh-6]: process has died [pid 104743, exit code 255, cmd '/home/tomccd/Documents/Code/Python/DATN/install/module_input/lib/module_input/node_io_weigh --ros-args'].
1732425879.7607946 [ERROR] [node_dc_servo-3]: process has died [pid 104740, exit code 255, cmd '/home/tomccd/Documents/Code/Python/DATN/install/module_motor/lib/module_motor/node_dc_servo --ros-args'].
1732425879.7785547 [ERROR] [node_dc_motor-5]: process has died [pid 104742, exit code 255, cmd '/home/tomccd/Documents/Code/Python/DATN/install/module_motor/lib/module_motor/node_dc_motor --ros-args'].
1732425879.8056326 [ERROR] [module_supervisor-1]: process has died [pid 104738, exit code 1, cmd '/home/tomccd/Documents/Code/Python/DATN/install/module_supervisor/lib/module_supervisor/module_supervisor --ros-args'].
