1732431441.8179138 [INFO] [launch]: All log files can be found below /home/tomccd/.ros/log/2024-11-24-13-57-21-813531-tomccd-raspberry4b-153406
1732431441.8185823 [INFO] [launch]: Default logging verbosity is set to INFO
1732431442.6352346 [INFO] [module_supervisor-1]: process started with pid [153434]
1732431442.6361477 [INFO] [module_scanning_interface-2]: process started with pid [153435]
1732431442.6370273 [INFO] [node_dc_servo-3]: process started with pid [153436]
1732431442.6449466 [INFO] [node_io_servo-4]: process started with pid [153437]
1732431442.6534774 [INFO] [node_dc_motor-5]: process started with pid [153438]
1732431442.6624689 [INFO] [node_io_weigh-6]: process started with pid [153439]
1732431442.6744928 [INFO] [module_weigh-7]: process started with pid [153442]
1732431442.6753752 [INFO] [module_log_file-8]: process started with pid [153444]
1732431442.6862328 [INFO] [module_send_email-9]: process started with pid [153445]
1732431442.6936200 [INFO] [node_io_start_stop_pending-10]: process started with pid [153446]
1732431446.3597035 [node_io_start_stop_pending-10] [INFO] [1732431446.351520862] [node_io_start_stop_pending]: ---- Server Server Module_Input.node_io_start_stop_pending: Start PIN: 0. Pending PIN: 0.  Stop PIN: 0----
1732431446.3645656 [node_io_start_stop_pending-10] [INFO] [1732431446.363533322] [node_io_start_stop_pending]: ---- Server Server Module_Input.node_io_start_stop_pending: Start PIN: 0. Pending PIN: 0.  Stop PIN: 0----
1732431446.5714345 [node_io_start_stop_pending-10] [INFO] [1732431446.568420481] [node_io_start_stop_pending]: ---- Server Server Module_Input.node_io_start_stop_pending: Start PIN: 0. Pending PIN: 0.  Stop PIN: 0----
1732431446.7894807 [node_io_start_stop_pending-10] [INFO] [1732431446.783753291] [node_io_start_stop_pending]: ---- Server Server Module_Input.node_io_start_stop_pending: Start PIN: 0. Pending PIN: 0.  Stop PIN: 0----
1732431447.0466340 [node_io_start_stop_pending-10] [INFO] [1732431447.044256233] [node_io_start_stop_pending]: ---- Server Server Module_Input.node_io_start_stop_pending: Start PIN: 0. Pending PIN: 0.  Stop PIN: 0----
1732431447.3084743 [node_io_start_stop_pending-10] [INFO] [1732431447.305481955] [node_io_start_stop_pending]: ---- Server Server Module_Input.node_io_start_stop_pending: Start PIN: 0. Pending PIN: 0.  Stop PIN: 0----
1732431447.6205435 [node_io_start_stop_pending-10] [INFO] [1732431447.614589237] [node_io_start_stop_pending]: ---- Server Server Module_Input.node_io_start_stop_pending: Start PIN: 0. Pending PIN: 0.  Stop PIN: 0----
1732431447.8326805 [node_io_start_stop_pending-10] [INFO] [1732431447.809586892] [node_io_start_stop_pending]: ---- Server Server Module_Input.node_io_start_stop_pending: Start PIN: 0. Pending PIN: 0.  Stop PIN: 0----
1732431448.1031437 [node_io_start_stop_pending-10] [INFO] [1732431448.084824569] [node_io_start_stop_pending]: ---- Server Server Module_Input.node_io_start_stop_pending: Start PIN: 0. Pending PIN: 0.  Stop PIN: 0----
1732431448.3481247 [node_io_start_stop_pending-10] [INFO] [1732431448.325832025] [node_io_start_stop_pending]: ---- Server Server Module_Input.node_io_start_stop_pending: Start PIN: 0. Pending PIN: 0.  Stop PIN: 0----
1732431448.5482979 [node_io_start_stop_pending-10] [INFO] [1732431448.543523716] [node_io_start_stop_pending]: ---- Server Server Module_Input.node_io_start_stop_pending: Start PIN: 0. Pending PIN: 0.  Stop PIN: 0----
1732431448.8071048 [node_io_start_stop_pending-10] [INFO] [1732431448.801381963] [node_io_start_stop_pending]: ---- Server Server Module_Input.node_io_start_stop_pending: Start PIN: 0. Pending PIN: 0.  Stop PIN: 0----
1732431449.0564215 [node_io_start_stop_pending-10] [INFO] [1732431449.044926586] [node_io_start_stop_pending]: ---- Server Server Module_Input.node_io_start_stop_pending: Start PIN: 0. Pending PIN: 0.  Stop PIN: 0----
1732431449.2075543 [module_supervisor-1] [INFO] [1732431449.198715003] [Module_Supervisor]: ---- Supervisor: Connect to Server Module_Log_File Successfully ----
1732431449.3369963 [node_io_start_stop_pending-10] [INFO] [1732431449.330500257] [node_io_start_stop_pending]: ---- Server Server Module_Input.node_io_start_stop_pending: Start PIN: 0. Pending PIN: 0.  Stop PIN: 0----
1732431449.5455117 [node_io_start_stop_pending-10] [INFO] [1732431449.537461104] [node_io_start_stop_pending]: ---- Server Server Module_Input.node_io_start_stop_pending: Start PIN: 0. Pending PIN: 0.  Stop PIN: 0----
1732431449.8317409 [node_io_start_stop_pending-10] [INFO] [1732431449.803780299] [node_io_start_stop_pending]: ---- Server Server Module_Input.node_io_start_stop_pending: Start PIN: 0. Pending PIN: 0.  Stop PIN: 0----
1732431449.9517543 [node_dc_servo-3] [INFO] [1732431449.950265903] [node_servo_motor]: ---- Server Module_Motor.node_dc_motor: Init Server ----
1732431450.0596654 [node_io_start_stop_pending-10] [INFO] [1732431450.054370266] [node_io_start_stop_pending]: ---- Server Server Module_Input.node_io_start_stop_pending: Start PIN: 0. Pending PIN: 0.  Stop PIN: 0----
1732431450.2144794 [module_supervisor-1] [WARN] [1732431450.213385867] [Module_Supervisor]: ---- Supervisor: Waiting to connect to server Module_Scanning&Interface ----
1732431450.2861352 [node_io_start_stop_pending-10] [INFO] [1732431450.283264865] [node_io_start_stop_pending]: ---- Server Server Module_Input.node_io_start_stop_pending: Start PIN: 0. Pending PIN: 0.  Stop PIN: 0----
1732431450.5314748 [node_io_start_stop_pending-10] [INFO] [1732431450.529370498] [node_io_start_stop_pending]: ---- Server Server Module_Input.node_io_start_stop_pending: Start PIN: 0. Pending PIN: 0.  Stop PIN: 0----
1732431450.7787607 [node_io_start_stop_pending-10] [INFO] [1732431450.778134503] [node_io_start_stop_pending]: ---- Server Server Module_Input.node_io_start_stop_pending: Start PIN: 0. Pending PIN: 0.  Stop PIN: 0----
1732431451.0273638 [node_io_start_stop_pending-10] [INFO] [1732431451.026817396] [node_io_start_stop_pending]: ---- Server Server Module_Input.node_io_start_stop_pending: Start PIN: 0. Pending PIN: 0.  Stop PIN: 0----
1732431451.2237144 [module_supervisor-1] [WARN] [1732431451.223006175] [Module_Supervisor]: ---- Supervisor: Waiting to connect to server Module_Scanning&Interface ----
1732431451.2810824 [node_io_start_stop_pending-10] [INFO] [1732431451.279791520] [node_io_start_stop_pending]: ---- Server Server Module_Input.node_io_start_stop_pending: Start PIN: 0. Pending PIN: 0.  Stop PIN: 0----
1732431451.4769938 [module_supervisor-1] [INFO] [1732431451.476165505] [Module_Supervisor]: ---- Supervisor: Connect to Server Module_Scanning&Interface Successfully ----
1732431451.4808562 [module_supervisor-1] [INFO] [1732431451.479680790] [Module_Supervisor]: ---- Supervisor: Connect to Server Module_Input.node_io_weigh Successfully ----
1732431451.4845178 [module_supervisor-1] [INFO] [1732431451.483606652] [Module_Supervisor]: ---- Supervisor: Connect to Server Module_Weigh Successfully ----
1732431451.4886487 [module_supervisor-1] [INFO] [1732431451.487696997] [Module_Supervisor]: ---- Supervisor: Connect to Server Module_Motor.node_dc_motor Successfully ----
1732431451.4933491 [module_supervisor-1] [INFO] [1732431451.492532403] [Module_Supervisor]: ---- Supervisor: Connect to Server Module_Input.node_io_servo Successfully ----
1732431451.4975321 [module_supervisor-1] [INFO] [1732431451.496507470] [Module_Supervisor]: ---- Supervisor: Connect to Server Module_Motor.node_dc_servo Successfully ----
1732431451.5021634 [module_supervisor-1] [INFO] [1732431451.501140337] [Module_Supervisor]: ---- Supervisor: Connect to Server Module_Send_Email Successfully ----
1732431451.5076675 [module_supervisor-1] [INFO] [1732431451.506207985] [Module_Supervisor]: ---- Supervisor: Connect to Server Module_Input.node_io_start_stop_pending Successfully ----
1732431451.5306332 [node_io_start_stop_pending-10] [INFO] [1732431451.529963124] [node_io_start_stop_pending]: ---- Server Server Module_Input.node_io_start_stop_pending: Start PIN: 0. Pending PIN: 0.  Stop PIN: 0----
1732431451.7772808 [node_io_start_stop_pending-10] [INFO] [1732431451.776744628] [node_io_start_stop_pending]: ---- Server Server Module_Input.node_io_start_stop_pending: Start PIN: 0. Pending PIN: 0.  Stop PIN: 0----
1732431451.8851707 [module_scanning_interface-2] [INFO] [1732431451.884381477] [module_scanning_interface]: ----  Server Module_Scanning&Interface: Connect to DB Successfully ----
1732431452.0303783 [node_io_start_stop_pending-10] [INFO] [1732431452.029533806] [node_io_start_stop_pending]: ---- Server Server Module_Input.node_io_start_stop_pending: Start PIN: 0. Pending PIN: 0.  Stop PIN: 0----
1732431452.2797730 [node_io_start_stop_pending-10] [INFO] [1732431452.278914844] [node_io_start_stop_pending]: ---- Server Server Module_Input.node_io_start_stop_pending: Start PIN: 0. Pending PIN: 0.  Stop PIN: 0----
1732431452.5289524 [node_io_start_stop_pending-10] [INFO] [1732431452.528236418] [node_io_start_stop_pending]: ---- Server Server Module_Input.node_io_start_stop_pending: Start PIN: 0. Pending PIN: 0.  Stop PIN: 0----
1732431452.7797241 [node_io_start_stop_pending-10] [INFO] [1732431452.778738149] [node_io_start_stop_pending]: ---- Server Server Module_Input.node_io_start_stop_pending: Start PIN: 0. Pending PIN: 0.  Stop PIN: 0----
1732431453.0298438 [node_io_start_stop_pending-10] [INFO] [1732431453.029265547] [node_io_start_stop_pending]: ---- Server Server Module_Input.node_io_start_stop_pending: Start PIN: 0. Pending PIN: 0.  Stop PIN: 0----
1732431453.2807000 [node_io_start_stop_pending-10] [INFO] [1732431453.280010998] [node_io_start_stop_pending]: ---- Server Server Module_Input.node_io_start_stop_pending: Start PIN: 0. Pending PIN: 0.  Stop PIN: 0----
1732431453.5139186 [module_supervisor-1] [INFO] [1732431453.512942262] [Module_Supervisor]: ---- Supervisor: Connect to Module_Scanning&Interface Successfully----
1732431453.5178180 [module_supervisor-1] [INFO] [1732431453.516976459] [Module_Supervisor]: ---- Supervisor: Connect to Module_Input.node Successfully----
1732431453.5219584 [module_supervisor-1] [INFO] [1732431453.521093952] [Module_Supervisor]: ---- Supervisor: Connect to Module_Weigh Successfully----
1732431453.5262349 [module_supervisor-1] [INFO] [1732431453.525358576] [Module_Supervisor]: ---- Supervisor: Connect to Module_Motor.node_dc_motor Successfully----
1732431453.5312288 [node_io_start_stop_pending-10] [INFO] [1732431453.528297690] [node_io_start_stop_pending]: ---- Server Server Module_Input.node_io_start_stop_pending: Start PIN: 0. Pending PIN: 0.  Stop PIN: 0----
1732431453.5341146 [module_supervisor-1] [INFO] [1732431453.529378605] [Module_Supervisor]: ---- Supervisor: Connect to Module_Input.node_io_servo Successfully----
1732431453.5356376 [module_supervisor-1] [INFO] [1732431453.534616014] [Module_Supervisor]: ---- Supervisor: Connect to Module_Send_Email Successfully----
1732431453.5399244 [module_supervisor-1] [INFO] [1732431453.539039009] [Module_Supervisor]: ---- Supervisor: Connect to Module_Input.node_io_start_stop_pending Successfully ----
1732431453.7802737 [node_io_start_stop_pending-10] [INFO] [1732431453.779452458] [node_io_start_stop_pending]: ---- Server Server Module_Input.node_io_start_stop_pending: Start PIN: 0. Pending PIN: 0.  Stop PIN: 0----
1732431454.0291245 [node_io_start_stop_pending-10] [INFO] [1732431454.028344025] [node_io_start_stop_pending]: ---- Server Server Module_Input.node_io_start_stop_pending: Start PIN: 0. Pending PIN: 0.  Stop PIN: 0----
1732431454.2804730 [node_io_start_stop_pending-10] [INFO] [1732431454.279692476] [node_io_start_stop_pending]: ---- Server Server Module_Input.node_io_start_stop_pending: Start PIN: 0. Pending PIN: 0.  Stop PIN: 0----
1732431454.5308070 [node_io_start_stop_pending-10] [INFO] [1732431454.529983178] [node_io_start_stop_pending]: ---- Server Server Module_Input.node_io_start_stop_pending: Start PIN: 0. Pending PIN: 0.  Stop PIN: 0----
1732431454.7777724 [node_io_start_stop_pending-10] [INFO] [1732431454.777164043] [node_io_start_stop_pending]: ---- Server Server Module_Input.node_io_start_stop_pending: Start PIN: 0. Pending PIN: 0.  Stop PIN: 1----
1732431454.7914076 [module_log_file-8] [INFO] [1732431454.784709006] [module_log_file]: ---- Server Module_Log_File: Creating Log File... ----
1732431454.7985373 [module_scanning_interface-2] [INFO] [1732431454.794578337] [module_scanning_interface]: ---- Server Module_Scanning_Interfaces: Receive Message: Terminate. Bye Bye.... ----
1732431454.8098102 [node_io_start_stop_pending-10] [INFO] [1732431454.792845343] [node_io_start_stop_pending]: ---- Server Module_Input.node_io_start_stop_pending: Receive Message: Terminate. Bye Bye.... ----
1732431454.8232863 [node_dc_servo-3] [INFO] [1732431454.804009425] [node_servo_motor]: ---- Server Module_Motor.node_servo_motor: Receive Message: Terminate. Bye Bye.... ----
1732431454.9703445 [node_io_servo-4] [INFO] [1732431454.966572263] [node_io_servo]: ---- Server Module_Input.node_io_servo: Receive Message: Terminate. Bye Bye.... ----
1732431455.1271510 [node_dc_motor-5] [INFO] [1732431455.124687566] [node_dc_motor]: ---- Server Module_Motor.node_dc_motor: Receive Message: Terminate. Bye Bye.... ----
1732431455.2162864 [node_io_weigh-6] [INFO] [1732431455.215256375] [node_io_weigh]: ---- Server Module_Input.node_io_weigh: Receive Message: Terminate. Bye Bye.... ----
1732431455.3947587 [module_weigh-7] [INFO] [1732431455.392750005] [module_weigh]: ---- Server Module_Weigh: Receive Message: Terminate. Bye Bye.... ----
1732431455.8340940 [ERROR] [node_io_servo-4]: process has died [pid 153437, exit code 255, cmd '/home/tomccd/Documents/Code/Python/DATN/install/module_input/lib/module_input/node_io_servo --ros-args'].
1732431455.9790137 [ERROR] [node_io_start_stop_pending-10]: process has died [pid 153446, exit code 255, cmd '/home/tomccd/Documents/Code/Python/DATN/install/module_input/lib/module_input/node_io_start_stop_pending --ros-args'].
1732431456.2473469 [ERROR] [module_supervisor-1]: process has died [pid 153434, exit code 255, cmd '/home/tomccd/Documents/Code/Python/DATN/install/module_supervisor/lib/module_supervisor/module_supervisor --ros-args'].
1732431456.3914552 [ERROR] [node_io_weigh-6]: process has died [pid 153439, exit code 255, cmd '/home/tomccd/Documents/Code/Python/DATN/install/module_input/lib/module_input/node_io_weigh --ros-args'].
1732431456.4591851 [ERROR] [module_weigh-7]: process has died [pid 153442, exit code 255, cmd '/home/tomccd/Documents/Code/Python/DATN/install/module_weigh/lib/module_weigh/module_weigh --ros-args'].
1732431456.5591893 [ERROR] [node_dc_motor-5]: process has died [pid 153438, exit code 255, cmd '/home/tomccd/Documents/Code/Python/DATN/install/module_motor/lib/module_motor/node_dc_motor --ros-args'].
1732431456.5703371 [ERROR] [node_dc_servo-3]: process has died [pid 153436, exit code 255, cmd '/home/tomccd/Documents/Code/Python/DATN/install/module_motor/lib/module_motor/node_dc_servo --ros-args'].
1732431458.8410969 [module_scanning_interface-2] Exception in thread Thread-1 (spin):
1732431458.8416698 [module_scanning_interface-2] Traceback (most recent call last):
1732431458.8422556 [module_scanning_interface-2]   File "/usr/lib/python3.12/threading.py", line 1073, in _bootstrap_inner
1732431458.8490825 [module_scanning_interface-2]     self.run()
1732431458.8500588 [module_scanning_interface-2]   File "/usr/lib/python3.12/threading.py", line 1010, in run
1732431458.8505647 [module_scanning_interface-2]     self._target(*self._args, **self._kwargs)
1732431458.8516986 [module_scanning_interface-2]   File "/opt/ros/jazzy/lib/python3.12/site-packages/rclpy/__init__.py", line 244, in spin
1732431458.8521843 [module_scanning_interface-2]     executor.spin_once()
1732431458.8525507 [module_scanning_interface-2]   File "/opt/ros/jazzy/lib/python3.12/site-packages/rclpy/executors.py", line 827, in spin_once
1732431458.8542914 [module_scanning_interface-2]     self._spin_once_impl(timeout_sec)
1732431458.8550768 [module_scanning_interface-2]   File "/opt/ros/jazzy/lib/python3.12/site-packages/rclpy/executors.py", line 822, in _spin_once_impl
1732431458.8567088 [module_scanning_interface-2]     raise handler.exception()
1732431458.8575752 [module_scanning_interface-2]   File "/opt/ros/jazzy/lib/python3.12/site-packages/rclpy/task.py", line 239, in __call__
1732431458.8583088 [module_scanning_interface-2]     self._handler.send(None)
1732431458.8591166 [module_scanning_interface-2]   File "/opt/ros/jazzy/lib/python3.12/site-packages/rclpy/executors.py", line 508, in handler
1732431458.8601620 [module_scanning_interface-2]     await call_coroutine()
1732431458.8610051 [module_scanning_interface-2]   File "/opt/ros/jazzy/lib/python3.12/site-packages/rclpy/executors.py", line 396, in _execute
1732431458.8617077 [module_scanning_interface-2]     await await_or_execute(sub.callback, *msg_tuple)
1732431458.8625100 [module_scanning_interface-2]   File "/opt/ros/jazzy/lib/python3.12/site-packages/rclpy/executors.py", line 111, in await_or_execute
1732431458.8634167 [module_scanning_interface-2]     return callback(*args)
1732431458.8643577 [module_scanning_interface-2]            ^^^^^^^^^^^^^^^
1732431458.8647895 [module_scanning_interface-2]   File "/home/tomccd/Documents/Code/Python/DATN/install/module_scanning_interface/lib/python3.12/site-packages/module_scanning_interface/module_scanning_interface.py", line 477, in on_closing
1732431458.8658080 [module_scanning_interface-2]     self.destroy()
1732431458.8666699 [module_scanning_interface-2]   File "/usr/lib/python3.12/tkinter/__init__.py", line 2386, in destroy
1732431458.8696053 [module_scanning_interface-2]     for c in list(self.children.values()): c.destroy()
1732431458.8725727 [module_scanning_interface-2]                                            ^^^^^^^^^^^
1732431458.8767385 [module_scanning_interface-2]   File "/usr/lib/python3.12/tkinter/__init__.py", line 2655, in destroy
1732431458.8790724 [module_scanning_interface-2]     for c in list(self.children.values()): c.destroy()
1732431458.8799577 [module_scanning_interface-2]                                            ^^^^^^^^^^^
1732431458.8803153 [module_scanning_interface-2]   File "/usr/lib/python3.12/tkinter/__init__.py", line 2655, in destroy
1732431458.8806028 [module_scanning_interface-2]     for c in list(self.children.values()): c.destroy()
1732431458.8808994 [module_scanning_interface-2]                                            ^^^^^^^^^^^
1732431458.8812299 [module_scanning_interface-2]   File "/usr/lib/python3.12/tkinter/__init__.py", line 2659, in destroy
1732431458.8815558 [module_scanning_interface-2]     Misc.destroy(self)
1732431458.8820913 [module_scanning_interface-2]   File "/usr/lib/python3.12/tkinter/__init__.py", line 687, in destroy
1732431458.8825955 [module_scanning_interface-2]     self.tk.deletecommand(name)
1732431458.8828485 [module_scanning_interface-2] _tkinter.TclError: can't delete Tcl command
