1732435436.6218381 [INFO] [launch]: All log files can be found below /home/tomccd/.ros/log/2024-11-24-15-03-56-618065-tomccd-raspberry4b-190252
1732435436.6224601 [INFO] [launch]: Default logging verbosity is set to INFO
1732435437.4687121 [INFO] [module_supervisor-1]: process started with pid [190275]
1732435437.4767618 [INFO] [module_scanning_interface-2]: process started with pid [190276]
1732435437.4785051 [INFO] [node_dc_servo-3]: process started with pid [190277]
1732435437.4829969 [INFO] [node_io_servo-4]: process started with pid [190278]
1732435437.4927919 [INFO] [node_dc_motor-5]: process started with pid [190279]
1732435437.4960787 [INFO] [node_io_weigh-6]: process started with pid [190280]
1732435437.5004191 [INFO] [module_weigh-7]: process started with pid [190281]
1732435437.5132308 [INFO] [module_log_file-8]: process started with pid [190282]
1732435437.5179226 [INFO] [module_send_email-9]: process started with pid [190283]
1732435437.5370207 [INFO] [node_io_start_stop_pending-10]: process started with pid [190284]
1732435443.1175511 [node_dc_servo-3] [INFO] [1732435443.112918563] [node_servo_motor]: ---- Server Module_Motor.node_dc_motor: Init Server ----
1732435443.5780628 [module_supervisor-1] [INFO] [1732435443.575609979] [Module_Supervisor]: ---- Supervisor: Connect to Server Module_Log_File Successfully ----
1732435444.5935524 [module_supervisor-1] [WARN] [1732435444.582130844] [Module_Supervisor]: ---- Supervisor: Waiting to connect to server Module_Scanning&Interface ----
1732435445.5904789 [module_supervisor-1] [WARN] [1732435445.589399408] [Module_Supervisor]: ---- Supervisor: Waiting to connect to server Module_Scanning&Interface ----
1732435445.6876106 [node_io_start_stop_pending-10] [INFO] [1732435445.686592869] [node_io_start_stop_pending]: ---- Server Server Module_Input.node_io_start_stop_pending: Start PIN: 0. Pending PIN: 0.  Stop PIN: 0----
1732435445.8331010 [node_io_start_stop_pending-10] [INFO] [1732435445.832502590] [node_io_start_stop_pending]: ---- Server Server Module_Input.node_io_start_stop_pending: Start PIN: 0. Pending PIN: 0.  Stop PIN: 0----
1732435446.0862305 [node_io_start_stop_pending-10] [INFO] [1732435446.085361397] [node_io_start_stop_pending]: ---- Server Server Module_Input.node_io_start_stop_pending: Start PIN: 0. Pending PIN: 0.  Stop PIN: 0----
1732435446.3362753 [node_io_start_stop_pending-10] [INFO] [1732435446.335386137] [node_io_start_stop_pending]: ---- Server Server Module_Input.node_io_start_stop_pending: Start PIN: 0. Pending PIN: 0.  Stop PIN: 0----
1732435446.3449748 [module_supervisor-1] [INFO] [1732435446.344104394] [Module_Supervisor]: ---- Supervisor: Connect to Server Module_Scanning&Interface Successfully ----
1732435446.3494954 [module_supervisor-1] [INFO] [1732435446.348702425] [Module_Supervisor]: ---- Supervisor: Connect to Server Module_Input.node_io_weigh Successfully ----
1732435446.3537004 [module_supervisor-1] [INFO] [1732435446.352762988] [Module_Supervisor]: ---- Supervisor: Connect to Server Module_Weigh Successfully ----
1732435446.3573639 [module_supervisor-1] [INFO] [1732435446.356471796] [Module_Supervisor]: ---- Supervisor: Connect to Server Module_Motor.node_dc_motor Successfully ----
1732435446.3614762 [module_supervisor-1] [INFO] [1732435446.360293948] [Module_Supervisor]: ---- Supervisor: Connect to Server Module_Input.node_io_servo Successfully ----
1732435446.3657122 [module_supervisor-1] [INFO] [1732435446.364465209] [Module_Supervisor]: ---- Supervisor: Connect to Server Module_Motor.node_dc_servo Successfully ----
1732435446.3695190 [module_supervisor-1] [INFO] [1732435446.368659283] [Module_Supervisor]: ---- Supervisor: Connect to Server Module_Send_Email Successfully ----
1732435446.3734765 [module_supervisor-1] [INFO] [1732435446.372797879] [Module_Supervisor]: ---- Supervisor: Connect to Server Module_Input.node_io_start_stop_pending Successfully ----
1732435446.5831504 [node_io_start_stop_pending-10] [INFO] [1732435446.582554239] [node_io_start_stop_pending]: ---- Server Server Module_Input.node_io_start_stop_pending: Start PIN: 0. Pending PIN: 0.  Stop PIN: 0----
1732435446.8331704 [node_io_start_stop_pending-10] [INFO] [1732435446.832571053] [node_io_start_stop_pending]: ---- Server Server Module_Input.node_io_start_stop_pending: Start PIN: 0. Pending PIN: 0.  Stop PIN: 0----
1732435447.0234723 [module_scanning_interface-2] [INFO] [1732435447.022745033] [module_scanning_interface]: ----  Server Module_Scanning&Interface: Connect to DB Successfully ----
1732435447.0864987 [node_io_start_stop_pending-10] [INFO] [1732435447.085641945] [node_io_start_stop_pending]: ---- Server Server Module_Input.node_io_start_stop_pending: Start PIN: 0. Pending PIN: 0.  Stop PIN: 0----
1732435447.3365691 [node_io_start_stop_pending-10] [INFO] [1732435447.335558493] [node_io_start_stop_pending]: ---- Server Server Module_Input.node_io_start_stop_pending: Start PIN: 0. Pending PIN: 0.  Stop PIN: 0----
1732435447.5869172 [node_io_start_stop_pending-10] [INFO] [1732435447.586294898] [node_io_start_stop_pending]: ---- Server Server Module_Input.node_io_start_stop_pending: Start PIN: 0. Pending PIN: 0.  Stop PIN: 0----
1732435447.8341045 [node_io_start_stop_pending-10] [INFO] [1732435447.833469615] [node_io_start_stop_pending]: ---- Server Server Module_Input.node_io_start_stop_pending: Start PIN: 0. Pending PIN: 0.  Stop PIN: 0----
1732435448.0844169 [node_io_start_stop_pending-10] [INFO] [1732435448.083588436] [node_io_start_stop_pending]: ---- Server Server Module_Input.node_io_start_stop_pending: Start PIN: 0. Pending PIN: 0.  Stop PIN: 0----
1732435448.3414948 [node_io_start_stop_pending-10] [INFO] [1732435448.338436371] [node_io_start_stop_pending]: ---- Server Server Module_Input.node_io_start_stop_pending: Start PIN: 0. Pending PIN: 0.  Stop PIN: 0----
1732435448.3810785 [module_supervisor-1] [INFO] [1732435448.377576606] [Module_Supervisor]: ---- Supervisor: Connect to Module_Scanning&Interface Successfully----
1732435448.3827257 [module_supervisor-1] [INFO] [1732435448.381486309] [Module_Supervisor]: ---- Supervisor: Connect to Module_Input.node Successfully----
1732435448.3876390 [module_supervisor-1] [INFO] [1732435448.385669570] [Module_Supervisor]: ---- Supervisor: Connect to Module_Weigh Successfully----
1732435448.3932142 [module_supervisor-1] [INFO] [1732435448.390434794] [Module_Supervisor]: ---- Supervisor: Connect to Module_Motor.node_dc_motor Successfully----
1732435448.3977811 [module_supervisor-1] [INFO] [1732435448.396589063] [Module_Supervisor]: ---- Supervisor: Connect to Module_Input.node_io_servo Successfully----
1732435448.4073422 [module_supervisor-1] [INFO] [1732435448.402929283] [Module_Supervisor]: ---- Supervisor: Connect to Module_Send_Email Successfully----
1732435448.4138420 [module_supervisor-1] [INFO] [1732435448.413014161] [Module_Supervisor]: ---- Supervisor: Connect to Module_Input.node_io_start_stop_pending Successfully ----
1732435448.5836539 [node_io_start_stop_pending-10] [INFO] [1732435448.583003661] [node_io_start_stop_pending]: ---- Server Server Module_Input.node_io_start_stop_pending: Start PIN: 0. Pending PIN: 0.  Stop PIN: 0----
1732435448.8365273 [node_io_start_stop_pending-10] [INFO] [1732435448.835784797] [node_io_start_stop_pending]: ---- Server Server Module_Input.node_io_start_stop_pending: Start PIN: 0. Pending PIN: 0.  Stop PIN: 0----
1732435449.0862224 [node_io_start_stop_pending-10] [INFO] [1732435449.085385600] [node_io_start_stop_pending]: ---- Server Server Module_Input.node_io_start_stop_pending: Start PIN: 0. Pending PIN: 0.  Stop PIN: 0----
1732435449.3344438 [node_io_start_stop_pending-10] [INFO] [1732435449.333740477] [node_io_start_stop_pending]: ---- Server Server Module_Input.node_io_start_stop_pending: Start PIN: 0. Pending PIN: 0.  Stop PIN: 0----
1732435449.5830097 [node_io_start_stop_pending-10] [INFO] [1732435449.582431741] [node_io_start_stop_pending]: ---- Server Server Module_Input.node_io_start_stop_pending: Start PIN: 0. Pending PIN: 0.  Stop PIN: 0----
1732435449.8341258 [node_io_start_stop_pending-10] [INFO] [1732435449.833428992] [node_io_start_stop_pending]: ---- Server Server Module_Input.node_io_start_stop_pending: Start PIN: 0. Pending PIN: 0.  Stop PIN: 0----
1732435450.0861828 [node_io_start_stop_pending-10] [INFO] [1732435450.085474557] [node_io_start_stop_pending]: ---- Server Server Module_Input.node_io_start_stop_pending: Start PIN: 0. Pending PIN: 0.  Stop PIN: 0----
1732435450.3368580 [node_io_start_stop_pending-10] [INFO] [1732435450.335941938] [node_io_start_stop_pending]: ---- Server Server Module_Input.node_io_start_stop_pending: Start PIN: 0. Pending PIN: 0.  Stop PIN: 0----
1732435450.3788123 [module_supervisor-1] [INFO] [1732435450.377905711] [Module_Supervisor]: ---- Supervisor: Connect to Module_Scanning&Interface Successfully----
1732435450.3833957 [module_supervisor-1] [INFO] [1732435450.382461634] [Module_Supervisor]: ---- Supervisor: Connect to Module_Input.node Successfully----
1732435450.3882377 [module_supervisor-1] [INFO] [1732435450.387266265] [Module_Supervisor]: ---- Supervisor: Connect to Module_Weigh Successfully----
1732435450.3918512 [module_supervisor-1] [INFO] [1732435450.391276056] [Module_Supervisor]: ---- Supervisor: Connect to Module_Motor.node_dc_motor Successfully----
1732435450.3951705 [module_supervisor-1] [INFO] [1732435450.394501802] [Module_Supervisor]: ---- Supervisor: Connect to Module_Input.node_io_servo Successfully----
1732435450.4002059 [module_supervisor-1] [INFO] [1732435450.398955843] [Module_Supervisor]: ---- Supervisor: Connect to Module_Send_Email Successfully----
1732435450.4047296 [module_supervisor-1] [INFO] [1732435450.403918797] [Module_Supervisor]: ---- Supervisor: Connect to Module_Input.node_io_start_stop_pending Successfully ----
1732435450.5834985 [node_io_start_stop_pending-10] [INFO] [1732435450.582848891] [node_io_start_stop_pending]: ---- Server Server Module_Input.node_io_start_stop_pending: Start PIN: 0. Pending PIN: 0.  Stop PIN: 0----
1732435450.8364511 [node_io_start_stop_pending-10] [INFO] [1732435450.835564171] [node_io_start_stop_pending]: ---- Server Server Module_Input.node_io_start_stop_pending: Start PIN: 0. Pending PIN: 0.  Stop PIN: 0----
1732435451.0863211 [node_io_start_stop_pending-10] [INFO] [1732435451.085578663] [node_io_start_stop_pending]: ---- Server Server Module_Input.node_io_start_stop_pending: Start PIN: 0. Pending PIN: 0.  Stop PIN: 0----
1732435451.3331015 [node_io_start_stop_pending-10] [INFO] [1732435451.332523321] [node_io_start_stop_pending]: ---- Server Server Module_Input.node_io_start_stop_pending: Start PIN: 0. Pending PIN: 0.  Stop PIN: 0----
1732435451.5870385 [node_io_start_stop_pending-10] [INFO] [1732435451.586138497] [node_io_start_stop_pending]: ---- Server Server Module_Input.node_io_start_stop_pending: Start PIN: 0. Pending PIN: 0.  Stop PIN: 0----
1732435451.8331776 [node_io_start_stop_pending-10] [INFO] [1732435451.832608795] [node_io_start_stop_pending]: ---- Server Server Module_Input.node_io_start_stop_pending: Start PIN: 0. Pending PIN: 0.  Stop PIN: 0----
1732435452.0842760 [node_io_start_stop_pending-10] [INFO] [1732435452.083528403] [node_io_start_stop_pending]: ---- Server Server Module_Input.node_io_start_stop_pending: Start PIN: 0. Pending PIN: 0.  Stop PIN: 0----
1732435452.3358040 [node_io_start_stop_pending-10] [INFO] [1732435452.335133447] [node_io_start_stop_pending]: ---- Server Server Module_Input.node_io_start_stop_pending: Start PIN: 0. Pending PIN: 0.  Stop PIN: 0----
1732435452.3783712 [module_supervisor-1] [INFO] [1732435452.377250441] [Module_Supervisor]: ---- Supervisor: Connect to Module_Scanning&Interface Successfully----
1732435452.3825502 [module_supervisor-1] [INFO] [1732435452.381562954] [Module_Supervisor]: ---- Supervisor: Connect to Module_Input.node Successfully----
1732435452.3885617 [module_supervisor-1] [INFO] [1732435452.387598473] [Module_Supervisor]: ---- Supervisor: Connect to Module_Weigh Successfully----
1732435452.3936205 [module_supervisor-1] [INFO] [1732435452.392414567] [Module_Supervisor]: ---- Supervisor: Connect to Module_Motor.node_dc_motor Successfully----
1732435452.4017577 [module_supervisor-1] [INFO] [1732435452.399449395] [Module_Supervisor]: ---- Supervisor: Connect to Module_Input.node_io_servo Successfully----
1732435452.4055698 [module_supervisor-1] [INFO] [1732435452.404899987] [Module_Supervisor]: ---- Supervisor: Connect to Module_Send_Email Successfully----
1732435452.4114938 [module_supervisor-1] [INFO] [1732435452.409397971] [Module_Supervisor]: ---- Supervisor: Connect to Module_Input.node_io_start_stop_pending Successfully ----
1732435452.5863295 [node_io_start_stop_pending-10] [INFO] [1732435452.585453960] [node_io_start_stop_pending]: ---- Server Server Module_Input.node_io_start_stop_pending: Start PIN: 0. Pending PIN: 0.  Stop PIN: 0----
1732435452.8357906 [node_io_start_stop_pending-10] [INFO] [1732435452.835028962] [node_io_start_stop_pending]: ---- Server Server Module_Input.node_io_start_stop_pending: Start PIN: 0. Pending PIN: 0.  Stop PIN: 0----
1732435453.0832233 [node_io_start_stop_pending-10] [INFO] [1732435453.082620630] [node_io_start_stop_pending]: ---- Server Server Module_Input.node_io_start_stop_pending: Start PIN: 0. Pending PIN: 0.  Stop PIN: 0----
1732435453.3388004 [node_io_start_stop_pending-10] [INFO] [1732435453.338062871] [node_io_start_stop_pending]: ---- Server Server Module_Input.node_io_start_stop_pending: Start PIN: 0. Pending PIN: 0.  Stop PIN: 0----
1732435453.5874171 [node_io_start_stop_pending-10] [INFO] [1732435453.586384714] [node_io_start_stop_pending]: ---- Server Server Module_Input.node_io_start_stop_pending: Start PIN: 0. Pending PIN: 0.  Stop PIN: 0----
1732435453.8364789 [node_io_start_stop_pending-10] [INFO] [1732435453.835503453] [node_io_start_stop_pending]: ---- Server Server Module_Input.node_io_start_stop_pending: Start PIN: 0. Pending PIN: 0.  Stop PIN: 0----
1732435454.0841424 [node_io_start_stop_pending-10] [INFO] [1732435454.083468289] [node_io_start_stop_pending]: ---- Server Server Module_Input.node_io_start_stop_pending: Start PIN: 0. Pending PIN: 0.  Stop PIN: 0----
1732435454.3353150 [node_io_start_stop_pending-10] [INFO] [1732435454.334525562] [node_io_start_stop_pending]: ---- Server Server Module_Input.node_io_start_stop_pending: Start PIN: 0. Pending PIN: 0.  Stop PIN: 0----
1732435454.3783369 [module_supervisor-1] [INFO] [1732435454.377427460] [Module_Supervisor]: ---- Supervisor: Connect to Module_Scanning&Interface Successfully----
1732435454.3823445 [module_supervisor-1] [INFO] [1732435454.381483657] [Module_Supervisor]: ---- Supervisor: Connect to Module_Input.node Successfully----
1732435454.3865972 [module_supervisor-1] [INFO] [1732435454.385713639] [Module_Supervisor]: ---- Supervisor: Connect to Module_Weigh Successfully----
1732435454.3905368 [module_supervisor-1] [INFO] [1732435454.389513555] [Module_Supervisor]: ---- Supervisor: Connect to Module_Motor.node_dc_motor Successfully----
1732435454.3951805 [module_supervisor-1] [INFO] [1732435454.394411089] [Module_Supervisor]: ---- Supervisor: Connect to Module_Input.node_io_servo Successfully----
1732435454.3990512 [module_supervisor-1] [INFO] [1732435454.398297703] [Module_Supervisor]: ---- Supervisor: Connect to Module_Send_Email Successfully----
1732435454.4045951 [module_supervisor-1] [INFO] [1732435454.403575659] [Module_Supervisor]: ---- Supervisor: Connect to Module_Input.node_io_start_stop_pending Successfully ----
1732435454.5842726 [node_io_start_stop_pending-10] [INFO] [1732435454.583633603] [node_io_start_stop_pending]: ---- Server Server Module_Input.node_io_start_stop_pending: Start PIN: 0. Pending PIN: 0.  Stop PIN: 0----
1732435454.8336420 [node_io_start_stop_pending-10] [INFO] [1732435454.833050606] [node_io_start_stop_pending]: ---- Server Server Module_Input.node_io_start_stop_pending: Start PIN: 0. Pending PIN: 0.  Stop PIN: 0----
1732435455.0851009 [node_io_start_stop_pending-10] [INFO] [1732435455.084529344] [node_io_start_stop_pending]: ---- Server Server Module_Input.node_io_start_stop_pending: Start PIN: 0. Pending PIN: 0.  Stop PIN: 0----
1732435455.3355625 [node_io_start_stop_pending-10] [INFO] [1732435455.334401009] [node_io_start_stop_pending]: ---- Server Server Module_Input.node_io_start_stop_pending: Start PIN: 0. Pending PIN: 0.  Stop PIN: 0----
1732435455.5857005 [node_io_start_stop_pending-10] [INFO] [1732435455.584918228] [node_io_start_stop_pending]: ---- Server Server Module_Input.node_io_start_stop_pending: Start PIN: 0. Pending PIN: 0.  Stop PIN: 0----
1732435455.8355236 [node_io_start_stop_pending-10] [INFO] [1732435455.834796986] [node_io_start_stop_pending]: ---- Server Server Module_Input.node_io_start_stop_pending: Start PIN: 0. Pending PIN: 0.  Stop PIN: 0----
1732435456.0867224 [node_io_start_stop_pending-10] [INFO] [1732435456.085931138] [node_io_start_stop_pending]: ---- Server Server Module_Input.node_io_start_stop_pending: Start PIN: 0. Pending PIN: 0.  Stop PIN: 0----
1732435456.3365738 [node_io_start_stop_pending-10] [INFO] [1732435456.335710333] [node_io_start_stop_pending]: ---- Server Server Module_Input.node_io_start_stop_pending: Start PIN: 0. Pending PIN: 0.  Stop PIN: 0----
1732435456.3776634 [module_supervisor-1] [INFO] [1732435456.376893158] [Module_Supervisor]: ---- Supervisor: Connect to Module_Scanning&Interface Successfully----
1732435456.3819606 [module_supervisor-1] [INFO] [1732435456.381009778] [Module_Supervisor]: ---- Supervisor: Connect to Module_Input.node Successfully----
1732435456.3863075 [module_supervisor-1] [INFO] [1732435456.385294832] [Module_Supervisor]: ---- Supervisor: Connect to Module_Weigh Successfully----
1732435456.3900180 [module_supervisor-1] [INFO] [1732435456.389329104] [Module_Supervisor]: ---- Supervisor: Connect to Module_Motor.node_dc_motor Successfully----
1732435456.3936923 [module_supervisor-1] [INFO] [1732435456.392926996] [Module_Supervisor]: ---- Supervisor: Connect to Module_Input.node_io_servo Successfully----
1732435456.3992097 [module_supervisor-1] [INFO] [1732435456.397638672] [Module_Supervisor]: ---- Supervisor: Connect to Module_Send_Email Successfully----
1732435456.4043360 [module_supervisor-1] [INFO] [1732435456.402766453] [Module_Supervisor]: ---- Supervisor: Connect to Module_Input.node_io_start_stop_pending Successfully ----
1732435456.5844266 [node_io_start_stop_pending-10] [INFO] [1732435456.583841184] [node_io_start_stop_pending]: ---- Server Server Module_Input.node_io_start_stop_pending: Start PIN: 0. Pending PIN: 0.  Stop PIN: 0----
1732435456.8336353 [node_io_start_stop_pending-10] [INFO] [1732435456.832936346] [node_io_start_stop_pending]: ---- Server Server Module_Input.node_io_start_stop_pending: Start PIN: 0. Pending PIN: 0.  Stop PIN: 0----
1732435457.0853345 [node_io_start_stop_pending-10] [INFO] [1732435457.084613192] [node_io_start_stop_pending]: ---- Server Server Module_Input.node_io_start_stop_pending: Start PIN: 0. Pending PIN: 0.  Stop PIN: 0----
1732435457.3395343 [node_io_start_stop_pending-10] [INFO] [1732435457.338776033] [node_io_start_stop_pending]: ---- Server Server Module_Input.node_io_start_stop_pending: Start PIN: 0. Pending PIN: 0.  Stop PIN: 0----
1732435457.5544968 [module_scanning_interface-2] [INFO] [1732435457.553375816] [module_scanning_interface]: ---- Server Module_Scanning_Interfaces: Shutdown ----
1732435457.5874896 [node_io_start_stop_pending-10] [INFO] [1732435457.586897815] [node_io_start_stop_pending]: ---- Server Server Module_Input.node_io_start_stop_pending: Start PIN: 0. Pending PIN: 0.  Stop PIN: 0----
1732435457.8415108 [node_io_start_stop_pending-10] [INFO] [1732435457.837792428] [node_io_start_stop_pending]: ---- Server Server Module_Input.node_io_start_stop_pending: Start PIN: 0. Pending PIN: 0.  Stop PIN: 0----
1732435458.0847411 [node_io_start_stop_pending-10] [INFO] [1732435458.084150676] [node_io_start_stop_pending]: ---- Server Server Module_Input.node_io_start_stop_pending: Start PIN: 0. Pending PIN: 0.  Stop PIN: 0----
1732435458.3330443 [node_io_start_stop_pending-10] [INFO] [1732435458.332454841] [node_io_start_stop_pending]: ---- Server Server Module_Input.node_io_start_stop_pending: Start PIN: 0. Pending PIN: 0.  Stop PIN: 0----
1732435458.3800578 [module_supervisor-1] [INFO] [1732435458.377071410] [Module_Supervisor]: ---- Supervisor: Connect to Module_Scanning&Interface Successfully----
1732435458.3875959 [module_supervisor-1] [INFO] [1732435458.383856090] [Module_Supervisor]: ---- Supervisor: Connect to Module_Input.node Successfully----
1732435458.3897467 [module_supervisor-1] [INFO] [1732435458.389083273] [Module_Supervisor]: ---- Supervisor: Connect to Module_Weigh Successfully----
1732435458.3959196 [module_supervisor-1] [INFO] [1732435458.395131776] [Module_Supervisor]: ---- Supervisor: Connect to Module_Motor.node_dc_motor Successfully----
1732435458.4018378 [module_supervisor-1] [INFO] [1732435458.399795956] [Module_Supervisor]: ---- Supervisor: Connect to Module_Input.node_io_servo Successfully----
1732435458.4076293 [module_supervisor-1] [INFO] [1732435458.406812104] [Module_Supervisor]: ---- Supervisor: Connect to Module_Send_Email Successfully----
1732435458.4178009 [module_supervisor-1] [INFO] [1732435458.415300070] [Module_Supervisor]: ---- Supervisor: Connect to Module_Input.node_io_start_stop_pending Successfully ----
1732435458.5852404 [node_io_start_stop_pending-10] [INFO] [1732435458.584431504] [node_io_start_stop_pending]: ---- Server Server Module_Input.node_io_start_stop_pending: Start PIN: 0. Pending PIN: 0.  Stop PIN: 0----
1732435458.8378444 [node_io_start_stop_pending-10] [INFO] [1732435458.836428037] [node_io_start_stop_pending]: ---- Server Server Module_Input.node_io_start_stop_pending: Start PIN: 0. Pending PIN: 0.  Stop PIN: 0----
1732435459.0844896 [node_io_start_stop_pending-10] [INFO] [1732435459.083782100] [node_io_start_stop_pending]: ---- Server Server Module_Input.node_io_start_stop_pending: Start PIN: 0. Pending PIN: 0.  Stop PIN: 0----
1732435459.3358426 [node_io_start_stop_pending-10] [INFO] [1732435459.335101160] [node_io_start_stop_pending]: ---- Server Server Module_Input.node_io_start_stop_pending: Start PIN: 0. Pending PIN: 0.  Stop PIN: 0----
1732435459.5874336 [node_io_start_stop_pending-10] [INFO] [1732435459.586548546] [node_io_start_stop_pending]: ---- Server Server Module_Input.node_io_start_stop_pending: Start PIN: 0. Pending PIN: 0.  Stop PIN: 0----
1732435459.8354521 [node_io_start_stop_pending-10] [INFO] [1732435459.834527272] [node_io_start_stop_pending]: ---- Server Server Module_Input.node_io_start_stop_pending: Start PIN: 0. Pending PIN: 0.  Stop PIN: 0----
1732435460.0832329 [node_io_start_stop_pending-10] [INFO] [1732435460.082648793] [node_io_start_stop_pending]: ---- Server Server Module_Input.node_io_start_stop_pending: Start PIN: 0. Pending PIN: 0.  Stop PIN: 0----
1732435460.3330772 [node_io_start_stop_pending-10] [INFO] [1732435460.332501910] [node_io_start_stop_pending]: ---- Server Server Module_Input.node_io_start_stop_pending: Start PIN: 0. Pending PIN: 0.  Stop PIN: 0----
1732435460.3790743 [module_supervisor-1] [INFO] [1732435460.378013914] [Module_Supervisor]: ---- Supervisor: Connect to Module_Scanning&Interface Successfully----
1732435460.3835707 [module_supervisor-1] [INFO] [1732435460.382794995] [Module_Supervisor]: ---- Supervisor: Connect to Module_Input.node Successfully----
1732435460.3876469 [module_supervisor-1] [INFO] [1732435460.386714665] [Module_Supervisor]: ---- Supervisor: Connect to Module_Weigh Successfully----
1732435460.3925438 [module_supervisor-1] [INFO] [1732435460.391451675] [Module_Supervisor]: ---- Supervisor: Connect to Module_Motor.node_dc_motor Successfully----
1732435460.3963194 [module_supervisor-1] [INFO] [1732435460.395562722] [Module_Supervisor]: ---- Supervisor: Connect to Module_Input.node_io_servo Successfully----
1732435460.4003861 [module_supervisor-1] [INFO] [1732435460.399523482] [Module_Supervisor]: ---- Supervisor: Connect to Module_Send_Email Successfully----
1732435460.4049678 [module_supervisor-1] [INFO] [1732435460.404214495] [Module_Supervisor]: ---- Supervisor: Connect to Module_Input.node_io_start_stop_pending Successfully ----
1732435460.5864110 [node_io_start_stop_pending-10] [INFO] [1732435460.585551018] [node_io_start_stop_pending]: ---- Server Server Module_Input.node_io_start_stop_pending: Start PIN: 0. Pending PIN: 0.  Stop PIN: 0----
1732435460.8364789 [node_io_start_stop_pending-10] [INFO] [1732435460.835516313] [node_io_start_stop_pending]: ---- Server Server Module_Input.node_io_start_stop_pending: Start PIN: 0. Pending PIN: 0.  Stop PIN: 0----
1732435461.0925875 [node_io_start_stop_pending-10] [INFO] [1732435461.091221696] [node_io_start_stop_pending]: ---- Server Server Module_Input.node_io_start_stop_pending: Start PIN: 0. Pending PIN: 0.  Stop PIN: 0----
1732435461.3342519 [node_io_start_stop_pending-10] [INFO] [1732435461.333458574] [node_io_start_stop_pending]: ---- Server Server Module_Input.node_io_start_stop_pending: Start PIN: 0. Pending PIN: 0.  Stop PIN: 0----
1732435461.5227258 [ERROR] [module_scanning_interface-2]: process has died [pid 190276, exit code 255, cmd '/home/tomccd/Documents/Code/Python/DATN/install/module_scanning_interface/lib/module_scanning_interface/module_scanning_interface --ros-args'].
1732435461.5869431 [node_io_start_stop_pending-10] [INFO] [1732435461.585965868] [node_io_start_stop_pending]: ---- Server Server Module_Input.node_io_start_stop_pending: Start PIN: 0. Pending PIN: 0.  Stop PIN: 0----
1732435461.8330646 [node_io_start_stop_pending-10] [INFO] [1732435461.832462877] [node_io_start_stop_pending]: ---- Server Server Module_Input.node_io_start_stop_pending: Start PIN: 0. Pending PIN: 0.  Stop PIN: 0----
1732435462.0831027 [node_io_start_stop_pending-10] [INFO] [1732435462.082462850] [node_io_start_stop_pending]: ---- Server Server Module_Input.node_io_start_stop_pending: Start PIN: 0. Pending PIN: 0.  Stop PIN: 0----
1732435462.3365414 [node_io_start_stop_pending-10] [INFO] [1732435462.335611258] [node_io_start_stop_pending]: ---- Server Server Module_Input.node_io_start_stop_pending: Start PIN: 0. Pending PIN: 0.  Stop PIN: 0----
1732435462.5844140 [node_io_start_stop_pending-10] [INFO] [1732435462.583917959] [node_io_start_stop_pending]: ---- Server Server Module_Input.node_io_start_stop_pending: Start PIN: 0. Pending PIN: 0.  Stop PIN: 0----
1732435462.8361351 [node_io_start_stop_pending-10] [INFO] [1732435462.835242515] [node_io_start_stop_pending]: ---- Server Server Module_Input.node_io_start_stop_pending: Start PIN: 0. Pending PIN: 0.  Stop PIN: 0----
1732435463.0846801 [node_io_start_stop_pending-10] [INFO] [1732435463.084034787] [node_io_start_stop_pending]: ---- Server Server Module_Input.node_io_start_stop_pending: Start PIN: 0. Pending PIN: 0.  Stop PIN: 0----
1732435463.3343134 [node_io_start_stop_pending-10] [INFO] [1732435463.333625359] [node_io_start_stop_pending]: ---- Server Server Module_Input.node_io_start_stop_pending: Start PIN: 0. Pending PIN: 0.  Stop PIN: 0----
1732435463.3814270 [module_supervisor-1] [WARN] [1732435463.380285381] [Module_Supervisor]: ---- Supervisor: Waiting to connect to server Module_Scanning&Interface ----
1732435463.5863857 [node_io_start_stop_pending-10] [INFO] [1732435463.585516256] [node_io_start_stop_pending]: ---- Server Server Module_Input.node_io_start_stop_pending: Start PIN: 0. Pending PIN: 0.  Stop PIN: 0----
1732435463.8330717 [node_io_start_stop_pending-10] [INFO] [1732435463.832463710] [node_io_start_stop_pending]: ---- Server Server Module_Input.node_io_start_stop_pending: Start PIN: 0. Pending PIN: 0.  Stop PIN: 0----
1732435464.0830307 [node_io_start_stop_pending-10] [INFO] [1732435464.082452377] [node_io_start_stop_pending]: ---- Server Server Module_Input.node_io_start_stop_pending: Start PIN: 0. Pending PIN: 0.  Stop PIN: 0----
1732435464.3370683 [node_io_start_stop_pending-10] [INFO] [1732435464.336241831] [node_io_start_stop_pending]: ---- Server Server Module_Input.node_io_start_stop_pending: Start PIN: 0. Pending PIN: 0.  Stop PIN: 0----
1732435464.3872268 [module_supervisor-1] [WARN] [1732435464.386190215] [Module_Supervisor]: ---- Supervisor: Waiting to connect to server Module_Scanning&Interface ----
1732435464.5858271 [node_io_start_stop_pending-10] [INFO] [1732435464.585204001] [node_io_start_stop_pending]: ---- Server Server Module_Input.node_io_start_stop_pending: Start PIN: 0. Pending PIN: 0.  Stop PIN: 0----
1732435464.8344951 [node_io_start_stop_pending-10] [INFO] [1732435464.833788935] [node_io_start_stop_pending]: ---- Server Server Module_Input.node_io_start_stop_pending: Start PIN: 0. Pending PIN: 0.  Stop PIN: 0----
1732435465.0864191 [node_io_start_stop_pending-10] [INFO] [1732435465.085759858] [node_io_start_stop_pending]: ---- Server Server Module_Input.node_io_start_stop_pending: Start PIN: 0. Pending PIN: 0.  Stop PIN: 0----
1732435465.3365607 [node_io_start_stop_pending-10] [INFO] [1732435465.335572797] [node_io_start_stop_pending]: ---- Server Server Module_Input.node_io_start_stop_pending: Start PIN: 0. Pending PIN: 0.  Stop PIN: 0----
1732435465.3916554 [module_supervisor-1] [WARN] [1732435465.390908973] [Module_Supervisor]: ---- Supervisor: Waiting to connect to server Module_Scanning&Interface ----
1732435465.5847516 [node_io_start_stop_pending-10] [INFO] [1732435465.584138495] [node_io_start_stop_pending]: ---- Server Server Module_Input.node_io_start_stop_pending: Start PIN: 0. Pending PIN: 0.  Stop PIN: 0----
1732435465.8360040 [node_io_start_stop_pending-10] [INFO] [1732435465.835210173] [node_io_start_stop_pending]: ---- Server Server Module_Input.node_io_start_stop_pending: Start PIN: 0. Pending PIN: 0.  Stop PIN: 0----
1732435466.0864708 [node_io_start_stop_pending-10] [INFO] [1732435466.085543069] [node_io_start_stop_pending]: ---- Server Server Module_Input.node_io_start_stop_pending: Start PIN: 0. Pending PIN: 0.  Stop PIN: 0----
1732435466.3365555 [node_io_start_stop_pending-10] [INFO] [1732435466.335534853] [node_io_start_stop_pending]: ---- Server Server Module_Input.node_io_start_stop_pending: Start PIN: 0. Pending PIN: 0.  Stop PIN: 0----
1732435466.3984990 [module_supervisor-1] [WARN] [1732435466.397332758] [Module_Supervisor]: ---- Supervisor: Waiting to connect to server Module_Scanning&Interface ----
1732435466.5860538 [node_io_start_stop_pending-10] [INFO] [1732435466.585221174] [node_io_start_stop_pending]: ---- Server Server Module_Input.node_io_start_stop_pending: Start PIN: 0. Pending PIN: 0.  Stop PIN: 0----
1732435466.8331108 [node_io_start_stop_pending-10] [INFO] [1732435466.832524620] [node_io_start_stop_pending]: ---- Server Server Module_Input.node_io_start_stop_pending: Start PIN: 0. Pending PIN: 0.  Stop PIN: 0----
1732435467.0858305 [node_io_start_stop_pending-10] [INFO] [1732435467.085084498] [node_io_start_stop_pending]: ---- Server Server Module_Input.node_io_start_stop_pending: Start PIN: 0. Pending PIN: 0.  Stop PIN: 0----
1732435467.3330517 [node_io_start_stop_pending-10] [INFO] [1732435467.332467443] [node_io_start_stop_pending]: ---- Server Server Module_Input.node_io_start_stop_pending: Start PIN: 0. Pending PIN: 0.  Stop PIN: 0----
1732435467.4027557 [module_supervisor-1] [WARN] [1732435467.402043387] [Module_Supervisor]: ---- Supervisor: Waiting to connect to server Module_Scanning&Interface ----
1732435467.4156072 [module_supervisor-1] [ERROR] [1732435467.404587013] [Module_Supervisor]: ---- Supervisor: Can't connect to Module Scanning&Interface ----
1732435467.4387851 [module_log_file-8] [INFO] [1732435467.410959353] [module_log_file]: ---- Server Module_Log_File: Creating Log File... ----
1732435467.4659662 [node_dc_servo-3] [INFO] [1732435467.413301750] [node_servo_motor]: ---- Server Module_Motor.node_servo_motor: Receive Message: Terminate. Bye Bye.... ----
1732435467.4721279 [node_io_start_stop_pending-10] [INFO] [1732435467.422030264] [node_io_start_stop_pending]: ---- Server Module_Input.node_io_start_stop_pending: Receive Message: Terminate. Bye Bye.... ----
1732435467.6420720 [node_io_servo-4] [INFO] [1732435467.635981378] [node_io_servo]: ---- Server Module_Input.node_io_servo: Receive Message: Terminate. Bye Bye.... ----
1732435467.6651318 [node_io_weigh-6] [INFO] [1732435467.656152670] [node_io_weigh]: ---- Server Module_Input.node_io_weigh: Receive Message: Terminate. Bye Bye.... ----
1732435467.7619636 [module_weigh-7] [INFO] [1732435467.738576937] [module_weigh]: ---- Server Module_Weigh: Receive Message: Terminate. Bye Bye.... ----
1732435467.9694469 [node_dc_motor-5] [INFO] [1732435467.962320168] [node_dc_motor]: ---- Server Module_Motor.node_dc_motor: Receive Message: Terminate. Bye Bye.... ----
1732435468.3471770 [ERROR] [module_supervisor-1]: process has died [pid 190275, exit code 255, cmd '/home/tomccd/Documents/Code/Python/DATN/install/module_supervisor/lib/module_supervisor/module_supervisor --ros-args'].
1732435468.4256597 [ERROR] [node_io_servo-4]: process has died [pid 190278, exit code 255, cmd '/home/tomccd/Documents/Code/Python/DATN/install/module_input/lib/module_input/node_io_servo --ros-args'].
1732435468.5445600 [ERROR] [node_io_start_stop_pending-10]: process has died [pid 190284, exit code 255, cmd '/home/tomccd/Documents/Code/Python/DATN/install/module_input/lib/module_input/node_io_start_stop_pending --ros-args'].
1732435468.6560206 [ERROR] [module_weigh-7]: process has died [pid 190281, exit code 255, cmd '/home/tomccd/Documents/Code/Python/DATN/install/module_weigh/lib/module_weigh/module_weigh --ros-args'].
1732435468.6648257 [ERROR] [node_io_weigh-6]: process has died [pid 190280, exit code 255, cmd '/home/tomccd/Documents/Code/Python/DATN/install/module_input/lib/module_input/node_io_weigh --ros-args'].
1732435468.7447503 [ERROR] [node_dc_servo-3]: process has died [pid 190277, exit code 255, cmd '/home/tomccd/Documents/Code/Python/DATN/install/module_motor/lib/module_motor/node_dc_servo --ros-args'].
1732435468.8837228 [ERROR] [node_dc_motor-5]: process has died [pid 190279, exit code 255, cmd '/home/tomccd/Documents/Code/Python/DATN/install/module_motor/lib/module_motor/node_dc_motor --ros-args'].
