1731815218.7769465 [INFO] [launch]: All log files can be found below /home/tomccd/.ros/log/2024-11-17-10-46-58-754841-tomccd-raspberry4b-8744
1731815218.7777324 [INFO] [launch]: Default logging verbosity is set to INFO
1731815219.7433293 [INFO] [module_supervisor-1]: process started with pid [8747]
1731815219.7518222 [INFO] [module_scanning_interface-2]: process started with pid [8748]
1731815219.7537496 [INFO] [node_dc_servo-3]: process started with pid [8749]
1731815219.7579384 [INFO] [node_io_servo-4]: process started with pid [8750]
1731815219.7618217 [INFO] [node_dc_motor-5]: process started with pid [8751]
1731815219.7651548 [INFO] [node_io_weigh-6]: process started with pid [8752]
1731815219.7692382 [INFO] [module_weigh-7]: process started with pid [8753]
1731815219.7736928 [INFO] [module_log_file-8]: process started with pid [8754]
1731815219.7769902 [INFO] [module_send_email-9]: process started with pid [8755]
1731815225.2232609 [module_supervisor-1] [INFO] [1731815225.221501145] [Module_Supervisor]: ---- Supervisor: Connect to Server Module_Log_File Successfully ----
1731815225.2252474 [node_dc_servo-3] [INFO] [1731815225.222132491] [node_servo_motor]: ---- Server Module_Motor.node_dc_motor: Init Server ----
1731815225.6500425 [node_io_servo-4] [INFO] [1731815225.649121785] [node_io_servo]: ---- Server Server Module_Input.node_io_servo: TBDT PIN: 1. QA PIN: 1.  Diff PIN: 1----
1731815225.6623971 [node_io_weigh-6] [INFO] [1731815225.661396999] [node_io_weigh]: ---- Server Server Module_Input.node_io_weigh: Enable PIN: 1. Disable PIN: 1 ----
1731815225.8982251 [node_io_servo-4] [INFO] [1731815225.897391666] [node_io_servo]: ---- Server Server Module_Input.node_io_servo: TBDT PIN: 1. QA PIN: 1.  Diff PIN: 1----
1731815225.9123695 [node_io_weigh-6] [INFO] [1731815225.911199738] [node_io_weigh]: ---- Server Server Module_Input.node_io_weigh: Enable PIN: 1. Disable PIN: 1 ----
1731815226.2272654 [module_supervisor-1] [WARN] [1731815226.226197778] [Module_Supervisor]: ---- Supervisor: Waiting to connect to server Module_Scanning&Interface ----
1731815226.2485261 [node_io_servo-4] [INFO] [1731815226.247705083] [node_io_servo]: ---- Server Server Module_Input.node_io_servo: TBDT PIN: 1. QA PIN: 1.  Diff PIN: 1----
1731815226.2629468 [node_io_weigh-6] [INFO] [1731815226.261584766] [node_io_weigh]: ---- Server Server Module_Input.node_io_weigh: Enable PIN: 1. Disable PIN: 1 ----
1731815226.6018803 [node_io_servo-4] [INFO] [1731815226.600984236] [node_io_servo]: ---- Server Server Module_Input.node_io_servo: TBDT PIN: 1. QA PIN: 1.  Diff PIN: 1----
1731815226.6127219 [node_io_weigh-6] [INFO] [1731815226.611819943] [node_io_weigh]: ---- Server Server Module_Input.node_io_weigh: Enable PIN: 1. Disable PIN: 1 ----
1731815226.9504619 [node_io_servo-4] [INFO] [1731815226.949371316] [node_io_servo]: ---- Server Server Module_Input.node_io_servo: TBDT PIN: 1. QA PIN: 1.  Diff PIN: 1----
1731815226.9617746 [node_io_weigh-6] [INFO] [1731815226.960796575] [node_io_weigh]: ---- Server Server Module_Input.node_io_weigh: Enable PIN: 1. Disable PIN: 1 ----
1731815227.2329423 [module_supervisor-1] [WARN] [1731815227.231979433] [Module_Supervisor]: ---- Supervisor: Waiting to connect to server Module_Scanning&Interface ----
1731815227.3022058 [node_io_servo-4] [INFO] [1731815227.300863630] [node_io_servo]: ---- Server Server Module_Input.node_io_servo: TBDT PIN: 1. QA PIN: 1.  Diff PIN: 1----
1731815227.3114533 [node_io_weigh-6] [INFO] [1731815227.310468773] [node_io_weigh]: ---- Server Server Module_Input.node_io_weigh: Enable PIN: 1. Disable PIN: 1 ----
1731815227.6505272 [node_io_servo-4] [INFO] [1731815227.649531207] [node_io_servo]: ---- Server Server Module_Input.node_io_servo: TBDT PIN: 1. QA PIN: 1.  Diff PIN: 1----
1731815227.6635017 [node_io_weigh-6] [INFO] [1731815227.662055363] [node_io_weigh]: ---- Server Server Module_Input.node_io_weigh: Enable PIN: 1. Disable PIN: 1 ----
1731815228.0039110 [node_io_servo-4] [INFO] [1731815228.002312824] [node_io_servo]: ---- Server Server Module_Input.node_io_servo: TBDT PIN: 1. QA PIN: 1.  Diff PIN: 1----
1731815228.0107985 [node_io_weigh-6] [INFO] [1731815228.009943632] [node_io_weigh]: ---- Server Server Module_Input.node_io_weigh: Enable PIN: 1. Disable PIN: 1 ----
1731815228.2370427 [module_supervisor-1] [WARN] [1731815228.236026246] [Module_Supervisor]: ---- Supervisor: Waiting to connect to server Module_Scanning&Interface ----
1731815228.3511324 [node_io_servo-4] [INFO] [1731815228.349655391] [node_io_servo]: ---- Server Server Module_Input.node_io_servo: TBDT PIN: 1. QA PIN: 1.  Diff PIN: 1----
1731815228.3642664 [node_io_weigh-6] [INFO] [1731815228.362763617] [node_io_weigh]: ---- Server Server Module_Input.node_io_weigh: Enable PIN: 1. Disable PIN: 1 ----
1731815228.6990986 [node_io_servo-4] [INFO] [1731815228.698112616] [node_io_servo]: ---- Server Server Module_Input.node_io_servo: TBDT PIN: 1. QA PIN: 1.  Diff PIN: 1----
1731815228.7121785 [node_io_weigh-6] [INFO] [1731815228.710844364] [node_io_weigh]: ---- Server Server Module_Input.node_io_weigh: Enable PIN: 1. Disable PIN: 1 ----
1731815229.0503843 [node_io_servo-4] [INFO] [1731815229.049211504] [node_io_servo]: ---- Server Server Module_Input.node_io_servo: TBDT PIN: 1. QA PIN: 1.  Diff PIN: 1----
1731815229.0621617 [node_io_weigh-6] [INFO] [1731815229.061045852] [node_io_weigh]: ---- Server Server Module_Input.node_io_weigh: Enable PIN: 1. Disable PIN: 1 ----
1731815229.2432709 [module_supervisor-1] [WARN] [1731815229.242129148] [Module_Supervisor]: ---- Supervisor: Waiting to connect to server Module_Scanning&Interface ----
1731815229.3998907 [node_io_servo-4] [INFO] [1731815229.398826310] [node_io_servo]: ---- Server Server Module_Input.node_io_servo: TBDT PIN: 1. QA PIN: 1.  Diff PIN: 1----
1731815229.4109910 [node_io_weigh-6] [INFO] [1731815229.410021163] [node_io_weigh]: ---- Server Server Module_Input.node_io_weigh: Enable PIN: 1. Disable PIN: 1 ----
1731815229.7483542 [node_io_servo-4] [INFO] [1731815229.747565383] [node_io_servo]: ---- Server Server Module_Input.node_io_servo: TBDT PIN: 1. QA PIN: 1.  Diff PIN: 1----
1731815229.7601895 [node_io_weigh-6] [INFO] [1731815229.759358435] [node_io_weigh]: ---- Server Server Module_Input.node_io_weigh: Enable PIN: 1. Disable PIN: 1 ----
1731815230.1014855 [node_io_servo-4] [INFO] [1731815230.100250886] [node_io_servo]: ---- Server Server Module_Input.node_io_servo: TBDT PIN: 1. QA PIN: 1.  Diff PIN: 1----
1731815230.1128163 [node_io_weigh-6] [INFO] [1731815230.111511571] [node_io_weigh]: ---- Server Server Module_Input.node_io_weigh: Enable PIN: 1. Disable PIN: 1 ----
1731815230.2489789 [module_supervisor-1] [WARN] [1731815230.247879585] [Module_Supervisor]: ---- Supervisor: Waiting to connect to server Module_Scanning&Interface ----
1731815230.4489470 [node_io_servo-4] [INFO] [1731815230.448094464] [node_io_servo]: ---- Server Server Module_Input.node_io_servo: TBDT PIN: 1. QA PIN: 1.  Diff PIN: 1----
1731815230.4638717 [node_io_weigh-6] [INFO] [1731815230.461515428] [node_io_weigh]: ---- Server Server Module_Input.node_io_weigh: Enable PIN: 1. Disable PIN: 1 ----
1731815230.7527919 [module_supervisor-1] [ERROR] [1731815230.751705182] [Module_Supervisor]: ---- Supervisor: Can't connect to server Module_Scanning&Interface ----
1731815230.7564714 [module_supervisor-1] [ERROR] [1731815230.755317041] [Module_Supervisor]: ---- Supervisor: Initilize System Error ----
1731815230.7616584 [module_log_file-8] [INFO] [1731815230.758041649] [module_log_file]: ---- Server Module_Log_File: Creating Log File... ----
1731815230.7670903 [node_dc_servo-3] [INFO] [1731815230.763258791] [node_servo_motor]: ---- Server Module_Motor.node_servo_motor: Receive Message: Terminate. Bye Bye.... ----
1731815230.7754958 [node_io_weigh-6] [INFO] [1731815230.771883924] [node_io_weigh]: ---- Server Module_Input.node_io_weigh: Receive Message: Terminate. Bye Bye.... ----
1731815230.7801671 [node_io_servo-4] [INFO] [1731815230.777314806] [node_io_servo]: ---- Server Module_Input.node_io_servo: Receive Message: Terminate. Bye Bye.... ----
1731815230.9432402 [node_dc_motor-5] [INFO] [1731815230.933997782] [node_dc_motor]: ---- Server Module_Motor.node_dc_motor: Receive Message: Terminate. Bye Bye.... ----
1731815230.9453986 [module_weigh-7] [INFO] [1731815230.943854739] [module_weigh]: ---- Server Module_Weigh: Receive Message: Terminate. Bye Bye.... ----
1731815231.2678418 [module_supervisor-1] Traceback (most recent call last):
1731815231.2740343 [module_supervisor-1]   File "/home/tomccd/Documents/Code/Python/DATN/install/module_supervisor/lib/module_supervisor/module_supervisor", line 33, in <module>
1731815231.2754874 [module_supervisor-1]     sys.exit(load_entry_point('module-supervisor==0.0.0', 'console_scripts', 'module_supervisor')())
1731815231.2766457 [module_supervisor-1]              ^^^^^^^^^^^^^^^^^^^^^^^^^^^^^^^^^^^^^^^^^^^^^^^^^^^^^^^^^^^^^^^^^^^^^^^^^^^^^^^^^^^^^^
1731815231.2773242 [module_supervisor-1]   File "/home/tomccd/Documents/Code/Python/DATN/install/module_supervisor/lib/python3.12/site-packages/module_supervisor/module_supervisor.py", line 220, in main
1731815231.2778575 [module_supervisor-1]     rclpy.spin(node)
1731815231.2787511 [module_supervisor-1]   File "/opt/ros/jazzy/lib/python3.12/site-packages/rclpy/__init__.py", line 240, in spin
1731815231.2806861 [module_supervisor-1]     executor = get_global_executor() if executor is None else executor
1731815231.2812617 [module_supervisor-1]                ^^^^^^^^^^^^^^^^^^^^^
1731815231.2823405 [module_supervisor-1]   File "/opt/ros/jazzy/lib/python3.12/site-packages/rclpy/__init__.py", line 106, in get_global_executor
1731815231.2831128 [module_supervisor-1]     __executor = SingleThreadedExecutor()
1731815231.2855599 [module_supervisor-1]                  ^^^^^^^^^^^^^^^^^^^^^^^^
1731815231.2861624 [module_supervisor-1]   File "/opt/ros/jazzy/lib/python3.12/site-packages/rclpy/executors.py", line 803, in __init__
1731815231.2865901 [module_supervisor-1]     super().__init__(context=context)
1731815231.2893083 [module_supervisor-1]   File "/opt/ros/jazzy/lib/python3.12/site-packages/rclpy/executors.py", line 186, in __init__
1731815231.2903619 [module_supervisor-1]     self._guard = GuardCondition(
1731815231.2914867 [module_supervisor-1]                   ^^^^^^^^^^^^^^^
1731815231.2927685 [module_supervisor-1]   File "/opt/ros/jazzy/lib/python3.12/site-packages/rclpy/guard_condition.py", line 23, in __init__
1731815231.2950053 [module_supervisor-1]     with self._context.handle:
1731815231.2958312 [module_supervisor-1] TypeError: 'NoneType' object does not support the context manager protocol
1731815231.4670238 [module_supervisor-1] Exception ignored in: <function Executor.__del__ at 0xffffa6975a80>
1731815231.4681280 [module_supervisor-1] Traceback (most recent call last):
1731815231.4717705 [module_supervisor-1]   File "/opt/ros/jazzy/lib/python3.12/site-packages/rclpy/executors.py", line 257, in __del__
1731815231.4739912 [module_supervisor-1]     if self._sigint_gc is not None:
1731815231.4767275 [module_supervisor-1]        ^^^^^^^^^^^^^^^
1731815231.4789193 [module_supervisor-1] AttributeError: 'SingleThreadedExecutor' object has no attribute '_sigint_gc'
1731815231.5646057 [ERROR] [node_io_servo-4]: process has died [pid 8750, exit code 255, cmd '/home/tomccd/Documents/Code/Python/DATN/install/module_input/lib/module_input/node_io_servo --ros-args'].
1731815231.7693048 [ERROR] [module_weigh-7]: process has died [pid 8753, exit code 255, cmd '/home/tomccd/Documents/Code/Python/DATN/install/module_weigh/lib/module_weigh/module_weigh --ros-args'].
1731815231.8044043 [ERROR] [node_io_weigh-6]: process has died [pid 8752, exit code 255, cmd '/home/tomccd/Documents/Code/Python/DATN/install/module_input/lib/module_input/node_io_weigh --ros-args'].
1731815231.9372208 [module_scanning_interface-2] [INFO] [1731815231.935612355] [module_scanning_interface]: ----  Server Module_Scanning&Interface: Connect to DB Successfully ----
1731815232.0593388 [ERROR] [node_dc_servo-3]: process has died [pid 8749, exit code 255, cmd '/home/tomccd/Documents/Code/Python/DATN/install/module_motor/lib/module_motor/node_dc_servo --ros-args'].
1731815232.1801975 [ERROR] [module_supervisor-1]: process has died [pid 8747, exit code 1, cmd '/home/tomccd/Documents/Code/Python/DATN/install/module_supervisor/lib/module_supervisor/module_supervisor --ros-args'].
1731815232.1901698 [ERROR] [node_dc_motor-5]: process has died [pid 8751, exit code 255, cmd '/home/tomccd/Documents/Code/Python/DATN/install/module_motor/lib/module_motor/node_dc_motor --ros-args'].
1731815232.7063787 [module_scanning_interface-2] [INFO] [1731815232.705549618] [module_scanning_interface]: ---- Server Module_Scanning_Interfaces: Receive Message: Terminate. Bye Bye.... ----
