1732200819.7083120 [INFO] [launch]: All log files can be found below /home/tomccd/.ros/log/2024-11-21-21-53-39-704478-tomccd-raspberry4b-7133
1732200819.7089212 [INFO] [launch]: Default logging verbosity is set to INFO
1732200820.4677079 [INFO] [module_supervisor-1]: process started with pid [7136]
1732200820.4710858 [INFO] [module_scanning_interface-2]: process started with pid [7137]
1732200820.4791374 [INFO] [node_dc_servo-3]: process started with pid [7138]
1732200820.4798965 [INFO] [node_io_servo-4]: process started with pid [7139]
1732200820.4804759 [INFO] [node_dc_motor-5]: process started with pid [7140]
1732200820.4911270 [INFO] [node_io_weigh-6]: process started with pid [7141]
1732200820.4918685 [INFO] [module_weigh-7]: process started with pid [7142]
1732200820.4966965 [INFO] [module_log_file-8]: process started with pid [7143]
1732200820.5060751 [INFO] [module_send_email-9]: process started with pid [7144]
1732200825.1441791 [node_io_weigh-6] [INFO] [1732200825.133701659] [node_io_weigh]: ---- Server Server Module_Input.node_io_weigh: Enable PIN: 1. Disable PIN: 1 ----
1732200825.1571124 [node_io_weigh-6] [INFO] [1732200825.147136919] [node_io_weigh]: ---- Server Server Module_Input.node_io_weigh: Enable PIN: 1. Disable PIN: 1 ----
1732200825.2767153 [module_supervisor-1] [INFO] [1732200825.274891399] [Module_Supervisor]: ---- Supervisor: Connect to Server Module_Log_File Successfully ----
1732200825.4560409 [node_io_weigh-6] [INFO] [1732200825.452828495] [node_io_weigh]: ---- Server Server Module_Input.node_io_weigh: Enable PIN: 1. Disable PIN: 1 ----
1732200825.8002942 [node_io_weigh-6] [INFO] [1732200825.795533113] [node_io_weigh]: ---- Server Server Module_Input.node_io_weigh: Enable PIN: 1. Disable PIN: 1 ----
1732200825.8459840 [node_dc_servo-3] [INFO] [1732200825.839992767] [node_servo_motor]: ---- Server Module_Motor.node_dc_motor: Init Server ----
1732200826.1401184 [node_io_weigh-6] [INFO] [1732200826.138595829] [node_io_weigh]: ---- Server Server Module_Input.node_io_weigh: Enable PIN: 1. Disable PIN: 1 ----
1732200826.2839012 [module_supervisor-1] [WARN] [1732200826.282955335] [Module_Supervisor]: ---- Supervisor: Waiting to connect to server Module_Scanning&Interface ----
1732200826.4873557 [node_io_weigh-6] [INFO] [1732200826.486550537] [node_io_weigh]: ---- Server Server Module_Input.node_io_weigh: Enable PIN: 1. Disable PIN: 1 ----
1732200826.7799551 [node_io_servo-4] [INFO] [1732200826.778984439] [node_io_servo]: ---- Server Server Module_Input.node_io_servo: TBDT PIN: 1. QA PIN: 1.  Diff PIN: 1----
1732200826.8385103 [node_io_weigh-6] [INFO] [1732200826.837173356] [node_io_weigh]: ---- Server Server Module_Input.node_io_weigh: Enable PIN: 1. Disable PIN: 1 ----
1732200827.1867347 [node_io_weigh-6] [INFO] [1732200827.185916979] [node_io_weigh]: ---- Server Server Module_Input.node_io_weigh: Enable PIN: 1. Disable PIN: 1 ----
1732200827.2282269 [node_io_servo-4] [INFO] [1732200827.227337544] [node_io_servo]: ---- Server Server Module_Input.node_io_servo: TBDT PIN: 1. QA PIN: 1.  Diff PIN: 1----
1732200827.2884085 [module_supervisor-1] [WARN] [1732200827.287092038] [Module_Supervisor]: ---- Supervisor: Waiting to connect to server Module_Scanning&Interface ----
1732200827.5371168 [node_io_weigh-6] [INFO] [1732200827.536197518] [node_io_weigh]: ---- Server Server Module_Input.node_io_weigh: Enable PIN: 1. Disable PIN: 1 ----
1732200827.7775452 [node_io_servo-4] [INFO] [1732200827.776692606] [node_io_servo]: ---- Server Server Module_Input.node_io_servo: TBDT PIN: 1. QA PIN: 1.  Diff PIN: 1----
1732200827.8901880 [node_io_weigh-6] [INFO] [1732200827.888857519] [node_io_weigh]: ---- Server Server Module_Input.node_io_weigh: Enable PIN: 1. Disable PIN: 1 ----
1732200828.2369552 [node_io_weigh-6] [INFO] [1732200828.236058345] [node_io_weigh]: ---- Server Server Module_Input.node_io_weigh: Enable PIN: 1. Disable PIN: 1 ----
1732200828.2933111 [module_supervisor-1] [INFO] [1732200828.292371952] [Module_Supervisor]: ---- Supervisor: Connect to Server Module_Scanning&Interface Successfully ----
1732200828.2972181 [module_supervisor-1] [INFO] [1732200828.296248028] [Module_Supervisor]: ---- Supervisor: Connect to Server Module_Input.node_io_weigh Successfully ----
1732200828.3017604 [module_supervisor-1] [INFO] [1732200828.299951547] [Module_Supervisor]: ---- Supervisor: Connect to Server Module_Weigh Successfully ----
1732200828.3059990 [module_supervisor-1] [INFO] [1732200828.304300030] [Module_Supervisor]: ---- Supervisor: Connect to Server Module_Motor.node_dc_motor Successfully ----
1732200828.3099697 [module_supervisor-1] [INFO] [1732200828.308788864] [Module_Supervisor]: ---- Supervisor: Connect to Server Module_Input.node_io_servo Successfully ----
1732200828.3154073 [module_supervisor-1] [INFO] [1732200828.313726884] [Module_Supervisor]: ---- Supervisor: Connect to Server Module_Motor.node_dc_servo Successfully ----
1732200828.3207321 [module_supervisor-1] [INFO] [1732200828.319201885] [Module_Supervisor]: ---- Supervisor: Connect to Server Module_Send_Email Successfully ----
1732200828.3313003 [node_io_servo-4] [INFO] [1732200828.328737999] [node_io_servo]: ---- Server Server Module_Input.node_io_servo: TBDT PIN: 1. QA PIN: 1.  Diff PIN: 1----
1732200828.4319780 [node_dc_motor-5] [INFO] [1732200828.431129155] [node_dc_motor]: ---- Server Module_Motor.node_dc_motor: Receive Intialized Request: Ready ----
1732200828.4400516 [module_supervisor-1] [INFO] [1732200828.438925379] [Module_Supervisor]: ---- Supervisor: Receive Init Respond from Server Module_Motor.node_dc_motor: OK
1732200828.5879378 [node_io_weigh-6] [INFO] [1732200828.586597992] [node_io_weigh]: ---- Server Server Module_Input.node_io_weigh: Enable PIN: 1. Disable PIN: 1 ----
1732200828.7081182 [module_scanning_interface-2] [INFO] [1732200828.707196708] [module_scanning_interface]: ----  Server Module_Scanning&Interface: Connect to DB Successfully ----
1732200828.8807573 [node_io_servo-4] [INFO] [1732200828.879379993] [node_io_servo]: ---- Server Server Module_Input.node_io_servo: TBDT PIN: 1. QA PIN: 1.  Diff PIN: 1----
1732200828.9378028 [node_io_weigh-6] [INFO] [1732200828.936835194] [node_io_weigh]: ---- Server Server Module_Input.node_io_weigh: Enable PIN: 1. Disable PIN: 1 ----
1732200829.2920201 [node_io_weigh-6] [INFO] [1732200829.291167557] [node_io_weigh]: ---- Server Server Module_Input.node_io_weigh: Enable PIN: 1. Disable PIN: 1 ----
1732200829.4282508 [node_io_servo-4] [INFO] [1732200829.427287969] [node_io_servo]: ---- Server Server Module_Input.node_io_servo: TBDT PIN: 1. QA PIN: 1.  Diff PIN: 1----
1732200829.6389627 [node_io_weigh-6] [INFO] [1732200829.637969514] [node_io_weigh]: ---- Server Server Module_Input.node_io_weigh: Enable PIN: 1. Disable PIN: 1 ----
1732200829.9892843 [node_io_servo-4] [INFO] [1732200829.985595749] [node_io_servo]: ---- Server Server Module_Input.node_io_servo: TBDT PIN: 1. QA PIN: 1.  Diff PIN: 1----
1732200829.9928367 [node_io_weigh-6] [INFO] [1732200829.991922862] [node_io_weigh]: ---- Server Server Module_Input.node_io_weigh: Enable PIN: 1. Disable PIN: 1 ----
1732200830.3382032 [node_io_weigh-6] [INFO] [1732200830.337258408] [node_io_weigh]: ---- Server Server Module_Input.node_io_weigh: Enable PIN: 1. Disable PIN: 1 ----
1732200830.4438257 [module_supervisor-1] [INFO] [1732200830.442728352] [Module_Supervisor]: ---- Supervisor: Connect to Module_Scanning&Interface Successfully----
1732200830.4502335 [module_supervisor-1] [INFO] [1732200830.445745167] [Module_Supervisor]: ---- Supervisor: Connect to Module_Input.node Successfully----
1732200830.4606817 [module_supervisor-1] [INFO] [1732200830.454992300] [Module_Supervisor]: ---- Supervisor: Connect to Module_Weigh Successfully----
1732200830.4666016 [module_supervisor-1] [INFO] [1732200830.464790230] [Module_Supervisor]: ---- Supervisor: Connect to Module_Motor.node_dc_motor Successfully----
1732200830.4758654 [module_supervisor-1] [INFO] [1732200830.471304399] [Module_Supervisor]: ---- Supervisor: Connect to Module_Input.node_io_servo Successfully----
1732200830.4787657 [module_supervisor-1] [INFO] [1732200830.477580771] [Module_Supervisor]: ---- Supervisor: Connect to Module_Send_Email Successfully----
1732200830.5272160 [node_io_servo-4] [INFO] [1732200830.526326677] [node_io_servo]: ---- Server Server Module_Input.node_io_servo: TBDT PIN: 1. QA PIN: 1.  Diff PIN: 1----
1732200830.6877499 [node_io_weigh-6] [INFO] [1732200830.686736029] [node_io_weigh]: ---- Server Server Module_Input.node_io_weigh: Enable PIN: 1. Disable PIN: 1 ----
1732200831.0368154 [node_io_weigh-6] [INFO] [1732200831.036040818] [node_io_weigh]: ---- Server Server Module_Input.node_io_weigh: Enable PIN: 1. Disable PIN: 1 ----
1732200831.0772619 [node_io_servo-4] [INFO] [1732200831.076414167] [node_io_servo]: ---- Server Server Module_Input.node_io_servo: TBDT PIN: 1. QA PIN: 1.  Diff PIN: 1----
1732200831.3913865 [node_io_weigh-6] [INFO] [1732200831.390511623] [node_io_weigh]: ---- Server Server Module_Input.node_io_weigh: Enable PIN: 1. Disable PIN: 1 ----
1732200831.6276476 [node_io_servo-4] [INFO] [1732200831.626105548] [node_io_servo]: ---- Server Server Module_Input.node_io_servo: TBDT PIN: 1. QA PIN: 1.  Diff PIN: 1----
1732200831.7374022 [node_io_weigh-6] [INFO] [1732200831.736622110] [node_io_weigh]: ---- Server Server Module_Input.node_io_weigh: Enable PIN: 1. Disable PIN: 1 ----
1732200832.0879486 [node_io_weigh-6] [INFO] [1732200832.086895047] [node_io_weigh]: ---- Server Server Module_Input.node_io_weigh: Enable PIN: 1. Disable PIN: 1 ----
1732200832.1771765 [node_io_servo-4] [INFO] [1732200832.176335419] [node_io_servo]: ---- Server Server Module_Input.node_io_servo: TBDT PIN: 1. QA PIN: 1.  Diff PIN: 1----
1732200832.4383817 [node_io_weigh-6] [INFO] [1732200832.437238587] [node_io_weigh]: ---- Server Server Module_Input.node_io_weigh: Enable PIN: 1. Disable PIN: 1 ----
1732200832.4448884 [module_supervisor-1] [INFO] [1732200832.443859813] [Module_Supervisor]: ---- Supervisor: Connect to Module_Scanning&Interface Successfully----
1732200832.4485135 [module_supervisor-1] [INFO] [1732200832.447371314] [Module_Supervisor]: ---- Supervisor: Connect to Module_Input.node Successfully----
1732200832.4556983 [module_supervisor-1] [INFO] [1732200832.452155557] [Module_Supervisor]: ---- Supervisor: Connect to Module_Weigh Successfully----
1732200832.4607396 [module_supervisor-1] [INFO] [1732200832.459720412] [Module_Supervisor]: ---- Supervisor: Connect to Module_Motor.node_dc_motor Successfully----
1732200832.4659042 [module_supervisor-1] [INFO] [1732200832.465073285] [Module_Supervisor]: ---- Supervisor: Connect to Module_Input.node_io_servo Successfully----
1732200832.4700758 [module_supervisor-1] [INFO] [1732200832.468703860] [Module_Supervisor]: ---- Supervisor: Connect to Module_Send_Email Successfully----
1732200832.7271907 [node_io_servo-4] [INFO] [1732200832.726320342] [node_io_servo]: ---- Server Server Module_Input.node_io_servo: TBDT PIN: 1. QA PIN: 1.  Diff PIN: 1----
1732200832.7868068 [node_io_weigh-6] [INFO] [1732200832.785948276] [node_io_weigh]: ---- Server Server Module_Input.node_io_weigh: Enable PIN: 1. Disable PIN: 1 ----
1732200833.1368065 [node_io_weigh-6] [INFO] [1732200833.135976600] [node_io_weigh]: ---- Server Server Module_Input.node_io_weigh: Enable PIN: 1. Disable PIN: 1 ----
1732200833.2779686 [node_io_servo-4] [INFO] [1732200833.276880704] [node_io_servo]: ---- Server Server Module_Input.node_io_servo: TBDT PIN: 1. QA PIN: 1.  Diff PIN: 1----
1732200833.4867373 [node_io_weigh-6] [INFO] [1732200833.485897285] [node_io_weigh]: ---- Server Server Module_Input.node_io_weigh: Enable PIN: 1. Disable PIN: 1 ----
1732200833.6668251 [module_scanning_interface-2] /home/tomccd/Documents/Code/Python/DATN/install/module_scanning_interface/lib/python3.12/site-packages/module_scanning_interface/module_scanning_interface.py:344: UserWarning: pandas only supports SQLAlchemy connectable (engine/connection) or database string URI or sqlite3 DBAPI2 connection. Other DBAPI2 objects are not tested. Please consider using SQLAlchemy.
1732200833.6672943 [module_scanning_interface-2]   df = pd.read_sql(sql_query,self.conn)
1732200833.7136135 [module_scanning_interface-2] /home/tomccd/Documents/Code/Python/DATN/install/module_scanning_interface/lib/python3.12/site-packages/module_scanning_interface/module_scanning_interface.py:352: UserWarning: pandas only supports SQLAlchemy connectable (engine/connection) or database string URI or sqlite3 DBAPI2 connection. Other DBAPI2 objects are not tested. Please consider using SQLAlchemy.
1732200833.7142301 [module_scanning_interface-2]   df = pd.read_sql(sql_query,self.conn)
1732200833.7674270 [module_scanning_interface-2] [INFO] [1732200833.766485215] [module_scanning_interface]: Data Collect: [['IP15', 'Thiet bi dien tu']]
1732200833.8364911 [node_io_servo-4] [INFO] [1732200833.833967396] [node_io_servo]: ---- Server Server Module_Input.node_io_servo: TBDT PIN: 1. QA PIN: 1.  Diff PIN: 1----
1732200833.8434260 [node_io_weigh-6] [INFO] [1732200833.842619196] [node_io_weigh]: ---- Server Server Module_Input.node_io_weigh: Enable PIN: 1. Disable PIN: 1 ----
1732200833.8758988 [module_scanning_interface-2] [INFO] [1732200833.875002008] [module_scanning_interface]: Data Collect: [['IP15', 'Thiet bi dien tu']]
1732200833.9797411 [module_scanning_interface-2] [INFO] [1732200833.978704539] [module_scanning_interface]: Data Collect: [['IP15', 'Thiet bi dien tu']]
1732200834.0876923 [module_scanning_interface-2] [INFO] [1732200834.086589983] [module_scanning_interface]: Data Collect: [['IP15', 'Thiet bi dien tu']]
1732200834.1877902 [node_io_weigh-6] [INFO] [1732200834.186751794] [node_io_weigh]: ---- Server Server Module_Input.node_io_weigh: Enable PIN: 1. Disable PIN: 1 ----
1732200834.1926246 [module_scanning_interface-2] [INFO] [1732200834.191647093] [module_scanning_interface]: Data Collect: [['IP15', 'Thiet bi dien tu']]
1732200834.2917922 [module_scanning_interface-2] [INFO] [1732200834.290732181] [module_scanning_interface]: Data Collect: [['IP15', 'Thiet bi dien tu']]
1732200834.3770394 [node_io_servo-4] [INFO] [1732200834.376238855] [node_io_servo]: ---- Server Server Module_Input.node_io_servo: TBDT PIN: 1. QA PIN: 1.  Diff PIN: 1----
1732200834.3959696 [module_scanning_interface-2] [INFO] [1732200834.394945180] [module_scanning_interface]: Data Collect: [['IP15', 'Thiet bi dien tu']]
1732200834.4432492 [module_supervisor-1] [INFO] [1732200834.442211056] [Module_Supervisor]: ---- Supervisor: Connect to Module_Scanning&Interface Successfully----
1732200834.4472692 [module_supervisor-1] [INFO] [1732200834.445417095] [Module_Supervisor]: ---- Supervisor: Connect to Module_Input.node Successfully----
1732200834.4570851 [module_supervisor-1] [INFO] [1732200834.454372248] [Module_Supervisor]: ---- Supervisor: Connect to Module_Weigh Successfully----
1732200834.4641607 [module_supervisor-1] [INFO] [1732200834.462668474] [Module_Supervisor]: ---- Supervisor: Connect to Module_Motor.node_dc_motor Successfully----
1732200834.4699972 [module_supervisor-1] [INFO] [1732200834.468547977] [Module_Supervisor]: ---- Supervisor: Connect to Module_Input.node_io_servo Successfully----
1732200834.4748182 [module_supervisor-1] [INFO] [1732200834.473516924] [Module_Supervisor]: ---- Supervisor: Connect to Module_Send_Email Successfully----
1732200834.5370250 [node_io_weigh-6] [INFO] [1732200834.536073827] [node_io_weigh]: ---- Server Server Module_Input.node_io_weigh: Enable PIN: 1. Disable PIN: 1 ----
1732200834.8880877 [node_io_weigh-6] [INFO] [1732200834.887002713] [node_io_weigh]: ---- Server Server Module_Input.node_io_weigh: Enable PIN: 1. Disable PIN: 1 ----
1732200834.9290171 [node_io_servo-4] [INFO] [1732200834.927185253] [node_io_servo]: ---- Server Server Module_Input.node_io_servo: TBDT PIN: 1. QA PIN: 1.  Diff PIN: 1----
1732200835.2372394 [node_io_weigh-6] [INFO] [1732200835.236037516] [node_io_weigh]: ---- Server Server Module_Input.node_io_weigh: Enable PIN: 1. Disable PIN: 1 ----
1732200835.4771783 [node_io_servo-4] [INFO] [1732200835.476348429] [node_io_servo]: ---- Server Server Module_Input.node_io_servo: TBDT PIN: 1. QA PIN: 1.  Diff PIN: 1----
1732200835.5868042 [node_io_weigh-6] [INFO] [1732200835.585915731] [node_io_weigh]: ---- Server Server Module_Input.node_io_weigh: Enable PIN: 1. Disable PIN: 1 ----
1732200835.9372854 [node_io_weigh-6] [INFO] [1732200835.936261910] [node_io_weigh]: ---- Server Server Module_Input.node_io_weigh: Enable PIN: 1. Disable PIN: 1 ----
1732200836.0286191 [node_io_servo-4] [INFO] [1732200836.027106629] [node_io_servo]: ---- Server Server Module_Input.node_io_servo: TBDT PIN: 1. QA PIN: 1.  Diff PIN: 1----
1732200836.2873812 [node_io_weigh-6] [INFO] [1732200836.286609841] [node_io_weigh]: ---- Server Server Module_Input.node_io_weigh: Enable PIN: 1. Disable PIN: 1 ----
1732200836.4437625 [module_supervisor-1] [INFO] [1732200836.442870658] [Module_Supervisor]: ---- Supervisor: Connect to Module_Scanning&Interface Successfully----
1732200836.4468691 [module_supervisor-1] [INFO] [1732200836.445892327] [Module_Supervisor]: ---- Supervisor: Connect to Module_Input.node Successfully----
1732200836.4558184 [module_supervisor-1] [INFO] [1732200836.454893869] [Module_Supervisor]: ---- Supervisor: Connect to Module_Weigh Successfully----
1732200836.4684181 [module_supervisor-1] [INFO] [1732200836.465946505] [Module_Supervisor]: ---- Supervisor: Connect to Module_Motor.node_dc_motor Successfully----
1732200836.4777730 [module_supervisor-1] [INFO] [1732200836.476180956] [Module_Supervisor]: ---- Supervisor: Connect to Module_Input.node_io_servo Successfully----
1732200836.4877782 [module_supervisor-1] [INFO] [1732200836.486553333] [Module_Supervisor]: ---- Supervisor: Connect to Module_Send_Email Successfully----
1732200836.5771294 [node_io_servo-4] [INFO] [1732200836.576257646] [node_io_servo]: ---- Server Server Module_Input.node_io_servo: TBDT PIN: 1. QA PIN: 1.  Diff PIN: 1----
1732200836.6368926 [node_io_weigh-6] [INFO] [1732200836.636092164] [node_io_weigh]: ---- Server Server Module_Input.node_io_weigh: Enable PIN: 1. Disable PIN: 1 ----
1732200836.9877603 [node_io_weigh-6] [INFO] [1732200836.986949913] [node_io_weigh]: ---- Server Server Module_Input.node_io_weigh: Enable PIN: 1. Disable PIN: 1 ----
1732200837.1289485 [node_io_servo-4] [INFO] [1732200837.128058411] [node_io_servo]: ---- Server Server Module_Input.node_io_servo: TBDT PIN: 1. QA PIN: 1.  Diff PIN: 1----
1732200837.3368683 [node_io_weigh-6] [INFO] [1732200837.336055991] [node_io_weigh]: ---- Server Server Module_Input.node_io_weigh: Enable PIN: 1. Disable PIN: 1 ----
1732200837.4289000 [module_scanning_interface-2] [INFO] [1732200837.427679235] [module_scanning_interface]: Data Collect: [['IP15', 'Thiet bi dien tu'], ['NK_S1', 'Quan ao']]
1732200837.5273130 [module_scanning_interface-2] [INFO] [1732200837.526116188] [module_scanning_interface]: Data Collect: [['IP15', 'Thiet bi dien tu'], ['NK_S1', 'Quan ao']]
1732200837.6251001 [module_scanning_interface-2] [INFO] [1732200837.624073640] [module_scanning_interface]: Data Collect: [['IP15', 'Thiet bi dien tu'], ['NK_S1', 'Quan ao']]
1732200837.6782212 [node_io_servo-4] [INFO] [1732200837.677257804] [node_io_servo]: ---- Server Server Module_Input.node_io_servo: TBDT PIN: 1. QA PIN: 1.  Diff PIN: 1----
1732200837.6896019 [node_io_weigh-6] [INFO] [1732200837.688358274] [node_io_weigh]: ---- Server Server Module_Input.node_io_weigh: Enable PIN: 1. Disable PIN: 1 ----
1732200837.7270594 [module_scanning_interface-2] [INFO] [1732200837.726122817] [module_scanning_interface]: Data Collect: [['IP15', 'Thiet bi dien tu'], ['NK_S1', 'Quan ao']]
1732200837.8306124 [module_scanning_interface-2] [INFO] [1732200837.829560810] [module_scanning_interface]: Data Collect: [['IP15', 'Thiet bi dien tu'], ['NK_S1', 'Quan ao']]
1732200837.9281704 [module_scanning_interface-2] [INFO] [1732200837.927066188] [module_scanning_interface]: Data Collect: [['IP15', 'Thiet bi dien tu'], ['NK_S1', 'Quan ao']]
1732200838.0296416 [module_scanning_interface-2] [INFO] [1732200838.028575051] [module_scanning_interface]: Data Collect: [['IP15', 'Thiet bi dien tu'], ['NK_S1', 'Quan ao']]
1732200838.0398793 [node_io_weigh-6] [INFO] [1732200838.038956225] [node_io_weigh]: ---- Server Server Module_Input.node_io_weigh: Enable PIN: 1. Disable PIN: 1 ----
1732200838.1294198 [module_scanning_interface-2] [INFO] [1732200838.128415083] [module_scanning_interface]: Data Collect: [['IP15', 'Thiet bi dien tu'], ['NK_S1', 'Quan ao']]
1732200838.2282326 [node_io_servo-4] [INFO] [1732200838.227199059] [node_io_servo]: ---- Server Server Module_Input.node_io_servo: TBDT PIN: 1. QA PIN: 1.  Diff PIN: 1----
1732200838.2347720 [module_scanning_interface-2] [INFO] [1732200838.233737526] [module_scanning_interface]: Data Collect: [['IP15', 'Thiet bi dien tu'], ['NK_S1', 'Quan ao']]
1732200838.3881881 [node_io_weigh-6] [INFO] [1732200838.387343132] [node_io_weigh]: ---- Server Server Module_Input.node_io_weigh: Enable PIN: 1. Disable PIN: 1 ----
1732200838.4437642 [module_supervisor-1] [INFO] [1732200838.442917245] [Module_Supervisor]: ---- Supervisor: Connect to Module_Scanning&Interface Successfully----
1732200838.4499691 [module_supervisor-1] [INFO] [1732200838.446146006] [Module_Supervisor]: ---- Supervisor: Connect to Module_Input.node Successfully----
1732200838.4514189 [module_supervisor-1] [INFO] [1732200838.450350509] [Module_Supervisor]: ---- Supervisor: Connect to Module_Weigh Successfully----
1732200838.4564726 [module_supervisor-1] [INFO] [1732200838.453885382] [Module_Supervisor]: ---- Supervisor: Connect to Module_Motor.node_dc_motor Successfully----
1732200838.4595060 [module_supervisor-1] [INFO] [1732200838.458046866] [Module_Supervisor]: ---- Supervisor: Connect to Module_Input.node_io_servo Successfully----
1732200838.4634597 [module_supervisor-1] [INFO] [1732200838.462524036] [Module_Supervisor]: ---- Supervisor: Connect to Module_Send_Email Successfully----
1732200838.7372882 [node_io_weigh-6] [INFO] [1732200838.736505188] [node_io_weigh]: ---- Server Server Module_Input.node_io_weigh: Enable PIN: 1. Disable PIN: 1 ----
1732200838.7781200 [node_io_servo-4] [INFO] [1732200838.777246475] [node_io_servo]: ---- Server Server Module_Input.node_io_servo: TBDT PIN: 1. QA PIN: 1.  Diff PIN: 1----
1732200839.0908310 [node_io_weigh-6] [INFO] [1732200839.088282286] [node_io_weigh]: ---- Server Server Module_Input.node_io_weigh: Enable PIN: 1. Disable PIN: 1 ----
1732200839.3277335 [node_io_servo-4] [INFO] [1732200839.326609849] [node_io_servo]: ---- Server Server Module_Input.node_io_servo: TBDT PIN: 1. QA PIN: 1.  Diff PIN: 1----
1732200839.4366937 [node_io_weigh-6] [INFO] [1732200839.435878355] [node_io_weigh]: ---- Server Server Module_Input.node_io_weigh: Enable PIN: 1. Disable PIN: 1 ----
1732200839.7887893 [node_io_weigh-6] [INFO] [1732200839.787886558] [node_io_weigh]: ---- Server Server Module_Input.node_io_weigh: Enable PIN: 1. Disable PIN: 1 ----
1732200839.8788362 [node_io_servo-4] [INFO] [1732200839.877930753] [node_io_servo]: ---- Server Server Module_Input.node_io_servo: TBDT PIN: 1. QA PIN: 1.  Diff PIN: 1----
1732200840.1368141 [node_io_weigh-6] [INFO] [1732200840.135976559] [node_io_weigh]: ---- Server Server Module_Input.node_io_weigh: Enable PIN: 1. Disable PIN: 1 ----
1732200840.4270616 [node_io_servo-4] [INFO] [1732200840.426221432] [node_io_servo]: ---- Server Server Module_Input.node_io_servo: TBDT PIN: 1. QA PIN: 1.  Diff PIN: 1----
1732200840.4449446 [module_supervisor-1] [INFO] [1732200840.442832685] [Module_Supervisor]: ---- Supervisor: Connect to Module_Scanning&Interface Successfully----
1732200840.4500060 [module_supervisor-1] [INFO] [1732200840.448866338] [Module_Supervisor]: ---- Supervisor: Connect to Module_Input.node Successfully----
1732200840.4572558 [module_supervisor-1] [INFO] [1732200840.455309473] [Module_Supervisor]: ---- Supervisor: Connect to Module_Weigh Successfully----
1732200840.4677200 [module_supervisor-1] [INFO] [1732200840.466726148] [Module_Supervisor]: ---- Supervisor: Connect to Module_Motor.node_dc_motor Successfully----
1732200840.4737432 [module_supervisor-1] [INFO] [1732200840.471767800] [Module_Supervisor]: ---- Supervisor: Connect to Module_Input.node_io_servo Successfully----
1732200840.4800987 [module_supervisor-1] [INFO] [1732200840.478142750] [Module_Supervisor]: ---- Supervisor: Connect to Module_Send_Email Successfully----
1732200840.4873786 [node_io_weigh-6] [INFO] [1732200840.486460997] [node_io_weigh]: ---- Server Server Module_Input.node_io_weigh: Enable PIN: 1. Disable PIN: 1 ----
1732200840.8385851 [node_io_weigh-6] [INFO] [1732200840.836433990] [node_io_weigh]: ---- Server Server Module_Input.node_io_weigh: Enable PIN: 1. Disable PIN: 1 ----
1732200840.9770401 [node_io_servo-4] [INFO] [1732200840.976177561] [node_io_servo]: ---- Server Server Module_Input.node_io_servo: TBDT PIN: 1. QA PIN: 1.  Diff PIN: 1----
1732200841.1870418 [node_io_weigh-6] [INFO] [1732200841.186141731] [node_io_weigh]: ---- Server Server Module_Input.node_io_weigh: Enable PIN: 1. Disable PIN: 1 ----
1732200841.5281434 [node_io_servo-4] [INFO] [1732200841.527096584] [node_io_servo]: ---- Server Server Module_Input.node_io_servo: TBDT PIN: 1. QA PIN: 1.  Diff PIN: 1----
1732200841.5388975 [node_io_weigh-6] [INFO] [1732200841.537966889] [node_io_weigh]: ---- Server Server Module_Input.node_io_weigh: Enable PIN: 1. Disable PIN: 1 ----
1732200841.8880203 [node_io_weigh-6] [INFO] [1732200841.886892284] [node_io_weigh]: ---- Server Server Module_Input.node_io_weigh: Enable PIN: 1. Disable PIN: 1 ----
1732200842.0790558 [node_io_servo-4] [INFO] [1732200842.078193796] [node_io_servo]: ---- Server Server Module_Input.node_io_servo: TBDT PIN: 1. QA PIN: 1.  Diff PIN: 1----
1732200842.2380450 [node_io_weigh-6] [INFO] [1732200842.236559246] [node_io_weigh]: ---- Server Server Module_Input.node_io_weigh: Enable PIN: 1. Disable PIN: 1 ----
1732200842.4442704 [module_supervisor-1] [INFO] [1732200842.443120572] [Module_Supervisor]: ---- Supervisor: Connect to Module_Scanning&Interface Successfully----
1732200842.4480679 [module_supervisor-1] [INFO] [1732200842.446986223] [Module_Supervisor]: ---- Supervisor: Connect to Module_Input.node Successfully----
1732200842.4525747 [module_supervisor-1] [INFO] [1732200842.451106949] [Module_Supervisor]: ---- Supervisor: Connect to Module_Weigh Successfully----
1732200842.4573259 [module_supervisor-1] [INFO] [1732200842.455977546] [Module_Supervisor]: ---- Supervisor: Connect to Module_Motor.node_dc_motor Successfully----
1732200842.4616654 [module_supervisor-1] [INFO] [1732200842.460669957] [Module_Supervisor]: ---- Supervisor: Connect to Module_Input.node_io_servo Successfully----
1732200842.4710464 [module_supervisor-1] [INFO] [1732200842.469368631] [Module_Supervisor]: ---- Supervisor: Connect to Module_Send_Email Successfully----
1732200842.5867987 [node_io_weigh-6] [INFO] [1732200842.585997009] [node_io_weigh]: ---- Server Server Module_Input.node_io_weigh: Enable PIN: 1. Disable PIN: 1 ----
1732200842.6280167 [node_io_servo-4] [INFO] [1732200842.627189674] [node_io_servo]: ---- Server Server Module_Input.node_io_servo: TBDT PIN: 1. QA PIN: 1.  Diff PIN: 1----
1732200842.9390709 [node_io_weigh-6] [INFO] [1732200842.938111792] [node_io_weigh]: ---- Server Server Module_Input.node_io_weigh: Enable PIN: 1. Disable PIN: 1 ----
1732200843.1771002 [node_io_servo-4] [INFO] [1732200843.176192133] [node_io_servo]: ---- Server Server Module_Input.node_io_servo: TBDT PIN: 1. QA PIN: 1.  Diff PIN: 1----
1732200843.2869751 [node_io_weigh-6] [INFO] [1732200843.286117177] [node_io_weigh]: ---- Server Server Module_Input.node_io_weigh: Enable PIN: 0. Disable PIN: 1 ----
1732200843.3930726 [module_weigh-7] [INFO] [1732200843.392162161] [module_weigh]: ---- Server Module Weigh Receive Message: True ----
1732200843.6386640 [node_io_weigh-6] [INFO] [1732200843.636150714] [node_io_weigh]: ---- Server Server Module_Input.node_io_weigh: Enable PIN: 1. Disable PIN: 0 ----
1732200843.7287397 [node_io_servo-4] [INFO] [1732200843.726593943] [node_io_servo]: ---- Server Server Module_Input.node_io_servo: TBDT PIN: 1. QA PIN: 1.  Diff PIN: 1----
1732200843.8999300 [module_weigh-7] [INFO] [1732200843.899061672] [module_weigh]: ---- Server Module Weigh Receive Message: False ----
1732200843.9872918 [node_io_weigh-6] [INFO] [1732200843.986498362] [node_io_weigh]: ---- Server Server Module_Input.node_io_weigh: Enable PIN: 1. Disable PIN: 0 ----
1732200844.1505818 [module_weigh-7] [INFO] [1732200844.149758533] [module_weigh]: --- Server Module_Weigh Max: 119.23
1732200844.1921105 [module_scanning_interface-2] [INFO] [1732200844.191140591] [module_scanning_interface]: Data Collect: [['IP15', 'Thiet bi dien tu', 119.2300033569336], ['NK_S1', 'Quan ao']]
1732200844.2771707 [node_io_servo-4] [INFO] [1732200844.276182374] [node_io_servo]: ---- Server Server Module_Input.node_io_servo: TBDT PIN: 1. QA PIN: 1.  Diff PIN: 1----
1732200844.3367264 [node_io_weigh-6] [INFO] [1732200844.335907468] [node_io_weigh]: ---- Server Server Module_Input.node_io_weigh: Enable PIN: 1. Disable PIN: 1 ----
1732200844.4448550 [module_supervisor-1] [INFO] [1732200844.442826438] [Module_Supervisor]: ---- Supervisor: Connect to Module_Scanning&Interface Successfully----
1732200844.4492865 [module_supervisor-1] [INFO] [1732200844.447369332] [Module_Supervisor]: ---- Supervisor: Connect to Module_Input.node Successfully----
1732200844.4561946 [module_supervisor-1] [INFO] [1732200844.453337393] [Module_Supervisor]: ---- Supervisor: Connect to Module_Weigh Successfully----
1732200844.4627423 [module_supervisor-1] [INFO] [1732200844.460686826] [Module_Supervisor]: ---- Supervisor: Connect to Module_Motor.node_dc_motor Successfully----
1732200844.4667065 [module_supervisor-1] [INFO] [1732200844.465041163] [Module_Supervisor]: ---- Supervisor: Connect to Module_Input.node_io_servo Successfully----
1732200844.4708450 [module_supervisor-1] [INFO] [1732200844.469607741] [Module_Supervisor]: ---- Supervisor: Connect to Module_Send_Email Successfully----
1732200844.6871092 [node_io_weigh-6] [INFO] [1732200844.686264371] [node_io_weigh]: ---- Server Server Module_Input.node_io_weigh: Enable PIN: 1. Disable PIN: 1 ----
1732200844.8273559 [node_io_servo-4] [INFO] [1732200844.826572096] [node_io_servo]: ---- Server Server Module_Input.node_io_servo: TBDT PIN: 1. QA PIN: 1.  Diff PIN: 1----
1732200845.0372641 [node_io_weigh-6] [INFO] [1732200845.036199794] [node_io_weigh]: ---- Server Server Module_Input.node_io_weigh: Enable PIN: 1. Disable PIN: 1 ----
1732200845.3786526 [node_io_servo-4] [INFO] [1732200845.377659463] [node_io_servo]: ---- Server Server Module_Input.node_io_servo: TBDT PIN: 1. QA PIN: 1.  Diff PIN: 1----
1732200845.3885853 [node_io_weigh-6] [INFO] [1732200845.386985583] [node_io_weigh]: ---- Server Server Module_Input.node_io_weigh: Enable PIN: 1. Disable PIN: 1 ----
1732200845.7378449 [node_io_weigh-6] [INFO] [1732200845.736965019] [node_io_weigh]: ---- Server Server Module_Input.node_io_weigh: Enable PIN: 1. Disable PIN: 1 ----
1732200845.9276104 [node_io_servo-4] [INFO] [1732200845.926678557] [node_io_servo]: ---- Server Server Module_Input.node_io_servo: TBDT PIN: 0. QA PIN: 1.  Diff PIN: 1----
1732200845.9327765 [module_scanning_interface-2] [INFO] [1732200845.931366784] [module_scanning_interface]: ---- Module_Scanning_Interface: Type Product: Thiet bi dien tu
1732200845.9445875 [module_scanning_interface-2] [INFO] [1732200845.943621166] [module_scanning_interface]: ---- Module_Scanning_Interface: Total Data Before Popping: [['IP15', 'Thiet bi dien tu', 119.2300033569336], ['NK_S1', 'Quan ao']]
1732200845.9483695 [module_scanning_interface-2] [INFO] [1732200845.947219040] [module_scanning_interface]: ---- Module_Scanning_Interface: Remain Data if TBDT was detected: [['NK_S1', 'Quan ao']]
1732200845.9534037 [node_dc_servo-3] [INFO] [1732200845.952298693] [node_servo_motor]: ---- Node_DC_Servo: Rotate Servo TBDT DSG ----
1732200846.0868616 [node_io_weigh-6] [INFO] [1732200846.086063050] [node_io_weigh]: ---- Server Server Module_Input.node_io_weigh: Enable PIN: 1. Disable PIN: 1 ----
1732200846.4387252 [node_io_weigh-6] [INFO] [1732200846.437662410] [node_io_weigh]: ---- Server Server Module_Input.node_io_weigh: Enable PIN: 1. Disable PIN: 1 ----
1732200846.4450293 [module_supervisor-1] [INFO] [1732200846.444035472] [Module_Supervisor]: ---- Supervisor: Connect to Module_Scanning&Interface Successfully----
1732200846.4486094 [module_supervisor-1] [INFO] [1732200846.447741939] [Module_Supervisor]: ---- Supervisor: Connect to Module_Input.node Successfully----
1732200846.4516749 [module_supervisor-1] [INFO] [1732200846.450841109] [Module_Supervisor]: ---- Supervisor: Connect to Module_Weigh Successfully----
1732200846.4575193 [module_supervisor-1] [INFO] [1732200846.454566909] [Module_Supervisor]: ---- Supervisor: Connect to Module_Motor.node_dc_motor Successfully----
1732200846.4609506 [module_supervisor-1] [INFO] [1732200846.459602395] [Module_Supervisor]: ---- Supervisor: Connect to Module_Input.node_io_servo Successfully----
1732200846.4698522 [module_supervisor-1] [INFO] [1732200846.468764886] [Module_Supervisor]: ---- Supervisor: Connect to Module_Send_Email Successfully----
1732200846.4815390 [node_io_servo-4] [INFO] [1732200846.480541695] [node_io_servo]: ---- Server Server Module_Input.node_io_servo: TBDT PIN: 0. QA PIN: 1.  Diff PIN: 1----
1732200846.4928327 [module_scanning_interface-2] [WARN] [1732200846.491869076] [module_scanning_interface]: ---- Server Module_Scanning&Interface: Detect Product didn't weigh. ID: NK_S1 ----
1732200846.4947994 [node_dc_servo-3] [INFO] [1732200846.493320393] [node_servo_motor]: ---- Node_DC_Servo: Rotate Servo TBDT AVD ----
1732200846.7868836 [node_io_weigh-6] [INFO] [1732200846.786035877] [node_io_weigh]: ---- Server Server Module_Input.node_io_weigh: Enable PIN: 1. Disable PIN: 1 ----
1732200847.0298095 [node_io_servo-4] [INFO] [1732200847.028888145] [node_io_servo]: ---- Server Server Module_Input.node_io_servo: TBDT PIN: 1. QA PIN: 1.  Diff PIN: 1----
1732200847.1371467 [node_io_weigh-6] [INFO] [1732200847.136279204] [node_io_weigh]: ---- Server Server Module_Input.node_io_weigh: Enable PIN: 1. Disable PIN: 1 ----
1732200847.4883063 [node_io_weigh-6] [INFO] [1732200847.487482040] [node_io_weigh]: ---- Server Server Module_Input.node_io_weigh: Enable PIN: 1. Disable PIN: 1 ----
1732200847.5771303 [node_io_servo-4] [INFO] [1732200847.576297801] [node_io_servo]: ---- Server Server Module_Input.node_io_servo: TBDT PIN: 1. QA PIN: 0.  Diff PIN: 1----
1732200847.5874782 [node_dc_servo-3] [INFO] [1732200847.586579757] [node_servo_motor]: ---- Node_DC_Servo: Rotate Servo QA AVD ----
1732200847.5953395 [module_scanning_interface-2] [WARN] [1732200847.591185614] [module_scanning_interface]: ---- Server Module_Scanning&Interface: Detect Product didn't weigh. ID: NK_S1 ----
1732200847.8393669 [node_io_weigh-6] [INFO] [1732200847.838507525] [node_io_weigh]: ---- Server Server Module_Input.node_io_weigh: Enable PIN: 1. Disable PIN: 1 ----
1732200848.1297562 [node_io_servo-4] [INFO] [1732200848.128578931] [node_io_servo]: ---- Server Server Module_Input.node_io_servo: TBDT PIN: 1. QA PIN: 1.  Diff PIN: 1----
1732200848.1891127 [node_io_weigh-6] [INFO] [1732200848.188095200] [node_io_weigh]: ---- Server Server Module_Input.node_io_weigh: Enable PIN: 1. Disable PIN: 1 ----
1732200848.4440248 [module_supervisor-1] [INFO] [1732200848.443060037] [Module_Supervisor]: ---- Supervisor: Connect to Module_Scanning&Interface Successfully----
1732200848.4475915 [module_supervisor-1] [INFO] [1732200848.446602578] [Module_Supervisor]: ---- Supervisor: Connect to Module_Input.node Successfully----
1732200848.4523256 [module_supervisor-1] [INFO] [1732200848.451217102] [Module_Supervisor]: ---- Supervisor: Connect to Module_Weigh Successfully----
1732200848.4583423 [module_supervisor-1] [INFO] [1732200848.457281998] [Module_Supervisor]: ---- Supervisor: Connect to Module_Motor.node_dc_motor Successfully----
1732200848.4680536 [module_supervisor-1] [INFO] [1732200848.464010561] [Module_Supervisor]: ---- Supervisor: Connect to Module_Input.node_io_servo Successfully----
1732200848.4730649 [module_supervisor-1] [INFO] [1732200848.471848754] [Module_Supervisor]: ---- Supervisor: Connect to Module_Send_Email Successfully----
1732200848.5375340 [node_io_weigh-6] [INFO] [1732200848.536696326] [node_io_weigh]: ---- Server Server Module_Input.node_io_weigh: Enable PIN: 1. Disable PIN: 1 ----
1732200848.6785071 [node_io_servo-4] [INFO] [1732200848.677581352] [node_io_servo]: ---- Server Server Module_Input.node_io_servo: TBDT PIN: 1. QA PIN: 1.  Diff PIN: 0----
1732200848.6841240 [module_scanning_interface-2] [INFO] [1732200848.682655246] [module_scanning_interface]: ---- Module_Scanning_Interface: Receive Message: Khac
1732200848.6958833 [module_scanning_interface-2] [INFO] [1732200848.693481203] [module_scanning_interface]: ---- Module_Scanning_Interface: Total Data Before Popping: [['NK_S1', 'Quan ao']]
1732200848.7002480 [module_scanning_interface-2] [INFO] [1732200848.698964561] [module_scanning_interface]: ---- Module_Scanning_Interface: Remain Data in Special Condition: []
1732200848.7042527 [module_scanning_interface-2] Exception in thread Thread-1 (spin):
1732200848.7048597 [module_scanning_interface-2] Traceback (most recent call last):
1732200848.7050996 [module_scanning_interface-2]   File "/usr/lib/python3.12/threading.py", line 1073, in _bootstrap_inner
1732200848.7091653 [module_scanning_interface-2]     self.run()
1732200848.7096596 [module_scanning_interface-2]   File "/usr/lib/python3.12/threading.py", line 1010, in run
1732200848.7099681 [module_scanning_interface-2]     self._target(*self._args, **self._kwargs)
1732200848.7102735 [module_scanning_interface-2]   File "/opt/ros/jazzy/lib/python3.12/site-packages/rclpy/__init__.py", line 244, in spin
1732200848.7113330 [module_scanning_interface-2]     executor.spin_once()
1732200848.7117751 [module_scanning_interface-2]   File "/opt/ros/jazzy/lib/python3.12/site-packages/rclpy/executors.py", line 827, in spin_once
1732200848.7174215 [module_scanning_interface-2]     self._spin_once_impl(timeout_sec)
1732200848.7180192 [module_scanning_interface-2]   File "/opt/ros/jazzy/lib/python3.12/site-packages/rclpy/executors.py", line 822, in _spin_once_impl
1732200848.7183607 [module_scanning_interface-2]     raise handler.exception()
1732200848.7210488 [module_scanning_interface-2]   File "/opt/ros/jazzy/lib/python3.12/site-packages/rclpy/task.py", line 239, in __call__
1732200848.7226465 [module_scanning_interface-2]     self._handler.send(None)
1732200848.7236490 [module_scanning_interface-2]   File "/opt/ros/jazzy/lib/python3.12/site-packages/rclpy/executors.py", line 508, in handler
1732200848.7243447 [module_scanning_interface-2]     await call_coroutine()
1732200848.7250555 [module_scanning_interface-2]   File "/opt/ros/jazzy/lib/python3.12/site-packages/rclpy/executors.py", line 396, in _execute
1732200848.7265821 [module_scanning_interface-2]     await await_or_execute(sub.callback, *msg_tuple)
1732200848.7270966 [module_scanning_interface-2]   File "/opt/ros/jazzy/lib/python3.12/site-packages/rclpy/executors.py", line 111, in await_or_execute
1732200848.7277582 [module_scanning_interface-2]     return callback(*args)
1732200848.7286477 [module_scanning_interface-2]            ^^^^^^^^^^^^^^^
1732200848.7290411 [module_scanning_interface-2]   File "/home/tomccd/Documents/Code/Python/DATN/install/module_scanning_interface/lib/python3.12/site-packages/module_scanning_interface/module_scanning_interface.py", line 269, in receiveIO_Servo
1732200848.7293601 [module_scanning_interface-2]     self.node.get_logger().warn(f"---- Server Module_Scanning&Interface: Detect Product didn't weigh. ID: {(self.data_queue[0])[0]} ----")
1732200848.7300272 [module_scanning_interface-2]                                                                                                             ~~~~~~~~~~~~~~~^^^
1732200848.7305074 [module_scanning_interface-2] IndexError: list index out of range
1732200848.8880706 [node_io_weigh-6] [INFO] [1732200848.887282343] [node_io_weigh]: ---- Server Server Module_Input.node_io_weigh: Enable PIN: 1. Disable PIN: 1 ----
1732200849.2271948 [node_io_servo-4] [INFO] [1732200849.226345022] [node_io_servo]: ---- Server Server Module_Input.node_io_servo: TBDT PIN: 1. QA PIN: 1.  Diff PIN: 1----
1732200849.2393844 [node_io_weigh-6] [INFO] [1732200849.238514425] [node_io_weigh]: ---- Server Server Module_Input.node_io_weigh: Enable PIN: 1. Disable PIN: 1 ----
1732200849.5890322 [node_io_weigh-6] [INFO] [1732200849.588205807] [node_io_weigh]: ---- Server Server Module_Input.node_io_weigh: Enable PIN: 1. Disable PIN: 1 ----
1732200849.7775259 [node_io_servo-4] [INFO] [1732200849.776551337] [node_io_servo]: ---- Server Server Module_Input.node_io_servo: TBDT PIN: 1. QA PIN: 1.  Diff PIN: 0----
1732200849.9376440 [node_io_weigh-6] [INFO] [1732200849.936675391] [node_io_weigh]: ---- Server Server Module_Input.node_io_weigh: Enable PIN: 1. Disable PIN: 1 ----
1732200850.2878034 [node_io_weigh-6] [INFO] [1732200850.286944822] [node_io_weigh]: ---- Server Server Module_Input.node_io_weigh: Enable PIN: 1. Disable PIN: 1 ----
1732200850.3305690 [node_io_servo-4] [INFO] [1732200850.329517817] [node_io_servo]: ---- Server Server Module_Input.node_io_servo: TBDT PIN: 1. QA PIN: 1.  Diff PIN: 0----
1732200850.4431558 [module_supervisor-1] [INFO] [1732200850.442196395] [Module_Supervisor]: ---- Supervisor: Connect to Module_Scanning&Interface Successfully----
1732200850.4461939 [module_supervisor-1] [INFO] [1732200850.445161621] [Module_Supervisor]: ---- Supervisor: Connect to Module_Input.node Successfully----
1732200850.4498336 [module_supervisor-1] [INFO] [1732200850.448577014] [Module_Supervisor]: ---- Supervisor: Connect to Module_Weigh Successfully----
1732200850.4551325 [module_supervisor-1] [INFO] [1732200850.453885835] [Module_Supervisor]: ---- Supervisor: Connect to Module_Motor.node_dc_motor Successfully----
1732200850.4616010 [module_supervisor-1] [INFO] [1732200850.460661306] [Module_Supervisor]: ---- Supervisor: Connect to Module_Input.node_io_servo Successfully----
1732200850.4671698 [module_supervisor-1] [INFO] [1732200850.464377495] [Module_Supervisor]: ---- Supervisor: Connect to Module_Send_Email Successfully----
1732200850.6368959 [node_io_weigh-6] [INFO] [1732200850.636062625] [node_io_weigh]: ---- Server Server Module_Input.node_io_weigh: Enable PIN: 1. Disable PIN: 1 ----
1732200850.8772044 [node_io_servo-4] [INFO] [1732200850.876290724] [node_io_servo]: ---- Server Server Module_Input.node_io_servo: TBDT PIN: 1. QA PIN: 1.  Diff PIN: 0----
1732200850.9894080 [node_io_weigh-6] [INFO] [1732200850.988359561] [node_io_weigh]: ---- Server Server Module_Input.node_io_weigh: Enable PIN: 1. Disable PIN: 1 ----
1732200851.3375731 [node_io_weigh-6] [INFO] [1732200851.336493061] [node_io_weigh]: ---- Server Server Module_Input.node_io_weigh: Enable PIN: 1. Disable PIN: 1 ----
1732200851.4278879 [node_io_servo-4] [INFO] [1732200851.427012338] [node_io_servo]: ---- Server Server Module_Input.node_io_servo: TBDT PIN: 1. QA PIN: 1.  Diff PIN: 0----
1732200851.6868465 [node_io_weigh-6] [INFO] [1732200851.686030822] [node_io_weigh]: ---- Server Server Module_Input.node_io_weigh: Enable PIN: 1. Disable PIN: 1 ----
1732200851.9793856 [node_io_servo-4] [INFO] [1732200851.978336366] [node_io_servo]: ---- Server Server Module_Input.node_io_servo: TBDT PIN: 1. QA PIN: 1.  Diff PIN: 0----
1732200852.0380099 [node_io_weigh-6] [INFO] [1732200852.036414957] [node_io_weigh]: ---- Server Server Module_Input.node_io_weigh: Enable PIN: 1. Disable PIN: 1 ----
1732200852.3870053 [node_io_weigh-6] [INFO] [1732200852.386150751] [node_io_weigh]: ---- Server Server Module_Input.node_io_weigh: Enable PIN: 1. Disable PIN: 1 ----
1732200852.4432917 [module_supervisor-1] [INFO] [1732200852.442297822] [Module_Supervisor]: ---- Supervisor: Connect to Module_Scanning&Interface Successfully----
1732200852.4463296 [module_supervisor-1] [INFO] [1732200852.445387659] [Module_Supervisor]: ---- Supervisor: Connect to Module_Input.node Successfully----
1732200852.4555905 [module_supervisor-1] [INFO] [1732200852.451895094] [Module_Supervisor]: ---- Supervisor: Connect to Module_Weigh Successfully----
1732200852.4598918 [module_supervisor-1] [INFO] [1732200852.456781322] [Module_Supervisor]: ---- Supervisor: Connect to Module_Motor.node_dc_motor Successfully----
1732200852.4625318 [module_supervisor-1] [INFO] [1732200852.461567865] [Module_Supervisor]: ---- Supervisor: Connect to Module_Input.node_io_servo Successfully----
1732200852.4695723 [module_supervisor-1] [INFO] [1732200852.465628444] [Module_Supervisor]: ---- Supervisor: Connect to Module_Send_Email Successfully----
1732200852.5291796 [node_io_servo-4] [INFO] [1732200852.527110892] [node_io_servo]: ---- Server Server Module_Input.node_io_servo: TBDT PIN: 1. QA PIN: 1.  Diff PIN: 0----
1732200852.7367902 [node_io_weigh-6] [INFO] [1732200852.735986601] [node_io_weigh]: ---- Server Server Module_Input.node_io_weigh: Enable PIN: 1. Disable PIN: 1 ----
1732200853.0786417 [node_io_servo-4] [INFO] [1732200853.077668000] [node_io_servo]: ---- Server Server Module_Input.node_io_servo: TBDT PIN: 1. QA PIN: 1.  Diff PIN: 0----
1732200853.0879419 [node_io_weigh-6] [INFO] [1732200853.086866567] [node_io_weigh]: ---- Server Server Module_Input.node_io_weigh: Enable PIN: 1. Disable PIN: 1 ----
1732200853.4371610 [node_io_weigh-6] [INFO] [1732200853.436281505] [node_io_weigh]: ---- Server Server Module_Input.node_io_weigh: Enable PIN: 1. Disable PIN: 1 ----
1732200853.6274009 [node_io_servo-4] [INFO] [1732200853.626568068] [node_io_servo]: ---- Server Server Module_Input.node_io_servo: TBDT PIN: 1. QA PIN: 1.  Diff PIN: 0----
1732200853.7870133 [node_io_weigh-6] [INFO] [1732200853.786072720] [node_io_weigh]: ---- Server Server Module_Input.node_io_weigh: Enable PIN: 1. Disable PIN: 1 ----
1732200854.1381562 [node_io_weigh-6] [INFO] [1732200854.136977313] [node_io_weigh]: ---- Server Server Module_Input.node_io_weigh: Enable PIN: 1. Disable PIN: 1 ----
1732200854.1776516 [node_io_servo-4] [INFO] [1732200854.176763034] [node_io_servo]: ---- Server Server Module_Input.node_io_servo: TBDT PIN: 1. QA PIN: 1.  Diff PIN: 1----
1732200854.4456551 [module_supervisor-1] [INFO] [1732200854.444577894] [Module_Supervisor]: ---- Supervisor: Connect to Module_Scanning&Interface Successfully----
1732200854.4492970 [module_supervisor-1] [INFO] [1732200854.448077954] [Module_Supervisor]: ---- Supervisor: Connect to Module_Input.node Successfully----
1732200854.4534962 [module_supervisor-1] [INFO] [1732200854.451802848] [Module_Supervisor]: ---- Supervisor: Connect to Module_Weigh Successfully----
1732200854.4629691 [module_supervisor-1] [INFO] [1732200854.459414654] [Module_Supervisor]: ---- Supervisor: Connect to Module_Motor.node_dc_motor Successfully----
1732200854.4671514 [module_supervisor-1] [INFO] [1732200854.466054404] [Module_Supervisor]: ---- Supervisor: Connect to Module_Input.node_io_servo Successfully----
1732200854.4729435 [module_supervisor-1] [INFO] [1732200854.471099578] [Module_Supervisor]: ---- Supervisor: Connect to Module_Send_Email Successfully----
1732200854.4899957 [node_io_weigh-6] [INFO] [1732200854.488852583] [node_io_weigh]: ---- Server Server Module_Input.node_io_weigh: Enable PIN: 1. Disable PIN: 1 ----
1732200854.7302811 [node_io_servo-4] [INFO] [1732200854.729423036] [node_io_servo]: ---- Server Server Module_Input.node_io_servo: TBDT PIN: 1. QA PIN: 1.  Diff PIN: 1----
1732200854.8372083 [node_io_weigh-6] [INFO] [1732200854.836364217] [node_io_weigh]: ---- Server Server Module_Input.node_io_weigh: Enable PIN: 1. Disable PIN: 1 ----
1732200855.1885674 [node_io_weigh-6] [INFO] [1732200855.187498474] [node_io_weigh]: ---- Server Server Module_Input.node_io_weigh: Enable PIN: 1. Disable PIN: 1 ----
1732200855.2809377 [node_io_servo-4] [INFO] [1732200855.277721173] [node_io_servo]: ---- Server Server Module_Input.node_io_servo: TBDT PIN: 1. QA PIN: 1.  Diff PIN: 1----
1732200855.5369539 [node_io_weigh-6] [INFO] [1732200855.536056383] [node_io_weigh]: ---- Server Server Module_Input.node_io_weigh: Enable PIN: 1. Disable PIN: 1 ----
1732200855.8270681 [node_io_servo-4] [INFO] [1732200855.826252007] [node_io_servo]: ---- Server Server Module_Input.node_io_servo: TBDT PIN: 1. QA PIN: 1.  Diff PIN: 1----
1732200855.8869371 [node_io_weigh-6] [INFO] [1732200855.886022904] [node_io_weigh]: ---- Server Server Module_Input.node_io_weigh: Enable PIN: 1. Disable PIN: 1 ----
1732200856.2400084 [node_io_weigh-6] [INFO] [1732200856.238790310] [node_io_weigh]: ---- Server Server Module_Input.node_io_weigh: Enable PIN: 1. Disable PIN: 1 ----
1732200856.3771517 [node_io_servo-4] [INFO] [1732200856.376331043] [node_io_servo]: ---- Server Server Module_Input.node_io_servo: TBDT PIN: 1. QA PIN: 1.  Diff PIN: 1----
1732200856.4429929 [module_supervisor-1] [INFO] [1732200856.442138451] [Module_Supervisor]: ---- Supervisor: Connect to Module_Scanning&Interface Successfully----
1732200856.4480696 [module_supervisor-1] [INFO] [1732200856.445216492] [Module_Supervisor]: ---- Supervisor: Connect to Module_Input.node Successfully----
1732200856.4553638 [module_supervisor-1] [INFO] [1732200856.454072412] [Module_Supervisor]: ---- Supervisor: Connect to Module_Weigh Successfully----
1732200856.4632730 [module_supervisor-1] [INFO] [1732200856.459280401] [Module_Supervisor]: ---- Supervisor: Connect to Module_Motor.node_dc_motor Successfully----
1732200856.4689512 [module_supervisor-1] [INFO] [1732200856.466139633] [Module_Supervisor]: ---- Supervisor: Connect to Module_Input.node_io_servo Successfully----
1732200856.4791834 [module_supervisor-1] [INFO] [1732200856.478179021] [Module_Supervisor]: ---- Supervisor: Connect to Module_Send_Email Successfully----
1732200856.5868938 [node_io_weigh-6] [INFO] [1732200856.586040397] [node_io_weigh]: ---- Server Server Module_Input.node_io_weigh: Enable PIN: 1. Disable PIN: 1 ----
1732200856.9276688 [node_io_servo-4] [INFO] [1732200856.926636641] [node_io_servo]: ---- Server Server Module_Input.node_io_servo: TBDT PIN: 1. QA PIN: 1.  Diff PIN: 1----
1732200856.9389281 [node_io_weigh-6] [INFO] [1732200856.937378138] [node_io_weigh]: ---- Server Server Module_Input.node_io_weigh: Enable PIN: 1. Disable PIN: 1 ----
1732200857.2885334 [node_io_weigh-6] [INFO] [1732200857.286979165] [node_io_weigh]: ---- Server Server Module_Input.node_io_weigh: Enable PIN: 1. Disable PIN: 1 ----
1732200857.4797599 [node_io_servo-4] [INFO] [1732200857.478508223] [node_io_servo]: ---- Server Server Module_Input.node_io_servo: TBDT PIN: 1. QA PIN: 1.  Diff PIN: 1----
1732200857.6379070 [node_io_weigh-6] [INFO] [1732200857.637061807] [node_io_weigh]: ---- Server Server Module_Input.node_io_weigh: Enable PIN: 1. Disable PIN: 1 ----
1732200857.9883139 [node_io_weigh-6] [INFO] [1732200857.987345727] [node_io_weigh]: ---- Server Server Module_Input.node_io_weigh: Enable PIN: 1. Disable PIN: 1 ----
1732200858.0287712 [node_io_servo-4] [INFO] [1732200858.027965065] [node_io_servo]: ---- Server Server Module_Input.node_io_servo: TBDT PIN: 1. QA PIN: 1.  Diff PIN: 1----
1732200858.3387208 [node_io_weigh-6] [INFO] [1732200858.337314271] [node_io_weigh]: ---- Server Server Module_Input.node_io_weigh: Enable PIN: 1. Disable PIN: 1 ----
1732200858.4452353 [module_supervisor-1] [INFO] [1732200858.444195765] [Module_Supervisor]: ---- Supervisor: Connect to Module_Scanning&Interface Successfully----
1732200858.4481497 [module_supervisor-1] [INFO] [1732200858.447102602] [Module_Supervisor]: ---- Supervisor: Connect to Module_Input.node Successfully----
1732200858.4540684 [module_supervisor-1] [INFO] [1732200858.453206593] [Module_Supervisor]: ---- Supervisor: Connect to Module_Weigh Successfully----
1732200858.4579351 [module_supervisor-1] [INFO] [1732200858.456713395] [Module_Supervisor]: ---- Supervisor: Connect to Module_Motor.node_dc_motor Successfully----
1732200858.4630699 [module_supervisor-1] [INFO] [1732200858.461561828] [Module_Supervisor]: ---- Supervisor: Connect to Module_Input.node_io_servo Successfully----
1732200858.4692950 [module_supervisor-1] [INFO] [1732200858.468199597] [Module_Supervisor]: ---- Supervisor: Connect to Module_Send_Email Successfully----
1732200858.5773201 [node_io_servo-4] [INFO] [1732200858.576485186] [node_io_servo]: ---- Server Server Module_Input.node_io_servo: TBDT PIN: 1. QA PIN: 1.  Diff PIN: 1----
1732200858.6906893 [node_io_weigh-6] [INFO] [1732200858.685941906] [node_io_weigh]: ---- Server Server Module_Input.node_io_weigh: Enable PIN: 1. Disable PIN: 1 ----
1732200859.0383272 [node_io_weigh-6] [INFO] [1732200859.037395361] [node_io_weigh]: ---- Server Server Module_Input.node_io_weigh: Enable PIN: 1. Disable PIN: 1 ----
1732200859.1274951 [node_io_servo-4] [INFO] [1732200859.126171387] [node_io_servo]: ---- Server Server Module_Input.node_io_servo: TBDT PIN: 1. QA PIN: 1.  Diff PIN: 1----
1732200859.3873951 [node_io_weigh-6] [INFO] [1732200859.386206973] [node_io_weigh]: ---- Server Server Module_Input.node_io_weigh: Enable PIN: 1. Disable PIN: 1 ----
1732200859.6774235 [node_io_servo-4] [INFO] [1732200859.676641106] [node_io_servo]: ---- Server Server Module_Input.node_io_servo: TBDT PIN: 1. QA PIN: 1.  Diff PIN: 1----
1732200859.7367854 [node_io_weigh-6] [INFO] [1732200859.735973308] [node_io_weigh]: ---- Server Server Module_Input.node_io_weigh: Enable PIN: 1. Disable PIN: 1 ----
1732200860.0883312 [node_io_weigh-6] [INFO] [1732200860.087289446] [node_io_weigh]: ---- Server Server Module_Input.node_io_weigh: Enable PIN: 1. Disable PIN: 1 ----
1732200860.2271316 [node_io_servo-4] [INFO] [1732200860.226298610] [node_io_servo]: ---- Server Server Module_Input.node_io_servo: TBDT PIN: 1. QA PIN: 1.  Diff PIN: 1----
1732200860.4386389 [node_io_weigh-6] [INFO] [1732200860.437272999] [node_io_weigh]: ---- Server Server Module_Input.node_io_weigh: Enable PIN: 1. Disable PIN: 1 ----
1732200860.4443552 [module_supervisor-1] [INFO] [1732200860.443087323] [Module_Supervisor]: ---- Supervisor: Connect to Module_Scanning&Interface Successfully----
1732200860.4479096 [module_supervisor-1] [INFO] [1732200860.446864143] [Module_Supervisor]: ---- Supervisor: Connect to Module_Input.node Successfully----
1732200860.4560449 [module_supervisor-1] [INFO] [1732200860.451009631] [Module_Supervisor]: ---- Supervisor: Connect to Module_Weigh Successfully----
1732200860.4600513 [module_supervisor-1] [INFO] [1732200860.458937607] [Module_Supervisor]: ---- Supervisor: Connect to Module_Motor.node_dc_motor Successfully----
1732200860.4636159 [module_supervisor-1] [INFO] [1732200860.462765020] [Module_Supervisor]: ---- Supervisor: Connect to Module_Input.node_io_servo Successfully----
1732200860.4699967 [module_supervisor-1] [INFO] [1732200860.466580341] [Module_Supervisor]: ---- Supervisor: Connect to Module_Send_Email Successfully----
1732200860.7771692 [node_io_servo-4] [INFO] [1732200860.776354553] [node_io_servo]: ---- Server Server Module_Input.node_io_servo: TBDT PIN: 1. QA PIN: 1.  Diff PIN: 1----
1732200860.7938323 [node_io_weigh-6] [INFO] [1732200860.789363611] [node_io_weigh]: ---- Server Server Module_Input.node_io_weigh: Enable PIN: 1. Disable PIN: 1 ----
1732200861.1379185 [node_io_weigh-6] [INFO] [1732200861.136894850] [node_io_weigh]: ---- Server Server Module_Input.node_io_weigh: Enable PIN: 1. Disable PIN: 1 ----
1732200861.3295691 [node_io_servo-4] [INFO] [1732200861.328715161] [node_io_servo]: ---- Server Server Module_Input.node_io_servo: TBDT PIN: 1. QA PIN: 1.  Diff PIN: 1----
1732200861.4877934 [node_io_weigh-6] [INFO] [1732200861.486720120] [node_io_weigh]: ---- Server Server Module_Input.node_io_weigh: Enable PIN: 1. Disable PIN: 1 ----
1732200861.8386414 [node_io_weigh-6] [INFO] [1732200861.837774892] [node_io_weigh]: ---- Server Server Module_Input.node_io_weigh: Enable PIN: 1. Disable PIN: 1 ----
1732200861.8787153 [node_io_servo-4] [INFO] [1732200861.877822457] [node_io_servo]: ---- Server Server Module_Input.node_io_servo: TBDT PIN: 1. QA PIN: 1.  Diff PIN: 1----
1732200862.1886692 [node_io_weigh-6] [INFO] [1732200862.187361373] [node_io_weigh]: ---- Server Server Module_Input.node_io_weigh: Enable PIN: 1. Disable PIN: 1 ----
1732200862.4271836 [node_io_servo-4] [INFO] [1732200862.426273065] [node_io_servo]: ---- Server Server Module_Input.node_io_servo: TBDT PIN: 1. QA PIN: 1.  Diff PIN: 1----
1732200862.4455681 [module_supervisor-1] [INFO] [1732200862.443909261] [Module_Supervisor]: ---- Supervisor: Connect to Module_Scanning&Interface Successfully----
1732200862.4502349 [module_supervisor-1] [INFO] [1732200862.448479250] [Module_Supervisor]: ---- Supervisor: Connect to Module_Input.node Successfully----
1732200862.4537127 [module_supervisor-1] [INFO] [1732200862.452802016] [Module_Supervisor]: ---- Supervisor: Connect to Module_Weigh Successfully----
1732200862.4572511 [module_supervisor-1] [INFO] [1732200862.456356707] [Module_Supervisor]: ---- Supervisor: Connect to Module_Motor.node_dc_motor Successfully----
1732200862.4607852 [module_supervisor-1] [INFO] [1732200862.459827713] [Module_Supervisor]: ---- Supervisor: Connect to Module_Input.node_io_servo Successfully----
1732200862.4663234 [module_supervisor-1] [INFO] [1732200862.463403626] [Module_Supervisor]: ---- Supervisor: Connect to Module_Send_Email Successfully----
1732200862.5368168 [node_io_weigh-6] [INFO] [1732200862.535965043] [node_io_weigh]: ---- Server Server Module_Input.node_io_weigh: Enable PIN: 1. Disable PIN: 1 ----
1732200862.8891275 [node_io_weigh-6] [INFO] [1732200862.888007534] [node_io_weigh]: ---- Server Server Module_Input.node_io_weigh: Enable PIN: 1. Disable PIN: 1 ----
1732200862.9796484 [node_io_servo-4] [INFO] [1732200862.976618847] [node_io_servo]: ---- Server Server Module_Input.node_io_servo: TBDT PIN: 1. QA PIN: 1.  Diff PIN: 1----
1732200863.2388208 [node_io_weigh-6] [INFO] [1732200863.237481678] [node_io_weigh]: ---- Server Server Module_Input.node_io_weigh: Enable PIN: 1. Disable PIN: 1 ----
1732200863.5299230 [node_io_servo-4] [INFO] [1732200863.526760779] [node_io_servo]: ---- Server Server Module_Input.node_io_servo: TBDT PIN: 1. QA PIN: 1.  Diff PIN: 1----
1732200863.5868382 [node_io_weigh-6] [INFO] [1732200863.585908306] [node_io_weigh]: ---- Server Server Module_Input.node_io_weigh: Enable PIN: 1. Disable PIN: 1 ----
1732200863.9382958 [node_io_weigh-6] [INFO] [1732200863.937512791] [node_io_weigh]: ---- Server Server Module_Input.node_io_weigh: Enable PIN: 1. Disable PIN: 1 ----
1732200864.0771573 [node_io_servo-4] [INFO] [1732200864.076333233] [node_io_servo]: ---- Server Server Module_Input.node_io_servo: TBDT PIN: 1. QA PIN: 1.  Diff PIN: 1----
1732200864.2879171 [node_io_weigh-6] [INFO] [1732200864.287082154] [node_io_weigh]: ---- Server Server Module_Input.node_io_weigh: Enable PIN: 1. Disable PIN: 1 ----
1732200864.4434960 [module_supervisor-1] [INFO] [1732200864.442186811] [Module_Supervisor]: ---- Supervisor: Connect to Module_Scanning&Interface Successfully----
1732200864.4508452 [module_supervisor-1] [INFO] [1732200864.448537211] [Module_Supervisor]: ---- Supervisor: Connect to Module_Input.node Successfully----
1732200864.4560661 [module_supervisor-1] [INFO] [1732200864.453619091] [Module_Supervisor]: ---- Supervisor: Connect to Module_Weigh Successfully----
1732200864.4683280 [module_supervisor-1] [INFO] [1732200864.467235966] [Module_Supervisor]: ---- Supervisor: Connect to Module_Motor.node_dc_motor Successfully----
1732200864.4728000 [module_supervisor-1] [INFO] [1732200864.471504992] [Module_Supervisor]: ---- Supervisor: Connect to Module_Input.node_io_servo Successfully----
1732200864.4775600 [module_supervisor-1] [INFO] [1732200864.476600834] [Module_Supervisor]: ---- Supervisor: Connect to Module_Send_Email Successfully----
1732200864.6270380 [node_io_servo-4] [INFO] [1732200864.626228019] [node_io_servo]: ---- Server Server Module_Input.node_io_servo: TBDT PIN: 1. QA PIN: 1.  Diff PIN: 1----
1732200864.6417892 [node_io_weigh-6] [INFO] [1732200864.637636076] [node_io_weigh]: ---- Server Server Module_Input.node_io_weigh: Enable PIN: 1. Disable PIN: 1 ----
1732200864.9871280 [node_io_weigh-6] [INFO] [1732200864.986336885] [node_io_weigh]: ---- Server Server Module_Input.node_io_weigh: Enable PIN: 1. Disable PIN: 1 ----
1732200865.1771696 [node_io_servo-4] [INFO] [1732200865.176263961] [node_io_servo]: ---- Server Server Module_Input.node_io_servo: TBDT PIN: 1. QA PIN: 1.  Diff PIN: 1----
1732200865.3391485 [node_io_weigh-6] [INFO] [1732200865.338267100] [node_io_weigh]: ---- Server Server Module_Input.node_io_weigh: Enable PIN: 1. Disable PIN: 1 ----
1732200865.6870234 [node_io_weigh-6] [INFO] [1732200865.686104661] [node_io_weigh]: ---- Server Server Module_Input.node_io_weigh: Enable PIN: 1. Disable PIN: 1 ----
1732200865.7293766 [node_io_servo-4] [INFO] [1732200865.728403940] [node_io_servo]: ---- Server Server Module_Input.node_io_servo: TBDT PIN: 1. QA PIN: 1.  Diff PIN: 1----
1732200866.0386894 [node_io_weigh-6] [INFO] [1732200866.037772619] [node_io_weigh]: ---- Server Server Module_Input.node_io_weigh: Enable PIN: 1. Disable PIN: 1 ----
1732200866.2803404 [node_io_servo-4] [INFO] [1732200866.279184223] [node_io_servo]: ---- Server Server Module_Input.node_io_servo: TBDT PIN: 1. QA PIN: 1.  Diff PIN: 1----
1732200866.3886001 [node_io_weigh-6] [INFO] [1732200866.387259381] [node_io_weigh]: ---- Server Server Module_Input.node_io_weigh: Enable PIN: 1. Disable PIN: 1 ----
1732200866.4449284 [module_supervisor-1] [INFO] [1732200866.443910058] [Module_Supervisor]: ---- Supervisor: Connect to Module_Scanning&Interface Successfully----
1732200866.4492347 [module_supervisor-1] [INFO] [1732200866.447650324] [Module_Supervisor]: ---- Supervisor: Connect to Module_Input.node Successfully----
1732200866.4559095 [module_supervisor-1] [INFO] [1732200866.452244999] [Module_Supervisor]: ---- Supervisor: Connect to Module_Weigh Successfully----
1732200866.4620023 [module_supervisor-1] [INFO] [1732200866.460253865] [Module_Supervisor]: ---- Supervisor: Connect to Module_Motor.node_dc_motor Successfully----
1732200866.4694889 [module_supervisor-1] [INFO] [1732200866.466737044] [Module_Supervisor]: ---- Supervisor: Connect to Module_Input.node_io_servo Successfully----
1732200866.4763761 [module_supervisor-1] [INFO] [1732200866.473807186] [Module_Supervisor]: ---- Supervisor: Connect to Module_Send_Email Successfully----
1732200866.7380435 [node_io_weigh-6] [INFO] [1732200866.737133459] [node_io_weigh]: ---- Server Server Module_Input.node_io_weigh: Enable PIN: 1. Disable PIN: 1 ----
1732200866.8301187 [node_io_servo-4] [INFO] [1732200866.828976829] [node_io_servo]: ---- Server Server Module_Input.node_io_servo: TBDT PIN: 1. QA PIN: 1.  Diff PIN: 1----
1732200867.0868113 [node_io_weigh-6] [INFO] [1732200867.085960686] [node_io_weigh]: ---- Server Server Module_Input.node_io_weigh: Enable PIN: 1. Disable PIN: 1 ----
1732200867.3791819 [node_io_servo-4] [INFO] [1732200867.377728540] [node_io_servo]: ---- Server Server Module_Input.node_io_servo: TBDT PIN: 1. QA PIN: 1.  Diff PIN: 1----
1732200867.4388926 [node_io_weigh-6] [INFO] [1732200867.437349354] [node_io_weigh]: ---- Server Server Module_Input.node_io_weigh: Enable PIN: 1. Disable PIN: 1 ----
1732200867.7878392 [node_io_weigh-6] [INFO] [1732200867.786647795] [node_io_weigh]: ---- Server Server Module_Input.node_io_weigh: Enable PIN: 1. Disable PIN: 1 ----
1732200867.9313030 [node_io_servo-4] [INFO] [1732200867.929671041] [node_io_servo]: ---- Server Server Module_Input.node_io_servo: TBDT PIN: 1. QA PIN: 1.  Diff PIN: 1----
1732200868.1373603 [node_io_weigh-6] [INFO] [1732200868.135988335] [node_io_weigh]: ---- Server Server Module_Input.node_io_weigh: Enable PIN: 1. Disable PIN: 1 ----
1732200868.4430842 [module_supervisor-1] [INFO] [1732200868.442212246] [Module_Supervisor]: ---- Supervisor: Connect to Module_Scanning&Interface Successfully----
1732200868.4525566 [module_supervisor-1] [INFO] [1732200868.448547628] [Module_Supervisor]: ---- Supervisor: Connect to Module_Input.node Successfully----
1732200868.4609902 [module_supervisor-1] [INFO] [1732200868.453953620] [Module_Supervisor]: ---- Supervisor: Connect to Module_Weigh Successfully----
1732200868.4639213 [module_supervisor-1] [INFO] [1732200868.457590589] [Module_Supervisor]: ---- Supervisor: Connect to Module_Motor.node_dc_motor Successfully----
1732200868.4655175 [module_supervisor-1] [INFO] [1732200868.462317635] [Module_Supervisor]: ---- Supervisor: Connect to Module_Input.node_io_servo Successfully----
1732200868.4682527 [module_supervisor-1] [INFO] [1732200868.466414643] [Module_Supervisor]: ---- Supervisor: Connect to Module_Send_Email Successfully----
1732200868.4793670 [node_io_servo-4] [INFO] [1732200868.477486368] [node_io_servo]: ---- Server Server Module_Input.node_io_servo: TBDT PIN: 1. QA PIN: 1.  Diff PIN: 1----
1732200868.4941268 [node_io_weigh-6] [INFO] [1732200868.489124741] [node_io_weigh]: ---- Server Server Module_Input.node_io_weigh: Enable PIN: 1. Disable PIN: 1 ----
1732200868.8369403 [node_io_weigh-6] [INFO] [1732200868.836006951] [node_io_weigh]: ---- Server Server Module_Input.node_io_weigh: Enable PIN: 1. Disable PIN: 1 ----
1732200869.0281496 [node_io_servo-4] [INFO] [1732200869.026833515] [node_io_servo]: ---- Server Server Module_Input.node_io_servo: TBDT PIN: 1. QA PIN: 1.  Diff PIN: 1----
1732200869.1935112 [node_io_weigh-6] [INFO] [1732200869.190931998] [node_io_weigh]: ---- Server Server Module_Input.node_io_weigh: Enable PIN: 1. Disable PIN: 1 ----
1732200869.5387704 [node_io_weigh-6] [INFO] [1732200869.537723072] [node_io_weigh]: ---- Server Server Module_Input.node_io_weigh: Enable PIN: 1. Disable PIN: 1 ----
1732200869.5776465 [node_io_servo-4] [INFO] [1732200869.576744221] [node_io_servo]: ---- Server Server Module_Input.node_io_servo: TBDT PIN: 1. QA PIN: 1.  Diff PIN: 1----
1732200869.8911829 [node_io_weigh-6] [INFO] [1732200869.886861428] [node_io_weigh]: ---- Server Server Module_Input.node_io_weigh: Enable PIN: 1. Disable PIN: 1 ----
1732200870.1332166 [node_io_servo-4] [INFO] [1732200870.131952849] [node_io_servo]: ---- Server Server Module_Input.node_io_servo: TBDT PIN: 1. QA PIN: 1.  Diff PIN: 1----
1732200870.2399757 [node_io_weigh-6] [INFO] [1732200870.237557797] [node_io_weigh]: ---- Server Server Module_Input.node_io_weigh: Enable PIN: 1. Disable PIN: 1 ----
1732200870.4433453 [module_supervisor-1] [INFO] [1732200870.442520532] [Module_Supervisor]: ---- Supervisor: Connect to Module_Scanning&Interface Successfully----
1732200870.4507759 [module_supervisor-1] [INFO] [1732200870.449205397] [Module_Supervisor]: ---- Supervisor: Connect to Module_Input.node Successfully----
1732200870.4632456 [module_supervisor-1] [INFO] [1732200870.458150192] [Module_Supervisor]: ---- Supervisor: Connect to Module_Weigh Successfully----
1732200870.4713373 [module_supervisor-1] [INFO] [1732200870.464076055] [Module_Supervisor]: ---- Supervisor: Connect to Module_Motor.node_dc_motor Successfully----
1732200870.4733303 [module_supervisor-1] [INFO] [1732200870.469856567] [Module_Supervisor]: ---- Supervisor: Connect to Module_Input.node_io_servo Successfully----
1732200870.4773762 [module_supervisor-1] [INFO] [1732200870.474243594] [Module_Supervisor]: ---- Supervisor: Connect to Module_Send_Email Successfully----
1732200870.5909371 [node_io_weigh-6] [INFO] [1732200870.588860485] [node_io_weigh]: ---- Server Server Module_Input.node_io_weigh: Enable PIN: 1. Disable PIN: 1 ----
1732200870.6802914 [node_io_servo-4] [INFO] [1732200870.677631011] [node_io_servo]: ---- Server Server Module_Input.node_io_servo: TBDT PIN: 1. QA PIN: 1.  Diff PIN: 1----
1732200870.9421332 [node_io_weigh-6] [INFO] [1732200870.939285098] [node_io_weigh]: ---- Server Server Module_Input.node_io_weigh: Enable PIN: 1. Disable PIN: 1 ----
1732200870.9908307 [module_scanning_interface-2] [INFO] [1732200870.989083566] [module_scanning_interface]: ---- Server Module_Scanning_Interfaces: Shutdown ----
1732200871.0920346 [module_scanning_interface-2] Decoded(data=b'IP15', type='QRCODE', rect=Rect(left=233, top=98, width=91, height=98), polygon=[Point(x=233, y=191), Point(x=317, y=196), Point(x=324, y=98), Point(x=237, y=100)], quality=1, orientation='UP')
1732200871.0927987 [module_scanning_interface-2] Decoded(data=b'IP15', type='QRCODE', rect=Rect(left=229, top=95, width=89, height=97), polygon=[Point(x=229, y=187), Point(x=311, y=192), Point(x=318, y=95), Point(x=232, y=97)], quality=1, orientation='UP')
1732200871.0933242 [module_scanning_interface-2] Decoded(data=b'IP15', type='QRCODE', rect=Rect(left=228, top=94, width=88, height=96), polygon=[Point(x=228, y=185), Point(x=310, y=190), Point(x=316, y=94), Point(x=231, y=95)], quality=1, orientation='UP')
1732200871.1003168 [module_scanning_interface-2] Decoded(data=b'IP15', type='QRCODE', rect=Rect(left=231, top=94, width=91, height=97), polygon=[Point(x=231, y=186), Point(x=314, y=191), Point(x=322, y=94), Point(x=235, y=94)], quality=1, orientation='UP')
1732200871.1010344 [module_scanning_interface-2] Decoded(data=b'IP15', type='QRCODE', rect=Rect(left=237, top=91, width=93, height=99), polygon=[Point(x=237, y=184), Point(x=322, y=190), Point(x=330, y=91), Point(x=242, y=91)], quality=1, orientation='UP')
1732200871.1016831 [module_scanning_interface-2] Decoded(data=b'IP15', type='QRCODE', rect=Rect(left=243, top=90, width=96, height=102), polygon=[Point(x=243, y=184), Point(x=329, y=192), Point(x=339, y=92), Point(x=250, y=90)], quality=1, orientation='UP')
1732200871.1034193 [module_scanning_interface-2] Decoded(data=b'IP15', type='QRCODE', rect=Rect(left=246, top=92, width=97, height=104), polygon=[Point(x=246, y=186), Point(x=331, y=196), Point(x=343, y=95), Point(x=253, y=92)], quality=1, orientation='UP')
1732200871.1038580 [module_scanning_interface-2] Decoded(data=b'NK_S1', type='QRCODE', rect=Rect(left=229, top=99, width=121, height=129), polygon=[Point(x=229, y=207), Point(x=327, y=228), Point(x=350, y=112), Point(x=244, y=99)], quality=1, orientation='UP')
1732200871.1059873 [module_scanning_interface-2] Decoded(data=b'NK_S1', type='QRCODE', rect=Rect(left=228, top=100, width=121, height=131), polygon=[Point(x=228, y=209), Point(x=327, y=231), Point(x=349, y=113), Point(x=242, y=100)], quality=1, orientation='UP')
1732200871.1079257 [module_scanning_interface-2] Decoded(data=b'NK_S1', type='QRCODE', rect=Rect(left=229, top=100, width=121, height=131), polygon=[Point(x=229, y=208), Point(x=327, y=231), Point(x=350, y=113), Point(x=243, y=100)], quality=1, orientation='UP')
1732200871.1094193 [module_scanning_interface-2] Decoded(data=b'NK_S1', type='QRCODE', rect=Rect(left=234, top=95, width=120, height=128), polygon=[Point(x=234, y=201), Point(x=330, y=223), Point(x=354, y=108), Point(x=249, y=95)], quality=1, orientation='UP')
1732200871.1105490 [module_scanning_interface-2] Decoded(data=b'NK_S1', type='QRCODE', rect=Rect(left=237, top=92, width=120, height=128), polygon=[Point(x=237, y=198), Point(x=332, y=220), Point(x=357, y=106), Point(x=253, y=92)], quality=1, orientation='UP')
1732200871.1140771 [module_scanning_interface-2] Decoded(data=b'NK_S1', type='QRCODE', rect=Rect(left=249, top=89, width=122, height=129), polygon=[Point(x=249, y=196), Point(x=345, y=218), Point(x=371, y=103), Point(x=265, y=89)], quality=1, orientation='UP')
1732200871.1146915 [module_scanning_interface-2] Decoded(data=b'NK_S1', type='QRCODE', rect=Rect(left=254, top=90, width=122, height=129), polygon=[Point(x=254, y=196), Point(x=350, y=219), Point(x=376, y=104), Point(x=271, y=90)], quality=1, orientation='UP')
1732200871.1165879 [module_scanning_interface-2] Decoded(data=b'NK_S1', type='QRCODE', rect=Rect(left=263, top=87, width=125, height=131), polygon=[Point(x=263, y=194), Point(x=360, y=218), Point(x=388, y=101), Point(x=281, y=87)], quality=1, orientation='UP')
1732200871.1172841 [module_scanning_interface-2] Decoded(data=b'NK_S1', type='QRCODE', rect=Rect(left=274, top=88, width=130, height=133), polygon=[Point(x=274, y=196), Point(x=372, y=221), Point(x=404, y=104), Point(x=294, y=88)], quality=1, orientation='UP')
1732200871.2405491 [node_io_servo-4] [INFO] [1732200871.236340263] [node_io_servo]: ---- Server Server Module_Input.node_io_servo: TBDT PIN: 1. QA PIN: 1.  Diff PIN: 1----
1732200871.2931197 [node_io_weigh-6] [INFO] [1732200871.290934131] [node_io_weigh]: ---- Server Server Module_Input.node_io_weigh: Enable PIN: 1. Disable PIN: 1 ----
1732200871.6383698 [node_io_weigh-6] [INFO] [1732200871.637130341] [node_io_weigh]: ---- Server Server Module_Input.node_io_weigh: Enable PIN: 1. Disable PIN: 1 ----
1732200871.7782781 [node_io_servo-4] [INFO] [1732200871.777241825] [node_io_servo]: ---- Server Server Module_Input.node_io_servo: TBDT PIN: 1. QA PIN: 1.  Diff PIN: 1----
1732200871.7842617 [ERROR] [module_scanning_interface-2]: process has died [pid 7137, exit code 255, cmd '/home/tomccd/Documents/Code/Python/DATN/install/module_scanning_interface/lib/module_scanning_interface/module_scanning_interface --ros-args'].
1732200871.9872117 [node_io_weigh-6] [INFO] [1732200871.986573039] [node_io_weigh]: ---- Server Server Module_Input.node_io_weigh: Enable PIN: 1. Disable PIN: 1 ----
1732200872.3300307 [node_io_servo-4] [INFO] [1732200872.329078662] [node_io_servo]: ---- Server Server Module_Input.node_io_servo: TBDT PIN: 1. QA PIN: 1.  Diff PIN: 1----
1732200872.3394151 [node_io_weigh-6] [INFO] [1732200872.338345199] [node_io_weigh]: ---- Server Server Module_Input.node_io_weigh: Enable PIN: 1. Disable PIN: 1 ----
1732200872.6891448 [node_io_weigh-6] [INFO] [1732200872.688248744] [node_io_weigh]: ---- Server Server Module_Input.node_io_weigh: Enable PIN: 1. Disable PIN: 1 ----
1732200872.8796151 [node_io_servo-4] [INFO] [1732200872.878595354] [node_io_servo]: ---- Server Server Module_Input.node_io_servo: TBDT PIN: 1. QA PIN: 1.  Diff PIN: 1----
1732200873.0401599 [node_io_weigh-6] [INFO] [1732200873.039314386] [node_io_weigh]: ---- Server Server Module_Input.node_io_weigh: Enable PIN: 1. Disable PIN: 1 ----
1732200873.3899744 [node_io_weigh-6] [INFO] [1732200873.388951443] [node_io_weigh]: ---- Server Server Module_Input.node_io_weigh: Enable PIN: 1. Disable PIN: 1 ----
1732200873.4300005 [node_io_servo-4] [INFO] [1732200873.429065582] [node_io_servo]: ---- Server Server Module_Input.node_io_servo: TBDT PIN: 1. QA PIN: 1.  Diff PIN: 1----
1732200873.4452994 [module_supervisor-1] [WARN] [1732200873.444476132] [Module_Supervisor]: ---- Supervisor: Waiting to connect to server Module_Scanning&Interface ----
1732200873.7399347 [node_io_weigh-6] [INFO] [1732200873.739103150] [node_io_weigh]: ---- Server Server Module_Input.node_io_weigh: Enable PIN: 1. Disable PIN: 1 ----
1732200873.9804029 [node_io_servo-4] [INFO] [1732200873.979515315] [node_io_servo]: ---- Server Server Module_Input.node_io_servo: TBDT PIN: 1. QA PIN: 1.  Diff PIN: 1----
1732200874.0898349 [node_io_weigh-6] [INFO] [1732200874.088804081] [node_io_weigh]: ---- Server Server Module_Input.node_io_weigh: Enable PIN: 1. Disable PIN: 1 ----
1732200874.4395156 [node_io_weigh-6] [INFO] [1732200874.438623133] [node_io_weigh]: ---- Server Server Module_Input.node_io_weigh: Enable PIN: 1. Disable PIN: 1 ----
1732200874.4505687 [module_supervisor-1] [WARN] [1732200874.449770972] [Module_Supervisor]: ---- Supervisor: Waiting to connect to server Module_Scanning&Interface ----
1732200874.5301664 [node_io_servo-4] [INFO] [1732200874.529319880] [node_io_servo]: ---- Server Server Module_Input.node_io_servo: TBDT PIN: 1. QA PIN: 1.  Diff PIN: 1----
1732200874.7898753 [node_io_weigh-6] [INFO] [1732200874.788844798] [node_io_weigh]: ---- Server Server Module_Input.node_io_weigh: Enable PIN: 1. Disable PIN: 1 ----
1732200875.0810790 [node_io_servo-4] [INFO] [1732200875.079985544] [node_io_servo]: ---- Server Server Module_Input.node_io_servo: TBDT PIN: 1. QA PIN: 1.  Diff PIN: 1----
1732200875.1399951 [node_io_weigh-6] [INFO] [1732200875.138972300] [node_io_weigh]: ---- Server Server Module_Input.node_io_weigh: Enable PIN: 1. Disable PIN: 1 ----
1732200875.4574106 [module_supervisor-1] [WARN] [1732200875.456313351] [Module_Supervisor]: ---- Supervisor: Waiting to connect to server Module_Scanning&Interface ----
1732200875.4898202 [node_io_weigh-6] [INFO] [1732200875.488846421] [node_io_weigh]: ---- Server Server Module_Input.node_io_weigh: Enable PIN: 1. Disable PIN: 1 ----
1732200875.6303656 [node_io_servo-4] [INFO] [1732200875.629549667] [node_io_servo]: ---- Server Server Module_Input.node_io_servo: TBDT PIN: 1. QA PIN: 1.  Diff PIN: 1----
1732200875.8398731 [node_io_weigh-6] [INFO] [1732200875.839008968] [node_io_weigh]: ---- Server Server Module_Input.node_io_weigh: Enable PIN: 1. Disable PIN: 1 ----
1732200876.1794138 [node_io_servo-4] [INFO] [1732200876.178538703] [node_io_servo]: ---- Server Server Module_Input.node_io_servo: TBDT PIN: 1. QA PIN: 1.  Diff PIN: 1----
1732200876.1891911 [node_io_weigh-6] [INFO] [1732200876.188380780] [node_io_weigh]: ---- Server Server Module_Input.node_io_weigh: Enable PIN: 1. Disable PIN: 1 ----
1732200876.4640481 [module_supervisor-1] [WARN] [1732200876.462912434] [Module_Supervisor]: ---- Supervisor: Waiting to connect to server Module_Scanning&Interface ----
1732200876.5375879 [node_io_weigh-6] [INFO] [1732200876.536787947] [node_io_weigh]: ---- Server Server Module_Input.node_io_weigh: Enable PIN: 1. Disable PIN: 1 ----
1732200876.7308800 [node_io_servo-4] [INFO] [1732200876.729890609] [node_io_servo]: ---- Server Server Module_Input.node_io_servo: TBDT PIN: 1. QA PIN: 1.  Diff PIN: 1----
1732200876.8898587 [node_io_weigh-6] [INFO] [1732200876.888840196] [node_io_weigh]: ---- Server Server Module_Input.node_io_weigh: Enable PIN: 1. Disable PIN: 1 ----
1732200877.2397273 [node_io_weigh-6] [INFO] [1732200877.238857654] [node_io_weigh]: ---- Server Server Module_Input.node_io_weigh: Enable PIN: 1. Disable PIN: 1 ----
1732200877.2805536 [node_io_servo-4] [INFO] [1732200877.279721263] [node_io_servo]: ---- Server Server Module_Input.node_io_servo: TBDT PIN: 1. QA PIN: 1.  Diff PIN: 1----
1732200877.4706335 [module_supervisor-1] [WARN] [1732200877.469593406] [Module_Supervisor]: ---- Supervisor: Waiting to connect to server Module_Scanning&Interface ----
1732200877.4749258 [module_supervisor-1] [ERROR] [1732200877.473843619] [Module_Supervisor]: ---- Supervisor: Can't connect to Module Scanning&Interface ----
1732200877.4795487 [module_log_file-8] [INFO] [1732200877.475271493] [module_log_file]: ---- Server Module_Log_File: Creating Log File... ----
1732200877.4922390 [node_dc_servo-3] [INFO] [1732200877.484171809] [node_servo_motor]: ---- Server Module_Motor.node_servo_motor: Receive Message: Terminate. Bye Bye.... ----
1732200877.4963090 [node_io_weigh-6] [INFO] [1732200877.485518145] [node_io_weigh]: ---- Server Module_Input.node_io_weigh: Receive Message: Terminate. Bye Bye.... ----
1732200877.5051491 [node_dc_motor-5] [INFO] [1732200877.487420297] [node_dc_motor]: ---- Server Module_Motor.node_dc_motor: Receive Message: Terminate. Bye Bye.... ----
1732200877.5091166 [module_weigh-7] [INFO] [1732200877.500648493] [module_weigh]: ---- Server Module_Weigh: Receive Message: Terminate. Bye Bye.... ----
1732200877.5167453 [node_io_servo-4] [INFO] [1732200877.513939986] [node_io_servo]: ---- Server Module_Input.node_io_servo: Receive Message: Terminate. Bye Bye.... ----
1732200878.1587873 [ERROR] [node_io_weigh-6]: process has died [pid 7141, exit code 255, cmd '/home/tomccd/Documents/Code/Python/DATN/install/module_input/lib/module_input/node_io_weigh --ros-args'].
1732200878.2068567 [ERROR] [node_io_servo-4]: process has died [pid 7139, exit code 255, cmd '/home/tomccd/Documents/Code/Python/DATN/install/module_input/lib/module_input/node_io_servo --ros-args'].
1732200878.2391424 [ERROR] [module_supervisor-1]: process has died [pid 7136, exit code 255, cmd '/home/tomccd/Documents/Code/Python/DATN/install/module_supervisor/lib/module_supervisor/module_supervisor --ros-args'].
1732200878.3341179 [ERROR] [module_weigh-7]: process has died [pid 7142, exit code 255, cmd '/home/tomccd/Documents/Code/Python/DATN/install/module_weigh/lib/module_weigh/module_weigh --ros-args'].
1732200878.5453072 [ERROR] [node_dc_servo-3]: process has died [pid 7138, exit code 255, cmd '/home/tomccd/Documents/Code/Python/DATN/install/module_motor/lib/module_motor/node_dc_servo --ros-args'].
1732200878.5513985 [ERROR] [node_dc_motor-5]: process has died [pid 7140, exit code 255, cmd '/home/tomccd/Documents/Code/Python/DATN/install/module_motor/lib/module_motor/node_dc_motor --ros-args'].
