1732201656.5513678 [INFO] [launch]: All log files can be found below /home/tomccd/.ros/log/2024-11-21-22-07-36-546975-tomccd-raspberry4b-8792
1732201656.5519857 [INFO] [launch]: Default logging verbosity is set to INFO
1732201657.3196309 [INFO] [module_supervisor-1]: process started with pid [8795]
1732201657.3227587 [INFO] [module_scanning_interface-2]: process started with pid [8796]
1732201657.3240023 [INFO] [node_dc_servo-3]: process started with pid [8797]
1732201657.3275769 [INFO] [node_io_servo-4]: process started with pid [8798]
1732201657.3306127 [INFO] [node_dc_motor-5]: process started with pid [8799]
1732201657.3337085 [INFO] [node_io_weigh-6]: process started with pid [8800]
1732201657.3402591 [INFO] [module_weigh-7]: process started with pid [8801]
1732201657.3413002 [INFO] [module_log_file-8]: process started with pid [8802]
1732201657.3442154 [INFO] [module_send_email-9]: process started with pid [8803]
1732201662.2769902 [node_io_servo-4] [INFO] [1732201662.274110348] [node_io_servo]: ---- Server Server Module_Input.node_io_servo: TBDT PIN: 1. QA PIN: 1.  Diff PIN: 1----
1732201662.3682616 [node_io_servo-4] [INFO] [1732201662.365013974] [node_io_servo]: ---- Server Server Module_Input.node_io_servo: TBDT PIN: 1. QA PIN: 1.  Diff PIN: 1----
1732201662.3803284 [module_supervisor-1] [INFO] [1732201662.379143406] [Module_Supervisor]: ---- Supervisor: Connect to Server Module_Log_File Successfully ----
1732201662.9178309 [node_io_servo-4] [INFO] [1732201662.915688809] [node_io_servo]: ---- Server Server Module_Input.node_io_servo: TBDT PIN: 1. QA PIN: 1.  Diff PIN: 1----
1732201662.9223132 [node_io_weigh-6] [INFO] [1732201662.919203631] [node_io_weigh]: ---- Server Server Module_Input.node_io_weigh: Enable PIN: 1. Disable PIN: 1 ----
1732201663.0113254 [node_dc_servo-3] [INFO] [1732201663.010134164] [node_servo_motor]: ---- Server Module_Motor.node_dc_motor: Init Server ----
1732201663.0485318 [node_io_weigh-6] [INFO] [1732201663.047649452] [node_io_weigh]: ---- Server Server Module_Input.node_io_weigh: Enable PIN: 1. Disable PIN: 1 ----
1732201663.3841534 [module_supervisor-1] [WARN] [1732201663.383267998] [Module_Supervisor]: ---- Supervisor: Waiting to connect to server Module_Scanning&Interface ----
1732201663.3986690 [node_io_weigh-6] [INFO] [1732201663.397758237] [node_io_weigh]: ---- Server Server Module_Input.node_io_weigh: Enable PIN: 1. Disable PIN: 1 ----
1732201663.4569483 [node_io_servo-4] [INFO] [1732201663.456051239] [node_io_servo]: ---- Server Server Module_Input.node_io_servo: TBDT PIN: 1. QA PIN: 1.  Diff PIN: 1----
1732201663.7504978 [node_io_weigh-6] [INFO] [1732201663.749106787] [node_io_weigh]: ---- Server Server Module_Input.node_io_weigh: Enable PIN: 1. Disable PIN: 1 ----
1732201664.0077403 [node_io_servo-4] [INFO] [1732201664.006656981] [node_io_servo]: ---- Server Server Module_Input.node_io_servo: TBDT PIN: 1. QA PIN: 1.  Diff PIN: 1----
1732201664.0989008 [node_io_weigh-6] [INFO] [1732201664.097994108] [node_io_weigh]: ---- Server Server Module_Input.node_io_weigh: Enable PIN: 1. Disable PIN: 1 ----
1732201664.3880250 [module_supervisor-1] [WARN] [1732201664.387109436] [Module_Supervisor]: ---- Supervisor: Waiting to connect to server Module_Scanning&Interface ----
1732201664.4484327 [node_io_weigh-6] [INFO] [1732201664.447680202] [node_io_weigh]: ---- Server Server Module_Input.node_io_weigh: Enable PIN: 1. Disable PIN: 1 ----
1732201664.5573435 [node_io_servo-4] [INFO] [1732201664.556424942] [node_io_servo]: ---- Server Server Module_Input.node_io_servo: TBDT PIN: 1. QA PIN: 1.  Diff PIN: 1----
1732201664.7994084 [node_io_weigh-6] [INFO] [1732201664.798575896] [node_io_weigh]: ---- Server Server Module_Input.node_io_weigh: Enable PIN: 1. Disable PIN: 1 ----
1732201665.1145551 [node_io_servo-4] [INFO] [1732201665.113345311] [node_io_servo]: ---- Server Server Module_Input.node_io_servo: TBDT PIN: 1. QA PIN: 1.  Diff PIN: 1----
1732201665.1503162 [node_io_weigh-6] [INFO] [1732201665.148271296] [node_io_weigh]: ---- Server Server Module_Input.node_io_weigh: Enable PIN: 1. Disable PIN: 1 ----
1732201665.3939204 [module_supervisor-1] [WARN] [1732201665.392771430] [Module_Supervisor]: ---- Supervisor: Waiting to connect to server Module_Scanning&Interface ----
1732201665.5026062 [node_io_weigh-6] [INFO] [1732201665.501708894] [node_io_weigh]: ---- Server Server Module_Input.node_io_weigh: Enable PIN: 1. Disable PIN: 1 ----
1732201665.6464109 [module_supervisor-1] [INFO] [1732201665.645618453] [Module_Supervisor]: ---- Supervisor: Connect to Server Module_Scanning&Interface Successfully ----
1732201665.6502712 [module_supervisor-1] [INFO] [1732201665.649121294] [Module_Supervisor]: ---- Supervisor: Connect to Server Module_Input.node_io_weigh Successfully ----
1732201665.6556480 [module_supervisor-1] [INFO] [1732201665.653980584] [Module_Supervisor]: ---- Supervisor: Connect to Server Module_Weigh Successfully ----
1732201665.6602328 [node_io_servo-4] [INFO] [1732201665.659045331] [node_io_servo]: ---- Server Server Module_Input.node_io_servo: TBDT PIN: 1. QA PIN: 1.  Diff PIN: 1----
1732201665.6624038 [module_supervisor-1] [INFO] [1732201665.659084200] [Module_Supervisor]: ---- Supervisor: Connect to Server Module_Motor.node_dc_motor Successfully ----
1732201665.6650884 [module_supervisor-1] [INFO] [1732201665.664131596] [Module_Supervisor]: ---- Supervisor: Connect to Server Module_Input.node_io_servo Successfully ----
1732201665.6696022 [module_supervisor-1] [INFO] [1732201665.668407844] [Module_Supervisor]: ---- Supervisor: Connect to Server Module_Motor.node_dc_servo Successfully ----
1732201665.6766644 [module_supervisor-1] [INFO] [1732201665.672761016] [Module_Supervisor]: ---- Supervisor: Connect to Server Module_Send_Email Successfully ----
1732201665.7807665 [node_dc_motor-5] [INFO] [1732201665.779797731] [node_dc_motor]: ---- Server Module_Motor.node_dc_motor: Receive Intialized Request: Ready ----
1732201665.7937529 [module_supervisor-1] [INFO] [1732201665.790379122] [Module_Supervisor]: ---- Supervisor: Receive Init Respond from Server Module_Motor.node_dc_motor: OK
1732201665.8479218 [node_io_weigh-6] [INFO] [1732201665.847117521] [node_io_weigh]: ---- Server Server Module_Input.node_io_weigh: Enable PIN: 1. Disable PIN: 1 ----
1732201665.9962103 [module_scanning_interface-2] [INFO] [1732201665.995347216] [module_scanning_interface]: ----  Server Module_Scanning&Interface: Connect to DB Successfully ----
1732201666.2000592 [node_io_weigh-6] [INFO] [1732201666.199083982] [node_io_weigh]: ---- Server Server Module_Input.node_io_weigh: Enable PIN: 1. Disable PIN: 1 ----
1732201666.2085154 [node_io_servo-4] [INFO] [1732201666.207287524] [node_io_servo]: ---- Server Server Module_Input.node_io_servo: TBDT PIN: 1. QA PIN: 1.  Diff PIN: 1----
1732201666.5508604 [node_io_weigh-6] [INFO] [1732201666.549569507] [node_io_weigh]: ---- Server Server Module_Input.node_io_weigh: Enable PIN: 1. Disable PIN: 1 ----
1732201666.7648680 [node_io_servo-4] [INFO] [1732201666.761470409] [node_io_servo]: ---- Server Server Module_Input.node_io_servo: TBDT PIN: 1. QA PIN: 1.  Diff PIN: 1----
1732201666.9003713 [node_io_weigh-6] [INFO] [1732201666.898890190] [node_io_weigh]: ---- Server Server Module_Input.node_io_weigh: Enable PIN: 1. Disable PIN: 1 ----
1732201667.2503421 [node_io_weigh-6] [INFO] [1732201667.248341441] [node_io_weigh]: ---- Server Server Module_Input.node_io_weigh: Enable PIN: 1. Disable PIN: 1 ----
1732201667.3098774 [node_io_servo-4] [INFO] [1732201667.308874237] [node_io_servo]: ---- Server Server Module_Input.node_io_servo: TBDT PIN: 1. QA PIN: 1.  Diff PIN: 1----
1732201667.5989525 [node_io_weigh-6] [INFO] [1732201667.598010748] [node_io_weigh]: ---- Server Server Module_Input.node_io_weigh: Enable PIN: 1. Disable PIN: 1 ----
1732201667.7948151 [module_supervisor-1] [INFO] [1732201667.793937845] [Module_Supervisor]: ---- Supervisor: Connect to Module_Scanning&Interface Successfully----
1732201667.7981193 [module_supervisor-1] [INFO] [1732201667.797172026] [Module_Supervisor]: ---- Supervisor: Connect to Module_Input.node Successfully----
1732201667.8017409 [module_supervisor-1] [INFO] [1732201667.800748143] [Module_Supervisor]: ---- Supervisor: Connect to Module_Weigh Successfully----
1732201667.8058975 [module_supervisor-1] [INFO] [1732201667.804978393] [Module_Supervisor]: ---- Supervisor: Connect to Module_Motor.node_dc_motor Successfully----
1732201667.8118432 [module_supervisor-1] [INFO] [1732201667.809564634] [Module_Supervisor]: ---- Supervisor: Connect to Module_Input.node_io_servo Successfully----
1732201667.8163188 [module_supervisor-1] [INFO] [1732201667.814804729] [Module_Supervisor]: ---- Supervisor: Connect to Module_Send_Email Successfully----
1732201667.8602965 [node_io_servo-4] [INFO] [1732201667.859318616] [node_io_servo]: ---- Server Server Module_Input.node_io_servo: TBDT PIN: 1. QA PIN: 1.  Diff PIN: 1----
1732201667.9493284 [node_io_weigh-6] [INFO] [1732201667.948037675] [node_io_weigh]: ---- Server Server Module_Input.node_io_weigh: Enable PIN: 1. Disable PIN: 1 ----
1732201668.2983496 [node_io_weigh-6] [INFO] [1732201668.297476080] [node_io_weigh]: ---- Server Server Module_Input.node_io_weigh: Enable PIN: 1. Disable PIN: 1 ----
1732201668.4068136 [node_io_servo-4] [INFO] [1732201668.405958427] [node_io_servo]: ---- Server Server Module_Input.node_io_servo: TBDT PIN: 1. QA PIN: 1.  Diff PIN: 1----
1732201668.6488380 [module_scanning_interface-2] /home/tomccd/Documents/Code/Python/DATN/install/module_scanning_interface/lib/python3.12/site-packages/module_scanning_interface/module_scanning_interface.py:344: UserWarning: pandas only supports SQLAlchemy connectable (engine/connection) or database string URI or sqlite3 DBAPI2 connection. Other DBAPI2 objects are not tested. Please consider using SQLAlchemy.
1732201668.6493425 [module_scanning_interface-2]   df = pd.read_sql(sql_query,self.conn)
1732201668.6505225 [node_io_weigh-6] [INFO] [1732201668.647668729] [node_io_weigh]: ---- Server Server Module_Input.node_io_weigh: Enable PIN: 1. Disable PIN: 1 ----
1732201668.6719389 [module_scanning_interface-2] /home/tomccd/Documents/Code/Python/DATN/install/module_scanning_interface/lib/python3.12/site-packages/module_scanning_interface/module_scanning_interface.py:352: UserWarning: pandas only supports SQLAlchemy connectable (engine/connection) or database string URI or sqlite3 DBAPI2 connection. Other DBAPI2 objects are not tested. Please consider using SQLAlchemy.
1732201668.6724102 [module_scanning_interface-2]   df = pd.read_sql(sql_query,self.conn)
1732201668.7228577 [module_scanning_interface-2] [INFO] [1732201668.721891624] [module_scanning_interface]: Data Collect: [['IP15', 'Thiet bi dien tu']]
1732201668.8182707 [module_scanning_interface-2] [INFO] [1732201668.817330046] [module_scanning_interface]: Data Collect: [['IP15', 'Thiet bi dien tu']]
1732201668.9208426 [module_scanning_interface-2] [INFO] [1732201668.919835185] [module_scanning_interface]: Data Collect: [['IP15', 'Thiet bi dien tu']]
1732201668.9569058 [node_io_servo-4] [INFO] [1732201668.956062923] [node_io_servo]: ---- Server Server Module_Input.node_io_servo: TBDT PIN: 1. QA PIN: 1.  Diff PIN: 1----
1732201668.9986842 [node_io_weigh-6] [INFO] [1732201668.997737788] [node_io_weigh]: ---- Server Server Module_Input.node_io_weigh: Enable PIN: 1. Disable PIN: 1 ----
1732201669.0345342 [module_scanning_interface-2] [INFO] [1732201669.033008866] [module_scanning_interface]: Data Collect: [['IP15', 'Thiet bi dien tu']]
1732201669.1253643 [module_scanning_interface-2] [INFO] [1732201669.124249764] [module_scanning_interface]: Data Collect: [['IP15', 'Thiet bi dien tu']]
1732201669.2268875 [module_scanning_interface-2] [INFO] [1732201669.225781007] [module_scanning_interface]: Data Collect: [['IP15', 'Thiet bi dien tu']]
1732201669.3360896 [module_scanning_interface-2] [INFO] [1732201669.335128507] [module_scanning_interface]: Data Collect: [['IP15', 'Thiet bi dien tu']]
1732201669.3494184 [node_io_weigh-6] [INFO] [1732201669.348386151] [node_io_weigh]: ---- Server Server Module_Input.node_io_weigh: Enable PIN: 1. Disable PIN: 1 ----
1732201669.4352634 [module_scanning_interface-2] [INFO] [1732201669.434384397] [module_scanning_interface]: Data Collect: [['IP15', 'Thiet bi dien tu']]
1732201669.5081060 [node_io_servo-4] [INFO] [1732201669.506888246] [node_io_servo]: ---- Server Server Module_Input.node_io_servo: TBDT PIN: 1. QA PIN: 1.  Diff PIN: 1----
1732201669.5352099 [module_scanning_interface-2] [INFO] [1732201669.534002724] [module_scanning_interface]: Data Collect: [['IP15', 'Thiet bi dien tu']]
1732201669.6986723 [node_io_weigh-6] [INFO] [1732201669.697813969] [node_io_weigh]: ---- Server Server Module_Input.node_io_weigh: Enable PIN: 1. Disable PIN: 1 ----
1732201669.7947216 [module_supervisor-1] [INFO] [1732201669.793818660] [Module_Supervisor]: ---- Supervisor: Connect to Module_Scanning&Interface Successfully----
1732201669.7980549 [module_supervisor-1] [INFO] [1732201669.796899345] [Module_Supervisor]: ---- Supervisor: Connect to Module_Input.node Successfully----
1732201669.8055935 [module_supervisor-1] [INFO] [1732201669.804406387] [Module_Supervisor]: ---- Supervisor: Connect to Module_Weigh Successfully----
1732201669.8103838 [module_supervisor-1] [INFO] [1732201669.809133940] [Module_Supervisor]: ---- Supervisor: Connect to Module_Motor.node_dc_motor Successfully----
1732201669.8161423 [module_supervisor-1] [INFO] [1732201669.814566365] [Module_Supervisor]: ---- Supervisor: Connect to Module_Input.node_io_servo Successfully----
1732201669.8239284 [module_supervisor-1] [INFO] [1732201669.823046365] [Module_Supervisor]: ---- Supervisor: Connect to Module_Send_Email Successfully----
1732201670.0488207 [node_io_weigh-6] [INFO] [1732201670.047783425] [node_io_weigh]: ---- Server Server Module_Input.node_io_weigh: Enable PIN: 1. Disable PIN: 1 ----
1732201670.0587358 [node_io_servo-4] [INFO] [1732201670.057230810] [node_io_servo]: ---- Server Server Module_Input.node_io_servo: TBDT PIN: 1. QA PIN: 1.  Diff PIN: 1----
1732201670.4003596 [node_io_weigh-6] [INFO] [1732201670.398564510] [node_io_weigh]: ---- Server Server Module_Input.node_io_weigh: Enable PIN: 1. Disable PIN: 1 ----
1732201670.6067834 [node_io_servo-4] [INFO] [1732201670.605933035] [node_io_servo]: ---- Server Server Module_Input.node_io_servo: TBDT PIN: 1. QA PIN: 1.  Diff PIN: 1----
1732201670.7485411 [node_io_weigh-6] [INFO] [1732201670.747704097] [node_io_weigh]: ---- Server Server Module_Input.node_io_weigh: Enable PIN: 1. Disable PIN: 1 ----
1732201671.1038620 [node_io_weigh-6] [INFO] [1732201671.100863575] [node_io_weigh]: ---- Server Server Module_Input.node_io_weigh: Enable PIN: 1. Disable PIN: 1 ----
1732201671.1586320 [node_io_servo-4] [INFO] [1732201671.157779917] [node_io_servo]: ---- Server Server Module_Input.node_io_servo: TBDT PIN: 1. QA PIN: 1.  Diff PIN: 1----
1732201671.4480493 [node_io_weigh-6] [INFO] [1732201671.447251286] [node_io_weigh]: ---- Server Server Module_Input.node_io_weigh: Enable PIN: 1. Disable PIN: 1 ----
1732201671.7082148 [node_io_servo-4] [INFO] [1732201671.707312211] [node_io_servo]: ---- Server Server Module_Input.node_io_servo: TBDT PIN: 1. QA PIN: 1.  Diff PIN: 1----
1732201671.7951090 [module_supervisor-1] [INFO] [1732201671.794081691] [Module_Supervisor]: ---- Supervisor: Connect to Module_Scanning&Interface Successfully----
1732201671.7980413 [module_supervisor-1] [INFO] [1732201671.797182728] [Module_Supervisor]: ---- Supervisor: Connect to Module_Input.node Successfully----
1732201671.7998846 [node_io_weigh-6] [INFO] [1732201671.797567441] [node_io_weigh]: ---- Server Server Module_Input.node_io_weigh: Enable PIN: 1. Disable PIN: 1 ----
1732201671.8038635 [module_supervisor-1] [INFO] [1732201671.802577450] [Module_Supervisor]: ---- Supervisor: Connect to Module_Weigh Successfully----
1732201671.8102777 [module_supervisor-1] [INFO] [1732201671.809460786] [Module_Supervisor]: ---- Supervisor: Connect to Module_Motor.node_dc_motor Successfully----
1732201671.8139763 [module_supervisor-1] [INFO] [1732201671.812954758] [Module_Supervisor]: ---- Supervisor: Connect to Module_Input.node_io_servo Successfully----
1732201671.8194146 [module_supervisor-1] [INFO] [1732201671.818162892] [Module_Supervisor]: ---- Supervisor: Connect to Module_Send_Email Successfully----
1732201672.1479399 [node_io_weigh-6] [INFO] [1732201672.147110474] [node_io_weigh]: ---- Server Server Module_Input.node_io_weigh: Enable PIN: 1. Disable PIN: 1 ----
1732201672.2577584 [node_io_servo-4] [INFO] [1732201672.256836707] [node_io_servo]: ---- Server Server Module_Input.node_io_servo: TBDT PIN: 1. QA PIN: 1.  Diff PIN: 1----
1732201672.4979672 [node_io_weigh-6] [INFO] [1732201672.497167655] [node_io_weigh]: ---- Server Server Module_Input.node_io_weigh: Enable PIN: 1. Disable PIN: 1 ----
1732201672.8101313 [node_io_servo-4] [INFO] [1732201672.806143484] [node_io_servo]: ---- Server Server Module_Input.node_io_servo: TBDT PIN: 1. QA PIN: 1.  Diff PIN: 1----
1732201672.8491397 [node_io_weigh-6] [INFO] [1732201672.848144907] [node_io_weigh]: ---- Server Server Module_Input.node_io_weigh: Enable PIN: 1. Disable PIN: 1 ----
1732201673.1991069 [node_io_weigh-6] [INFO] [1732201673.198143954] [node_io_weigh]: ---- Server Server Module_Input.node_io_weigh: Enable PIN: 1. Disable PIN: 1 ----
1732201673.3573749 [node_io_servo-4] [INFO] [1732201673.356395797] [node_io_servo]: ---- Server Server Module_Input.node_io_servo: TBDT PIN: 1. QA PIN: 1.  Diff PIN: 1----
1732201673.5484121 [node_io_weigh-6] [INFO] [1732201673.547599208] [node_io_weigh]: ---- Server Server Module_Input.node_io_weigh: Enable PIN: 1. Disable PIN: 1 ----
1732201673.7972496 [module_supervisor-1] [INFO] [1732201673.794543088] [Module_Supervisor]: ---- Supervisor: Connect to Module_Scanning&Interface Successfully----
1732201673.8032305 [module_supervisor-1] [INFO] [1732201673.802094982] [Module_Supervisor]: ---- Supervisor: Connect to Module_Input.node Successfully----
1732201673.8073606 [module_supervisor-1] [INFO] [1732201673.806369899] [Module_Supervisor]: ---- Supervisor: Connect to Module_Weigh Successfully----
1732201673.8136618 [module_supervisor-1] [INFO] [1732201673.811409557] [Module_Supervisor]: ---- Supervisor: Connect to Module_Motor.node_dc_motor Successfully----
1732201673.8201714 [module_supervisor-1] [INFO] [1732201673.819191205] [Module_Supervisor]: ---- Supervisor: Connect to Module_Input.node_io_servo Successfully----
1732201673.8252265 [module_supervisor-1] [INFO] [1732201673.823090667] [Module_Supervisor]: ---- Supervisor: Connect to Module_Send_Email Successfully----
1732201673.8980021 [node_io_weigh-6] [INFO] [1732201673.897224939] [node_io_weigh]: ---- Server Server Module_Input.node_io_weigh: Enable PIN: 1. Disable PIN: 1 ----
1732201673.9076533 [node_io_servo-4] [INFO] [1732201673.906833451] [node_io_servo]: ---- Server Server Module_Input.node_io_servo: TBDT PIN: 1. QA PIN: 1.  Diff PIN: 1----
1732201674.2479777 [node_io_weigh-6] [INFO] [1732201674.247128660] [node_io_weigh]: ---- Server Server Module_Input.node_io_weigh: Enable PIN: 1. Disable PIN: 1 ----
1732201674.4586082 [node_io_servo-4] [INFO] [1732201674.457008861] [node_io_servo]: ---- Server Server Module_Input.node_io_servo: TBDT PIN: 1. QA PIN: 1.  Diff PIN: 1----
1732201674.5997233 [node_io_weigh-6] [INFO] [1732201674.598692737] [node_io_weigh]: ---- Server Server Module_Input.node_io_weigh: Enable PIN: 1. Disable PIN: 1 ----
1732201674.9482079 [node_io_weigh-6] [INFO] [1732201674.947149517] [node_io_weigh]: ---- Server Server Module_Input.node_io_weigh: Enable PIN: 0. Disable PIN: 1 ----
1732201675.0092690 [node_io_servo-4] [INFO] [1732201675.008330935] [node_io_servo]: ---- Server Server Module_Input.node_io_servo: TBDT PIN: 1. QA PIN: 1.  Diff PIN: 1----
1732201675.0632203 [module_weigh-7] [INFO] [1732201675.062313416] [module_weigh]: ---- Server Module Weigh Receive Message: True ----
1732201675.2989910 [node_io_weigh-6] [INFO] [1732201675.298030758] [node_io_weigh]: ---- Server Server Module_Input.node_io_weigh: Enable PIN: 0. Disable PIN: 1 ----
1732201675.3030498 [module_weigh-7] [INFO] [1732201675.302217325] [module_weigh]: ---- Server Module Weigh Receive Message: True ----
1732201675.5566187 [node_io_servo-4] [INFO] [1732201675.555756986] [node_io_servo]: ---- Server Server Module_Input.node_io_servo: TBDT PIN: 1. QA PIN: 1.  Diff PIN: 1----
1732201675.6487608 [node_io_weigh-6] [INFO] [1732201675.647308391] [node_io_weigh]: ---- Server Server Module_Input.node_io_weigh: Enable PIN: 1. Disable PIN: 0 ----
1732201675.6548121 [module_weigh-7] [INFO] [1732201675.653805738] [module_weigh]: ---- Server Module Weigh Receive Message: False ----
1732201675.7986739 [module_supervisor-1] [INFO] [1732201675.797726476] [Module_Supervisor]: ---- Supervisor: Connect to Module_Scanning&Interface Successfully----
1732201675.8045740 [module_supervisor-1] [INFO] [1732201675.803212550] [Module_Supervisor]: ---- Supervisor: Connect to Module_Input.node Successfully----
1732201675.8124113 [module_supervisor-1] [INFO] [1732201675.810599023] [Module_Supervisor]: ---- Supervisor: Connect to Module_Weigh Successfully----
1732201675.8193104 [module_supervisor-1] [INFO] [1732201675.817425713] [Module_Supervisor]: ---- Supervisor: Connect to Module_Motor.node_dc_motor Successfully----
1732201675.8261781 [module_supervisor-1] [INFO] [1732201675.823416979] [Module_Supervisor]: ---- Supervisor: Connect to Module_Input.node_io_servo Successfully----
1732201675.8346210 [module_supervisor-1] [INFO] [1732201675.830406684] [Module_Supervisor]: ---- Supervisor: Connect to Module_Send_Email Successfully----
1732201675.8505785 [module_weigh-7] [INFO] [1732201675.849509990] [module_weigh]: --- Server Module_Weigh Max: 118.61
1732201675.8747239 [module_scanning_interface-2] [INFO] [1732201675.873738972] [module_scanning_interface]: Data Collect: [['IP15', 'Thiet bi dien tu', 107.36000061035156]]
1732201675.9986231 [node_io_weigh-6] [INFO] [1732201675.997823514] [node_io_weigh]: ---- Server Server Module_Input.node_io_weigh: Enable PIN: 1. Disable PIN: 1 ----
1732201676.1099200 [node_io_servo-4] [INFO] [1732201676.107509570] [node_io_servo]: ---- Server Server Module_Input.node_io_servo: TBDT PIN: 1. QA PIN: 1.  Diff PIN: 1----
1732201676.3478835 [node_io_weigh-6] [INFO] [1732201676.347123186] [node_io_weigh]: ---- Server Server Module_Input.node_io_weigh: Enable PIN: 1. Disable PIN: 1 ----
1732201676.6574321 [node_io_servo-4] [INFO] [1732201676.656553634] [node_io_servo]: ---- Server Server Module_Input.node_io_servo: TBDT PIN: 1. QA PIN: 1.  Diff PIN: 1----
1732201676.6992919 [node_io_weigh-6] [INFO] [1732201676.698099986] [node_io_weigh]: ---- Server Server Module_Input.node_io_weigh: Enable PIN: 1. Disable PIN: 1 ----
1732201677.0489478 [node_io_weigh-6] [INFO] [1732201677.048097515] [node_io_weigh]: ---- Server Server Module_Input.node_io_weigh: Enable PIN: 1. Disable PIN: 1 ----
1732201677.2078252 [node_io_servo-4] [INFO] [1732201677.206945031] [node_io_servo]: ---- Server Server Module_Input.node_io_servo: TBDT PIN: 1. QA PIN: 1.  Diff PIN: 1----
1732201677.3990865 [node_io_weigh-6] [INFO] [1732201677.397999454] [node_io_weigh]: ---- Server Server Module_Input.node_io_weigh: Enable PIN: 1. Disable PIN: 1 ----
1732201677.7480624 [node_io_weigh-6] [INFO] [1732201677.747222964] [node_io_weigh]: ---- Server Server Module_Input.node_io_weigh: Enable PIN: 1. Disable PIN: 1 ----
1732201677.7592654 [node_io_servo-4] [INFO] [1732201677.758348016] [node_io_servo]: ---- Server Server Module_Input.node_io_servo: TBDT PIN: 0. QA PIN: 1.  Diff PIN: 1----
1732201677.7646759 [module_scanning_interface-2] [INFO] [1732201677.763596207] [module_scanning_interface]: ---- Module_Scanning_Interface: Type Product: Thiet bi dien tu
1732201677.7718341 [module_scanning_interface-2] [INFO] [1732201677.767319305] [module_scanning_interface]: ---- Module_Scanning_Interface: Total Data Before Popping: [['IP15', 'Thiet bi dien tu', 107.36000061035156]]
1732201677.7761369 [module_scanning_interface-2] [INFO] [1732201677.774897645] [module_scanning_interface]: ---- Module_Scanning_Interface: Remain Data if TBDT was detected: []
1732201677.7811871 [node_dc_servo-3] [INFO] [1732201677.779572960] [node_servo_motor]: ---- Node_DC_Servo: Rotate Servo TBDT DSG ----
1732201677.7952108 [module_supervisor-1] [INFO] [1732201677.794268096] [Module_Supervisor]: ---- Supervisor: Connect to Module_Scanning&Interface Successfully----
1732201677.7994008 [module_supervisor-1] [INFO] [1732201677.797690293] [Module_Supervisor]: ---- Supervisor: Connect to Module_Input.node Successfully----
1732201677.8030765 [module_supervisor-1] [INFO] [1732201677.801557368] [Module_Supervisor]: ---- Supervisor: Connect to Module_Weigh Successfully----
1732201677.8112371 [module_supervisor-1] [INFO] [1732201677.808481038] [Module_Supervisor]: ---- Supervisor: Connect to Module_Motor.node_dc_motor Successfully----
1732201677.8172164 [module_supervisor-1] [INFO] [1732201677.814610968] [Module_Supervisor]: ---- Supervisor: Connect to Module_Input.node_io_servo Successfully----
1732201677.8218360 [module_supervisor-1] [INFO] [1732201677.819549685] [Module_Supervisor]: ---- Supervisor: Connect to Module_Send_Email Successfully----
1732201678.0979204 [node_io_weigh-6] [INFO] [1732201678.097120501] [node_io_weigh]: ---- Server Server Module_Input.node_io_weigh: Enable PIN: 1. Disable PIN: 1 ----
1732201678.3074231 [node_io_servo-4] [INFO] [1732201678.306508356] [node_io_servo]: ---- Server Server Module_Input.node_io_servo: TBDT PIN: 1. QA PIN: 1.  Diff PIN: 1----
1732201678.4493408 [node_io_weigh-6] [INFO] [1732201678.448595164] [node_io_weigh]: ---- Server Server Module_Input.node_io_weigh: Enable PIN: 1. Disable PIN: 1 ----
1732201678.7997749 [node_io_weigh-6] [INFO] [1732201678.798784227] [node_io_weigh]: ---- Server Server Module_Input.node_io_weigh: Enable PIN: 1. Disable PIN: 1 ----
1732201678.8592167 [node_io_servo-4] [INFO] [1732201678.857055283] [node_io_servo]: ---- Server Server Module_Input.node_io_servo: TBDT PIN: 1. QA PIN: 1.  Diff PIN: 1----
1732201679.1503789 [node_io_weigh-6] [INFO] [1732201679.149373272] [node_io_weigh]: ---- Server Server Module_Input.node_io_weigh: Enable PIN: 1. Disable PIN: 1 ----
1732201679.4067090 [node_io_servo-4] [INFO] [1732201679.405858683] [node_io_servo]: ---- Server Server Module_Input.node_io_servo: TBDT PIN: 1. QA PIN: 1.  Diff PIN: 1----
1732201679.4987187 [node_io_weigh-6] [INFO] [1732201679.497647864] [node_io_weigh]: ---- Server Server Module_Input.node_io_weigh: Enable PIN: 1. Disable PIN: 1 ----
1732201679.7953157 [module_supervisor-1] [INFO] [1732201679.794336833] [Module_Supervisor]: ---- Supervisor: Connect to Module_Scanning&Interface Successfully----
1732201679.8020637 [module_supervisor-1] [INFO] [1732201679.798125244] [Module_Supervisor]: ---- Supervisor: Connect to Module_Input.node Successfully----
1732201679.8067446 [module_supervisor-1] [INFO] [1732201679.805390092] [Module_Supervisor]: ---- Supervisor: Connect to Module_Weigh Successfully----
1732201679.8110628 [module_supervisor-1] [INFO] [1732201679.809969041] [Module_Supervisor]: ---- Supervisor: Connect to Module_Motor.node_dc_motor Successfully----
1732201679.8181701 [module_supervisor-1] [INFO] [1732201679.814108888] [Module_Supervisor]: ---- Supervisor: Connect to Module_Input.node_io_servo Successfully----
1732201679.8207111 [module_supervisor-1] [INFO] [1732201679.817764617] [Module_Supervisor]: ---- Supervisor: Connect to Module_Send_Email Successfully----
1732201679.8514333 [node_io_weigh-6] [INFO] [1732201679.849471948] [node_io_weigh]: ---- Server Server Module_Input.node_io_weigh: Enable PIN: 1. Disable PIN: 1 ----
1732201679.9568098 [node_io_servo-4] [INFO] [1732201679.955887008] [node_io_servo]: ---- Server Server Module_Input.node_io_servo: TBDT PIN: 1. QA PIN: 1.  Diff PIN: 1----
1732201680.1992662 [node_io_weigh-6] [INFO] [1732201680.197801125] [node_io_weigh]: ---- Server Server Module_Input.node_io_weigh: Enable PIN: 1. Disable PIN: 1 ----
1732201680.5087650 [node_io_servo-4] [INFO] [1732201680.507731024] [node_io_servo]: ---- Server Server Module_Input.node_io_servo: TBDT PIN: 1. QA PIN: 1.  Diff PIN: 1----
1732201680.5496740 [node_io_weigh-6] [INFO] [1732201680.548693695] [node_io_weigh]: ---- Server Server Module_Input.node_io_weigh: Enable PIN: 1. Disable PIN: 1 ----
1732201680.8981235 [node_io_weigh-6] [INFO] [1732201680.897222265] [node_io_weigh]: ---- Server Server Module_Input.node_io_weigh: Enable PIN: 1. Disable PIN: 1 ----
1732201681.0566680 [node_io_servo-4] [INFO] [1732201681.055821911] [node_io_servo]: ---- Server Server Module_Input.node_io_servo: TBDT PIN: 1. QA PIN: 1.  Diff PIN: 1----
1732201681.2482798 [node_io_weigh-6] [INFO] [1732201681.247389145] [node_io_weigh]: ---- Server Server Module_Input.node_io_weigh: Enable PIN: 1. Disable PIN: 1 ----
1732201681.6000438 [node_io_weigh-6] [INFO] [1732201681.597245353] [node_io_weigh]: ---- Server Server Module_Input.node_io_weigh: Enable PIN: 1. Disable PIN: 1 ----
1732201681.6105814 [node_io_servo-4] [INFO] [1732201681.607181510] [node_io_servo]: ---- Server Server Module_Input.node_io_servo: TBDT PIN: 1. QA PIN: 1.  Diff PIN: 1----
1732201681.7972250 [module_supervisor-1] [INFO] [1732201681.795989401] [Module_Supervisor]: ---- Supervisor: Connect to Module_Scanning&Interface Successfully----
1732201681.8024664 [module_supervisor-1] [INFO] [1732201681.800172063] [Module_Supervisor]: ---- Supervisor: Connect to Module_Input.node Successfully----
1732201681.8053653 [module_supervisor-1] [INFO] [1732201681.803717425] [Module_Supervisor]: ---- Supervisor: Connect to Module_Weigh Successfully----
1732201681.8081000 [module_supervisor-1] [INFO] [1732201681.807209436] [Module_Supervisor]: ---- Supervisor: Connect to Module_Motor.node_dc_motor Successfully----
1732201681.8114202 [module_supervisor-1] [INFO] [1732201681.810651541] [Module_Supervisor]: ---- Supervisor: Connect to Module_Input.node_io_servo Successfully----
1732201681.8150632 [module_supervisor-1] [INFO] [1732201681.814132886] [Module_Supervisor]: ---- Supervisor: Connect to Module_Send_Email Successfully----
1732201681.9481456 [node_io_weigh-6] [INFO] [1732201681.947290464] [node_io_weigh]: ---- Server Server Module_Input.node_io_weigh: Enable PIN: 1. Disable PIN: 1 ----
1732201682.1568277 [node_io_servo-4] [INFO] [1732201682.155947772] [node_io_servo]: ---- Server Server Module_Input.node_io_servo: TBDT PIN: 1. QA PIN: 1.  Diff PIN: 1----
1732201682.2980287 [node_io_weigh-6] [INFO] [1732201682.297223244] [node_io_weigh]: ---- Server Server Module_Input.node_io_weigh: Enable PIN: 1. Disable PIN: 1 ----
1732201682.6502504 [node_io_weigh-6] [INFO] [1732201682.649465898] [node_io_weigh]: ---- Server Server Module_Input.node_io_weigh: Enable PIN: 1. Disable PIN: 1 ----
1732201682.7076437 [node_io_servo-4] [INFO] [1732201682.706728140] [node_io_servo]: ---- Server Server Module_Input.node_io_servo: TBDT PIN: 1. QA PIN: 1.  Diff PIN: 1----
1732201682.9983647 [node_io_weigh-6] [INFO] [1732201682.997103956] [node_io_weigh]: ---- Server Server Module_Input.node_io_weigh: Enable PIN: 1. Disable PIN: 1 ----
1732201683.2572699 [node_io_servo-4] [INFO] [1732201683.256089667] [node_io_servo]: ---- Server Server Module_Input.node_io_servo: TBDT PIN: 1. QA PIN: 1.  Diff PIN: 1----
1732201683.3498101 [node_io_weigh-6] [INFO] [1732201683.348878957] [node_io_weigh]: ---- Server Server Module_Input.node_io_weigh: Enable PIN: 1. Disable PIN: 1 ----
1732201683.6986821 [node_io_weigh-6] [INFO] [1732201683.697467218] [node_io_weigh]: ---- Server Server Module_Input.node_io_weigh: Enable PIN: 1. Disable PIN: 1 ----
1732201683.7948983 [module_supervisor-1] [INFO] [1732201683.793900331] [Module_Supervisor]: ---- Supervisor: Connect to Module_Scanning&Interface Successfully----
1732201683.7976964 [module_supervisor-1] [INFO] [1732201683.796765876] [Module_Supervisor]: ---- Supervisor: Connect to Module_Input.node Successfully----
1732201683.8052831 [module_supervisor-1] [INFO] [1732201683.803021786] [Module_Supervisor]: ---- Supervisor: Connect to Module_Weigh Successfully----
1732201683.8150189 [node_io_servo-4] [INFO] [1732201683.807299928] [node_io_servo]: ---- Server Server Module_Input.node_io_servo: TBDT PIN: 1. QA PIN: 1.  Diff PIN: 1----
1732201683.8193257 [module_supervisor-1] [INFO] [1732201683.812160963] [Module_Supervisor]: ---- Supervisor: Connect to Module_Motor.node_dc_motor Successfully----
1732201683.8239193 [module_supervisor-1] [INFO] [1732201683.820217813] [Module_Supervisor]: ---- Supervisor: Connect to Module_Input.node_io_servo Successfully----
1732201683.8303185 [module_supervisor-1] [INFO] [1732201683.827304167] [Module_Supervisor]: ---- Supervisor: Connect to Module_Send_Email Successfully----
1732201684.0501828 [node_io_weigh-6] [INFO] [1732201684.049226037] [node_io_weigh]: ---- Server Server Module_Input.node_io_weigh: Enable PIN: 1. Disable PIN: 1 ----
1732201684.3529851 [module_scanning_interface-2] [INFO] [1732201684.351848104] [module_scanning_interface]: Data Collect: [['NK_S1', 'Quan ao']]
1732201684.3604333 [node_io_servo-4] [INFO] [1732201684.357999499] [node_io_servo]: ---- Server Server Module_Input.node_io_servo: TBDT PIN: 1. QA PIN: 1.  Diff PIN: 1----
1732201684.3979197 [node_io_weigh-6] [INFO] [1732201684.397081650] [node_io_weigh]: ---- Server Server Module_Input.node_io_weigh: Enable PIN: 1. Disable PIN: 1 ----
1732201684.4788537 [module_scanning_interface-2] [INFO] [1732201684.477841410] [module_scanning_interface]: Data Collect: [['NK_S1', 'Quan ao']]
1732201684.5868988 [module_scanning_interface-2] [INFO] [1732201684.585883630] [module_scanning_interface]: Data Collect: [['NK_S1', 'Quan ao']]
1732201684.6829648 [module_scanning_interface-2] [INFO] [1732201684.681943165] [module_scanning_interface]: Data Collect: [['NK_S1', 'Quan ao']]
1732201684.7480576 [node_io_weigh-6] [INFO] [1732201684.747241172] [node_io_weigh]: ---- Server Server Module_Input.node_io_weigh: Enable PIN: 1. Disable PIN: 1 ----
1732201684.7871902 [module_scanning_interface-2] [INFO] [1732201684.786138105] [module_scanning_interface]: Data Collect: [['NK_S1', 'Quan ao']]
1732201684.8826363 [module_scanning_interface-2] [INFO] [1732201684.881536785] [module_scanning_interface]: Data Collect: [['NK_S1', 'Quan ao']]
1732201684.9075584 [node_io_servo-4] [INFO] [1732201684.906685221] [node_io_servo]: ---- Server Server Module_Input.node_io_servo: TBDT PIN: 1. QA PIN: 1.  Diff PIN: 1----
1732201684.9962389 [module_scanning_interface-2] [INFO] [1732201684.995251522] [module_scanning_interface]: Data Collect: [['NK_S1', 'Quan ao']]
1732201685.0988383 [node_io_weigh-6] [INFO] [1732201685.097902651] [node_io_weigh]: ---- Server Server Module_Input.node_io_weigh: Enable PIN: 1. Disable PIN: 1 ----
1732201685.1023943 [module_scanning_interface-2] [INFO] [1732201685.101476310] [module_scanning_interface]: Data Collect: [['NK_S1', 'Quan ao']]
1732201685.4504163 [node_io_weigh-6] [INFO] [1732201685.449526346] [node_io_weigh]: ---- Server Server Module_Input.node_io_weigh: Enable PIN: 1. Disable PIN: 1 ----
1732201685.4583530 [node_io_servo-4] [INFO] [1732201685.457076838] [node_io_servo]: ---- Server Server Module_Input.node_io_servo: TBDT PIN: 1. QA PIN: 1.  Diff PIN: 1----
1732201685.7989607 [module_supervisor-1] [INFO] [1732201685.796718031] [Module_Supervisor]: ---- Supervisor: Connect to Module_Scanning&Interface Successfully----
1732201685.8049660 [node_io_weigh-6] [INFO] [1732201685.800804270] [node_io_weigh]: ---- Server Server Module_Input.node_io_weigh: Enable PIN: 1. Disable PIN: 1 ----
1732201685.8072376 [module_supervisor-1] [INFO] [1732201685.806207164] [Module_Supervisor]: ---- Supervisor: Connect to Module_Input.node Successfully----
1732201685.8122768 [module_supervisor-1] [INFO] [1732201685.811412285] [Module_Supervisor]: ---- Supervisor: Connect to Module_Weigh Successfully----
1732201685.8162930 [module_supervisor-1] [INFO] [1732201685.815213252] [Module_Supervisor]: ---- Supervisor: Connect to Module_Motor.node_dc_motor Successfully----
1732201685.8208239 [module_supervisor-1] [INFO] [1732201685.819880885] [Module_Supervisor]: ---- Supervisor: Connect to Module_Input.node_io_servo Successfully----
1732201685.8263762 [module_supervisor-1] [INFO] [1732201685.823956958] [Module_Supervisor]: ---- Supervisor: Connect to Module_Send_Email Successfully----
1732201686.0080824 [node_io_servo-4] [INFO] [1732201686.007134376] [node_io_servo]: ---- Server Server Module_Input.node_io_servo: TBDT PIN: 1. QA PIN: 1.  Diff PIN: 1----
1732201686.1503384 [node_io_weigh-6] [INFO] [1732201686.149241288] [node_io_weigh]: ---- Server Server Module_Input.node_io_weigh: Enable PIN: 1. Disable PIN: 1 ----
1732201686.4990375 [node_io_weigh-6] [INFO] [1732201686.497974995] [node_io_weigh]: ---- Server Server Module_Input.node_io_weigh: Enable PIN: 1. Disable PIN: 1 ----
1732201686.5629771 [node_io_servo-4] [INFO] [1732201686.560779530] [node_io_servo]: ---- Server Server Module_Input.node_io_servo: TBDT PIN: 1. QA PIN: 1.  Diff PIN: 1----
1732201686.8501191 [node_io_weigh-6] [INFO] [1732201686.848574030] [node_io_weigh]: ---- Server Server Module_Input.node_io_weigh: Enable PIN: 1. Disable PIN: 1 ----
1732201687.1067479 [node_io_servo-4] [INFO] [1732201687.105799963] [node_io_servo]: ---- Server Server Module_Input.node_io_servo: TBDT PIN: 1. QA PIN: 1.  Diff PIN: 1----
1732201687.2009912 [node_io_weigh-6] [INFO] [1732201687.199614252] [node_io_weigh]: ---- Server Server Module_Input.node_io_weigh: Enable PIN: 1. Disable PIN: 1 ----
1732201687.5490086 [node_io_weigh-6] [INFO] [1732201687.547962655] [node_io_weigh]: ---- Server Server Module_Input.node_io_weigh: Enable PIN: 1. Disable PIN: 1 ----
1732201687.6572855 [node_io_servo-4] [INFO] [1732201687.656512587] [node_io_servo]: ---- Server Server Module_Input.node_io_servo: TBDT PIN: 1. QA PIN: 1.  Diff PIN: 1----
1732201687.7947526 [module_supervisor-1] [INFO] [1732201687.793830358] [Module_Supervisor]: ---- Supervisor: Connect to Module_Scanning&Interface Successfully----
1732201687.8006992 [module_supervisor-1] [INFO] [1732201687.796934953] [Module_Supervisor]: ---- Supervisor: Connect to Module_Input.node Successfully----
1732201687.8026307 [module_supervisor-1] [INFO] [1732201687.800253470] [Module_Supervisor]: ---- Supervisor: Connect to Module_Weigh Successfully----
1732201687.8071153 [module_supervisor-1] [INFO] [1732201687.804153010] [Module_Supervisor]: ---- Supervisor: Connect to Module_Motor.node_dc_motor Successfully----
1732201687.8158069 [module_supervisor-1] [INFO] [1732201687.814296258] [Module_Supervisor]: ---- Supervisor: Connect to Module_Input.node_io_servo Successfully----
1732201687.8210013 [module_supervisor-1] [INFO] [1732201687.819962850] [Module_Supervisor]: ---- Supervisor: Connect to Module_Send_Email Successfully----
1732201687.9017785 [node_io_weigh-6] [INFO] [1732201687.900266227] [node_io_weigh]: ---- Server Server Module_Input.node_io_weigh: Enable PIN: 1. Disable PIN: 1 ----
1732201688.2069082 [node_io_servo-4] [INFO] [1732201688.205886550] [node_io_servo]: ---- Server Server Module_Input.node_io_servo: TBDT PIN: 1. QA PIN: 1.  Diff PIN: 1----
1732201688.2501204 [node_io_weigh-6] [INFO] [1732201688.249223946] [node_io_weigh]: ---- Server Server Module_Input.node_io_weigh: Enable PIN: 1. Disable PIN: 1 ----
1732201688.6002798 [node_io_weigh-6] [INFO] [1732201688.599296886] [node_io_weigh]: ---- Server Server Module_Input.node_io_weigh: Enable PIN: 1. Disable PIN: 1 ----
1732201688.7581959 [node_io_servo-4] [INFO] [1732201688.757289784] [node_io_servo]: ---- Server Server Module_Input.node_io_servo: TBDT PIN: 1. QA PIN: 1.  Diff PIN: 1----
1732201688.9499137 [node_io_weigh-6] [INFO] [1732201688.948810005] [node_io_weigh]: ---- Server Server Module_Input.node_io_weigh: Enable PIN: 0. Disable PIN: 1 ----
1732201688.9541543 [module_weigh-7] [INFO] [1732201688.953336254] [module_weigh]: ---- Server Module Weigh Receive Message: True ----
1732201689.2985666 [node_io_weigh-6] [INFO] [1732201689.297666083] [node_io_weigh]: ---- Server Server Module_Input.node_io_weigh: Enable PIN: 1. Disable PIN: 0 ----
1732201689.3021753 [module_weigh-7] [INFO] [1732201689.301339555] [module_weigh]: ---- Server Module Weigh Receive Message: False ----
1732201689.3076320 [node_io_servo-4] [INFO] [1732201689.306659896] [node_io_servo]: ---- Server Server Module_Input.node_io_servo: TBDT PIN: 1. QA PIN: 1.  Diff PIN: 1----
1732201689.3349843 [module_weigh-7] [INFO] [1732201689.332647487] [module_weigh]: --- Server Module_Weigh Max: 81.97
1732201689.3408101 [module_scanning_interface-2] [INFO] [1732201689.339838138] [module_scanning_interface]: Data Collect: [['NK_S1', 'Quan ao', 81.97000122070312]]
1732201689.6550300 [node_io_weigh-6] [INFO] [1732201689.652639913] [node_io_weigh]: ---- Server Server Module_Input.node_io_weigh: Enable PIN: 1. Disable PIN: 1 ----
1732201689.8015883 [module_supervisor-1] [INFO] [1732201689.799312356] [Module_Supervisor]: ---- Supervisor: Connect to Module_Scanning&Interface Successfully----
1732201689.8224342 [module_supervisor-1] [INFO] [1732201689.814605266] [Module_Supervisor]: ---- Supervisor: Connect to Module_Input.node Successfully----
1732201689.8344126 [module_supervisor-1] [INFO] [1732201689.831100426] [Module_Supervisor]: ---- Supervisor: Connect to Module_Weigh Successfully----
1732201689.8455160 [module_supervisor-1] [INFO] [1732201689.842727197] [Module_Supervisor]: ---- Supervisor: Connect to Module_Motor.node_dc_motor Successfully----
1732201689.8581784 [module_supervisor-1] [INFO] [1732201689.856275295] [Module_Supervisor]: ---- Supervisor: Connect to Module_Input.node_io_servo Successfully----
1732201689.8695443 [node_io_servo-4] [INFO] [1732201689.863394706] [node_io_servo]: ---- Server Server Module_Input.node_io_servo: TBDT PIN: 1. QA PIN: 1.  Diff PIN: 1----
1732201689.8708305 [module_supervisor-1] [INFO] [1732201689.867486835] [Module_Supervisor]: ---- Supervisor: Connect to Module_Send_Email Successfully----
1732201690.0020874 [node_io_weigh-6] [INFO] [1732201690.000227338] [node_io_weigh]: ---- Server Server Module_Input.node_io_weigh: Enable PIN: 1. Disable PIN: 1 ----
1732201690.3486400 [node_io_weigh-6] [INFO] [1732201690.347770098] [node_io_weigh]: ---- Server Server Module_Input.node_io_weigh: Enable PIN: 1. Disable PIN: 1 ----
1732201690.4069681 [node_io_servo-4] [INFO] [1732201690.406121046] [node_io_servo]: ---- Server Server Module_Input.node_io_servo: TBDT PIN: 1. QA PIN: 1.  Diff PIN: 1----
1732201690.6988239 [node_io_weigh-6] [INFO] [1732201690.697980280] [node_io_weigh]: ---- Server Server Module_Input.node_io_weigh: Enable PIN: 1. Disable PIN: 1 ----
1732201690.9570489 [node_io_servo-4] [INFO] [1732201690.956202262] [node_io_servo]: ---- Server Server Module_Input.node_io_servo: TBDT PIN: 1. QA PIN: 1.  Diff PIN: 1----
1732201691.0483668 [node_io_weigh-6] [INFO] [1732201691.047551127] [node_io_weigh]: ---- Server Server Module_Input.node_io_weigh: Enable PIN: 1. Disable PIN: 1 ----
1732201691.4000998 [node_io_weigh-6] [INFO] [1732201691.398950227] [node_io_weigh]: ---- Server Server Module_Input.node_io_weigh: Enable PIN: 1. Disable PIN: 1 ----
1732201691.5078330 [node_io_servo-4] [INFO] [1732201691.506643778] [node_io_servo]: ---- Server Server Module_Input.node_io_servo: TBDT PIN: 0. QA PIN: 1.  Diff PIN: 1----
1732201691.5236511 [module_scanning_interface-2] [INFO] [1732201691.522628211] [module_scanning_interface]: ---- Module_Scanning_Interface: Type Product: Quan ao
1732201691.5287223 [node_dc_servo-3] [INFO] [1732201691.527883239] [node_servo_motor]: ---- Node_DC_Servo: Rotate Servo TBDT AVD ----
1732201691.7497127 [node_io_weigh-6] [INFO] [1732201691.747789664] [node_io_weigh]: ---- Server Server Module_Input.node_io_weigh: Enable PIN: 1. Disable PIN: 1 ----
1732201691.7988141 [module_supervisor-1] [INFO] [1732201691.796970008] [Module_Supervisor]: ---- Supervisor: Connect to Module_Scanning&Interface Successfully----
1732201691.8031976 [module_supervisor-1] [INFO] [1732201691.800849624] [Module_Supervisor]: ---- Supervisor: Connect to Module_Input.node Successfully----
1732201691.8111250 [module_supervisor-1] [INFO] [1732201691.808803980] [Module_Supervisor]: ---- Supervisor: Connect to Module_Weigh Successfully----
1732201691.8179007 [module_supervisor-1] [INFO] [1732201691.814039361] [Module_Supervisor]: ---- Supervisor: Connect to Module_Motor.node_dc_motor Successfully----
1732201691.8221326 [module_supervisor-1] [INFO] [1732201691.821136903] [Module_Supervisor]: ---- Supervisor: Connect to Module_Input.node_io_servo Successfully----
1732201691.8301027 [module_supervisor-1] [INFO] [1732201691.827244338] [Module_Supervisor]: ---- Supervisor: Connect to Module_Send_Email Successfully----
1732201692.0570400 [node_io_servo-4] [INFO] [1732201692.056227134] [node_io_servo]: ---- Server Server Module_Input.node_io_servo: TBDT PIN: 1. QA PIN: 1.  Diff PIN: 1----
1732201692.1018276 [node_io_weigh-6] [INFO] [1732201692.098772706] [node_io_weigh]: ---- Server Server Module_Input.node_io_weigh: Enable PIN: 1. Disable PIN: 1 ----
1732201692.4499874 [node_io_weigh-6] [INFO] [1732201692.448433255] [node_io_weigh]: ---- Server Server Module_Input.node_io_weigh: Enable PIN: 1. Disable PIN: 1 ----
1732201692.6070595 [node_io_servo-4] [INFO] [1732201692.606195899] [node_io_servo]: ---- Server Server Module_Input.node_io_servo: TBDT PIN: 1. QA PIN: 1.  Diff PIN: 1----
1732201692.7986121 [node_io_weigh-6] [INFO] [1732201692.797609279] [node_io_weigh]: ---- Server Server Module_Input.node_io_weigh: Enable PIN: 1. Disable PIN: 1 ----
1732201693.1487098 [node_io_weigh-6] [INFO] [1732201693.147538830] [node_io_weigh]: ---- Server Server Module_Input.node_io_weigh: Enable PIN: 1. Disable PIN: 1 ----
1732201693.1619830 [node_io_servo-4] [INFO] [1732201693.158410288] [node_io_servo]: ---- Server Server Module_Input.node_io_servo: TBDT PIN: 1. QA PIN: 1.  Diff PIN: 1----
1732201693.4985161 [node_io_weigh-6] [INFO] [1732201693.497700537] [node_io_weigh]: ---- Server Server Module_Input.node_io_weigh: Enable PIN: 1. Disable PIN: 1 ----
1732201693.7066624 [node_io_servo-4] [INFO] [1732201693.705826679] [node_io_servo]: ---- Server Server Module_Input.node_io_servo: TBDT PIN: 1. QA PIN: 1.  Diff PIN: 1----
1732201693.7973676 [module_supervisor-1] [INFO] [1732201693.794717205] [Module_Supervisor]: ---- Supervisor: Connect to Module_Scanning&Interface Successfully----
1732201693.8036058 [module_supervisor-1] [INFO] [1732201693.802013559] [Module_Supervisor]: ---- Supervisor: Connect to Module_Input.node Successfully----
1732201693.8084874 [module_supervisor-1] [INFO] [1732201693.807140850] [Module_Supervisor]: ---- Supervisor: Connect to Module_Weigh Successfully----
1732201693.8156617 [module_supervisor-1] [INFO] [1732201693.812751334] [Module_Supervisor]: ---- Supervisor: Connect to Module_Motor.node_dc_motor Successfully----
1732201693.8242512 [module_supervisor-1] [INFO] [1732201693.820236350] [Module_Supervisor]: ---- Supervisor: Connect to Module_Input.node_io_servo Successfully----
1732201693.8304274 [module_supervisor-1] [INFO] [1732201693.828212929] [Module_Supervisor]: ---- Supervisor: Connect to Module_Send_Email Successfully----
1732201693.8518677 [node_io_weigh-6] [INFO] [1732201693.850268189] [node_io_weigh]: ---- Server Server Module_Input.node_io_weigh: Enable PIN: 1. Disable PIN: 1 ----
1732201694.1987824 [node_io_weigh-6] [INFO] [1732201694.197973833] [node_io_weigh]: ---- Server Server Module_Input.node_io_weigh: Enable PIN: 1. Disable PIN: 1 ----
1732201694.2580588 [node_io_servo-4] [INFO] [1732201694.257261513] [node_io_servo]: ---- Server Server Module_Input.node_io_servo: TBDT PIN: 1. QA PIN: 1.  Diff PIN: 1----
1732201694.5487845 [node_io_weigh-6] [INFO] [1732201694.547972674] [node_io_weigh]: ---- Server Server Module_Input.node_io_weigh: Enable PIN: 1. Disable PIN: 1 ----
1732201694.8066802 [node_io_servo-4] [INFO] [1732201694.805828021] [node_io_servo]: ---- Server Server Module_Input.node_io_servo: TBDT PIN: 1. QA PIN: 1.  Diff PIN: 1----
1732201694.8993893 [node_io_weigh-6] [INFO] [1732201694.898595891] [node_io_weigh]: ---- Server Server Module_Input.node_io_weigh: Enable PIN: 1. Disable PIN: 1 ----
1732201695.2506919 [node_io_weigh-6] [INFO] [1732201695.249707222] [node_io_weigh]: ---- Server Server Module_Input.node_io_weigh: Enable PIN: 1. Disable PIN: 1 ----
1732201695.3584089 [node_io_servo-4] [INFO] [1732201695.357587812] [node_io_servo]: ---- Server Server Module_Input.node_io_servo: TBDT PIN: 1. QA PIN: 1.  Diff PIN: 1----
1732201695.5980010 [node_io_weigh-6] [INFO] [1732201695.597210325] [node_io_weigh]: ---- Server Server Module_Input.node_io_weigh: Enable PIN: 1. Disable PIN: 1 ----
1732201695.7946875 [module_supervisor-1] [INFO] [1732201695.793798529] [Module_Supervisor]: ---- Supervisor: Connect to Module_Scanning&Interface Successfully----
1732201695.7978027 [module_supervisor-1] [INFO] [1732201695.796757814] [Module_Supervisor]: ---- Supervisor: Connect to Module_Input.node Successfully----
1732201695.8015058 [module_supervisor-1] [INFO] [1732201695.800159441] [Module_Supervisor]: ---- Supervisor: Connect to Module_Weigh Successfully----
1732201695.8053920 [module_supervisor-1] [INFO] [1732201695.804361180] [Module_Supervisor]: ---- Supervisor: Connect to Module_Motor.node_dc_motor Successfully----
1732201695.8091965 [module_supervisor-1] [INFO] [1732201695.808334905] [Module_Supervisor]: ---- Supervisor: Connect to Module_Input.node_io_servo Successfully----
1732201695.8165369 [module_supervisor-1] [INFO] [1732201695.814186977] [Module_Supervisor]: ---- Supervisor: Connect to Module_Send_Email Successfully----
1732201695.9082372 [node_io_servo-4] [INFO] [1732201695.907158681] [node_io_servo]: ---- Server Server Module_Input.node_io_servo: TBDT PIN: 1. QA PIN: 1.  Diff PIN: 1----
1732201695.9497888 [node_io_weigh-6] [INFO] [1732201695.948898519] [node_io_weigh]: ---- Server Server Module_Input.node_io_weigh: Enable PIN: 1. Disable PIN: 1 ----
1732201696.2984138 [node_io_weigh-6] [INFO] [1732201696.297569687] [node_io_weigh]: ---- Server Server Module_Input.node_io_weigh: Enable PIN: 1. Disable PIN: 1 ----
1732201696.4584951 [node_io_servo-4] [INFO] [1732201696.457282712] [node_io_servo]: ---- Server Server Module_Input.node_io_servo: TBDT PIN: 1. QA PIN: 1.  Diff PIN: 1----
1732201696.6499243 [node_io_weigh-6] [INFO] [1732201696.649091887] [node_io_weigh]: ---- Server Server Module_Input.node_io_weigh: Enable PIN: 1. Disable PIN: 1 ----
1732201697.0003841 [node_io_weigh-6] [INFO] [1732201696.999397632] [node_io_weigh]: ---- Server Server Module_Input.node_io_weigh: Enable PIN: 1. Disable PIN: 1 ----
1732201697.0088007 [node_io_servo-4] [INFO] [1732201697.007402786] [node_io_servo]: ---- Server Server Module_Input.node_io_servo: TBDT PIN: 1. QA PIN: 1.  Diff PIN: 1----
1732201697.3501921 [node_io_weigh-6] [INFO] [1732201697.349217112] [node_io_weigh]: ---- Server Server Module_Input.node_io_weigh: Enable PIN: 1. Disable PIN: 1 ----
1732201697.5569844 [node_io_servo-4] [INFO] [1732201697.556046850] [node_io_servo]: ---- Server Server Module_Input.node_io_servo: TBDT PIN: 1. QA PIN: 1.  Diff PIN: 1----
1732201697.7003157 [node_io_weigh-6] [INFO] [1732201697.698300646] [node_io_weigh]: ---- Server Server Module_Input.node_io_weigh: Enable PIN: 1. Disable PIN: 1 ----
1732201697.7965207 [module_supervisor-1] [INFO] [1732201697.795518580] [Module_Supervisor]: ---- Supervisor: Connect to Module_Scanning&Interface Successfully----
1732201697.8020334 [module_supervisor-1] [INFO] [1732201697.799712578] [Module_Supervisor]: ---- Supervisor: Connect to Module_Input.node Successfully----
1732201697.8058491 [module_supervisor-1] [INFO] [1732201697.803584418] [Module_Supervisor]: ---- Supervisor: Connect to Module_Weigh Successfully----
1732201697.8113747 [module_supervisor-1] [INFO] [1732201697.810428801] [Module_Supervisor]: ---- Supervisor: Connect to Module_Motor.node_dc_motor Successfully----
1732201697.8175662 [module_supervisor-1] [INFO] [1732201697.816154266] [Module_Supervisor]: ---- Supervisor: Connect to Module_Input.node_io_servo Successfully----
1732201697.8225057 [module_supervisor-1] [INFO] [1732201697.821615921] [Module_Supervisor]: ---- Supervisor: Connect to Module_Send_Email Successfully----
1732201698.0491512 [node_io_weigh-6] [INFO] [1732201698.048214293] [node_io_weigh]: ---- Server Server Module_Input.node_io_weigh: Enable PIN: 1. Disable PIN: 1 ----
1732201698.1082201 [node_io_servo-4] [INFO] [1732201698.106926000] [node_io_servo]: ---- Server Server Module_Input.node_io_servo: TBDT PIN: 1. QA PIN: 1.  Diff PIN: 1----
1732201698.3990037 [node_io_weigh-6] [INFO] [1732201698.398025053] [node_io_weigh]: ---- Server Server Module_Input.node_io_weigh: Enable PIN: 1. Disable PIN: 1 ----
1732201698.6594322 [node_io_servo-4] [INFO] [1732201698.658609695] [node_io_servo]: ---- Server Server Module_Input.node_io_servo: TBDT PIN: 1. QA PIN: 1.  Diff PIN: 1----
1732201698.7505405 [node_io_weigh-6] [INFO] [1732201698.749525868] [node_io_weigh]: ---- Server Server Module_Input.node_io_weigh: Enable PIN: 1. Disable PIN: 1 ----
1732201699.1002760 [node_io_weigh-6] [INFO] [1732201699.099228247] [node_io_weigh]: ---- Server Server Module_Input.node_io_weigh: Enable PIN: 1. Disable PIN: 1 ----
1732201699.2077003 [node_io_servo-4] [INFO] [1732201699.206598743] [node_io_servo]: ---- Server Server Module_Input.node_io_servo: TBDT PIN: 1. QA PIN: 1.  Diff PIN: 1----
1732201699.4496822 [node_io_weigh-6] [INFO] [1732201699.448838272] [node_io_weigh]: ---- Server Server Module_Input.node_io_weigh: Enable PIN: 1. Disable PIN: 0 ----
1732201699.7587469 [node_io_servo-4] [INFO] [1732201699.756880501] [node_io_servo]: ---- Server Server Module_Input.node_io_servo: TBDT PIN: 1. QA PIN: 1.  Diff PIN: 1----
1732201699.7968774 [module_supervisor-1] [INFO] [1732201699.795758597] [Module_Supervisor]: ---- Supervisor: Connect to Module_Scanning&Interface Successfully----
1732201699.8055804 [module_supervisor-1] [INFO] [1732201699.798784585] [Module_Supervisor]: ---- Supervisor: Connect to Module_Input.node Successfully----
1732201699.8060136 [module_supervisor-1] [INFO] [1732201699.802112882] [Module_Supervisor]: ---- Supervisor: Connect to Module_Weigh Successfully----
1732201699.8073702 [node_io_weigh-6] [INFO] [1732201699.798057157] [node_io_weigh]: ---- Server Server Module_Input.node_io_weigh: Enable PIN: 1. Disable PIN: 1 ----
1732201699.8085012 [module_supervisor-1] [INFO] [1732201699.805933259] [Module_Supervisor]: ---- Supervisor: Connect to Module_Motor.node_dc_motor Successfully----
1732201699.8101735 [module_supervisor-1] [INFO] [1732201699.809366961] [Module_Supervisor]: ---- Supervisor: Connect to Module_Input.node_io_servo Successfully----
1732201699.8171105 [module_supervisor-1] [INFO] [1732201699.813128710] [Module_Supervisor]: ---- Supervisor: Connect to Module_Send_Email Successfully----
1732201700.1510980 [node_io_weigh-6] [INFO] [1732201700.148745907] [node_io_weigh]: ---- Server Server Module_Input.node_io_weigh: Enable PIN: 1. Disable PIN: 1 ----
1732201700.3067658 [node_io_servo-4] [INFO] [1732201700.305882545] [node_io_servo]: ---- Server Server Module_Input.node_io_servo: TBDT PIN: 1. QA PIN: 1.  Diff PIN: 1----
1732201700.4988518 [node_io_weigh-6] [INFO] [1732201700.498056329] [node_io_weigh]: ---- Server Server Module_Input.node_io_weigh: Enable PIN: 1. Disable PIN: 1 ----
1732201700.8484104 [node_io_weigh-6] [INFO] [1732201700.847518544] [node_io_weigh]: ---- Server Server Module_Input.node_io_weigh: Enable PIN: 1. Disable PIN: 1 ----
1732201700.8599668 [node_io_servo-4] [INFO] [1732201700.858752110] [node_io_servo]: ---- Server Server Module_Input.node_io_servo: TBDT PIN: 1. QA PIN: 1.  Diff PIN: 1----
1732201701.1998391 [node_io_weigh-6] [INFO] [1732201701.198767249] [node_io_weigh]: ---- Server Server Module_Input.node_io_weigh: Enable PIN: 1. Disable PIN: 1 ----
1732201701.4069905 [node_io_servo-4] [INFO] [1732201701.406138486] [node_io_servo]: ---- Server Server Module_Input.node_io_servo: TBDT PIN: 1. QA PIN: 1.  Diff PIN: 1----
1732201701.5497408 [node_io_weigh-6] [INFO] [1732201701.548903321] [node_io_weigh]: ---- Server Server Module_Input.node_io_weigh: Enable PIN: 1. Disable PIN: 1 ----
1732201701.7950697 [module_supervisor-1] [INFO] [1732201701.794175440] [Module_Supervisor]: ---- Supervisor: Connect to Module_Scanning&Interface Successfully----
1732201701.7982161 [module_supervisor-1] [INFO] [1732201701.797285927] [Module_Supervisor]: ---- Supervisor: Connect to Module_Input.node Successfully----
1732201701.8023827 [module_supervisor-1] [INFO] [1732201701.800907920] [Module_Supervisor]: ---- Supervisor: Connect to Module_Weigh Successfully----
1732201701.8106885 [module_supervisor-1] [INFO] [1732201701.808249498] [Module_Supervisor]: ---- Supervisor: Connect to Module_Motor.node_dc_motor Successfully----
1732201701.8153803 [module_supervisor-1] [INFO] [1732201701.814358659] [Module_Supervisor]: ---- Supervisor: Connect to Module_Input.node_io_servo Successfully----
1732201701.8205953 [module_supervisor-1] [INFO] [1732201701.818803431] [Module_Supervisor]: ---- Supervisor: Connect to Module_Send_Email Successfully----
1732201701.9032617 [node_io_weigh-6] [INFO] [1732201701.901432081] [node_io_weigh]: ---- Server Server Module_Input.node_io_weigh: Enable PIN: 1. Disable PIN: 1 ----
1732201701.9586048 [node_io_servo-4] [INFO] [1732201701.957525189] [node_io_servo]: ---- Server Server Module_Input.node_io_servo: TBDT PIN: 0. QA PIN: 1.  Diff PIN: 1----
1732201701.9740686 [module_scanning_interface-2] [INFO] [1732201701.969511813] [module_scanning_interface]: ---- Module_Scanning_Interface: Type Product: Quan ao
1732201701.9803810 [node_dc_servo-3] [INFO] [1732201701.979540331] [node_servo_motor]: ---- Node_DC_Servo: Rotate Servo TBDT AVD ----
1732201702.2483795 [node_io_weigh-6] [INFO] [1732201702.247427092] [node_io_weigh]: ---- Server Server Module_Input.node_io_weigh: Enable PIN: 1. Disable PIN: 1 ----
1732201702.5067587 [node_io_servo-4] [INFO] [1732201702.505876600] [node_io_servo]: ---- Server Server Module_Input.node_io_servo: TBDT PIN: 1. QA PIN: 1.  Diff PIN: 1----
1732201702.6000738 [node_io_weigh-6] [INFO] [1732201702.598957579] [node_io_weigh]: ---- Server Server Module_Input.node_io_weigh: Enable PIN: 1. Disable PIN: 1 ----
1732201702.9481323 [node_io_weigh-6] [INFO] [1732201702.947372542] [node_io_weigh]: ---- Server Server Module_Input.node_io_weigh: Enable PIN: 1. Disable PIN: 1 ----
1732201703.0586383 [node_io_servo-4] [INFO] [1732201703.057090416] [node_io_servo]: ---- Server Server Module_Input.node_io_servo: TBDT PIN: 1. QA PIN: 0.  Diff PIN: 1----
1732201703.0658879 [module_scanning_interface-2] [INFO] [1732201703.063968153] [module_scanning_interface]: ---- Module_Scanning_Interface: Type Product: Quan ao
1732201703.0704098 [module_scanning_interface-2] [INFO] [1732201703.069344108] [module_scanning_interface]: ---- Module_Scanning_Interface: Total Data Before Popping: [['NK_S1', 'Quan ao', 81.97000122070312]]
1732201703.0836947 [module_scanning_interface-2] [INFO] [1732201703.082689814] [module_scanning_interface]: ---- Module_Scanning_Interface: Remain Data if QA was detected: []
1732201703.0874629 [node_dc_servo-3] [INFO] [1732201703.086600061] [node_servo_motor]: ---- Node_DC_Servo: Rotate Servo QA DSG ----
1732201703.2985625 [node_io_weigh-6] [INFO] [1732201703.297745960] [node_io_weigh]: ---- Server Server Module_Input.node_io_weigh: Enable PIN: 1. Disable PIN: 1 ----
1732201703.6081009 [node_io_servo-4] [INFO] [1732201703.606779034] [node_io_servo]: ---- Server Server Module_Input.node_io_servo: TBDT PIN: 1. QA PIN: 1.  Diff PIN: 1----
1732201703.6494782 [node_io_weigh-6] [INFO] [1732201703.648699832] [node_io_weigh]: ---- Server Server Module_Input.node_io_weigh: Enable PIN: 1. Disable PIN: 1 ----
1732201703.7949214 [module_supervisor-1] [INFO] [1732201703.794015071] [Module_Supervisor]: ---- Supervisor: Connect to Module_Scanning&Interface Successfully----
1732201703.8033121 [module_supervisor-1] [INFO] [1732201703.800399579] [Module_Supervisor]: ---- Supervisor: Connect to Module_Input.node Successfully----
1732201703.8081498 [module_supervisor-1] [INFO] [1732201703.806350707] [Module_Supervisor]: ---- Supervisor: Connect to Module_Weigh Successfully----
1732201703.8219917 [module_supervisor-1] [INFO] [1732201703.820224456] [Module_Supervisor]: ---- Supervisor: Connect to Module_Motor.node_dc_motor Successfully----
1732201703.8288682 [module_supervisor-1] [INFO] [1732201703.825077201] [Module_Supervisor]: ---- Supervisor: Connect to Module_Input.node_io_servo Successfully----
1732201703.8309197 [module_supervisor-1] [INFO] [1732201703.829101705] [Module_Supervisor]: ---- Supervisor: Connect to Module_Send_Email Successfully----
1732201703.9994118 [node_io_weigh-6] [INFO] [1732201703.998034146] [node_io_weigh]: ---- Server Server Module_Input.node_io_weigh: Enable PIN: 1. Disable PIN: 1 ----
1732201704.1588693 [node_io_servo-4] [INFO] [1732201704.157922629] [node_io_servo]: ---- Server Server Module_Input.node_io_servo: TBDT PIN: 1. QA PIN: 1.  Diff PIN: 1----
1732201704.3485172 [node_io_weigh-6] [INFO] [1732201704.347297834] [node_io_weigh]: ---- Server Server Module_Input.node_io_weigh: Enable PIN: 1. Disable PIN: 1 ----
1732201704.6984286 [node_io_weigh-6] [INFO] [1732201704.697263451] [node_io_weigh]: ---- Server Server Module_Input.node_io_weigh: Enable PIN: 1. Disable PIN: 1 ----
1732201704.7079458 [node_io_servo-4] [INFO] [1732201704.706531988] [node_io_servo]: ---- Server Server Module_Input.node_io_servo: TBDT PIN: 1. QA PIN: 1.  Diff PIN: 1----
1732201705.0485647 [node_io_weigh-6] [INFO] [1732201705.047724578] [node_io_weigh]: ---- Server Server Module_Input.node_io_weigh: Enable PIN: 1. Disable PIN: 1 ----
1732201705.2566297 [node_io_servo-4] [INFO] [1732201705.255745773] [node_io_servo]: ---- Server Server Module_Input.node_io_servo: TBDT PIN: 1. QA PIN: 1.  Diff PIN: 1----
1732201705.3982031 [node_io_weigh-6] [INFO] [1732201705.397380832] [node_io_weigh]: ---- Server Server Module_Input.node_io_weigh: Enable PIN: 1. Disable PIN: 1 ----
1732201705.7489398 [node_io_weigh-6] [INFO] [1732201705.747393598] [node_io_weigh]: ---- Server Server Module_Input.node_io_weigh: Enable PIN: 1. Disable PIN: 1 ----
1732201705.7952886 [module_supervisor-1] [INFO] [1732201705.794246144] [Module_Supervisor]: ---- Supervisor: Connect to Module_Scanning&Interface Successfully----
1732201705.7981875 [module_supervisor-1] [INFO] [1732201705.797261911] [Module_Supervisor]: ---- Supervisor: Connect to Module_Input.node Successfully----
1732201705.8027875 [module_supervisor-1] [INFO] [1732201705.801770201] [Module_Supervisor]: ---- Supervisor: Connect to Module_Weigh Successfully----
1732201705.8076398 [module_supervisor-1] [INFO] [1732201705.805420250] [Module_Supervisor]: ---- Supervisor: Connect to Module_Motor.node_dc_motor Successfully----
1732201705.8091538 [node_io_servo-4] [INFO] [1732201705.808260947] [node_io_servo]: ---- Server Server Module_Input.node_io_servo: TBDT PIN: 1. QA PIN: 1.  Diff PIN: 1----
1732201705.8176050 [module_supervisor-1] [INFO] [1732201705.812371042] [Module_Supervisor]: ---- Supervisor: Connect to Module_Input.node_io_servo Successfully----
1732201705.8265154 [module_supervisor-1] [INFO] [1732201705.825519050] [Module_Supervisor]: ---- Supervisor: Connect to Module_Send_Email Successfully----
1732201706.0979993 [node_io_weigh-6] [INFO] [1732201706.097114190] [node_io_weigh]: ---- Server Server Module_Input.node_io_weigh: Enable PIN: 1. Disable PIN: 1 ----
1732201706.3576622 [node_io_servo-4] [INFO] [1732201706.356624437] [node_io_servo]: ---- Server Server Module_Input.node_io_servo: TBDT PIN: 1. QA PIN: 0.  Diff PIN: 1----
1732201706.4480805 [node_io_weigh-6] [INFO] [1732201706.447329600] [node_io_weigh]: ---- Server Server Module_Input.node_io_weigh: Enable PIN: 1. Disable PIN: 1 ----
1732201706.7981658 [node_io_weigh-6] [INFO] [1732201706.797304960] [node_io_weigh]: ---- Server Server Module_Input.node_io_weigh: Enable PIN: 1. Disable PIN: 1 ----
1732201706.9079866 [node_io_servo-4] [INFO] [1732201706.906950320] [node_io_servo]: ---- Server Server Module_Input.node_io_servo: TBDT PIN: 1. QA PIN: 1.  Diff PIN: 1----
1732201707.1479604 [node_io_weigh-6] [INFO] [1732201707.147156886] [node_io_weigh]: ---- Server Server Module_Input.node_io_weigh: Enable PIN: 1. Disable PIN: 1 ----
1732201707.4592931 [node_io_servo-4] [INFO] [1732201707.458487406] [node_io_servo]: ---- Server Server Module_Input.node_io_servo: TBDT PIN: 1. QA PIN: 1.  Diff PIN: 1----
1732201707.5001936 [node_io_weigh-6] [INFO] [1732201707.499308515] [node_io_weigh]: ---- Server Server Module_Input.node_io_weigh: Enable PIN: 1. Disable PIN: 1 ----
1732201707.7953093 [module_supervisor-1] [INFO] [1732201707.794319668] [Module_Supervisor]: ---- Supervisor: Connect to Module_Scanning&Interface Successfully----
1732201707.8002639 [module_supervisor-1] [INFO] [1732201707.797274307] [Module_Supervisor]: ---- Supervisor: Connect to Module_Input.node Successfully----
1732201707.8038080 [module_supervisor-1] [INFO] [1732201707.802926054] [Module_Supervisor]: ---- Supervisor: Connect to Module_Weigh Successfully----
1732201707.8068144 [module_supervisor-1] [INFO] [1732201707.806053208] [Module_Supervisor]: ---- Supervisor: Connect to Module_Motor.node_dc_motor Successfully----
1732201707.8132610 [module_supervisor-1] [INFO] [1732201707.810163489] [Module_Supervisor]: ---- Supervisor: Connect to Module_Input.node_io_servo Successfully----
1732201707.8182521 [module_supervisor-1] [INFO] [1732201707.817025080] [Module_Supervisor]: ---- Supervisor: Connect to Module_Send_Email Successfully----
1732201707.8502212 [node_io_weigh-6] [INFO] [1732201707.849376744] [node_io_weigh]: ---- Server Server Module_Input.node_io_weigh: Enable PIN: 1. Disable PIN: 1 ----
1732201708.0082107 [node_io_servo-4] [INFO] [1732201708.007337723] [node_io_servo]: ---- Server Server Module_Input.node_io_servo: TBDT PIN: 1. QA PIN: 1.  Diff PIN: 1----
1732201708.1989560 [node_io_weigh-6] [INFO] [1732201708.198127495] [node_io_weigh]: ---- Server Server Module_Input.node_io_weigh: Enable PIN: 1. Disable PIN: 1 ----
1732201708.5495982 [node_io_weigh-6] [INFO] [1732201708.548476664] [node_io_weigh]: ---- Server Server Module_Input.node_io_weigh: Enable PIN: 1. Disable PIN: 1 ----
1732201708.5580025 [node_io_servo-4] [INFO] [1732201708.556838500] [node_io_servo]: ---- Server Server Module_Input.node_io_servo: TBDT PIN: 1. QA PIN: 1.  Diff PIN: 1----
1732201708.9002731 [node_io_weigh-6] [INFO] [1732201708.899273027] [node_io_weigh]: ---- Server Server Module_Input.node_io_weigh: Enable PIN: 1. Disable PIN: 1 ----
1732201709.1079159 [node_io_servo-4] [INFO] [1732201709.107003603] [node_io_servo]: ---- Server Server Module_Input.node_io_servo: TBDT PIN: 1. QA PIN: 1.  Diff PIN: 1----
1732201709.2491949 [node_io_weigh-6] [INFO] [1732201709.248288795] [node_io_weigh]: ---- Server Server Module_Input.node_io_weigh: Enable PIN: 1. Disable PIN: 1 ----
1732201709.6006587 [node_io_weigh-6] [INFO] [1732201709.599718182] [node_io_weigh]: ---- Server Server Module_Input.node_io_weigh: Enable PIN: 1. Disable PIN: 1 ----
1732201709.6592176 [node_io_servo-4] [INFO] [1732201709.658179561] [node_io_servo]: ---- Server Server Module_Input.node_io_servo: TBDT PIN: 1. QA PIN: 1.  Diff PIN: 1----
1732201709.7946470 [module_supervisor-1] [INFO] [1732201709.793772061] [Module_Supervisor]: ---- Supervisor: Connect to Module_Scanning&Interface Successfully----
1732201709.7980814 [module_supervisor-1] [INFO] [1732201709.796630499] [Module_Supervisor]: ---- Supervisor: Connect to Module_Input.node Successfully----
1732201709.8079062 [module_supervisor-1] [INFO] [1732201709.804920393] [Module_Supervisor]: ---- Supervisor: Connect to Module_Weigh Successfully----
1732201709.8119464 [module_supervisor-1] [INFO] [1732201709.809873433] [Module_Supervisor]: ---- Supervisor: Connect to Module_Motor.node_dc_motor Successfully----
1732201709.8184133 [module_supervisor-1] [INFO] [1732201709.814826400] [Module_Supervisor]: ---- Supervisor: Connect to Module_Input.node_io_servo Successfully----
1732201709.8219857 [module_supervisor-1] [INFO] [1732201709.820343521] [Module_Supervisor]: ---- Supervisor: Connect to Module_Send_Email Successfully----
1732201709.9503927 [node_io_weigh-6] [INFO] [1732201709.949526068] [node_io_weigh]: ---- Server Server Module_Input.node_io_weigh: Enable PIN: 1. Disable PIN: 1 ----
1732201710.2084281 [node_io_servo-4] [INFO] [1732201710.206802400] [node_io_servo]: ---- Server Server Module_Input.node_io_servo: TBDT PIN: 1. QA PIN: 1.  Diff PIN: 1----
1732201710.3000493 [node_io_weigh-6] [INFO] [1732201710.299106086] [node_io_weigh]: ---- Server Server Module_Input.node_io_weigh: Enable PIN: 1. Disable PIN: 1 ----
1732201710.6497245 [node_io_weigh-6] [INFO] [1732201710.648615294] [node_io_weigh]: ---- Server Server Module_Input.node_io_weigh: Enable PIN: 1. Disable PIN: 1 ----
1732201710.7573316 [node_io_servo-4] [INFO] [1732201710.756315351] [node_io_servo]: ---- Server Server Module_Input.node_io_servo: TBDT PIN: 1. QA PIN: 1.  Diff PIN: 1----
1732201710.9993756 [node_io_weigh-6] [INFO] [1732201710.998389367] [node_io_weigh]: ---- Server Server Module_Input.node_io_weigh: Enable PIN: 1. Disable PIN: 1 ----
1732201711.3067348 [node_io_servo-4] [INFO] [1732201711.305846151] [node_io_servo]: ---- Server Server Module_Input.node_io_servo: TBDT PIN: 1. QA PIN: 1.  Diff PIN: 1----
1732201711.3493934 [node_io_weigh-6] [INFO] [1732201711.348508396] [node_io_weigh]: ---- Server Server Module_Input.node_io_weigh: Enable PIN: 1. Disable PIN: 1 ----
1732201711.6998606 [node_io_weigh-6] [INFO] [1732201711.698996158] [node_io_weigh]: ---- Server Server Module_Input.node_io_weigh: Enable PIN: 1. Disable PIN: 1 ----
1732201711.7972469 [module_supervisor-1] [INFO] [1732201711.794470096] [Module_Supervisor]: ---- Supervisor: Connect to Module_Scanning&Interface Successfully----
1732201711.8014200 [module_supervisor-1] [INFO] [1732201711.799898349] [Module_Supervisor]: ---- Supervisor: Connect to Module_Input.node Successfully----
1732201711.8076091 [module_supervisor-1] [INFO] [1732201711.806010698] [Module_Supervisor]: ---- Supervisor: Connect to Module_Weigh Successfully----
1732201711.8122945 [module_supervisor-1] [INFO] [1732201711.811279529] [Module_Supervisor]: ---- Supervisor: Connect to Module_Motor.node_dc_motor Successfully----
1732201711.8159680 [module_supervisor-1] [INFO] [1732201711.815125335] [Module_Supervisor]: ---- Supervisor: Connect to Module_Input.node_io_servo Successfully----
1732201711.8195050 [module_supervisor-1] [INFO] [1732201711.818664795] [Module_Supervisor]: ---- Supervisor: Connect to Module_Send_Email Successfully----
1732201711.8573213 [node_io_servo-4] [INFO] [1732201711.856234428] [node_io_servo]: ---- Server Server Module_Input.node_io_servo: TBDT PIN: 1. QA PIN: 1.  Diff PIN: 1----
1732201712.0501633 [node_io_weigh-6] [INFO] [1732201712.049334556] [node_io_weigh]: ---- Server Server Module_Input.node_io_weigh: Enable PIN: 1. Disable PIN: 1 ----
1732201712.3988671 [node_io_weigh-6] [INFO] [1732201712.397959266] [node_io_weigh]: ---- Server Server Module_Input.node_io_weigh: Enable PIN: 1. Disable PIN: 1 ----
1732201712.4079075 [node_io_servo-4] [INFO] [1732201712.407116773] [node_io_servo]: ---- Server Server Module_Input.node_io_servo: TBDT PIN: 1. QA PIN: 1.  Diff PIN: 1----
1732201712.7488046 [node_io_weigh-6] [INFO] [1732201712.747884079] [node_io_weigh]: ---- Server Server Module_Input.node_io_weigh: Enable PIN: 1. Disable PIN: 1 ----
1732201712.9573369 [node_io_servo-4] [INFO] [1732201712.956177739] [node_io_servo]: ---- Server Server Module_Input.node_io_servo: TBDT PIN: 1. QA PIN: 1.  Diff PIN: 1----
1732201713.0990095 [node_io_weigh-6] [INFO] [1732201713.098047132] [node_io_weigh]: ---- Server Server Module_Input.node_io_weigh: Enable PIN: 1. Disable PIN: 1 ----
1732201713.4483652 [node_io_weigh-6] [INFO] [1732201713.447587120] [node_io_weigh]: ---- Server Server Module_Input.node_io_weigh: Enable PIN: 1. Disable PIN: 1 ----
1732201713.5086865 [node_io_servo-4] [INFO] [1732201713.507793252] [node_io_servo]: ---- Server Server Module_Input.node_io_servo: TBDT PIN: 1. QA PIN: 1.  Diff PIN: 1----
1732201713.7972338 [module_supervisor-1] [INFO] [1732201713.794955729] [Module_Supervisor]: ---- Supervisor: Connect to Module_Scanning&Interface Successfully----
1732201713.8016746 [node_io_weigh-6] [INFO] [1732201713.797686522] [node_io_weigh]: ---- Server Server Module_Input.node_io_weigh: Enable PIN: 1. Disable PIN: 1 ----
1732201713.8031526 [module_supervisor-1] [INFO] [1732201713.799882660] [Module_Supervisor]: ---- Supervisor: Connect to Module_Input.node Successfully----
1732201713.8082983 [module_supervisor-1] [INFO] [1732201713.807341408] [Module_Supervisor]: ---- Supervisor: Connect to Module_Weigh Successfully----
1732201713.8162050 [module_supervisor-1] [INFO] [1732201713.813306872] [Module_Supervisor]: ---- Supervisor: Connect to Module_Motor.node_dc_motor Successfully----
1732201713.8266466 [module_supervisor-1] [INFO] [1732201713.825543276] [Module_Supervisor]: ---- Supervisor: Connect to Module_Input.node_io_servo Successfully----
1732201713.8346605 [module_supervisor-1] [INFO] [1732201713.831025991] [Module_Supervisor]: ---- Supervisor: Connect to Module_Send_Email Successfully----
1732201714.0566976 [node_io_servo-4] [INFO] [1732201714.055827015] [node_io_servo]: ---- Server Server Module_Input.node_io_servo: TBDT PIN: 1. QA PIN: 1.  Diff PIN: 1----
1732201714.1495626 [node_io_weigh-6] [INFO] [1732201714.148589990] [node_io_weigh]: ---- Server Server Module_Input.node_io_weigh: Enable PIN: 1. Disable PIN: 1 ----
1732201714.4998436 [node_io_weigh-6] [INFO] [1732201714.498720874] [node_io_weigh]: ---- Server Server Module_Input.node_io_weigh: Enable PIN: 1. Disable PIN: 1 ----
1732201714.6083653 [node_io_servo-4] [INFO] [1732201714.607042552] [node_io_servo]: ---- Server Server Module_Input.node_io_servo: TBDT PIN: 1. QA PIN: 1.  Diff PIN: 1----
1732201714.8492432 [node_io_weigh-6] [INFO] [1732201714.848058367] [node_io_weigh]: ---- Server Server Module_Input.node_io_weigh: Enable PIN: 1. Disable PIN: 1 ----
1732201715.1576586 [node_io_servo-4] [INFO] [1732201715.156746241] [node_io_servo]: ---- Server Server Module_Input.node_io_servo: TBDT PIN: 1. QA PIN: 1.  Diff PIN: 1----
1732201715.2001402 [node_io_weigh-6] [INFO] [1732201715.198499218] [node_io_weigh]: ---- Server Server Module_Input.node_io_weigh: Enable PIN: 1. Disable PIN: 1 ----
1732201715.5503492 [node_io_weigh-6] [INFO] [1732201715.549359625] [node_io_weigh]: ---- Server Server Module_Input.node_io_weigh: Enable PIN: 1. Disable PIN: 1 ----
1732201715.7093534 [node_io_servo-4] [INFO] [1732201715.707155158] [node_io_servo]: ---- Server Server Module_Input.node_io_servo: TBDT PIN: 1. QA PIN: 1.  Diff PIN: 1----
1732201715.7972040 [module_supervisor-1] [INFO] [1732201715.796041869] [Module_Supervisor]: ---- Supervisor: Connect to Module_Scanning&Interface Successfully----
1732201715.8013778 [module_supervisor-1] [INFO] [1732201715.800251131] [Module_Supervisor]: ---- Supervisor: Connect to Module_Input.node Successfully----
1732201715.8050611 [module_supervisor-1] [INFO] [1732201715.803934867] [Module_Supervisor]: ---- Supervisor: Connect to Module_Weigh Successfully----
1732201715.8139529 [module_supervisor-1] [INFO] [1732201715.809964294] [Module_Supervisor]: ---- Supervisor: Connect to Module_Motor.node_dc_motor Successfully----
1732201715.8187768 [module_supervisor-1] [INFO] [1732201715.817078364] [Module_Supervisor]: ---- Supervisor: Connect to Module_Input.node_io_servo Successfully----
1732201715.8237526 [module_supervisor-1] [INFO] [1732201715.821605878] [Module_Supervisor]: ---- Supervisor: Connect to Module_Send_Email Successfully----
1732201715.9007678 [node_io_weigh-6] [INFO] [1732201715.899119980] [node_io_weigh]: ---- Server Server Module_Input.node_io_weigh: Enable PIN: 1. Disable PIN: 1 ----
1732201716.2542655 [node_io_weigh-6] [INFO] [1732201716.251369112] [node_io_weigh]: ---- Server Server Module_Input.node_io_weigh: Enable PIN: 1. Disable PIN: 1 ----
1732201716.2610297 [node_io_servo-4] [INFO] [1732201716.259964484] [node_io_servo]: ---- Server Server Module_Input.node_io_servo: TBDT PIN: 1. QA PIN: 1.  Diff PIN: 1----
1732201716.5570440 [module_scanning_interface-2] [INFO] [1732201716.556042448] [module_scanning_interface]: ---- Server Module_Scanning_Interfaces: Shutdown ----
1732201716.6053855 [node_io_weigh-6] [INFO] [1732201716.603714654] [node_io_weigh]: ---- Server Server Module_Input.node_io_weigh: Enable PIN: 1. Disable PIN: 1 ----
1732201716.6682198 [module_scanning_interface-2] Decoded(data=b'IP15', type='QRCODE', rect=Rect(left=326, top=175, width=99, height=97), polygon=[Point(x=326, y=262), Point(x=416, y=272), Point(x=425, y=176), Point(x=331, y=175)], quality=1, orientation='UP')
1732201716.6716931 [module_scanning_interface-2] Decoded(data=b'IP15', type='QRCODE', rect=Rect(left=327, top=168, width=101, height=100), polygon=[Point(x=327, y=258), Point(x=418, y=268), Point(x=428, y=170), Point(x=333, y=168)], quality=1, orientation='UP')
1732201716.6725290 [module_scanning_interface-2] Decoded(data=b'IP15', type='QRCODE', rect=Rect(left=317, top=157, width=105, height=104), polygon=[Point(x=317, y=247), Point(x=406, y=261), Point(x=422, y=164), Point(x=326, y=157)], quality=1, orientation='UP')
1732201716.6730230 [module_scanning_interface-2] Decoded(data=b'IP15', type='QRCODE', rect=Rect(left=306, top=149, width=105, height=105), polygon=[Point(x=306, y=239), Point(x=395, y=254), Point(x=411, y=156), Point(x=316, y=149)], quality=1, orientation='UP')
1732201716.6733470 [module_scanning_interface-2] Decoded(data=b'IP15', type='QRCODE', rect=Rect(left=297, top=151, width=104, height=105), polygon=[Point(x=297, y=241), Point(x=384, y=256), Point(x=401, y=159), Point(x=306, y=151)], quality=1, orientation='UP')
1732201716.6737199 [module_scanning_interface-2] Decoded(data=b'IP15', type='QRCODE', rect=Rect(left=288, top=153, width=104, height=106), polygon=[Point(x=288, y=242), Point(x=375, y=259), Point(x=392, y=163), Point(x=298, y=153)], quality=1, orientation='UP')
1732201716.6740468 [module_scanning_interface-2] Decoded(data=b'IP15', type='QRCODE', rect=Rect(left=277, top=144, width=99, height=104), polygon=[Point(x=277, y=231), Point(x=360, y=248), Point(x=376, y=154), Point(x=287, y=144)], quality=1, orientation='UP')
1732201716.6743364 [module_scanning_interface-2] Decoded(data=b'IP15', type='QRCODE', rect=Rect(left=269, top=141, width=97, height=103), polygon=[Point(x=269, y=228), Point(x=350, y=244), Point(x=366, y=152), Point(x=278, y=141)], quality=1, orientation='UP')
1732201716.6771319 [module_scanning_interface-2] Decoded(data=b'IP15', type='QRCODE', rect=Rect(left=269, top=137, width=97, height=103), polygon=[Point(x=269, y=224), Point(x=351, y=240), Point(x=366, y=147), Point(x=279, y=137)], quality=1, orientation='UP')
1732201716.6775703 [module_scanning_interface-2] Decoded(data=b'NK_S1', type='QRCODE', rect=Rect(left=281, top=115, width=97, height=100), polygon=[Point(x=281, y=205), Point(x=364, y=215), Point(x=378, y=116), Point(x=289, y=115)], quality=1, orientation='UP')
1732201716.6781950 [module_scanning_interface-2] Decoded(data=b'NK_S1', type='QRCODE', rect=Rect(left=283, top=101, width=99, height=101), polygon=[Point(x=283, y=192), Point(x=366, y=202), Point(x=382, y=101), Point(x=292, y=101)], quality=1, orientation='UP')
1732201716.6786323 [module_scanning_interface-2] Decoded(data=b'NK_S1', type='QRCODE', rect=Rect(left=281, top=90, width=97, height=101), polygon=[Point(x=281, y=181), Point(x=363, y=191), Point(x=378, y=90), Point(x=290, y=90)], quality=1, orientation='UP')
1732201716.6790283 [module_scanning_interface-2] Decoded(data=b'NK_S1', type='QRCODE', rect=Rect(left=278, top=83, width=95, height=100), polygon=[Point(x=278, y=173), Point(x=359, y=183), Point(x=373, y=84), Point(x=286, y=83)], quality=1, orientation='UP')
1732201716.6794269 [module_scanning_interface-2] Decoded(data=b'NK_S1', type='QRCODE', rect=Rect(left=275, top=84, width=95, height=99), polygon=[Point(x=275, y=173), Point(x=355, y=183), Point(x=370, y=84), Point(x=284, y=84)], quality=1, orientation='UP')
1732201716.6828716 [module_scanning_interface-2] Decoded(data=b'NK_S1', type='QRCODE', rect=Rect(left=270, top=86, width=94, height=100), polygon=[Point(x=270, y=174), Point(x=349, y=186), Point(x=364, y=90), Point(x=280, y=86)], quality=1, orientation='UP')
1732201716.6831374 [module_scanning_interface-2] Decoded(data=b'NK_S1', type='QRCODE', rect=Rect(left=271, top=98, width=96, height=101), polygon=[Point(x=271, y=185), Point(x=349, y=199), Point(x=367, y=103), Point(x=282, y=98)], quality=1, orientation='UP')
1732201716.6833344 [module_scanning_interface-2] Decoded(data=b'NK_S1', type='QRCODE', rect=Rect(left=288, top=104, width=99, height=101), polygon=[Point(x=288, y=189), Point(x=365, y=205), Point(x=387, y=111), Point(x=302, y=104)], quality=1, orientation='UP')
1732201716.8116705 [node_io_servo-4] [INFO] [1732201716.809621356] [node_io_servo]: ---- Server Server Module_Input.node_io_servo: TBDT PIN: 1. QA PIN: 1.  Diff PIN: 1----
1732201716.9691665 [node_io_weigh-6] [INFO] [1732201716.964567033] [node_io_weigh]: ---- Server Server Module_Input.node_io_weigh: Enable PIN: 1. Disable PIN: 1 ----
1732201717.3023195 [node_io_weigh-6] [INFO] [1732201717.300914970] [node_io_weigh]: ---- Server Server Module_Input.node_io_weigh: Enable PIN: 1. Disable PIN: 1 ----
1732201717.3578742 [node_io_servo-4] [INFO] [1732201717.356409012] [node_io_servo]: ---- Server Server Module_Input.node_io_servo: TBDT PIN: 1. QA PIN: 1.  Diff PIN: 1----
1732201717.3656144 [ERROR] [module_scanning_interface-2]: process has died [pid 8796, exit code 255, cmd '/home/tomccd/Documents/Code/Python/DATN/install/module_scanning_interface/lib/module_scanning_interface/module_scanning_interface --ros-args'].
1732201717.6497188 [node_io_weigh-6] [INFO] [1732201717.648806386] [node_io_weigh]: ---- Server Server Module_Input.node_io_weigh: Enable PIN: 1. Disable PIN: 1 ----
1732201717.9110093 [node_io_servo-4] [INFO] [1732201717.909399140] [node_io_servo]: ---- Server Server Module_Input.node_io_servo: TBDT PIN: 1. QA PIN: 1.  Diff PIN: 1----
1732201718.0010757 [node_io_weigh-6] [INFO] [1732201718.000102618] [node_io_weigh]: ---- Server Server Module_Input.node_io_weigh: Enable PIN: 1. Disable PIN: 1 ----
1732201718.3508544 [node_io_weigh-6] [INFO] [1732201718.349798940] [node_io_weigh]: ---- Server Server Module_Input.node_io_weigh: Enable PIN: 1. Disable PIN: 1 ----
1732201718.4599452 [node_io_servo-4] [INFO] [1732201718.458877497] [node_io_servo]: ---- Server Server Module_Input.node_io_servo: TBDT PIN: 1. QA PIN: 1.  Diff PIN: 1----
1732201718.7011213 [node_io_weigh-6] [INFO] [1732201718.700147731] [node_io_weigh]: ---- Server Server Module_Input.node_io_weigh: Enable PIN: 1. Disable PIN: 1 ----
1732201718.7992995 [module_supervisor-1] [WARN] [1732201718.798185281] [Module_Supervisor]: ---- Supervisor: Waiting to connect to server Module_Scanning&Interface ----
1732201719.0107872 [node_io_servo-4] [INFO] [1732201719.009676554] [node_io_servo]: ---- Server Server Module_Input.node_io_servo: TBDT PIN: 1. QA PIN: 1.  Diff PIN: 1----
1732201719.0507088 [node_io_weigh-6] [INFO] [1732201719.049809520] [node_io_weigh]: ---- Server Server Module_Input.node_io_weigh: Enable PIN: 1. Disable PIN: 1 ----
1732201719.4010661 [node_io_weigh-6] [INFO] [1732201719.400095293] [node_io_weigh]: ---- Server Server Module_Input.node_io_weigh: Enable PIN: 1. Disable PIN: 1 ----
1732201719.5602202 [node_io_servo-4] [INFO] [1732201719.559285999] [node_io_servo]: ---- Server Server Module_Input.node_io_servo: TBDT PIN: 1. QA PIN: 1.  Diff PIN: 1----
1732201719.7511542 [node_io_weigh-6] [INFO] [1732201719.750148443] [node_io_weigh]: ---- Server Server Module_Input.node_io_weigh: Enable PIN: 1. Disable PIN: 1 ----
1732201719.8060534 [module_supervisor-1] [WARN] [1732201719.804939376] [Module_Supervisor]: ---- Supervisor: Waiting to connect to server Module_Scanning&Interface ----
1732201720.1010334 [node_io_weigh-6] [INFO] [1732201720.100061933] [node_io_weigh]: ---- Server Server Module_Input.node_io_weigh: Enable PIN: 1. Disable PIN: 1 ----
1732201720.1085103 [node_io_servo-4] [INFO] [1732201720.107580016] [node_io_servo]: ---- Server Server Module_Input.node_io_servo: TBDT PIN: 1. QA PIN: 1.  Diff PIN: 1----
1732201720.4518130 [node_io_weigh-6] [INFO] [1732201720.450726996] [node_io_weigh]: ---- Server Server Module_Input.node_io_weigh: Enable PIN: 1. Disable PIN: 1 ----
1732201720.6599739 [node_io_servo-4] [INFO] [1732201720.658894029] [node_io_servo]: ---- Server Server Module_Input.node_io_servo: TBDT PIN: 1. QA PIN: 1.  Diff PIN: 1----
1732201720.7991762 [node_io_weigh-6] [INFO] [1732201720.798474880] [node_io_weigh]: ---- Server Server Module_Input.node_io_weigh: Enable PIN: 1. Disable PIN: 1 ----
1732201720.8111720 [module_supervisor-1] [WARN] [1732201720.810401739] [Module_Supervisor]: ---- Supervisor: Waiting to connect to server Module_Scanning&Interface ----
1732201721.1517308 [node_io_weigh-6] [INFO] [1732201721.150606624] [node_io_weigh]: ---- Server Server Module_Input.node_io_weigh: Enable PIN: 1. Disable PIN: 1 ----
1732201721.2087071 [node_io_servo-4] [INFO] [1732201721.207917825] [node_io_servo]: ---- Server Server Module_Input.node_io_servo: TBDT PIN: 1. QA PIN: 1.  Diff PIN: 1----
1732201721.5011451 [node_io_weigh-6] [INFO] [1732201721.500154081] [node_io_weigh]: ---- Server Server Module_Input.node_io_weigh: Enable PIN: 1. Disable PIN: 1 ----
1732201721.7598772 [node_io_servo-4] [INFO] [1732201721.758820137] [node_io_servo]: ---- Server Server Module_Input.node_io_servo: TBDT PIN: 1. QA PIN: 1.  Diff PIN: 1----
1732201721.8178802 [module_supervisor-1] [WARN] [1732201721.817120262] [Module_Supervisor]: ---- Supervisor: Waiting to connect to server Module_Scanning&Interface ----
1732201721.8507907 [node_io_weigh-6] [INFO] [1732201721.849733797] [node_io_weigh]: ---- Server Server Module_Input.node_io_weigh: Enable PIN: 1. Disable PIN: 1 ----
1732201722.2011666 [node_io_weigh-6] [INFO] [1732201722.200182765] [node_io_weigh]: ---- Server Server Module_Input.node_io_weigh: Enable PIN: 1. Disable PIN: 1 ----
1732201722.3095932 [node_io_servo-4] [INFO] [1732201722.308657581] [node_io_servo]: ---- Server Server Module_Input.node_io_servo: TBDT PIN: 1. QA PIN: 1.  Diff PIN: 1----
1732201722.5507653 [node_io_weigh-6] [INFO] [1732201722.549912664] [node_io_weigh]: ---- Server Server Module_Input.node_io_weigh: Enable PIN: 1. Disable PIN: 1 ----
1732201722.8249424 [module_supervisor-1] [WARN] [1732201722.823789414] [Module_Supervisor]: ---- Supervisor: Waiting to connect to server Module_Scanning&Interface ----
1732201722.8298819 [module_supervisor-1] [ERROR] [1732201722.828681867] [Module_Supervisor]: ---- Supervisor: Can't connect to Module Scanning&Interface ----
1732201722.8343346 [module_log_file-8] [INFO] [1732201722.830578105] [module_log_file]: ---- Server Module_Log_File: Creating Log File... ----
1732201722.8415782 [node_io_servo-4] [INFO] [1732201722.838145335] [node_io_servo]: ---- Server Module_Input.node_io_servo: Receive Message: Terminate. Bye Bye.... ----
1732201722.8473139 [node_dc_motor-5] [INFO] [1732201722.838679954] [node_dc_motor]: ---- Server Module_Motor.node_dc_motor: Receive Message: Terminate. Bye Bye.... ----
1732201722.8508306 [node_dc_servo-3] [INFO] [1732201722.839357643] [node_servo_motor]: ---- Server Module_Motor.node_servo_motor: Receive Message: Terminate. Bye Bye.... ----
1732201722.8572462 [module_weigh-7] [INFO] [1732201722.842242953] [module_weigh]: ---- Server Module_Weigh: Receive Message: Terminate. Bye Bye.... ----
1732201722.8611865 [node_io_weigh-6] [INFO] [1732201722.857485244] [node_io_weigh]: ---- Server Module_Input.node_io_weigh: Receive Message: Terminate. Bye Bye.... ----
1732201723.5088401 [ERROR] [node_io_servo-4]: process has died [pid 8798, exit code 255, cmd '/home/tomccd/Documents/Code/Python/DATN/install/module_input/lib/module_input/node_io_servo --ros-args'].
1732201723.5602367 [ERROR] [node_io_weigh-6]: process has died [pid 8800, exit code 255, cmd '/home/tomccd/Documents/Code/Python/DATN/install/module_input/lib/module_input/node_io_weigh --ros-args'].
1732201723.5905256 [ERROR] [module_supervisor-1]: process has died [pid 8795, exit code 255, cmd '/home/tomccd/Documents/Code/Python/DATN/install/module_supervisor/lib/module_supervisor/module_supervisor --ros-args'].
1732201723.6707392 [ERROR] [module_weigh-7]: process has died [pid 8801, exit code 255, cmd '/home/tomccd/Documents/Code/Python/DATN/install/module_weigh/lib/module_weigh/module_weigh --ros-args'].
1732201723.8967867 [ERROR] [node_dc_motor-5]: process has died [pid 8799, exit code 255, cmd '/home/tomccd/Documents/Code/Python/DATN/install/module_motor/lib/module_motor/node_dc_motor --ros-args'].
1732201723.9121799 [ERROR] [node_dc_servo-3]: process has died [pid 8797, exit code 255, cmd '/home/tomccd/Documents/Code/Python/DATN/install/module_motor/lib/module_motor/node_dc_servo --ros-args'].
