1732031363.7006431 [INFO] [launch]: All log files can be found below /home/tomccd/.ros/log/2024-11-19-22-49-23-696808-tomccd-raspberry4b-31056
1732031363.7012498 [INFO] [launch]: Default logging verbosity is set to INFO
1732031364.4779592 [INFO] [module_supervisor-1]: process started with pid [31059]
1732031364.4820986 [INFO] [module_scanning_interface-2]: process started with pid [31060]
1732031364.4852200 [INFO] [node_dc_servo-3]: process started with pid [31061]
1732031364.4924932 [INFO] [node_io_servo-4]: process started with pid [31062]
1732031364.4932687 [INFO] [node_dc_motor-5]: process started with pid [31063]
1732031364.4939771 [INFO] [node_io_weigh-6]: process started with pid [31064]
1732031364.4984238 [INFO] [module_weigh-7]: process started with pid [31065]
1732031364.5125697 [INFO] [module_log_file-8]: process started with pid [31066]
1732031364.5132823 [INFO] [module_send_email-9]: process started with pid [31067]
1732031367.7676671 [node_dc_servo-3] [INFO] [1732031367.762458192] [node_servo_motor]: ---- Server Module_Motor.node_dc_motor: Init Server ----
1732031369.1991897 [module_supervisor-1] [INFO] [1732031369.196454390] [Module_Supervisor]: ---- Supervisor: Connect to Server Module_Log_File Successfully ----
1732031369.6024904 [node_io_weigh-6] [INFO] [1732031369.601372400] [node_io_weigh]: ---- Server Server Module_Input.node_io_weigh: Enable PIN: 1. Disable PIN: 1 ----
1732031369.6678224 [node_io_weigh-6] [INFO] [1732031369.657081828] [node_io_weigh]: ---- Server Server Module_Input.node_io_weigh: Enable PIN: 1. Disable PIN: 1 ----
1732031370.0139244 [node_io_weigh-6] [INFO] [1732031370.011498696] [node_io_weigh]: ---- Server Server Module_Input.node_io_weigh: Enable PIN: 1. Disable PIN: 1 ----
1732031370.2071269 [module_supervisor-1] [WARN] [1732031370.205719931] [Module_Supervisor]: ---- Supervisor: Waiting to connect to server Module_Scanning&Interface ----
1732031370.3496842 [node_io_weigh-6] [INFO] [1732031370.348742979] [node_io_weigh]: ---- Server Server Module_Input.node_io_weigh: Enable PIN: 1. Disable PIN: 1 ----
1732031370.4463334 [node_io_servo-4] [INFO] [1732031370.442817636] [node_io_servo]: ---- Server Server Module_Input.node_io_servo: TBDT PIN: 1. QA PIN: 1.  Diff PIN: 1----
1732031370.5967782 [node_io_servo-4] [INFO] [1732031370.595843429] [node_io_servo]: ---- Server Server Module_Input.node_io_servo: TBDT PIN: 1. QA PIN: 1.  Diff PIN: 1----
1732031370.6948879 [node_io_weigh-6] [INFO] [1732031370.693778821] [node_io_weigh]: ---- Server Server Module_Input.node_io_weigh: Enable PIN: 1. Disable PIN: 1 ----
1732031370.9451532 [node_io_servo-4] [INFO] [1732031370.944286642] [node_io_servo]: ---- Server Server Module_Input.node_io_servo: TBDT PIN: 1. QA PIN: 1.  Diff PIN: 1----
1732031371.0443065 [node_io_weigh-6] [INFO] [1732031371.043342497] [node_io_weigh]: ---- Server Server Module_Input.node_io_weigh: Enable PIN: 1. Disable PIN: 1 ----
1732031371.2127481 [module_supervisor-1] [WARN] [1732031371.211487695] [Module_Supervisor]: ---- Supervisor: Waiting to connect to server Module_Scanning&Interface ----
1732031371.2948201 [node_io_servo-4] [INFO] [1732031371.294057689] [node_io_servo]: ---- Server Server Module_Input.node_io_servo: TBDT PIN: 1. QA PIN: 1.  Diff PIN: 1----
1732031371.3939948 [node_io_weigh-6] [INFO] [1732031371.393245599] [node_io_weigh]: ---- Server Server Module_Input.node_io_weigh: Enable PIN: 1. Disable PIN: 1 ----
1732031371.6450965 [node_io_servo-4] [INFO] [1732031371.644259583] [node_io_servo]: ---- Server Server Module_Input.node_io_servo: TBDT PIN: 1. QA PIN: 1.  Diff PIN: 1----
1732031371.7442195 [node_io_weigh-6] [INFO] [1732031371.743371679] [node_io_weigh]: ---- Server Server Module_Input.node_io_weigh: Enable PIN: 1. Disable PIN: 1 ----
1732031371.9953828 [node_io_servo-4] [INFO] [1732031371.994509513] [node_io_servo]: ---- Server Server Module_Input.node_io_servo: TBDT PIN: 1. QA PIN: 1.  Diff PIN: 1----
1732031372.0973794 [node_io_weigh-6] [INFO] [1732031372.096051590] [node_io_weigh]: ---- Server Server Module_Input.node_io_weigh: Enable PIN: 1. Disable PIN: 1 ----
1732031372.2196472 [module_supervisor-1] [WARN] [1732031372.218136427] [Module_Supervisor]: ---- Supervisor: Waiting to connect to server Module_Scanning&Interface ----
1732031372.3514409 [node_io_servo-4] [INFO] [1732031372.349159915] [node_io_servo]: ---- Server Server Module_Input.node_io_servo: TBDT PIN: 1. QA PIN: 1.  Diff PIN: 1----
1732031372.4498339 [node_io_weigh-6] [INFO] [1732031372.446480635] [node_io_weigh]: ---- Server Server Module_Input.node_io_weigh: Enable PIN: 1. Disable PIN: 1 ----
1732031372.4719532 [module_supervisor-1] [INFO] [1732031372.471098829] [Module_Supervisor]: ---- Supervisor: Connect to Server Module_Scanning&Interface Successfully ----
1732031372.4748030 [module_supervisor-1] [INFO] [1732031372.474033318] [Module_Supervisor]: ---- Supervisor: Connect to Server Module_Input.node_io_weigh Successfully ----
1732031372.4777582 [module_supervisor-1] [INFO] [1732031372.476983622] [Module_Supervisor]: ---- Supervisor: Connect to Server Module_Weigh Successfully ----
1732031372.4808416 [module_supervisor-1] [INFO] [1732031372.480104294] [Module_Supervisor]: ---- Supervisor: Connect to Server Module_Motor.node_dc_motor Successfully ----
1732031372.4847293 [module_supervisor-1] [INFO] [1732031372.483645884] [Module_Supervisor]: ---- Supervisor: Connect to Server Module_Input.node_io_servo Successfully ----
1732031372.4884980 [module_supervisor-1] [INFO] [1732031372.487261530] [Module_Supervisor]: ---- Supervisor: Connect to Server Module_Motor.node_dc_servo Successfully ----
1732031372.4928730 [module_supervisor-1] [INFO] [1732031372.491508035] [Module_Supervisor]: ---- Supervisor: Connect to Server Module_Send_Email Successfully ----
1732031372.6048765 [node_dc_motor-5] [INFO] [1732031372.604080100] [node_dc_motor]: ---- Server Module_Motor.node_dc_motor: Receive Intialized Request: Ready ----
1732031372.6137872 [module_supervisor-1] [INFO] [1732031372.612597425] [Module_Supervisor]: ---- Supervisor: Receive Init Respond from Server Module_Motor.node_dc_motor: OK
1732031372.6986401 [node_io_servo-4] [INFO] [1732031372.697248553] [node_io_servo]: ---- Server Server Module_Input.node_io_servo: TBDT PIN: 1. QA PIN: 1.  Diff PIN: 1----
1732031372.7949212 [node_io_weigh-6] [INFO] [1732031372.793992227] [node_io_weigh]: ---- Server Server Module_Input.node_io_weigh: Enable PIN: 1. Disable PIN: 1 ----
1732031372.9779854 [module_scanning_interface-2] [INFO] [1732031372.977124426] [module_scanning_interface]: ----  Server Module_Scanning&Interface: Connect to DB Successfully ----
1732031373.0483060 [node_io_servo-4] [INFO] [1732031373.046826483] [node_io_servo]: ---- Server Server Module_Input.node_io_servo: TBDT PIN: 1. QA PIN: 1.  Diff PIN: 1----
1732031373.1467543 [node_io_weigh-6] [INFO] [1732031373.145412258] [node_io_weigh]: ---- Server Server Module_Input.node_io_weigh: Enable PIN: 1. Disable PIN: 1 ----
1732031373.3951721 [node_io_servo-4] [INFO] [1732031373.394290600] [node_io_servo]: ---- Server Server Module_Input.node_io_servo: TBDT PIN: 1. QA PIN: 1.  Diff PIN: 1----
1732031373.4947174 [node_io_weigh-6] [INFO] [1732031373.493849563] [node_io_weigh]: ---- Server Server Module_Input.node_io_weigh: Enable PIN: 1. Disable PIN: 1 ----
1732031373.7503068 [node_io_servo-4] [INFO] [1732031373.748381055] [node_io_servo]: ---- Server Server Module_Input.node_io_servo: TBDT PIN: 1. QA PIN: 1.  Diff PIN: 1----
1732031373.8469121 [node_io_weigh-6] [INFO] [1732031373.845481187] [node_io_weigh]: ---- Server Server Module_Input.node_io_weigh: Enable PIN: 1. Disable PIN: 1 ----
1732031374.0985970 [node_io_servo-4] [INFO] [1732031374.096943990] [node_io_servo]: ---- Server Server Module_Input.node_io_servo: TBDT PIN: 1. QA PIN: 1.  Diff PIN: 1----
1732031374.2022424 [node_io_weigh-6] [INFO] [1732031374.199481573] [node_io_weigh]: ---- Server Server Module_Input.node_io_weigh: Enable PIN: 1. Disable PIN: 1 ----
1732031374.4474299 [node_io_servo-4] [INFO] [1732031374.446416563] [node_io_servo]: ---- Server Server Module_Input.node_io_servo: TBDT PIN: 1. QA PIN: 1.  Diff PIN: 1----
1732031374.5443490 [node_io_weigh-6] [INFO] [1732031374.543047612] [node_io_weigh]: ---- Server Server Module_Input.node_io_weigh: Enable PIN: 1. Disable PIN: 1 ----
1732031374.6173246 [module_supervisor-1] [INFO] [1732031374.616309113] [Module_Supervisor]: ---- Supervisor: Connect to Module_Scanning&Interface Successfully----
1732031374.6216741 [module_supervisor-1] [INFO] [1732031374.619455191] [Module_Supervisor]: ---- Supervisor: Connect to Module_Input.node Successfully----
1732031374.6255560 [module_supervisor-1] [INFO] [1732031374.623809732] [Module_Supervisor]: ---- Supervisor: Connect to Module_Weigh Successfully----
1732031374.6305218 [module_supervisor-1] [INFO] [1732031374.629268366] [Module_Supervisor]: ---- Supervisor: Connect to Module_Motor.node_dc_motor Successfully----
1732031374.6358843 [module_supervisor-1] [INFO] [1732031374.634745555] [Module_Supervisor]: ---- Supervisor: Connect to Module_Input.node_io_servo Successfully----
1732031374.6421266 [module_supervisor-1] [INFO] [1732031374.639753197] [Module_Supervisor]: ---- Supervisor: Connect to Module_Send_Email Successfully----
1732031374.7992704 [node_io_servo-4] [INFO] [1732031374.798406150] [node_io_servo]: ---- Server Server Module_Input.node_io_servo: TBDT PIN: 1. QA PIN: 1.  Diff PIN: 1----
1732031374.8954563 [node_io_weigh-6] [INFO] [1732031374.894498690] [node_io_weigh]: ---- Server Server Module_Input.node_io_weigh: Enable PIN: 1. Disable PIN: 1 ----
1732031375.1452017 [node_io_servo-4] [INFO] [1732031375.144203841] [node_io_servo]: ---- Server Server Module_Input.node_io_servo: TBDT PIN: 1. QA PIN: 1.  Diff PIN: 1----
1732031375.2438769 [node_io_weigh-6] [INFO] [1732031375.243124762] [node_io_weigh]: ---- Server Server Module_Input.node_io_weigh: Enable PIN: 1. Disable PIN: 1 ----
1732031375.4953115 [node_io_servo-4] [INFO] [1732031375.494460481] [node_io_servo]: ---- Server Server Module_Input.node_io_servo: TBDT PIN: 1. QA PIN: 1.  Diff PIN: 1----
1732031375.5951507 [node_io_weigh-6] [INFO] [1732031375.594285518] [node_io_weigh]: ---- Server Server Module_Input.node_io_weigh: Enable PIN: 1. Disable PIN: 1 ----
1732031375.7964478 [module_scanning_interface-2] /home/tomccd/Documents/Code/Python/DATN/install/module_scanning_interface/lib/python3.12/site-packages/module_scanning_interface/module_scanning_interface.py:341: UserWarning: pandas only supports SQLAlchemy connectable (engine/connection) or database string URI or sqlite3 DBAPI2 connection. Other DBAPI2 objects are not tested. Please consider using SQLAlchemy.
1732031375.7970655 [module_scanning_interface-2]   df = pd.read_sql(sql_query,self.conn)
1732031375.8466213 [node_io_servo-4] [INFO] [1732031375.845739050] [node_io_servo]: ---- Server Server Module_Input.node_io_servo: TBDT PIN: 1. QA PIN: 1.  Diff PIN: 1----
1732031375.8702474 [module_scanning_interface-2] [INFO] [1732031375.869425612] [module_scanning_interface]: Data Collect: [['ABCD', 'Khac']]
1732031375.9445612 [node_io_weigh-6] [INFO] [1732031375.943422250] [node_io_weigh]: ---- Server Server Module_Input.node_io_weigh: Enable PIN: 1. Disable PIN: 1 ----
1732031375.9512172 [module_scanning_interface-2] /home/tomccd/Documents/Code/Python/DATN/install/module_scanning_interface/lib/python3.12/site-packages/module_scanning_interface/module_scanning_interface.py:341: UserWarning: pandas only supports SQLAlchemy connectable (engine/connection) or database string URI or sqlite3 DBAPI2 connection. Other DBAPI2 objects are not tested. Please consider using SQLAlchemy.
1732031375.9517894 [module_scanning_interface-2]   df = pd.read_sql(sql_query,self.conn)
1732031375.9705880 [module_scanning_interface-2] [INFO] [1732031375.969609827] [module_scanning_interface]: Data Collect: [['ABCD', 'Khac']]
1732031376.0552738 [module_scanning_interface-2] /home/tomccd/Documents/Code/Python/DATN/install/module_scanning_interface/lib/python3.12/site-packages/module_scanning_interface/module_scanning_interface.py:341: UserWarning: pandas only supports SQLAlchemy connectable (engine/connection) or database string URI or sqlite3 DBAPI2 connection. Other DBAPI2 objects are not tested. Please consider using SQLAlchemy.
1732031376.0557675 [module_scanning_interface-2]   df = pd.read_sql(sql_query,self.conn)
1732031376.0710819 [module_scanning_interface-2] [INFO] [1732031376.068615378] [module_scanning_interface]: Data Collect: [['ABCD', 'Khac']]
1732031376.1434891 [module_scanning_interface-2] /home/tomccd/Documents/Code/Python/DATN/install/module_scanning_interface/lib/python3.12/site-packages/module_scanning_interface/module_scanning_interface.py:341: UserWarning: pandas only supports SQLAlchemy connectable (engine/connection) or database string URI or sqlite3 DBAPI2 connection. Other DBAPI2 objects are not tested. Please consider using SQLAlchemy.
1732031376.1439288 [module_scanning_interface-2]   df = pd.read_sql(sql_query,self.conn)
1732031376.1592269 [module_scanning_interface-2] [INFO] [1732031376.158142508] [module_scanning_interface]: Data Collect: [['ABCD', 'Khac']]
1732031376.1950772 [node_io_servo-4] [INFO] [1732031376.194242944] [node_io_servo]: ---- Server Server Module_Input.node_io_servo: TBDT PIN: 1. QA PIN: 1.  Diff PIN: 1----
1732031376.2940702 [node_io_weigh-6] [INFO] [1732031376.293199478] [node_io_weigh]: ---- Server Server Module_Input.node_io_weigh: Enable PIN: 1. Disable PIN: 1 ----
1732031376.3167050 [module_scanning_interface-2] /home/tomccd/Documents/Code/Python/DATN/install/module_scanning_interface/lib/python3.12/site-packages/module_scanning_interface/module_scanning_interface.py:341: UserWarning: pandas only supports SQLAlchemy connectable (engine/connection) or database string URI or sqlite3 DBAPI2 connection. Other DBAPI2 objects are not tested. Please consider using SQLAlchemy.
1732031376.3172152 [module_scanning_interface-2]   df = pd.read_sql(sql_query,self.conn)
1732031376.3370938 [module_scanning_interface-2] [INFO] [1732031376.335825920] [module_scanning_interface]: Data Collect: [['ABCD', 'Khac']]
1732031376.5471764 [node_io_servo-4] [INFO] [1732031376.546323006] [node_io_servo]: ---- Server Server Module_Input.node_io_servo: TBDT PIN: 1. QA PIN: 1.  Diff PIN: 1----
1732031376.6207793 [module_supervisor-1] [INFO] [1732031376.618523527] [Module_Supervisor]: ---- Supervisor: Connect to Module_Scanning&Interface Successfully----
1732031376.6299307 [module_supervisor-1] [INFO] [1732031376.625977351] [Module_Supervisor]: ---- Supervisor: Connect to Module_Input.node Successfully----
1732031376.6332469 [module_supervisor-1] [INFO] [1732031376.631631853] [Module_Supervisor]: ---- Supervisor: Connect to Module_Weigh Successfully----
1732031376.6387939 [module_supervisor-1] [INFO] [1732031376.636586976] [Module_Supervisor]: ---- Supervisor: Connect to Module_Motor.node_dc_motor Successfully----
1732031376.6448195 [module_supervisor-1] [INFO] [1732031376.641747393] [Module_Supervisor]: ---- Supervisor: Connect to Module_Input.node_io_servo Successfully----
1732031376.6464739 [node_io_weigh-6] [INFO] [1732031376.644719345] [node_io_weigh]: ---- Server Server Module_Input.node_io_weigh: Enable PIN: 1. Disable PIN: 1 ----
1732031376.6528790 [module_supervisor-1] [INFO] [1732031376.649693617] [Module_Supervisor]: ---- Supervisor: Connect to Module_Send_Email Successfully----
1732031376.8951192 [node_io_servo-4] [INFO] [1732031376.894190229] [node_io_servo]: ---- Server Server Module_Input.node_io_servo: TBDT PIN: 1. QA PIN: 1.  Diff PIN: 1----
1732031376.9940567 [node_io_weigh-6] [INFO] [1732031376.993283019] [node_io_weigh]: ---- Server Server Module_Input.node_io_weigh: Enable PIN: 1. Disable PIN: 1 ----
1732031377.2449749 [node_io_servo-4] [INFO] [1732031377.244197310] [node_io_servo]: ---- Server Server Module_Input.node_io_servo: TBDT PIN: 1. QA PIN: 1.  Diff PIN: 1----
1732031377.3461146 [node_io_weigh-6] [INFO] [1732031377.345318366] [node_io_weigh]: ---- Server Server Module_Input.node_io_weigh: Enable PIN: 1. Disable PIN: 1 ----
1732031377.5974188 [node_io_servo-4] [INFO] [1732031377.596070641] [node_io_servo]: ---- Server Server Module_Input.node_io_servo: TBDT PIN: 1. QA PIN: 1.  Diff PIN: 1----
1732031377.6940877 [node_io_weigh-6] [INFO] [1732031377.693255334] [node_io_weigh]: ---- Server Server Module_Input.node_io_weigh: Enable PIN: 1. Disable PIN: 1 ----
1732031377.9488149 [node_io_servo-4] [INFO] [1732031377.944324345] [node_io_servo]: ---- Server Server Module_Input.node_io_servo: TBDT PIN: 1. QA PIN: 1.  Diff PIN: 1----
1732031378.0467412 [node_io_weigh-6] [INFO] [1732031378.043412379] [node_io_weigh]: ---- Server Server Module_Input.node_io_weigh: Enable PIN: 1. Disable PIN: 1 ----
1732031378.2949693 [node_io_servo-4] [INFO] [1732031378.294125251] [node_io_servo]: ---- Server Server Module_Input.node_io_servo: TBDT PIN: 1. QA PIN: 1.  Diff PIN: 1----
1732031378.3959012 [node_io_weigh-6] [INFO] [1732031378.394977128] [node_io_weigh]: ---- Server Server Module_Input.node_io_weigh: Enable PIN: 1. Disable PIN: 1 ----
1732031378.6169724 [module_supervisor-1] [INFO] [1732031378.616110958] [Module_Supervisor]: ---- Supervisor: Connect to Module_Scanning&Interface Successfully----
1732031378.6197526 [module_supervisor-1] [INFO] [1732031378.618863692] [Module_Supervisor]: ---- Supervisor: Connect to Module_Input.node Successfully----
1732031378.6281047 [module_supervisor-1] [INFO] [1732031378.625558418] [Module_Supervisor]: ---- Supervisor: Connect to Module_Weigh Successfully----
1732031378.6338732 [module_supervisor-1] [INFO] [1732031378.632684618] [Module_Supervisor]: ---- Supervisor: Connect to Module_Motor.node_dc_motor Successfully----
1732031378.6435380 [module_supervisor-1] [INFO] [1732031378.640770562] [Module_Supervisor]: ---- Supervisor: Connect to Module_Input.node_io_servo Successfully----
1732031378.6474957 [module_supervisor-1] [INFO] [1732031378.646559246] [Module_Supervisor]: ---- Supervisor: Connect to Module_Send_Email Successfully----
1732031378.6515059 [node_io_servo-4] [INFO] [1732031378.648301903] [node_io_servo]: ---- Server Server Module_Input.node_io_servo: TBDT PIN: 1. QA PIN: 1.  Diff PIN: 1----
1732031378.7441020 [node_io_weigh-6] [INFO] [1732031378.743262671] [node_io_weigh]: ---- Server Server Module_Input.node_io_weigh: Enable PIN: 1. Disable PIN: 1 ----
1732031378.9967427 [node_io_servo-4] [INFO] [1732031378.995882791] [node_io_servo]: ---- Server Server Module_Input.node_io_servo: TBDT PIN: 1. QA PIN: 1.  Diff PIN: 1----
1732031379.0939159 [node_io_weigh-6] [INFO] [1732031379.093134339] [node_io_weigh]: ---- Server Server Module_Input.node_io_weigh: Enable PIN: 1. Disable PIN: 1 ----
1732031379.3479290 [node_io_servo-4] [INFO] [1732031379.347129182] [node_io_servo]: ---- Server Server Module_Input.node_io_servo: TBDT PIN: 1. QA PIN: 1.  Diff PIN: 1----
1732031379.4458919 [node_io_weigh-6] [INFO] [1732031379.444962924] [node_io_weigh]: ---- Server Server Module_Input.node_io_weigh: Enable PIN: 1. Disable PIN: 1 ----
1732031379.6967571 [node_io_servo-4] [INFO] [1732031379.694759353] [node_io_servo]: ---- Server Server Module_Input.node_io_servo: TBDT PIN: 1. QA PIN: 1.  Diff PIN: 1----
1732031379.7950792 [node_io_weigh-6] [INFO] [1732031379.794267586] [node_io_weigh]: ---- Server Server Module_Input.node_io_weigh: Enable PIN: 1. Disable PIN: 1 ----
1732031380.0464253 [node_io_servo-4] [INFO] [1732031380.045409013] [node_io_servo]: ---- Server Server Module_Input.node_io_servo: TBDT PIN: 1. QA PIN: 1.  Diff PIN: 1----
1732031380.1098335 [module_scanning_interface-2] /home/tomccd/Documents/Code/Python/DATN/install/module_scanning_interface/lib/python3.12/site-packages/module_scanning_interface/module_scanning_interface.py:341: UserWarning: pandas only supports SQLAlchemy connectable (engine/connection) or database string URI or sqlite3 DBAPI2 connection. Other DBAPI2 objects are not tested. Please consider using SQLAlchemy.
1732031380.1103339 [module_scanning_interface-2]   df = pd.read_sql(sql_query,self.conn)
1732031380.1281314 [module_scanning_interface-2] /home/tomccd/Documents/Code/Python/DATN/install/module_scanning_interface/lib/python3.12/site-packages/module_scanning_interface/module_scanning_interface.py:349: UserWarning: pandas only supports SQLAlchemy connectable (engine/connection) or database string URI or sqlite3 DBAPI2 connection. Other DBAPI2 objects are not tested. Please consider using SQLAlchemy.
1732031380.1291862 [module_scanning_interface-2]   df = pd.read_sql(sql_query,self.conn)
1732031380.1453345 [node_io_weigh-6] [INFO] [1732031380.144504070] [node_io_weigh]: ---- Server Server Module_Input.node_io_weigh: Enable PIN: 1. Disable PIN: 1 ----
1732031380.1544230 [module_scanning_interface-2] [INFO] [1732031380.152186076] [module_scanning_interface]: Data Collect: [['ABCD', 'Khac'], ['NK_S1', 'Quan ao']]
1732031380.2861397 [module_scanning_interface-2] [INFO] [1732031380.284421175] [module_scanning_interface]: Data Collect: [['ABCD', 'Khac'], ['NK_S1', 'Quan ao']]
1732031380.3902831 [module_scanning_interface-2] [INFO] [1732031380.389216677] [module_scanning_interface]: Data Collect: [['ABCD', 'Khac'], ['NK_S1', 'Quan ao']]
1732031380.3984320 [node_io_servo-4] [INFO] [1732031380.397203475] [node_io_servo]: ---- Server Server Module_Input.node_io_servo: TBDT PIN: 1. QA PIN: 1.  Diff PIN: 1----
1732031380.4991758 [node_io_weigh-6] [INFO] [1732031380.495942890] [node_io_weigh]: ---- Server Server Module_Input.node_io_weigh: Enable PIN: 1. Disable PIN: 1 ----
1732031380.5014303 [module_scanning_interface-2] [INFO] [1732031380.498883324] [module_scanning_interface]: Data Collect: [['ABCD', 'Khac'], ['NK_S1', 'Quan ao']]
1732031380.6054790 [module_scanning_interface-2] [INFO] [1732031380.604571405] [module_scanning_interface]: Data Collect: [['ABCD', 'Khac'], ['NK_S1', 'Quan ao']]
1732031380.6228297 [module_supervisor-1] [INFO] [1732031380.618684882] [Module_Supervisor]: ---- Supervisor: Connect to Module_Scanning&Interface Successfully----
1732031380.6270628 [module_supervisor-1] [INFO] [1732031380.626222668] [Module_Supervisor]: ---- Supervisor: Connect to Module_Input.node Successfully----
1732031380.6299760 [module_supervisor-1] [INFO] [1732031380.629182509] [Module_Supervisor]: ---- Supervisor: Connect to Module_Weigh Successfully----
1732031380.6333439 [module_supervisor-1] [INFO] [1732031380.632421217] [Module_Supervisor]: ---- Supervisor: Connect to Module_Motor.node_dc_motor Successfully----
1732031380.6363935 [module_supervisor-1] [INFO] [1732031380.635628573] [Module_Supervisor]: ---- Supervisor: Connect to Module_Input.node_io_servo Successfully----
1732031380.6398928 [module_supervisor-1] [INFO] [1732031380.639124609] [Module_Supervisor]: ---- Supervisor: Connect to Module_Send_Email Successfully----
1732031380.7308969 [module_scanning_interface-2] [INFO] [1732031380.729889541] [module_scanning_interface]: Data Collect: [['ABCD', 'Khac'], ['NK_S1', 'Quan ao']]
1732031380.7495492 [node_io_servo-4] [INFO] [1732031380.748207320] [node_io_servo]: ---- Server Server Module_Input.node_io_servo: TBDT PIN: 1. QA PIN: 1.  Diff PIN: 1----
1732031380.8366919 [module_scanning_interface-2] [INFO] [1732031380.835799284] [module_scanning_interface]: Data Collect: [['ABCD', 'Khac'], ['NK_S1', 'Quan ao']]
1732031380.8463328 [node_io_weigh-6] [INFO] [1732031380.844512552] [node_io_weigh]: ---- Server Server Module_Input.node_io_weigh: Enable PIN: 1. Disable PIN: 1 ----
1732031380.9381282 [module_scanning_interface-2] [INFO] [1732031380.936986900] [module_scanning_interface]: Data Collect: [['ABCD', 'Khac'], ['NK_S1', 'Quan ao']]
1732031381.0974560 [node_io_servo-4] [INFO] [1732031381.096275363] [node_io_servo]: ---- Server Server Module_Input.node_io_servo: TBDT PIN: 1. QA PIN: 1.  Diff PIN: 1----
1732031381.1944153 [node_io_weigh-6] [INFO] [1732031381.193611635] [node_io_weigh]: ---- Server Server Module_Input.node_io_weigh: Enable PIN: 1. Disable PIN: 1 ----
1732031381.4482720 [node_io_servo-4] [INFO] [1732031381.447310769] [node_io_servo]: ---- Server Server Module_Input.node_io_servo: TBDT PIN: 1. QA PIN: 1.  Diff PIN: 1----
1732031381.5464029 [node_io_weigh-6] [INFO] [1732031381.545289420] [node_io_weigh]: ---- Server Server Module_Input.node_io_weigh: Enable PIN: 1. Disable PIN: 1 ----
1732031381.7953188 [node_io_servo-4] [INFO] [1732031381.794289389] [node_io_servo]: ---- Server Server Module_Input.node_io_servo: TBDT PIN: 1. QA PIN: 1.  Diff PIN: 1----
1732031381.8958032 [node_io_weigh-6] [INFO] [1732031381.895034570] [node_io_weigh]: ---- Server Server Module_Input.node_io_weigh: Enable PIN: 1. Disable PIN: 1 ----
1732031382.1456773 [node_io_servo-4] [INFO] [1732031382.144858232] [node_io_servo]: ---- Server Server Module_Input.node_io_servo: TBDT PIN: 1. QA PIN: 1.  Diff PIN: 1----
1732031382.2438800 [node_io_weigh-6] [INFO] [1732031382.243141676] [node_io_weigh]: ---- Server Server Module_Input.node_io_weigh: Enable PIN: 1. Disable PIN: 1 ----
1732031382.4982741 [node_io_servo-4] [INFO] [1732031382.494923679] [node_io_servo]: ---- Server Server Module_Input.node_io_servo: TBDT PIN: 1. QA PIN: 1.  Diff PIN: 1----
1732031382.5954497 [node_io_weigh-6] [INFO] [1732031382.593994869] [node_io_weigh]: ---- Server Server Module_Input.node_io_weigh: Enable PIN: 1. Disable PIN: 1 ----
1732031382.6173184 [module_supervisor-1] [INFO] [1732031382.616390622] [Module_Supervisor]: ---- Supervisor: Connect to Module_Scanning&Interface Successfully----
1732031382.6201520 [module_supervisor-1] [INFO] [1732031382.619391444] [Module_Supervisor]: ---- Supervisor: Connect to Module_Input.node Successfully----
1732031382.6258755 [module_supervisor-1] [INFO] [1732031382.622585022] [Module_Supervisor]: ---- Supervisor: Connect to Module_Weigh Successfully----
1732031382.6298242 [module_supervisor-1] [INFO] [1732031382.628860755] [Module_Supervisor]: ---- Supervisor: Connect to Module_Motor.node_dc_motor Successfully----
1732031382.6389148 [module_supervisor-1] [INFO] [1732031382.635052082] [Module_Supervisor]: ---- Supervisor: Connect to Module_Input.node_io_servo Successfully----
1732031382.6477814 [module_supervisor-1] [INFO] [1732031382.643913699] [Module_Supervisor]: ---- Supervisor: Connect to Module_Send_Email Successfully----
1732031382.8468919 [node_io_servo-4] [INFO] [1732031382.845951055] [node_io_servo]: ---- Server Server Module_Input.node_io_servo: TBDT PIN: 1. QA PIN: 1.  Diff PIN: 1----
1732031382.9486055 [node_io_weigh-6] [INFO] [1732031382.945678864] [node_io_weigh]: ---- Server Server Module_Input.node_io_weigh: Enable PIN: 1. Disable PIN: 1 ----
1732031383.1967454 [node_io_servo-4] [INFO] [1732031383.195846952] [node_io_servo]: ---- Server Server Module_Input.node_io_servo: TBDT PIN: 1. QA PIN: 1.  Diff PIN: 1----
1732031383.2938039 [node_io_weigh-6] [INFO] [1732031383.293047508] [node_io_weigh]: ---- Server Server Module_Input.node_io_weigh: Enable PIN: 0. Disable PIN: 1 ----
1732031383.4099584 [module_weigh-7] [INFO] [1732031383.409089484] [module_weigh]: ---- Server Module Weigh Receive Message: True ----
1732031383.5467124 [node_io_servo-4] [INFO] [1732031383.544450096] [node_io_servo]: ---- Server Server Module_Input.node_io_servo: TBDT PIN: 1. QA PIN: 1.  Diff PIN: 1----
1732031383.6438317 [node_io_weigh-6] [INFO] [1732031383.643062814] [node_io_weigh]: ---- Server Server Module_Input.node_io_weigh: Enable PIN: 1. Disable PIN: 1 ----
1732031383.8955891 [node_io_servo-4] [INFO] [1732031383.894478827] [node_io_servo]: ---- Server Server Module_Input.node_io_servo: TBDT PIN: 1. QA PIN: 1.  Diff PIN: 1----
1732031383.9957511 [node_io_weigh-6] [INFO] [1732031383.994026660] [node_io_weigh]: ---- Server Server Module_Input.node_io_weigh: Enable PIN: 1. Disable PIN: 1 ----
1732031384.2459304 [node_io_servo-4] [INFO] [1732031384.245050980] [node_io_servo]: ---- Server Server Module_Input.node_io_servo: TBDT PIN: 1. QA PIN: 1.  Diff PIN: 1----
1732031384.3441341 [node_io_weigh-6] [INFO] [1732031384.343277836] [node_io_weigh]: ---- Server Server Module_Input.node_io_weigh: Enable PIN: 1. Disable PIN: 1 ----
1732031384.6017225 [node_io_servo-4] [INFO] [1732031384.600864996] [node_io_servo]: ---- Server Server Module_Input.node_io_servo: TBDT PIN: 1. QA PIN: 1.  Diff PIN: 1----
1732031384.6204703 [module_supervisor-1] [INFO] [1732031384.616753094] [Module_Supervisor]: ---- Supervisor: Connect to Module_Scanning&Interface Successfully----
1732031384.6246674 [module_supervisor-1] [INFO] [1732031384.623645354] [Module_Supervisor]: ---- Supervisor: Connect to Module_Input.node Successfully----
1732031384.6280687 [module_supervisor-1] [INFO] [1732031384.627159538] [Module_Supervisor]: ---- Supervisor: Connect to Module_Weigh Successfully----
1732031384.6337008 [module_supervisor-1] [INFO] [1732031384.632032924] [Module_Supervisor]: ---- Supervisor: Connect to Module_Motor.node_dc_motor Successfully----
1732031384.6410961 [module_supervisor-1] [INFO] [1732031384.638483024] [Module_Supervisor]: ---- Supervisor: Connect to Module_Input.node_io_servo Successfully----
1732031384.6559680 [module_supervisor-1] [INFO] [1732031384.650148171] [Module_Supervisor]: ---- Supervisor: Connect to Module_Send_Email Successfully----
1732031384.6948197 [node_io_weigh-6] [INFO] [1732031384.693212816] [node_io_weigh]: ---- Server Server Module_Input.node_io_weigh: Enable PIN: 1. Disable PIN: 1 ----
1732031384.9484425 [node_io_servo-4] [INFO] [1732031384.944874422] [node_io_servo]: ---- Server Server Module_Input.node_io_servo: TBDT PIN: 1. QA PIN: 1.  Diff PIN: 1----
1732031385.0446656 [node_io_weigh-6] [INFO] [1732031385.043747898] [node_io_weigh]: ---- Server Server Module_Input.node_io_weigh: Enable PIN: 1. Disable PIN: 1 ----
1732031385.3024395 [node_io_servo-4] [INFO] [1732031385.301628725] [node_io_servo]: ---- Server Server Module_Input.node_io_servo: TBDT PIN: 1. QA PIN: 1.  Diff PIN: 1----
1732031385.3941424 [node_io_weigh-6] [INFO] [1732031385.393261928] [node_io_weigh]: ---- Server Server Module_Input.node_io_weigh: Enable PIN: 1. Disable PIN: 1 ----
1732031385.6489351 [node_io_servo-4] [INFO] [1732031385.645879968] [node_io_servo]: ---- Server Server Module_Input.node_io_servo: TBDT PIN: 1. QA PIN: 1.  Diff PIN: 1----
1732031385.7458799 [node_io_weigh-6] [INFO] [1732031385.743493891] [node_io_weigh]: ---- Server Server Module_Input.node_io_weigh: Enable PIN: 1. Disable PIN: 1 ----
1732031385.9957480 [node_io_servo-4] [INFO] [1732031385.994909877] [node_io_servo]: ---- Server Server Module_Input.node_io_servo: TBDT PIN: 1. QA PIN: 1.  Diff PIN: 1----
1732031386.0957761 [node_io_weigh-6] [INFO] [1732031386.093796595] [node_io_weigh]: ---- Server Server Module_Input.node_io_weigh: Enable PIN: 1. Disable PIN: 1 ----
1732031386.3471143 [node_io_servo-4] [INFO] [1732031386.345824279] [node_io_servo]: ---- Server Server Module_Input.node_io_servo: TBDT PIN: 1. QA PIN: 1.  Diff PIN: 1----
1732031386.4448266 [node_io_weigh-6] [INFO] [1732031386.443074635] [node_io_weigh]: ---- Server Server Module_Input.node_io_weigh: Enable PIN: 1. Disable PIN: 1 ----
1732031386.6172955 [module_supervisor-1] [INFO] [1732031386.616393834] [Module_Supervisor]: ---- Supervisor: Connect to Module_Scanning&Interface Successfully----
1732031386.6228025 [module_supervisor-1] [INFO] [1732031386.619421137] [Module_Supervisor]: ---- Supervisor: Connect to Module_Input.node Successfully----
1732031386.6271539 [module_supervisor-1] [INFO] [1732031386.625752388] [Module_Supervisor]: ---- Supervisor: Connect to Module_Weigh Successfully----
1732031386.6390908 [module_supervisor-1] [INFO] [1732031386.637694031] [Module_Supervisor]: ---- Supervisor: Connect to Module_Motor.node_dc_motor Successfully----
1732031386.6465466 [module_supervisor-1] [INFO] [1732031386.642822949] [Module_Supervisor]: ---- Supervisor: Connect to Module_Input.node_io_servo Successfully----
1732031386.6506104 [module_supervisor-1] [INFO] [1732031386.647961515] [Module_Supervisor]: ---- Supervisor: Connect to Module_Send_Email Successfully----
1732031386.6976442 [node_io_servo-4] [INFO] [1732031386.695282205] [node_io_servo]: ---- Server Server Module_Input.node_io_servo: TBDT PIN: 1. QA PIN: 1.  Diff PIN: 1----
1732031386.7947412 [node_io_weigh-6] [INFO] [1732031386.793863688] [node_io_weigh]: ---- Server Server Module_Input.node_io_weigh: Enable PIN: 1. Disable PIN: 1 ----
1732031387.0463374 [node_io_servo-4] [INFO] [1732031387.045145977] [node_io_servo]: ---- Server Server Module_Input.node_io_servo: TBDT PIN: 1. QA PIN: 1.  Diff PIN: 1----
1732031387.1462476 [node_io_weigh-6] [INFO] [1732031387.144592652] [node_io_weigh]: ---- Server Server Module_Input.node_io_weigh: Enable PIN: 1. Disable PIN: 1 ----
1732031387.3953245 [node_io_servo-4] [INFO] [1732031387.394306414] [node_io_servo]: ---- Server Server Module_Input.node_io_servo: TBDT PIN: 1. QA PIN: 1.  Diff PIN: 1----
1732031387.4951122 [node_io_weigh-6] [INFO] [1732031387.493696682] [node_io_weigh]: ---- Server Server Module_Input.node_io_weigh: Enable PIN: 1. Disable PIN: 1 ----
1732031387.7456281 [node_io_servo-4] [INFO] [1732031387.744634166] [node_io_servo]: ---- Server Server Module_Input.node_io_servo: TBDT PIN: 1. QA PIN: 1.  Diff PIN: 1----
1732031387.8480954 [node_io_weigh-6] [INFO] [1732031387.847190643] [node_io_weigh]: ---- Server Server Module_Input.node_io_weigh: Enable PIN: 1. Disable PIN: 1 ----
1732031388.0969377 [node_io_servo-4] [INFO] [1732031388.095949292] [node_io_servo]: ---- Server Server Module_Input.node_io_servo: TBDT PIN: 1. QA PIN: 1.  Diff PIN: 1----
1732031388.1939151 [node_io_weigh-6] [INFO] [1732031388.193171986] [node_io_weigh]: ---- Server Server Module_Input.node_io_weigh: Enable PIN: 1. Disable PIN: 1 ----
1732031388.4467888 [node_io_servo-4] [INFO] [1732031388.444891461] [node_io_servo]: ---- Server Server Module_Input.node_io_servo: TBDT PIN: 1. QA PIN: 1.  Diff PIN: 1----
1732031388.5455375 [node_io_weigh-6] [INFO] [1732031388.544492487] [node_io_weigh]: ---- Server Server Module_Input.node_io_weigh: Enable PIN: 1. Disable PIN: 1 ----
1732031388.6199374 [module_supervisor-1] [INFO] [1732031388.618839674] [Module_Supervisor]: ---- Supervisor: Connect to Module_Scanning&Interface Successfully----
1732031388.6312351 [module_supervisor-1] [INFO] [1732031388.624545120] [Module_Supervisor]: ---- Supervisor: Connect to Module_Input.node Successfully----
1732031388.6429300 [module_supervisor-1] [INFO] [1732031388.634656126] [Module_Supervisor]: ---- Supervisor: Connect to Module_Weigh Successfully----
1732031388.6499605 [module_supervisor-1] [INFO] [1732031388.648550886] [Module_Supervisor]: ---- Supervisor: Connect to Module_Motor.node_dc_motor Successfully----
1732031388.6656232 [module_supervisor-1] [INFO] [1732031388.661462033] [Module_Supervisor]: ---- Supervisor: Connect to Module_Input.node_io_servo Successfully----
1732031388.6821558 [module_supervisor-1] [INFO] [1732031388.669499053] [Module_Supervisor]: ---- Supervisor: Connect to Module_Send_Email Successfully----
1732031388.8013961 [node_io_servo-4] [INFO] [1732031388.798501870] [node_io_servo]: ---- Server Server Module_Input.node_io_servo: TBDT PIN: 1. QA PIN: 1.  Diff PIN: 1----
1732031388.8967350 [node_io_weigh-6] [INFO] [1732031388.894377844] [node_io_weigh]: ---- Server Server Module_Input.node_io_weigh: Enable PIN: 1. Disable PIN: 1 ----
1732031389.1546965 [node_io_servo-4] [INFO] [1732031389.153840496] [node_io_servo]: ---- Server Server Module_Input.node_io_servo: TBDT PIN: 1. QA PIN: 1.  Diff PIN: 1----
1732031389.2446916 [node_io_weigh-6] [INFO] [1732031389.243895119] [node_io_weigh]: ---- Server Server Module_Input.node_io_weigh: Enable PIN: 1. Disable PIN: 1 ----
1732031389.4948807 [node_io_servo-4] [INFO] [1732031389.494092549] [node_io_servo]: ---- Server Server Module_Input.node_io_servo: TBDT PIN: 1. QA PIN: 1.  Diff PIN: 1----
1732031389.5961764 [node_io_weigh-6] [INFO] [1732031389.593976499] [node_io_weigh]: ---- Server Server Module_Input.node_io_weigh: Enable PIN: 1. Disable PIN: 1 ----
1732031389.8469558 [node_io_servo-4] [INFO] [1732031389.846038491] [node_io_servo]: ---- Server Server Module_Input.node_io_servo: TBDT PIN: 1. QA PIN: 1.  Diff PIN: 1----
1732031389.9529037 [node_io_weigh-6] [INFO] [1732031389.950561033] [node_io_weigh]: ---- Server Server Module_Input.node_io_weigh: Enable PIN: 1. Disable PIN: 1 ----
1732031390.1981297 [node_io_servo-4] [INFO] [1732031390.195418274] [node_io_servo]: ---- Server Server Module_Input.node_io_servo: TBDT PIN: 1. QA PIN: 1.  Diff PIN: 1----
1732031390.3006611 [node_io_weigh-6] [INFO] [1732031390.298616542] [node_io_weigh]: ---- Server Server Module_Input.node_io_weigh: Enable PIN: 1. Disable PIN: 1 ----
1732031390.5531373 [node_io_servo-4] [INFO] [1732031390.550855093] [node_io_servo]: ---- Server Server Module_Input.node_io_servo: TBDT PIN: 1. QA PIN: 1.  Diff PIN: 1----
1732031390.6191027 [module_supervisor-1] [INFO] [1732031390.616582975] [Module_Supervisor]: ---- Supervisor: Connect to Module_Scanning&Interface Successfully----
1732031390.6237795 [module_supervisor-1] [INFO] [1732031390.620690724] [Module_Supervisor]: ---- Supervisor: Connect to Module_Input.node Successfully----
1732031390.6412473 [module_supervisor-1] [INFO] [1732031390.624375795] [Module_Supervisor]: ---- Supervisor: Connect to Module_Weigh Successfully----
1732031390.6432741 [module_supervisor-1] [INFO] [1732031390.627990016] [Module_Supervisor]: ---- Supervisor: Connect to Module_Motor.node_dc_motor Successfully----
1732031390.6447096 [module_supervisor-1] [INFO] [1732031390.631977860] [Module_Supervisor]: ---- Supervisor: Connect to Module_Input.node_io_servo Successfully----
1732031390.6455362 [module_supervisor-1] [INFO] [1732031390.636594712] [Module_Supervisor]: ---- Supervisor: Connect to Module_Send_Email Successfully----
1732031390.6518230 [node_io_weigh-6] [INFO] [1732031390.649096440] [node_io_weigh]: ---- Server Server Module_Input.node_io_weigh: Enable PIN: 1. Disable PIN: 1 ----
1732031390.8949766 [node_io_servo-4] [INFO] [1732031390.894189733] [node_io_servo]: ---- Server Server Module_Input.node_io_servo: TBDT PIN: 1. QA PIN: 1.  Diff PIN: 1----
1732031390.9948337 [node_io_weigh-6] [INFO] [1732031390.993970463] [node_io_weigh]: ---- Server Server Module_Input.node_io_weigh: Enable PIN: 1. Disable PIN: 1 ----
1732031391.2460907 [node_io_servo-4] [INFO] [1732031391.245213163] [node_io_servo]: ---- Server Server Module_Input.node_io_servo: TBDT PIN: 1. QA PIN: 1.  Diff PIN: 1----
1732031391.3452826 [node_io_weigh-6] [INFO] [1732031391.343854543] [node_io_weigh]: ---- Server Server Module_Input.node_io_weigh: Enable PIN: 1. Disable PIN: 1 ----
1732031391.5975125 [node_io_servo-4] [INFO] [1732031391.596350001] [node_io_servo]: ---- Server Server Module_Input.node_io_servo: TBDT PIN: 1. QA PIN: 1.  Diff PIN: 1----
1732031391.6950793 [node_io_weigh-6] [INFO] [1732031391.694259577] [node_io_weigh]: ---- Server Server Module_Input.node_io_weigh: Enable PIN: 1. Disable PIN: 1 ----
1732031391.9468217 [node_io_servo-4] [INFO] [1732031391.944290019] [node_io_servo]: ---- Server Server Module_Input.node_io_servo: TBDT PIN: 1. QA PIN: 1.  Diff PIN: 1----
1732031392.0448968 [node_io_weigh-6] [INFO] [1732031392.044032530] [node_io_weigh]: ---- Server Server Module_Input.node_io_weigh: Enable PIN: 1. Disable PIN: 1 ----
1732031392.3007965 [node_io_servo-4] [INFO] [1732031392.295387584] [node_io_servo]: ---- Server Server Module_Input.node_io_servo: TBDT PIN: 1. QA PIN: 1.  Diff PIN: 1----
1732031392.3962064 [node_io_weigh-6] [INFO] [1732031392.395208317] [node_io_weigh]: ---- Server Server Module_Input.node_io_weigh: Enable PIN: 1. Disable PIN: 1 ----
1732031392.6199474 [module_supervisor-1] [INFO] [1732031392.619070326] [Module_Supervisor]: ---- Supervisor: Connect to Module_Scanning&Interface Successfully----
1732031392.6248274 [module_supervisor-1] [INFO] [1732031392.622228405] [Module_Supervisor]: ---- Supervisor: Connect to Module_Input.node Successfully----
1732031392.6413262 [module_supervisor-1] [INFO] [1732031392.639773424] [Module_Supervisor]: ---- Supervisor: Connect to Module_Weigh Successfully----
1732031392.6455815 [module_supervisor-1] [INFO] [1732031392.644039282] [Module_Supervisor]: ---- Supervisor: Connect to Module_Motor.node_dc_motor Successfully----
1732031392.6496742 [module_supervisor-1] [INFO] [1732031392.648470656] [Module_Supervisor]: ---- Supervisor: Connect to Module_Input.node_io_servo Successfully----
1732031392.6553335 [node_io_servo-4] [INFO] [1732031392.652343373] [node_io_servo]: ---- Server Server Module_Input.node_io_servo: TBDT PIN: 1. QA PIN: 1.  Diff PIN: 1----
1732031392.6587782 [module_supervisor-1] [INFO] [1732031392.657923692] [Module_Supervisor]: ---- Supervisor: Connect to Module_Send_Email Successfully----
1732031392.7449899 [node_io_weigh-6] [INFO] [1732031392.744214621] [node_io_weigh]: ---- Server Server Module_Input.node_io_weigh: Enable PIN: 1. Disable PIN: 1 ----
1732031392.9959204 [node_io_servo-4] [INFO] [1732031392.994804206] [node_io_servo]: ---- Server Server Module_Input.node_io_servo: TBDT PIN: 1. QA PIN: 1.  Diff PIN: 1----
1732031393.0951886 [node_io_weigh-6] [INFO] [1732031393.094226687] [node_io_weigh]: ---- Server Server Module_Input.node_io_weigh: Enable PIN: 1. Disable PIN: 1 ----
1732031393.3482354 [node_io_servo-4] [INFO] [1732031393.344229786] [node_io_servo]: ---- Server Server Module_Input.node_io_servo: TBDT PIN: 1. QA PIN: 1.  Diff PIN: 1----
1732031393.4446774 [node_io_weigh-6] [INFO] [1732031393.443761933] [node_io_weigh]: ---- Server Server Module_Input.node_io_weigh: Enable PIN: 1. Disable PIN: 1 ----
1732031393.6948605 [node_io_servo-4] [INFO] [1732031393.694087212] [node_io_servo]: ---- Server Server Module_Input.node_io_servo: TBDT PIN: 1. QA PIN: 1.  Diff PIN: 1----
1732031393.7968612 [node_io_weigh-6] [INFO] [1732031393.795623179] [node_io_weigh]: ---- Server Server Module_Input.node_io_weigh: Enable PIN: 1. Disable PIN: 1 ----
1732031394.0449836 [node_io_servo-4] [INFO] [1732031394.044180838] [node_io_servo]: ---- Server Server Module_Input.node_io_servo: TBDT PIN: 1. QA PIN: 1.  Diff PIN: 1----
1732031394.1468520 [node_io_weigh-6] [INFO] [1732031394.145951600] [node_io_weigh]: ---- Server Server Module_Input.node_io_weigh: Enable PIN: 1. Disable PIN: 1 ----
1732031394.3999810 [node_io_servo-4] [INFO] [1732031394.396742209] [node_io_servo]: ---- Server Server Module_Input.node_io_servo: TBDT PIN: 1. QA PIN: 1.  Diff PIN: 1----
1732031394.5008602 [node_io_weigh-6] [INFO] [1732031394.493447680] [node_io_weigh]: ---- Server Server Module_Input.node_io_weigh: Enable PIN: 1. Disable PIN: 1 ----
1732031394.6171541 [module_supervisor-1] [INFO] [1732031394.616133333] [Module_Supervisor]: ---- Supervisor: Connect to Module_Scanning&Interface Successfully----
1732031394.6233382 [module_supervisor-1] [INFO] [1732031394.619579834] [Module_Supervisor]: ---- Supervisor: Connect to Module_Input.node Successfully----
1732031394.6284351 [module_supervisor-1] [INFO] [1732031394.625993344] [Module_Supervisor]: ---- Supervisor: Connect to Module_Weigh Successfully----
1732031394.6338549 [module_supervisor-1] [INFO] [1732031394.632486963] [Module_Supervisor]: ---- Supervisor: Connect to Module_Motor.node_dc_motor Successfully----
1732031394.6386592 [module_supervisor-1] [INFO] [1732031394.636953133] [Module_Supervisor]: ---- Supervisor: Connect to Module_Input.node_io_servo Successfully----
1732031394.6461902 [module_supervisor-1] [INFO] [1732031394.641968313] [Module_Supervisor]: ---- Supervisor: Connect to Module_Send_Email Successfully----
1732031394.7451305 [node_io_servo-4] [INFO] [1732031394.744250122] [node_io_servo]: ---- Server Server Module_Input.node_io_servo: TBDT PIN: 1. QA PIN: 1.  Diff PIN: 1----
1732031394.8453100 [node_io_weigh-6] [INFO] [1732031394.843648032] [node_io_weigh]: ---- Server Server Module_Input.node_io_weigh: Enable PIN: 1. Disable PIN: 1 ----
1732031395.0987835 [node_io_servo-4] [INFO] [1732031395.097273561] [node_io_servo]: ---- Server Server Module_Input.node_io_servo: TBDT PIN: 1. QA PIN: 1.  Diff PIN: 1----
1732031395.1946032 [node_io_weigh-6] [INFO] [1732031395.193841277] [node_io_weigh]: ---- Server Server Module_Input.node_io_weigh: Enable PIN: 1. Disable PIN: 1 ----
1732031395.4454107 [node_io_servo-4] [INFO] [1732031395.444382968] [node_io_servo]: ---- Server Server Module_Input.node_io_servo: TBDT PIN: 1. QA PIN: 1.  Diff PIN: 1----
1732031395.5457160 [node_io_weigh-6] [INFO] [1732031395.543852823] [node_io_weigh]: ---- Server Server Module_Input.node_io_weigh: Enable PIN: 0. Disable PIN: 1 ----
1732031395.6783512 [module_weigh-7] [INFO] [1732031395.677542471] [module_weigh]: ---- Server Module Weigh Receive Message: True ----
1732031395.7961574 [node_io_servo-4] [INFO] [1732031395.795120503] [node_io_servo]: ---- Server Server Module_Input.node_io_servo: TBDT PIN: 1. QA PIN: 1.  Diff PIN: 1----
1732031395.8945675 [node_io_weigh-6] [INFO] [1732031395.893383433] [node_io_weigh]: ---- Server Server Module_Input.node_io_weigh: Enable PIN: 1. Disable PIN: 1 ----
1732031396.1451638 [node_io_servo-4] [INFO] [1732031396.144332935] [node_io_servo]: ---- Server Server Module_Input.node_io_servo: TBDT PIN: 1. QA PIN: 1.  Diff PIN: 1----
1732031396.2463536 [node_io_weigh-6] [INFO] [1732031396.244604853] [node_io_weigh]: ---- Server Server Module_Input.node_io_weigh: Enable PIN: 1. Disable PIN: 1 ----
1732031396.4951448 [node_io_servo-4] [INFO] [1732031396.494268971] [node_io_servo]: ---- Server Server Module_Input.node_io_servo: TBDT PIN: 1. QA PIN: 1.  Diff PIN: 1----
1732031396.5938568 [node_io_weigh-6] [INFO] [1732031396.593118226] [node_io_weigh]: ---- Server Server Module_Input.node_io_weigh: Enable PIN: 1. Disable PIN: 1 ----
1732031396.6179569 [module_supervisor-1] [INFO] [1732031396.617062237] [Module_Supervisor]: ---- Supervisor: Connect to Module_Scanning&Interface Successfully----
1732031396.6286480 [module_supervisor-1] [INFO] [1732031396.620339593] [Module_Supervisor]: ---- Supervisor: Connect to Module_Input.node Successfully----
1732031396.6313379 [module_supervisor-1] [INFO] [1732031396.626116891] [Module_Supervisor]: ---- Supervisor: Connect to Module_Weigh Successfully----
1732031396.6342740 [module_supervisor-1] [INFO] [1732031396.630404693] [Module_Supervisor]: ---- Supervisor: Connect to Module_Motor.node_dc_motor Successfully----
1732031396.6366405 [module_supervisor-1] [INFO] [1732031396.634118876] [Module_Supervisor]: ---- Supervisor: Connect to Module_Input.node_io_servo Successfully----
1732031396.6421742 [module_supervisor-1] [INFO] [1732031396.638560139] [Module_Supervisor]: ---- Supervisor: Connect to Module_Send_Email Successfully----
1732031396.8540547 [node_io_servo-4] [INFO] [1732031396.849612050] [node_io_servo]: ---- Server Server Module_Input.node_io_servo: TBDT PIN: 1. QA PIN: 1.  Diff PIN: 1----
1732031396.9465578 [node_io_weigh-6] [INFO] [1732031396.943304294] [node_io_weigh]: ---- Server Server Module_Input.node_io_weigh: Enable PIN: 1. Disable PIN: 1 ----
1732031397.1963892 [node_io_servo-4] [INFO] [1732031397.194427114] [node_io_servo]: ---- Server Server Module_Input.node_io_servo: TBDT PIN: 1. QA PIN: 1.  Diff PIN: 1----
1732031397.2973773 [node_io_weigh-6] [INFO] [1732031397.295205285] [node_io_weigh]: ---- Server Server Module_Input.node_io_weigh: Enable PIN: 1. Disable PIN: 1 ----
1732031397.5485020 [node_io_servo-4] [INFO] [1732031397.544645095] [node_io_servo]: ---- Server Server Module_Input.node_io_servo: TBDT PIN: 1. QA PIN: 1.  Diff PIN: 1----
1732031397.6454108 [node_io_weigh-6] [INFO] [1732031397.643726164] [node_io_weigh]: ---- Server Server Module_Input.node_io_weigh: Enable PIN: 1. Disable PIN: 1 ----
1732031397.8953004 [node_io_servo-4] [INFO] [1732031397.894414751] [node_io_servo]: ---- Server Server Module_Input.node_io_servo: TBDT PIN: 1. QA PIN: 1.  Diff PIN: 1----
1732031397.9945676 [node_io_weigh-6] [INFO] [1732031397.993813647] [node_io_weigh]: ---- Server Server Module_Input.node_io_weigh: Enable PIN: 1. Disable PIN: 1 ----
1732031398.2450640 [node_io_servo-4] [INFO] [1732031398.244225854] [node_io_servo]: ---- Server Server Module_Input.node_io_servo: TBDT PIN: 1. QA PIN: 1.  Diff PIN: 1----
1732031398.3455803 [node_io_weigh-6] [INFO] [1732031398.344792956] [node_io_weigh]: ---- Server Server Module_Input.node_io_weigh: Enable PIN: 1. Disable PIN: 1 ----
1732031398.5963497 [node_io_servo-4] [INFO] [1732031398.595369364] [node_io_servo]: ---- Server Server Module_Input.node_io_servo: TBDT PIN: 1. QA PIN: 1.  Diff PIN: 1----
1732031398.6167533 [module_supervisor-1] [INFO] [1732031398.615960743] [Module_Supervisor]: ---- Supervisor: Connect to Module_Scanning&Interface Successfully----
1732031398.6228464 [module_supervisor-1] [INFO] [1732031398.619147508] [Module_Supervisor]: ---- Supervisor: Connect to Module_Input.node Successfully----
1732031398.6254480 [module_supervisor-1] [INFO] [1732031398.624652736] [Module_Supervisor]: ---- Supervisor: Connect to Module_Weigh Successfully----
1732031398.6308753 [module_supervisor-1] [INFO] [1732031398.629748248] [Module_Supervisor]: ---- Supervisor: Connect to Module_Motor.node_dc_motor Successfully----
1732031398.6418686 [module_supervisor-1] [INFO] [1732031398.640737205] [Module_Supervisor]: ---- Supervisor: Connect to Module_Input.node_io_servo Successfully----
1732031398.6459236 [module_supervisor-1] [INFO] [1732031398.645166691] [Module_Supervisor]: ---- Supervisor: Connect to Module_Send_Email Successfully----
1732031398.6986568 [node_io_weigh-6] [INFO] [1732031398.694904408] [node_io_weigh]: ---- Server Server Module_Input.node_io_weigh: Enable PIN: 1. Disable PIN: 1 ----
1732031398.9476693 [node_io_servo-4] [INFO] [1732031398.946552262] [node_io_servo]: ---- Server Server Module_Input.node_io_servo: TBDT PIN: 1. QA PIN: 1.  Diff PIN: 1----
1732031399.0439334 [node_io_weigh-6] [INFO] [1732031399.043119039] [node_io_weigh]: ---- Server Server Module_Input.node_io_weigh: Enable PIN: 1. Disable PIN: 1 ----
1732031399.2991700 [node_io_servo-4] [INFO] [1732031399.297479743] [node_io_servo]: ---- Server Server Module_Input.node_io_servo: TBDT PIN: 1. QA PIN: 1.  Diff PIN: 1----
1732031399.3942332 [node_io_weigh-6] [INFO] [1732031399.393256367] [node_io_weigh]: ---- Server Server Module_Input.node_io_weigh: Enable PIN: 1. Disable PIN: 1 ----
1732031399.6452308 [node_io_servo-4] [INFO] [1732031399.644281327] [node_io_servo]: ---- Server Server Module_Input.node_io_servo: TBDT PIN: 1. QA PIN: 1.  Diff PIN: 1----
1732031399.7466555 [node_io_weigh-6] [INFO] [1732031399.744415957] [node_io_weigh]: ---- Server Server Module_Input.node_io_weigh: Enable PIN: 1. Disable PIN: 1 ----
1732031399.9966195 [node_io_servo-4] [INFO] [1732031399.995625396] [node_io_servo]: ---- Server Server Module_Input.node_io_servo: TBDT PIN: 1. QA PIN: 1.  Diff PIN: 1----
1732031400.0981116 [node_io_weigh-6] [INFO] [1732031400.097267577] [node_io_weigh]: ---- Server Server Module_Input.node_io_weigh: Enable PIN: 1. Disable PIN: 1 ----
1732031400.3469973 [node_io_servo-4] [INFO] [1732031400.345301811] [node_io_servo]: ---- Server Server Module_Input.node_io_servo: TBDT PIN: 1. QA PIN: 1.  Diff PIN: 1----
1732031400.4465208 [node_io_weigh-6] [INFO] [1732031400.444318904] [node_io_weigh]: ---- Server Server Module_Input.node_io_weigh: Enable PIN: 1. Disable PIN: 1 ----
1732031400.6173308 [module_supervisor-1] [INFO] [1732031400.616088910] [Module_Supervisor]: ---- Supervisor: Connect to Module_Scanning&Interface Successfully----
1732031400.6226928 [module_supervisor-1] [INFO] [1732031400.621495306] [Module_Supervisor]: ---- Supervisor: Connect to Module_Input.node Successfully----
1732031400.6277759 [module_supervisor-1] [INFO] [1732031400.625288654] [Module_Supervisor]: ---- Supervisor: Connect to Module_Weigh Successfully----
1732031400.6303759 [module_supervisor-1] [INFO] [1732031400.629382812] [Module_Supervisor]: ---- Supervisor: Connect to Module_Motor.node_dc_motor Successfully----
1732031400.6349525 [module_supervisor-1] [INFO] [1732031400.633361731] [Module_Supervisor]: ---- Supervisor: Connect to Module_Input.node_io_servo Successfully----
1732031400.6387479 [module_supervisor-1] [INFO] [1732031400.637789736] [Module_Supervisor]: ---- Supervisor: Connect to Module_Send_Email Successfully----
1732031400.6954982 [node_io_servo-4] [INFO] [1732031400.694555400] [node_io_servo]: ---- Server Server Module_Input.node_io_servo: TBDT PIN: 1. QA PIN: 1.  Diff PIN: 1----
1732031400.7966835 [node_io_weigh-6] [INFO] [1732031400.795486815] [node_io_weigh]: ---- Server Server Module_Input.node_io_weigh: Enable PIN: 1. Disable PIN: 1 ----
1732031401.0469768 [node_io_servo-4] [INFO] [1732031401.045470259] [node_io_servo]: ---- Server Server Module_Input.node_io_servo: TBDT PIN: 1. QA PIN: 1.  Diff PIN: 1----
1732031401.1474426 [node_io_weigh-6] [INFO] [1732031401.145723150] [node_io_weigh]: ---- Server Server Module_Input.node_io_weigh: Enable PIN: 1. Disable PIN: 1 ----
1732031401.3954527 [node_io_servo-4] [INFO] [1732031401.394586764] [node_io_servo]: ---- Server Server Module_Input.node_io_servo: TBDT PIN: 1. QA PIN: 1.  Diff PIN: 1----
1732031401.4939263 [node_io_weigh-6] [INFO] [1732031401.493176087] [node_io_weigh]: ---- Server Server Module_Input.node_io_weigh: Enable PIN: 1. Disable PIN: 1 ----
1732031401.7449088 [node_io_servo-4] [INFO] [1732031401.744071522] [node_io_servo]: ---- Server Server Module_Input.node_io_servo: TBDT PIN: 1. QA PIN: 1.  Diff PIN: 1----
1732031401.8459005 [node_io_weigh-6] [INFO] [1732031401.845094696] [node_io_weigh]: ---- Server Server Module_Input.node_io_weigh: Enable PIN: 1. Disable PIN: 1 ----
1732031402.0959063 [node_io_servo-4] [INFO] [1732031402.095036591] [node_io_servo]: ---- Server Server Module_Input.node_io_servo: TBDT PIN: 1. QA PIN: 1.  Diff PIN: 1----
1732031402.1956418 [node_io_weigh-6] [INFO] [1732031402.194718696] [node_io_weigh]: ---- Server Server Module_Input.node_io_weigh: Enable PIN: 1. Disable PIN: 1 ----
1732031402.4511867 [node_io_servo-4] [INFO] [1732031402.450226488] [node_io_servo]: ---- Server Server Module_Input.node_io_servo: TBDT PIN: 1. QA PIN: 1.  Diff PIN: 1----
1732031402.5442212 [node_io_weigh-6] [INFO] [1732031402.543315584] [node_io_weigh]: ---- Server Server Module_Input.node_io_weigh: Enable PIN: 1. Disable PIN: 1 ----
1732031402.6219509 [module_supervisor-1] [INFO] [1732031402.619819441] [Module_Supervisor]: ---- Supervisor: Connect to Module_Scanning&Interface Successfully----
1732031402.6245537 [module_supervisor-1] [INFO] [1732031402.623402070] [Module_Supervisor]: ---- Supervisor: Connect to Module_Input.node Successfully----
1732031402.6298425 [module_supervisor-1] [INFO] [1732031402.626523058] [Module_Supervisor]: ---- Supervisor: Connect to Module_Weigh Successfully----
1732031402.6315296 [module_supervisor-1] [INFO] [1732031402.630632049] [Module_Supervisor]: ---- Supervisor: Connect to Module_Motor.node_dc_motor Successfully----
1732031402.6372333 [module_supervisor-1] [INFO] [1732031402.635514010] [Module_Supervisor]: ---- Supervisor: Connect to Module_Input.node_io_servo Successfully----
1732031402.6421850 [module_supervisor-1] [INFO] [1732031402.641270494] [Module_Supervisor]: ---- Supervisor: Connect to Module_Send_Email Successfully----
1732031402.7983146 [node_io_servo-4] [INFO] [1732031402.797179754] [node_io_servo]: ---- Server Server Module_Input.node_io_servo: TBDT PIN: 1. QA PIN: 1.  Diff PIN: 1----
1732031402.9116654 [node_io_weigh-6] [INFO] [1732031402.903895341] [node_io_weigh]: ---- Server Server Module_Input.node_io_weigh: Enable PIN: 1. Disable PIN: 1 ----
1732031402.9826040 [module_scanning_interface-2] [INFO] [1732031402.981664548] [module_scanning_interface]: ---- Server Module_Scanning_Interfaces: Shutdown ----
1732031403.1005709 [module_scanning_interface-2] Decoded(data=b'ABCD', type='QRCODE', rect=Rect(left=274, top=219, width=87, height=99), polygon=[Point(x=274, y=299), Point(x=349, y=318), Point(x=361, y=227), Point(x=285, y=219)], quality=1, orientation='UP')
1732031403.1011405 [module_scanning_interface-2] Decoded(data=b'ABCD', type='QRCODE', rect=Rect(left=276, top=215, width=87, height=99), polygon=[Point(x=276, y=296), Point(x=351, y=314), Point(x=363, y=222), Point(x=287, y=215)], quality=1, orientation='UP')
1732031403.1015389 [module_scanning_interface-2] Decoded(data=b'ABCD', type='QRCODE', rect=Rect(left=279, top=213, width=88, height=99), polygon=[Point(x=279, y=294), Point(x=355, y=312), Point(x=367, y=220), Point(x=289, y=213)], quality=1, orientation='UP')
1732031403.1034391 [module_scanning_interface-2] Decoded(data=b'ABCD', type='QRCODE', rect=Rect(left=285, top=211, width=91, height=102), polygon=[Point(x=285, y=293), Point(x=365, y=313), Point(x=376, y=219), Point(x=296, y=211)], quality=1, orientation='UP')
1732031403.1042202 [module_scanning_interface-2] Decoded(data=b'ABCD', type='QRCODE', rect=Rect(left=342, top=204, width=119, height=121), polygon=[Point(x=342, y=295), Point(x=438, y=325), Point(x=461, y=218), Point(x=359, y=204)], quality=1, orientation='UP')
1732031403.1053159 [module_scanning_interface-2] Decoded(data=b'NK_S1', type='QRCODE', rect=Rect(left=294, top=207, width=107, height=121), polygon=[Point(x=294, y=312), Point(x=396, y=328), Point(x=401, y=207), Point(x=301, y=210)], quality=1, orientation='UP')
1732031403.1064057 [module_scanning_interface-2] Decoded(data=b'NK_S1', type='QRCODE', rect=Rect(left=294, top=197, width=106, height=120), polygon=[Point(x=294, y=301), Point(x=393, y=317), Point(x=400, y=197), Point(x=301, y=202)], quality=1, orientation='UP')
1732031403.1073122 [module_scanning_interface-2] Decoded(data=b'NK_S1', type='QRCODE', rect=Rect(left=302, top=196, width=108, height=120), polygon=[Point(x=302, y=299), Point(x=403, y=316), Point(x=410, y=196), Point(x=310, y=200)], quality=1, orientation='UP')
1732031403.1079180 [module_scanning_interface-2] Decoded(data=b'NK_S1', type='QRCODE', rect=Rect(left=307, top=201, width=110, height=119), polygon=[Point(x=307, y=301), Point(x=408, y=320), Point(x=417, y=201), Point(x=316, y=202)], quality=1, orientation='UP')
1732031403.1091273 [module_scanning_interface-2] Decoded(data=b'NK_S1', type='QRCODE', rect=Rect(left=307, top=205, width=110, height=119), polygon=[Point(x=307, y=303), Point(x=405, y=324), Point(x=417, y=206), Point(x=317, y=205)], quality=1, orientation='UP')
1732031403.1099212 [module_scanning_interface-2] Decoded(data=b'NK_S1', type='QRCODE', rect=Rect(left=304, top=210, width=109, height=120), polygon=[Point(x=304, y=307), Point(x=399, y=330), Point(x=413, y=215), Point(x=315, y=210)], quality=1, orientation='UP')
1732031403.1107059 [module_scanning_interface-2] Decoded(data=b'NK_S1', type='QRCODE', rect=Rect(left=299, top=206, width=105, height=116), polygon=[Point(x=299, y=299), Point(x=390, y=322), Point(x=404, y=211), Point(x=311, y=206)], quality=1, orientation='UP')
1732031403.1113193 [module_scanning_interface-2] Decoded(data=b'NK_S1', type='QRCODE', rect=Rect(left=299, top=198, width=106, height=114), polygon=[Point(x=299, y=290), Point(x=389, y=312), Point(x=405, y=203), Point(x=312, y=198)], quality=1, orientation='UP')
1732031403.1571872 [node_io_servo-4] [INFO] [1732031403.152567298] [node_io_servo]: ---- Server Server Module_Input.node_io_servo: TBDT PIN: 1. QA PIN: 1.  Diff PIN: 1----
1732031403.2446120 [node_io_weigh-6] [INFO] [1732031403.243751038] [node_io_weigh]: ---- Server Server Module_Input.node_io_weigh: Enable PIN: 1. Disable PIN: 1 ----
1732031403.5114243 [node_io_servo-4] [INFO] [1732031403.507040286] [node_io_servo]: ---- Server Server Module_Input.node_io_servo: TBDT PIN: 1. QA PIN: 1.  Diff PIN: 1----
1732031403.6099286 [node_io_weigh-6] [INFO] [1732031403.603611682] [node_io_weigh]: ---- Server Server Module_Input.node_io_weigh: Enable PIN: 1. Disable PIN: 1 ----
1732031403.8246887 [ERROR] [module_scanning_interface-2]: process has died [pid 31060, exit code 255, cmd '/home/tomccd/Documents/Code/Python/DATN/install/module_scanning_interface/lib/module_scanning_interface/module_scanning_interface --ros-args'].
1732031403.8455396 [node_io_servo-4] [INFO] [1732031403.844725482] [node_io_servo]: ---- Server Server Module_Input.node_io_servo: TBDT PIN: 1. QA PIN: 1.  Diff PIN: 1----
1732031403.9470892 [node_io_weigh-6] [INFO] [1732031403.946072562] [node_io_weigh]: ---- Server Server Module_Input.node_io_weigh: Enable PIN: 1. Disable PIN: 1 ----
1732031404.1946430 [node_io_servo-4] [INFO] [1732031404.194061424] [node_io_servo]: ---- Server Server Module_Input.node_io_servo: TBDT PIN: 1. QA PIN: 1.  Diff PIN: 1----
1732031404.2978835 [node_io_weigh-6] [INFO] [1732031404.296939741] [node_io_weigh]: ---- Server Server Module_Input.node_io_weigh: Enable PIN: 1. Disable PIN: 1 ----
1732031404.5445931 [node_io_servo-4] [INFO] [1732031404.543997100] [node_io_servo]: ---- Server Server Module_Input.node_io_servo: TBDT PIN: 1. QA PIN: 1.  Diff PIN: 1----
1732031404.6463172 [node_io_weigh-6] [INFO] [1732031404.645389977] [node_io_weigh]: ---- Server Server Module_Input.node_io_weigh: Enable PIN: 1. Disable PIN: 1 ----
1732031404.8946373 [node_io_servo-4] [INFO] [1732031404.894044608] [node_io_servo]: ---- Server Server Module_Input.node_io_servo: TBDT PIN: 1. QA PIN: 1.  Diff PIN: 1----
1732031404.9966695 [node_io_weigh-6] [INFO] [1732031404.995767554] [node_io_weigh]: ---- Server Server Module_Input.node_io_weigh: Enable PIN: 1. Disable PIN: 1 ----
1732031405.2447517 [node_io_servo-4] [INFO] [1732031405.244177433] [node_io_servo]: ---- Server Server Module_Input.node_io_servo: TBDT PIN: 1. QA PIN: 1.  Diff PIN: 1----
1732031405.3436399 [node_io_weigh-6] [INFO] [1732031405.343093258] [node_io_weigh]: ---- Server Server Module_Input.node_io_weigh: Enable PIN: 1. Disable PIN: 1 ----
1732031405.5975189 [node_io_servo-4] [INFO] [1732031405.596685742] [node_io_servo]: ---- Server Server Module_Input.node_io_servo: TBDT PIN: 1. QA PIN: 1.  Diff PIN: 1----
1732031405.6183860 [module_supervisor-1] [WARN] [1732031405.617749468] [Module_Supervisor]: ---- Supervisor: Waiting to connect to server Module_Scanning&Interface ----
1732031405.6938696 [node_io_weigh-6] [INFO] [1732031405.693255455] [node_io_weigh]: ---- Server Server Module_Input.node_io_weigh: Enable PIN: 1. Disable PIN: 1 ----
1732031405.9451611 [node_io_servo-4] [INFO] [1732031405.944447995] [node_io_servo]: ---- Server Server Module_Input.node_io_servo: TBDT PIN: 1. QA PIN: 1.  Diff PIN: 1----
1732031406.0436122 [node_io_weigh-6] [INFO] [1732031406.043070455] [node_io_weigh]: ---- Server Server Module_Input.node_io_weigh: Enable PIN: 1. Disable PIN: 1 ----
1732031406.2966847 [node_io_servo-4] [INFO] [1732031406.296030175] [node_io_servo]: ---- Server Server Module_Input.node_io_servo: TBDT PIN: 1. QA PIN: 1.  Diff PIN: 1----
1732031406.3936169 [node_io_weigh-6] [INFO] [1732031406.393024106] [node_io_weigh]: ---- Server Server Module_Input.node_io_weigh: Enable PIN: 1. Disable PIN: 1 ----
1732031406.6253500 [module_supervisor-1] [WARN] [1732031406.624189073] [Module_Supervisor]: ---- Supervisor: Waiting to connect to server Module_Scanning&Interface ----
1732031406.6456332 [node_io_servo-4] [INFO] [1732031406.644949675] [node_io_servo]: ---- Server Server Module_Input.node_io_servo: TBDT PIN: 1. QA PIN: 1.  Diff PIN: 1----
1732031406.7481291 [node_io_weigh-6] [INFO] [1732031406.746576349] [node_io_weigh]: ---- Server Server Module_Input.node_io_weigh: Enable PIN: 1. Disable PIN: 1 ----
1732031406.9978266 [node_io_servo-4] [INFO] [1732031406.997083199] [node_io_servo]: ---- Server Server Module_Input.node_io_servo: TBDT PIN: 1. QA PIN: 1.  Diff PIN: 1----
1732031407.0969269 [node_io_weigh-6] [INFO] [1732031407.095964510] [node_io_weigh]: ---- Server Server Module_Input.node_io_weigh: Enable PIN: 1. Disable PIN: 1 ----
1732031407.3487422 [node_io_servo-4] [INFO] [1732031407.347806010] [node_io_servo]: ---- Server Server Module_Input.node_io_servo: TBDT PIN: 1. QA PIN: 1.  Diff PIN: 1----
1732031407.4470630 [node_io_weigh-6] [INFO] [1732031407.446084182] [node_io_weigh]: ---- Server Server Module_Input.node_io_weigh: Enable PIN: 1. Disable PIN: 1 ----
1732031407.6285577 [module_supervisor-1] [WARN] [1732031407.627914034] [Module_Supervisor]: ---- Supervisor: Waiting to connect to server Module_Scanning&Interface ----
1732031407.6962535 [node_io_servo-4] [INFO] [1732031407.695376852] [node_io_servo]: ---- Server Server Module_Input.node_io_servo: TBDT PIN: 1. QA PIN: 1.  Diff PIN: 1----
1732031407.7968891 [node_io_weigh-6] [INFO] [1732031407.796077820] [node_io_weigh]: ---- Server Server Module_Input.node_io_weigh: Enable PIN: 1. Disable PIN: 1 ----
1732031408.0483704 [node_io_servo-4] [INFO] [1732031408.047262295] [node_io_servo]: ---- Server Server Module_Input.node_io_servo: TBDT PIN: 1. QA PIN: 1.  Diff PIN: 1----
1732031408.1467252 [node_io_weigh-6] [INFO] [1732031408.145746317] [node_io_weigh]: ---- Server Server Module_Input.node_io_weigh: Enable PIN: 1. Disable PIN: 1 ----
1732031408.3947012 [node_io_servo-4] [INFO] [1732031408.394067340] [node_io_servo]: ---- Server Server Module_Input.node_io_servo: TBDT PIN: 1. QA PIN: 1.  Diff PIN: 1----
1732031408.4973464 [node_io_weigh-6] [INFO] [1732031408.496372228] [node_io_weigh]: ---- Server Server Module_Input.node_io_weigh: Enable PIN: 1. Disable PIN: 1 ----
1732031408.6355395 [module_supervisor-1] [WARN] [1732031408.634342247] [Module_Supervisor]: ---- Supervisor: Waiting to connect to server Module_Scanning&Interface ----
1732031408.7446220 [node_io_servo-4] [INFO] [1732031408.744042243] [node_io_servo]: ---- Server Server Module_Input.node_io_servo: TBDT PIN: 1. QA PIN: 1.  Diff PIN: 1----
1732031408.8469458 [node_io_weigh-6] [INFO] [1732031408.846058080] [node_io_weigh]: ---- Server Server Module_Input.node_io_weigh: Enable PIN: 1. Disable PIN: 1 ----
1732031409.0946186 [node_io_servo-4] [INFO] [1732031409.093988518] [node_io_servo]: ---- Server Server Module_Input.node_io_servo: TBDT PIN: 1. QA PIN: 1.  Diff PIN: 1----
1732031409.1963811 [node_io_weigh-6] [INFO] [1732031409.195386719] [node_io_weigh]: ---- Server Server Module_Input.node_io_weigh: Enable PIN: 1. Disable PIN: 1 ----
1732031409.4446158 [node_io_servo-4] [INFO] [1732031409.444032630] [node_io_servo]: ---- Server Server Module_Input.node_io_servo: TBDT PIN: 1. QA PIN: 1.  Diff PIN: 1----
1732031409.5446792 [node_io_weigh-6] [INFO] [1732031409.543965872] [node_io_weigh]: ---- Server Server Module_Input.node_io_weigh: Enable PIN: 1. Disable PIN: 1 ----
1732031409.6419795 [module_supervisor-1] [WARN] [1732031409.640928197] [Module_Supervisor]: ---- Supervisor: Waiting to connect to server Module_Scanning&Interface ----
1732031409.6459484 [module_supervisor-1] [ERROR] [1732031409.644985301] [Module_Supervisor]: ---- Supervisor: Can't connect to Module Scanning&Interface ----
1732031409.6589031 [module_log_file-8] [INFO] [1732031409.653241895] [module_log_file]: ---- Server Module_Log_File: Creating Log File... ----
1732031409.6649156 [node_dc_servo-3] [INFO] [1732031409.652536628] [node_servo_motor]: ---- Server Module_Motor.node_servo_motor: Receive Message: Terminate. Bye Bye.... ----
1732031409.6670978 [node_io_weigh-6] [INFO] [1732031409.657558828] [node_io_weigh]: ---- Server Module_Input.node_io_weigh: Receive Message: Terminate. Bye Bye.... ----
1732031409.6694567 [module_weigh-7] [INFO] [1732031409.666117583] [module_weigh]: ---- Server Module_Weigh: Receive Message: Terminate. Bye Bye.... ----
1732031409.6863301 [node_io_servo-4] [INFO] [1732031409.683119060] [node_io_servo]: ---- Server Module_Input.node_io_servo: Receive Message: Terminate. Bye Bye.... ----
1732031409.7282884 [node_dc_motor-5] [INFO] [1732031409.716825610] [node_dc_motor]: ---- Server Module_Motor.node_dc_motor: Receive Message: Terminate. Bye Bye.... ----
1732031410.3747737 [ERROR] [module_weigh-7]: process has died [pid 31065, exit code 255, cmd '/home/tomccd/Documents/Code/Python/DATN/install/module_weigh/lib/module_weigh/module_weigh --ros-args'].
1732031410.4545343 [ERROR] [node_io_servo-4]: process has died [pid 31062, exit code 255, cmd '/home/tomccd/Documents/Code/Python/DATN/install/module_input/lib/module_input/node_io_servo --ros-args'].
1732031410.5055118 [ERROR] [module_supervisor-1]: process has died [pid 31059, exit code 255, cmd '/home/tomccd/Documents/Code/Python/DATN/install/module_supervisor/lib/module_supervisor/module_supervisor --ros-args'].
1732031410.5364563 [ERROR] [node_io_weigh-6]: process has died [pid 31064, exit code 255, cmd '/home/tomccd/Documents/Code/Python/DATN/install/module_input/lib/module_input/node_io_weigh --ros-args'].
1732031410.7648003 [ERROR] [node_dc_servo-3]: process has died [pid 31061, exit code 255, cmd '/home/tomccd/Documents/Code/Python/DATN/install/module_motor/lib/module_motor/node_dc_servo --ros-args'].
1732031410.7696216 [ERROR] [node_dc_motor-5]: process has died [pid 31063, exit code 255, cmd '/home/tomccd/Documents/Code/Python/DATN/install/module_motor/lib/module_motor/node_dc_motor --ros-args'].
