1731406877.9102163 [INFO] [launch]: All log files can be found below /home/tomccd/.ros/log/2024-11-12-17-21-17-899883-tomccd-raspberry4b-6524
1731406877.9108348 [INFO] [launch]: Default logging verbosity is set to INFO
1731406878.6569090 [INFO] [module_supervisor-1]: process started with pid [6527]
1731406878.6577928 [INFO] [module_scanning_interface-2]: process started with pid [6528]
1731406878.6584830 [INFO] [node_dc_servo-3]: process started with pid [6529]
1731406878.6652825 [INFO] [node_io_servo-4]: process started with pid [6530]
1731406878.6659131 [INFO] [node_dc_motor-5]: process started with pid [6531]
1731406878.6665213 [INFO] [node_io_weigh-6]: process started with pid [6532]
1731406878.6702704 [INFO] [module_weigh-7]: process started with pid [6533]
1731406878.6739459 [INFO] [module_log_file-8]: process started with pid [6534]
1731406878.6747148 [INFO] [module_send_email-9]: process started with pid [6535]
1731406882.7008345 [node_dc_servo-3] [INFO] [1731406882.689062385] [node_servo_motor]: ---- Server Module_Motor.node_dc_motor: Init Server ----
1731406883.9439023 [module_supervisor-1] [INFO] [1731406883.940447500] [Module_Supervisor]: ---- Supervisor: Connect to Server Module_Log_File Successfully ----
1731406884.9505668 [module_supervisor-1] [WARN] [1731406884.946641980] [Module_Supervisor]: ---- Supervisor: Waiting to connect to server Module_Scanning&Interface ----
1731406885.0102994 [node_io_weigh-6] [INFO] [1731406885.007831859] [node_io_weigh]: ---- Server Server Module_Input.node_io_weigh: Enable PIN: 1. Disable PIN: 1 ----
1731406885.0242176 [node_io_servo-4] [INFO] [1731406885.023263652] [node_io_servo]: ---- Server Server Module_Input.node_io_servo: TBDT PIN: 1. QA PIN: 1.  Diff PIN: 1----
1731406885.2525225 [node_io_weigh-6] [INFO] [1731406885.251698784] [node_io_weigh]: ---- Server Server Module_Input.node_io_weigh: Enable PIN: 1. Disable PIN: 1 ----
1731406885.2659459 [node_io_servo-4] [INFO] [1731406885.264877382] [node_io_servo]: ---- Server Server Module_Input.node_io_servo: TBDT PIN: 1. QA PIN: 1.  Diff PIN: 1----
1731406885.6024070 [node_io_weigh-6] [INFO] [1731406885.601553954] [node_io_weigh]: ---- Server Server Module_Input.node_io_weigh: Enable PIN: 1. Disable PIN: 1 ----
1731406885.6161926 [node_io_servo-4] [INFO] [1731406885.615342235] [node_io_servo]: ---- Server Server Module_Input.node_io_servo: TBDT PIN: 1. QA PIN: 1.  Diff PIN: 1----
1731406885.9559288 [node_io_weigh-6] [INFO] [1731406885.954510112] [node_io_weigh]: ---- Server Server Module_Input.node_io_weigh: Enable PIN: 1. Disable PIN: 1 ----
1731406885.9576206 [module_supervisor-1] [INFO] [1731406885.954954574] [Module_Supervisor]: ---- Supervisor: Connect to Server Module_Scanning&Interface Successfully ----
1731406885.9605913 [module_supervisor-1] [INFO] [1731406885.959391575] [Module_Supervisor]: ---- Supervisor: Connect to Server Module_Input.node_io_weigh Successfully ----
1731406885.9644949 [module_supervisor-1] [INFO] [1731406885.963549263] [Module_Supervisor]: ---- Supervisor: Connect to Server Module_Weigh Successfully ----
1731406885.9672086 [node_io_servo-4] [INFO] [1731406885.964965313] [node_io_servo]: ---- Server Server Module_Input.node_io_servo: TBDT PIN: 1. QA PIN: 1.  Diff PIN: 1----
1731406885.9693594 [module_supervisor-1] [INFO] [1731406885.967409545] [Module_Supervisor]: ---- Supervisor: Connect to Server Module_Motor.node_dc_motor Successfully ----
1731406885.9731822 [module_supervisor-1] [INFO] [1731406885.971731602] [Module_Supervisor]: ---- Supervisor: Connect to Server Module_Input.node_io_servo Successfully ----
1731406885.9773126 [module_supervisor-1] [INFO] [1731406885.975886827] [Module_Supervisor]: ---- Supervisor: Connect to Server Module_Motor.node_dc_servo Successfully ----
1731406885.9808474 [module_supervisor-1] [INFO] [1731406885.979774961] [Module_Supervisor]: ---- Supervisor: Connect to Server Module_Send_Email Successfully ----
1731406886.0890505 [node_dc_motor-5] [INFO] [1731406886.087945530] [node_dc_motor]: ---- Server Module_Motor.node_dc_motor: Receive Intialized Request: Ready ----
1731406886.1149261 [module_supervisor-1] [INFO] [1731406886.113319341] [Module_Supervisor]: ---- Supervisor: Receive Init Respond from Server Module_Motor.node_dc_motor: OK
1731406886.3067908 [node_io_weigh-6] [INFO] [1731406886.305471091] [node_io_weigh]: ---- Server Server Module_Input.node_io_weigh: Enable PIN: 1. Disable PIN: 1 ----
1731406886.3142362 [node_io_servo-4] [INFO] [1731406886.313243247] [node_io_servo]: ---- Server Server Module_Input.node_io_servo: TBDT PIN: 1. QA PIN: 1.  Diff PIN: 1----
1731406886.5850079 [module_scanning_interface-2] [INFO] [1731406886.583954438] [module_scanning_interface]: ----  Server Module_Scanning&Interface: Connect to DB Successfully ----
1731406886.6554875 [node_io_weigh-6] [INFO] [1731406886.654181874] [node_io_weigh]: ---- Server Server Module_Input.node_io_weigh: Enable PIN: 1. Disable PIN: 1 ----
1731406886.6653001 [node_io_servo-4] [INFO] [1731406886.664183947] [node_io_servo]: ---- Server Server Module_Input.node_io_servo: TBDT PIN: 1. QA PIN: 1.  Diff PIN: 1----
1731406887.0035779 [node_io_weigh-6] [INFO] [1731406887.002783528] [node_io_weigh]: ---- Server Server Module_Input.node_io_weigh: Enable PIN: 1. Disable PIN: 1 ----
1731406887.0158126 [node_io_servo-4] [INFO] [1731406887.014863223] [node_io_servo]: ---- Server Server Module_Input.node_io_servo: TBDT PIN: 1. QA PIN: 1.  Diff PIN: 1----
1731406887.3537741 [node_io_weigh-6] [INFO] [1731406887.352843322] [node_io_weigh]: ---- Server Server Module_Input.node_io_weigh: Enable PIN: 1. Disable PIN: 1 ----
1731406887.3638227 [node_io_servo-4] [INFO] [1731406887.362980784] [node_io_servo]: ---- Server Server Module_Input.node_io_servo: TBDT PIN: 1. QA PIN: 1.  Diff PIN: 1----
1731406887.7055442 [node_io_weigh-6] [INFO] [1731406887.704653869] [node_io_weigh]: ---- Server Server Module_Input.node_io_weigh: Enable PIN: 1. Disable PIN: 1 ----
1731406887.7163336 [node_io_servo-4] [INFO] [1731406887.714650534] [node_io_servo]: ---- Server Server Module_Input.node_io_servo: TBDT PIN: 1. QA PIN: 1.  Diff PIN: 1----
1731406888.0528927 [node_io_weigh-6] [INFO] [1731406888.052046673] [node_io_weigh]: ---- Server Server Module_Input.node_io_weigh: Enable PIN: 1. Disable PIN: 1 ----
1731406888.0666630 [node_io_servo-4] [INFO] [1731406888.064508514] [node_io_servo]: ---- Server Server Module_Input.node_io_servo: TBDT PIN: 1. QA PIN: 1.  Diff PIN: 1----
1731406888.1174364 [module_supervisor-1] [INFO] [1731406888.116561834] [Module_Supervisor]: ---- Supervisor: Connect to Module_Scanning&Interface Successfully----
1731406888.1219633 [module_supervisor-1] [INFO] [1731406888.119469415] [Module_Supervisor]: ---- Supervisor: Connect to Module_Input.node Successfully----
1731406888.1251640 [module_supervisor-1] [INFO] [1731406888.124356489] [Module_Supervisor]: ---- Supervisor: Connect to Module_Weigh Successfully----
1731406888.1355994 [module_supervisor-1] [INFO] [1731406888.130851094] [Module_Supervisor]: ---- Supervisor: Connect to Module_Motor.node_dc_motor Successfully----
1731406888.1431296 [module_supervisor-1] [INFO] [1731406888.139522987] [Module_Supervisor]: ---- Supervisor: Connect to Module_Input.node_io_servo Successfully----
1731406888.1463737 [module_supervisor-1] [INFO] [1731406888.145133076] [Module_Supervisor]: ---- Supervisor: Connect to Module_Send_Email Successfully----
1731406888.4026356 [node_io_weigh-6] [INFO] [1731406888.401813410] [node_io_weigh]: ---- Server Server Module_Input.node_io_weigh: Enable PIN: 1. Disable PIN: 1 ----
1731406888.4187579 [node_io_servo-4] [INFO] [1731406888.415270710] [node_io_servo]: ---- Server Server Module_Input.node_io_servo: TBDT PIN: 1. QA PIN: 1.  Diff PIN: 1----
1731406888.7523251 [node_io_weigh-6] [INFO] [1731406888.751539351] [node_io_weigh]: ---- Server Server Module_Input.node_io_weigh: Enable PIN: 1. Disable PIN: 1 ----
1731406888.7680125 [node_io_servo-4] [INFO] [1731406888.766033777] [node_io_servo]: ---- Server Server Module_Input.node_io_servo: TBDT PIN: 1. QA PIN: 1.  Diff PIN: 1----
1731406889.1022382 [node_io_weigh-6] [INFO] [1731406889.101369550] [node_io_weigh]: ---- Server Server Module_Input.node_io_weigh: Enable PIN: 1. Disable PIN: 1 ----
1731406889.1201603 [node_io_servo-4] [INFO] [1731406889.119330833] [node_io_servo]: ---- Server Server Module_Input.node_io_servo: TBDT PIN: 1. QA PIN: 1.  Diff PIN: 1----
1731406889.4524491 [node_io_weigh-6] [INFO] [1731406889.451634801] [node_io_weigh]: ---- Server Server Module_Input.node_io_weigh: Enable PIN: 1. Disable PIN: 1 ----
1731406889.4666011 [node_io_servo-4] [INFO] [1731406889.465255564] [node_io_servo]: ---- Server Server Module_Input.node_io_servo: TBDT PIN: 1. QA PIN: 1.  Diff PIN: 1----
1731406889.8029532 [node_io_weigh-6] [INFO] [1731406889.802130404] [node_io_weigh]: ---- Server Server Module_Input.node_io_weigh: Enable PIN: 1. Disable PIN: 1 ----
1731406889.8172662 [node_io_servo-4] [INFO] [1731406889.815942795] [node_io_servo]: ---- Server Server Module_Input.node_io_servo: TBDT PIN: 1. QA PIN: 1.  Diff PIN: 1----
1731406890.1175964 [module_supervisor-1] [INFO] [1731406890.116767939] [Module_Supervisor]: ---- Supervisor: Connect to Module_Scanning&Interface Successfully----
1731406890.1215715 [module_supervisor-1] [INFO] [1731406890.120176203] [Module_Supervisor]: ---- Supervisor: Connect to Module_Input.node Successfully----
1731406890.1252446 [module_supervisor-1] [INFO] [1731406890.124215318] [Module_Supervisor]: ---- Supervisor: Connect to Module_Weigh Successfully----
1731406890.1294405 [module_supervisor-1] [INFO] [1731406890.128560227] [Module_Supervisor]: ---- Supervisor: Connect to Module_Motor.node_dc_motor Successfully----
1731406890.1352971 [module_supervisor-1] [INFO] [1731406890.133775410] [Module_Supervisor]: ---- Supervisor: Connect to Module_Input.node_io_servo Successfully----
1731406890.1411788 [module_supervisor-1] [INFO] [1731406890.138792428] [Module_Supervisor]: ---- Supervisor: Connect to Module_Send_Email Successfully----
1731406890.1531818 [node_io_weigh-6] [INFO] [1731406890.152227710] [node_io_weigh]: ---- Server Server Module_Input.node_io_weigh: Enable PIN: 1. Disable PIN: 1 ----
1731406890.1676376 [node_io_servo-4] [INFO] [1731406890.163341093] [node_io_servo]: ---- Server Server Module_Input.node_io_servo: TBDT PIN: 1. QA PIN: 1.  Diff PIN: 1----
1731406890.5029180 [node_io_weigh-6] [INFO] [1731406890.502053998] [node_io_weigh]: ---- Server Server Module_Input.node_io_weigh: Enable PIN: 1. Disable PIN: 1 ----
1731406890.5173237 [node_io_servo-4] [INFO] [1731406890.515937407] [node_io_servo]: ---- Server Server Module_Input.node_io_servo: TBDT PIN: 1. QA PIN: 1.  Diff PIN: 1----
1731406890.8522727 [node_io_weigh-6] [INFO] [1731406890.851478361] [node_io_weigh]: ---- Server Server Module_Input.node_io_weigh: Enable PIN: 1. Disable PIN: 1 ----
1731406890.8677325 [node_io_servo-4] [INFO] [1731406890.866731876] [node_io_servo]: ---- Server Server Module_Input.node_io_servo: TBDT PIN: 1. QA PIN: 1.  Diff PIN: 1----
1731406891.2021739 [node_io_weigh-6] [INFO] [1731406891.201394035] [node_io_weigh]: ---- Server Server Module_Input.node_io_weigh: Enable PIN: 1. Disable PIN: 1 ----
1731406891.2184062 [node_io_servo-4] [INFO] [1731406891.217559325] [node_io_servo]: ---- Server Server Module_Input.node_io_servo: TBDT PIN: 1. QA PIN: 1.  Diff PIN: 1----
1731406891.5544217 [node_io_weigh-6] [INFO] [1731406891.553364849] [node_io_weigh]: ---- Server Server Module_Input.node_io_weigh: Enable PIN: 1. Disable PIN: 1 ----
1731406891.5647981 [node_io_servo-4] [INFO] [1731406891.563964809] [node_io_servo]: ---- Server Server Module_Input.node_io_servo: TBDT PIN: 1. QA PIN: 1.  Diff PIN: 1----
1731406891.9029844 [node_io_weigh-6] [INFO] [1731406891.901896714] [node_io_weigh]: ---- Server Server Module_Input.node_io_weigh: Enable PIN: 1. Disable PIN: 1 ----
1731406891.9149172 [node_io_servo-4] [INFO] [1731406891.913988130] [node_io_servo]: ---- Server Server Module_Input.node_io_servo: TBDT PIN: 1. QA PIN: 1.  Diff PIN: 1----
1731406892.1179683 [module_supervisor-1] [INFO] [1731406892.117069904] [Module_Supervisor]: ---- Supervisor: Connect to Module_Scanning&Interface Successfully----
1731406892.1210027 [module_supervisor-1] [INFO] [1731406892.120075393] [Module_Supervisor]: ---- Supervisor: Connect to Module_Input.node Successfully----
1731406892.1269650 [module_supervisor-1] [INFO] [1731406892.124895411] [Module_Supervisor]: ---- Supervisor: Connect to Module_Weigh Successfully----
1731406892.1290774 [module_supervisor-1] [INFO] [1731406892.128293342] [Module_Supervisor]: ---- Supervisor: Connect to Module_Motor.node_dc_motor Successfully----
1731406892.1328948 [module_supervisor-1] [INFO] [1731406892.131988476] [Module_Supervisor]: ---- Supervisor: Connect to Module_Input.node_io_servo Successfully----
1731406892.1399989 [module_supervisor-1] [INFO] [1731406892.137455585] [Module_Supervisor]: ---- Supervisor: Connect to Module_Send_Email Successfully----
1731406892.2521665 [node_io_weigh-6] [INFO] [1731406892.251334202] [node_io_weigh]: ---- Server Server Module_Input.node_io_weigh: Enable PIN: 1. Disable PIN: 1 ----
1731406892.2672184 [node_io_servo-4] [INFO] [1731406892.265031834] [node_io_servo]: ---- Server Server Module_Input.node_io_servo: TBDT PIN: 1. QA PIN: 1.  Diff PIN: 1----
1731406892.6042502 [node_io_weigh-6] [INFO] [1731406892.603294939] [node_io_weigh]: ---- Server Server Module_Input.node_io_weigh: Enable PIN: 1. Disable PIN: 1 ----
1731406892.6192348 [node_io_servo-4] [INFO] [1731406892.618125938] [node_io_servo]: ---- Server Server Module_Input.node_io_servo: TBDT PIN: 1. QA PIN: 1.  Diff PIN: 1----
1731406892.9523299 [node_io_weigh-6] [INFO] [1731406892.951505469] [node_io_weigh]: ---- Server Server Module_Input.node_io_weigh: Enable PIN: 1. Disable PIN: 1 ----
1731406892.9672661 [node_io_servo-4] [INFO] [1731406892.966329412] [node_io_servo]: ---- Server Server Module_Input.node_io_servo: TBDT PIN: 1. QA PIN: 1.  Diff PIN: 1----
1731406893.3050320 [node_io_weigh-6] [INFO] [1731406893.304197109] [node_io_weigh]: ---- Server Server Module_Input.node_io_weigh: Enable PIN: 1. Disable PIN: 1 ----
1731406893.3203645 [node_io_servo-4] [INFO] [1731406893.318457887] [node_io_servo]: ---- Server Server Module_Input.node_io_servo: TBDT PIN: 1. QA PIN: 1.  Diff PIN: 1----
1731406893.6546171 [node_io_weigh-6] [INFO] [1731406893.652521191] [node_io_weigh]: ---- Server Server Module_Input.node_io_weigh: Enable PIN: 1. Disable PIN: 1 ----
1731406893.6615801 [module_scanning_interface-2] [INFO] [1731406893.660267069] [module_scanning_interface]: ---- Server Module_Scanning_Interfaces: Shutdown ----
1731406893.6687748 [node_io_servo-4] [INFO] [1731406893.667523726] [node_io_servo]: ---- Server Server Module_Input.node_io_servo: TBDT PIN: 1. QA PIN: 1.  Diff PIN: 1----
1731406894.0217834 [node_io_weigh-6] [INFO] [1731406894.014912256] [node_io_weigh]: ---- Server Server Module_Input.node_io_weigh: Enable PIN: 1. Disable PIN: 1 ----
1731406894.0342145 [node_io_servo-4] [INFO] [1731406894.031896209] [node_io_servo]: ---- Server Server Module_Input.node_io_servo: TBDT PIN: 1. QA PIN: 1.  Diff PIN: 1----
1731406894.3552966 [node_io_weigh-6] [INFO] [1731406894.354314260] [node_io_weigh]: ---- Server Server Module_Input.node_io_weigh: Enable PIN: 1. Disable PIN: 1 ----
1731406894.3670533 [node_io_servo-4] [INFO] [1731406894.365117718] [node_io_servo]: ---- Server Server Module_Input.node_io_servo: TBDT PIN: 1. QA PIN: 1.  Diff PIN: 1----
1731406894.4390352 [ERROR] [module_scanning_interface-2]: process has died [pid 6528, exit code 255, cmd '/home/tomccd/Documents/Code/Python/DATN/install/module_scanning_interface/lib/module_scanning_interface/module_scanning_interface --ros-args'].
1731406894.7052145 [node_io_weigh-6] [INFO] [1731406894.704182667] [node_io_weigh]: ---- Server Server Module_Input.node_io_weigh: Enable PIN: 1. Disable PIN: 1 ----
1731406894.7144933 [node_io_servo-4] [INFO] [1731406894.713534260] [node_io_servo]: ---- Server Server Module_Input.node_io_servo: TBDT PIN: 1. QA PIN: 1.  Diff PIN: 1----
1731406895.0549190 [node_io_weigh-6] [INFO] [1731406895.054073426] [node_io_weigh]: ---- Server Server Module_Input.node_io_weigh: Enable PIN: 1. Disable PIN: 1 ----
1731406895.0663822 [node_io_servo-4] [INFO] [1731406895.065531677] [node_io_servo]: ---- Server Server Module_Input.node_io_servo: TBDT PIN: 1. QA PIN: 1.  Diff PIN: 1----
1731406895.1242270 [module_supervisor-1] [WARN] [1731406895.122865381] [Module_Supervisor]: ---- Supervisor: Waiting to connect to server Module_Scanning&Interface ----
1731406895.4030423 [node_io_weigh-6] [INFO] [1731406895.402313892] [node_io_weigh]: ---- Server Server Module_Input.node_io_weigh: Enable PIN: 1. Disable PIN: 1 ----
1731406895.4161663 [node_io_servo-4] [INFO] [1731406895.415129435] [node_io_servo]: ---- Server Server Module_Input.node_io_servo: TBDT PIN: 1. QA PIN: 1.  Diff PIN: 1----
1731406895.7547643 [node_io_weigh-6] [INFO] [1731406895.753899772] [node_io_weigh]: ---- Server Server Module_Input.node_io_weigh: Enable PIN: 1. Disable PIN: 1 ----
1731406895.7660499 [node_io_servo-4] [INFO] [1731406895.765265802] [node_io_servo]: ---- Server Server Module_Input.node_io_servo: TBDT PIN: 1. QA PIN: 1.  Diff PIN: 1----
1731406896.1038027 [node_io_weigh-6] [INFO] [1731406896.102935142] [node_io_weigh]: ---- Server Server Module_Input.node_io_weigh: Enable PIN: 1. Disable PIN: 1 ----
1731406896.1150558 [node_io_servo-4] [INFO] [1731406896.113975988] [node_io_servo]: ---- Server Server Module_Input.node_io_servo: TBDT PIN: 1. QA PIN: 1.  Diff PIN: 1----
1731406896.1294284 [module_supervisor-1] [WARN] [1731406896.128184378] [Module_Supervisor]: ---- Supervisor: Waiting to connect to server Module_Scanning&Interface ----
1731406896.4552932 [node_io_weigh-6] [INFO] [1731406896.454301224] [node_io_weigh]: ---- Server Server Module_Input.node_io_weigh: Enable PIN: 1. Disable PIN: 1 ----
1731406896.4654696 [node_io_servo-4] [INFO] [1731406896.464391444] [node_io_servo]: ---- Server Server Module_Input.node_io_servo: TBDT PIN: 1. QA PIN: 1.  Diff PIN: 1----
1731406896.8054013 [node_io_weigh-6] [INFO] [1731406896.804369237] [node_io_weigh]: ---- Server Server Module_Input.node_io_weigh: Enable PIN: 1. Disable PIN: 1 ----
1731406896.8150840 [node_io_servo-4] [INFO] [1731406896.814020792] [node_io_servo]: ---- Server Server Module_Input.node_io_servo: TBDT PIN: 1. QA PIN: 1.  Diff PIN: 1----
1731406897.1352868 [module_supervisor-1] [WARN] [1731406897.134214346] [Module_Supervisor]: ---- Supervisor: Waiting to connect to server Module_Scanning&Interface ----
1731406897.1530693 [node_io_weigh-6] [INFO] [1731406897.152422905] [node_io_weigh]: ---- Server Server Module_Input.node_io_weigh: Enable PIN: 1. Disable PIN: 1 ----
1731406897.1639123 [node_io_servo-4] [INFO] [1731406897.163197603] [node_io_servo]: ---- Server Server Module_Input.node_io_servo: TBDT PIN: 1. QA PIN: 1.  Diff PIN: 1----
1731406897.5044234 [node_io_weigh-6] [INFO] [1731406897.503476022] [node_io_weigh]: ---- Server Server Module_Input.node_io_weigh: Enable PIN: 1. Disable PIN: 1 ----
1731406897.5151117 [node_io_servo-4] [INFO] [1731406897.514219147] [node_io_servo]: ---- Server Server Module_Input.node_io_servo: TBDT PIN: 1. QA PIN: 1.  Diff PIN: 1----
1731406897.8547947 [node_io_weigh-6] [INFO] [1731406897.853901365] [node_io_weigh]: ---- Server Server Module_Input.node_io_weigh: Enable PIN: 1. Disable PIN: 1 ----
1731406897.8652611 [node_io_servo-4] [INFO] [1731406897.864117695] [node_io_servo]: ---- Server Server Module_Input.node_io_servo: TBDT PIN: 1. QA PIN: 1.  Diff PIN: 1----
1731406898.1419642 [module_supervisor-1] [WARN] [1731406898.141019915] [Module_Supervisor]: ---- Supervisor: Waiting to connect to server Module_Scanning&Interface ----
1731406898.2019203 [node_io_weigh-6] [INFO] [1731406898.201308014] [node_io_weigh]: ---- Server Server Module_Input.node_io_weigh: Enable PIN: 1. Disable PIN: 1 ----
1731406898.2143478 [node_io_servo-4] [INFO] [1731406898.213728539] [node_io_servo]: ---- Server Server Module_Input.node_io_servo: TBDT PIN: 1. QA PIN: 1.  Diff PIN: 1----
1731406898.5552018 [node_io_weigh-6] [INFO] [1731406898.554118141] [node_io_weigh]: ---- Server Server Module_Input.node_io_weigh: Enable PIN: 1. Disable PIN: 1 ----
1731406898.5650935 [node_io_servo-4] [INFO] [1731406898.564254916] [node_io_servo]: ---- Server Server Module_Input.node_io_servo: TBDT PIN: 1. QA PIN: 1.  Diff PIN: 1----
1731406898.9051900 [node_io_weigh-6] [INFO] [1731406898.904184760] [node_io_weigh]: ---- Server Server Module_Input.node_io_weigh: Enable PIN: 1. Disable PIN: 1 ----
1731406898.9147229 [node_io_servo-4] [INFO] [1731406898.913700093] [node_io_servo]: ---- Server Server Module_Input.node_io_servo: TBDT PIN: 1. QA PIN: 1.  Diff PIN: 1----
1731406899.1487525 [module_supervisor-1] [WARN] [1731406899.147555589] [Module_Supervisor]: ---- Supervisor: Waiting to connect to server Module_Scanning&Interface ----
1731406899.1530411 [module_supervisor-1] [ERROR] [1731406899.152174312] [Module_Supervisor]: ---- Supervisor: Can't connect to Module Scanning&Interface ----
1731406899.1623480 [module_log_file-8] [INFO] [1731406899.153983250] [module_log_file]: ---- Server Module_Log_File: Creating Log File... ----
1731406899.1644316 [node_dc_servo-3] [INFO] [1731406899.158235677] [node_servo_motor]: ---- Server Module_Motor.node_servo_motor: Receive Message: Terminate. Bye Bye.... ----
1731406899.1679277 [node_io_servo-4] [INFO] [1731406899.166477645] [node_io_servo]: ---- Server Module_Input.node_io_servo: Receive Message: Terminate. Bye Bye.... ----
1731406899.2011509 [node_io_weigh-6] [INFO] [1731406899.187525804] [node_io_weigh]: ---- Server Module_Input.node_io_weigh: Receive Message: Terminate. Bye Bye.... ----
1731406899.2086008 [node_dc_motor-5] [INFO] [1731406899.205726881] [node_dc_motor]: ---- Server Module_Motor.node_dc_motor: Receive Message: Terminate. Bye Bye.... ----
1731406899.3741589 [module_weigh-7] [INFO] [1731406899.373215654] [module_weigh]: ---- Server Module_Weigh: Receive Message: Terminate. Bye Bye.... ----
1731406899.8540182 [ERROR] [node_io_servo-4]: process has died [pid 6530, exit code 255, cmd '/home/tomccd/Documents/Code/Python/DATN/install/module_input/lib/module_input/node_io_servo --ros-args'].
1731406899.9237561 [ERROR] [module_supervisor-1]: process has died [pid 6527, exit code 255, cmd '/home/tomccd/Documents/Code/Python/DATN/install/module_supervisor/lib/module_supervisor/module_supervisor --ros-args'].
1731406900.0104287 [ERROR] [node_io_weigh-6]: process has died [pid 6532, exit code 255, cmd '/home/tomccd/Documents/Code/Python/DATN/install/module_input/lib/module_input/node_io_weigh --ros-args'].
1731406900.1492825 [ERROR] [module_weigh-7]: process has died [pid 6533, exit code 255, cmd '/home/tomccd/Documents/Code/Python/DATN/install/module_weigh/lib/module_weigh/module_weigh --ros-args'].
1731406900.2604978 [ERROR] [node_dc_servo-3]: process has died [pid 6529, exit code 255, cmd '/home/tomccd/Documents/Code/Python/DATN/install/module_motor/lib/module_motor/node_dc_servo --ros-args'].
1731406900.2884212 [ERROR] [node_dc_motor-5]: process has died [pid 6531, exit code 255, cmd '/home/tomccd/Documents/Code/Python/DATN/install/module_motor/lib/module_motor/node_dc_motor --ros-args'].
