1731404848.3924928 [INFO] [launch]: All log files can be found below /home/tomccd/.ros/log/2024-11-12-16-47-28-381866-tomccd-raspberry4b-36759
1731404848.3932395 [INFO] [launch]: Default logging verbosity is set to INFO
1731404849.1790719 [INFO] [module_supervisor-1]: process started with pid [36762]
1731404849.1812217 [INFO] [module_scanning_interface-2]: process started with pid [36763]
1731404849.1819341 [INFO] [node_dc_servo-3]: process started with pid [36764]
1731404849.1963010 [INFO] [node_io_servo-4]: process started with pid [36765]
1731404849.1970994 [INFO] [node_dc_motor-5]: process started with pid [36766]
1731404849.1976824 [INFO] [node_io_weigh-6]: process started with pid [36767]
1731404849.2031839 [INFO] [module_weigh-7]: process started with pid [36768]
1731404849.2094314 [INFO] [module_log_file-8]: process started with pid [36769]
1731404849.2131035 [INFO] [module_send_email-9]: process started with pid [36770]
1731404854.6704755 [module_supervisor-1] [INFO] [1731404854.662143637] [Module_Supervisor]: ---- Supervisor: Connect to Server Module_Log_File Successfully ----
1731404854.9280219 [node_io_weigh-6] [INFO] [1731404854.923504752] [node_io_weigh]: ---- Server Server Module_Input.node_io_weigh: Enable PIN: 1. Disable PIN: 0 ----
1731404854.9661329 [node_dc_servo-3] [INFO] [1731404854.963836107] [node_servo_motor]: ---- Server Module_Motor.node_dc_motor: Init Server ----
1731404855.0986927 [node_io_weigh-6] [INFO] [1731404855.097452883] [node_io_weigh]: ---- Server Server Module_Input.node_io_weigh: Enable PIN: 1. Disable PIN: 0 ----
1731404855.2682235 [node_io_servo-4] [INFO] [1731404855.265458268] [node_io_servo]: ---- Server Server Module_Input.node_io_servo: TBDT PIN: 0. QA PIN: 1.  Diff PIN: 1----
1731404855.4125514 [node_io_servo-4] [INFO] [1731404855.410071882] [node_io_servo]: ---- Server Server Module_Input.node_io_servo: TBDT PIN: 0. QA PIN: 1.  Diff PIN: 1----
1731404855.4497557 [node_io_weigh-6] [INFO] [1731404855.447134645] [node_io_weigh]: ---- Server Server Module_Input.node_io_weigh: Enable PIN: 1. Disable PIN: 0 ----
1731404855.6682513 [module_supervisor-1] [WARN] [1731404855.667379640] [Module_Supervisor]: ---- Supervisor: Waiting to connect to server Module_Scanning&Interface ----
1731404855.7601743 [node_io_servo-4] [INFO] [1731404855.759330038] [node_io_servo]: ---- Server Server Module_Input.node_io_servo: TBDT PIN: 0. QA PIN: 1.  Diff PIN: 1----
1731404855.7954335 [node_io_weigh-6] [INFO] [1731404855.793853867] [node_io_weigh]: ---- Server Server Module_Input.node_io_weigh: Enable PIN: 1. Disable PIN: 0 ----
1731404856.1113820 [node_io_servo-4] [INFO] [1731404856.110283176] [node_io_servo]: ---- Server Server Module_Input.node_io_servo: TBDT PIN: 0. QA PIN: 1.  Diff PIN: 0----
1731404856.1535778 [node_io_weigh-6] [INFO] [1731404856.149206197] [node_io_weigh]: ---- Server Server Module_Input.node_io_weigh: Enable PIN: 1. Disable PIN: 0 ----
1731404856.4250736 [module_supervisor-1] [INFO] [1731404856.423594524] [Module_Supervisor]: ---- Supervisor: Connect to Server Module_Scanning&Interface Successfully ----
1731404856.4305346 [module_supervisor-1] [INFO] [1731404856.429346070] [Module_Supervisor]: ---- Supervisor: Connect to Server Module_Input.node_io_weigh Successfully ----
1731404856.4360406 [module_supervisor-1] [INFO] [1731404856.434968839] [Module_Supervisor]: ---- Supervisor: Connect to Server Module_Weigh Successfully ----
1731404856.4401028 [module_supervisor-1] [INFO] [1731404856.439139662] [Module_Supervisor]: ---- Supervisor: Connect to Server Module_Motor.node_dc_motor Successfully ----
1731404856.4438987 [module_supervisor-1] [INFO] [1731404856.442932934] [Module_Supervisor]: ---- Supervisor: Connect to Server Module_Input.node_io_servo Successfully ----
1731404856.4482937 [module_supervisor-1] [INFO] [1731404856.446989610] [Module_Supervisor]: ---- Supervisor: Connect to Server Module_Motor.node_dc_servo Successfully ----
1731404856.4523575 [module_supervisor-1] [INFO] [1731404856.451341746] [Module_Supervisor]: ---- Supervisor: Connect to Server Module_Send_Email Successfully ----
1731404856.4615839 [node_io_servo-4] [INFO] [1731404856.460123739] [node_io_servo]: ---- Server Server Module_Input.node_io_servo: TBDT PIN: 1. QA PIN: 1.  Diff PIN: 1----
1731404856.4939382 [node_io_weigh-6] [INFO] [1731404856.493064383] [node_io_weigh]: ---- Server Server Module_Input.node_io_weigh: Enable PIN: 1. Disable PIN: 0 ----
1731404856.5643730 [node_dc_motor-5] [INFO] [1731404856.563482379] [node_dc_motor]: ---- Server Module_Motor.node_dc_motor: Receive Intialized Request: Ready ----
1731404856.5737026 [module_supervisor-1] [INFO] [1731404856.572605460] [Module_Supervisor]: ---- Supervisor: Receive Init Respond from Server Module_Motor.node_dc_motor: OK
1731404856.7284141 [module_scanning_interface-2] [INFO] [1731404856.724172924] [module_scanning_interface]: ----  Server Module_Scanning&Interface: Connect to DB Successfully ----
1731404856.8119185 [node_io_servo-4] [INFO] [1731404856.810776347] [node_io_servo]: ---- Server Server Module_Input.node_io_servo: TBDT PIN: 0. QA PIN: 1.  Diff PIN: 0----
1731404856.8447664 [node_io_weigh-6] [INFO] [1731404856.843839212] [node_io_weigh]: ---- Server Server Module_Input.node_io_weigh: Enable PIN: 1. Disable PIN: 0 ----
1731404857.1620207 [node_io_servo-4] [INFO] [1731404857.161167738] [node_io_servo]: ---- Server Server Module_Input.node_io_servo: TBDT PIN: 1. QA PIN: 1.  Diff PIN: 0----
1731404857.1936686 [node_io_weigh-6] [INFO] [1731404857.192882897] [node_io_weigh]: ---- Server Server Module_Input.node_io_weigh: Enable PIN: 1. Disable PIN: 0 ----
1731404857.5130241 [node_io_servo-4] [INFO] [1731404857.511496948] [node_io_servo]: ---- Server Server Module_Input.node_io_servo: TBDT PIN: 0. QA PIN: 1.  Diff PIN: 0----
1731404857.5522375 [node_io_weigh-6] [INFO] [1731404857.551224868] [node_io_weigh]: ---- Server Server Module_Input.node_io_weigh: Enable PIN: 1. Disable PIN: 0 ----
1731404857.8657570 [node_io_servo-4] [INFO] [1731404857.863109829] [node_io_servo]: ---- Server Server Module_Input.node_io_servo: TBDT PIN: 0. QA PIN: 1.  Diff PIN: 0----
1731404857.9020486 [node_io_weigh-6] [INFO] [1731404857.899582582] [node_io_weigh]: ---- Server Server Module_Input.node_io_weigh: Enable PIN: 1. Disable PIN: 0 ----
1731404858.2104383 [node_io_servo-4] [INFO] [1731404858.209502772] [node_io_servo]: ---- Server Server Module_Input.node_io_servo: TBDT PIN: 0. QA PIN: 1.  Diff PIN: 0----
1731404858.2437537 [node_io_weigh-6] [INFO] [1731404858.243012059] [node_io_weigh]: ---- Server Server Module_Input.node_io_weigh: Enable PIN: 1. Disable PIN: 0 ----
1731404858.5644884 [node_io_servo-4] [INFO] [1731404858.563629277] [node_io_servo]: ---- Server Server Module_Input.node_io_servo: TBDT PIN: 1. QA PIN: 1.  Diff PIN: 0----
1731404858.5814617 [module_supervisor-1] [INFO] [1731404858.579704503] [Module_Supervisor]: ---- Supervisor: Connect to Module_Scanning&Interface Successfully----
1731404858.5857806 [module_supervisor-1] [INFO] [1731404858.584895759] [Module_Supervisor]: ---- Supervisor: Connect to Module_Input.node Successfully----
1731404858.5920467 [module_supervisor-1] [INFO] [1731404858.590307197] [Module_Supervisor]: ---- Supervisor: Connect to Module_Weigh Successfully----
1731404858.5959537 [node_io_weigh-6] [INFO] [1731404858.594300819] [node_io_weigh]: ---- Server Server Module_Input.node_io_weigh: Enable PIN: 1. Disable PIN: 0 ----
1731404858.5976577 [module_supervisor-1] [INFO] [1731404858.595282048] [Module_Supervisor]: ---- Supervisor: Connect to Module_Motor.node_dc_motor Successfully----
1731404858.6006393 [module_supervisor-1] [INFO] [1731404858.599276985] [Module_Supervisor]: ---- Supervisor: Connect to Module_Input.node_io_servo Successfully----
1731404858.6050770 [module_supervisor-1] [INFO] [1731404858.603619269] [Module_Supervisor]: ---- Supervisor: Connect to Module_Send_Email Successfully----
1731404858.9106734 [node_io_servo-4] [INFO] [1731404858.909908316] [node_io_servo]: ---- Server Server Module_Input.node_io_servo: TBDT PIN: 0. QA PIN: 1.  Diff PIN: 0----
1731404858.9450912 [node_io_weigh-6] [INFO] [1731404858.944214446] [node_io_weigh]: ---- Server Server Module_Input.node_io_weigh: Enable PIN: 1. Disable PIN: 0 ----
1731404859.2627935 [node_io_servo-4] [INFO] [1731404859.261422170] [node_io_servo]: ---- Server Server Module_Input.node_io_servo: TBDT PIN: 1. QA PIN: 1.  Diff PIN: 0----
1731404859.2955737 [node_io_weigh-6] [INFO] [1731404859.294790255] [node_io_weigh]: ---- Server Server Module_Input.node_io_weigh: Enable PIN: 1. Disable PIN: 0 ----
1731404859.6109715 [node_io_servo-4] [INFO] [1731404859.609768283] [node_io_servo]: ---- Server Server Module_Input.node_io_servo: TBDT PIN: 0. QA PIN: 1.  Diff PIN: 0----
1731404859.6433434 [node_io_weigh-6] [INFO] [1731404859.642571894] [node_io_weigh]: ---- Server Server Module_Input.node_io_weigh: Enable PIN: 1. Disable PIN: 0 ----
1731404859.9619267 [node_io_servo-4] [INFO] [1731404859.961049586] [node_io_servo]: ---- Server Server Module_Input.node_io_servo: TBDT PIN: 1. QA PIN: 1.  Diff PIN: 0----
1731404859.9951701 [node_io_weigh-6] [INFO] [1731404859.994135896] [node_io_weigh]: ---- Server Server Module_Input.node_io_weigh: Enable PIN: 1. Disable PIN: 0 ----
1731404860.3107526 [node_io_servo-4] [INFO] [1731404860.309733663] [node_io_servo]: ---- Server Server Module_Input.node_io_servo: TBDT PIN: 0. QA PIN: 1.  Diff PIN: 0----
1731404860.3452260 [node_io_weigh-6] [INFO] [1731404860.344058812] [node_io_weigh]: ---- Server Server Module_Input.node_io_weigh: Enable PIN: 1. Disable PIN: 0 ----
1731404860.5782268 [module_supervisor-1] [INFO] [1731404860.576393426] [Module_Supervisor]: ---- Supervisor: Connect to Module_Scanning&Interface Successfully----
1731404860.5834248 [module_supervisor-1] [INFO] [1731404860.579883572] [Module_Supervisor]: ---- Supervisor: Connect to Module_Input.node Successfully----
1731404860.5872383 [module_supervisor-1] [INFO] [1731404860.584557242] [Module_Supervisor]: ---- Supervisor: Connect to Module_Weigh Successfully----
1731404860.5898409 [module_supervisor-1] [INFO] [1731404860.588921989] [Module_Supervisor]: ---- Supervisor: Connect to Module_Motor.node_dc_motor Successfully----
1731404860.5943861 [module_supervisor-1] [INFO] [1731404860.593201311] [Module_Supervisor]: ---- Supervisor: Connect to Module_Input.node_io_servo Successfully----
1731404860.6005416 [module_supervisor-1] [INFO] [1731404860.597086248] [Module_Supervisor]: ---- Supervisor: Connect to Module_Send_Email Successfully----
1731404860.6615973 [node_io_servo-4] [INFO] [1731404860.660680289] [node_io_servo]: ---- Server Server Module_Input.node_io_servo: TBDT PIN: 1. QA PIN: 1.  Diff PIN: 0----
1731404860.6956623 [node_io_weigh-6] [INFO] [1731404860.694931827] [node_io_weigh]: ---- Server Server Module_Input.node_io_weigh: Enable PIN: 1. Disable PIN: 0 ----
1731404861.0124416 [node_io_servo-4] [INFO] [1731404861.011103699] [node_io_servo]: ---- Server Server Module_Input.node_io_servo: TBDT PIN: 0. QA PIN: 1.  Diff PIN: 0----
1731404861.0434477 [node_io_weigh-6] [INFO] [1731404861.042666916] [node_io_weigh]: ---- Server Server Module_Input.node_io_weigh: Enable PIN: 1. Disable PIN: 0 ----
1731404861.3616381 [node_io_servo-4] [INFO] [1731404861.360847343] [node_io_servo]: ---- Server Server Module_Input.node_io_servo: TBDT PIN: 1. QA PIN: 1.  Diff PIN: 0----
1731404861.3945982 [node_io_weigh-6] [INFO] [1731404861.393646955] [node_io_weigh]: ---- Server Server Module_Input.node_io_weigh: Enable PIN: 1. Disable PIN: 0 ----
1731404861.7102029 [node_io_servo-4] [INFO] [1731404861.709367280] [node_io_servo]: ---- Server Server Module_Input.node_io_servo: TBDT PIN: 0. QA PIN: 1.  Diff PIN: 0----
1731404861.7445769 [node_io_weigh-6] [INFO] [1731404861.743064122] [node_io_weigh]: ---- Server Server Module_Input.node_io_weigh: Enable PIN: 1. Disable PIN: 0 ----
1731404862.0611830 [node_io_servo-4] [INFO] [1731404862.059878472] [node_io_servo]: ---- Server Server Module_Input.node_io_servo: TBDT PIN: 1. QA PIN: 1.  Diff PIN: 0----
1731404862.0967386 [node_io_weigh-6] [INFO] [1731404862.095231259] [node_io_weigh]: ---- Server Server Module_Input.node_io_weigh: Enable PIN: 1. Disable PIN: 0 ----
1731404862.4106615 [node_io_servo-4] [INFO] [1731404862.409777028] [node_io_servo]: ---- Server Server Module_Input.node_io_servo: TBDT PIN: 1. QA PIN: 1.  Diff PIN: 0----
1731404862.4464347 [node_io_weigh-6] [INFO] [1731404862.444186770] [node_io_weigh]: ---- Server Server Module_Input.node_io_weigh: Enable PIN: 1. Disable PIN: 0 ----
1731404862.5782123 [module_supervisor-1] [INFO] [1731404862.577025328] [Module_Supervisor]: ---- Supervisor: Connect to Module_Scanning&Interface Successfully----
1731404862.5833597 [module_supervisor-1] [INFO] [1731404862.580900636] [Module_Supervisor]: ---- Supervisor: Connect to Module_Input.node Successfully----
1731404862.5885112 [module_supervisor-1] [INFO] [1731404862.585423326] [Module_Supervisor]: ---- Supervisor: Connect to Module_Weigh Successfully----
1731404862.5930283 [module_supervisor-1] [INFO] [1731404862.590047663] [Module_Supervisor]: ---- Supervisor: Connect to Module_Motor.node_dc_motor Successfully----
1731404862.5964687 [module_supervisor-1] [INFO] [1731404862.595479120] [Module_Supervisor]: ---- Supervisor: Connect to Module_Input.node_io_servo Successfully----
1731404862.6018662 [module_supervisor-1] [INFO] [1731404862.600600951] [Module_Supervisor]: ---- Supervisor: Connect to Module_Send_Email Successfully----
1731404862.7601852 [node_io_servo-4] [INFO] [1731404862.759328143] [node_io_servo]: ---- Server Server Module_Input.node_io_servo: TBDT PIN: 1. QA PIN: 1.  Diff PIN: 0----
1731404862.7942965 [node_io_weigh-6] [INFO] [1731404862.793166651] [node_io_weigh]: ---- Server Server Module_Input.node_io_weigh: Enable PIN: 1. Disable PIN: 0 ----
1731404863.1187618 [node_io_servo-4] [INFO] [1731404863.116892485] [node_io_servo]: ---- Server Server Module_Input.node_io_servo: TBDT PIN: 1. QA PIN: 1.  Diff PIN: 0----
1731404863.1524525 [node_io_weigh-6] [INFO] [1731404863.145115186] [node_io_weigh]: ---- Server Server Module_Input.node_io_weigh: Enable PIN: 1. Disable PIN: 0 ----
1731404863.4622569 [node_io_servo-4] [INFO] [1731404863.460287823] [node_io_servo]: ---- Server Server Module_Input.node_io_servo: TBDT PIN: 1. QA PIN: 1.  Diff PIN: 1----
1731404863.4969871 [node_io_weigh-6] [INFO] [1731404863.494769879] [node_io_weigh]: ---- Server Server Module_Input.node_io_weigh: Enable PIN: 1. Disable PIN: 0 ----
1731404863.8106425 [node_io_servo-4] [INFO] [1731404863.809365652] [node_io_servo]: ---- Server Server Module_Input.node_io_servo: TBDT PIN: 0. QA PIN: 1.  Diff PIN: 1----
1731404863.8469670 [node_io_weigh-6] [INFO] [1731404863.844057854] [node_io_weigh]: ---- Server Server Module_Input.node_io_weigh: Enable PIN: 1. Disable PIN: 0 ----
1731404864.1602535 [node_io_servo-4] [INFO] [1731404864.159240475] [node_io_servo]: ---- Server Server Module_Input.node_io_servo: TBDT PIN: 1. QA PIN: 1.  Diff PIN: 1----
1731404864.1939797 [node_io_weigh-6] [INFO] [1731404864.192668988] [node_io_weigh]: ---- Server Server Module_Input.node_io_weigh: Enable PIN: 1. Disable PIN: 0 ----
1731404864.5127125 [node_io_servo-4] [INFO] [1731404864.511645420] [node_io_servo]: ---- Server Server Module_Input.node_io_servo: TBDT PIN: 0. QA PIN: 1.  Diff PIN: 1----
1731404864.5434942 [node_io_weigh-6] [INFO] [1731404864.542738126] [node_io_weigh]: ---- Server Server Module_Input.node_io_weigh: Enable PIN: 1. Disable PIN: 0 ----
1731404864.5776141 [module_supervisor-1] [INFO] [1731404864.576666096] [Module_Supervisor]: ---- Supervisor: Connect to Module_Scanning&Interface Successfully----
1731404864.5810134 [module_supervisor-1] [INFO] [1731404864.579879968] [Module_Supervisor]: ---- Supervisor: Connect to Module_Input.node Successfully----
1731404864.5854852 [module_supervisor-1] [INFO] [1731404864.583923552] [Module_Supervisor]: ---- Supervisor: Connect to Module_Weigh Successfully----
1731404864.5890350 [module_supervisor-1] [INFO] [1731404864.588140541] [Module_Supervisor]: ---- Supervisor: Connect to Module_Motor.node_dc_motor Successfully----
1731404864.5980947 [module_supervisor-1] [INFO] [1731404864.595486737] [Module_Supervisor]: ---- Supervisor: Connect to Module_Input.node_io_servo Successfully----
1731404864.6102524 [module_supervisor-1] [INFO] [1731404864.604888483] [Module_Supervisor]: ---- Supervisor: Connect to Module_Send_Email Successfully----
1731404864.8623753 [node_io_servo-4] [INFO] [1731404864.861198379] [node_io_servo]: ---- Server Server Module_Input.node_io_servo: TBDT PIN: 0. QA PIN: 1.  Diff PIN: 1----
1731404864.8933921 [node_io_weigh-6] [INFO] [1731404864.892611044] [node_io_weigh]: ---- Server Server Module_Input.node_io_weigh: Enable PIN: 1. Disable PIN: 0 ----
1731404865.2124572 [node_io_servo-4] [INFO] [1731404865.209918461] [node_io_servo]: ---- Server Server Module_Input.node_io_servo: TBDT PIN: 0. QA PIN: 1.  Diff PIN: 0----
1731404865.2461646 [node_io_weigh-6] [INFO] [1731404865.244940438] [node_io_weigh]: ---- Server Server Module_Input.node_io_weigh: Enable PIN: 1. Disable PIN: 0 ----
1731404865.5605824 [node_io_servo-4] [INFO] [1731404865.559723515] [node_io_servo]: ---- Server Server Module_Input.node_io_servo: TBDT PIN: 0. QA PIN: 1.  Diff PIN: 0----
1731404865.5960970 [node_io_weigh-6] [INFO] [1731404865.593328582] [node_io_weigh]: ---- Server Server Module_Input.node_io_weigh: Enable PIN: 1. Disable PIN: 0 ----
1731404865.9102461 [node_io_servo-4] [INFO] [1731404865.909333182] [node_io_servo]: ---- Server Server Module_Input.node_io_servo: TBDT PIN: 0. QA PIN: 1.  Diff PIN: 0----
1731404865.9457941 [node_io_weigh-6] [INFO] [1731404865.942679567] [node_io_weigh]: ---- Server Server Module_Input.node_io_weigh: Enable PIN: 1. Disable PIN: 0 ----
1731404866.2602804 [node_io_servo-4] [INFO] [1731404866.259392552] [node_io_servo]: ---- Server Server Module_Input.node_io_servo: TBDT PIN: 0. QA PIN: 1.  Diff PIN: 0----
1731404866.2968507 [node_io_weigh-6] [INFO] [1731404866.295768144] [node_io_weigh]: ---- Server Server Module_Input.node_io_weigh: Enable PIN: 1. Disable PIN: 0 ----
1731404866.5767367 [module_supervisor-1] [INFO] [1731404866.575896928] [Module_Supervisor]: ---- Supervisor: Connect to Module_Scanning&Interface Successfully----
1731404866.5804696 [module_supervisor-1] [INFO] [1731404866.578946283] [Module_Supervisor]: ---- Supervisor: Connect to Module_Input.node Successfully----
1731404866.5838821 [module_supervisor-1] [INFO] [1731404866.582946090] [Module_Supervisor]: ---- Supervisor: Connect to Module_Weigh Successfully----
1731404866.5883119 [module_supervisor-1] [INFO] [1731404866.587227283] [Module_Supervisor]: ---- Supervisor: Connect to Module_Motor.node_dc_motor Successfully----
1731404866.5919783 [module_supervisor-1] [INFO] [1731404866.591049666] [Module_Supervisor]: ---- Supervisor: Connect to Module_Input.node_io_servo Successfully----
1731404866.5962381 [module_supervisor-1] [INFO] [1731404866.595132713] [Module_Supervisor]: ---- Supervisor: Connect to Module_Send_Email Successfully----
1731404866.6120420 [node_io_servo-4] [INFO] [1731404866.611087015] [node_io_servo]: ---- Server Server Module_Input.node_io_servo: TBDT PIN: 0. QA PIN: 1.  Diff PIN: 0----
1731404866.6436288 [node_io_weigh-6] [INFO] [1731404866.642726994] [node_io_weigh]: ---- Server Server Module_Input.node_io_weigh: Enable PIN: 1. Disable PIN: 0 ----
1731404866.9634273 [node_io_servo-4] [INFO] [1731404866.960535893] [node_io_servo]: ---- Server Server Module_Input.node_io_servo: TBDT PIN: 0. QA PIN: 1.  Diff PIN: 1----
1731404866.9937038 [node_io_weigh-6] [INFO] [1731404866.992855623] [node_io_weigh]: ---- Server Server Module_Input.node_io_weigh: Enable PIN: 1. Disable PIN: 0 ----
1731404867.3187356 [node_io_servo-4] [INFO] [1731404867.316403111] [node_io_servo]: ---- Server Server Module_Input.node_io_servo: TBDT PIN: 0. QA PIN: 1.  Diff PIN: 1----
1731404867.3447971 [node_io_weigh-6] [INFO] [1731404867.343930988] [node_io_weigh]: ---- Server Server Module_Input.node_io_weigh: Enable PIN: 1. Disable PIN: 0 ----
1731404867.6620364 [node_io_servo-4] [INFO] [1731404867.660842124] [node_io_servo]: ---- Server Server Module_Input.node_io_servo: TBDT PIN: 0. QA PIN: 1.  Diff PIN: 1----
1731404867.6942594 [node_io_weigh-6] [INFO] [1731404867.692977745] [node_io_weigh]: ---- Server Server Module_Input.node_io_weigh: Enable PIN: 1. Disable PIN: 0 ----
1731404868.0117583 [node_io_servo-4] [INFO] [1731404868.010997573] [node_io_servo]: ---- Server Server Module_Input.node_io_servo: TBDT PIN: 0. QA PIN: 1.  Diff PIN: 1----
1731404868.0434837 [node_io_weigh-6] [INFO] [1731404868.042721829] [node_io_weigh]: ---- Server Server Module_Input.node_io_weigh: Enable PIN: 1. Disable PIN: 0 ----
1731404868.3603361 [node_io_servo-4] [INFO] [1731404868.359459102] [node_io_servo]: ---- Server Server Module_Input.node_io_servo: TBDT PIN: 0. QA PIN: 1.  Diff PIN: 0----
1731404868.3969207 [node_io_weigh-6] [INFO] [1731404868.393777570] [node_io_weigh]: ---- Server Server Module_Input.node_io_weigh: Enable PIN: 1. Disable PIN: 0 ----
1731404868.5773501 [module_supervisor-1] [INFO] [1731404868.576374250] [Module_Supervisor]: ---- Supervisor: Connect to Module_Scanning&Interface Successfully----
1731404868.5829327 [module_supervisor-1] [INFO] [1731404868.579665361] [Module_Supervisor]: ---- Supervisor: Connect to Module_Input.node Successfully----
1731404868.5916872 [module_supervisor-1] [INFO] [1731404868.588586632] [Module_Supervisor]: ---- Supervisor: Connect to Module_Weigh Successfully----
1731404868.5969458 [module_supervisor-1] [INFO] [1731404868.595225502] [Module_Supervisor]: ---- Supervisor: Connect to Module_Motor.node_dc_motor Successfully----
1731404868.6017351 [module_supervisor-1] [INFO] [1731404868.599183865] [Module_Supervisor]: ---- Supervisor: Connect to Module_Input.node_io_servo Successfully----
1731404868.6084337 [module_supervisor-1] [INFO] [1731404868.605795661] [Module_Supervisor]: ---- Supervisor: Connect to Module_Send_Email Successfully----
1731404868.7100964 [node_io_servo-4] [INFO] [1731404868.709248875] [node_io_servo]: ---- Server Server Module_Input.node_io_servo: TBDT PIN: 0. QA PIN: 0.  Diff PIN: 0----
1731404868.7465780 [node_io_weigh-6] [INFO] [1731404868.744945642] [node_io_weigh]: ---- Server Server Module_Input.node_io_weigh: Enable PIN: 1. Disable PIN: 0 ----
1731404869.0627966 [node_io_servo-4] [INFO] [1731404869.060724593] [node_io_servo]: ---- Server Server Module_Input.node_io_servo: TBDT PIN: 0. QA PIN: 1.  Diff PIN: 1----
1731404869.0983720 [node_io_weigh-6] [INFO] [1731404869.097247889] [node_io_weigh]: ---- Server Server Module_Input.node_io_weigh: Enable PIN: 1. Disable PIN: 0 ----
1731404869.4106069 [node_io_servo-4] [INFO] [1731404869.409649103] [node_io_servo]: ---- Server Server Module_Input.node_io_servo: TBDT PIN: 0. QA PIN: 0.  Diff PIN: 1----
1731404869.4458711 [node_io_weigh-6] [INFO] [1731404869.445028189] [node_io_weigh]: ---- Server Server Module_Input.node_io_weigh: Enable PIN: 1. Disable PIN: 0 ----
1731404869.7600851 [node_io_servo-4] [INFO] [1731404869.759248494] [node_io_servo]: ---- Server Server Module_Input.node_io_servo: TBDT PIN: 0. QA PIN: 0.  Diff PIN: 0----
1731404869.7956281 [node_io_weigh-6] [INFO] [1731404869.794770320] [node_io_weigh]: ---- Server Server Module_Input.node_io_weigh: Enable PIN: 1. Disable PIN: 0 ----
1731404870.1121550 [node_io_servo-4] [INFO] [1731404870.110946216] [node_io_servo]: ---- Server Server Module_Input.node_io_servo: TBDT PIN: 0. QA PIN: 0.  Diff PIN: 1----
1731404870.1442063 [node_io_weigh-6] [INFO] [1731404870.143396391] [node_io_weigh]: ---- Server Server Module_Input.node_io_weigh: Enable PIN: 1. Disable PIN: 0 ----
1731404870.4609313 [node_io_servo-4] [INFO] [1731404870.459586253] [node_io_servo]: ---- Server Server Module_Input.node_io_servo: TBDT PIN: 0. QA PIN: 1.  Diff PIN: 1----
1731404870.4933672 [node_io_weigh-6] [INFO] [1731404870.492596088] [node_io_weigh]: ---- Server Server Module_Input.node_io_weigh: Enable PIN: 1. Disable PIN: 0 ----
1731404870.5795696 [module_supervisor-1] [INFO] [1731404870.576341672] [Module_Supervisor]: ---- Supervisor: Connect to Module_Scanning&Interface Successfully----
1731404870.5854583 [module_supervisor-1] [INFO] [1731404870.584081975] [Module_Supervisor]: ---- Supervisor: Connect to Module_Input.node Successfully----
1731404870.5936155 [module_supervisor-1] [INFO] [1731404870.592005590] [Module_Supervisor]: ---- Supervisor: Connect to Module_Weigh Successfully----
1731404870.5973210 [module_supervisor-1] [INFO] [1731404870.595636198] [Module_Supervisor]: ---- Supervisor: Connect to Module_Motor.node_dc_motor Successfully----
1731404870.6008420 [module_supervisor-1] [INFO] [1731404870.599635209] [Module_Supervisor]: ---- Supervisor: Connect to Module_Input.node_io_servo Successfully----
1731404870.6055260 [module_supervisor-1] [INFO] [1731404870.603740033] [Module_Supervisor]: ---- Supervisor: Connect to Module_Send_Email Successfully----
1731404870.8109894 [node_io_servo-4] [INFO] [1731404870.810057880] [node_io_servo]: ---- Server Server Module_Input.node_io_servo: TBDT PIN: 0. QA PIN: 0.  Diff PIN: 1----
1731404870.8433728 [node_io_weigh-6] [INFO] [1731404870.842615313] [node_io_weigh]: ---- Server Server Module_Input.node_io_weigh: Enable PIN: 1. Disable PIN: 0 ----
1731404871.1613896 [node_io_servo-4] [INFO] [1731404871.160424363] [node_io_servo]: ---- Server Server Module_Input.node_io_servo: TBDT PIN: 0. QA PIN: 1.  Diff PIN: 1----
1731404871.1944971 [node_io_weigh-6] [INFO] [1731404871.193602049] [node_io_weigh]: ---- Server Server Module_Input.node_io_weigh: Enable PIN: 1. Disable PIN: 0 ----
1731404871.5104709 [node_io_servo-4] [INFO] [1731404871.509687194] [node_io_servo]: ---- Server Server Module_Input.node_io_servo: TBDT PIN: 0. QA PIN: 1.  Diff PIN: 1----
1731404871.5434625 [node_io_weigh-6] [INFO] [1731404871.542697234] [node_io_weigh]: ---- Server Server Module_Input.node_io_weigh: Enable PIN: 1. Disable PIN: 0 ----
1731404871.8651700 [node_io_servo-4] [INFO] [1731404871.863923026] [node_io_servo]: ---- Server Server Module_Input.node_io_servo: TBDT PIN: 0. QA PIN: 1.  Diff PIN: 1----
1731404871.8944108 [node_io_weigh-6] [INFO] [1731404871.893450660] [node_io_weigh]: ---- Server Server Module_Input.node_io_weigh: Enable PIN: 1. Disable PIN: 0 ----
1731404872.2123828 [node_io_servo-4] [INFO] [1731404872.211420269] [node_io_servo]: ---- Server Server Module_Input.node_io_servo: TBDT PIN: 0. QA PIN: 1.  Diff PIN: 1----
1731404872.2440875 [node_io_weigh-6] [INFO] [1731404872.242719513] [node_io_weigh]: ---- Server Server Module_Input.node_io_weigh: Enable PIN: 1. Disable PIN: 0 ----
1731404872.5602922 [node_io_servo-4] [INFO] [1731404872.559415415] [node_io_servo]: ---- Server Server Module_Input.node_io_servo: TBDT PIN: 0. QA PIN: 1.  Diff PIN: 1----
1731404872.5782454 [module_supervisor-1] [INFO] [1731404872.577108182] [Module_Supervisor]: ---- Supervisor: Connect to Module_Scanning&Interface Successfully----
1731404872.5820160 [module_supervisor-1] [INFO] [1731404872.580973861] [Module_Supervisor]: ---- Supervisor: Connect to Module_Input.node Successfully----
1731404872.5846817 [module_supervisor-1] [INFO] [1731404872.583931365] [Module_Supervisor]: ---- Supervisor: Connect to Module_Weigh Successfully----
1731404872.5877242 [module_supervisor-1] [INFO] [1731404872.586975924] [Module_Supervisor]: ---- Supervisor: Connect to Module_Motor.node_dc_motor Successfully----
1731404872.5917163 [module_supervisor-1] [INFO] [1731404872.590291053] [Module_Supervisor]: ---- Supervisor: Connect to Module_Input.node_io_servo Successfully----
1731404872.5954902 [node_io_weigh-6] [INFO] [1731404872.593353742] [node_io_weigh]: ---- Server Server Module_Input.node_io_weigh: Enable PIN: 1. Disable PIN: 0 ----
1731404872.6047614 [module_supervisor-1] [INFO] [1731404872.597373549] [Module_Supervisor]: ---- Supervisor: Connect to Module_Send_Email Successfully----
1731404872.9116347 [node_io_servo-4] [INFO] [1731404872.910792191] [node_io_servo]: ---- Server Server Module_Input.node_io_servo: TBDT PIN: 0. QA PIN: 1.  Diff PIN: 1----
1731404872.9455287 [node_io_weigh-6] [INFO] [1731404872.944389114] [node_io_weigh]: ---- Server Server Module_Input.node_io_weigh: Enable PIN: 1. Disable PIN: 0 ----
1731404873.2601268 [node_io_servo-4] [INFO] [1731404873.259264133] [node_io_servo]: ---- Server Server Module_Input.node_io_servo: TBDT PIN: 0. QA PIN: 1.  Diff PIN: 1----
1731404873.2943828 [node_io_weigh-6] [INFO] [1731404873.293613788] [node_io_weigh]: ---- Server Server Module_Input.node_io_weigh: Enable PIN: 1. Disable PIN: 0 ----
1731404873.6135848 [node_io_servo-4] [INFO] [1731404873.612508412] [node_io_servo]: ---- Server Server Module_Input.node_io_servo: TBDT PIN: 0. QA PIN: 1.  Diff PIN: 1----
1731404873.6456442 [node_io_weigh-6] [INFO] [1731404873.643179163] [node_io_weigh]: ---- Server Server Module_Input.node_io_weigh: Enable PIN: 1. Disable PIN: 0 ----
1731404873.9616787 [node_io_servo-4] [INFO] [1731404873.960855541] [node_io_servo]: ---- Server Server Module_Input.node_io_servo: TBDT PIN: 0. QA PIN: 1.  Diff PIN: 1----
1731404873.9934065 [node_io_weigh-6] [INFO] [1731404873.992616595] [node_io_weigh]: ---- Server Server Module_Input.node_io_weigh: Enable PIN: 1. Disable PIN: 0 ----
1731404874.3155138 [node_io_servo-4] [INFO] [1731404874.312707469] [node_io_servo]: ---- Server Server Module_Input.node_io_servo: TBDT PIN: 0. QA PIN: 1.  Diff PIN: 1----
1731404874.3463132 [node_io_weigh-6] [INFO] [1731404874.345180424] [node_io_weigh]: ---- Server Server Module_Input.node_io_weigh: Enable PIN: 1. Disable PIN: 0 ----
1731404874.5773149 [module_supervisor-1] [INFO] [1731404874.576442357] [Module_Supervisor]: ---- Supervisor: Connect to Module_Scanning&Interface Successfully----
1731404874.5810413 [module_supervisor-1] [INFO] [1731404874.579324381] [Module_Supervisor]: ---- Supervisor: Connect to Module_Input.node Successfully----
1731404874.5862226 [module_supervisor-1] [INFO] [1731404874.582564178] [Module_Supervisor]: ---- Supervisor: Connect to Module_Weigh Successfully----
1731404874.5906091 [module_supervisor-1] [INFO] [1731404874.588934089] [Module_Supervisor]: ---- Supervisor: Connect to Module_Motor.node_dc_motor Successfully----
1731404874.5945506 [module_supervisor-1] [INFO] [1731404874.593446335] [Module_Supervisor]: ---- Supervisor: Connect to Module_Input.node_io_servo Successfully----
1731404874.6016622 [module_supervisor-1] [INFO] [1731404874.597770806] [Module_Supervisor]: ---- Supervisor: Connect to Module_Send_Email Successfully----
1731404874.6614861 [node_io_servo-4] [INFO] [1731404874.660609812] [node_io_servo]: ---- Server Server Module_Input.node_io_servo: TBDT PIN: 0. QA PIN: 1.  Diff PIN: 1----
1731404874.6973708 [node_io_weigh-6] [INFO] [1731404874.695981290] [node_io_weigh]: ---- Server Server Module_Input.node_io_weigh: Enable PIN: 1. Disable PIN: 0 ----
1731404875.0105665 [node_io_servo-4] [INFO] [1731404875.009822345] [node_io_servo]: ---- Server Server Module_Input.node_io_servo: TBDT PIN: 0. QA PIN: 1.  Diff PIN: 1----
1731404875.0434270 [node_io_weigh-6] [INFO] [1731404875.042648407] [node_io_weigh]: ---- Server Server Module_Input.node_io_weigh: Enable PIN: 1. Disable PIN: 0 ----
1731404875.3602617 [node_io_servo-4] [INFO] [1731404875.359379286] [node_io_servo]: ---- Server Server Module_Input.node_io_servo: TBDT PIN: 0. QA PIN: 1.  Diff PIN: 1----
1731404875.3947077 [node_io_weigh-6] [INFO] [1731404875.393972865] [node_io_weigh]: ---- Server Server Module_Input.node_io_weigh: Enable PIN: 1. Disable PIN: 0 ----
1731404875.7102094 [node_io_servo-4] [INFO] [1731404875.709360703] [node_io_servo]: ---- Server Server Module_Input.node_io_servo: TBDT PIN: 0. QA PIN: 1.  Diff PIN: 1----
1731404875.7454405 [node_io_weigh-6] [INFO] [1731404875.744695071] [node_io_weigh]: ---- Server Server Module_Input.node_io_weigh: Enable PIN: 1. Disable PIN: 0 ----
1731404876.0613036 [node_io_servo-4] [INFO] [1731404876.060322241] [node_io_servo]: ---- Server Server Module_Input.node_io_servo: TBDT PIN: 0. QA PIN: 1.  Diff PIN: 1----
1731404876.0950918 [node_io_weigh-6] [INFO] [1731404876.093423578] [node_io_weigh]: ---- Server Server Module_Input.node_io_weigh: Enable PIN: 1. Disable PIN: 0 ----
1731404876.4142985 [node_io_servo-4] [INFO] [1731404876.413332130] [node_io_servo]: ---- Server Server Module_Input.node_io_servo: TBDT PIN: 0. QA PIN: 1.  Diff PIN: 1----
1731404876.4519348 [node_io_weigh-6] [INFO] [1731404876.448517815] [node_io_weigh]: ---- Server Server Module_Input.node_io_weigh: Enable PIN: 1. Disable PIN: 0 ----
1731404876.5783670 [module_supervisor-1] [INFO] [1731404876.577442017] [Module_Supervisor]: ---- Supervisor: Connect to Module_Scanning&Interface Successfully----
1731404876.5842097 [module_supervisor-1] [INFO] [1731404876.583346137] [Module_Supervisor]: ---- Supervisor: Connect to Module_Input.node Successfully----
1731404876.5886502 [module_supervisor-1] [INFO] [1731404876.587714978] [Module_Supervisor]: ---- Supervisor: Connect to Module_Weigh Successfully----
1731404876.5940688 [module_supervisor-1] [INFO] [1731404876.592667404] [Module_Supervisor]: ---- Supervisor: Connect to Module_Motor.node_dc_motor Successfully----
1731404876.5995128 [module_supervisor-1] [INFO] [1731404876.598559247] [Module_Supervisor]: ---- Supervisor: Connect to Module_Input.node_io_servo Successfully----
1731404876.6074774 [module_supervisor-1] [INFO] [1731404876.606446789] [Module_Supervisor]: ---- Supervisor: Connect to Module_Send_Email Successfully----
1731404876.7726324 [node_io_servo-4] [INFO] [1731404876.770454140] [node_io_servo]: ---- Server Server Module_Input.node_io_servo: TBDT PIN: 0. QA PIN: 1.  Diff PIN: 1----
1731404876.7962728 [node_io_weigh-6] [INFO] [1731404876.794364042] [node_io_weigh]: ---- Server Server Module_Input.node_io_weigh: Enable PIN: 1. Disable PIN: 0 ----
1731404877.1285965 [node_io_servo-4] [INFO] [1731404877.125520879] [node_io_servo]: ---- Server Server Module_Input.node_io_servo: TBDT PIN: 0. QA PIN: 1.  Diff PIN: 1----
1731404877.1491501 [node_io_weigh-6] [INFO] [1731404877.146318427] [node_io_weigh]: ---- Server Server Module_Input.node_io_weigh: Enable PIN: 1. Disable PIN: 0 ----
1731404877.4640298 [node_io_servo-4] [INFO] [1731404877.459776295] [node_io_servo]: ---- Server Server Module_Input.node_io_servo: TBDT PIN: 0. QA PIN: 1.  Diff PIN: 1----
1731404877.4958997 [node_io_weigh-6] [INFO] [1731404877.494421264] [node_io_weigh]: ---- Server Server Module_Input.node_io_weigh: Enable PIN: 1. Disable PIN: 0 ----
1731404877.8115027 [node_io_servo-4] [INFO] [1731404877.810410679] [node_io_servo]: ---- Server Server Module_Input.node_io_servo: TBDT PIN: 0. QA PIN: 1.  Diff PIN: 1----
1731404877.8447807 [node_io_weigh-6] [INFO] [1731404877.844036937] [node_io_weigh]: ---- Server Server Module_Input.node_io_weigh: Enable PIN: 1. Disable PIN: 0 ----
1731404878.1619372 [node_io_servo-4] [INFO] [1731404878.160975417] [node_io_servo]: ---- Server Server Module_Input.node_io_servo: TBDT PIN: 0. QA PIN: 1.  Diff PIN: 1----
1731404878.1946659 [node_io_weigh-6] [INFO] [1731404878.192973138] [node_io_weigh]: ---- Server Server Module_Input.node_io_weigh: Enable PIN: 1. Disable PIN: 0 ----
1731404878.5161388 [node_io_servo-4] [INFO] [1731404878.515053231] [node_io_servo]: ---- Server Server Module_Input.node_io_servo: TBDT PIN: 0. QA PIN: 1.  Diff PIN: 1----
1731404878.5506928 [node_io_weigh-6] [INFO] [1731404878.545196065] [node_io_weigh]: ---- Server Server Module_Input.node_io_weigh: Enable PIN: 1. Disable PIN: 0 ----
1731404878.5797482 [module_supervisor-1] [INFO] [1731404878.578078665] [Module_Supervisor]: ---- Supervisor: Connect to Module_Scanning&Interface Successfully----
1731404878.5844364 [module_supervisor-1] [INFO] [1731404878.583136016] [Module_Supervisor]: ---- Supervisor: Connect to Module_Input.node Successfully----
1731404878.5991313 [module_supervisor-1] [INFO] [1731404878.595165458] [Module_Supervisor]: ---- Supervisor: Connect to Module_Weigh Successfully----
1731404878.6043391 [module_supervisor-1] [INFO] [1731404878.602263972] [Module_Supervisor]: ---- Supervisor: Connect to Module_Motor.node_dc_motor Successfully----
1731404878.6077266 [module_supervisor-1] [INFO] [1731404878.606630813] [Module_Supervisor]: ---- Supervisor: Connect to Module_Input.node_io_servo Successfully----
1731404878.6151061 [module_supervisor-1] [INFO] [1731404878.611672127] [Module_Supervisor]: ---- Supervisor: Connect to Module_Send_Email Successfully----
1731404878.8630679 [node_io_servo-4] [INFO] [1731404878.861338019] [node_io_servo]: ---- Server Server Module_Input.node_io_servo: TBDT PIN: 0. QA PIN: 1.  Diff PIN: 1----
1731404878.8947601 [node_io_weigh-6] [INFO] [1731404878.894017899] [node_io_weigh]: ---- Server Server Module_Input.node_io_weigh: Enable PIN: 1. Disable PIN: 0 ----
1731404879.1596563 [module_scanning_interface-2] [INFO] [1731404879.157082868] [module_scanning_interface]: ---- Server Module_Scanning_Interfaces: Shutdown ----
1731404879.2228920 [node_io_servo-4] [INFO] [1731404879.218626412] [node_io_servo]: ---- Server Server Module_Input.node_io_servo: TBDT PIN: 0. QA PIN: 1.  Diff PIN: 1----
1731404879.2555878 [node_io_weigh-6] [INFO] [1731404879.249536052] [node_io_weigh]: ---- Server Server Module_Input.node_io_weigh: Enable PIN: 1. Disable PIN: 0 ----
1731404879.5650420 [node_io_servo-4] [INFO] [1731404879.563205020] [node_io_servo]: ---- Server Server Module_Input.node_io_servo: TBDT PIN: 0. QA PIN: 1.  Diff PIN: 1----
1731404879.6097190 [node_io_weigh-6] [INFO] [1731404879.607068259] [node_io_weigh]: ---- Server Server Module_Input.node_io_weigh: Enable PIN: 0. Disable PIN: 0 ----
1731404879.9037535 [ERROR] [module_scanning_interface-2]: process has died [pid 36763, exit code 255, cmd '/home/tomccd/Documents/Code/Python/DATN/install/module_scanning_interface/lib/module_scanning_interface/module_scanning_interface --ros-args'].
1731404879.9127769 [node_io_servo-4] [INFO] [1731404879.910166195] [node_io_servo]: ---- Server Server Module_Input.node_io_servo: TBDT PIN: 0. QA PIN: 1.  Diff PIN: 1----
1731404879.9456792 [node_io_weigh-6] [INFO] [1731404879.944797072] [node_io_weigh]: ---- Server Server Module_Input.node_io_weigh: Enable PIN: 0. Disable PIN: 0 ----
1731404880.2632070 [node_io_servo-4] [INFO] [1731404880.262129485] [node_io_servo]: ---- Server Server Module_Input.node_io_servo: TBDT PIN: 0. QA PIN: 1.  Diff PIN: 1----
1731404880.2973864 [node_io_weigh-6] [INFO] [1731404880.296362423] [node_io_weigh]: ---- Server Server Module_Input.node_io_weigh: Enable PIN: 0. Disable PIN: 0 ----
1731404880.6118705 [node_io_servo-4] [INFO] [1731404880.611077662] [node_io_servo]: ---- Server Server Module_Input.node_io_servo: TBDT PIN: 0. QA PIN: 1.  Diff PIN: 1----
1731404880.6455653 [node_io_weigh-6] [INFO] [1731404880.644732309] [node_io_weigh]: ---- Server Server Module_Input.node_io_weigh: Enable PIN: 1. Disable PIN: 0 ----
1731404880.9630964 [node_io_servo-4] [INFO] [1731404880.962245017] [node_io_servo]: ---- Server Server Module_Input.node_io_servo: TBDT PIN: 0. QA PIN: 1.  Diff PIN: 1----
1731404880.9942501 [node_io_weigh-6] [INFO] [1731404880.993558321] [node_io_weigh]: ---- Server Server Module_Input.node_io_weigh: Enable PIN: 1. Disable PIN: 0 ----
1731404881.3146169 [node_io_servo-4] [INFO] [1731404881.313517765] [node_io_servo]: ---- Server Server Module_Input.node_io_servo: TBDT PIN: 0. QA PIN: 1.  Diff PIN: 1----
1731404881.3466196 [node_io_weigh-6] [INFO] [1731404881.345600357] [node_io_weigh]: ---- Server Server Module_Input.node_io_weigh: Enable PIN: 1. Disable PIN: 0 ----
1731404881.5812356 [module_supervisor-1] [WARN] [1731404881.580094963] [Module_Supervisor]: ---- Supervisor: Waiting to connect to server Module_Scanning&Interface ----
1731404881.6630509 [node_io_servo-4] [INFO] [1731404881.662116043] [node_io_servo]: ---- Server Server Module_Input.node_io_servo: TBDT PIN: 0. QA PIN: 1.  Diff PIN: 1----
1731404881.6943669 [node_io_weigh-6] [INFO] [1731404881.693661030] [node_io_weigh]: ---- Server Server Module_Input.node_io_weigh: Enable PIN: 1. Disable PIN: 0 ----
1731404882.0132477 [node_io_servo-4] [INFO] [1731404882.012416858] [node_io_servo]: ---- Server Server Module_Input.node_io_servo: TBDT PIN: 0. QA PIN: 1.  Diff PIN: 1----
1731404882.0445023 [node_io_weigh-6] [INFO] [1731404882.043788495] [node_io_weigh]: ---- Server Server Module_Input.node_io_weigh: Enable PIN: 1. Disable PIN: 0 ----
1731404882.3634121 [node_io_servo-4] [INFO] [1731404882.362334034] [node_io_servo]: ---- Server Server Module_Input.node_io_servo: TBDT PIN: 0. QA PIN: 1.  Diff PIN: 1----
1731404882.3964512 [node_io_weigh-6] [INFO] [1731404882.395564317] [node_io_weigh]: ---- Server Server Module_Input.node_io_weigh: Enable PIN: 1. Disable PIN: 0 ----
1731404882.5876291 [module_supervisor-1] [WARN] [1731404882.586675626] [Module_Supervisor]: ---- Supervisor: Waiting to connect to server Module_Scanning&Interface ----
1731404882.7115884 [node_io_servo-4] [INFO] [1731404882.710790781] [node_io_servo]: ---- Server Server Module_Input.node_io_servo: TBDT PIN: 0. QA PIN: 1.  Diff PIN: 1----
1731404882.7459364 [node_io_weigh-6] [INFO] [1731404882.745031035] [node_io_weigh]: ---- Server Server Module_Input.node_io_weigh: Enable PIN: 1. Disable PIN: 0 ----
1731404883.0634193 [node_io_servo-4] [INFO] [1731404883.062522253] [node_io_servo]: ---- Server Server Module_Input.node_io_servo: TBDT PIN: 0. QA PIN: 1.  Diff PIN: 1----
1731404883.0951498 [node_io_weigh-6] [INFO] [1731404883.094388792] [node_io_weigh]: ---- Server Server Module_Input.node_io_weigh: Enable PIN: 1. Disable PIN: 0 ----
1731404883.4139760 [node_io_servo-4] [INFO] [1731404883.412878355] [node_io_servo]: ---- Server Server Module_Input.node_io_servo: TBDT PIN: 0. QA PIN: 1.  Diff PIN: 1----
1731404883.4460449 [node_io_weigh-6] [INFO] [1731404883.445206630] [node_io_weigh]: ---- Server Server Module_Input.node_io_weigh: Enable PIN: 1. Disable PIN: 0 ----
1731404883.5945961 [module_supervisor-1] [WARN] [1731404883.593556669] [Module_Supervisor]: ---- Supervisor: Waiting to connect to server Module_Scanning&Interface ----
1731404883.7634554 [node_io_servo-4] [INFO] [1731404883.762346114] [node_io_servo]: ---- Server Server Module_Input.node_io_servo: TBDT PIN: 0. QA PIN: 1.  Diff PIN: 1----
1731404883.7965455 [node_io_weigh-6] [INFO] [1731404883.795565268] [node_io_weigh]: ---- Server Server Module_Input.node_io_weigh: Enable PIN: 1. Disable PIN: 0 ----
1731404884.1114190 [node_io_servo-4] [INFO] [1731404884.110607333] [node_io_servo]: ---- Server Server Module_Input.node_io_servo: TBDT PIN: 0. QA PIN: 1.  Diff PIN: 1----
1731404884.1445458 [node_io_weigh-6] [INFO] [1731404884.143842395] [node_io_weigh]: ---- Server Server Module_Input.node_io_weigh: Enable PIN: 1. Disable PIN: 0 ----
1731404884.4634719 [node_io_servo-4] [INFO] [1731404884.462388610] [node_io_servo]: ---- Server Server Module_Input.node_io_servo: TBDT PIN: 0. QA PIN: 1.  Diff PIN: 1----
1731404884.4952815 [node_io_weigh-6] [INFO] [1731404884.494430222] [node_io_weigh]: ---- Server Server Module_Input.node_io_weigh: Enable PIN: 1. Disable PIN: 0 ----
1731404884.6011369 [module_supervisor-1] [WARN] [1731404884.600134527] [Module_Supervisor]: ---- Supervisor: Waiting to connect to server Module_Scanning&Interface ----
1731404884.8135998 [node_io_servo-4] [INFO] [1731404884.812466442] [node_io_servo]: ---- Server Server Module_Input.node_io_servo: TBDT PIN: 0. QA PIN: 1.  Diff PIN: 1----
1731404884.8465161 [node_io_weigh-6] [INFO] [1731404884.845546357] [node_io_weigh]: ---- Server Server Module_Input.node_io_weigh: Enable PIN: 1. Disable PIN: 0 ----
1731404885.1624718 [node_io_servo-4] [INFO] [1731404885.161663341] [node_io_servo]: ---- Server Server Module_Input.node_io_servo: TBDT PIN: 0. QA PIN: 1.  Diff PIN: 1----
1731404885.1953924 [node_io_weigh-6] [INFO] [1731404885.194423390] [node_io_weigh]: ---- Server Server Module_Input.node_io_weigh: Enable PIN: 1. Disable PIN: 0 ----
1731404885.5142324 [node_io_servo-4] [INFO] [1731404885.513086664] [node_io_servo]: ---- Server Server Module_Input.node_io_servo: TBDT PIN: 0. QA PIN: 1.  Diff PIN: 1----
1731404885.5456166 [node_io_weigh-6] [INFO] [1731404885.544790817] [node_io_weigh]: ---- Server Server Module_Input.node_io_weigh: Enable PIN: 1. Disable PIN: 0 ----
1731404885.6076913 [module_supervisor-1] [WARN] [1731404885.606594974] [Module_Supervisor]: ---- Supervisor: Waiting to connect to server Module_Scanning&Interface ----
1731404885.6111045 [module_supervisor-1] [ERROR] [1731404885.610232953] [Module_Supervisor]: ---- Supervisor: Can't connect to Module Scanning&Interface ----
1731404885.6190760 [module_log_file-8] [INFO] [1731404885.613408789] [module_log_file]: ---- Server Module_Log_File: Creating Log File... ----
1731404885.6255288 [node_io_servo-4] [INFO] [1731404885.616133129] [node_io_servo]: ---- Server Module_Input.node_io_servo: Receive Message: Terminate. Bye Bye.... ----
1731404885.6302872 [node_dc_motor-5] [INFO] [1731404885.626996992] [node_dc_motor]: ---- Server Module_Motor.node_dc_motor: Receive Message: Terminate. Bye Bye.... ----
1731404885.6345885 [node_dc_servo-3] [INFO] [1731404885.628943248] [node_servo_motor]: ---- Server Module_Motor.node_servo_motor: Receive Message: Terminate. Bye Bye.... ----
1731404885.6435473 [node_io_weigh-6] [INFO] [1731404885.634843499] [node_io_weigh]: ---- Server Module_Input.node_io_weigh: Receive Message: Terminate. Bye Bye.... ----
1731404885.8702877 [module_weigh-7] [INFO] [1731404885.867005126] [module_weigh]: ---- Server Module_Weigh: Receive Message: Terminate. Bye Bye.... ----
1731404886.2562361 [ERROR] [node_io_servo-4]: process has died [pid 36765, exit code 255, cmd '/home/tomccd/Documents/Code/Python/DATN/install/module_input/lib/module_input/node_io_servo --ros-args'].
1731404886.4117684 [ERROR] [node_io_weigh-6]: process has died [pid 36767, exit code 255, cmd '/home/tomccd/Documents/Code/Python/DATN/install/module_input/lib/module_input/node_io_weigh --ros-args'].
1731404886.4565518 [ERROR] [module_supervisor-1]: process has died [pid 36762, exit code 255, cmd '/home/tomccd/Documents/Code/Python/DATN/install/module_supervisor/lib/module_supervisor/module_supervisor --ros-args'].
1731404886.6261141 [ERROR] [module_weigh-7]: process has died [pid 36768, exit code 255, cmd '/home/tomccd/Documents/Code/Python/DATN/install/module_weigh/lib/module_weigh/module_weigh --ros-args'].
1731404886.7293217 [ERROR] [node_dc_servo-3]: process has died [pid 36764, exit code 255, cmd '/home/tomccd/Documents/Code/Python/DATN/install/module_motor/lib/module_motor/node_dc_servo --ros-args'].
1731404886.7330401 [ERROR] [node_dc_motor-5]: process has died [pid 36766, exit code 255, cmd '/home/tomccd/Documents/Code/Python/DATN/install/module_motor/lib/module_motor/node_dc_motor --ros-args'].
