1731404110.2660451 [INFO] [launch]: All log files can be found below /home/tomccd/.ros/log/2024-11-12-16-35-10-254797-tomccd-raspberry4b-35965
1731404110.2667220 [INFO] [launch]: Default logging verbosity is set to INFO
1731404111.0254323 [INFO] [module_supervisor-1]: process started with pid [35968]
1731404111.0274532 [INFO] [module_scanning_interface-2]: process started with pid [35969]
1731404111.0300326 [INFO] [node_dc_servo-3]: process started with pid [35970]
1731404111.0330784 [INFO] [node_io_servo-4]: process started with pid [35971]
1731404111.0362794 [INFO] [node_dc_motor-5]: process started with pid [35972]
1731404111.0384531 [INFO] [node_io_weigh-6]: process started with pid [35973]
1731404111.0424399 [INFO] [module_weigh-7]: process started with pid [35974]
1731404111.0455828 [INFO] [module_log_file-8]: process started with pid [35975]
1731404111.0509970 [INFO] [module_send_email-9]: process started with pid [35976]
1731404115.5732024 [module_supervisor-1] [INFO] [1731404115.569485571] [Module_Supervisor]: ---- Supervisor: Connect to Server Module_Log_File Successfully ----
1731404116.4560139 [node_dc_servo-3] [INFO] [1731404116.452161656] [node_servo_motor]: ---- Server Module_Motor.node_dc_motor: Init Server ----
1731404116.5824637 [module_supervisor-1] [WARN] [1731404116.579027830] [Module_Supervisor]: ---- Supervisor: Waiting to connect to server Module_Scanning&Interface ----
1731404116.8587620 [node_io_servo-4] [INFO] [1731404116.857844451] [node_io_servo]: ---- Server Server Module_Input.node_io_servo: TBDT PIN: 0. QA PIN: 0.  Diff PIN: 0----
1731404117.0783663 [node_io_servo-4] [INFO] [1731404117.077389840] [node_io_servo]: ---- Server Server Module_Input.node_io_servo: TBDT PIN: 0. QA PIN: 0.  Diff PIN: 0----
1731404117.3872421 [node_io_weigh-6] [INFO] [1731404117.386363831] [node_io_weigh]: ---- Server Server Module_Input.node_io_weigh: Enable PIN: 0. Disable PIN: 0 ----
1731404117.4279957 [node_io_servo-4] [INFO] [1731404117.427151817] [node_io_servo]: ---- Server Server Module_Input.node_io_servo: TBDT PIN: 0. QA PIN: 0.  Diff PIN: 0----
1731404117.5844295 [module_supervisor-1] [WARN] [1731404117.583530688] [Module_Supervisor]: ---- Supervisor: Waiting to connect to server Module_Scanning&Interface ----
1731404117.6356385 [node_io_weigh-6] [INFO] [1731404117.634857236] [node_io_weigh]: ---- Server Server Module_Input.node_io_weigh: Enable PIN: 0. Disable PIN: 0 ----
1731404117.7808774 [node_io_servo-4] [INFO] [1731404117.779357242] [node_io_servo]: ---- Server Server Module_Input.node_io_servo: TBDT PIN: 0. QA PIN: 0.  Diff PIN: 0----
1731404117.9859288 [node_io_weigh-6] [INFO] [1731404117.984909572] [node_io_weigh]: ---- Server Server Module_Input.node_io_weigh: Enable PIN: 0. Disable PIN: 0 ----
1731404118.1323428 [node_io_servo-4] [INFO] [1731404118.131339998] [node_io_servo]: ---- Server Server Module_Input.node_io_servo: TBDT PIN: 0. QA PIN: 0.  Diff PIN: 0----
1731404118.3389823 [node_io_weigh-6] [INFO] [1731404118.337950377] [node_io_weigh]: ---- Server Server Module_Input.node_io_weigh: Enable PIN: 0. Disable PIN: 0 ----
1731404118.4816532 [node_io_servo-4] [INFO] [1731404118.480147383] [node_io_servo]: ---- Server Server Module_Input.node_io_servo: TBDT PIN: 0. QA PIN: 0.  Diff PIN: 0----
1731404118.5884905 [module_supervisor-1] [WARN] [1731404118.587547350] [Module_Supervisor]: ---- Supervisor: Waiting to connect to server Module_Scanning&Interface ----
1731404118.6892779 [node_io_weigh-6] [INFO] [1731404118.688150823] [node_io_weigh]: ---- Server Server Module_Input.node_io_weigh: Enable PIN: 0. Disable PIN: 0 ----
1731404118.8313768 [node_io_servo-4] [INFO] [1731404118.830070876] [node_io_servo]: ---- Server Server Module_Input.node_io_servo: TBDT PIN: 0. QA PIN: 0.  Diff PIN: 0----
1731404119.0361426 [node_io_weigh-6] [INFO] [1731404119.035195107] [node_io_weigh]: ---- Server Server Module_Input.node_io_weigh: Enable PIN: 0. Disable PIN: 0 ----
1731404119.0924995 [module_supervisor-1] [INFO] [1731404119.091610330] [Module_Supervisor]: ---- Supervisor: Connect to Server Module_Scanning&Interface Successfully ----
1731404119.0988834 [module_supervisor-1] [INFO] [1731404119.096878825] [Module_Supervisor]: ---- Supervisor: Connect to Server Module_Input.node_io_weigh Successfully ----
1731404119.1082559 [module_supervisor-1] [INFO] [1731404119.104568473] [Module_Supervisor]: ---- Supervisor: Connect to Server Module_Weigh Successfully ----
1731404119.1193969 [module_supervisor-1] [INFO] [1731404119.115098019] [Module_Supervisor]: ---- Supervisor: Connect to Server Module_Motor.node_dc_motor Successfully ----
1731404119.1275129 [module_supervisor-1] [INFO] [1731404119.124934849] [Module_Supervisor]: ---- Supervisor: Connect to Server Module_Input.node_io_servo Successfully ----
1731404119.1374369 [module_supervisor-1] [INFO] [1731404119.132712661] [Module_Supervisor]: ---- Supervisor: Connect to Server Module_Motor.node_dc_servo Successfully ----
1731404119.1416645 [module_supervisor-1] [INFO] [1731404119.138316033] [Module_Supervisor]: ---- Supervisor: Connect to Server Module_Send_Email Successfully ----
1731404119.1801264 [node_io_servo-4] [INFO] [1731404119.178308718] [node_io_servo]: ---- Server Server Module_Input.node_io_servo: TBDT PIN: 0. QA PIN: 0.  Diff PIN: 0----
1731404119.2565272 [node_dc_motor-5] [INFO] [1731404119.255627464] [node_dc_motor]: ---- Server Module_Motor.node_dc_motor: Receive Intialized Request: Ready ----
1731404119.2661202 [module_supervisor-1] [INFO] [1731404119.264576604] [Module_Supervisor]: ---- Supervisor: Receive Init Respond from Server Module_Motor.node_dc_motor: OK
1731404119.3859265 [node_io_weigh-6] [INFO] [1731404119.385028218] [node_io_weigh]: ---- Server Server Module_Input.node_io_weigh: Enable PIN: 0. Disable PIN: 0 ----
1731404119.4802785 [module_scanning_interface-2] [INFO] [1731404119.479363461] [module_scanning_interface]: ----  Server Module_Scanning&Interface: Connect to DB Successfully ----
1731404119.5317221 [node_io_servo-4] [INFO] [1731404119.530327510] [node_io_servo]: ---- Server Server Module_Input.node_io_servo: TBDT PIN: 0. QA PIN: 0.  Diff PIN: 0----
1731404119.7392526 [node_io_weigh-6] [INFO] [1731404119.737883498] [node_io_weigh]: ---- Server Server Module_Input.node_io_weigh: Enable PIN: 0. Disable PIN: 0 ----
1731404119.8813624 [node_io_servo-4] [INFO] [1731404119.880142788] [node_io_servo]: ---- Server Server Module_Input.node_io_servo: TBDT PIN: 0. QA PIN: 0.  Diff PIN: 0----
1731404120.0887687 [node_io_weigh-6] [INFO] [1731404120.086147060] [node_io_weigh]: ---- Server Server Module_Input.node_io_weigh: Enable PIN: 0. Disable PIN: 0 ----
1731404120.2297199 [node_io_servo-4] [INFO] [1731404120.228482263] [node_io_servo]: ---- Server Server Module_Input.node_io_servo: TBDT PIN: 0. QA PIN: 0.  Diff PIN: 0----
1731404120.4444649 [node_io_weigh-6] [INFO] [1731404120.442008272] [node_io_weigh]: ---- Server Server Module_Input.node_io_weigh: Enable PIN: 0. Disable PIN: 0 ----
1731404120.5789371 [node_io_servo-4] [INFO] [1731404120.577919633] [node_io_servo]: ---- Server Server Module_Input.node_io_servo: TBDT PIN: 0. QA PIN: 0.  Diff PIN: 0----
1731404120.7952690 [node_io_weigh-6] [INFO] [1731404120.790480565] [node_io_weigh]: ---- Server Server Module_Input.node_io_weigh: Enable PIN: 0. Disable PIN: 0 ----
1731404120.9352005 [node_io_servo-4] [INFO] [1731404120.930964317] [node_io_servo]: ---- Server Server Module_Input.node_io_servo: TBDT PIN: 0. QA PIN: 0.  Diff PIN: 0----
1731404121.1358709 [node_io_weigh-6] [INFO] [1731404121.134906346] [node_io_weigh]: ---- Server Server Module_Input.node_io_weigh: Enable PIN: 0. Disable PIN: 0 ----
1731404121.2703140 [module_supervisor-1] [INFO] [1731404121.269176700] [Module_Supervisor]: ---- Supervisor: Connect to Module_Scanning&Interface Successfully----
1731404121.2734058 [module_supervisor-1] [INFO] [1731404121.272290274] [Module_Supervisor]: ---- Supervisor: Connect to Module_Input.node Successfully----
1731404121.2779810 [module_supervisor-1] [INFO] [1731404121.276585434] [Module_Supervisor]: ---- Supervisor: Connect to Module_Weigh Successfully----
1731404121.2818849 [module_supervisor-1] [INFO] [1731404121.281009293] [Module_Supervisor]: ---- Supervisor: Connect to Module_Motor.node_dc_motor Successfully----
1731404121.2836728 [node_io_servo-4] [INFO] [1731404121.282783229] [node_io_servo]: ---- Server Server Module_Input.node_io_servo: TBDT PIN: 0. QA PIN: 0.  Diff PIN: 0----
1731404121.2853014 [module_supervisor-1] [INFO] [1731404121.284346488] [Module_Supervisor]: ---- Supervisor: Connect to Module_Input.node_io_servo Successfully----
1731404121.2889743 [module_supervisor-1] [INFO] [1731404121.287938896] [Module_Supervisor]: ---- Supervisor: Connect to Module_Send_Email Successfully----
1731404121.4859862 [node_io_weigh-6] [INFO] [1731404121.485122302] [node_io_weigh]: ---- Server Server Module_Input.node_io_weigh: Enable PIN: 0. Disable PIN: 0 ----
1731404121.6300976 [node_io_servo-4] [INFO] [1731404121.627596639] [node_io_servo]: ---- Server Server Module_Input.node_io_servo: TBDT PIN: 0. QA PIN: 0.  Diff PIN: 0----
1731404121.8381698 [node_io_weigh-6] [INFO] [1731404121.837137508] [node_io_weigh]: ---- Server Server Module_Input.node_io_weigh: Enable PIN: 0. Disable PIN: 0 ----
1731404121.9796622 [node_io_servo-4] [INFO] [1731404121.978614233] [node_io_servo]: ---- Server Server Module_Input.node_io_servo: TBDT PIN: 0. QA PIN: 0.  Diff PIN: 0----
1731404122.1857178 [node_io_weigh-6] [INFO] [1731404122.184938044] [node_io_weigh]: ---- Server Server Module_Input.node_io_weigh: Enable PIN: 0. Disable PIN: 0 ----
1731404122.3277149 [node_io_servo-4] [INFO] [1731404122.326936556] [node_io_servo]: ---- Server Server Module_Input.node_io_servo: TBDT PIN: 0. QA PIN: 0.  Diff PIN: 0----
1731404122.5382106 [node_io_weigh-6] [INFO] [1731404122.536343887] [node_io_weigh]: ---- Server Server Module_Input.node_io_weigh: Enable PIN: 0. Disable PIN: 0 ----
1731404122.6777632 [node_io_servo-4] [INFO] [1731404122.676972004] [node_io_servo]: ---- Server Server Module_Input.node_io_servo: TBDT PIN: 0. QA PIN: 0.  Diff PIN: 0----
1731404122.8880212 [node_io_weigh-6] [INFO] [1731404122.887107753] [node_io_weigh]: ---- Server Server Module_Input.node_io_weigh: Enable PIN: 0. Disable PIN: 0 ----
1731404123.0286658 [node_io_servo-4] [INFO] [1731404123.027508102] [node_io_servo]: ---- Server Server Module_Input.node_io_servo: TBDT PIN: 0. QA PIN: 0.  Diff PIN: 0----
1731404123.2356472 [node_io_weigh-6] [INFO] [1731404123.234821781] [node_io_weigh]: ---- Server Server Module_Input.node_io_weigh: Enable PIN: 0. Disable PIN: 0 ----
1731404123.2702820 [module_supervisor-1] [INFO] [1731404123.269143569] [Module_Supervisor]: ---- Supervisor: Connect to Module_Scanning&Interface Successfully----
1731404123.2743275 [module_supervisor-1] [INFO] [1731404123.273203701] [Module_Supervisor]: ---- Supervisor: Connect to Module_Input.node Successfully----
1731404123.2776461 [module_supervisor-1] [INFO] [1731404123.276637985] [Module_Supervisor]: ---- Supervisor: Connect to Module_Weigh Successfully----
1731404123.2815325 [module_supervisor-1] [INFO] [1731404123.280209876] [Module_Supervisor]: ---- Supervisor: Connect to Module_Motor.node_dc_motor Successfully----
1731404123.2849338 [module_supervisor-1] [INFO] [1731404123.284015443] [Module_Supervisor]: ---- Supervisor: Connect to Module_Input.node_io_servo Successfully----
1731404123.2894018 [module_supervisor-1] [INFO] [1731404123.288250958] [Module_Supervisor]: ---- Supervisor: Connect to Module_Send_Email Successfully----
1731404123.3780882 [node_io_servo-4] [INFO] [1731404123.377244471] [node_io_servo]: ---- Server Server Module_Input.node_io_servo: TBDT PIN: 0. QA PIN: 0.  Diff PIN: 0----
1731404123.5873401 [node_io_weigh-6] [INFO] [1731404123.586455952] [node_io_weigh]: ---- Server Server Module_Input.node_io_weigh: Enable PIN: 0. Disable PIN: 0 ----
1731404123.7305267 [node_io_servo-4] [INFO] [1731404123.729637819] [node_io_servo]: ---- Server Server Module_Input.node_io_servo: TBDT PIN: 0. QA PIN: 0.  Diff PIN: 0----
1731404123.9356785 [node_io_weigh-6] [INFO] [1731404123.934881480] [node_io_weigh]: ---- Server Server Module_Input.node_io_weigh: Enable PIN: 0. Disable PIN: 0 ----
1731404124.0783284 [node_io_servo-4] [INFO] [1731404124.077410875] [node_io_servo]: ---- Server Server Module_Input.node_io_servo: TBDT PIN: 0. QA PIN: 0.  Diff PIN: 0----
1731404124.2855749 [node_io_weigh-6] [INFO] [1731404124.284783231] [node_io_weigh]: ---- Server Server Module_Input.node_io_weigh: Enable PIN: 0. Disable PIN: 0 ----
1731404124.4290898 [node_io_servo-4] [INFO] [1731404124.428118361] [node_io_servo]: ---- Server Server Module_Input.node_io_servo: TBDT PIN: 0. QA PIN: 0.  Diff PIN: 0----
1731404124.6360531 [node_io_weigh-6] [INFO] [1731404124.635154841] [node_io_weigh]: ---- Server Server Module_Input.node_io_weigh: Enable PIN: 0. Disable PIN: 0 ----
1731404124.7783020 [node_io_servo-4] [INFO] [1731404124.777391991] [node_io_servo]: ---- Server Server Module_Input.node_io_servo: TBDT PIN: 0. QA PIN: 0.  Diff PIN: 0----
1731404124.9866796 [node_io_weigh-6] [INFO] [1731404124.985752238] [node_io_weigh]: ---- Server Server Module_Input.node_io_weigh: Enable PIN: 0. Disable PIN: 0 ----
1731404125.1295979 [node_io_servo-4] [INFO] [1731404125.128491231] [node_io_servo]: ---- Server Server Module_Input.node_io_servo: TBDT PIN: 0. QA PIN: 0.  Diff PIN: 0----
1731404125.2709243 [module_supervisor-1] [INFO] [1731404125.269299145] [Module_Supervisor]: ---- Supervisor: Connect to Module_Scanning&Interface Successfully----
1731404125.2742536 [module_supervisor-1] [INFO] [1731404125.273269410] [Module_Supervisor]: ---- Supervisor: Connect to Module_Input.node Successfully----
1731404125.2792776 [module_supervisor-1] [INFO] [1731404125.277534665] [Module_Supervisor]: ---- Supervisor: Connect to Module_Weigh Successfully----
1731404125.2836931 [module_supervisor-1] [INFO] [1731404125.281779977] [Module_Supervisor]: ---- Supervisor: Connect to Module_Motor.node_dc_motor Successfully----
1731404125.2917471 [module_supervisor-1] [INFO] [1731404125.289232007] [Module_Supervisor]: ---- Supervisor: Connect to Module_Input.node_io_servo Successfully----
1731404125.2969716 [module_supervisor-1] [INFO] [1731404125.295927953] [Module_Supervisor]: ---- Supervisor: Connect to Module_Send_Email Successfully----
1731404125.3370979 [node_io_weigh-6] [INFO] [1731404125.335065888] [node_io_weigh]: ---- Server Server Module_Input.node_io_weigh: Enable PIN: 0. Disable PIN: 0 ----
1731404125.4777656 [node_io_servo-4] [INFO] [1731404125.476974503] [node_io_servo]: ---- Server Server Module_Input.node_io_servo: TBDT PIN: 0. QA PIN: 0.  Diff PIN: 0----
1731404125.6881166 [node_io_weigh-6] [INFO] [1731404125.687234251] [node_io_weigh]: ---- Server Server Module_Input.node_io_weigh: Enable PIN: 0. Disable PIN: 0 ----
1731404125.8295772 [node_io_servo-4] [INFO] [1731404125.828536314] [node_io_servo]: ---- Server Server Module_Input.node_io_servo: TBDT PIN: 0. QA PIN: 0.  Diff PIN: 0----
1731404126.0365396 [node_io_weigh-6] [INFO] [1731404126.035750470] [node_io_weigh]: ---- Server Server Module_Input.node_io_weigh: Enable PIN: 0. Disable PIN: 0 ----
1731404126.1799030 [node_io_servo-4] [INFO] [1731404126.179009379] [node_io_servo]: ---- Server Server Module_Input.node_io_servo: TBDT PIN: 0. QA PIN: 0.  Diff PIN: 0----
1731404126.3875475 [node_io_weigh-6] [INFO] [1731404126.386722805] [node_io_weigh]: ---- Server Server Module_Input.node_io_weigh: Enable PIN: 0. Disable PIN: 0 ----
1731404126.5279438 [node_io_servo-4] [INFO] [1731404126.527054745] [node_io_servo]: ---- Server Server Module_Input.node_io_servo: TBDT PIN: 0. QA PIN: 0.  Diff PIN: 0----
1731404126.7356434 [node_io_weigh-6] [INFO] [1731404126.734772893] [node_io_weigh]: ---- Server Server Module_Input.node_io_weigh: Enable PIN: 0. Disable PIN: 0 ----
1731404126.8782761 [node_io_servo-4] [INFO] [1731404126.877307143] [node_io_servo]: ---- Server Server Module_Input.node_io_servo: TBDT PIN: 0. QA PIN: 0.  Diff PIN: 0----
1731404127.0873365 [node_io_weigh-6] [INFO] [1731404127.086053038] [node_io_weigh]: ---- Server Server Module_Input.node_io_weigh: Enable PIN: 0. Disable PIN: 0 ----
1731404127.2287383 [node_io_servo-4] [INFO] [1731404127.227761659] [node_io_servo]: ---- Server Server Module_Input.node_io_servo: TBDT PIN: 0. QA PIN: 0.  Diff PIN: 0----
1731404127.2711191 [module_supervisor-1] [INFO] [1731404127.269942639] [Module_Supervisor]: ---- Supervisor: Connect to Module_Scanning&Interface Successfully----
1731404127.2757940 [module_supervisor-1] [INFO] [1731404127.273205671] [Module_Supervisor]: ---- Supervisor: Connect to Module_Input.node Successfully----
1731404127.2833421 [module_supervisor-1] [INFO] [1731404127.279293380] [Module_Supervisor]: ---- Supervisor: Connect to Module_Weigh Successfully----
1731404127.2902400 [module_supervisor-1] [INFO] [1731404127.288724785] [Module_Supervisor]: ---- Supervisor: Connect to Module_Motor.node_dc_motor Successfully----
1731404127.3035548 [module_supervisor-1] [INFO] [1731404127.302606643] [Module_Supervisor]: ---- Supervisor: Connect to Module_Input.node_io_servo Successfully----
1731404127.3103616 [module_supervisor-1] [INFO] [1731404127.309229611] [Module_Supervisor]: ---- Supervisor: Connect to Module_Send_Email Successfully----
1731404127.4363687 [node_io_weigh-6] [INFO] [1731404127.435207497] [node_io_weigh]: ---- Server Server Module_Input.node_io_weigh: Enable PIN: 0. Disable PIN: 0 ----
1731404127.5786853 [node_io_servo-4] [INFO] [1731404127.577688739] [node_io_servo]: ---- Server Server Module_Input.node_io_servo: TBDT PIN: 0. QA PIN: 0.  Diff PIN: 0----
1731404127.7857356 [node_io_weigh-6] [INFO] [1731404127.784923084] [node_io_weigh]: ---- Server Server Module_Input.node_io_weigh: Enable PIN: 0. Disable PIN: 0 ----
1731404127.9282923 [node_io_servo-4] [INFO] [1731404127.926962713] [node_io_servo]: ---- Server Server Module_Input.node_io_servo: TBDT PIN: 0. QA PIN: 0.  Diff PIN: 0----
1731404128.1356719 [node_io_weigh-6] [INFO] [1731404128.134861264] [node_io_weigh]: ---- Server Server Module_Input.node_io_weigh: Enable PIN: 0. Disable PIN: 0 ----
1731404128.2804565 [node_io_servo-4] [INFO] [1731404128.279262133] [node_io_servo]: ---- Server Server Module_Input.node_io_servo: TBDT PIN: 0. QA PIN: 0.  Diff PIN: 0----
1731404128.4857540 [node_io_weigh-6] [INFO] [1731404128.484859808] [node_io_weigh]: ---- Server Server Module_Input.node_io_weigh: Enable PIN: 0. Disable PIN: 0 ----
1731404128.6286023 [node_io_servo-4] [INFO] [1731404128.627566459] [node_io_servo]: ---- Server Server Module_Input.node_io_servo: TBDT PIN: 0. QA PIN: 0.  Diff PIN: 0----
1731404128.8364770 [node_io_weigh-6] [INFO] [1731404128.835536531] [node_io_weigh]: ---- Server Server Module_Input.node_io_weigh: Enable PIN: 0. Disable PIN: 0 ----
1731404128.9789808 [node_io_servo-4] [INFO] [1731404128.978124556] [node_io_servo]: ---- Server Server Module_Input.node_io_servo: TBDT PIN: 0. QA PIN: 0.  Diff PIN: 0----
1731404129.1871154 [node_io_weigh-6] [INFO] [1731404129.185375518] [node_io_weigh]: ---- Server Server Module_Input.node_io_weigh: Enable PIN: 0. Disable PIN: 0 ----
1731404129.2735002 [module_supervisor-1] [INFO] [1731404129.272564462] [Module_Supervisor]: ---- Supervisor: Connect to Module_Scanning&Interface Successfully----
1731404129.2781236 [module_supervisor-1] [INFO] [1731404129.276493859] [Module_Supervisor]: ---- Supervisor: Connect to Module_Input.node Successfully----
1731404129.2816179 [module_supervisor-1] [INFO] [1731404129.280674007] [Module_Supervisor]: ---- Supervisor: Connect to Module_Weigh Successfully----
1731404129.2865777 [module_supervisor-1] [INFO] [1731404129.285089777] [Module_Supervisor]: ---- Supervisor: Connect to Module_Motor.node_dc_motor Successfully----
1731404129.2902052 [module_supervisor-1] [INFO] [1731404129.289238685] [Module_Supervisor]: ---- Supervisor: Connect to Module_Input.node_io_servo Successfully----
1731404129.2954783 [module_supervisor-1] [INFO] [1731404129.293654880] [Module_Supervisor]: ---- Supervisor: Connect to Module_Send_Email Successfully----
1731404129.3290255 [node_io_servo-4] [INFO] [1731404129.328075141] [node_io_servo]: ---- Server Server Module_Input.node_io_servo: TBDT PIN: 0. QA PIN: 0.  Diff PIN: 0----
1731404129.5365989 [node_io_weigh-6] [INFO] [1731404129.535774865] [node_io_weigh]: ---- Server Server Module_Input.node_io_weigh: Enable PIN: 0. Disable PIN: 0 ----
1731404129.6779494 [node_io_servo-4] [INFO] [1731404129.677039909] [node_io_servo]: ---- Server Server Module_Input.node_io_servo: TBDT PIN: 0. QA PIN: 0.  Diff PIN: 0----
1731404129.8855298 [node_io_weigh-6] [INFO] [1731404129.884749522] [node_io_weigh]: ---- Server Server Module_Input.node_io_weigh: Enable PIN: 0. Disable PIN: 0 ----
1731404130.0279458 [node_io_servo-4] [INFO] [1731404130.027036235] [node_io_servo]: ---- Server Server Module_Input.node_io_servo: TBDT PIN: 0. QA PIN: 0.  Diff PIN: 0----
1731404130.2364762 [node_io_weigh-6] [INFO] [1731404130.235471261] [node_io_weigh]: ---- Server Server Module_Input.node_io_weigh: Enable PIN: 0. Disable PIN: 0 ----
1731404130.3794811 [node_io_servo-4] [INFO] [1731404130.377793796] [node_io_servo]: ---- Server Server Module_Input.node_io_servo: TBDT PIN: 0. QA PIN: 0.  Diff PIN: 0----
1731404130.5855694 [node_io_weigh-6] [INFO] [1731404130.584793891] [node_io_weigh]: ---- Server Server Module_Input.node_io_weigh: Enable PIN: 0. Disable PIN: 0 ----
1731404130.7313023 [node_io_servo-4] [INFO] [1731404130.727285567] [node_io_servo]: ---- Server Server Module_Input.node_io_servo: TBDT PIN: 0. QA PIN: 0.  Diff PIN: 0----
1731404130.9396963 [node_io_weigh-6] [INFO] [1731404130.936204854] [node_io_weigh]: ---- Server Server Module_Input.node_io_weigh: Enable PIN: 0. Disable PIN: 0 ----
1731404131.0778973 [node_io_servo-4] [INFO] [1731404131.077019261] [node_io_servo]: ---- Server Server Module_Input.node_io_servo: TBDT PIN: 0. QA PIN: 0.  Diff PIN: 0----
1731404131.2736988 [module_supervisor-1] [INFO] [1731404131.272771841] [Module_Supervisor]: ---- Supervisor: Connect to Module_Scanning&Interface Successfully----
1731404131.2772634 [module_supervisor-1] [INFO] [1731404131.276019819] [Module_Supervisor]: ---- Supervisor: Connect to Module_Input.node Successfully----
1731404131.2852814 [module_supervisor-1] [INFO] [1731404131.283947575] [Module_Supervisor]: ---- Supervisor: Connect to Module_Weigh Successfully----
1731404131.2893209 [node_io_weigh-6] [INFO] [1731404131.286642665] [node_io_weigh]: ---- Server Server Module_Input.node_io_weigh: Enable PIN: 0. Disable PIN: 0 ----
1731404131.2925568 [module_supervisor-1] [INFO] [1731404131.289751426] [Module_Supervisor]: ---- Supervisor: Connect to Module_Motor.node_dc_motor Successfully----
1731404131.2972517 [module_supervisor-1] [INFO] [1731404131.294701806] [Module_Supervisor]: ---- Supervisor: Connect to Module_Input.node_io_servo Successfully----
1731404131.3021238 [module_supervisor-1] [INFO] [1731404131.301096080] [Module_Supervisor]: ---- Supervisor: Connect to Module_Send_Email Successfully----
1731404131.4294672 [node_io_servo-4] [INFO] [1731404131.428434801] [node_io_servo]: ---- Server Server Module_Input.node_io_servo: TBDT PIN: 0. QA PIN: 0.  Diff PIN: 0----
1731404131.6393082 [node_io_weigh-6] [INFO] [1731404131.638446655] [node_io_weigh]: ---- Server Server Module_Input.node_io_weigh: Enable PIN: 0. Disable PIN: 0 ----
1731404131.7792115 [node_io_servo-4] [INFO] [1731404131.777565311] [node_io_servo]: ---- Server Server Module_Input.node_io_servo: TBDT PIN: 0. QA PIN: 0.  Diff PIN: 0----
1731404131.9856129 [node_io_weigh-6] [INFO] [1731404131.984814743] [node_io_weigh]: ---- Server Server Module_Input.node_io_weigh: Enable PIN: 0. Disable PIN: 0 ----
1731404132.1320472 [node_io_servo-4] [INFO] [1731404132.127388563] [node_io_servo]: ---- Server Server Module_Input.node_io_servo: TBDT PIN: 0. QA PIN: 0.  Diff PIN: 0----
1731404132.3385272 [node_io_weigh-6] [INFO] [1731404132.337341191] [node_io_weigh]: ---- Server Server Module_Input.node_io_weigh: Enable PIN: 0. Disable PIN: 0 ----
1731404132.4777696 [node_io_servo-4] [INFO] [1731404132.476954801] [node_io_servo]: ---- Server Server Module_Input.node_io_servo: TBDT PIN: 0. QA PIN: 0.  Diff PIN: 0----
1731404132.6868479 [node_io_weigh-6] [INFO] [1731404132.685599049] [node_io_weigh]: ---- Server Server Module_Input.node_io_weigh: Enable PIN: 0. Disable PIN: 0 ----
1731404132.8291225 [node_io_servo-4] [INFO] [1731404132.828098669] [node_io_servo]: ---- Server Server Module_Input.node_io_servo: TBDT PIN: 0. QA PIN: 0.  Diff PIN: 0----
1731404133.0357790 [node_io_weigh-6] [INFO] [1731404133.034958871] [node_io_weigh]: ---- Server Server Module_Input.node_io_weigh: Enable PIN: 0. Disable PIN: 0 ----
1731404133.1792819 [node_io_servo-4] [INFO] [1731404133.177900447] [node_io_servo]: ---- Server Server Module_Input.node_io_servo: TBDT PIN: 0. QA PIN: 0.  Diff PIN: 0----
1731404133.2690082 [module_supervisor-1] [INFO] [1731404133.268129750] [Module_Supervisor]: ---- Supervisor: Connect to Module_Scanning&Interface Successfully----
1731404133.2733648 [module_supervisor-1] [INFO] [1731404133.272336305] [Module_Supervisor]: ---- Supervisor: Connect to Module_Input.node Successfully----
1731404133.2815900 [module_supervisor-1] [INFO] [1731404133.280714195] [Module_Supervisor]: ---- Supervisor: Connect to Module_Weigh Successfully----
1731404133.2939284 [module_supervisor-1] [INFO] [1731404133.291630274] [Module_Supervisor]: ---- Supervisor: Connect to Module_Motor.node_dc_motor Successfully----
1731404133.3007817 [module_supervisor-1] [INFO] [1731404133.299188637] [Module_Supervisor]: ---- Supervisor: Connect to Module_Input.node_io_servo Successfully----
1731404133.3073080 [module_supervisor-1] [INFO] [1731404133.306270517] [Module_Supervisor]: ---- Supervisor: Connect to Module_Send_Email Successfully----
1731404133.3863173 [node_io_weigh-6] [INFO] [1731404133.385501689] [node_io_weigh]: ---- Server Server Module_Input.node_io_weigh: Enable PIN: 0. Disable PIN: 0 ----
1731404133.5301096 [node_io_servo-4] [INFO] [1731404133.528629573] [node_io_servo]: ---- Server Server Module_Input.node_io_servo: TBDT PIN: 0. QA PIN: 0.  Diff PIN: 0----
1731404133.7363057 [node_io_weigh-6] [INFO] [1731404133.735318718] [node_io_weigh]: ---- Server Server Module_Input.node_io_weigh: Enable PIN: 0. Disable PIN: 0 ----
1731404133.8789558 [node_io_servo-4] [INFO] [1731404133.878009024] [node_io_servo]: ---- Server Server Module_Input.node_io_servo: TBDT PIN: 0. QA PIN: 0.  Diff PIN: 0----
1731404134.0880671 [node_io_weigh-6] [INFO] [1731404134.086995260] [node_io_weigh]: ---- Server Server Module_Input.node_io_weigh: Enable PIN: 0. Disable PIN: 0 ----
1731404134.2279315 [node_io_servo-4] [INFO] [1731404134.227064594] [node_io_servo]: ---- Server Server Module_Input.node_io_servo: TBDT PIN: 0. QA PIN: 0.  Diff PIN: 0----
1731404134.4412651 [node_io_weigh-6] [INFO] [1731404134.440398573] [node_io_weigh]: ---- Server Server Module_Input.node_io_weigh: Enable PIN: 0. Disable PIN: 0 ----
1731404134.5802596 [node_io_servo-4] [INFO] [1731404134.579373186] [node_io_servo]: ---- Server Server Module_Input.node_io_servo: TBDT PIN: 0. QA PIN: 0.  Diff PIN: 0----
1731404134.7896290 [node_io_weigh-6] [INFO] [1731404134.788835005] [node_io_weigh]: ---- Server Server Module_Input.node_io_weigh: Enable PIN: 0. Disable PIN: 0 ----
1731404134.9299457 [node_io_servo-4] [INFO] [1731404134.929001095] [node_io_servo]: ---- Server Server Module_Input.node_io_servo: TBDT PIN: 0. QA PIN: 0.  Diff PIN: 0----
1731404135.1374950 [node_io_weigh-6] [INFO] [1731404135.136265648] [node_io_weigh]: ---- Server Server Module_Input.node_io_weigh: Enable PIN: 0. Disable PIN: 0 ----
1731404135.2715933 [module_supervisor-1] [INFO] [1731404135.269278960] [Module_Supervisor]: ---- Supervisor: Connect to Module_Scanning&Interface Successfully----
1731404135.2788529 [module_supervisor-1] [INFO] [1731404135.274557923] [Module_Supervisor]: ---- Supervisor: Connect to Module_Input.node Successfully----
1731404135.2807746 [node_io_servo-4] [INFO] [1731404135.278334939] [node_io_servo]: ---- Server Server Module_Input.node_io_servo: TBDT PIN: 0. QA PIN: 0.  Diff PIN: 0----
1731404135.2861886 [module_supervisor-1] [INFO] [1731404135.281954830] [Module_Supervisor]: ---- Supervisor: Connect to Module_Weigh Successfully----
1731404135.2942994 [module_supervisor-1] [INFO] [1731404135.292607382] [Module_Supervisor]: ---- Supervisor: Connect to Module_Motor.node_dc_motor Successfully----
1731404135.2983627 [module_supervisor-1] [INFO] [1731404135.297397843] [Module_Supervisor]: ---- Supervisor: Connect to Module_Input.node_io_servo Successfully----
1731404135.3044868 [module_supervisor-1] [INFO] [1731404135.302795172] [Module_Supervisor]: ---- Supervisor: Connect to Module_Send_Email Successfully----
1731404135.4945269 [node_io_weigh-6] [INFO] [1731404135.485413447] [node_io_weigh]: ---- Server Server Module_Input.node_io_weigh: Enable PIN: 0. Disable PIN: 0 ----
1731404135.6355515 [node_io_servo-4] [INFO] [1731404135.634125727] [node_io_servo]: ---- Server Server Module_Input.node_io_servo: TBDT PIN: 0. QA PIN: 0.  Diff PIN: 0----
1731404135.8373752 [node_io_weigh-6] [INFO] [1731404135.836354627] [node_io_weigh]: ---- Server Server Module_Input.node_io_weigh: Enable PIN: 0. Disable PIN: 0 ----
1731404135.9863081 [node_io_servo-4] [INFO] [1731404135.983924762] [node_io_servo]: ---- Server Server Module_Input.node_io_servo: TBDT PIN: 0. QA PIN: 0.  Diff PIN: 0----
1731404136.1882370 [node_io_weigh-6] [INFO] [1731404136.185605267] [node_io_weigh]: ---- Server Server Module_Input.node_io_weigh: Enable PIN: 0. Disable PIN: 0 ----
1731404136.3285975 [node_io_servo-4] [INFO] [1731404136.327768008] [node_io_servo]: ---- Server Server Module_Input.node_io_servo: TBDT PIN: 0. QA PIN: 0.  Diff PIN: 0----
1731404136.5375559 [node_io_weigh-6] [INFO] [1731404136.536614523] [node_io_weigh]: ---- Server Server Module_Input.node_io_weigh: Enable PIN: 0. Disable PIN: 0 ----
1731404136.6234763 [module_scanning_interface-2] [INFO] [1731404136.618070668] [module_scanning_interface]: ---- Server Module_Scanning_Interfaces: Shutdown ----
1731404136.6930840 [node_io_servo-4] [INFO] [1731404136.692045131] [node_io_servo]: ---- Server Server Module_Input.node_io_servo: TBDT PIN: 0. QA PIN: 0.  Diff PIN: 0----
1731404136.9057295 [node_io_weigh-6] [INFO] [1731404136.902580791] [node_io_weigh]: ---- Server Server Module_Input.node_io_weigh: Enable PIN: 0. Disable PIN: 0 ----
1731404137.0447710 [node_io_servo-4] [INFO] [1731404137.040427833] [node_io_servo]: ---- Server Server Module_Input.node_io_servo: TBDT PIN: 0. QA PIN: 0.  Diff PIN: 0----
1731404137.2396591 [node_io_weigh-6] [INFO] [1731404137.237589806] [node_io_weigh]: ---- Server Server Module_Input.node_io_weigh: Enable PIN: 0. Disable PIN: 0 ----
1731404137.3816028 [node_io_servo-4] [INFO] [1731404137.380095173] [node_io_servo]: ---- Server Server Module_Input.node_io_servo: TBDT PIN: 0. QA PIN: 0.  Diff PIN: 0----
1731404137.4206164 [ERROR] [module_scanning_interface-2]: process has died [pid 35969, exit code 255, cmd '/home/tomccd/Documents/Code/Python/DATN/install/module_scanning_interface/lib/module_scanning_interface/module_scanning_interface --ros-args'].
1731404137.5888696 [node_io_weigh-6] [INFO] [1731404137.587885626] [node_io_weigh]: ---- Server Server Module_Input.node_io_weigh: Enable PIN: 0. Disable PIN: 0 ----
1731404137.7311428 [node_io_servo-4] [INFO] [1731404137.730331810] [node_io_servo]: ---- Server Server Module_Input.node_io_servo: TBDT PIN: 0. QA PIN: 0.  Diff PIN: 0----
1731404137.9388630 [node_io_weigh-6] [INFO] [1731404137.937877587] [node_io_weigh]: ---- Server Server Module_Input.node_io_weigh: Enable PIN: 0. Disable PIN: 0 ----
1731404138.0810156 [node_io_servo-4] [INFO] [1731404138.079929585] [node_io_servo]: ---- Server Server Module_Input.node_io_servo: TBDT PIN: 0. QA PIN: 0.  Diff PIN: 0----
1731404138.2716689 [module_supervisor-1] [WARN] [1731404138.270824234] [Module_Supervisor]: ---- Supervisor: Waiting to connect to server Module_Scanning&Interface ----
1731404138.2869928 [node_io_weigh-6] [INFO] [1731404138.286316508] [node_io_weigh]: ---- Server Server Module_Input.node_io_weigh: Enable PIN: 0. Disable PIN: 0 ----
1731404138.4311399 [node_io_servo-4] [INFO] [1731404138.430094339] [node_io_servo]: ---- Server Server Module_Input.node_io_servo: TBDT PIN: 0. QA PIN: 0.  Diff PIN: 0----
1731404138.6376951 [node_io_weigh-6] [INFO] [1731404138.636999243] [node_io_weigh]: ---- Server Server Module_Input.node_io_weigh: Enable PIN: 0. Disable PIN: 0 ----
1731404138.7812271 [node_io_servo-4] [INFO] [1731404138.780144374] [node_io_servo]: ---- Server Server Module_Input.node_io_servo: TBDT PIN: 0. QA PIN: 0.  Diff PIN: 0----
1731404138.9889882 [node_io_weigh-6] [INFO] [1731404138.987936896] [node_io_weigh]: ---- Server Server Module_Input.node_io_weigh: Enable PIN: 0. Disable PIN: 0 ----
1731404139.1295474 [node_io_servo-4] [INFO] [1731404139.128727154] [node_io_servo]: ---- Server Server Module_Input.node_io_servo: TBDT PIN: 0. QA PIN: 0.  Diff PIN: 0----
1731404139.2787092 [module_supervisor-1] [WARN] [1731404139.277516800] [Module_Supervisor]: ---- Supervisor: Waiting to connect to server Module_Scanning&Interface ----
1731404139.3382492 [node_io_weigh-6] [INFO] [1731404139.337265588] [node_io_weigh]: ---- Server Server Module_Input.node_io_weigh: Enable PIN: 0. Disable PIN: 0 ----
1731404139.4806654 [node_io_servo-4] [INFO] [1731404139.479916930] [node_io_servo]: ---- Server Server Module_Input.node_io_servo: TBDT PIN: 0. QA PIN: 0.  Diff PIN: 0----
1731404139.6887202 [node_io_weigh-6] [INFO] [1731404139.687688409] [node_io_weigh]: ---- Server Server Module_Input.node_io_weigh: Enable PIN: 0. Disable PIN: 0 ----
1731404139.8311477 [node_io_servo-4] [INFO] [1731404139.830065317] [node_io_servo]: ---- Server Server Module_Input.node_io_servo: TBDT PIN: 0. QA PIN: 0.  Diff PIN: 0----
1731404140.0386832 [node_io_weigh-6] [INFO] [1731404140.037762375] [node_io_weigh]: ---- Server Server Module_Input.node_io_weigh: Enable PIN: 0. Disable PIN: 0 ----
1731404140.1802008 [node_io_servo-4] [INFO] [1731404140.179314319] [node_io_servo]: ---- Server Server Module_Input.node_io_servo: TBDT PIN: 0. QA PIN: 0.  Diff PIN: 0----
1731404140.2853708 [module_supervisor-1] [WARN] [1731404140.284371830] [Module_Supervisor]: ---- Supervisor: Waiting to connect to server Module_Scanning&Interface ----
1731404140.3889503 [node_io_weigh-6] [INFO] [1731404140.388094239] [node_io_weigh]: ---- Server Server Module_Input.node_io_weigh: Enable PIN: 0. Disable PIN: 0 ----
1731404140.5315316 [node_io_servo-4] [INFO] [1731404140.530473396] [node_io_servo]: ---- Server Server Module_Input.node_io_servo: TBDT PIN: 0. QA PIN: 0.  Diff PIN: 0----
1731404140.7379911 [node_io_weigh-6] [INFO] [1731404140.737083650] [node_io_weigh]: ---- Server Server Module_Input.node_io_weigh: Enable PIN: 0. Disable PIN: 0 ----
1731404140.8811467 [node_io_servo-4] [INFO] [1731404140.880294760] [node_io_servo]: ---- Server Server Module_Input.node_io_servo: TBDT PIN: 0. QA PIN: 0.  Diff PIN: 0----
1731404141.0882981 [node_io_weigh-6] [INFO] [1731404141.087361170] [node_io_weigh]: ---- Server Server Module_Input.node_io_weigh: Enable PIN: 0. Disable PIN: 0 ----
1731404141.2311723 [node_io_servo-4] [INFO] [1731404141.230087694] [node_io_servo]: ---- Server Server Module_Input.node_io_servo: TBDT PIN: 0. QA PIN: 0.  Diff PIN: 0----
1731404141.2922068 [module_supervisor-1] [WARN] [1731404141.291082149] [Module_Supervisor]: ---- Supervisor: Waiting to connect to server Module_Scanning&Interface ----
1731404141.4379914 [node_io_weigh-6] [INFO] [1731404141.437084114] [node_io_weigh]: ---- Server Server Module_Input.node_io_weigh: Enable PIN: 0. Disable PIN: 0 ----
1731404141.5796249 [node_io_servo-4] [INFO] [1731404141.578789673] [node_io_servo]: ---- Server Server Module_Input.node_io_servo: TBDT PIN: 0. QA PIN: 0.  Diff PIN: 0----
1731404141.7872908 [node_io_weigh-6] [INFO] [1731404141.786403517] [node_io_weigh]: ---- Server Server Module_Input.node_io_weigh: Enable PIN: 0. Disable PIN: 0 ----
1731404141.9307823 [node_io_servo-4] [INFO] [1731404141.929973622] [node_io_servo]: ---- Server Server Module_Input.node_io_servo: TBDT PIN: 0. QA PIN: 0.  Diff PIN: 0----
1731404142.1386089 [node_io_weigh-6] [INFO] [1731404142.137770838] [node_io_weigh]: ---- Server Server Module_Input.node_io_weigh: Enable PIN: 0. Disable PIN: 0 ----
1731404142.2812700 [node_io_servo-4] [INFO] [1731404142.280179677] [node_io_servo]: ---- Server Server Module_Input.node_io_servo: TBDT PIN: 0. QA PIN: 0.  Diff PIN: 0----
1731404142.2975287 [module_supervisor-1] [WARN] [1731404142.296696382] [Module_Supervisor]: ---- Supervisor: Waiting to connect to server Module_Scanning&Interface ----
1731404142.3008993 [module_supervisor-1] [ERROR] [1731404142.300060173] [Module_Supervisor]: ---- Supervisor: Can't connect to Module Scanning&Interface ----
1731404142.3054876 [module_log_file-8] [INFO] [1731404142.302608696] [module_log_file]: ---- Server Module_Log_File: Creating Log File... ----
1731404142.3116519 [node_dc_servo-3] [INFO] [1731404142.309349480] [node_servo_motor]: ---- Server Module_Motor.node_servo_motor: Receive Message: Terminate. Bye Bye.... ----
1731404142.3191535 [node_io_servo-4] [INFO] [1731404142.313134460] [node_io_servo]: ---- Server Module_Input.node_io_servo: Receive Message: Terminate. Bye Bye.... ----
1731404142.3248627 [node_io_weigh-6] [INFO] [1731404142.316624561] [node_io_weigh]: ---- Server Module_Input.node_io_weigh: Receive Message: Terminate. Bye Bye.... ----
1731404142.3353643 [node_dc_motor-5] [INFO] [1731404142.318265486] [node_dc_motor]: ---- Server Module_Motor.node_dc_motor: Receive Message: Terminate. Bye Bye.... ----
1731404142.5025616 [module_weigh-7] [INFO] [1731404142.500857599] [module_weigh]: ---- Server Module_Weigh: Receive Message: Terminate. Bye Bye.... ----
1731404142.9497032 [ERROR] [node_io_servo-4]: process has died [pid 35971, exit code 255, cmd '/home/tomccd/Documents/Code/Python/DATN/install/module_input/lib/module_input/node_io_servo --ros-args'].
1731404143.0706215 [ERROR] [node_io_weigh-6]: process has died [pid 35973, exit code 255, cmd '/home/tomccd/Documents/Code/Python/DATN/install/module_input/lib/module_input/node_io_weigh --ros-args'].
1731404143.0803258 [ERROR] [module_supervisor-1]: process has died [pid 35968, exit code 255, cmd '/home/tomccd/Documents/Code/Python/DATN/install/module_supervisor/lib/module_supervisor/module_supervisor --ros-args'].
1731404143.1702600 [ERROR] [module_weigh-7]: process has died [pid 35974, exit code 255, cmd '/home/tomccd/Documents/Code/Python/DATN/install/module_weigh/lib/module_weigh/module_weigh --ros-args'].
1731404143.3640840 [ERROR] [node_dc_motor-5]: process has died [pid 35972, exit code 255, cmd '/home/tomccd/Documents/Code/Python/DATN/install/module_motor/lib/module_motor/node_dc_motor --ros-args'].
1731404143.3671780 [ERROR] [node_dc_servo-3]: process has died [pid 35970, exit code 255, cmd '/home/tomccd/Documents/Code/Python/DATN/install/module_motor/lib/module_motor/node_dc_servo --ros-args'].
