1731400503.9400425 [INFO] [launch]: All log files can be found below /home/tomccd/.ros/log/2024-11-12-15-35-03-935857-tomccd-raspberry4b-29005
1731400503.9407270 [INFO] [launch]: Default logging verbosity is set to INFO
1731400504.6947424 [INFO] [module_supervisor-1]: process started with pid [29008]
1731400504.6966283 [INFO] [module_scanning_interface-2]: process started with pid [29009]
1731400504.7010853 [INFO] [node_dc_servo-3]: process started with pid [29010]
1731400504.7036839 [INFO] [node_io_servo-4]: process started with pid [29011]
1731400504.7043130 [INFO] [node_dc_motor-5]: process started with pid [29012]
1731400504.7084038 [INFO] [node_io_weigh-6]: process started with pid [29013]
1731400504.7115247 [INFO] [module_weigh-7]: process started with pid [29014]
1731400504.7134247 [INFO] [module_log_file-8]: process started with pid [29015]
1731400504.7147973 [INFO] [module_send_email-9]: process started with pid [29016]
1731400509.7931004 [module_supervisor-1] [INFO] [1731400509.791234192] [Module_Supervisor]: ---- Supervisor: Connect to Server Module_Log_File Successfully ----
1731400510.7973151 [module_supervisor-1] [WARN] [1731400510.796310329] [Module_Supervisor]: ---- Supervisor: Waiting to connect to server Module_Scanning&Interface ----
1731400510.8327096 [node_dc_servo-3] [INFO] [1731400510.831356470] [node_servo_motor]: ---- Server Module_Motor.node_dc_motor: Init Server ----
1731400510.9781952 [node_io_servo-4] [INFO] [1731400510.975511943] [node_io_servo]: ---- Server Server Module_Input.node_io_servo: TBDT PIN: 1. QA PIN: 1.  Diff PIN: 0----
1731400511.1563413 [node_io_weigh-6] [INFO] [1731400511.154356810] [node_io_weigh]: ---- Server Server Module_Input.node_io_weigh: Enable PIN: 1. Disable PIN: 1 ----
1731400511.2136574 [node_io_servo-4] [INFO] [1731400511.210647095] [node_io_servo]: ---- Server Server Module_Input.node_io_servo: TBDT PIN: 1. QA PIN: 1.  Diff PIN: 0----
1731400511.3187358 [node_io_weigh-6] [INFO] [1731400511.317297763] [node_io_weigh]: ---- Server Server Module_Input.node_io_weigh: Enable PIN: 1. Disable PIN: 1 ----
1731400511.5512633 [module_supervisor-1] [INFO] [1731400511.550182745] [Module_Supervisor]: ---- Supervisor: Connect to Server Module_Scanning&Interface Successfully ----
1731400511.5552397 [module_supervisor-1] [INFO] [1731400511.554063527] [Module_Supervisor]: ---- Supervisor: Connect to Server Module_Input.node_io_weigh Successfully ----
1731400511.5590274 [node_io_servo-4] [INFO] [1731400511.557503781] [node_io_servo]: ---- Server Server Module_Input.node_io_servo: TBDT PIN: 1. QA PIN: 1.  Diff PIN: 0----
1731400511.5630326 [module_supervisor-1] [INFO] [1731400511.559094374] [Module_Supervisor]: ---- Supervisor: Connect to Server Module_Weigh Successfully ----
1731400511.5653830 [module_supervisor-1] [INFO] [1731400511.563728676] [Module_Supervisor]: ---- Supervisor: Connect to Server Module_Motor.node_dc_motor Successfully ----
1731400511.5697916 [module_supervisor-1] [INFO] [1731400511.568863891] [Module_Supervisor]: ---- Supervisor: Connect to Server Module_Input.node_io_servo Successfully ----
1731400511.5737660 [module_supervisor-1] [INFO] [1731400511.572864263] [Module_Supervisor]: ---- Supervisor: Connect to Server Module_Motor.node_dc_servo Successfully ----
1731400511.5787106 [module_supervisor-1] [INFO] [1731400511.576998909] [Module_Supervisor]: ---- Supervisor: Connect to Server Module_Send_Email Successfully ----
1731400511.6676695 [node_io_weigh-6] [INFO] [1731400511.666853407] [node_io_weigh]: ---- Server Server Module_Input.node_io_weigh: Enable PIN: 1. Disable PIN: 1 ----
1731400511.8369062 [module_scanning_interface-2] [INFO] [1731400511.835927776] [module_scanning_interface]: ----  Server Module_Scanning&Interface: Connect to DB Successfully ----
1731400511.8400156 [module_scanning_interface-2] [ WARN:0@3.780] global cap_v4l.cpp:999 open VIDEOIO(V4L2:/dev/video0): can't open camera by index
1731400511.8491845 [module_scanning_interface-2] [ERROR:0@3.789] global obsensor_uvc_stream_channel.cpp:158 getStreamChannelGroup Camera index out of range
1731400511.9070263 [node_io_servo-4] [INFO] [1731400511.905939728] [node_io_servo]: ---- Server Server Module_Input.node_io_servo: TBDT PIN: 1. QA PIN: 1.  Diff PIN: 0----
1731400512.0194535 [node_io_weigh-6] [INFO] [1731400512.018369932] [node_io_weigh]: ---- Server Server Module_Input.node_io_weigh: Enable PIN: 1. Disable PIN: 1 ----
1731400512.2570484 [node_io_servo-4] [INFO] [1731400512.256009533] [node_io_servo]: ---- Server Server Module_Input.node_io_servo: TBDT PIN: 1. QA PIN: 1.  Diff PIN: 0----
1731400512.3700240 [node_io_weigh-6] [INFO] [1731400512.368572532] [node_io_weigh]: ---- Server Server Module_Input.node_io_weigh: Enable PIN: 1. Disable PIN: 1 ----
1731400512.6093526 [node_io_servo-4] [INFO] [1731400512.607724377] [node_io_servo]: ---- Server Server Module_Input.node_io_servo: TBDT PIN: 1. QA PIN: 1.  Diff PIN: 0----
1731400512.7190998 [node_io_weigh-6] [INFO] [1731400512.718002095] [node_io_weigh]: ---- Server Server Module_Input.node_io_weigh: Enable PIN: 1. Disable PIN: 1 ----
1731400512.9595017 [node_io_servo-4] [INFO] [1731400512.958010402] [node_io_servo]: ---- Server Server Module_Input.node_io_servo: TBDT PIN: 1. QA PIN: 1.  Diff PIN: 0----
1731400513.0712886 [node_io_weigh-6] [INFO] [1731400513.069890011] [node_io_weigh]: ---- Server Server Module_Input.node_io_weigh: Enable PIN: 1. Disable PIN: 1 ----
1731400513.3096302 [node_io_servo-4] [INFO] [1731400513.308043663] [node_io_servo]: ---- Server Server Module_Input.node_io_servo: TBDT PIN: 1. QA PIN: 1.  Diff PIN: 0----
1731400513.4208829 [node_io_weigh-6] [INFO] [1731400513.419475691] [node_io_weigh]: ---- Server Server Module_Input.node_io_weigh: Enable PIN: 1. Disable PIN: 1 ----
1731400513.5848377 [module_supervisor-1] [INFO] [1731400513.583678384] [Module_Supervisor]: ---- Supervisor: Connect to Module_Scanning&Interface Successfully----
1731400513.5886922 [module_supervisor-1] [INFO] [1731400513.587524722] [Module_Supervisor]: ---- Supervisor: Connect to Module_Input.node Successfully----
1731400513.5927701 [module_supervisor-1] [INFO] [1731400513.591707663] [Module_Supervisor]: ---- Supervisor: Connect to Module_Weigh Successfully----
1731400513.5963120 [module_supervisor-1] [INFO] [1731400513.595397412] [Module_Supervisor]: ---- Supervisor: Connect to Module_Motor.node_dc_motor Successfully----
1731400513.6010823 [module_supervisor-1] [INFO] [1731400513.599454079] [Module_Supervisor]: ---- Supervisor: Connect to Module_Input.node_io_servo Successfully----
1731400513.6053016 [module_supervisor-1] [INFO] [1731400513.603976753] [Module_Supervisor]: ---- Supervisor: Connect to Module_Send_Email Successfully----
1731400513.6585510 [node_io_servo-4] [INFO] [1731400513.657349219] [node_io_servo]: ---- Server Server Module_Input.node_io_servo: TBDT PIN: 1. QA PIN: 1.  Diff PIN: 0----
1731400513.7708631 [node_io_weigh-6] [INFO] [1731400513.769726170] [node_io_weigh]: ---- Server Server Module_Input.node_io_weigh: Enable PIN: 1. Disable PIN: 1 ----
1731400514.0072684 [node_io_servo-4] [INFO] [1731400514.006119658] [node_io_servo]: ---- Server Server Module_Input.node_io_servo: TBDT PIN: 1. QA PIN: 1.  Diff PIN: 0----
1731400514.1212118 [node_io_weigh-6] [INFO] [1731400514.119773750] [node_io_weigh]: ---- Server Server Module_Input.node_io_weigh: Enable PIN: 1. Disable PIN: 1 ----
1731400514.3613114 [node_io_servo-4] [INFO] [1731400514.359490964] [node_io_servo]: ---- Server Server Module_Input.node_io_servo: TBDT PIN: 1. QA PIN: 1.  Diff PIN: 0----
1731400514.4699271 [node_io_weigh-6] [INFO] [1731400514.468669010] [node_io_weigh]: ---- Server Server Module_Input.node_io_weigh: Enable PIN: 1. Disable PIN: 1 ----
1731400514.7094369 [node_io_servo-4] [INFO] [1731400514.708045584] [node_io_servo]: ---- Server Server Module_Input.node_io_servo: TBDT PIN: 1. QA PIN: 1.  Diff PIN: 0----
1731400514.8194027 [node_io_weigh-6] [INFO] [1731400514.818412103] [node_io_weigh]: ---- Server Server Module_Input.node_io_weigh: Enable PIN: 1. Disable PIN: 1 ----
1731400515.0571377 [node_io_servo-4] [INFO] [1731400515.055950887] [node_io_servo]: ---- Server Server Module_Input.node_io_servo: TBDT PIN: 1. QA PIN: 1.  Diff PIN: 0----
1731400515.1711402 [node_io_weigh-6] [INFO] [1731400515.169758052] [node_io_weigh]: ---- Server Server Module_Input.node_io_weigh: Enable PIN: 1. Disable PIN: 1 ----
1731400515.4096613 [node_io_servo-4] [INFO] [1731400515.408079731] [node_io_servo]: ---- Server Server Module_Input.node_io_servo: TBDT PIN: 1. QA PIN: 1.  Diff PIN: 0----
1731400515.5193508 [node_io_weigh-6] [INFO] [1731400515.518246516] [node_io_weigh]: ---- Server Server Module_Input.node_io_weigh: Enable PIN: 1. Disable PIN: 1 ----
1731400515.5846961 [module_supervisor-1] [INFO] [1731400515.583172999] [Module_Supervisor]: ---- Supervisor: Connect to Module_Scanning&Interface Successfully----
1731400515.5910697 [module_supervisor-1] [INFO] [1731400515.589377357] [Module_Supervisor]: ---- Supervisor: Connect to Module_Input.node Successfully----
1731400515.5956259 [module_supervisor-1] [INFO] [1731400515.593929124] [Module_Supervisor]: ---- Supervisor: Connect to Module_Weigh Successfully----
1731400515.5997682 [module_supervisor-1] [INFO] [1731400515.598312839] [Module_Supervisor]: ---- Supervisor: Connect to Module_Motor.node_dc_motor Successfully----
1731400515.6058767 [module_supervisor-1] [INFO] [1731400515.603331354] [Module_Supervisor]: ---- Supervisor: Connect to Module_Input.node_io_servo Successfully----
1731400515.6150641 [module_supervisor-1] [INFO] [1731400515.610347139] [Module_Supervisor]: ---- Supervisor: Connect to Module_Send_Email Successfully----
1731400515.6477604 [module_scanning_interface-2] [INFO] [1731400515.643377719] [module_scanning_interface]: ---- Server Module_Scanning_Interfaces: Shutdown ----
1731400515.7640858 [node_io_servo-4] [INFO] [1731400515.760286814] [node_io_servo]: ---- Server Server Module_Input.node_io_servo: TBDT PIN: 1. QA PIN: 1.  Diff PIN: 0----
1731400515.8724871 [node_io_weigh-6] [INFO] [1731400515.869013594] [node_io_weigh]: ---- Server Server Module_Input.node_io_weigh: Enable PIN: 1. Disable PIN: 1 ----
1731400516.1136103 [node_io_servo-4] [INFO] [1731400516.110550203] [node_io_servo]: ---- Server Server Module_Input.node_io_servo: TBDT PIN: 1. QA PIN: 1.  Diff PIN: 0----
1731400516.2297046 [node_io_weigh-6] [INFO] [1731400516.221890908] [node_io_weigh]: ---- Server Server Module_Input.node_io_weigh: Enable PIN: 1. Disable PIN: 1 ----
1731400516.3866851 [ERROR] [module_scanning_interface-2]: process has died [pid 29009, exit code 255, cmd '/home/tomccd/Documents/Code/Python/DATN/install/module_scanning_interface/lib/module_scanning_interface/module_scanning_interface --ros-args'].
1731400516.4579966 [node_io_servo-4] [INFO] [1731400516.457100442] [node_io_servo]: ---- Server Server Module_Input.node_io_servo: TBDT PIN: 1. QA PIN: 1.  Diff PIN: 0----
1731400516.5720582 [node_io_weigh-6] [INFO] [1731400516.571060514] [node_io_weigh]: ---- Server Server Module_Input.node_io_weigh: Enable PIN: 1. Disable PIN: 1 ----
1731400516.8090849 [node_io_servo-4] [INFO] [1731400516.808116728] [node_io_servo]: ---- Server Server Module_Input.node_io_servo: TBDT PIN: 1. QA PIN: 1.  Diff PIN: 0----
1731400516.9206367 [node_io_weigh-6] [INFO] [1731400516.919725279] [node_io_weigh]: ---- Server Server Module_Input.node_io_weigh: Enable PIN: 1. Disable PIN: 1 ----
1731400517.1591012 [node_io_servo-4] [INFO] [1731400517.158012580] [node_io_servo]: ---- Server Server Module_Input.node_io_servo: TBDT PIN: 1. QA PIN: 1.  Diff PIN: 0----
1731400517.2706439 [node_io_weigh-6] [INFO] [1731400517.269873888] [node_io_weigh]: ---- Server Server Module_Input.node_io_weigh: Enable PIN: 1. Disable PIN: 1 ----
1731400517.5066516 [node_io_servo-4] [INFO] [1731400517.505937223] [node_io_servo]: ---- Server Server Module_Input.node_io_servo: TBDT PIN: 1. QA PIN: 1.  Diff PIN: 0----
1731400517.6207242 [node_io_weigh-6] [INFO] [1731400517.619760968] [node_io_weigh]: ---- Server Server Module_Input.node_io_weigh: Enable PIN: 1. Disable PIN: 1 ----
1731400517.8590274 [node_io_servo-4] [INFO] [1731400517.857965644] [node_io_servo]: ---- Server Server Module_Input.node_io_servo: TBDT PIN: 1. QA PIN: 1.  Diff PIN: 0----
1731400517.9707427 [node_io_weigh-6] [INFO] [1731400517.969763546] [node_io_weigh]: ---- Server Server Module_Input.node_io_weigh: Enable PIN: 1. Disable PIN: 1 ----
1731400518.2076073 [node_io_servo-4] [INFO] [1731400518.206648719] [node_io_servo]: ---- Server Server Module_Input.node_io_servo: TBDT PIN: 1. QA PIN: 1.  Diff PIN: 0----
1731400518.3193707 [node_io_weigh-6] [INFO] [1731400518.318575769] [node_io_weigh]: ---- Server Server Module_Input.node_io_weigh: Enable PIN: 1. Disable PIN: 1 ----
1731400518.5591209 [node_io_servo-4] [INFO] [1731400518.558026330] [node_io_servo]: ---- Server Server Module_Input.node_io_servo: TBDT PIN: 1. QA PIN: 1.  Diff PIN: 0----
1731400518.5841694 [module_supervisor-1] [WARN] [1731400518.583423216] [Module_Supervisor]: ---- Supervisor: Waiting to connect to server Module_Scanning&Interface ----
1731400518.6707335 [node_io_weigh-6] [INFO] [1731400518.669775162] [node_io_weigh]: ---- Server Server Module_Input.node_io_weigh: Enable PIN: 1. Disable PIN: 1 ----
1731400518.9083960 [node_io_servo-4] [INFO] [1731400518.907523446] [node_io_servo]: ---- Server Server Module_Input.node_io_servo: TBDT PIN: 1. QA PIN: 1.  Diff PIN: 0----
1731400519.0204349 [node_io_weigh-6] [INFO] [1731400519.019571531] [node_io_weigh]: ---- Server Server Module_Input.node_io_weigh: Enable PIN: 1. Disable PIN: 1 ----
1731400519.2590213 [node_io_servo-4] [INFO] [1731400519.257975363] [node_io_servo]: ---- Server Server Module_Input.node_io_servo: TBDT PIN: 1. QA PIN: 1.  Diff PIN: 0----
1731400519.3707438 [node_io_weigh-6] [INFO] [1731400519.369793733] [node_io_weigh]: ---- Server Server Module_Input.node_io_weigh: Enable PIN: 1. Disable PIN: 1 ----
1731400519.5907652 [module_supervisor-1] [WARN] [1731400519.589879554] [Module_Supervisor]: ---- Supervisor: Waiting to connect to server Module_Scanning&Interface ----
1731400519.6075795 [node_io_servo-4] [INFO] [1731400519.606879891] [node_io_servo]: ---- Server Server Module_Input.node_io_servo: TBDT PIN: 1. QA PIN: 1.  Diff PIN: 0----
1731400519.7211862 [node_io_weigh-6] [INFO] [1731400519.720109044] [node_io_weigh]: ---- Server Server Module_Input.node_io_weigh: Enable PIN: 1. Disable PIN: 1 ----
1731400519.9584062 [node_io_servo-4] [INFO] [1731400519.957336606] [node_io_servo]: ---- Server Server Module_Input.node_io_servo: TBDT PIN: 1. QA PIN: 1.  Diff PIN: 0----
1731400520.0700977 [node_io_weigh-6] [INFO] [1731400520.069304234] [node_io_weigh]: ---- Server Server Module_Input.node_io_weigh: Enable PIN: 1. Disable PIN: 1 ----
1731400520.3090706 [node_io_servo-4] [INFO] [1731400520.307997305] [node_io_servo]: ---- Server Server Module_Input.node_io_servo: TBDT PIN: 1. QA PIN: 1.  Diff PIN: 0----
1731400520.4209168 [node_io_weigh-6] [INFO] [1731400520.419841234] [node_io_weigh]: ---- Server Server Module_Input.node_io_weigh: Enable PIN: 1. Disable PIN: 1 ----
1731400520.5970922 [module_supervisor-1] [WARN] [1731400520.596217773] [Module_Supervisor]: ---- Supervisor: Waiting to connect to server Module_Scanning&Interface ----
1731400520.6583891 [node_io_servo-4] [INFO] [1731400520.657471293] [node_io_servo]: ---- Server Server Module_Input.node_io_servo: TBDT PIN: 1. QA PIN: 1.  Diff PIN: 0----
1731400520.7694254 [node_io_weigh-6] [INFO] [1731400520.768669513] [node_io_weigh]: ---- Server Server Module_Input.node_io_weigh: Enable PIN: 1. Disable PIN: 1 ----
1731400521.0092683 [node_io_servo-4] [INFO] [1731400521.008106920] [node_io_servo]: ---- Server Server Module_Input.node_io_servo: TBDT PIN: 1. QA PIN: 1.  Diff PIN: 0----
1731400521.1207004 [node_io_weigh-6] [INFO] [1731400521.119717338] [node_io_weigh]: ---- Server Server Module_Input.node_io_weigh: Enable PIN: 1. Disable PIN: 1 ----
1731400521.3595643 [node_io_servo-4] [INFO] [1731400521.357770727] [node_io_servo]: ---- Server Server Module_Input.node_io_servo: TBDT PIN: 1. QA PIN: 1.  Diff PIN: 0----
1731400521.4682028 [node_io_weigh-6] [INFO] [1731400521.467578945] [node_io_weigh]: ---- Server Server Module_Input.node_io_weigh: Enable PIN: 1. Disable PIN: 1 ----
1731400521.6006870 [module_supervisor-1] [WARN] [1731400521.600009114] [Module_Supervisor]: ---- Supervisor: Waiting to connect to server Module_Scanning&Interface ----
1731400521.7054961 [node_io_servo-4] [INFO] [1731400521.704868906] [node_io_servo]: ---- Server Server Module_Input.node_io_servo: TBDT PIN: 1. QA PIN: 1.  Diff PIN: 0----
1731400521.8175263 [node_io_weigh-6] [INFO] [1731400521.816959980] [node_io_weigh]: ---- Server Server Module_Input.node_io_weigh: Enable PIN: 1. Disable PIN: 1 ----
1731400522.0553937 [node_io_servo-4] [INFO] [1731400522.054717340] [node_io_servo]: ---- Server Server Module_Input.node_io_servo: TBDT PIN: 1. QA PIN: 1.  Diff PIN: 0----
1731400522.1676958 [node_io_weigh-6] [INFO] [1731400522.167123280] [node_io_weigh]: ---- Server Server Module_Input.node_io_weigh: Enable PIN: 1. Disable PIN: 1 ----
1731400522.4087493 [node_io_servo-4] [INFO] [1731400522.405922510] [node_io_servo]: ---- Server Server Module_Input.node_io_servo: TBDT PIN: 1. QA PIN: 1.  Diff PIN: 0----
1731400522.5175152 [node_io_weigh-6] [INFO] [1731400522.516947685] [node_io_weigh]: ---- Server Server Module_Input.node_io_weigh: Enable PIN: 1. Disable PIN: 1 ----
1731400522.6054096 [module_supervisor-1] [WARN] [1731400522.604043400] [Module_Supervisor]: ---- Supervisor: Waiting to connect to server Module_Scanning&Interface ----
1731400522.6088953 [module_supervisor-1] [ERROR] [1731400522.607273864] [Module_Supervisor]: ---- Supervisor: Can't connect to Module Scanning&Interface ----
1731400522.6144853 [module_log_file-8] [INFO] [1731400522.608676833] [module_log_file]: ---- Server Module_Log_File: Creating Log File... ----
1731400522.6173193 [node_io_weigh-6] [INFO] [1731400522.614097655] [node_io_weigh]: ---- Server Module_Input.node_io_weigh: Receive Message: Terminate. Bye Bye.... ----
1731400522.6322346 [node_dc_servo-3] [INFO] [1731400522.624531807] [node_servo_motor]: ---- Server Module_Motor.node_servo_motor: Receive Message: Terminate. Bye Bye.... ----
1731400522.6578379 [node_io_servo-4] [INFO] [1731400522.644675945] [node_io_servo]: ---- Server Module_Input.node_io_servo: Receive Message: Terminate. Bye Bye.... ----
1731400522.8693316 [node_dc_motor-5] [INFO] [1731400522.865175977] [node_dc_motor]: ---- Server Module_Motor.node_dc_motor: Receive Message: Terminate. Bye Bye.... ----
1731400522.9837377 [module_weigh-7] [INFO] [1731400522.977266258] [module_weigh]: ---- Server Module_Weigh: Receive Message: Terminate. Bye Bye.... ----
1731400523.3072028 [ERROR] [node_io_weigh-6]: process has died [pid 29013, exit code 255, cmd '/home/tomccd/Documents/Code/Python/DATN/install/module_input/lib/module_input/node_io_weigh --ros-args'].
1731400523.3602319 [ERROR] [node_io_servo-4]: process has died [pid 29011, exit code 255, cmd '/home/tomccd/Documents/Code/Python/DATN/install/module_input/lib/module_input/node_io_servo --ros-args'].
1731400523.4810498 [ERROR] [module_supervisor-1]: process has died [pid 29008, exit code 255, cmd '/home/tomccd/Documents/Code/Python/DATN/install/module_supervisor/lib/module_supervisor/module_supervisor --ros-args'].
1731400523.6681538 [ERROR] [node_dc_servo-3]: process has died [pid 29010, exit code 255, cmd '/home/tomccd/Documents/Code/Python/DATN/install/module_motor/lib/module_motor/node_dc_servo --ros-args'].
1731400523.7679529 [ERROR] [module_weigh-7]: process has died [pid 29014, exit code 255, cmd '/home/tomccd/Documents/Code/Python/DATN/install/module_weigh/lib/module_weigh/module_weigh --ros-args'].
1731400523.8352213 [ERROR] [node_dc_motor-5]: process has died [pid 29012, exit code 255, cmd '/home/tomccd/Documents/Code/Python/DATN/install/module_motor/lib/module_motor/node_dc_motor --ros-args'].
