1732065484.2668166 [INFO] [launch]: All log files can be found below /home/tomccd/.ros/log/2024-11-20-08-18-04-262446-tomccd-raspberry4b-10110
1732065484.2675221 [INFO] [launch]: Default logging verbosity is set to INFO
1732065485.0244217 [INFO] [module_supervisor-1]: process started with pid [10113]
1732065485.0257258 [INFO] [module_scanning_interface-2]: process started with pid [10114]
1732065485.0306807 [INFO] [node_dc_servo-3]: process started with pid [10115]
1732065485.0314164 [INFO] [node_io_servo-4]: process started with pid [10116]
1732065485.0373127 [INFO] [node_dc_motor-5]: process started with pid [10117]
1732065485.0382807 [INFO] [node_io_weigh-6]: process started with pid [10118]
1732065485.0407999 [INFO] [module_weigh-7]: process started with pid [10119]
1732065485.0431471 [INFO] [module_log_file-8]: process started with pid [10120]
1732065485.0437260 [INFO] [module_send_email-9]: process started with pid [10121]
1732065488.7382362 [module_supervisor-1] [INFO] [1732065488.733804685] [Module_Supervisor]: ---- Supervisor: Connect to Server Module_Log_File Successfully ----
1732065489.7636561 [module_supervisor-1] [WARN] [1732065489.759711097] [Module_Supervisor]: ---- Supervisor: Waiting to connect to server Module_Scanning&Interface ----
1732065490.7847171 [module_supervisor-1] [WARN] [1732065490.783567912] [Module_Supervisor]: ---- Supervisor: Waiting to connect to server Module_Scanning&Interface ----
1732065491.3795147 [node_dc_servo-3] [INFO] [1732065491.373973209] [node_servo_motor]: ---- Server Module_Motor.node_dc_motor: Init Server ----
1732065491.4892826 [node_io_weigh-6] [INFO] [1732065491.488091026] [node_io_weigh]: ---- Server Server Module_Input.node_io_weigh: Enable PIN: 1. Disable PIN: 1 ----
1732065491.6931312 [node_io_weigh-6] [INFO] [1732065491.691704682] [node_io_weigh]: ---- Server Server Module_Input.node_io_weigh: Enable PIN: 1. Disable PIN: 1 ----
1732065491.7912569 [module_supervisor-1] [WARN] [1732065491.790417131] [Module_Supervisor]: ---- Supervisor: Waiting to connect to server Module_Scanning&Interface ----
1732065491.8256445 [node_io_servo-4] [INFO] [1732065491.824379422] [node_io_servo]: ---- Server Server Module_Input.node_io_servo: TBDT PIN: 1. QA PIN: 1.  Diff PIN: 1----
1732065492.0435240 [node_io_weigh-6] [INFO] [1732065492.042230324] [node_io_weigh]: ---- Server Server Module_Input.node_io_weigh: Enable PIN: 1. Disable PIN: 1 ----
1732065492.0543807 [node_io_servo-4] [INFO] [1732065492.053215442] [node_io_servo]: ---- Server Server Module_Input.node_io_servo: TBDT PIN: 1. QA PIN: 1.  Diff PIN: 1----
1732065492.3965790 [node_io_weigh-6] [INFO] [1732065492.395579505] [node_io_weigh]: ---- Server Server Module_Input.node_io_weigh: Enable PIN: 1. Disable PIN: 1 ----
1732065492.4096956 [node_io_servo-4] [INFO] [1732065492.408485018] [node_io_servo]: ---- Server Server Module_Input.node_io_servo: TBDT PIN: 1. QA PIN: 1.  Diff PIN: 1----
1732065492.7418842 [node_io_weigh-6] [INFO] [1732065492.741050420] [node_io_weigh]: ---- Server Server Module_Input.node_io_weigh: Enable PIN: 1. Disable PIN: 1 ----
1732065492.7573962 [node_io_servo-4] [INFO] [1732065492.756548343] [node_io_servo]: ---- Server Server Module_Input.node_io_servo: TBDT PIN: 1. QA PIN: 1.  Diff PIN: 1----
1732065492.7954168 [module_supervisor-1] [WARN] [1732065492.794426369] [Module_Supervisor]: ---- Supervisor: Waiting to connect to server Module_Scanning&Interface ----
1732065492.8924320 [module_scanning_interface-2] [INFO] [1732065492.891556310] [module_scanning_interface]: ----  Server Module_Scanning&Interface: Connect to DB Successfully ----
1732065493.0939810 [node_io_weigh-6] [INFO] [1732065493.093037461] [node_io_weigh]: ---- Server Server Module_Input.node_io_weigh: Enable PIN: 1. Disable PIN: 1 ----
1732065493.1068978 [node_io_servo-4] [INFO] [1732065493.105655513] [node_io_servo]: ---- Server Server Module_Input.node_io_servo: TBDT PIN: 1. QA PIN: 1.  Diff PIN: 1----
1732065493.4420729 [node_io_weigh-6] [INFO] [1732065493.441197638] [node_io_weigh]: ---- Server Server Module_Input.node_io_weigh: Enable PIN: 1. Disable PIN: 1 ----
1732065493.4558764 [node_io_servo-4] [INFO] [1732065493.453893893] [node_io_servo]: ---- Server Server Module_Input.node_io_servo: TBDT PIN: 1. QA PIN: 1.  Diff PIN: 1----
1732065493.7995520 [node_io_weigh-6] [INFO] [1732065493.798497017] [node_io_weigh]: ---- Server Server Module_Input.node_io_weigh: Enable PIN: 1. Disable PIN: 1 ----
1732065493.8079772 [module_supervisor-1] [WARN] [1732065493.806081656] [Module_Supervisor]: ---- Supervisor: Waiting to connect to server Module_Scanning&Interface ----
1732065493.8166792 [node_io_servo-4] [INFO] [1732065493.811966472] [node_io_servo]: ---- Server Server Module_Input.node_io_servo: TBDT PIN: 1. QA PIN: 1.  Diff PIN: 1----
1732065494.1583812 [node_io_weigh-6] [INFO] [1732065494.153639651] [node_io_weigh]: ---- Server Server Module_Input.node_io_weigh: Enable PIN: 1. Disable PIN: 1 ----
1732065494.1843743 [node_io_servo-4] [INFO] [1732065494.170226216] [node_io_servo]: ---- Server Server Module_Input.node_io_servo: TBDT PIN: 1. QA PIN: 1.  Diff PIN: 1----
1732065494.3125482 [module_supervisor-1] [ERROR] [1732065494.310924797] [Module_Supervisor]: ---- Supervisor: Can't connect to server Module_Scanning&Interface ----
1732065494.3185456 [module_supervisor-1] [ERROR] [1732065494.314091833] [Module_Supervisor]: ---- Supervisor: Initilize System Error ----
1732065494.3274345 [module_log_file-8] [INFO] [1732065494.316441763] [module_log_file]: ---- Server Module_Log_File: Creating Log File... ----
1732065494.3335068 [node_io_servo-4] [INFO] [1732065494.319847279] [node_io_servo]: ---- Server Module_Input.node_io_servo: Receive Message: Terminate. Bye Bye.... ----
1732065494.3637083 [node_io_weigh-6] [INFO] [1732065494.344935477] [node_io_weigh]: ---- Server Module_Input.node_io_weigh: Receive Message: Terminate. Bye Bye.... ----
1732065494.3804665 [node_dc_servo-3] [INFO] [1732065494.345369474] [node_servo_motor]: ---- Server Module_Motor.node_servo_motor: Receive Message: Terminate. Bye Bye.... ----
1732065494.5027044 [module_weigh-7] [INFO] [1732065494.499394603] [module_weigh]: ---- Server Module_Weigh: Receive Message: Terminate. Bye Bye.... ----
1732065494.7099111 [module_scanning_interface-2] [INFO] [1732065494.705171340] [module_scanning_interface]: ---- Server Module_Scanning_Interfaces: Receive Message: Terminate. Bye Bye.... ----
1732065494.7805636 [module_supervisor-1] Traceback (most recent call last):
1732065494.7828858 [module_supervisor-1]   File "/home/tomccd/Documents/Code/Python/DATN/install/module_supervisor/lib/module_supervisor/module_supervisor", line 33, in <module>
1732065494.7875061 [module_supervisor-1]     sys.exit(load_entry_point('module-supervisor==0.0.0', 'console_scripts', 'module_supervisor')())
1732065494.7943089 [module_supervisor-1]              ^^^^^^^^^^^^^^^^^^^^^^^^^^^^^^^^^^^^^^^^^^^^^^^^^^^^^^^^^^^^^^^^^^^^^^^^^^^^^^^^^^^^^^
1732065494.8026462 [module_supervisor-1]   File "/home/tomccd/Documents/Code/Python/DATN/install/module_supervisor/lib/python3.12/site-packages/module_supervisor/module_supervisor.py", line 220, in main
1732065494.8052137 [module_supervisor-1]     rclpy.spin(node)
1732065494.8080382 [module_supervisor-1]   File "/opt/ros/jazzy/lib/python3.12/site-packages/rclpy/__init__.py", line 240, in spin
1732065494.8119469 [module_supervisor-1]     executor = get_global_executor() if executor is None else executor
1732065494.8205616 [module_supervisor-1]                ^^^^^^^^^^^^^^^^^^^^^
1732065494.8291614 [module_supervisor-1]   File "/opt/ros/jazzy/lib/python3.12/site-packages/rclpy/__init__.py", line 106, in get_global_executor
1732065494.8313386 [module_supervisor-1]     __executor = SingleThreadedExecutor()
1732065494.8337359 [module_supervisor-1]                  ^^^^^^^^^^^^^^^^^^^^^^^^
1732065494.8356667 [module_supervisor-1]   File "/opt/ros/jazzy/lib/python3.12/site-packages/rclpy/executors.py", line 803, in __init__
1732065494.8368886 [module_supervisor-1]     super().__init__(context=context)
1732065494.8417087 [module_supervisor-1]   File "/opt/ros/jazzy/lib/python3.12/site-packages/rclpy/executors.py", line 186, in __init__
1732065494.8440800 [module_supervisor-1]     self._guard = GuardCondition(
1732065494.8504710 [module_supervisor-1]                   ^^^^^^^^^^^^^^^
1732065494.8543005 [module_supervisor-1]   File "/opt/ros/jazzy/lib/python3.12/site-packages/rclpy/guard_condition.py", line 23, in __init__
1732065494.8546145 [module_supervisor-1]     with self._context.handle:
1732065494.8593452 [module_supervisor-1] TypeError: 'NoneType' object does not support the context manager protocol
1732065494.8705881 [module_supervisor-1] Exception ignored in: <function Executor.__del__ at 0xffffa5375a80>
1732065494.8739052 [module_supervisor-1] Traceback (most recent call last):
1732065494.8775237 [module_supervisor-1]   File "/opt/ros/jazzy/lib/python3.12/site-packages/rclpy/executors.py", line 257, in __del__
1732065494.8800838 [module_supervisor-1]     if self._sigint_gc is not None:
1732065494.8840797 [module_supervisor-1]        ^^^^^^^^^^^^^^^
1732065494.8876204 [module_supervisor-1] AttributeError: 'SingleThreadedExecutor' object has no attribute '_sigint_gc'
1732065494.9358380 [node_dc_motor-5] [INFO] [1732065494.923978330] [node_dc_motor]: ---- Server Module_Motor.node_dc_motor: Receive Message: Terminate. Bye Bye.... ----
1732065495.4252534 [ERROR] [module_weigh-7]: process has died [pid 10119, exit code 255, cmd '/home/tomccd/Documents/Code/Python/DATN/install/module_weigh/lib/module_weigh/module_weigh --ros-args'].
1732065495.5186613 [ERROR] [node_io_weigh-6]: process has died [pid 10118, exit code 255, cmd '/home/tomccd/Documents/Code/Python/DATN/install/module_input/lib/module_input/node_io_weigh --ros-args'].
1732065495.5950072 [ERROR] [node_io_servo-4]: process has died [pid 10116, exit code 255, cmd '/home/tomccd/Documents/Code/Python/DATN/install/module_input/lib/module_input/node_io_servo --ros-args'].
1732065495.6463273 [module_scanning_interface-2] Exception in Tkinter callback
1732065495.7066894 [module_scanning_interface-2] Traceback (most recent call last):
1732065495.7145655 [module_scanning_interface-2]   File "/usr/lib/python3.12/tkinter/__init__.py", line 1967, in __call__
1732065495.7243280 [module_scanning_interface-2]     return self.func(*args)
1732065495.7346079 [module_scanning_interface-2]            ^^^^^^^^^^^^^^^^
1732065495.7415719 [module_scanning_interface-2]   File "/usr/lib/python3.12/tkinter/__init__.py", line 861, in callit
1732065495.7422323 [module_scanning_interface-2]     func(*args)
1732065495.7464771 [module_scanning_interface-2]   File "/home/tomccd/Documents/Code/Python/DATN/install/module_scanning_interface/lib/python3.12/site-packages/module_scanning_interface/module_scanning_interface.py", line 315, in openCameraAndIdentifyCode
1732065495.7484853 [module_scanning_interface-2]     self.label_camera.configure(
1732065495.7499888 [module_scanning_interface-2]   File "/usr/lib/python3.12/tkinter/__init__.py", line 1721, in configure
1732065495.7545867 [module_scanning_interface-2]     return self._configure('configure', cnf, kw)
1732065495.7559166 [module_scanning_interface-2]            ^^^^^^^^^^^^^^^^^^^^^^^^^^^^^^^^^^^^^
1732065495.7570918 [module_scanning_interface-2]   File "/usr/lib/python3.12/tkinter/__init__.py", line 1711, in _configure
1732065495.7582533 [module_scanning_interface-2]     self.tk.call(_flatten((self._w, cmd)) + self._options(cnf))
1732065495.7612023 [module_scanning_interface-2] _tkinter.TclError: invalid command name ".!frame3.!frame.!label"
1732065495.7629840 [module_scanning_interface-2] Exception in thread Thread-1 (spin):
1732065495.7644038 [module_scanning_interface-2] Traceback (most recent call last):
1732065495.7651172 [module_scanning_interface-2]   File "/usr/lib/python3.12/threading.py", line 1073, in _bootstrap_inner
1732065495.7657416 [module_scanning_interface-2]     self.run()
1732065495.7691081 [module_scanning_interface-2]   File "/usr/lib/python3.12/threading.py", line 1010, in run
1732065495.7711937 [module_scanning_interface-2]     self._target(*self._args, **self._kwargs)
1732065495.7728596 [module_scanning_interface-2]   File "/opt/ros/jazzy/lib/python3.12/site-packages/rclpy/__init__.py", line 244, in spin
1732065495.7769074 [module_scanning_interface-2]     executor.spin_once()
1732065495.7785077 [module_scanning_interface-2]   File "/opt/ros/jazzy/lib/python3.12/site-packages/rclpy/executors.py", line 827, in spin_once
1732065495.7803500 [module_scanning_interface-2]     self._spin_once_impl(timeout_sec)
1732065495.7829897 [module_scanning_interface-2]   File "/opt/ros/jazzy/lib/python3.12/site-packages/rclpy/executors.py", line 822, in _spin_once_impl
1732065495.7842755 [module_scanning_interface-2]     raise handler.exception()
1732065495.7849734 [module_scanning_interface-2]   File "/opt/ros/jazzy/lib/python3.12/site-packages/rclpy/task.py", line 239, in __call__
1732065495.7857397 [module_scanning_interface-2]     self._handler.send(None)
1732065495.7864044 [module_scanning_interface-2]   File "/opt/ros/jazzy/lib/python3.12/site-packages/rclpy/executors.py", line 508, in handler
1732065495.7872930 [module_scanning_interface-2]     await call_coroutine()
1732065495.7880538 [module_scanning_interface-2]   File "/opt/ros/jazzy/lib/python3.12/site-packages/rclpy/executors.py", line 396, in _execute
1732065495.7886534 [module_scanning_interface-2]     await await_or_execute(sub.callback, *msg_tuple)
1732065495.7894435 [module_scanning_interface-2]   File "/opt/ros/jazzy/lib/python3.12/site-packages/rclpy/executors.py", line 111, in await_or_execute
1732065495.7902274 [module_scanning_interface-2]     return callback(*args)
1732065495.7911942 [module_scanning_interface-2]            ^^^^^^^^^^^^^^^
1732065495.7918687 [module_scanning_interface-2]   File "/home/tomccd/Documents/Code/Python/DATN/install/module_scanning_interface/lib/python3.12/site-packages/module_scanning_interface/module_scanning_interface.py", line 370, in on_closing
1732065495.7935100 [module_scanning_interface-2]     self.destroy()
1732065495.7947514 [module_scanning_interface-2]   File "/usr/lib/python3.12/tkinter/__init__.py", line 2386, in destroy
1732065495.7957153 [module_scanning_interface-2]     for c in list(self.children.values()): c.destroy()
1732065495.7971184 [module_scanning_interface-2]                                            ^^^^^^^^^^^
1732065495.7983527 [module_scanning_interface-2]   File "/usr/lib/python3.12/tkinter/__init__.py", line 2655, in destroy
1732065495.8015051 [module_scanning_interface-2]     for c in list(self.children.values()): c.destroy()
1732065495.8051763 [module_scanning_interface-2]                                            ^^^^^^^^^^^
1732065495.8079586 [module_scanning_interface-2]   File "/usr/lib/python3.12/tkinter/__init__.py", line 2655, in destroy
1732065495.8090096 [module_scanning_interface-2]     for c in list(self.children.values()): c.destroy()
1732065495.8100221 [module_scanning_interface-2]                                            ^^^^^^^^^^^
1732065495.8111966 [module_scanning_interface-2]   File "/usr/lib/python3.12/tkinter/__init__.py", line 2659, in destroy
1732065495.8121440 [module_scanning_interface-2]     Misc.destroy(self)
1732065495.8125558 [module_scanning_interface-2]   File "/usr/lib/python3.12/tkinter/__init__.py", line 687, in destroy
1732065495.8133149 [module_scanning_interface-2]     self.tk.deletecommand(name)
1732065495.8142648 [module_scanning_interface-2] _tkinter.TclError: can't delete Tcl command
1732065495.8552527 [ERROR] [module_supervisor-1]: process has died [pid 10113, exit code 1, cmd '/home/tomccd/Documents/Code/Python/DATN/install/module_supervisor/lib/module_supervisor/module_supervisor --ros-args'].
1732065495.8989115 [ERROR] [node_dc_servo-3]: process has died [pid 10115, exit code 255, cmd '/home/tomccd/Documents/Code/Python/DATN/install/module_motor/lib/module_motor/node_dc_servo --ros-args'].
1732065496.0749719 [ERROR] [node_dc_motor-5]: process has died [pid 10117, exit code 255, cmd '/home/tomccd/Documents/Code/Python/DATN/install/module_motor/lib/module_motor/node_dc_motor --ros-args'].
