1732080490.3294721 [INFO] [launch]: All log files can be found below /home/tomccd/.ros/log/2024-11-20-12-28-10-325477-tomccd-raspberry4b-43792
1732080490.3300810 [INFO] [launch]: Default logging verbosity is set to INFO
1732080491.1029472 [INFO] [module_supervisor-1]: process started with pid [43795]
1732080491.1039262 [INFO] [module_scanning_interface-2]: process started with pid [43796]
1732080491.1083059 [INFO] [node_dc_servo-3]: process started with pid [43797]
1732080491.1134710 [INFO] [node_io_servo-4]: process started with pid [43798]
1732080491.1151297 [INFO] [node_dc_motor-5]: process started with pid [43799]
1732080491.1183031 [INFO] [node_io_weigh-6]: process started with pid [43800]
1732080491.1253824 [INFO] [module_weigh-7]: process started with pid [43801]
1732080491.1286077 [INFO] [module_log_file-8]: process started with pid [43802]
1732080491.1333871 [INFO] [module_send_email-9]: process started with pid [43803]
1732080496.7657328 [module_supervisor-1] [INFO] [1732080496.759715909] [Module_Supervisor]: ---- Supervisor: Connect to Server Module_Log_File Successfully ----
1732080497.0335581 [node_dc_servo-3] [INFO] [1732080497.029846630] [node_servo_motor]: ---- Server Module_Motor.node_dc_motor: Init Server ----
1732080497.2787037 [node_io_servo-4] [INFO] [1732080497.275959454] [node_io_servo]: ---- Server Server Module_Input.node_io_servo: TBDT PIN: 1. QA PIN: 1.  Diff PIN: 1----
1732080497.6329453 [node_io_servo-4] [INFO] [1732080497.631975079] [node_io_servo]: ---- Server Server Module_Input.node_io_servo: TBDT PIN: 1. QA PIN: 1.  Diff PIN: 1----
1732080497.7648950 [module_supervisor-1] [WARN] [1732080497.763848173] [Module_Supervisor]: ---- Supervisor: Waiting to connect to server Module_Scanning&Interface ----
1732080497.8185463 [node_io_weigh-6] [INFO] [1732080497.817794104] [node_io_weigh]: ---- Server Server Module_Input.node_io_weigh: Enable PIN: 1. Disable PIN: 1 ----
1732080498.0116572 [node_io_servo-4] [INFO] [1732080498.009396152] [node_io_servo]: ---- Server Server Module_Input.node_io_servo: TBDT PIN: 1. QA PIN: 1.  Diff PIN: 1----
1732080498.0893369 [node_io_weigh-6] [INFO] [1732080498.085456597] [node_io_weigh]: ---- Server Server Module_Input.node_io_weigh: Enable PIN: 1. Disable PIN: 1 ----
1732080498.3676782 [node_io_servo-4] [INFO] [1732080498.366829966] [node_io_servo]: ---- Server Server Module_Input.node_io_servo: TBDT PIN: 1. QA PIN: 1.  Diff PIN: 1----
1732080498.4229689 [node_io_weigh-6] [INFO] [1732080498.421945680] [node_io_weigh]: ---- Server Server Module_Input.node_io_weigh: Enable PIN: 1. Disable PIN: 1 ----
1732080498.5229220 [module_supervisor-1] [INFO] [1732080498.521900507] [Module_Supervisor]: ---- Supervisor: Connect to Server Module_Scanning&Interface Successfully ----
1732080498.5266383 [module_supervisor-1] [INFO] [1732080498.525378280] [Module_Supervisor]: ---- Supervisor: Connect to Server Module_Input.node_io_weigh Successfully ----
1732080498.5308187 [module_supervisor-1] [INFO] [1732080498.529175605] [Module_Supervisor]: ---- Supervisor: Connect to Server Module_Weigh Successfully ----
1732080498.5376463 [module_supervisor-1] [INFO] [1732080498.533546646] [Module_Supervisor]: ---- Supervisor: Connect to Server Module_Motor.node_dc_motor Successfully ----
1732080498.5405850 [module_supervisor-1] [INFO] [1732080498.538381644] [Module_Supervisor]: ---- Supervisor: Connect to Server Module_Input.node_io_servo Successfully ----
1732080498.5439394 [module_supervisor-1] [INFO] [1732080498.542403744] [Module_Supervisor]: ---- Supervisor: Connect to Server Module_Motor.node_dc_servo Successfully ----
1732080498.5479836 [module_supervisor-1] [INFO] [1732080498.546608138] [Module_Supervisor]: ---- Supervisor: Connect to Server Module_Send_Email Successfully ----
1732080498.6513395 [node_dc_motor-5] [INFO] [1732080498.650418438] [node_dc_motor]: ---- Server Module_Motor.node_dc_motor: Receive Intialized Request: Ready ----
1732080498.6596949 [module_supervisor-1] [INFO] [1732080498.658336751] [Module_Supervisor]: ---- Supervisor: Receive Init Respond from Server Module_Motor.node_dc_motor: OK
1732080498.7245250 [node_io_servo-4] [INFO] [1732080498.723650102] [node_io_servo]: ---- Server Server Module_Input.node_io_servo: TBDT PIN: 1. QA PIN: 1.  Diff PIN: 1----
1732080498.7740145 [node_io_weigh-6] [INFO] [1732080498.772656018] [node_io_weigh]: ---- Server Server Module_Input.node_io_weigh: Enable PIN: 1. Disable PIN: 1 ----
1732080498.8582559 [module_scanning_interface-2] [INFO] [1732080498.857361583] [module_scanning_interface]: ----  Server Module_Scanning&Interface: Connect to DB Successfully ----
1732080499.0842235 [node_io_servo-4] [INFO] [1732080499.082931803] [node_io_servo]: ---- Server Server Module_Input.node_io_servo: TBDT PIN: 1. QA PIN: 1.  Diff PIN: 1----
1732080499.1251783 [node_io_weigh-6] [INFO] [1732080499.124021572] [node_io_weigh]: ---- Server Server Module_Input.node_io_weigh: Enable PIN: 1. Disable PIN: 1 ----
1732080499.4412301 [node_io_servo-4] [INFO] [1732080499.437620949] [node_io_servo]: ---- Server Server Module_Input.node_io_servo: TBDT PIN: 1. QA PIN: 1.  Diff PIN: 1----
1732080499.4736514 [node_io_weigh-6] [INFO] [1732080499.471628451] [node_io_weigh]: ---- Server Server Module_Input.node_io_weigh: Enable PIN: 1. Disable PIN: 1 ----
1732080499.8026738 [node_io_servo-4] [INFO] [1732080499.799445473] [node_io_servo]: ---- Server Server Module_Input.node_io_servo: TBDT PIN: 1. QA PIN: 1.  Diff PIN: 1----
1732080499.8242166 [node_io_weigh-6] [INFO] [1732080499.823391706] [node_io_weigh]: ---- Server Server Module_Input.node_io_weigh: Enable PIN: 1. Disable PIN: 1 ----
1732080500.1647253 [node_io_servo-4] [INFO] [1732080500.163237252] [node_io_servo]: ---- Server Server Module_Input.node_io_servo: TBDT PIN: 1. QA PIN: 1.  Diff PIN: 1----
1732080500.1781564 [node_io_weigh-6] [INFO] [1732080500.176370503] [node_io_weigh]: ---- Server Server Module_Input.node_io_weigh: Enable PIN: 1. Disable PIN: 1 ----
1732080500.5211346 [node_io_servo-4] [INFO] [1732080500.520165171] [node_io_servo]: ---- Server Server Module_Input.node_io_servo: TBDT PIN: 1. QA PIN: 1.  Diff PIN: 1----
1732080500.5267544 [node_io_weigh-6] [INFO] [1732080500.520737960] [node_io_weigh]: ---- Server Server Module_Input.node_io_weigh: Enable PIN: 1. Disable PIN: 1 ----
1732080500.6643038 [module_supervisor-1] [INFO] [1732080500.663384726] [Module_Supervisor]: ---- Supervisor: Connect to Module_Scanning&Interface Successfully----
1732080500.6703627 [module_supervisor-1] [INFO] [1732080500.666926332] [Module_Supervisor]: ---- Supervisor: Connect to Module_Input.node Successfully----
1732080500.6788440 [module_supervisor-1] [INFO] [1732080500.671412074] [Module_Supervisor]: ---- Supervisor: Connect to Module_Weigh Successfully----
1732080500.6806335 [module_supervisor-1] [INFO] [1732080500.674903218] [Module_Supervisor]: ---- Supervisor: Connect to Module_Motor.node_dc_motor Successfully----
1732080500.6859205 [module_supervisor-1] [INFO] [1732080500.678551601] [Module_Supervisor]: ---- Supervisor: Connect to Module_Input.node_io_servo Successfully----
1732080500.6872225 [module_supervisor-1] [INFO] [1732080500.682178817] [Module_Supervisor]: ---- Supervisor: Connect to Module_Send_Email Successfully----
1732080500.8715229 [node_io_weigh-6] [INFO] [1732080500.870763943] [node_io_weigh]: ---- Server Server Module_Input.node_io_weigh: Enable PIN: 1. Disable PIN: 1 ----
1732080500.8772702 [node_io_servo-4] [INFO] [1732080500.876141230] [node_io_servo]: ---- Server Server Module_Input.node_io_servo: TBDT PIN: 1. QA PIN: 1.  Diff PIN: 1----
1732080501.2228587 [node_io_weigh-6] [INFO] [1732080501.222033689] [node_io_weigh]: ---- Server Server Module_Input.node_io_weigh: Enable PIN: 1. Disable PIN: 1 ----
1732080501.2331657 [node_io_servo-4] [INFO] [1732080501.232100570] [node_io_servo]: ---- Server Server Module_Input.node_io_servo: TBDT PIN: 1. QA PIN: 1.  Diff PIN: 1----
1732080501.5744376 [node_io_weigh-6] [INFO] [1732080501.572221117] [node_io_weigh]: ---- Server Server Module_Input.node_io_weigh: Enable PIN: 1. Disable PIN: 1 ----
1732080501.5890357 [node_io_servo-4] [INFO] [1732080501.588174464] [node_io_servo]: ---- Server Server Module_Input.node_io_servo: TBDT PIN: 1. QA PIN: 1.  Diff PIN: 1----
1732080501.9233484 [node_io_weigh-6] [INFO] [1732080501.922508988] [node_io_weigh]: ---- Server Server Module_Input.node_io_weigh: Enable PIN: 1. Disable PIN: 1 ----
1732080501.9436598 [node_io_servo-4] [INFO] [1732080501.942754451] [node_io_servo]: ---- Server Server Module_Input.node_io_servo: TBDT PIN: 1. QA PIN: 1.  Diff PIN: 1----
1732080502.2742927 [node_io_weigh-6] [INFO] [1732080502.273422909] [node_io_weigh]: ---- Server Server Module_Input.node_io_weigh: Enable PIN: 1. Disable PIN: 1 ----
1732080502.2991450 [node_io_servo-4] [INFO] [1732080502.298297632] [node_io_servo]: ---- Server Server Module_Input.node_io_servo: TBDT PIN: 1. QA PIN: 1.  Diff PIN: 1----
1732080502.6224513 [node_io_weigh-6] [INFO] [1732080502.621221219] [node_io_weigh]: ---- Server Server Module_Input.node_io_weigh: Enable PIN: 1. Disable PIN: 1 ----
1732080502.6538539 [node_io_servo-4] [INFO] [1732080502.652871325] [node_io_servo]: ---- Server Server Module_Input.node_io_servo: TBDT PIN: 1. QA PIN: 1.  Diff PIN: 1----
1732080502.6647584 [module_supervisor-1] [INFO] [1732080502.663816435] [Module_Supervisor]: ---- Supervisor: Connect to Module_Scanning&Interface Successfully----
1732080502.6726444 [module_supervisor-1] [INFO] [1732080502.669760735] [Module_Supervisor]: ---- Supervisor: Connect to Module_Input.node Successfully----
1732080502.6785986 [module_supervisor-1] [INFO] [1732080502.677521198] [Module_Supervisor]: ---- Supervisor: Connect to Module_Weigh Successfully----
1732080502.6870565 [module_supervisor-1] [INFO] [1732080502.683110965] [Module_Supervisor]: ---- Supervisor: Connect to Module_Motor.node_dc_motor Successfully----
1732080502.7015240 [module_supervisor-1] [INFO] [1732080502.699743582] [Module_Supervisor]: ---- Supervisor: Connect to Module_Input.node_io_servo Successfully----
1732080502.7122743 [module_supervisor-1] [INFO] [1732080502.710840599] [Module_Supervisor]: ---- Supervisor: Connect to Module_Send_Email Successfully----
1732080502.9723070 [node_io_weigh-6] [INFO] [1732080502.971307225] [node_io_weigh]: ---- Server Server Module_Input.node_io_weigh: Enable PIN: 1. Disable PIN: 1 ----
1732080503.0089674 [node_io_servo-4] [INFO] [1732080503.008058955] [node_io_servo]: ---- Server Server Module_Input.node_io_servo: TBDT PIN: 1. QA PIN: 1.  Diff PIN: 1----
1732080503.3033752 [module_scanning_interface-2] /home/tomccd/Documents/Code/Python/DATN/install/module_scanning_interface/lib/python3.12/site-packages/module_scanning_interface/module_scanning_interface.py:338: UserWarning: pandas only supports SQLAlchemy connectable (engine/connection) or database string URI or sqlite3 DBAPI2 connection. Other DBAPI2 objects are not tested. Please consider using SQLAlchemy.
1732080503.3038955 [module_scanning_interface-2]   df = pd.read_sql(sql_query,self.conn)
1732080503.3238418 [node_io_weigh-6] [INFO] [1732080503.322214298] [node_io_weigh]: ---- Server Server Module_Input.node_io_weigh: Enable PIN: 1. Disable PIN: 1 ----
1732080503.3635612 [node_io_servo-4] [INFO] [1732080503.362616781] [node_io_servo]: ---- Server Server Module_Input.node_io_servo: TBDT PIN: 1. QA PIN: 1.  Diff PIN: 1----
1732080503.3963189 [module_scanning_interface-2] [INFO] [1732080503.395497538] [module_scanning_interface]: Data Collect: [['ABCD', 'Khac']]
1732080503.5391338 [module_scanning_interface-2] /home/tomccd/Documents/Code/Python/DATN/install/module_scanning_interface/lib/python3.12/site-packages/module_scanning_interface/module_scanning_interface.py:338: UserWarning: pandas only supports SQLAlchemy connectable (engine/connection) or database string URI or sqlite3 DBAPI2 connection. Other DBAPI2 objects are not tested. Please consider using SQLAlchemy.
1732080503.5396230 [module_scanning_interface-2]   df = pd.read_sql(sql_query,self.conn)
1732080503.5581858 [module_scanning_interface-2] [INFO] [1732080503.556906547] [module_scanning_interface]: Data Collect: [['ABCD', 'Khac']]
1732080503.6340454 [module_scanning_interface-2] /home/tomccd/Documents/Code/Python/DATN/install/module_scanning_interface/lib/python3.12/site-packages/module_scanning_interface/module_scanning_interface.py:338: UserWarning: pandas only supports SQLAlchemy connectable (engine/connection) or database string URI or sqlite3 DBAPI2 connection. Other DBAPI2 objects are not tested. Please consider using SQLAlchemy.
1732080503.6346493 [module_scanning_interface-2]   df = pd.read_sql(sql_query,self.conn)
1732080503.6525934 [module_scanning_interface-2] [INFO] [1732080503.651485164] [module_scanning_interface]: Data Collect: [['ABCD', 'Khac']]
1732080503.6772749 [node_io_weigh-6] [INFO] [1732080503.674464058] [node_io_weigh]: ---- Server Server Module_Input.node_io_weigh: Enable PIN: 1. Disable PIN: 1 ----
1732080503.7185102 [node_io_servo-4] [INFO] [1732080503.717415178] [node_io_servo]: ---- Server Server Module_Input.node_io_servo: TBDT PIN: 1. QA PIN: 1.  Diff PIN: 1----
1732080503.8782706 [module_scanning_interface-2] /home/tomccd/Documents/Code/Python/DATN/install/module_scanning_interface/lib/python3.12/site-packages/module_scanning_interface/module_scanning_interface.py:338: UserWarning: pandas only supports SQLAlchemy connectable (engine/connection) or database string URI or sqlite3 DBAPI2 connection. Other DBAPI2 objects are not tested. Please consider using SQLAlchemy.
1732080503.8787153 [module_scanning_interface-2]   df = pd.read_sql(sql_query,self.conn)
1732080503.8982890 [module_scanning_interface-2] [INFO] [1732080503.896442570] [module_scanning_interface]: Data Collect: [['ABCD', 'Khac']]
1732080503.9801614 [module_scanning_interface-2] /home/tomccd/Documents/Code/Python/DATN/install/module_scanning_interface/lib/python3.12/site-packages/module_scanning_interface/module_scanning_interface.py:338: UserWarning: pandas only supports SQLAlchemy connectable (engine/connection) or database string URI or sqlite3 DBAPI2 connection. Other DBAPI2 objects are not tested. Please consider using SQLAlchemy.
1732080503.9806099 [module_scanning_interface-2]   df = pd.read_sql(sql_query,self.conn)
1732080503.9984746 [module_scanning_interface-2] [INFO] [1732080503.997463370] [module_scanning_interface]: Data Collect: [['ABCD', 'Khac']]
1732080504.0225344 [node_io_weigh-6] [INFO] [1732080504.021567139] [node_io_weigh]: ---- Server Server Module_Input.node_io_weigh: Enable PIN: 1. Disable PIN: 1 ----
1732080504.0746434 [node_io_servo-4] [INFO] [1732080504.073703224] [node_io_servo]: ---- Server Server Module_Input.node_io_servo: TBDT PIN: 1. QA PIN: 1.  Diff PIN: 1----
1732080504.3715773 [node_io_weigh-6] [INFO] [1732080504.370711310] [node_io_weigh]: ---- Server Server Module_Input.node_io_weigh: Enable PIN: 1. Disable PIN: 1 ----
1732080504.4301198 [node_io_servo-4] [INFO] [1732080504.429209078] [node_io_servo]: ---- Server Server Module_Input.node_io_servo: TBDT PIN: 1. QA PIN: 1.  Diff PIN: 1----
1732080504.6644425 [module_supervisor-1] [INFO] [1732080504.662125017] [Module_Supervisor]: ---- Supervisor: Connect to Module_Scanning&Interface Successfully----
1732080504.6682503 [module_supervisor-1] [INFO] [1732080504.666979608] [Module_Supervisor]: ---- Supervisor: Connect to Module_Input.node Successfully----
1732080504.6765647 [module_supervisor-1] [INFO] [1732080504.673991451] [Module_Supervisor]: ---- Supervisor: Connect to Module_Weigh Successfully----
1732080504.6821167 [module_supervisor-1] [INFO] [1732080504.680737833] [Module_Supervisor]: ---- Supervisor: Connect to Module_Motor.node_dc_motor Successfully----
1732080504.6860209 [module_supervisor-1] [INFO] [1732080504.684952728] [Module_Supervisor]: ---- Supervisor: Connect to Module_Input.node_io_servo Successfully----
1732080504.6925921 [module_supervisor-1] [INFO] [1732080504.689063012] [Module_Supervisor]: ---- Supervisor: Connect to Module_Send_Email Successfully----
1732080504.7242789 [node_io_weigh-6] [INFO] [1732080504.723122275] [node_io_weigh]: ---- Server Server Module_Input.node_io_weigh: Enable PIN: 1. Disable PIN: 1 ----
1732080504.7848523 [node_io_servo-4] [INFO] [1732080504.783841758] [node_io_servo]: ---- Server Server Module_Input.node_io_servo: TBDT PIN: 1. QA PIN: 1.  Diff PIN: 1----
1732080505.0718906 [node_io_weigh-6] [INFO] [1732080505.071079478] [node_io_weigh]: ---- Server Server Module_Input.node_io_weigh: Enable PIN: 1. Disable PIN: 1 ----
1732080505.1391540 [node_io_servo-4] [INFO] [1732080505.138298403] [node_io_servo]: ---- Server Server Module_Input.node_io_servo: TBDT PIN: 1. QA PIN: 1.  Diff PIN: 1----
1732080505.4225221 [node_io_weigh-6] [INFO] [1732080505.421669875] [node_io_weigh]: ---- Server Server Module_Input.node_io_weigh: Enable PIN: 1. Disable PIN: 1 ----
1732080505.4933379 [node_io_servo-4] [INFO] [1732080505.492543627] [node_io_servo]: ---- Server Server Module_Input.node_io_servo: TBDT PIN: 1. QA PIN: 1.  Diff PIN: 1----
1732080505.7743793 [node_io_weigh-6] [INFO] [1732080505.773077540] [node_io_weigh]: ---- Server Server Module_Input.node_io_weigh: Enable PIN: 1. Disable PIN: 1 ----
1732080505.8497674 [node_io_servo-4] [INFO] [1732080505.847822820] [node_io_servo]: ---- Server Server Module_Input.node_io_servo: TBDT PIN: 1. QA PIN: 1.  Diff PIN: 1----
1732080506.1220009 [node_io_weigh-6] [INFO] [1732080506.121101969] [node_io_weigh]: ---- Server Server Module_Input.node_io_weigh: Enable PIN: 1. Disable PIN: 1 ----
1732080506.2046835 [node_io_servo-4] [INFO] [1732080506.203684545] [node_io_servo]: ---- Server Server Module_Input.node_io_servo: TBDT PIN: 1. QA PIN: 1.  Diff PIN: 1----
1732080506.4717135 [node_io_weigh-6] [INFO] [1732080506.470925637] [node_io_weigh]: ---- Server Server Module_Input.node_io_weigh: Enable PIN: 1. Disable PIN: 1 ----
1732080506.5594041 [node_io_servo-4] [INFO] [1732080506.558398748] [node_io_servo]: ---- Server Server Module_Input.node_io_servo: TBDT PIN: 1. QA PIN: 1.  Diff PIN: 1----
1732080506.6624889 [module_supervisor-1] [INFO] [1732080506.661593969] [Module_Supervisor]: ---- Supervisor: Connect to Module_Scanning&Interface Successfully----
1732080506.6653368 [module_supervisor-1] [INFO] [1732080506.664492027] [Module_Supervisor]: ---- Supervisor: Connect to Module_Input.node Successfully----
1732080506.6785965 [module_supervisor-1] [INFO] [1732080506.676116241] [Module_Supervisor]: ---- Supervisor: Connect to Module_Weigh Successfully----
1732080506.6835878 [module_supervisor-1] [INFO] [1732080506.682230206] [Module_Supervisor]: ---- Supervisor: Connect to Module_Motor.node_dc_motor Successfully----
1732080506.6870506 [module_supervisor-1] [INFO] [1732080506.686108771] [Module_Supervisor]: ---- Supervisor: Connect to Module_Input.node_io_servo Successfully----
1732080506.6917136 [module_supervisor-1] [INFO] [1732080506.690840067] [Module_Supervisor]: ---- Supervisor: Connect to Module_Send_Email Successfully----
1732080506.8222632 [node_io_weigh-6] [INFO] [1732080506.821370112] [node_io_weigh]: ---- Server Server Module_Input.node_io_weigh: Enable PIN: 1. Disable PIN: 1 ----
1732080506.9177582 [node_io_servo-4] [INFO] [1732080506.916388301] [node_io_servo]: ---- Server Server Module_Input.node_io_servo: TBDT PIN: 1. QA PIN: 1.  Diff PIN: 1----
1732080507.1763735 [node_io_weigh-6] [INFO] [1732080507.175581045] [node_io_weigh]: ---- Server Server Module_Input.node_io_weigh: Enable PIN: 1. Disable PIN: 1 ----
1732080507.2731388 [node_io_servo-4] [INFO] [1732080507.272246251] [node_io_servo]: ---- Server Server Module_Input.node_io_servo: TBDT PIN: 1. QA PIN: 1.  Diff PIN: 1----
1732080507.5221655 [node_io_weigh-6] [INFO] [1732080507.521317245] [node_io_weigh]: ---- Server Server Module_Input.node_io_weigh: Enable PIN: 0. Disable PIN: 1 ----
1732080507.6285405 [node_io_servo-4] [INFO] [1732080507.627721281] [node_io_servo]: ---- Server Server Module_Input.node_io_servo: TBDT PIN: 1. QA PIN: 1.  Diff PIN: 1----
1732080507.6369395 [module_weigh-7] [INFO] [1732080507.636026442] [module_weigh]: ---- Server Module Weigh Receive Message: True ----
1732080507.8724098 [node_io_weigh-6] [INFO] [1732080507.871570078] [node_io_weigh]: ---- Server Server Module_Input.node_io_weigh: Enable PIN: 1. Disable PIN: 0 ----
1732080507.8761375 [module_weigh-7] [INFO] [1732080507.875346089] [module_weigh]: ---- Server Module Weigh Receive Message: False ----
1732080507.9845159 [node_io_servo-4] [INFO] [1732080507.983450567] [node_io_servo]: ---- Server Server Module_Input.node_io_servo: TBDT PIN: 1. QA PIN: 1.  Diff PIN: 1----
1732080508.0353396 [module_weigh-7] [INFO] [1732080508.034571536] [module_weigh]: --- Server Module_Weigh Max: 100.88
1732080508.0639119 [module_scanning_interface-2] [INFO] [1732080508.062591630] [module_scanning_interface]: Data Collect: [['ABCD', 'Khac', 100.87999725341797]]
1732080508.2215855 [node_io_weigh-6] [INFO] [1732080508.220838127] [node_io_weigh]: ---- Server Server Module_Input.node_io_weigh: Enable PIN: 1. Disable PIN: 1 ----
1732080508.3409150 [node_io_servo-4] [INFO] [1732080508.339759701] [node_io_servo]: ---- Server Server Module_Input.node_io_servo: TBDT PIN: 1. QA PIN: 1.  Diff PIN: 1----
1732080508.5766726 [node_io_weigh-6] [INFO] [1732080508.574057020] [node_io_weigh]: ---- Server Server Module_Input.node_io_weigh: Enable PIN: 1. Disable PIN: 1 ----
1732080508.6650860 [module_supervisor-1] [INFO] [1732080508.661896276] [Module_Supervisor]: ---- Supervisor: Connect to Module_Scanning&Interface Successfully----
1732080508.6693439 [module_supervisor-1] [INFO] [1732080508.665962599] [Module_Supervisor]: ---- Supervisor: Connect to Module_Input.node Successfully----
1732080508.6722937 [module_supervisor-1] [INFO] [1732080508.669510501] [Module_Supervisor]: ---- Supervisor: Connect to Module_Weigh Successfully----
1732080508.6745369 [module_supervisor-1] [INFO] [1732080508.673428918] [Module_Supervisor]: ---- Supervisor: Connect to Module_Motor.node_dc_motor Successfully----
1732080508.6785777 [module_supervisor-1] [INFO] [1732080508.677689552] [Module_Supervisor]: ---- Supervisor: Connect to Module_Input.node_io_servo Successfully----
1732080508.6826434 [module_supervisor-1] [INFO] [1732080508.681623895] [Module_Supervisor]: ---- Supervisor: Connect to Module_Send_Email Successfully----
1732080508.7000608 [node_io_servo-4] [INFO] [1732080508.698070459] [node_io_servo]: ---- Server Server Module_Input.node_io_servo: TBDT PIN: 1. QA PIN: 1.  Diff PIN: 1----
1732080508.9216394 [node_io_weigh-6] [INFO] [1732080508.920870970] [node_io_weigh]: ---- Server Server Module_Input.node_io_weigh: Enable PIN: 1. Disable PIN: 1 ----
1732080509.0560091 [node_io_servo-4] [INFO] [1732080509.055147992] [node_io_servo]: ---- Server Server Module_Input.node_io_servo: TBDT PIN: 1. QA PIN: 1.  Diff PIN: 1----
1732080509.2720745 [node_io_weigh-6] [INFO] [1732080509.271252565] [node_io_weigh]: ---- Server Server Module_Input.node_io_weigh: Enable PIN: 1. Disable PIN: 1 ----
1732080509.4135077 [node_io_servo-4] [INFO] [1732080509.410437363] [node_io_servo]: ---- Server Server Module_Input.node_io_servo: TBDT PIN: 1. QA PIN: 1.  Diff PIN: 1----
1732080509.6233463 [node_io_weigh-6] [INFO] [1732080509.622365411] [node_io_weigh]: ---- Server Server Module_Input.node_io_weigh: Enable PIN: 1. Disable PIN: 1 ----
1732080509.7666564 [node_io_servo-4] [INFO] [1732080509.765591272] [node_io_servo]: ---- Server Server Module_Input.node_io_servo: TBDT PIN: 1. QA PIN: 1.  Diff PIN: 1----
1732080509.9722612 [node_io_weigh-6] [INFO] [1732080509.971254525] [node_io_weigh]: ---- Server Server Module_Input.node_io_weigh: Enable PIN: 1. Disable PIN: 1 ----
1732080510.1221139 [node_io_servo-4] [INFO] [1732080510.120155727] [node_io_servo]: ---- Server Server Module_Input.node_io_servo: TBDT PIN: 0. QA PIN: 1.  Diff PIN: 1----
1732080510.1352975 [module_scanning_interface-2] [INFO] [1732080510.134209228] [module_scanning_interface]: ---- Module_Scanning_Interface: Type Product: Khac
1732080510.1390307 [node_dc_servo-3] [INFO] [1732080510.138212106] [node_servo_motor]: ---- Node_DC_Servo: Rotate Servo TBDT AVD ----
1732080510.3216343 [node_io_weigh-6] [INFO] [1732080510.320741282] [node_io_weigh]: ---- Server Server Module_Input.node_io_weigh: Enable PIN: 1. Disable PIN: 1 ----
1732080510.4803035 [node_io_servo-4] [INFO] [1732080510.478969559] [node_io_servo]: ---- Server Server Module_Input.node_io_servo: TBDT PIN: 1. QA PIN: 1.  Diff PIN: 1----
1732080510.6625798 [module_supervisor-1] [INFO] [1732080510.661744121] [Module_Supervisor]: ---- Supervisor: Connect to Module_Scanning&Interface Successfully----
1732080510.6659424 [module_supervisor-1] [INFO] [1732080510.664831399] [Module_Supervisor]: ---- Supervisor: Connect to Module_Input.node Successfully----
1732080510.6704206 [module_supervisor-1] [INFO] [1732080510.668938276] [Module_Supervisor]: ---- Supervisor: Connect to Module_Weigh Successfully----
1732080510.6737416 [module_supervisor-1] [INFO] [1732080510.672849360] [Module_Supervisor]: ---- Supervisor: Connect to Module_Motor.node_dc_motor Successfully----
1732080510.6809661 [node_io_weigh-6] [INFO] [1732080510.675870528] [node_io_weigh]: ---- Server Server Module_Input.node_io_weigh: Enable PIN: 1. Disable PIN: 1 ----
1732080510.6828885 [module_supervisor-1] [INFO] [1732080510.676572779] [Module_Supervisor]: ---- Supervisor: Connect to Module_Input.node_io_servo Successfully----
1732080510.6843426 [module_supervisor-1] [INFO] [1732080510.681436832] [Module_Supervisor]: ---- Supervisor: Connect to Module_Send_Email Successfully----
1732080510.8357272 [node_io_servo-4] [INFO] [1732080510.834613984] [node_io_servo]: ---- Server Server Module_Input.node_io_servo: TBDT PIN: 1. QA PIN: 0.  Diff PIN: 1----
1732080510.8419983 [module_scanning_interface-2] [INFO] [1732080510.840526951] [module_scanning_interface]: ---- Module_Scanning_Interface: Type Product: Khac
1732080510.8468413 [module_scanning_interface-2] [INFO] [1732080510.844448646] [module_scanning_interface]: ---- Module_Scanning_Interface: Remain Data if Diff was detected: []
1732080510.8499980 [node_dc_servo-3] [INFO] [1732080510.848756188] [node_servo_motor]: ---- Node_DC_Servo: Rotate Servo QA AVD ----
1732080511.0254538 [node_io_weigh-6] [INFO] [1732080511.024474777] [node_io_weigh]: ---- Server Server Module_Input.node_io_weigh: Enable PIN: 1. Disable PIN: 1 ----
1732080511.1902952 [node_io_servo-4] [INFO] [1732080511.189265923] [node_io_servo]: ---- Server Server Module_Input.node_io_servo: TBDT PIN: 1. QA PIN: 0.  Diff PIN: 1----
1732080511.3719094 [node_io_weigh-6] [INFO] [1732080511.371082201] [node_io_weigh]: ---- Server Server Module_Input.node_io_weigh: Enable PIN: 1. Disable PIN: 1 ----
1732080511.5460081 [node_io_servo-4] [INFO] [1732080511.544888314] [node_io_servo]: ---- Server Server Module_Input.node_io_servo: TBDT PIN: 1. QA PIN: 1.  Diff PIN: 1----
1732080511.7243018 [node_io_weigh-6] [INFO] [1732080511.721305989] [node_io_weigh]: ---- Server Server Module_Input.node_io_weigh: Enable PIN: 1. Disable PIN: 1 ----
1732080511.9027326 [node_io_servo-4] [INFO] [1732080511.900727869] [node_io_servo]: ---- Server Server Module_Input.node_io_servo: TBDT PIN: 1. QA PIN: 1.  Diff PIN: 0----
1732080512.0742905 [node_io_weigh-6] [INFO] [1732080512.070963636] [node_io_weigh]: ---- Server Server Module_Input.node_io_weigh: Enable PIN: 1. Disable PIN: 1 ----
1732080512.2581904 [node_io_servo-4] [INFO] [1732080512.257284437] [node_io_servo]: ---- Server Server Module_Input.node_io_servo: TBDT PIN: 1. QA PIN: 1.  Diff PIN: 1----
1732080512.4221754 [node_io_weigh-6] [INFO] [1732080512.421366666] [node_io_weigh]: ---- Server Server Module_Input.node_io_weigh: Enable PIN: 1. Disable PIN: 1 ----
1732080512.6142836 [node_io_servo-4] [INFO] [1732080512.613383232] [node_io_servo]: ---- Server Server Module_Input.node_io_servo: TBDT PIN: 1. QA PIN: 1.  Diff PIN: 1----
1732080512.6625099 [module_supervisor-1] [INFO] [1732080512.661619626] [Module_Supervisor]: ---- Supervisor: Connect to Module_Scanning&Interface Successfully----
1732080512.6664896 [module_supervisor-1] [INFO] [1732080512.664472333] [Module_Supervisor]: ---- Supervisor: Connect to Module_Input.node Successfully----
1732080512.6801898 [module_supervisor-1] [INFO] [1732080512.676167473] [Module_Supervisor]: ---- Supervisor: Connect to Module_Weigh Successfully----
1732080512.6885836 [module_supervisor-1] [INFO] [1732080512.686553443] [Module_Supervisor]: ---- Supervisor: Connect to Module_Motor.node_dc_motor Successfully----
1732080512.6921811 [module_supervisor-1] [INFO] [1732080512.690810614] [Module_Supervisor]: ---- Supervisor: Connect to Module_Input.node_io_servo Successfully----
1732080512.6978891 [module_supervisor-1] [INFO] [1732080512.696420845] [Module_Supervisor]: ---- Supervisor: Connect to Module_Send_Email Successfully----
1732080512.7735908 [node_io_weigh-6] [INFO] [1732080512.772623871] [node_io_weigh]: ---- Server Server Module_Input.node_io_weigh: Enable PIN: 1. Disable PIN: 1 ----
1732080512.9706063 [node_io_servo-4] [INFO] [1732080512.969695063] [node_io_servo]: ---- Server Server Module_Input.node_io_servo: TBDT PIN: 1. QA PIN: 1.  Diff PIN: 1----
1732080513.1229541 [node_io_weigh-6] [INFO] [1732080513.121928692] [node_io_weigh]: ---- Server Server Module_Input.node_io_weigh: Enable PIN: 1. Disable PIN: 1 ----
1732080513.3261502 [node_io_servo-4] [INFO] [1732080513.325048147] [node_io_servo]: ---- Server Server Module_Input.node_io_servo: TBDT PIN: 1. QA PIN: 1.  Diff PIN: 1----
1732080513.4753861 [node_io_weigh-6] [INFO] [1732080513.474513977] [node_io_weigh]: ---- Server Server Module_Input.node_io_weigh: Enable PIN: 1. Disable PIN: 1 ----
1732080513.6812994 [node_io_servo-4] [INFO] [1732080513.680470917] [node_io_servo]: ---- Server Server Module_Input.node_io_servo: TBDT PIN: 1. QA PIN: 1.  Diff PIN: 1----
1732080513.8226111 [node_io_weigh-6] [INFO] [1732080513.821837416] [node_io_weigh]: ---- Server Server Module_Input.node_io_weigh: Enable PIN: 1. Disable PIN: 1 ----
1732080514.0374942 [node_io_servo-4] [INFO] [1732080514.036567438] [node_io_servo]: ---- Server Server Module_Input.node_io_servo: TBDT PIN: 1. QA PIN: 1.  Diff PIN: 1----
1732080514.1734855 [node_io_weigh-6] [INFO] [1732080514.172534631] [node_io_weigh]: ---- Server Server Module_Input.node_io_weigh: Enable PIN: 1. Disable PIN: 1 ----
1732080514.3924403 [node_io_servo-4] [INFO] [1732080514.391594882] [node_io_servo]: ---- Server Server Module_Input.node_io_servo: TBDT PIN: 1. QA PIN: 1.  Diff PIN: 1----
1732080514.5216627 [node_io_weigh-6] [INFO] [1732080514.520904357] [node_io_weigh]: ---- Server Server Module_Input.node_io_weigh: Enable PIN: 1. Disable PIN: 1 ----
1732080514.6636996 [module_supervisor-1] [INFO] [1732080514.662687056] [Module_Supervisor]: ---- Supervisor: Connect to Module_Scanning&Interface Successfully----
1732080514.6685352 [module_supervisor-1] [INFO] [1732080514.667437759] [Module_Supervisor]: ---- Supervisor: Connect to Module_Input.node Successfully----
1732080514.6747608 [module_supervisor-1] [INFO] [1732080514.672086352] [Module_Supervisor]: ---- Supervisor: Connect to Module_Weigh Successfully----
1732080514.6816640 [module_supervisor-1] [INFO] [1732080514.678283242] [Module_Supervisor]: ---- Supervisor: Connect to Module_Motor.node_dc_motor Successfully----
1732080514.6844199 [module_supervisor-1] [INFO] [1732080514.683280054] [Module_Supervisor]: ---- Supervisor: Connect to Module_Input.node_io_servo Successfully----
1732080514.6898544 [module_supervisor-1] [INFO] [1732080514.687725261] [Module_Supervisor]: ---- Supervisor: Connect to Module_Send_Email Successfully----
1732080514.7481062 [node_io_servo-4] [INFO] [1732080514.746871730] [node_io_servo]: ---- Server Server Module_Input.node_io_servo: TBDT PIN: 1. QA PIN: 1.  Diff PIN: 1----
1732080514.8715184 [node_io_weigh-6] [INFO] [1732080514.870748103] [node_io_weigh]: ---- Server Server Module_Input.node_io_weigh: Enable PIN: 1. Disable PIN: 1 ----
1732080515.1036439 [node_io_servo-4] [INFO] [1732080515.102639888] [node_io_servo]: ---- Server Server Module_Input.node_io_servo: TBDT PIN: 1. QA PIN: 1.  Diff PIN: 1----
1732080515.2229033 [node_io_weigh-6] [INFO] [1732080515.220958160] [node_io_weigh]: ---- Server Server Module_Input.node_io_weigh: Enable PIN: 1. Disable PIN: 1 ----
1732080515.4580693 [node_io_servo-4] [INFO] [1732080515.457261080] [node_io_servo]: ---- Server Server Module_Input.node_io_servo: TBDT PIN: 1. QA PIN: 1.  Diff PIN: 1----
1732080515.5732987 [node_io_weigh-6] [INFO] [1732080515.572431037] [node_io_weigh]: ---- Server Server Module_Input.node_io_weigh: Enable PIN: 1. Disable PIN: 1 ----
1732080515.8133092 [node_io_servo-4] [INFO] [1732080515.812356192] [node_io_servo]: ---- Server Server Module_Input.node_io_servo: TBDT PIN: 1. QA PIN: 1.  Diff PIN: 1----
1732080515.9217019 [node_io_weigh-6] [INFO] [1732080515.920920135] [node_io_weigh]: ---- Server Server Module_Input.node_io_weigh: Enable PIN: 1. Disable PIN: 1 ----
1732080516.1686130 [node_io_servo-4] [INFO] [1732080516.167728895] [node_io_servo]: ---- Server Server Module_Input.node_io_servo: TBDT PIN: 1. QA PIN: 1.  Diff PIN: 1----
1732080516.2721934 [node_io_weigh-6] [INFO] [1732080516.271326638] [node_io_weigh]: ---- Server Server Module_Input.node_io_weigh: Enable PIN: 1. Disable PIN: 1 ----
1732080516.5227211 [node_io_servo-4] [INFO] [1732080516.521930946] [node_io_servo]: ---- Server Server Module_Input.node_io_servo: TBDT PIN: 1. QA PIN: 1.  Diff PIN: 1----
1732080516.6222274 [node_io_weigh-6] [INFO] [1732080516.621271647] [node_io_weigh]: ---- Server Server Module_Input.node_io_weigh: Enable PIN: 1. Disable PIN: 1 ----
1732080516.6624665 [module_supervisor-1] [INFO] [1732080516.661606153] [Module_Supervisor]: ---- Supervisor: Connect to Module_Scanning&Interface Successfully----
1732080516.6662247 [module_supervisor-1] [INFO] [1732080516.664832412] [Module_Supervisor]: ---- Supervisor: Connect to Module_Input.node Successfully----
1732080516.6697173 [module_supervisor-1] [INFO] [1732080516.668882438] [Module_Supervisor]: ---- Supervisor: Connect to Module_Weigh Successfully----
1732080516.6742132 [module_supervisor-1] [INFO] [1732080516.672955612] [Module_Supervisor]: ---- Supervisor: Connect to Module_Motor.node_dc_motor Successfully----
1732080516.6785476 [module_supervisor-1] [INFO] [1732080516.677620854] [Module_Supervisor]: ---- Supervisor: Connect to Module_Input.node_io_servo Successfully----
1732080516.6836081 [module_supervisor-1] [INFO] [1732080516.682322280] [Module_Supervisor]: ---- Supervisor: Connect to Module_Send_Email Successfully----
1732080516.8780086 [node_io_servo-4] [INFO] [1732080516.877019506] [node_io_servo]: ---- Server Server Module_Input.node_io_servo: TBDT PIN: 1. QA PIN: 1.  Diff PIN: 1----
1732080516.9719081 [node_io_weigh-6] [INFO] [1732080516.971011973] [node_io_weigh]: ---- Server Server Module_Input.node_io_weigh: Enable PIN: 1. Disable PIN: 1 ----
1732080517.2323077 [node_io_servo-4] [INFO] [1732080517.231347317] [node_io_servo]: ---- Server Server Module_Input.node_io_servo: TBDT PIN: 1. QA PIN: 1.  Diff PIN: 1----
1732080517.3215892 [node_io_weigh-6] [INFO] [1732080517.320838079] [node_io_weigh]: ---- Server Server Module_Input.node_io_weigh: Enable PIN: 1. Disable PIN: 1 ----
1732080517.5876200 [node_io_servo-4] [INFO] [1732080517.586618025] [node_io_servo]: ---- Server Server Module_Input.node_io_servo: TBDT PIN: 1. QA PIN: 1.  Diff PIN: 1----
1732080517.6732781 [node_io_weigh-6] [INFO] [1732080517.672246647] [node_io_weigh]: ---- Server Server Module_Input.node_io_weigh: Enable PIN: 1. Disable PIN: 1 ----
1732080517.9462855 [node_io_servo-4] [INFO] [1732080517.945402489] [node_io_servo]: ---- Server Server Module_Input.node_io_servo: TBDT PIN: 1. QA PIN: 1.  Diff PIN: 1----
1732080518.0242326 [node_io_weigh-6] [INFO] [1732080518.023237499] [node_io_weigh]: ---- Server Server Module_Input.node_io_weigh: Enable PIN: 1. Disable PIN: 1 ----
1732080518.3006380 [node_io_servo-4] [INFO] [1732080518.299855727] [node_io_servo]: ---- Server Server Module_Input.node_io_servo: TBDT PIN: 1. QA PIN: 1.  Diff PIN: 1----
1732080518.3750992 [node_io_weigh-6] [INFO] [1732080518.374078280] [node_io_weigh]: ---- Server Server Module_Input.node_io_weigh: Enable PIN: 1. Disable PIN: 1 ----
1732080518.6561325 [node_io_servo-4] [INFO] [1732080518.655277900] [node_io_servo]: ---- Server Server Module_Input.node_io_servo: TBDT PIN: 1. QA PIN: 1.  Diff PIN: 1----
1732080518.6692796 [module_supervisor-1] [INFO] [1732080518.666221271] [Module_Supervisor]: ---- Supervisor: Connect to Module_Scanning&Interface Successfully----
1732080518.6857615 [module_supervisor-1] [INFO] [1732080518.679489263] [Module_Supervisor]: ---- Supervisor: Connect to Module_Input.node Successfully----
1732080518.6907105 [module_supervisor-1] [INFO] [1732080518.689236908] [Module_Supervisor]: ---- Supervisor: Connect to Module_Weigh Successfully----
1732080518.7045951 [module_supervisor-1] [INFO] [1732080518.695681184] [Module_Supervisor]: ---- Supervisor: Connect to Module_Motor.node_dc_motor Successfully----
1732080518.7156236 [module_supervisor-1] [INFO] [1732080518.706912552] [Module_Supervisor]: ---- Supervisor: Connect to Module_Input.node_io_servo Successfully----
1732080518.7219512 [module_supervisor-1] [INFO] [1732080518.719900269] [Module_Supervisor]: ---- Supervisor: Connect to Module_Send_Email Successfully----
1732080518.7264154 [node_io_weigh-6] [INFO] [1732080518.725134041] [node_io_weigh]: ---- Server Server Module_Input.node_io_weigh: Enable PIN: 1. Disable PIN: 1 ----
1732080518.7895982 [module_scanning_interface-2] [INFO] [1732080518.788227725] [module_scanning_interface]: ---- Server Module_Scanning_Interfaces: Shutdown ----
1732080518.8881228 [module_scanning_interface-2] Decoded(data=b'ABCD', type='QRCODE', rect=Rect(left=329, top=187, width=69, height=74), polygon=[Point(x=329, y=193), Point(x=331, y=260), Point(x=398, y=261), Point(x=396, y=187)], quality=1, orientation='UP')
1732080518.8924565 [module_scanning_interface-2] Decoded(data=b'ABCD', type='QRCODE', rect=Rect(left=320, top=190, width=67, height=73), polygon=[Point(x=320, y=194), Point(x=321, y=260), Point(x=387, y=263), Point(x=386, y=190)], quality=1, orientation='UP')
1732080518.8934851 [module_scanning_interface-2] Decoded(data=b'ABCD', type='QRCODE', rect=Rect(left=316, top=192, width=66, height=73), polygon=[Point(x=316, y=196), Point(x=316, y=262), Point(x=382, y=265), Point(x=382, y=192)], quality=1, orientation='UP')
1732080518.8938820 [module_scanning_interface-2] Decoded(data=b'ABCD', type='QRCODE', rect=Rect(left=302, top=194, width=62, height=70), polygon=[Point(x=302, y=196), Point(x=302, y=259), Point(x=361, y=264), Point(x=364, y=194)], quality=1, orientation='UP')
1732080518.8944056 [module_scanning_interface-2] Decoded(data=b'ABCD', type='QRCODE', rect=Rect(left=299, top=194, width=61, height=69), polygon=[Point(x=299, y=195), Point(x=299, y=258), Point(x=358, y=263), Point(x=360, y=194)], quality=1, orientation='UP')
1732080519.0137122 [node_io_servo-4] [INFO] [1732080519.010286614] [node_io_servo]: ---- Server Server Module_Input.node_io_servo: TBDT PIN: 1. QA PIN: 1.  Diff PIN: 1----
1732080519.0795567 [node_io_weigh-6] [INFO] [1732080519.076957590] [node_io_weigh]: ---- Server Server Module_Input.node_io_weigh: Enable PIN: 1. Disable PIN: 1 ----
1732080519.3726881 [node_io_servo-4] [INFO] [1732080519.370193310] [node_io_servo]: ---- Server Server Module_Input.node_io_servo: TBDT PIN: 1. QA PIN: 1.  Diff PIN: 1----
1732080519.4285390 [node_io_weigh-6] [INFO] [1732080519.425593289] [node_io_weigh]: ---- Server Server Module_Input.node_io_weigh: Enable PIN: 1. Disable PIN: 1 ----
1732080519.5843849 [ERROR] [module_scanning_interface-2]: process has died [pid 43796, exit code 255, cmd '/home/tomccd/Documents/Code/Python/DATN/install/module_scanning_interface/lib/module_scanning_interface/module_scanning_interface --ros-args'].
1732080519.7300680 [node_io_servo-4] [INFO] [1732080519.728994297] [node_io_servo]: ---- Server Server Module_Input.node_io_servo: TBDT PIN: 1. QA PIN: 1.  Diff PIN: 1----
1732080519.7756679 [node_io_weigh-6] [INFO] [1732080519.774661816] [node_io_weigh]: ---- Server Server Module_Input.node_io_weigh: Enable PIN: 1. Disable PIN: 1 ----
1732080520.0891404 [node_io_servo-4] [INFO] [1732080520.087674435] [node_io_servo]: ---- Server Server Module_Input.node_io_servo: TBDT PIN: 1. QA PIN: 1.  Diff PIN: 1----
1732080520.1234138 [node_io_weigh-6] [INFO] [1732080520.122522989] [node_io_weigh]: ---- Server Server Module_Input.node_io_weigh: Enable PIN: 1. Disable PIN: 1 ----
1732080520.4460557 [node_io_servo-4] [INFO] [1732080520.445051960] [node_io_servo]: ---- Server Server Module_Input.node_io_servo: TBDT PIN: 1. QA PIN: 1.  Diff PIN: 1----
1732080520.4729578 [node_io_weigh-6] [INFO] [1732080520.472216826] [node_io_weigh]: ---- Server Server Module_Input.node_io_weigh: Enable PIN: 1. Disable PIN: 1 ----
1732080520.8028848 [node_io_servo-4] [INFO] [1732080520.802079175] [node_io_servo]: ---- Server Server Module_Input.node_io_servo: TBDT PIN: 1. QA PIN: 1.  Diff PIN: 1----
1732080520.8224373 [node_io_weigh-6] [INFO] [1732080520.821649334] [node_io_weigh]: ---- Server Server Module_Input.node_io_weigh: Enable PIN: 1. Disable PIN: 1 ----
1732080521.1607392 [node_io_servo-4] [INFO] [1732080521.159447294] [node_io_servo]: ---- Server Server Module_Input.node_io_servo: TBDT PIN: 1. QA PIN: 1.  Diff PIN: 1----
1732080521.1724935 [node_io_weigh-6] [INFO] [1732080521.171758223] [node_io_weigh]: ---- Server Server Module_Input.node_io_weigh: Enable PIN: 1. Disable PIN: 1 ----
1732080521.5192890 [node_io_servo-4] [INFO] [1732080521.517918346] [node_io_servo]: ---- Server Server Module_Input.node_io_servo: TBDT PIN: 1. QA PIN: 1.  Diff PIN: 1----
1732080521.5232697 [node_io_weigh-6] [INFO] [1732080521.522483385] [node_io_weigh]: ---- Server Server Module_Input.node_io_weigh: Enable PIN: 1. Disable PIN: 1 ----
1732080521.6672711 [module_supervisor-1] [WARN] [1732080521.666287345] [Module_Supervisor]: ---- Supervisor: Waiting to connect to server Module_Scanning&Interface ----
1732080521.8751295 [node_io_weigh-6] [INFO] [1732080521.873560024] [node_io_weigh]: ---- Server Server Module_Input.node_io_weigh: Enable PIN: 1. Disable PIN: 1 ----
1732080521.8770611 [node_io_servo-4] [INFO] [1732080521.875176653] [node_io_servo]: ---- Server Server Module_Input.node_io_servo: TBDT PIN: 1. QA PIN: 1.  Diff PIN: 1----
1732080522.2246063 [node_io_weigh-6] [INFO] [1732080522.223591010] [node_io_weigh]: ---- Server Server Module_Input.node_io_weigh: Enable PIN: 1. Disable PIN: 1 ----
1732080522.2319787 [node_io_servo-4] [INFO] [1732080522.231105533] [node_io_servo]: ---- Server Server Module_Input.node_io_servo: TBDT PIN: 1. QA PIN: 1.  Diff PIN: 1----
1732080522.5746553 [node_io_weigh-6] [INFO] [1732080522.573646719] [node_io_weigh]: ---- Server Server Module_Input.node_io_weigh: Enable PIN: 1. Disable PIN: 1 ----
1732080522.5876405 [node_io_servo-4] [INFO] [1732080522.587009100] [node_io_servo]: ---- Server Server Module_Input.node_io_servo: TBDT PIN: 1. QA PIN: 1.  Diff PIN: 1----
1732080522.6740127 [module_supervisor-1] [WARN] [1732080522.672853667] [Module_Supervisor]: ---- Supervisor: Waiting to connect to server Module_Scanning&Interface ----
1732080522.9238381 [node_io_weigh-6] [INFO] [1732080522.922939697] [node_io_weigh]: ---- Server Server Module_Input.node_io_weigh: Enable PIN: 1. Disable PIN: 1 ----
1732080522.9428532 [node_io_servo-4] [INFO] [1732080522.942114620] [node_io_servo]: ---- Server Server Module_Input.node_io_servo: TBDT PIN: 1. QA PIN: 1.  Diff PIN: 1----
1732080523.2734337 [node_io_weigh-6] [INFO] [1732080523.272619968] [node_io_weigh]: ---- Server Server Module_Input.node_io_weigh: Enable PIN: 1. Disable PIN: 1 ----
1732080523.2998312 [node_io_servo-4] [INFO] [1732080523.298973511] [node_io_servo]: ---- Server Server Module_Input.node_io_servo: TBDT PIN: 1. QA PIN: 1.  Diff PIN: 1----
1732080523.6233127 [node_io_weigh-6] [INFO] [1732080523.622541867] [node_io_weigh]: ---- Server Server Module_Input.node_io_weigh: Enable PIN: 1. Disable PIN: 1 ----
1732080523.6554701 [node_io_servo-4] [INFO] [1732080523.654738841] [node_io_servo]: ---- Server Server Module_Input.node_io_servo: TBDT PIN: 1. QA PIN: 1.  Diff PIN: 1----
1732080523.6789160 [module_supervisor-1] [WARN] [1732080523.677568648] [Module_Supervisor]: ---- Supervisor: Waiting to connect to server Module_Scanning&Interface ----
1732080523.9744079 [node_io_weigh-6] [INFO] [1732080523.973592808] [node_io_weigh]: ---- Server Server Module_Input.node_io_weigh: Enable PIN: 1. Disable PIN: 1 ----
1732080524.0131862 [node_io_servo-4] [INFO] [1732080524.012116078] [node_io_servo]: ---- Server Server Module_Input.node_io_servo: TBDT PIN: 1. QA PIN: 1.  Diff PIN: 1----
1732080524.3248770 [node_io_weigh-6] [INFO] [1732080524.323695355] [node_io_weigh]: ---- Server Server Module_Input.node_io_weigh: Enable PIN: 1. Disable PIN: 1 ----
1732080524.3714464 [node_io_servo-4] [INFO] [1732080524.370670360] [node_io_servo]: ---- Server Server Module_Input.node_io_servo: TBDT PIN: 1. QA PIN: 1.  Diff PIN: 1----
1732080524.6743944 [node_io_weigh-6] [INFO] [1732080524.673577831] [node_io_weigh]: ---- Server Server Module_Input.node_io_weigh: Enable PIN: 1. Disable PIN: 1 ----
1732080524.6843886 [module_supervisor-1] [WARN] [1732080524.683605472] [Module_Supervisor]: ---- Supervisor: Waiting to connect to server Module_Scanning&Interface ----
1732080524.7288947 [node_io_servo-4] [INFO] [1732080524.727984138] [node_io_servo]: ---- Server Server Module_Input.node_io_servo: TBDT PIN: 1. QA PIN: 1.  Diff PIN: 1----
1732080525.0254750 [node_io_weigh-6] [INFO] [1732080525.023939523] [node_io_weigh]: ---- Server Server Module_Input.node_io_weigh: Enable PIN: 1. Disable PIN: 1 ----
1732080525.0874245 [node_io_servo-4] [INFO] [1732080525.086298645] [node_io_servo]: ---- Server Server Module_Input.node_io_servo: TBDT PIN: 1. QA PIN: 1.  Diff PIN: 1----
1732080525.3736496 [node_io_weigh-6] [INFO] [1732080525.372850550] [node_io_weigh]: ---- Server Server Module_Input.node_io_weigh: Enable PIN: 1. Disable PIN: 1 ----
1732080525.4451299 [node_io_servo-4] [INFO] [1732080525.444211196] [node_io_servo]: ---- Server Server Module_Input.node_io_servo: TBDT PIN: 1. QA PIN: 1.  Diff PIN: 1----
1732080525.6912963 [module_supervisor-1] [WARN] [1732080525.690094652] [Module_Supervisor]: ---- Supervisor: Waiting to connect to server Module_Scanning&Interface ----
1732080525.6965256 [module_supervisor-1] [ERROR] [1732080525.695363275] [Module_Supervisor]: ---- Supervisor: Can't connect to Module Scanning&Interface ----
1732080525.7013748 [module_log_file-8] [INFO] [1732080525.698369203] [module_log_file]: ---- Server Module_Log_File: Creating Log File... ----
1732080525.7194002 [node_io_weigh-6] [INFO] [1732080525.704851460] [node_io_weigh]: ---- Server Module_Input.node_io_weigh: Receive Message: Terminate. Bye Bye.... ----
1732080525.7237494 [module_weigh-7] [INFO] [1732080525.710334970] [module_weigh]: ---- Server Module_Weigh: Receive Message: Terminate. Bye Bye.... ----
1732080525.7279818 [node_dc_servo-3] [INFO] [1732080525.725155575] [node_servo_motor]: ---- Server Module_Motor.node_servo_motor: Receive Message: Terminate. Bye Bye.... ----
1732080525.7307072 [node_dc_motor-5] [INFO] [1732080525.729520579] [node_dc_motor]: ---- Server Module_Motor.node_dc_motor: Receive Message: Terminate. Bye Bye.... ----
1732080525.8186834 [node_io_servo-4] [INFO] [1732080525.813904702] [node_io_servo]: ---- Server Server Module_Input.node_io_servo: TBDT PIN: 1. QA PIN: 1.  Diff PIN: 1----
1732080526.1729226 [node_io_servo-4] [INFO] [1732080526.171884365] [node_io_servo]: ---- Server Server Module_Input.node_io_servo: TBDT PIN: 1. QA PIN: 1.  Diff PIN: 1----
1732080526.1776607 [node_io_servo-4] [INFO] [1732080526.176547459] [node_io_servo]: ---- Server Module_Input.node_io_servo: Receive Message: Terminate. Bye Bye.... ----
1732080526.2730699 [ERROR] [node_io_weigh-6]: process has died [pid 43800, exit code 255, cmd '/home/tomccd/Documents/Code/Python/DATN/install/module_input/lib/module_input/node_io_weigh --ros-args'].
1732080526.3450813 [ERROR] [module_supervisor-1]: process has died [pid 43795, exit code 255, cmd '/home/tomccd/Documents/Code/Python/DATN/install/module_supervisor/lib/module_supervisor/module_supervisor --ros-args'].
1732080526.3994431 [ERROR] [module_weigh-7]: process has died [pid 43801, exit code 255, cmd '/home/tomccd/Documents/Code/Python/DATN/install/module_weigh/lib/module_weigh/module_weigh --ros-args'].
1732080526.8080244 [ERROR] [node_dc_motor-5]: process has died [pid 43799, exit code 255, cmd '/home/tomccd/Documents/Code/Python/DATN/install/module_motor/lib/module_motor/node_dc_motor --ros-args'].
1732080526.8147006 [ERROR] [node_io_servo-4]: process has died [pid 43798, exit code 255, cmd '/home/tomccd/Documents/Code/Python/DATN/install/module_input/lib/module_input/node_io_servo --ros-args'].
1732080526.8233371 [ERROR] [node_dc_servo-3]: process has died [pid 43797, exit code 255, cmd '/home/tomccd/Documents/Code/Python/DATN/install/module_motor/lib/module_motor/node_dc_servo --ros-args'].
