1732079798.7652845 [INFO] [launch]: All log files can be found below /home/tomccd/.ros/log/2024-11-20-12-16-38-761153-tomccd-raspberry4b-42921
1732079798.7660198 [INFO] [launch]: Default logging verbosity is set to INFO
1732079799.5282948 [INFO] [module_supervisor-1]: process started with pid [42924]
1732079799.5325160 [INFO] [module_scanning_interface-2]: process started with pid [42925]
1732079799.5365167 [INFO] [node_dc_servo-3]: process started with pid [42926]
1732079799.5404596 [INFO] [node_io_servo-4]: process started with pid [42927]
1732079799.5410802 [INFO] [node_dc_motor-5]: process started with pid [42928]
1732079799.5415645 [INFO] [node_io_weigh-6]: process started with pid [42929]
1732079799.5483644 [INFO] [module_weigh-7]: process started with pid [42930]
1732079799.5521576 [INFO] [module_log_file-8]: process started with pid [42931]
1732079799.5544317 [INFO] [module_send_email-9]: process started with pid [42932]
1732079805.2679894 [module_supervisor-1] [INFO] [1732079805.265474957] [Module_Supervisor]: ---- Supervisor: Connect to Server Module_Log_File Successfully ----
1732079805.4555881 [node_dc_servo-3] [INFO] [1732079805.434890423] [node_servo_motor]: ---- Server Module_Motor.node_dc_motor: Init Server ----
1732079806.2763932 [module_supervisor-1] [WARN] [1732079806.274731416] [Module_Supervisor]: ---- Supervisor: Waiting to connect to server Module_Scanning&Interface ----
1732079806.4727075 [node_io_weigh-6] [INFO] [1732079806.470954101] [node_io_weigh]: ---- Server Server Module_Input.node_io_weigh: Enable PIN: 1. Disable PIN: 1 ----
1732079806.5887225 [node_io_servo-4] [INFO] [1732079806.587609401] [node_io_servo]: ---- Server Server Module_Input.node_io_servo: TBDT PIN: 1. QA PIN: 1.  Diff PIN: 1----
1732079806.6874046 [node_io_weigh-6] [INFO] [1732079806.686446310] [node_io_weigh]: ---- Server Server Module_Input.node_io_weigh: Enable PIN: 1. Disable PIN: 1 ----
1732079806.7803047 [module_supervisor-1] [INFO] [1732079806.779335583] [Module_Supervisor]: ---- Supervisor: Connect to Server Module_Scanning&Interface Successfully ----
1732079806.7845063 [module_supervisor-1] [INFO] [1732079806.783359617] [Module_Supervisor]: ---- Supervisor: Connect to Server Module_Input.node_io_weigh Successfully ----
1732079806.7965076 [module_supervisor-1] [INFO] [1732079806.794312042] [Module_Supervisor]: ---- Supervisor: Connect to Server Module_Weigh Successfully ----
1732079806.8023577 [module_supervisor-1] [INFO] [1732079806.799200444] [Module_Supervisor]: ---- Supervisor: Connect to Server Module_Motor.node_dc_motor Successfully ----
1732079806.8120952 [module_supervisor-1] [INFO] [1732079806.805621087] [Module_Supervisor]: ---- Supervisor: Connect to Server Module_Input.node_io_servo Successfully ----
1732079806.8140750 [module_supervisor-1] [INFO] [1732079806.811751553] [Module_Supervisor]: ---- Supervisor: Connect to Server Module_Motor.node_dc_servo Successfully ----
1732079806.8200645 [module_supervisor-1] [INFO] [1732079806.818114105] [Module_Supervisor]: ---- Supervisor: Connect to Server Module_Send_Email Successfully ----
1732079806.9366724 [node_dc_motor-5] [INFO] [1732079806.935602496] [node_dc_motor]: ---- Server Module_Motor.node_dc_motor: Receive Intialized Request: Ready ----
1732079806.9469504 [node_io_servo-4] [INFO] [1732079806.943812172] [node_io_servo]: ---- Server Server Module_Input.node_io_servo: TBDT PIN: 1. QA PIN: 1.  Diff PIN: 1----
1732079806.9486985 [module_supervisor-1] [INFO] [1732079806.944905183] [Module_Supervisor]: ---- Supervisor: Receive Init Respond from Server Module_Motor.node_dc_motor: OK
1732079807.0396876 [node_io_weigh-6] [INFO] [1732079807.038704064] [node_io_weigh]: ---- Server Server Module_Input.node_io_weigh: Enable PIN: 1. Disable PIN: 1 ----
1732079807.2761257 [module_scanning_interface-2] [INFO] [1732079807.275114987] [module_scanning_interface]: ----  Server Module_Scanning&Interface: Connect to DB Successfully ----
1732079807.3004222 [node_io_servo-4] [INFO] [1732079807.299184915] [node_io_servo]: ---- Server Server Module_Input.node_io_servo: TBDT PIN: 1. QA PIN: 1.  Diff PIN: 1----
1732079807.3885758 [node_io_weigh-6] [INFO] [1732079807.387394487] [node_io_weigh]: ---- Server Server Module_Input.node_io_weigh: Enable PIN: 1. Disable PIN: 1 ----
1732079807.6553624 [node_io_servo-4] [INFO] [1732079807.654295630] [node_io_servo]: ---- Server Server Module_Input.node_io_servo: TBDT PIN: 1. QA PIN: 1.  Diff PIN: 1----
1732079807.7366686 [node_io_weigh-6] [INFO] [1732079807.735832286] [node_io_weigh]: ---- Server Server Module_Input.node_io_weigh: Enable PIN: 1. Disable PIN: 1 ----
1732079808.0105636 [node_io_servo-4] [INFO] [1732079808.009337662] [node_io_servo]: ---- Server Server Module_Input.node_io_servo: TBDT PIN: 1. QA PIN: 1.  Diff PIN: 1----
1732079808.0889046 [node_io_weigh-6] [INFO] [1732079808.086859323] [node_io_weigh]: ---- Server Server Module_Input.node_io_weigh: Enable PIN: 1. Disable PIN: 1 ----
1732079808.3669934 [node_io_servo-4] [INFO] [1732079808.364918895] [node_io_servo]: ---- Server Server Module_Input.node_io_servo: TBDT PIN: 1. QA PIN: 1.  Diff PIN: 1----
1732079808.4400010 [node_io_weigh-6] [INFO] [1732079808.438813772] [node_io_weigh]: ---- Server Server Module_Input.node_io_weigh: Enable PIN: 1. Disable PIN: 1 ----
1732079808.7224889 [node_io_servo-4] [INFO] [1732079808.721346478] [node_io_servo]: ---- Server Server Module_Input.node_io_servo: TBDT PIN: 1. QA PIN: 1.  Diff PIN: 1----
1732079808.7894444 [node_io_weigh-6] [INFO] [1732079808.788296483] [node_io_weigh]: ---- Server Server Module_Input.node_io_weigh: Enable PIN: 1. Disable PIN: 1 ----
1732079808.9517334 [module_supervisor-1] [INFO] [1732079808.948470369] [Module_Supervisor]: ---- Supervisor: Connect to Module_Scanning&Interface Successfully----
1732079808.9559970 [module_supervisor-1] [INFO] [1732079808.954975400] [Module_Supervisor]: ---- Supervisor: Connect to Module_Input.node Successfully----
1732079808.9614491 [module_supervisor-1] [INFO] [1732079808.959315556] [Module_Supervisor]: ---- Supervisor: Connect to Module_Weigh Successfully----
1732079808.9664862 [module_supervisor-1] [INFO] [1732079808.965437874] [Module_Supervisor]: ---- Supervisor: Connect to Module_Motor.node_dc_motor Successfully----
1732079808.9727597 [module_supervisor-1] [INFO] [1732079808.971608672] [Module_Supervisor]: ---- Supervisor: Connect to Module_Input.node_io_servo Successfully----
1732079808.9815383 [module_supervisor-1] [INFO] [1732079808.978722003] [Module_Supervisor]: ---- Supervisor: Connect to Module_Send_Email Successfully----
1732079809.0786324 [node_io_servo-4] [INFO] [1732079809.076879641] [node_io_servo]: ---- Server Server Module_Input.node_io_servo: TBDT PIN: 1. QA PIN: 1.  Diff PIN: 1----
1732079809.1386998 [node_io_weigh-6] [INFO] [1732079809.137145250] [node_io_weigh]: ---- Server Server Module_Input.node_io_weigh: Enable PIN: 1. Disable PIN: 1 ----
1732079809.3456042 [module_scanning_interface-2] /home/tomccd/Documents/Code/Python/DATN/install/module_scanning_interface/lib/python3.12/site-packages/module_scanning_interface/module_scanning_interface.py:338: UserWarning: pandas only supports SQLAlchemy connectable (engine/connection) or database string URI or sqlite3 DBAPI2 connection. Other DBAPI2 objects are not tested. Please consider using SQLAlchemy.
1732079809.3461223 [module_scanning_interface-2]   df = pd.read_sql(sql_query,self.conn)
1732079809.4322042 [node_io_servo-4] [INFO] [1732079809.431300431] [node_io_servo]: ---- Server Server Module_Input.node_io_servo: TBDT PIN: 1. QA PIN: 1.  Diff PIN: 1----
1732079809.4344156 [module_scanning_interface-2] [INFO] [1732079809.433497360] [module_scanning_interface]: Data Collect: [['ABCD', 'Khac']]
1732079809.4872172 [node_io_weigh-6] [INFO] [1732079809.486377238] [node_io_weigh]: ---- Server Server Module_Input.node_io_weigh: Enable PIN: 1. Disable PIN: 1 ----
1732079809.5213003 [module_scanning_interface-2] /home/tomccd/Documents/Code/Python/DATN/install/module_scanning_interface/lib/python3.12/site-packages/module_scanning_interface/module_scanning_interface.py:338: UserWarning: pandas only supports SQLAlchemy connectable (engine/connection) or database string URI or sqlite3 DBAPI2 connection. Other DBAPI2 objects are not tested. Please consider using SQLAlchemy.
1732079809.5218813 [module_scanning_interface-2]   df = pd.read_sql(sql_query,self.conn)
1732079809.5456462 [module_scanning_interface-2] [INFO] [1732079809.544569118] [module_scanning_interface]: Data Collect: [['ABCD', 'Khac']]
1732079809.6137369 [module_scanning_interface-2] /home/tomccd/Documents/Code/Python/DATN/install/module_scanning_interface/lib/python3.12/site-packages/module_scanning_interface/module_scanning_interface.py:338: UserWarning: pandas only supports SQLAlchemy connectable (engine/connection) or database string URI or sqlite3 DBAPI2 connection. Other DBAPI2 objects are not tested. Please consider using SQLAlchemy.
1732079809.6142380 [module_scanning_interface-2]   df = pd.read_sql(sql_query,self.conn)
1732079809.6350403 [module_scanning_interface-2] [INFO] [1732079809.632651014] [module_scanning_interface]: Data Collect: [['ABCD', 'Khac']]
1732079809.7115781 [module_scanning_interface-2] /home/tomccd/Documents/Code/Python/DATN/install/module_scanning_interface/lib/python3.12/site-packages/module_scanning_interface/module_scanning_interface.py:338: UserWarning: pandas only supports SQLAlchemy connectable (engine/connection) or database string URI or sqlite3 DBAPI2 connection. Other DBAPI2 objects are not tested. Please consider using SQLAlchemy.
1732079809.7120688 [module_scanning_interface-2]   df = pd.read_sql(sql_query,self.conn)
1732079809.7331884 [module_scanning_interface-2] [INFO] [1732079809.731306269] [module_scanning_interface]: Data Collect: [['ABCD', 'Khac']]
1732079809.7894144 [node_io_servo-4] [INFO] [1732079809.788501711] [node_io_servo]: ---- Server Server Module_Input.node_io_servo: TBDT PIN: 1. QA PIN: 1.  Diff PIN: 1----
1732079809.8025336 [module_scanning_interface-2] /home/tomccd/Documents/Code/Python/DATN/install/module_scanning_interface/lib/python3.12/site-packages/module_scanning_interface/module_scanning_interface.py:338: UserWarning: pandas only supports SQLAlchemy connectable (engine/connection) or database string URI or sqlite3 DBAPI2 connection. Other DBAPI2 objects are not tested. Please consider using SQLAlchemy.
1732079809.8030052 [module_scanning_interface-2]   df = pd.read_sql(sql_query,self.conn)
1732079809.8254797 [module_scanning_interface-2] [INFO] [1732079809.824364695] [module_scanning_interface]: Data Collect: [['ABCD', 'Khac']]
1732079809.8377452 [node_io_weigh-6] [INFO] [1732079809.836561980] [node_io_weigh]: ---- Server Server Module_Input.node_io_weigh: Enable PIN: 1. Disable PIN: 1 ----
1732079809.9093060 [module_scanning_interface-2] /home/tomccd/Documents/Code/Python/DATN/install/module_scanning_interface/lib/python3.12/site-packages/module_scanning_interface/module_scanning_interface.py:338: UserWarning: pandas only supports SQLAlchemy connectable (engine/connection) or database string URI or sqlite3 DBAPI2 connection. Other DBAPI2 objects are not tested. Please consider using SQLAlchemy.
1732079809.9097395 [module_scanning_interface-2]   df = pd.read_sql(sql_query,self.conn)
1732079809.9249935 [module_scanning_interface-2] [INFO] [1732079809.923978502] [module_scanning_interface]: Data Collect: [['ABCD', 'Khac']]
1732079810.0003555 [module_scanning_interface-2] /home/tomccd/Documents/Code/Python/DATN/install/module_scanning_interface/lib/python3.12/site-packages/module_scanning_interface/module_scanning_interface.py:338: UserWarning: pandas only supports SQLAlchemy connectable (engine/connection) or database string URI or sqlite3 DBAPI2 connection. Other DBAPI2 objects are not tested. Please consider using SQLAlchemy.
1732079810.0008218 [module_scanning_interface-2]   df = pd.read_sql(sql_query,self.conn)
1732079810.0163219 [module_scanning_interface-2] [INFO] [1732079810.015078215] [module_scanning_interface]: Data Collect: [['ABCD', 'Khac']]
1732079810.0978916 [module_scanning_interface-2] /home/tomccd/Documents/Code/Python/DATN/install/module_scanning_interface/lib/python3.12/site-packages/module_scanning_interface/module_scanning_interface.py:338: UserWarning: pandas only supports SQLAlchemy connectable (engine/connection) or database string URI or sqlite3 DBAPI2 connection. Other DBAPI2 objects are not tested. Please consider using SQLAlchemy.
1732079810.0984702 [module_scanning_interface-2]   df = pd.read_sql(sql_query,self.conn)
1732079810.1280990 [module_scanning_interface-2] [INFO] [1732079810.127040603] [module_scanning_interface]: Data Collect: [['ABCD', 'Khac']]
1732079810.1510494 [node_io_servo-4] [INFO] [1732079810.148287360] [node_io_servo]: ---- Server Server Module_Input.node_io_servo: TBDT PIN: 1. QA PIN: 1.  Diff PIN: 1----
1732079810.1882622 [node_io_weigh-6] [INFO] [1732079810.186459531] [node_io_weigh]: ---- Server Server Module_Input.node_io_weigh: Enable PIN: 1. Disable PIN: 1 ----
1732079810.2085493 [module_scanning_interface-2] /home/tomccd/Documents/Code/Python/DATN/install/module_scanning_interface/lib/python3.12/site-packages/module_scanning_interface/module_scanning_interface.py:338: UserWarning: pandas only supports SQLAlchemy connectable (engine/connection) or database string URI or sqlite3 DBAPI2 connection. Other DBAPI2 objects are not tested. Please consider using SQLAlchemy.
1732079810.2092011 [module_scanning_interface-2]   df = pd.read_sql(sql_query,self.conn)
1732079810.2249551 [module_scanning_interface-2] [INFO] [1732079810.223997069] [module_scanning_interface]: Data Collect: [['ABCD', 'Khac']]
1732079810.5133369 [node_io_servo-4] [INFO] [1732079810.508303436] [node_io_servo]: ---- Server Server Module_Input.node_io_servo: TBDT PIN: 1. QA PIN: 1.  Diff PIN: 1----
1732079810.5411701 [node_io_weigh-6] [INFO] [1732079810.536368273] [node_io_weigh]: ---- Server Server Module_Input.node_io_weigh: Enable PIN: 1. Disable PIN: 1 ----
1732079810.8662467 [node_io_servo-4] [INFO] [1732079810.865143773] [node_io_servo]: ---- Server Server Module_Input.node_io_servo: TBDT PIN: 1. QA PIN: 1.  Diff PIN: 1----
1732079810.8904119 [node_io_weigh-6] [INFO] [1732079810.889302850] [node_io_weigh]: ---- Server Server Module_Input.node_io_weigh: Enable PIN: 1. Disable PIN: 1 ----
1732079810.9520371 [module_supervisor-1] [INFO] [1732079810.949569276] [Module_Supervisor]: ---- Supervisor: Connect to Module_Scanning&Interface Successfully----
1732079810.9564936 [module_supervisor-1] [INFO] [1732079810.954966870] [Module_Supervisor]: ---- Supervisor: Connect to Module_Input.node Successfully----
1732079810.9600511 [module_supervisor-1] [INFO] [1732079810.959029793] [Module_Supervisor]: ---- Supervisor: Connect to Module_Weigh Successfully----
1732079810.9635236 [module_supervisor-1] [INFO] [1732079810.962663392] [Module_Supervisor]: ---- Supervisor: Connect to Module_Motor.node_dc_motor Successfully----
1732079810.9670677 [module_supervisor-1] [INFO] [1732079810.966131921] [Module_Supervisor]: ---- Supervisor: Connect to Module_Input.node_io_servo Successfully----
1732079810.9722037 [module_supervisor-1] [INFO] [1732079810.969690189] [Module_Supervisor]: ---- Supervisor: Connect to Module_Send_Email Successfully----
1732079811.2207248 [node_io_servo-4] [INFO] [1732079811.219545119] [node_io_servo]: ---- Server Server Module_Input.node_io_servo: TBDT PIN: 1. QA PIN: 1.  Diff PIN: 1----
1732079811.2425623 [node_io_weigh-6] [INFO] [1732079811.237486158] [node_io_weigh]: ---- Server Server Module_Input.node_io_weigh: Enable PIN: 1. Disable PIN: 1 ----
1732079811.5756326 [node_io_servo-4] [INFO] [1732079811.574616638] [node_io_servo]: ---- Server Server Module_Input.node_io_servo: TBDT PIN: 1. QA PIN: 1.  Diff PIN: 1----
1732079811.5866272 [node_io_weigh-6] [INFO] [1732079811.585725560] [node_io_weigh]: ---- Server Server Module_Input.node_io_weigh: Enable PIN: 1. Disable PIN: 1 ----
1732079811.9308496 [node_io_servo-4] [INFO] [1732079811.929635695] [node_io_servo]: ---- Server Server Module_Input.node_io_servo: TBDT PIN: 1. QA PIN: 1.  Diff PIN: 1----
1732079811.9422102 [node_io_weigh-6] [INFO] [1732079811.940132891] [node_io_weigh]: ---- Server Server Module_Input.node_io_weigh: Enable PIN: 1. Disable PIN: 1 ----
1732079812.2853830 [node_io_servo-4] [INFO] [1732079812.284349157] [node_io_servo]: ---- Server Server Module_Input.node_io_servo: TBDT PIN: 1. QA PIN: 1.  Diff PIN: 1----
1732079812.2874458 [node_io_weigh-6] [INFO] [1732079812.286319000] [node_io_weigh]: ---- Server Server Module_Input.node_io_weigh: Enable PIN: 1. Disable PIN: 1 ----
1732079812.6407049 [node_io_weigh-6] [INFO] [1732079812.639823252] [node_io_weigh]: ---- Server Server Module_Input.node_io_weigh: Enable PIN: 1. Disable PIN: 1 ----
1732079812.6432376 [node_io_servo-4] [INFO] [1732079812.642396043] [node_io_servo]: ---- Server Server Module_Input.node_io_servo: TBDT PIN: 1. QA PIN: 1.  Diff PIN: 1----
1732079812.9509377 [module_supervisor-1] [INFO] [1732079812.949940361] [Module_Supervisor]: ---- Supervisor: Connect to Module_Scanning&Interface Successfully----
1732079812.9573193 [module_supervisor-1] [INFO] [1732079812.953328077] [Module_Supervisor]: ---- Supervisor: Connect to Module_Input.node Successfully----
1732079812.9592626 [module_supervisor-1] [INFO] [1732079812.957399704] [Module_Supervisor]: ---- Supervisor: Connect to Module_Weigh Successfully----
1732079812.9633512 [module_supervisor-1] [INFO] [1732079812.961847302] [Module_Supervisor]: ---- Supervisor: Connect to Module_Motor.node_dc_motor Successfully----
1732079812.9686074 [module_supervisor-1] [INFO] [1732079812.966710280] [Module_Supervisor]: ---- Supervisor: Connect to Module_Input.node_io_servo Successfully----
1732079812.9738131 [module_supervisor-1] [INFO] [1732079812.971647182] [Module_Supervisor]: ---- Supervisor: Connect to Module_Send_Email Successfully----
1732079812.9893498 [node_io_weigh-6] [INFO] [1732079812.987073744] [node_io_weigh]: ---- Server Server Module_Input.node_io_weigh: Enable PIN: 1. Disable PIN: 1 ----
1732079812.9986134 [node_io_servo-4] [INFO] [1732079812.997641513] [node_io_servo]: ---- Server Server Module_Input.node_io_servo: TBDT PIN: 1. QA PIN: 1.  Diff PIN: 1----
1732079813.3367033 [node_io_weigh-6] [INFO] [1732079813.335797194] [node_io_weigh]: ---- Server Server Module_Input.node_io_weigh: Enable PIN: 1. Disable PIN: 1 ----
1732079813.3556151 [node_io_servo-4] [INFO] [1732079813.353685124] [node_io_servo]: ---- Server Server Module_Input.node_io_servo: TBDT PIN: 1. QA PIN: 1.  Diff PIN: 1----
1732079813.4815323 [module_scanning_interface-2] /home/tomccd/Documents/Code/Python/DATN/install/module_scanning_interface/lib/python3.12/site-packages/module_scanning_interface/module_scanning_interface.py:338: UserWarning: pandas only supports SQLAlchemy connectable (engine/connection) or database string URI or sqlite3 DBAPI2 connection. Other DBAPI2 objects are not tested. Please consider using SQLAlchemy.
1732079813.4820065 [module_scanning_interface-2]   df = pd.read_sql(sql_query,self.conn)
1732079813.5084858 [module_scanning_interface-2] /home/tomccd/Documents/Code/Python/DATN/install/module_scanning_interface/lib/python3.12/site-packages/module_scanning_interface/module_scanning_interface.py:346: UserWarning: pandas only supports SQLAlchemy connectable (engine/connection) or database string URI or sqlite3 DBAPI2 connection. Other DBAPI2 objects are not tested. Please consider using SQLAlchemy.
1732079813.5090311 [module_scanning_interface-2]   df = pd.read_sql(sql_query,self.conn)
1732079813.5416064 [module_scanning_interface-2] [INFO] [1732079813.539969494] [module_scanning_interface]: Data Collect: [['ABCD', 'Khac'], ['NK_S1', 'Quan ao']]
1732079813.6405420 [module_scanning_interface-2] [INFO] [1732079813.639398651] [module_scanning_interface]: Data Collect: [['ABCD', 'Khac'], ['NK_S1', 'Quan ao']]
1732079813.6866918 [node_io_weigh-6] [INFO] [1732079813.685830946] [node_io_weigh]: ---- Server Server Module_Input.node_io_weigh: Enable PIN: 1. Disable PIN: 1 ----
1732079813.7128444 [node_io_servo-4] [INFO] [1732079813.711504730] [node_io_servo]: ---- Server Server Module_Input.node_io_servo: TBDT PIN: 1. QA PIN: 1.  Diff PIN: 1----
1732079813.7403262 [module_scanning_interface-2] [INFO] [1732079813.739211244] [module_scanning_interface]: Data Collect: [['ABCD', 'Khac'], ['NK_S1', 'Quan ao']]
1732079813.8371658 [module_scanning_interface-2] [INFO] [1732079813.835874781] [module_scanning_interface]: Data Collect: [['ABCD', 'Khac'], ['NK_S1', 'Quan ao']]
1732079813.9301140 [module_scanning_interface-2] [INFO] [1732079813.929022697] [module_scanning_interface]: Data Collect: [['ABCD', 'Khac'], ['NK_S1', 'Quan ao']]
1732079814.0340149 [module_scanning_interface-2] [INFO] [1732079814.032762476] [module_scanning_interface]: Data Collect: [['ABCD', 'Khac'], ['NK_S1', 'Quan ao']]
1732079814.0394826 [node_io_weigh-6] [INFO] [1732079814.037952076] [node_io_weigh]: ---- Server Server Module_Input.node_io_weigh: Enable PIN: 1. Disable PIN: 1 ----
1732079814.0694656 [node_io_servo-4] [INFO] [1732079814.066455665] [node_io_servo]: ---- Server Server Module_Input.node_io_servo: TBDT PIN: 1. QA PIN: 1.  Diff PIN: 1----
1732079814.1358943 [module_scanning_interface-2] [INFO] [1732079814.134798742] [module_scanning_interface]: Data Collect: [['ABCD', 'Khac'], ['NK_S1', 'Quan ao']]
1732079814.2405620 [module_scanning_interface-2] [INFO] [1732079814.239362689] [module_scanning_interface]: Data Collect: [['ABCD', 'Khac'], ['NK_S1', 'Quan ao']]
1732079814.3355141 [module_scanning_interface-2] [INFO] [1732079814.334418748] [module_scanning_interface]: Data Collect: [['ABCD', 'Khac'], ['NK_S1', 'Quan ao']]
1732079814.3940232 [node_io_weigh-6] [INFO] [1732079814.386270898] [node_io_weigh]: ---- Server Server Module_Input.node_io_weigh: Enable PIN: 1. Disable PIN: 1 ----
1732079814.4237065 [node_io_servo-4] [INFO] [1732079814.421723694] [node_io_servo]: ---- Server Server Module_Input.node_io_servo: TBDT PIN: 1. QA PIN: 1.  Diff PIN: 1----
1732079814.7381384 [node_io_weigh-6] [INFO] [1732079814.737010830] [node_io_weigh]: ---- Server Server Module_Input.node_io_weigh: Enable PIN: 1. Disable PIN: 1 ----
1732079814.7783010 [node_io_servo-4] [INFO] [1732079814.777029055] [node_io_servo]: ---- Server Server Module_Input.node_io_servo: TBDT PIN: 1. QA PIN: 1.  Diff PIN: 1----
1732079814.9498951 [module_supervisor-1] [INFO] [1732079814.948456817] [Module_Supervisor]: ---- Supervisor: Connect to Module_Scanning&Interface Successfully----
1732079814.9603965 [module_supervisor-1] [INFO] [1732079814.957231111] [Module_Supervisor]: ---- Supervisor: Connect to Module_Input.node Successfully----
1732079814.9646504 [module_supervisor-1] [INFO] [1732079814.963287913] [Module_Supervisor]: ---- Supervisor: Connect to Module_Weigh Successfully----
1732079814.9691825 [module_supervisor-1] [INFO] [1732079814.967368483] [Module_Supervisor]: ---- Supervisor: Connect to Module_Motor.node_dc_motor Successfully----
1732079814.9757450 [module_supervisor-1] [INFO] [1732079814.972404383] [Module_Supervisor]: ---- Supervisor: Connect to Module_Input.node_io_servo Successfully----
1732079814.9818668 [module_supervisor-1] [INFO] [1732079814.980743020] [Module_Supervisor]: ---- Supervisor: Connect to Module_Send_Email Successfully----
1732079815.0895455 [node_io_weigh-6] [INFO] [1732079815.088086330] [node_io_weigh]: ---- Server Server Module_Input.node_io_weigh: Enable PIN: 1. Disable PIN: 1 ----
1732079815.1365030 [node_io_servo-4] [INFO] [1732079815.135550937] [node_io_servo]: ---- Server Server Module_Input.node_io_servo: TBDT PIN: 1. QA PIN: 1.  Diff PIN: 1----
1732079815.4367111 [node_io_weigh-6] [INFO] [1732079815.435885583] [node_io_weigh]: ---- Server Server Module_Input.node_io_weigh: Enable PIN: 1. Disable PIN: 1 ----
1732079815.4908161 [node_io_servo-4] [INFO] [1732079815.489908776] [node_io_servo]: ---- Server Server Module_Input.node_io_servo: TBDT PIN: 1. QA PIN: 1.  Diff PIN: 1----
1732079815.7870421 [node_io_weigh-6] [INFO] [1732079815.786060113] [node_io_weigh]: ---- Server Server Module_Input.node_io_weigh: Enable PIN: 1. Disable PIN: 1 ----
1732079815.8459094 [node_io_servo-4] [INFO] [1732079815.845002542] [node_io_servo]: ---- Server Server Module_Input.node_io_servo: TBDT PIN: 1. QA PIN: 1.  Diff PIN: 1----
1732079816.1391227 [node_io_weigh-6] [INFO] [1732079816.137065534] [node_io_weigh]: ---- Server Server Module_Input.node_io_weigh: Enable PIN: 1. Disable PIN: 1 ----
1732079816.2017164 [node_io_servo-4] [INFO] [1732079816.200517008] [node_io_servo]: ---- Server Server Module_Input.node_io_servo: TBDT PIN: 1. QA PIN: 1.  Diff PIN: 1----
1732079816.4879518 [node_io_weigh-6] [INFO] [1732079816.486456093] [node_io_weigh]: ---- Server Server Module_Input.node_io_weigh: Enable PIN: 1. Disable PIN: 1 ----
1732079816.5612319 [node_io_servo-4] [INFO] [1732079816.559141221] [node_io_servo]: ---- Server Server Module_Input.node_io_servo: TBDT PIN: 1. QA PIN: 1.  Diff PIN: 1----
1732079816.8376052 [node_io_weigh-6] [INFO] [1732079816.835938872] [node_io_weigh]: ---- Server Server Module_Input.node_io_weigh: Enable PIN: 1. Disable PIN: 1 ----
1732079816.9174619 [node_io_servo-4] [INFO] [1732079816.916473427] [node_io_servo]: ---- Server Server Module_Input.node_io_servo: TBDT PIN: 1. QA PIN: 1.  Diff PIN: 1----
1732079816.9501140 [module_supervisor-1] [INFO] [1732079816.948438177] [Module_Supervisor]: ---- Supervisor: Connect to Module_Scanning&Interface Successfully----
1732079816.9532464 [module_supervisor-1] [INFO] [1732079816.951976816] [Module_Supervisor]: ---- Supervisor: Connect to Module_Input.node Successfully----
1732079816.9589152 [module_supervisor-1] [INFO] [1732079816.955458956] [Module_Supervisor]: ---- Supervisor: Connect to Module_Weigh Successfully----
1732079816.9606009 [module_supervisor-1] [INFO] [1732079816.959348402] [Module_Supervisor]: ---- Supervisor: Connect to Module_Motor.node_dc_motor Successfully----
1732079816.9690926 [module_supervisor-1] [INFO] [1732079816.963086740] [Module_Supervisor]: ---- Supervisor: Connect to Module_Input.node_io_servo Successfully----
1732079816.9735537 [module_supervisor-1] [INFO] [1732079816.968551353] [Module_Supervisor]: ---- Supervisor: Connect to Module_Send_Email Successfully----
1732079817.1884570 [node_io_weigh-6] [INFO] [1732079817.187142006] [node_io_weigh]: ---- Server Server Module_Input.node_io_weigh: Enable PIN: 1. Disable PIN: 1 ----
1732079817.2719104 [node_io_servo-4] [INFO] [1732079817.270993781] [node_io_servo]: ---- Server Server Module_Input.node_io_servo: TBDT PIN: 1. QA PIN: 1.  Diff PIN: 1----
1732079817.5390246 [node_io_weigh-6] [INFO] [1732079817.537351630] [node_io_weigh]: ---- Server Server Module_Input.node_io_weigh: Enable PIN: 1. Disable PIN: 1 ----
1732079817.6266556 [node_io_servo-4] [INFO] [1732079817.625752188] [node_io_servo]: ---- Server Server Module_Input.node_io_servo: TBDT PIN: 1. QA PIN: 1.  Diff PIN: 1----
1732079817.8875549 [node_io_weigh-6] [INFO] [1732079817.886597185] [node_io_weigh]: ---- Server Server Module_Input.node_io_weigh: Enable PIN: 1. Disable PIN: 1 ----
1732079817.9823213 [node_io_servo-4] [INFO] [1732079817.981228004] [node_io_servo]: ---- Server Server Module_Input.node_io_servo: TBDT PIN: 1. QA PIN: 1.  Diff PIN: 1----
1732079818.2379491 [node_io_weigh-6] [INFO] [1732079818.236894889] [node_io_weigh]: ---- Server Server Module_Input.node_io_weigh: Enable PIN: 1. Disable PIN: 1 ----
1732079818.3385890 [node_io_servo-4] [INFO] [1732079818.336678219] [node_io_servo]: ---- Server Server Module_Input.node_io_servo: TBDT PIN: 1. QA PIN: 1.  Diff PIN: 1----
1732079818.5888855 [node_io_weigh-6] [INFO] [1732079818.587254520] [node_io_weigh]: ---- Server Server Module_Input.node_io_weigh: Enable PIN: 1. Disable PIN: 1 ----
1732079818.6972020 [node_io_servo-4] [INFO] [1732079818.696109231] [node_io_servo]: ---- Server Server Module_Input.node_io_servo: TBDT PIN: 1. QA PIN: 1.  Diff PIN: 1----
1732079818.9370563 [node_io_weigh-6] [INFO] [1732079818.936182519] [node_io_weigh]: ---- Server Server Module_Input.node_io_weigh: Enable PIN: 1. Disable PIN: 1 ----
1732079818.9527006 [module_supervisor-1] [INFO] [1732079818.951691508] [Module_Supervisor]: ---- Supervisor: Connect to Module_Scanning&Interface Successfully----
1732079818.9562650 [module_supervisor-1] [INFO] [1732079818.955169019] [Module_Supervisor]: ---- Supervisor: Connect to Module_Input.node Successfully----
1732079818.9596162 [module_supervisor-1] [INFO] [1732079818.958537792] [Module_Supervisor]: ---- Supervisor: Connect to Module_Weigh Successfully----
1732079818.9637125 [module_supervisor-1] [INFO] [1732079818.962507088] [Module_Supervisor]: ---- Supervisor: Connect to Module_Motor.node_dc_motor Successfully----
1732079818.9684269 [module_supervisor-1] [INFO] [1732079818.967059278] [Module_Supervisor]: ---- Supervisor: Connect to Module_Input.node_io_servo Successfully----
1732079818.9731998 [module_supervisor-1] [INFO] [1732079818.971362177] [Module_Supervisor]: ---- Supervisor: Connect to Module_Send_Email Successfully----
1732079819.0517545 [node_io_servo-4] [INFO] [1732079819.050884335] [node_io_servo]: ---- Server Server Module_Input.node_io_servo: TBDT PIN: 1. QA PIN: 1.  Diff PIN: 1----
1732079819.2880335 [node_io_weigh-6] [INFO] [1732079819.287045388] [node_io_weigh]: ---- Server Server Module_Input.node_io_weigh: Enable PIN: 1. Disable PIN: 1 ----
1732079819.4075501 [node_io_servo-4] [INFO] [1732079819.406385006] [node_io_servo]: ---- Server Server Module_Input.node_io_servo: TBDT PIN: 1. QA PIN: 1.  Diff PIN: 1----
1732079819.6379902 [node_io_weigh-6] [INFO] [1732079819.637090149] [node_io_weigh]: ---- Server Server Module_Input.node_io_weigh: Enable PIN: 1. Disable PIN: 1 ----
1732079819.7633917 [node_io_servo-4] [INFO] [1732079819.762233335] [node_io_servo]: ---- Server Server Module_Input.node_io_servo: TBDT PIN: 1. QA PIN: 1.  Diff PIN: 1----
1732079819.9893386 [node_io_weigh-6] [INFO] [1732079819.988267995] [node_io_weigh]: ---- Server Server Module_Input.node_io_weigh: Enable PIN: 0. Disable PIN: 1 ----
1732079820.1070535 [module_weigh-7] [INFO] [1732079820.101003159] [module_weigh]: ---- Server Module Weigh Receive Message: True ----
1732079820.1215708 [node_io_servo-4] [INFO] [1732079820.119124884] [node_io_servo]: ---- Server Server Module_Input.node_io_servo: TBDT PIN: 1. QA PIN: 1.  Diff PIN: 1----
1732079820.3395877 [node_io_weigh-6] [INFO] [1732079820.336624065] [node_io_weigh]: ---- Server Server Module_Input.node_io_weigh: Enable PIN: 1. Disable PIN: 0 ----
1732079820.4776614 [node_io_servo-4] [INFO] [1732079820.476566297] [node_io_servo]: ---- Server Server Module_Input.node_io_servo: TBDT PIN: 1. QA PIN: 1.  Diff PIN: 1----
1732079820.6865609 [node_io_weigh-6] [INFO] [1732079820.685707729] [node_io_weigh]: ---- Server Server Module_Input.node_io_weigh: Enable PIN: 1. Disable PIN: 0 ----
1732079820.8378215 [node_io_servo-4] [INFO] [1732079820.836874070] [node_io_servo]: ---- Server Server Module_Input.node_io_servo: TBDT PIN: 1. QA PIN: 1.  Diff PIN: 1----
1732079820.9530256 [module_supervisor-1] [INFO] [1732079820.949881358] [Module_Supervisor]: ---- Supervisor: Connect to Module_Scanning&Interface Successfully----
1732079820.9651496 [module_supervisor-1] [INFO] [1732079820.962396917] [Module_Supervisor]: ---- Supervisor: Connect to Module_Input.node Successfully----
1732079820.9786894 [module_supervisor-1] [INFO] [1732079820.975570017] [Module_Supervisor]: ---- Supervisor: Connect to Module_Weigh Successfully----
1732079821.0033386 [module_supervisor-1] [INFO] [1732079820.978966401] [Module_Supervisor]: ---- Supervisor: Connect to Module_Motor.node_dc_motor Successfully----
1732079821.0064538 [module_supervisor-1] [INFO] [1732079820.983949173] [Module_Supervisor]: ---- Supervisor: Connect to Module_Input.node_io_servo Successfully----
1732079821.0069327 [module_supervisor-1] [INFO] [1732079820.987544923] [Module_Supervisor]: ---- Supervisor: Connect to Module_Send_Email Successfully----
1732079821.0438695 [node_io_weigh-6] [INFO] [1732079821.042487197] [node_io_weigh]: ---- Server Server Module_Input.node_io_weigh: Enable PIN: 1. Disable PIN: 1 ----
1732079821.0762389 [module_weigh-7] [INFO] [1732079821.073973740] [module_weigh]: ---- Server Module Weigh Receive Message: False ----
1732079821.1921675 [node_io_servo-4] [INFO] [1732079821.191168082] [node_io_servo]: ---- Server Server Module_Input.node_io_servo: TBDT PIN: 1. QA PIN: 1.  Diff PIN: 1----
1732079821.3291802 [module_weigh-7] [INFO] [1732079821.327021006] [module_weigh]: --- Server Module_Weigh Max: 100.5
1732079821.3501976 [module_scanning_interface-2] [INFO] [1732079821.348533023] [module_scanning_interface]: Data Collect: [['ABCD', 'Khac', 100.5], ['NK_S1', 'Quan ao']]
1732079821.3951821 [node_io_weigh-6] [INFO] [1732079821.394257198] [node_io_weigh]: ---- Server Server Module_Input.node_io_weigh: Enable PIN: 1. Disable PIN: 1 ----
1732079821.5470083 [node_io_servo-4] [INFO] [1732079821.545889884] [node_io_servo]: ---- Server Server Module_Input.node_io_servo: TBDT PIN: 1. QA PIN: 1.  Diff PIN: 1----
1732079821.7406919 [node_io_weigh-6] [INFO] [1732079821.739363818] [node_io_weigh]: ---- Server Server Module_Input.node_io_weigh: Enable PIN: 0. Disable PIN: 1 ----
1732079821.7464218 [module_weigh-7] [INFO] [1732079821.745398066] [module_weigh]: ---- Server Module Weigh Receive Message: True ----
1732079821.9074895 [node_io_servo-4] [INFO] [1732079821.906508698] [node_io_servo]: ---- Server Server Module_Input.node_io_servo: TBDT PIN: 1. QA PIN: 1.  Diff PIN: 1----
1732079822.0866413 [node_io_weigh-6] [INFO] [1732079822.085657190] [node_io_weigh]: ---- Server Server Module_Input.node_io_weigh: Enable PIN: 1. Disable PIN: 0 ----
1732079822.0926251 [module_weigh-7] [INFO] [1732079822.091267504] [module_weigh]: ---- Server Module Weigh Receive Message: False ----
1732079822.1798112 [module_weigh-7] [INFO] [1732079822.178920648] [module_weigh]: --- Server Module_Weigh Max: 98.68
1732079822.2156248 [module_scanning_interface-2] [INFO] [1732079822.214407358] [module_scanning_interface]: Data Collect: [['ABCD', 'Khac', 100.5], ['NK_S1', 'Quan ao', 98.68000030517578]]
1732079822.2620330 [node_io_servo-4] [INFO] [1732079822.261033698] [node_io_servo]: ---- Server Server Module_Input.node_io_servo: TBDT PIN: 0. QA PIN: 1.  Diff PIN: 1----
1732079822.2979386 [module_scanning_interface-2] [INFO] [1732079822.296870401] [module_scanning_interface]: ---- Module_Scanning_Interface: Type Product: Khac
1732079822.3030572 [node_dc_servo-3] [INFO] [1732079822.301914209] [node_servo_motor]: ---- Node_DC_Servo: Rotate Servo TBDT AVD ----
1732079822.4370937 [node_io_weigh-6] [INFO] [1732079822.436199841] [node_io_weigh]: ---- Server Server Module_Input.node_io_weigh: Enable PIN: 1. Disable PIN: 0 ----
1732079822.6173244 [node_io_servo-4] [INFO] [1732079822.616270000] [node_io_servo]: ---- Server Server Module_Input.node_io_servo: TBDT PIN: 0. QA PIN: 1.  Diff PIN: 1----
1732079822.6227098 [module_scanning_interface-2] [INFO] [1732079822.621306920] [module_scanning_interface]: ---- Module_Scanning_Interface: Type Product: Khac
1732079822.6304181 [node_dc_servo-3] [INFO] [1732079822.628000005] [node_servo_motor]: ---- Node_DC_Servo: Rotate Servo TBDT AVD ----
1732079822.7866805 [node_io_weigh-6] [INFO] [1732079822.785852773] [node_io_weigh]: ---- Server Server Module_Input.node_io_weigh: Enable PIN: 1. Disable PIN: 1 ----
1732079822.9494927 [module_supervisor-1] [INFO] [1732079822.948163660] [Module_Supervisor]: ---- Supervisor: Connect to Module_Scanning&Interface Successfully----
1732079822.9539645 [module_supervisor-1] [INFO] [1732079822.951340438] [Module_Supervisor]: ---- Supervisor: Connect to Module_Input.node Successfully----
1732079822.9572148 [module_supervisor-1] [INFO] [1732079822.954800635] [Module_Supervisor]: ---- Supervisor: Connect to Module_Weigh Successfully----
1732079822.9633818 [module_supervisor-1] [INFO] [1732079822.959629856] [Module_Supervisor]: ---- Supervisor: Connect to Module_Motor.node_dc_motor Successfully----
1732079822.9694824 [module_supervisor-1] [INFO] [1732079822.967551634] [Module_Supervisor]: ---- Supervisor: Connect to Module_Input.node_io_servo Successfully----
1732079822.9749460 [module_supervisor-1] [INFO] [1732079822.972566129] [Module_Supervisor]: ---- Supervisor: Connect to Module_Send_Email Successfully----
1732079822.9782050 [node_io_servo-4] [INFO] [1732079822.972683052] [node_io_servo]: ---- Server Server Module_Input.node_io_servo: TBDT PIN: 1. QA PIN: 1.  Diff PIN: 1----
1732079823.1377630 [node_io_weigh-6] [INFO] [1732079823.136895788] [node_io_weigh]: ---- Server Server Module_Input.node_io_weigh: Enable PIN: 1. Disable PIN: 1 ----
1732079823.3290226 [node_io_servo-4] [INFO] [1732079823.327978214] [node_io_servo]: ---- Server Server Module_Input.node_io_servo: TBDT PIN: 1. QA PIN: 1.  Diff PIN: 1----
1732079823.4867516 [node_io_weigh-6] [INFO] [1732079823.485907541] [node_io_weigh]: ---- Server Server Module_Input.node_io_weigh: Enable PIN: 1. Disable PIN: 1 ----
1732079823.6874764 [node_io_servo-4] [INFO] [1732079823.686490839] [node_io_servo]: ---- Server Server Module_Input.node_io_servo: TBDT PIN: 1. QA PIN: 1.  Diff PIN: 1----
1732079823.8381453 [node_io_weigh-6] [INFO] [1732079823.836876082] [node_io_weigh]: ---- Server Server Module_Input.node_io_weigh: Enable PIN: 1. Disable PIN: 1 ----
1732079824.0415950 [node_io_servo-4] [INFO] [1732079824.040730583] [node_io_servo]: ---- Server Server Module_Input.node_io_servo: TBDT PIN: 1. QA PIN: 1.  Diff PIN: 1----
1732079824.1892588 [node_io_weigh-6] [INFO] [1732079824.187167108] [node_io_weigh]: ---- Server Server Module_Input.node_io_weigh: Enable PIN: 1. Disable PIN: 1 ----
1732079824.3989506 [node_io_servo-4] [INFO] [1732079824.397563888] [node_io_servo]: ---- Server Server Module_Input.node_io_servo: TBDT PIN: 0. QA PIN: 1.  Diff PIN: 1----
1732079824.4061241 [module_scanning_interface-2] [INFO] [1732079824.404988067] [module_scanning_interface]: ---- Module_Scanning_Interface: Type Product: Khac
1732079824.4123249 [node_dc_servo-3] [INFO] [1732079824.411248977] [node_servo_motor]: ---- Node_DC_Servo: Rotate Servo TBDT AVD ----
1732079824.5369973 [node_io_weigh-6] [INFO] [1732079824.536090152] [node_io_weigh]: ---- Server Server Module_Input.node_io_weigh: Enable PIN: 1. Disable PIN: 1 ----
1732079824.7563882 [node_io_servo-4] [INFO] [1732079824.755375688] [node_io_servo]: ---- Server Server Module_Input.node_io_servo: TBDT PIN: 1. QA PIN: 1.  Diff PIN: 1----
1732079824.8905299 [node_io_weigh-6] [INFO] [1732079824.887738984] [node_io_weigh]: ---- Server Server Module_Input.node_io_weigh: Enable PIN: 1. Disable PIN: 1 ----
1732079824.9505370 [module_supervisor-1] [INFO] [1732079824.949274647] [Module_Supervisor]: ---- Supervisor: Connect to Module_Scanning&Interface Successfully----
1732079824.9568441 [module_supervisor-1] [INFO] [1732079824.955633092] [Module_Supervisor]: ---- Supervisor: Connect to Module_Input.node Successfully----
1732079824.9626675 [module_supervisor-1] [INFO] [1732079824.961761690] [Module_Supervisor]: ---- Supervisor: Connect to Module_Weigh Successfully----
1732079824.9660578 [module_supervisor-1] [INFO] [1732079824.965108057] [Module_Supervisor]: ---- Supervisor: Connect to Module_Motor.node_dc_motor Successfully----
1732079824.9691966 [module_supervisor-1] [INFO] [1732079824.968338278] [Module_Supervisor]: ---- Supervisor: Connect to Module_Input.node_io_servo Successfully----
1732079824.9731414 [module_supervisor-1] [INFO] [1732079824.972102154] [Module_Supervisor]: ---- Supervisor: Connect to Module_Send_Email Successfully----
1732079825.1112289 [node_io_servo-4] [INFO] [1732079825.110252578] [node_io_servo]: ---- Server Server Module_Input.node_io_servo: TBDT PIN: 1. QA PIN: 1.  Diff PIN: 1----
1732079825.2378194 [node_io_weigh-6] [INFO] [1732079825.236370486] [node_io_weigh]: ---- Server Server Module_Input.node_io_weigh: Enable PIN: 1. Disable PIN: 1 ----
1732079825.4663887 [node_io_servo-4] [INFO] [1732079825.465437839] [node_io_servo]: ---- Server Server Module_Input.node_io_servo: TBDT PIN: 1. QA PIN: 1.  Diff PIN: 1----
1732079825.5882373 [node_io_weigh-6] [INFO] [1732079825.587266143] [node_io_weigh]: ---- Server Server Module_Input.node_io_weigh: Enable PIN: 1. Disable PIN: 1 ----
1732079825.8206391 [node_io_servo-4] [INFO] [1732079825.819638623] [node_io_servo]: ---- Server Server Module_Input.node_io_servo: TBDT PIN: 1. QA PIN: 1.  Diff PIN: 1----
1732079825.9368880 [node_io_weigh-6] [INFO] [1732079825.935960628] [node_io_weigh]: ---- Server Server Module_Input.node_io_weigh: Enable PIN: 1. Disable PIN: 1 ----
1732079826.1756587 [node_io_servo-4] [INFO] [1732079826.174712151] [node_io_servo]: ---- Server Server Module_Input.node_io_servo: TBDT PIN: 1. QA PIN: 1.  Diff PIN: 1----
1732079826.2896547 [node_io_weigh-6] [INFO] [1732079826.288472645] [node_io_weigh]: ---- Server Server Module_Input.node_io_weigh: Enable PIN: 1. Disable PIN: 1 ----
1732079826.5324142 [node_io_servo-4] [INFO] [1732079826.531412035] [node_io_servo]: ---- Server Server Module_Input.node_io_servo: TBDT PIN: 1. QA PIN: 1.  Diff PIN: 1----
1732079826.6384873 [node_io_weigh-6] [INFO] [1732079826.636713040] [node_io_weigh]: ---- Server Server Module_Input.node_io_weigh: Enable PIN: 1. Disable PIN: 1 ----
1732079826.8874407 [node_io_servo-4] [INFO] [1732079826.886015746] [node_io_servo]: ---- Server Server Module_Input.node_io_servo: TBDT PIN: 1. QA PIN: 1.  Diff PIN: 1----
1732079826.9492583 [module_supervisor-1] [INFO] [1732079826.948293489] [Module_Supervisor]: ---- Supervisor: Connect to Module_Scanning&Interface Successfully----
1732079826.9533093 [module_supervisor-1] [INFO] [1732079826.951677114] [Module_Supervisor]: ---- Supervisor: Connect to Module_Input.node Successfully----
1732079826.9565339 [module_supervisor-1] [INFO] [1732079826.955421435] [Module_Supervisor]: ---- Supervisor: Connect to Module_Weigh Successfully----
1732079826.9610744 [module_supervisor-1] [INFO] [1732079826.959881202] [Module_Supervisor]: ---- Supervisor: Connect to Module_Motor.node_dc_motor Successfully----
1732079826.9657521 [module_supervisor-1] [INFO] [1732079826.964241286] [Module_Supervisor]: ---- Supervisor: Connect to Module_Input.node_io_servo Successfully----
1732079826.9696684 [module_supervisor-1] [INFO] [1732079826.968515909] [Module_Supervisor]: ---- Supervisor: Connect to Module_Send_Email Successfully----
1732079826.9889238 [node_io_weigh-6] [INFO] [1732079826.987952329] [node_io_weigh]: ---- Server Server Module_Input.node_io_weigh: Enable PIN: 1. Disable PIN: 1 ----
1732079827.2415209 [node_io_servo-4] [INFO] [1732079827.240645742] [node_io_servo]: ---- Server Server Module_Input.node_io_servo: TBDT PIN: 1. QA PIN: 1.  Diff PIN: 1----
1732079827.3400216 [node_io_weigh-6] [INFO] [1732079827.339013170] [node_io_weigh]: ---- Server Server Module_Input.node_io_weigh: Enable PIN: 1. Disable PIN: 1 ----
1732079827.5956807 [node_io_servo-4] [INFO] [1732079827.594833640] [node_io_servo]: ---- Server Server Module_Input.node_io_servo: TBDT PIN: 1. QA PIN: 1.  Diff PIN: 1----
1732079827.6871686 [node_io_weigh-6] [INFO] [1732079827.686022345] [node_io_weigh]: ---- Server Server Module_Input.node_io_weigh: Enable PIN: 1. Disable PIN: 1 ----
1732079827.9528272 [node_io_servo-4] [INFO] [1732079827.949570840] [node_io_servo]: ---- Server Server Module_Input.node_io_servo: TBDT PIN: 1. QA PIN: 1.  Diff PIN: 1----
1732079828.0399821 [node_io_weigh-6] [INFO] [1732079828.036378184] [node_io_weigh]: ---- Server Server Module_Input.node_io_weigh: Enable PIN: 1. Disable PIN: 1 ----
1732079828.3059573 [node_io_servo-4] [INFO] [1732079828.304954534] [node_io_servo]: ---- Server Server Module_Input.node_io_servo: TBDT PIN: 1. QA PIN: 1.  Diff PIN: 1----
1732079828.3866882 [node_io_weigh-6] [INFO] [1732079828.385868016] [node_io_weigh]: ---- Server Server Module_Input.node_io_weigh: Enable PIN: 1. Disable PIN: 1 ----
1732079828.6611154 [node_io_servo-4] [INFO] [1732079828.659734003] [node_io_servo]: ---- Server Server Module_Input.node_io_servo: TBDT PIN: 1. QA PIN: 1.  Diff PIN: 1----
1732079828.7389107 [node_io_weigh-6] [INFO] [1732079828.737820421] [node_io_weigh]: ---- Server Server Module_Input.node_io_weigh: Enable PIN: 1. Disable PIN: 1 ----
1732079828.9491436 [module_supervisor-1] [INFO] [1732079828.948104229] [Module_Supervisor]: ---- Supervisor: Connect to Module_Scanning&Interface Successfully----
1732079828.9575508 [module_supervisor-1] [INFO] [1732079828.953943983] [Module_Supervisor]: ---- Supervisor: Connect to Module_Input.node Successfully----
1732079828.9680448 [module_supervisor-1] [INFO] [1732079828.961534715] [Module_Supervisor]: ---- Supervisor: Connect to Module_Weigh Successfully----
1732079828.9761934 [module_supervisor-1] [INFO] [1732079828.973091077] [Module_Supervisor]: ---- Supervisor: Connect to Module_Motor.node_dc_motor Successfully----
1732079828.9801257 [module_supervisor-1] [INFO] [1732079828.978120979] [Module_Supervisor]: ---- Supervisor: Connect to Module_Input.node_io_servo Successfully----
1732079828.9919822 [module_supervisor-1] [INFO] [1732079828.990010945] [Module_Supervisor]: ---- Supervisor: Connect to Module_Send_Email Successfully----
1732079829.0159187 [node_io_servo-4] [INFO] [1732079829.014881242] [node_io_servo]: ---- Server Server Module_Input.node_io_servo: TBDT PIN: 1. QA PIN: 1.  Diff PIN: 1----
1732079829.0889525 [node_io_weigh-6] [INFO] [1732079829.087985166] [node_io_weigh]: ---- Server Server Module_Input.node_io_weigh: Enable PIN: 1. Disable PIN: 1 ----
1732079829.3706453 [node_io_servo-4] [INFO] [1732079829.369694554] [node_io_servo]: ---- Server Server Module_Input.node_io_servo: TBDT PIN: 1. QA PIN: 1.  Diff PIN: 1----
1732079829.4366348 [node_io_weigh-6] [INFO] [1732079829.435730289] [node_io_weigh]: ---- Server Server Module_Input.node_io_weigh: Enable PIN: 1. Disable PIN: 1 ----
1732079829.7252669 [node_io_servo-4] [INFO] [1732079829.724231780] [node_io_servo]: ---- Server Server Module_Input.node_io_servo: TBDT PIN: 1. QA PIN: 1.  Diff PIN: 1----
1732079829.7880599 [node_io_weigh-6] [INFO] [1732079829.786930740] [node_io_weigh]: ---- Server Server Module_Input.node_io_weigh: Enable PIN: 1. Disable PIN: 1 ----
1732079830.0793991 [node_io_servo-4] [INFO] [1732079830.078473367] [node_io_servo]: ---- Server Server Module_Input.node_io_servo: TBDT PIN: 1. QA PIN: 1.  Diff PIN: 1----
1732079830.1385074 [node_io_weigh-6] [INFO] [1732079830.137209420] [node_io_weigh]: ---- Server Server Module_Input.node_io_weigh: Enable PIN: 1. Disable PIN: 1 ----
1732079830.4349053 [node_io_servo-4] [INFO] [1732079830.433378020] [node_io_servo]: ---- Server Server Module_Input.node_io_servo: TBDT PIN: 1. QA PIN: 1.  Diff PIN: 1----
1732079830.4869711 [node_io_weigh-6] [INFO] [1732079830.486028918] [node_io_weigh]: ---- Server Server Module_Input.node_io_weigh: Enable PIN: 1. Disable PIN: 1 ----
1732079830.7890062 [node_io_servo-4] [INFO] [1732079830.788005514] [node_io_servo]: ---- Server Server Module_Input.node_io_servo: TBDT PIN: 1. QA PIN: 1.  Diff PIN: 1----
1732079830.8366930 [node_io_weigh-6] [INFO] [1732079830.835826227] [node_io_weigh]: ---- Server Server Module_Input.node_io_weigh: Enable PIN: 1. Disable PIN: 1 ----
1732079830.9496226 [module_supervisor-1] [INFO] [1732079830.948550962] [Module_Supervisor]: ---- Supervisor: Connect to Module_Scanning&Interface Successfully----
1732079830.9527102 [module_supervisor-1] [INFO] [1732079830.951603799] [Module_Supervisor]: ---- Supervisor: Connect to Module_Input.node Successfully----
1732079830.9560757 [module_supervisor-1] [INFO] [1732079830.954998610] [Module_Supervisor]: ---- Supervisor: Connect to Module_Weigh Successfully----
1732079830.9608591 [module_supervisor-1] [INFO] [1732079830.959329158] [Module_Supervisor]: ---- Supervisor: Connect to Module_Motor.node_dc_motor Successfully----
1732079830.9722786 [module_supervisor-1] [INFO] [1732079830.969935099] [Module_Supervisor]: ---- Supervisor: Connect to Module_Input.node_io_servo Successfully----
1732079830.9753909 [module_supervisor-1] [INFO] [1732079830.973738085] [Module_Supervisor]: ---- Supervisor: Connect to Module_Send_Email Successfully----
1732079831.1431766 [node_io_servo-4] [INFO] [1732079831.142251595] [node_io_servo]: ---- Server Server Module_Input.node_io_servo: TBDT PIN: 1. QA PIN: 1.  Diff PIN: 1----
1732079831.1886702 [node_io_weigh-6] [INFO] [1732079831.187687605] [node_io_weigh]: ---- Server Server Module_Input.node_io_weigh: Enable PIN: 1. Disable PIN: 1 ----
1732079831.4975963 [node_io_servo-4] [INFO] [1732079831.496578088] [node_io_servo]: ---- Server Server Module_Input.node_io_servo: TBDT PIN: 1. QA PIN: 1.  Diff PIN: 1----
1732079831.5381205 [node_io_weigh-6] [INFO] [1732079831.537196042] [node_io_weigh]: ---- Server Server Module_Input.node_io_weigh: Enable PIN: 1. Disable PIN: 1 ----
1732079831.8532040 [node_io_servo-4] [INFO] [1732079831.852084035] [node_io_servo]: ---- Server Server Module_Input.node_io_servo: TBDT PIN: 1. QA PIN: 1.  Diff PIN: 1----
1732079831.8866940 [node_io_weigh-6] [INFO] [1732079831.885846757] [node_io_weigh]: ---- Server Server Module_Input.node_io_weigh: Enable PIN: 1. Disable PIN: 1 ----
1732079832.2084634 [node_io_servo-4] [INFO] [1732079832.207452158] [node_io_servo]: ---- Server Server Module_Input.node_io_servo: TBDT PIN: 1. QA PIN: 1.  Diff PIN: 1----
1732079832.2374904 [node_io_weigh-6] [INFO] [1732079832.236612580] [node_io_weigh]: ---- Server Server Module_Input.node_io_weigh: Enable PIN: 1. Disable PIN: 1 ----
1732079832.5631294 [node_io_servo-4] [INFO] [1732079832.561987360] [node_io_servo]: ---- Server Server Module_Input.node_io_servo: TBDT PIN: 1. QA PIN: 1.  Diff PIN: 1----
1732079832.5892119 [node_io_weigh-6] [INFO] [1732079832.588291607] [node_io_weigh]: ---- Server Server Module_Input.node_io_weigh: Enable PIN: 1. Disable PIN: 1 ----
1732079832.9197307 [node_io_servo-4] [INFO] [1732079832.918825990] [node_io_servo]: ---- Server Server Module_Input.node_io_servo: TBDT PIN: 1. QA PIN: 1.  Diff PIN: 1----
1732079832.9388249 [node_io_weigh-6] [INFO] [1732079832.937835701] [node_io_weigh]: ---- Server Server Module_Input.node_io_weigh: Enable PIN: 1. Disable PIN: 1 ----
1732079832.9512129 [module_supervisor-1] [INFO] [1732079832.949577469] [Module_Supervisor]: ---- Supervisor: Connect to Module_Scanning&Interface Successfully----
1732079832.9592192 [module_supervisor-1] [INFO] [1732079832.953472398] [Module_Supervisor]: ---- Supervisor: Connect to Module_Input.node Successfully----
1732079832.9658284 [module_supervisor-1] [INFO] [1732079832.962301213] [Module_Supervisor]: ---- Supervisor: Connect to Module_Weigh Successfully----
1732079832.9673789 [module_supervisor-1] [INFO] [1732079832.965670025] [Module_Supervisor]: ---- Supervisor: Connect to Module_Motor.node_dc_motor Successfully----
1732079832.9727287 [module_supervisor-1] [INFO] [1732079832.969630674] [Module_Supervisor]: ---- Supervisor: Connect to Module_Input.node_io_servo Successfully----
1732079832.9812624 [module_supervisor-1] [INFO] [1732079832.975030013] [Module_Supervisor]: ---- Supervisor: Connect to Module_Send_Email Successfully----
1732079833.2746389 [node_io_servo-4] [INFO] [1732079833.273795987] [node_io_servo]: ---- Server Server Module_Input.node_io_servo: TBDT PIN: 1. QA PIN: 1.  Diff PIN: 1----
1732079833.2904956 [node_io_weigh-6] [INFO] [1732079833.285951430] [node_io_weigh]: ---- Server Server Module_Input.node_io_weigh: Enable PIN: 1. Disable PIN: 1 ----
1732079833.6318467 [node_io_servo-4] [INFO] [1732079833.630766218] [node_io_servo]: ---- Server Server Module_Input.node_io_servo: TBDT PIN: 1. QA PIN: 1.  Diff PIN: 1----
1732079833.6376858 [node_io_weigh-6] [INFO] [1732079833.636705729] [node_io_weigh]: ---- Server Server Module_Input.node_io_weigh: Enable PIN: 1. Disable PIN: 1 ----
1732079833.9882486 [node_io_servo-4] [INFO] [1732079833.986303333] [node_io_servo]: ---- Server Server Module_Input.node_io_servo: TBDT PIN: 1. QA PIN: 1.  Diff PIN: 1----
1732079833.9905787 [node_io_weigh-6] [INFO] [1732079833.987632043] [node_io_weigh]: ---- Server Server Module_Input.node_io_weigh: Enable PIN: 1. Disable PIN: 1 ----
1732079834.3369179 [node_io_weigh-6] [INFO] [1732079834.335980667] [node_io_weigh]: ---- Server Server Module_Input.node_io_weigh: Enable PIN: 1. Disable PIN: 1 ----
1732079834.3446193 [node_io_servo-4] [INFO] [1732079834.343704398] [node_io_servo]: ---- Server Server Module_Input.node_io_servo: TBDT PIN: 1. QA PIN: 1.  Diff PIN: 1----
1732079834.6865938 [node_io_weigh-6] [INFO] [1732079834.685751296] [node_io_weigh]: ---- Server Server Module_Input.node_io_weigh: Enable PIN: 1. Disable PIN: 1 ----
1732079834.7120950 [node_io_servo-4] [INFO] [1732079834.703457001] [node_io_servo]: ---- Server Server Module_Input.node_io_servo: TBDT PIN: 1. QA PIN: 1.  Diff PIN: 1----
1732079834.9493439 [module_supervisor-1] [INFO] [1732079834.948342479] [Module_Supervisor]: ---- Supervisor: Connect to Module_Scanning&Interface Successfully----
1732079834.9525476 [module_supervisor-1] [INFO] [1732079834.951521443] [Module_Supervisor]: ---- Supervisor: Connect to Module_Input.node Successfully----
1732079834.9595811 [module_supervisor-1] [INFO] [1732079834.958373749] [Module_Supervisor]: ---- Supervisor: Connect to Module_Weigh Successfully----
1732079834.9672072 [module_supervisor-1] [INFO] [1732079834.965253777] [Module_Supervisor]: ---- Supervisor: Connect to Module_Motor.node_dc_motor Successfully----
1732079834.9734695 [module_supervisor-1] [INFO] [1732079834.970963942] [Module_Supervisor]: ---- Supervisor: Connect to Module_Input.node_io_servo Successfully----
1732079834.9807668 [module_supervisor-1] [INFO] [1732079834.979556671] [Module_Supervisor]: ---- Supervisor: Connect to Module_Send_Email Successfully----
1732079835.0396087 [node_io_weigh-6] [INFO] [1732079835.036985559] [node_io_weigh]: ---- Server Server Module_Input.node_io_weigh: Enable PIN: 1. Disable PIN: 1 ----
1732079835.0657439 [node_io_servo-4] [INFO] [1732079835.063582487] [node_io_servo]: ---- Server Server Module_Input.node_io_servo: TBDT PIN: 1. QA PIN: 1.  Diff PIN: 1----
1732079835.3888242 [node_io_weigh-6] [INFO] [1732079835.387332962] [node_io_weigh]: ---- Server Server Module_Input.node_io_weigh: Enable PIN: 1. Disable PIN: 1 ----
1732079835.4226248 [node_io_servo-4] [INFO] [1732079835.419177900] [node_io_servo]: ---- Server Server Module_Input.node_io_servo: TBDT PIN: 1. QA PIN: 1.  Diff PIN: 1----
1732079835.7376165 [node_io_weigh-6] [INFO] [1732079835.736718166] [node_io_weigh]: ---- Server Server Module_Input.node_io_weigh: Enable PIN: 1. Disable PIN: 1 ----
1732079835.7763405 [node_io_servo-4] [INFO] [1732079835.775197340] [node_io_servo]: ---- Server Server Module_Input.node_io_servo: TBDT PIN: 1. QA PIN: 1.  Diff PIN: 1----
1732079836.0870569 [node_io_weigh-6] [INFO] [1732079836.085936598] [node_io_weigh]: ---- Server Server Module_Input.node_io_weigh: Enable PIN: 1. Disable PIN: 1 ----
1732079836.1307294 [node_io_servo-4] [INFO] [1732079836.129647061] [node_io_servo]: ---- Server Server Module_Input.node_io_servo: TBDT PIN: 1. QA PIN: 1.  Diff PIN: 1----
1732079836.4380467 [node_io_weigh-6] [INFO] [1732079836.437084493] [node_io_weigh]: ---- Server Server Module_Input.node_io_weigh: Enable PIN: 1. Disable PIN: 1 ----
1732079836.4867041 [node_io_servo-4] [INFO] [1732079836.484565482] [node_io_servo]: ---- Server Server Module_Input.node_io_servo: TBDT PIN: 1. QA PIN: 1.  Diff PIN: 1----
1732079836.7870810 [node_io_weigh-6] [INFO] [1732079836.786026940] [node_io_weigh]: ---- Server Server Module_Input.node_io_weigh: Enable PIN: 1. Disable PIN: 1 ----
1732079836.8403902 [node_io_servo-4] [INFO] [1732079836.839404071] [node_io_servo]: ---- Server Server Module_Input.node_io_servo: TBDT PIN: 1. QA PIN: 1.  Diff PIN: 1----
1732079836.9491951 [module_supervisor-1] [INFO] [1732079836.948243767] [Module_Supervisor]: ---- Supervisor: Connect to Module_Scanning&Interface Successfully----
1732079836.9522090 [module_supervisor-1] [INFO] [1732079836.951252550] [Module_Supervisor]: ---- Supervisor: Connect to Module_Input.node Successfully----
1732079836.9558568 [module_supervisor-1] [INFO] [1732079836.954530605] [Module_Supervisor]: ---- Supervisor: Connect to Module_Weigh Successfully----
1732079836.9596543 [module_supervisor-1] [INFO] [1732079836.958536735] [Module_Supervisor]: ---- Supervisor: Connect to Module_Motor.node_dc_motor Successfully----
1732079836.9699249 [module_supervisor-1] [INFO] [1732079836.967902280] [Module_Supervisor]: ---- Supervisor: Connect to Module_Input.node_io_servo Successfully----
1732079836.9734075 [module_supervisor-1] [INFO] [1732079836.971622343] [Module_Supervisor]: ---- Supervisor: Connect to Module_Send_Email Successfully----
1732079837.1379941 [node_io_weigh-6] [INFO] [1732079837.137132099] [node_io_weigh]: ---- Server Server Module_Input.node_io_weigh: Enable PIN: 1. Disable PIN: 1 ----
1732079837.1987114 [node_io_servo-4] [INFO] [1732079837.197841787] [node_io_servo]: ---- Server Server Module_Input.node_io_servo: TBDT PIN: 1. QA PIN: 1.  Diff PIN: 1----
1732079837.4874012 [node_io_weigh-6] [INFO] [1732079837.486495287] [node_io_weigh]: ---- Server Server Module_Input.node_io_weigh: Enable PIN: 1. Disable PIN: 1 ----
1732079837.5545642 [node_io_servo-4] [INFO] [1732079837.553475646] [node_io_servo]: ---- Server Server Module_Input.node_io_servo: TBDT PIN: 1. QA PIN: 1.  Diff PIN: 1----
1732079837.8367360 [node_io_weigh-6] [INFO] [1732079837.835857011] [node_io_weigh]: ---- Server Server Module_Input.node_io_weigh: Enable PIN: 1. Disable PIN: 1 ----
1732079837.9109735 [node_io_servo-4] [INFO] [1732079837.908941287] [node_io_servo]: ---- Server Server Module_Input.node_io_servo: TBDT PIN: 1. QA PIN: 1.  Diff PIN: 1----
1732079838.1865921 [node_io_weigh-6] [INFO] [1732079838.185683268] [node_io_weigh]: ---- Server Server Module_Input.node_io_weigh: Enable PIN: 1. Disable PIN: 1 ----
1732079838.2663534 [node_io_servo-4] [INFO] [1732079838.265394505] [node_io_servo]: ---- Server Server Module_Input.node_io_servo: TBDT PIN: 1. QA PIN: 1.  Diff PIN: 1----
1732079838.5390697 [node_io_weigh-6] [INFO] [1732079838.537193898] [node_io_weigh]: ---- Server Server Module_Input.node_io_weigh: Enable PIN: 1. Disable PIN: 1 ----
1732079838.6204553 [node_io_servo-4] [INFO] [1732079838.619577575] [node_io_servo]: ---- Server Server Module_Input.node_io_servo: TBDT PIN: 1. QA PIN: 1.  Diff PIN: 1----
1732079838.8867533 [node_io_weigh-6] [INFO] [1732079838.885809187] [node_io_weigh]: ---- Server Server Module_Input.node_io_weigh: Enable PIN: 1. Disable PIN: 1 ----
1732079838.9501753 [module_supervisor-1] [INFO] [1732079838.949039837] [Module_Supervisor]: ---- Supervisor: Connect to Module_Scanning&Interface Successfully----
1732079838.9540884 [module_supervisor-1] [INFO] [1732079838.952322429] [Module_Supervisor]: ---- Supervisor: Connect to Module_Input.node Successfully----
1732079838.9574857 [module_supervisor-1] [INFO] [1732079838.956496075] [Module_Supervisor]: ---- Supervisor: Connect to Module_Weigh Successfully----
1732079838.9634290 [module_supervisor-1] [INFO] [1732079838.960969417] [Module_Supervisor]: ---- Supervisor: Connect to Module_Motor.node_dc_motor Successfully----
1732079838.9702930 [module_supervisor-1] [INFO] [1732079838.969266043] [Module_Supervisor]: ---- Supervisor: Connect to Module_Input.node_io_servo Successfully----
1732079838.9786835 [node_io_servo-4] [INFO] [1732079838.975669693] [node_io_servo]: ---- Server Server Module_Input.node_io_servo: TBDT PIN: 1. QA PIN: 1.  Diff PIN: 1----
1732079838.9846115 [module_supervisor-1] [INFO] [1732079838.977801996] [Module_Supervisor]: ---- Supervisor: Connect to Module_Send_Email Successfully----
1732079839.2373447 [node_io_weigh-6] [INFO] [1732079839.236452955] [node_io_weigh]: ---- Server Server Module_Input.node_io_weigh: Enable PIN: 1. Disable PIN: 1 ----
1732079839.3362525 [node_io_servo-4] [INFO] [1732079839.334658255] [node_io_servo]: ---- Server Server Module_Input.node_io_servo: TBDT PIN: 1. QA PIN: 1.  Diff PIN: 1----
1732079839.5878997 [node_io_weigh-6] [INFO] [1732079839.586765012] [node_io_weigh]: ---- Server Server Module_Input.node_io_weigh: Enable PIN: 1. Disable PIN: 1 ----
1732079839.6924348 [node_io_servo-4] [INFO] [1732079839.691092802] [node_io_servo]: ---- Server Server Module_Input.node_io_servo: TBDT PIN: 1. QA PIN: 1.  Diff PIN: 1----
1732079839.9382768 [node_io_weigh-6] [INFO] [1732079839.937374377] [node_io_weigh]: ---- Server Server Module_Input.node_io_weigh: Enable PIN: 1. Disable PIN: 1 ----
1732079840.0465765 [node_io_servo-4] [INFO] [1732079840.045577580] [node_io_servo]: ---- Server Server Module_Input.node_io_servo: TBDT PIN: 1. QA PIN: 1.  Diff PIN: 1----
1732079840.2867124 [node_io_weigh-6] [INFO] [1732079840.285853780] [node_io_weigh]: ---- Server Server Module_Input.node_io_weigh: Enable PIN: 1. Disable PIN: 1 ----
1732079840.4006388 [node_io_servo-4] [INFO] [1732079840.399814261] [node_io_servo]: ---- Server Server Module_Input.node_io_servo: TBDT PIN: 1. QA PIN: 1.  Diff PIN: 1----
1732079840.6382420 [node_io_weigh-6] [INFO] [1732079840.637102844] [node_io_weigh]: ---- Server Server Module_Input.node_io_weigh: Enable PIN: 1. Disable PIN: 1 ----
1732079840.7567449 [node_io_servo-4] [INFO] [1732079840.755462410] [node_io_servo]: ---- Server Server Module_Input.node_io_servo: TBDT PIN: 1. QA PIN: 1.  Diff PIN: 1----
1732079840.9494307 [module_supervisor-1] [INFO] [1732079840.948473260] [Module_Supervisor]: ---- Supervisor: Connect to Module_Scanning&Interface Successfully----
1732079840.9525392 [module_supervisor-1] [INFO] [1732079840.951479951] [Module_Supervisor]: ---- Supervisor: Connect to Module_Input.node Successfully----
1732079840.9586153 [module_supervisor-1] [INFO] [1732079840.957067601] [Module_Supervisor]: ---- Supervisor: Connect to Module_Weigh Successfully----
1732079840.9684913 [module_supervisor-1] [INFO] [1732079840.967133539] [Module_Supervisor]: ---- Supervisor: Connect to Module_Motor.node_dc_motor Successfully----
1732079840.9749515 [module_supervisor-1] [INFO] [1732079840.973073478] [Module_Supervisor]: ---- Supervisor: Connect to Module_Input.node_io_servo Successfully----
1732079840.9901676 [node_io_weigh-6] [INFO] [1732079840.987940788] [node_io_weigh]: ---- Server Server Module_Input.node_io_weigh: Enable PIN: 1. Disable PIN: 1 ----
1732079840.9994445 [module_supervisor-1] [INFO] [1732079840.988245651] [Module_Supervisor]: ---- Supervisor: Connect to Module_Send_Email Successfully----
1732079841.1119022 [node_io_servo-4] [INFO] [1732079841.110923901] [node_io_servo]: ---- Server Server Module_Input.node_io_servo: TBDT PIN: 1. QA PIN: 1.  Diff PIN: 1----
1732079841.3400064 [node_io_weigh-6] [INFO] [1732079841.338709984] [node_io_weigh]: ---- Server Server Module_Input.node_io_weigh: Enable PIN: 1. Disable PIN: 1 ----
1732079841.4669359 [node_io_servo-4] [INFO] [1732079841.465657914] [node_io_servo]: ---- Server Server Module_Input.node_io_servo: TBDT PIN: 1. QA PIN: 1.  Diff PIN: 1----
1732079841.6865516 [node_io_weigh-6] [INFO] [1732079841.685719544] [node_io_weigh]: ---- Server Server Module_Input.node_io_weigh: Enable PIN: 1. Disable PIN: 1 ----
1732079841.8252676 [node_io_servo-4] [INFO] [1732079841.822287533] [node_io_servo]: ---- Server Server Module_Input.node_io_servo: TBDT PIN: 1. QA PIN: 1.  Diff PIN: 1----
1732079842.0383639 [node_io_weigh-6] [INFO] [1732079842.037233798] [node_io_weigh]: ---- Server Server Module_Input.node_io_weigh: Enable PIN: 1. Disable PIN: 1 ----
1732079842.1776171 [node_io_servo-4] [INFO] [1732079842.176794502] [node_io_servo]: ---- Server Server Module_Input.node_io_servo: TBDT PIN: 1. QA PIN: 1.  Diff PIN: 1----
1732079842.3870058 [node_io_weigh-6] [INFO] [1732079842.386067697] [node_io_weigh]: ---- Server Server Module_Input.node_io_weigh: Enable PIN: 1. Disable PIN: 1 ----
1732079842.5326655 [node_io_servo-4] [INFO] [1732079842.531558118] [node_io_servo]: ---- Server Server Module_Input.node_io_servo: TBDT PIN: 1. QA PIN: 1.  Diff PIN: 1----
1732079842.7366068 [node_io_weigh-6] [INFO] [1732079842.735786557] [node_io_weigh]: ---- Server Server Module_Input.node_io_weigh: Enable PIN: 1. Disable PIN: 1 ----
1732079842.8879042 [node_io_servo-4] [INFO] [1732079842.886454657] [node_io_servo]: ---- Server Server Module_Input.node_io_servo: TBDT PIN: 1. QA PIN: 1.  Diff PIN: 1----
1732079842.9512868 [module_supervisor-1] [INFO] [1732079842.949459375] [Module_Supervisor]: ---- Supervisor: Connect to Module_Scanning&Interface Successfully----
1732079842.9556649 [module_supervisor-1] [INFO] [1732079842.954624184] [Module_Supervisor]: ---- Supervisor: Connect to Module_Input.node Successfully----
1732079842.9604580 [module_supervisor-1] [INFO] [1732079842.958265046] [Module_Supervisor]: ---- Supervisor: Connect to Module_Weigh Successfully----
1732079842.9655390 [module_supervisor-1] [INFO] [1732079842.963413411] [Module_Supervisor]: ---- Supervisor: Connect to Module_Motor.node_dc_motor Successfully----
1732079842.9690838 [module_supervisor-1] [INFO] [1732079842.968089212] [Module_Supervisor]: ---- Supervisor: Connect to Module_Input.node_io_servo Successfully----
1732079842.9757664 [module_supervisor-1] [INFO] [1732079842.973173763] [Module_Supervisor]: ---- Supervisor: Connect to Module_Send_Email Successfully----
1732079843.0885425 [node_io_weigh-6] [INFO] [1732079843.086826205] [node_io_weigh]: ---- Server Server Module_Input.node_io_weigh: Enable PIN: 1. Disable PIN: 1 ----
1732079843.2489622 [node_io_servo-4] [INFO] [1732079843.247938128] [node_io_servo]: ---- Server Server Module_Input.node_io_servo: TBDT PIN: 1. QA PIN: 1.  Diff PIN: 1----
1732079843.4371200 [node_io_weigh-6] [INFO] [1732079843.435956978] [node_io_weigh]: ---- Server Server Module_Input.node_io_weigh: Enable PIN: 1. Disable PIN: 1 ----
1732079843.6050036 [node_io_servo-4] [INFO] [1732079843.603201428] [node_io_servo]: ---- Server Server Module_Input.node_io_servo: TBDT PIN: 1. QA PIN: 1.  Diff PIN: 1----
1732079843.7901709 [node_io_weigh-6] [INFO] [1732079843.787343162] [node_io_weigh]: ---- Server Server Module_Input.node_io_weigh: Enable PIN: 1. Disable PIN: 1 ----
1732079843.9619133 [node_io_servo-4] [INFO] [1732079843.960748658] [node_io_servo]: ---- Server Server Module_Input.node_io_servo: TBDT PIN: 1. QA PIN: 1.  Diff PIN: 1----
1732079844.0197375 [module_scanning_interface-2] [INFO] [1732079844.017948992] [module_scanning_interface]: ---- Server Module_Scanning_Interfaces: Shutdown ----
1732079844.1294522 [module_scanning_interface-2] Decoded(data=b'ABCD', type='QRCODE', rect=Rect(left=193, top=192, width=87, height=93), polygon=[Point(x=193, y=202), Point(x=204, y=285), Point(x=280, y=284), Point(x=270, y=192)], quality=1, orientation='UP')
1732079844.1314871 [module_scanning_interface-2] Decoded(data=b'ABCD', type='QRCODE', rect=Rect(left=188, top=186, width=91, height=96), polygon=[Point(x=188, y=195), Point(x=199, y=282), Point(x=279, y=281), Point(x=269, y=186)], quality=1, orientation='UP')
1732079844.1330469 [module_scanning_interface-2] Decoded(data=b'ABCD', type='QRCODE', rect=Rect(left=181, top=174, width=96, height=104), polygon=[Point(x=181, y=183), Point(x=193, y=277), Point(x=277, y=278), Point(x=269, y=174)], quality=1, orientation='UP')
1732079844.1335330 [module_scanning_interface-2] Decoded(data=b'ABCD', type='QRCODE', rect=Rect(left=177, top=166, width=101, height=109), polygon=[Point(x=177, y=174), Point(x=189, y=273), Point(x=278, y=275), Point(x=270, y=166)], quality=1, orientation='UP')
1732079844.1339085 [module_scanning_interface-2] Decoded(data=b'ABCD', type='QRCODE', rect=Rect(left=180, top=147, width=105, height=114), polygon=[Point(x=180, y=156), Point(x=192, y=260), Point(x=285, y=261), Point(x=277, y=147)], quality=1, orientation='UP')
1732079844.1342556 [module_scanning_interface-2] Decoded(data=b'ABCD', type='QRCODE', rect=Rect(left=184, top=120, width=106, height=116), polygon=[Point(x=184, y=130), Point(x=196, y=236), Point(x=290, y=235), Point(x=284, y=120)], quality=1, orientation='UP')
1732079844.1345692 [module_scanning_interface-2] Decoded(data=b'ABCD', type='QRCODE', rect=Rect(left=178, top=110, width=108, height=118), polygon=[Point(x=178, y=121), Point(x=190, y=228), Point(x=286, y=227), Point(x=278, y=110)], quality=1, orientation='UP')
1732079844.1361701 [module_scanning_interface-2] Decoded(data=b'ABCD', type='QRCODE', rect=Rect(left=174, top=110, width=106, height=116), polygon=[Point(x=174, y=120), Point(x=186, y=226), Point(x=280, y=226), Point(x=274, y=110)], quality=1, orientation='UP')
1732079844.1369376 [module_scanning_interface-2] Decoded(data=b'ABCD', type='QRCODE', rect=Rect(left=170, top=102, width=104, height=116), polygon=[Point(x=170, y=111), Point(x=182, y=216), Point(x=274, y=218), Point(x=269, y=102)], quality=1, orientation='UP')
1732079844.1376438 [module_scanning_interface-2] Decoded(data=b'NK_S1', type='QRCODE', rect=Rect(left=166, top=107, width=105, height=129), polygon=[Point(x=166, y=127), Point(x=178, y=236), Point(x=271, y=233), Point(x=260, y=107)], quality=1, orientation='UP')
1732079844.1382875 [module_scanning_interface-2] Decoded(data=b'NK_S1', type='QRCODE', rect=Rect(left=166, top=104, width=104, height=128), polygon=[Point(x=166, y=123), Point(x=179, y=232), Point(x=270, y=229), Point(x=260, y=104)], quality=1, orientation='UP')
1732079844.1390927 [module_scanning_interface-2] Decoded(data=b'NK_S1', type='QRCODE', rect=Rect(left=165, top=99, width=105, height=130), polygon=[Point(x=165, y=119), Point(x=177, y=229), Point(x=270, y=225), Point(x=260, y=99)], quality=1, orientation='UP')
1732079844.1398602 [module_scanning_interface-2] Decoded(data=b'NK_S1', type='QRCODE', rect=Rect(left=165, top=98, width=104, height=129), polygon=[Point(x=165, y=117), Point(x=177, y=227), Point(x=269, y=225), Point(x=259, y=98)], quality=1, orientation='UP')
1732079844.1404312 [module_scanning_interface-2] Decoded(data=b'NK_S1', type='QRCODE', rect=Rect(left=163, top=100, width=103, height=127), polygon=[Point(x=163, y=117), Point(x=175, y=227), Point(x=266, y=225), Point(x=257, y=100)], quality=1, orientation='UP')
1732079844.1411445 [module_scanning_interface-2] Decoded(data=b'NK_S1', type='QRCODE', rect=Rect(left=162, top=96, width=100, height=125), polygon=[Point(x=162, y=111), Point(x=172, y=220), Point(x=262, y=221), Point(x=255, y=96)], quality=1, orientation='UP')
1732079844.1416414 [module_scanning_interface-2] Decoded(data=b'NK_S1', type='QRCODE', rect=Rect(left=163, top=102, width=98, height=124), polygon=[Point(x=163, y=116), Point(x=172, y=224), Point(x=261, y=226), Point(x=255, y=102)], quality=1, orientation='UP')
1732079844.1423254 [module_scanning_interface-2] Decoded(data=b'NK_S1', type='QRCODE', rect=Rect(left=167, top=113, width=97, height=121), polygon=[Point(x=167, y=125), Point(x=176, y=230), Point(x=264, y=234), Point(x=258, y=113)], quality=1, orientation='UP')
1732079844.1429431 [module_scanning_interface-2] Decoded(data=b'NK_S1', type='QRCODE', rect=Rect(left=169, top=110, width=93, height=118), polygon=[Point(x=169, y=122), Point(x=177, y=225), Point(x=262, y=228), Point(x=257, y=110)], quality=1, orientation='UP')
1732079844.1527345 [node_io_weigh-6] [INFO] [1732079844.149973226] [node_io_weigh]: ---- Server Server Module_Input.node_io_weigh: Enable PIN: 1. Disable PIN: 1 ----
1732079844.3268769 [node_io_servo-4] [INFO] [1732079844.323406282] [node_io_servo]: ---- Server Server Module_Input.node_io_servo: TBDT PIN: 1. QA PIN: 1.  Diff PIN: 1----
1732079844.4986737 [node_io_weigh-6] [INFO] [1732079844.496452254] [node_io_weigh]: ---- Server Server Module_Input.node_io_weigh: Enable PIN: 1. Disable PIN: 1 ----
1732079844.6823139 [node_io_servo-4] [INFO] [1732079844.681104296] [node_io_servo]: ---- Server Server Module_Input.node_io_servo: TBDT PIN: 1. QA PIN: 1.  Diff PIN: 1----
1732079844.8054094 [ERROR] [module_scanning_interface-2]: process has died [pid 42925, exit code 255, cmd '/home/tomccd/Documents/Code/Python/DATN/install/module_scanning_interface/lib/module_scanning_interface/module_scanning_interface --ros-args'].
1732079844.8389735 [node_io_weigh-6] [INFO] [1732079844.838087465] [node_io_weigh]: ---- Server Server Module_Input.node_io_weigh: Enable PIN: 1. Disable PIN: 1 ----
1732079845.0372007 [node_io_servo-4] [INFO] [1732079845.036463402] [node_io_servo]: ---- Server Server Module_Input.node_io_servo: TBDT PIN: 1. QA PIN: 1.  Diff PIN: 1----
1732079845.1895177 [node_io_weigh-6] [INFO] [1732079845.188650536] [node_io_weigh]: ---- Server Server Module_Input.node_io_weigh: Enable PIN: 1. Disable PIN: 1 ----
1732079845.3945887 [node_io_servo-4] [INFO] [1732079845.393491424] [node_io_servo]: ---- Server Server Module_Input.node_io_servo: TBDT PIN: 1. QA PIN: 1.  Diff PIN: 1----
1732079845.5398669 [node_io_weigh-6] [INFO] [1732079845.538863841] [node_io_weigh]: ---- Server Server Module_Input.node_io_weigh: Enable PIN: 1. Disable PIN: 1 ----
1732079845.7525172 [node_io_servo-4] [INFO] [1732079845.751639680] [node_io_servo]: ---- Server Server Module_Input.node_io_servo: TBDT PIN: 1. QA PIN: 1.  Diff PIN: 1----
1732079845.8896110 [node_io_weigh-6] [INFO] [1732079845.888750617] [node_io_weigh]: ---- Server Server Module_Input.node_io_weigh: Enable PIN: 1. Disable PIN: 1 ----
1732079845.9536946 [module_supervisor-1] [WARN] [1732079845.952525213] [Module_Supervisor]: ---- Supervisor: Waiting to connect to server Module_Scanning&Interface ----
1732079846.1084359 [node_io_servo-4] [INFO] [1732079846.107713245] [node_io_servo]: ---- Server Server Module_Input.node_io_servo: TBDT PIN: 1. QA PIN: 1.  Diff PIN: 1----
1732079846.2395685 [node_io_weigh-6] [INFO] [1732079846.238594660] [node_io_weigh]: ---- Server Server Module_Input.node_io_weigh: Enable PIN: 1. Disable PIN: 1 ----
1732079846.4660656 [node_io_servo-4] [INFO] [1732079846.465049399] [node_io_servo]: ---- Server Server Module_Input.node_io_servo: TBDT PIN: 1. QA PIN: 1.  Diff PIN: 1----
1732079846.5892260 [node_io_weigh-6] [INFO] [1732079846.588275858] [node_io_weigh]: ---- Server Server Module_Input.node_io_weigh: Enable PIN: 1. Disable PIN: 1 ----
1732079846.8238802 [node_io_servo-4] [INFO] [1732079846.822820452] [node_io_servo]: ---- Server Server Module_Input.node_io_servo: TBDT PIN: 1. QA PIN: 1.  Diff PIN: 1----
1732079846.9405274 [node_io_weigh-6] [INFO] [1732079846.939505299] [node_io_weigh]: ---- Server Server Module_Input.node_io_weigh: Enable PIN: 1. Disable PIN: 1 ----
1732079846.9578793 [module_supervisor-1] [WARN] [1732079846.957154623] [Module_Supervisor]: ---- Supervisor: Waiting to connect to server Module_Scanning&Interface ----
1732079847.1810982 [node_io_servo-4] [INFO] [1732079847.179954912] [node_io_servo]: ---- Server Server Module_Input.node_io_servo: TBDT PIN: 1. QA PIN: 1.  Diff PIN: 1----
1732079847.2880776 [node_io_weigh-6] [INFO] [1732079847.287254975] [node_io_weigh]: ---- Server Server Module_Input.node_io_weigh: Enable PIN: 1. Disable PIN: 1 ----
1732079847.5374360 [node_io_servo-4] [INFO] [1732079847.536549298] [node_io_servo]: ---- Server Server Module_Input.node_io_servo: TBDT PIN: 1. QA PIN: 1.  Diff PIN: 1----
1732079847.6395931 [node_io_weigh-6] [INFO] [1732079847.638649348] [node_io_weigh]: ---- Server Server Module_Input.node_io_weigh: Enable PIN: 1. Disable PIN: 1 ----
1732079847.8955002 [node_io_servo-4] [INFO] [1732079847.894341545] [node_io_servo]: ---- Server Server Module_Input.node_io_servo: TBDT PIN: 1. QA PIN: 1.  Diff PIN: 1----
1732079847.9654181 [module_supervisor-1] [WARN] [1732079847.964205674] [Module_Supervisor]: ---- Supervisor: Waiting to connect to server Module_Scanning&Interface ----
1732079847.9873133 [node_io_weigh-6] [INFO] [1732079847.986585132] [node_io_weigh]: ---- Server Server Module_Input.node_io_weigh: Enable PIN: 1. Disable PIN: 1 ----
1732079848.2535026 [node_io_servo-4] [INFO] [1732079848.252675880] [node_io_servo]: ---- Server Server Module_Input.node_io_servo: TBDT PIN: 1. QA PIN: 1.  Diff PIN: 1----
1732079848.3394361 [node_io_weigh-6] [INFO] [1732079848.338467949] [node_io_weigh]: ---- Server Server Module_Input.node_io_weigh: Enable PIN: 1. Disable PIN: 1 ----
1732079848.6112106 [node_io_servo-4] [INFO] [1732079848.610164367] [node_io_servo]: ---- Server Server Module_Input.node_io_servo: TBDT PIN: 1. QA PIN: 1.  Diff PIN: 1----
1732079848.6892626 [node_io_weigh-6] [INFO] [1732079848.688447530] [node_io_weigh]: ---- Server Server Module_Input.node_io_weigh: Enable PIN: 1. Disable PIN: 1 ----
1732079848.9702725 [node_io_servo-4] [INFO] [1732079848.968855216] [node_io_servo]: ---- Server Server Module_Input.node_io_servo: TBDT PIN: 1. QA PIN: 1.  Diff PIN: 1----
1732079848.9722259 [module_supervisor-1] [WARN] [1732079848.971483823] [Module_Supervisor]: ---- Supervisor: Waiting to connect to server Module_Scanning&Interface ----
1732079849.0387416 [node_io_weigh-6] [INFO] [1732079849.037920680] [node_io_weigh]: ---- Server Server Module_Input.node_io_weigh: Enable PIN: 1. Disable PIN: 1 ----
1732079849.3273780 [node_io_servo-4] [INFO] [1732079849.326317046] [node_io_servo]: ---- Server Server Module_Input.node_io_servo: TBDT PIN: 1. QA PIN: 1.  Diff PIN: 1----
1732079849.3891459 [node_io_weigh-6] [INFO] [1732079849.388134285] [node_io_weigh]: ---- Server Server Module_Input.node_io_weigh: Enable PIN: 1. Disable PIN: 1 ----
1732079849.6853440 [node_io_servo-4] [INFO] [1732079849.684245311] [node_io_servo]: ---- Server Server Module_Input.node_io_servo: TBDT PIN: 1. QA PIN: 1.  Diff PIN: 1----
1732079849.7375858 [node_io_weigh-6] [INFO] [1732079849.736542987] [node_io_weigh]: ---- Server Server Module_Input.node_io_weigh: Enable PIN: 1. Disable PIN: 1 ----
1732079849.9787490 [module_supervisor-1] [WARN] [1732079849.977712378] [Module_Supervisor]: ---- Supervisor: Waiting to connect to server Module_Scanning&Interface ----
1732079849.9834616 [module_supervisor-1] [ERROR] [1732079849.982367236] [Module_Supervisor]: ---- Supervisor: Can't connect to Module Scanning&Interface ----
1732079849.9919150 [node_io_weigh-6] [INFO] [1732079849.989097918] [node_io_weigh]: ---- Server Module_Input.node_io_weigh: Receive Message: Terminate. Bye Bye.... ----
1732079849.9965196 [module_log_file-8] [INFO] [1732079849.990142691] [module_log_file]: ---- Server Module_Log_File: Creating Log File... ----
1732079850.0182226 [module_weigh-7] [INFO] [1732079849.991401366] [module_weigh]: ---- Server Module_Weigh: Receive Message: Terminate. Bye Bye.... ----
1732079850.0230556 [node_dc_motor-5] [INFO] [1732079849.996982259] [node_dc_motor]: ---- Server Module_Motor.node_dc_motor: Receive Message: Terminate. Bye Bye.... ----
1732079850.0325437 [node_dc_servo-3] [INFO] [1732079850.001584785] [node_servo_motor]: ---- Server Module_Motor.node_servo_motor: Receive Message: Terminate. Bye Bye.... ----
1732079850.0482955 [node_io_servo-4] [INFO] [1732079850.046343335] [node_io_servo]: ---- Server Server Module_Input.node_io_servo: TBDT PIN: 1. QA PIN: 1.  Diff PIN: 1----
1732079850.4236715 [node_io_servo-4] [INFO] [1732079850.414862299] [node_io_servo]: ---- Server Server Module_Input.node_io_servo: TBDT PIN: 1. QA PIN: 1.  Diff PIN: 1----
1732079850.4340148 [node_io_servo-4] [INFO] [1732079850.426504519] [node_io_servo]: ---- Server Module_Input.node_io_servo: Receive Message: Terminate. Bye Bye.... ----
1732079850.5135858 [ERROR] [node_io_weigh-6]: process has died [pid 42929, exit code 255, cmd '/home/tomccd/Documents/Code/Python/DATN/install/module_input/lib/module_input/node_io_weigh --ros-args'].
1732079850.5925119 [ERROR] [module_supervisor-1]: process has died [pid 42924, exit code 255, cmd '/home/tomccd/Documents/Code/Python/DATN/install/module_supervisor/lib/module_supervisor/module_supervisor --ros-args'].
1732079850.7085106 [ERROR] [module_weigh-7]: process has died [pid 42930, exit code 255, cmd '/home/tomccd/Documents/Code/Python/DATN/install/module_weigh/lib/module_weigh/module_weigh --ros-args'].
1732079850.9841354 [ERROR] [node_io_servo-4]: process has died [pid 42927, exit code 255, cmd '/home/tomccd/Documents/Code/Python/DATN/install/module_input/lib/module_input/node_io_servo --ros-args'].
1732079851.0725319 [ERROR] [node_dc_motor-5]: process has died [pid 42928, exit code 255, cmd '/home/tomccd/Documents/Code/Python/DATN/install/module_motor/lib/module_motor/node_dc_motor --ros-args'].
1732079851.0853772 [ERROR] [node_dc_servo-3]: process has died [pid 42926, exit code 255, cmd '/home/tomccd/Documents/Code/Python/DATN/install/module_motor/lib/module_motor/node_dc_servo --ros-args'].
