1732086524.7071702 [INFO] [launch]: All log files can be found below /home/tomccd/.ros/log/2024-11-20-14-08-44-703311-tomccd-raspberry4b-51169
1732086524.7077549 [INFO] [launch]: Default logging verbosity is set to INFO
1732086525.5027514 [INFO] [module_supervisor-1]: process started with pid [51184]
1732086525.5035985 [INFO] [module_scanning_interface-2]: process started with pid [51185]
1732086525.5044444 [INFO] [node_dc_servo-3]: process started with pid [51186]
1732086525.5145137 [INFO] [node_io_servo-4]: process started with pid [51187]
1732086525.5151138 [INFO] [node_dc_motor-5]: process started with pid [51188]
1732086525.5155501 [INFO] [node_io_weigh-6]: process started with pid [51189]
1732086525.5160489 [INFO] [module_weigh-7]: process started with pid [51190]
1732086525.5165865 [INFO] [module_log_file-8]: process started with pid [51191]
1732086525.5233414 [INFO] [module_send_email-9]: process started with pid [51192]
1732086529.0760715 [module_supervisor-1] [INFO] [1732086529.074177024] [Module_Supervisor]: ---- Supervisor: Connect to Server Module_Log_File Successfully ----
1732086530.0837343 [module_supervisor-1] [WARN] [1732086530.079472709] [Module_Supervisor]: ---- Supervisor: Waiting to connect to server Module_Scanning&Interface ----
1732086531.0927296 [module_supervisor-1] [WARN] [1732086531.091447742] [Module_Supervisor]: ---- Supervisor: Waiting to connect to server Module_Scanning&Interface ----
1732086531.2801650 [node_dc_servo-3] [INFO] [1732086531.279154540] [node_servo_motor]: ---- Server Module_Motor.node_dc_motor: Init Server ----
1732086532.0981207 [module_supervisor-1] [WARN] [1732086532.097046984] [Module_Supervisor]: ---- Supervisor: Waiting to connect to server Module_Scanning&Interface ----
1732086532.1276560 [node_io_servo-4] [INFO] [1732086532.126603892] [node_io_servo]: ---- Server Server Module_Input.node_io_servo: TBDT PIN: 1. QA PIN: 1.  Diff PIN: 1----
1732086532.2910850 [node_io_servo-4] [INFO] [1732086532.289812838] [node_io_servo]: ---- Server Server Module_Input.node_io_servo: TBDT PIN: 1. QA PIN: 1.  Diff PIN: 1----
1732086532.3475432 [node_io_weigh-6] [INFO] [1732086532.346606196] [node_io_weigh]: ---- Server Server Module_Input.node_io_weigh: Enable PIN: 1. Disable PIN: 1 ----
1732086532.5257075 [node_io_servo-4] [INFO] [1732086532.524841340] [node_io_servo]: ---- Server Server Module_Input.node_io_servo: TBDT PIN: 1. QA PIN: 1.  Diff PIN: 1----
1732086532.5430431 [node_io_weigh-6] [INFO] [1732086532.542182328] [node_io_weigh]: ---- Server Server Module_Input.node_io_weigh: Enable PIN: 1. Disable PIN: 1 ----
1732086532.7756195 [node_io_servo-4] [INFO] [1732086532.774791615] [node_io_servo]: ---- Server Server Module_Input.node_io_servo: TBDT PIN: 1. QA PIN: 1.  Diff PIN: 1----
1732086532.8934135 [node_io_weigh-6] [INFO] [1732086532.892573219] [node_io_weigh]: ---- Server Server Module_Input.node_io_weigh: Enable PIN: 1. Disable PIN: 1 ----
1732086532.9873137 [module_scanning_interface-2] [INFO] [1732086532.986396010] [module_scanning_interface]: ----  Server Module_Scanning&Interface: Connect to DB Successfully ----
1732086533.0288789 [node_io_servo-4] [INFO] [1732086533.027461615] [node_io_servo]: ---- Server Server Module_Input.node_io_servo: TBDT PIN: 1. QA PIN: 1.  Diff PIN: 1----
1732086533.1029491 [module_supervisor-1] [WARN] [1732086533.101870955] [Module_Supervisor]: ---- Supervisor: Waiting to connect to server Module_Scanning&Interface ----
1732086533.2446458 [node_io_weigh-6] [INFO] [1732086533.243586637] [node_io_weigh]: ---- Server Server Module_Input.node_io_weigh: Enable PIN: 1. Disable PIN: 1 ----
1732086533.2784576 [node_io_servo-4] [INFO] [1732086533.277152070] [node_io_servo]: ---- Server Server Module_Input.node_io_servo: TBDT PIN: 1. QA PIN: 1.  Diff PIN: 1----
1732086533.5299206 [node_io_servo-4] [INFO] [1732086533.526531329] [node_io_servo]: ---- Server Server Module_Input.node_io_servo: TBDT PIN: 1. QA PIN: 1.  Diff PIN: 1----
1732086533.5951376 [node_io_weigh-6] [INFO] [1732086533.593846485] [node_io_weigh]: ---- Server Server Module_Input.node_io_weigh: Enable PIN: 1. Disable PIN: 1 ----
1732086533.7769098 [node_io_servo-4] [INFO] [1732086533.775960808] [node_io_servo]: ---- Server Server Module_Input.node_io_servo: TBDT PIN: 1. QA PIN: 1.  Diff PIN: 1----
1732086533.9456384 [node_io_weigh-6] [INFO] [1732086533.944748816] [node_io_weigh]: ---- Server Server Module_Input.node_io_weigh: Enable PIN: 1. Disable PIN: 1 ----
1732086534.0349958 [node_io_servo-4] [INFO] [1732086534.033301748] [node_io_servo]: ---- Server Server Module_Input.node_io_servo: TBDT PIN: 1. QA PIN: 1.  Diff PIN: 1----
1732086534.1080434 [module_supervisor-1] [WARN] [1732086534.106684265] [Module_Supervisor]: ---- Supervisor: Waiting to connect to server Module_Scanning&Interface ----
1732086534.2817345 [node_io_servo-4] [INFO] [1732086534.279452356] [node_io_servo]: ---- Server Server Module_Input.node_io_servo: TBDT PIN: 1. QA PIN: 1.  Diff PIN: 1----
1732086534.3009655 [node_io_weigh-6] [INFO] [1732086534.297294166] [node_io_weigh]: ---- Server Server Module_Input.node_io_weigh: Enable PIN: 1. Disable PIN: 1 ----
1732086534.3623872 [module_supervisor-1] [ERROR] [1732086534.360610336] [Module_Supervisor]: ---- Supervisor: Can't connect to server Module_Scanning&Interface ----
1732086534.3674476 [module_supervisor-1] [ERROR] [1732086534.364943778] [Module_Supervisor]: ---- Supervisor: Initilize System Error ----
1732086534.3869898 [module_log_file-8] [INFO] [1732086534.373509090] [module_log_file]: ---- Server Module_Log_File: Creating Log File... ----
1732086534.4060073 [node_io_weigh-6] [INFO] [1732086534.382585629] [node_io_weigh]: ---- Server Module_Input.node_io_weigh: Receive Message: Terminate. Bye Bye.... ----
1732086534.4073141 [module_scanning_interface-2] [INFO] [1732086534.382824012] [module_scanning_interface]: ---- Server Module_Scanning_Interfaces: Receive Message: Terminate. Bye Bye.... ----
1732086534.4332983 [node_io_servo-4] [INFO] [1732086534.395305850] [node_io_servo]: ---- Server Module_Input.node_io_servo: Receive Message: Terminate. Bye Bye.... ----
1732086534.4404621 [node_dc_servo-3] [INFO] [1732086534.393716003] [node_servo_motor]: ---- Server Module_Motor.node_servo_motor: Receive Message: Terminate. Bye Bye.... ----
1732086534.5356579 [module_weigh-7] [INFO] [1732086534.519562161] [module_weigh]: ---- Server Module_Weigh: Receive Message: Terminate. Bye Bye.... ----
1732086534.6185462 [node_dc_motor-5] [INFO] [1732086534.617430257] [node_dc_motor]: ---- Server Module_Motor.node_dc_motor: Receive Message: Terminate. Bye Bye.... ----
1732086534.8636220 [module_supervisor-1] Traceback (most recent call last):
1732086534.8643992 [module_supervisor-1]   File "/home/tomccd/Documents/Code/Python/DATN/install/module_supervisor/lib/module_supervisor/module_supervisor", line 33, in <module>
1732086534.8783395 [module_supervisor-1]     sys.exit(load_entry_point('module-supervisor==0.0.0', 'console_scripts', 'module_supervisor')())
1732086534.8794971 [module_supervisor-1]              ^^^^^^^^^^^^^^^^^^^^^^^^^^^^^^^^^^^^^^^^^^^^^^^^^^^^^^^^^^^^^^^^^^^^^^^^^^^^^^^^^^^^^^
1732086534.8836434 [module_supervisor-1]   File "/home/tomccd/Documents/Code/Python/DATN/install/module_supervisor/lib/python3.12/site-packages/module_supervisor/module_supervisor.py", line 220, in main
1732086534.8843522 [module_supervisor-1]     rclpy.spin(node)
1732086534.8848615 [module_supervisor-1]   File "/opt/ros/jazzy/lib/python3.12/site-packages/rclpy/__init__.py", line 240, in spin
1732086534.8856628 [module_supervisor-1]     executor = get_global_executor() if executor is None else executor
1732086534.8895929 [module_supervisor-1]                ^^^^^^^^^^^^^^^^^^^^^
1732086534.8908429 [module_supervisor-1]   File "/opt/ros/jazzy/lib/python3.12/site-packages/rclpy/__init__.py", line 106, in get_global_executor
1732086534.8965018 [module_supervisor-1]     __executor = SingleThreadedExecutor()
1732086534.8976662 [module_supervisor-1]                  ^^^^^^^^^^^^^^^^^^^^^^^^
1732086534.8985860 [module_supervisor-1]   File "/opt/ros/jazzy/lib/python3.12/site-packages/rclpy/executors.py", line 803, in __init__
1732086534.8994873 [module_supervisor-1]     super().__init__(context=context)
1732086534.9006257 [module_supervisor-1]   File "/opt/ros/jazzy/lib/python3.12/site-packages/rclpy/executors.py", line 186, in __init__
1732086534.9019909 [module_supervisor-1]     self._guard = GuardCondition(
1732086534.9030931 [module_supervisor-1]                   ^^^^^^^^^^^^^^^
1732086534.9042606 [module_supervisor-1]   File "/opt/ros/jazzy/lib/python3.12/site-packages/rclpy/guard_condition.py", line 23, in __init__
1732086534.9052839 [module_supervisor-1]     with self._context.handle:
1732086534.9063029 [module_supervisor-1] TypeError: 'NoneType' object does not support the context manager protocol
1732086534.9777002 [module_supervisor-1] Exception ignored in: <function Executor.__del__ at 0xffff8597da80>
1732086534.9806635 [module_supervisor-1] Traceback (most recent call last):
1732086534.9819207 [module_supervisor-1]   File "/opt/ros/jazzy/lib/python3.12/site-packages/rclpy/executors.py", line 257, in __del__
1732086534.9826922 [module_supervisor-1]     if self._sigint_gc is not None:
1732086534.9834991 [module_supervisor-1]        ^^^^^^^^^^^^^^^
1732086534.9842455 [module_supervisor-1] AttributeError: 'SingleThreadedExecutor' object has no attribute '_sigint_gc'
1732086535.3673441 [ERROR] [node_io_weigh-6]: process has died [pid 51189, exit code 255, cmd '/home/tomccd/Documents/Code/Python/DATN/install/module_input/lib/module_input/node_io_weigh --ros-args'].
1732086535.5077240 [ERROR] [node_io_servo-4]: process has died [pid 51187, exit code 255, cmd '/home/tomccd/Documents/Code/Python/DATN/install/module_input/lib/module_input/node_io_servo --ros-args'].
1732086535.7378898 [ERROR] [module_weigh-7]: process has died [pid 51190, exit code 255, cmd '/home/tomccd/Documents/Code/Python/DATN/install/module_weigh/lib/module_weigh/module_weigh --ros-args'].
1732086536.0009956 [ERROR] [node_dc_servo-3]: process has died [pid 51186, exit code 255, cmd '/home/tomccd/Documents/Code/Python/DATN/install/module_motor/lib/module_motor/node_dc_servo --ros-args'].
1732086536.0134366 [ERROR] [node_dc_motor-5]: process has died [pid 51188, exit code 255, cmd '/home/tomccd/Documents/Code/Python/DATN/install/module_motor/lib/module_motor/node_dc_motor --ros-args'].
1732086536.0500352 [ERROR] [module_supervisor-1]: process has died [pid 51184, exit code 1, cmd '/home/tomccd/Documents/Code/Python/DATN/install/module_supervisor/lib/module_supervisor/module_supervisor --ros-args'].
