1732068934.4739556 [INFO] [launch]: All log files can be found below /home/tomccd/.ros/log/2024-11-20-09-15-34-469416-tomccd-raspberry4b-20040
1732068934.4745615 [INFO] [launch]: Default logging verbosity is set to INFO
1732068935.2400267 [INFO] [module_supervisor-1]: process started with pid [20043]
1732068935.2473795 [INFO] [module_scanning_interface-2]: process started with pid [20044]
1732068935.2482550 [INFO] [node_dc_servo-3]: process started with pid [20045]
1732068935.2515144 [INFO] [node_io_servo-4]: process started with pid [20046]
1732068935.2556853 [INFO] [node_dc_motor-5]: process started with pid [20047]
1732068935.2581797 [INFO] [node_io_weigh-6]: process started with pid [20048]
1732068935.2632632 [INFO] [module_weigh-7]: process started with pid [20049]
1732068935.2643347 [INFO] [module_log_file-8]: process started with pid [20050]
1732068935.2654810 [INFO] [module_send_email-9]: process started with pid [20051]
1732068940.7103035 [module_supervisor-1] [INFO] [1732068940.709026805] [Module_Supervisor]: ---- Supervisor: Connect to Server Module_Log_File Successfully ----
1732068941.1814115 [node_dc_servo-3] [INFO] [1732068941.179945043] [node_servo_motor]: ---- Server Module_Motor.node_dc_motor: Init Server ----
1732068941.2704618 [node_io_servo-4] [INFO] [1732068941.267460136] [node_io_servo]: ---- Server Server Module_Input.node_io_servo: TBDT PIN: 1. QA PIN: 1.  Diff PIN: 1----
1732068941.5234256 [node_io_servo-4] [INFO] [1732068941.522451032] [node_io_servo]: ---- Server Server Module_Input.node_io_servo: TBDT PIN: 1. QA PIN: 1.  Diff PIN: 1----
1732068941.6213996 [node_io_weigh-6] [INFO] [1732068941.620352496] [node_io_weigh]: ---- Server Server Module_Input.node_io_weigh: Enable PIN: 1. Disable PIN: 1 ----
1732068941.7172513 [module_supervisor-1] [WARN] [1732068941.716366616] [Module_Supervisor]: ---- Supervisor: Waiting to connect to server Module_Scanning&Interface ----
1732068941.7887049 [node_io_servo-4] [INFO] [1732068941.787719485] [node_io_servo]: ---- Server Server Module_Input.node_io_servo: TBDT PIN: 1. QA PIN: 1.  Diff PIN: 1----
1732068941.8671196 [node_io_weigh-6] [INFO] [1732068941.866256867] [node_io_weigh]: ---- Server Server Module_Input.node_io_weigh: Enable PIN: 1. Disable PIN: 1 ----
1732068942.1382515 [node_io_servo-4] [INFO] [1732068942.137412597] [node_io_servo]: ---- Server Server Module_Input.node_io_servo: TBDT PIN: 1. QA PIN: 1.  Diff PIN: 1----
1732068942.2245548 [node_io_weigh-6] [INFO] [1732068942.222872382] [node_io_weigh]: ---- Server Server Module_Input.node_io_weigh: Enable PIN: 1. Disable PIN: 1 ----
1732068942.4933636 [node_io_servo-4] [INFO] [1732068942.491984785] [node_io_servo]: ---- Server Server Module_Input.node_io_servo: TBDT PIN: 1. QA PIN: 1.  Diff PIN: 1----
1732068942.5709014 [node_io_weigh-6] [INFO] [1732068942.569268505] [node_io_weigh]: ---- Server Server Module_Input.node_io_weigh: Enable PIN: 1. Disable PIN: 1 ----
1732068942.7272744 [module_supervisor-1] [WARN] [1732068942.725480772] [Module_Supervisor]: ---- Supervisor: Waiting to connect to server Module_Scanning&Interface ----
1732068942.8423498 [node_io_servo-4] [INFO] [1732068942.840915677] [node_io_servo]: ---- Server Server Module_Input.node_io_servo: TBDT PIN: 1. QA PIN: 1.  Diff PIN: 1----
1732068942.9193840 [node_io_weigh-6] [INFO] [1732068942.918159916] [node_io_weigh]: ---- Server Server Module_Input.node_io_weigh: Enable PIN: 1. Disable PIN: 1 ----
1732068943.1885722 [node_io_servo-4] [INFO] [1732068943.187698577] [node_io_servo]: ---- Server Server Module_Input.node_io_servo: TBDT PIN: 1. QA PIN: 1.  Diff PIN: 1----
1732068943.2702122 [node_io_weigh-6] [INFO] [1732068943.269019449] [node_io_weigh]: ---- Server Server Module_Input.node_io_weigh: Enable PIN: 1. Disable PIN: 1 ----
1732068943.5411901 [node_io_servo-4] [INFO] [1732068943.540020438] [node_io_servo]: ---- Server Server Module_Input.node_io_servo: TBDT PIN: 1. QA PIN: 1.  Diff PIN: 1----
1732068943.6179974 [node_io_weigh-6] [INFO] [1732068943.616807197] [node_io_weigh]: ---- Server Server Module_Input.node_io_weigh: Enable PIN: 1. Disable PIN: 1 ----
1732068943.7305050 [module_supervisor-1] [INFO] [1732068943.729441389] [Module_Supervisor]: ---- Supervisor: Connect to Server Module_Scanning&Interface Successfully ----
1732068943.7345462 [module_supervisor-1] [INFO] [1732068943.733567097] [Module_Supervisor]: ---- Supervisor: Connect to Server Module_Input.node_io_weigh Successfully ----
1732068943.7381961 [module_supervisor-1] [INFO] [1732068943.737192085] [Module_Supervisor]: ---- Supervisor: Connect to Server Module_Weigh Successfully ----
1732068943.7436080 [module_supervisor-1] [INFO] [1732068943.742459382] [Module_Supervisor]: ---- Supervisor: Connect to Server Module_Motor.node_dc_motor Successfully ----
1732068943.7522871 [module_supervisor-1] [INFO] [1732068943.751303537] [Module_Supervisor]: ---- Supervisor: Connect to Server Module_Input.node_io_servo Successfully ----
1732068943.7592781 [module_supervisor-1] [INFO] [1732068943.757531294] [Module_Supervisor]: ---- Supervisor: Connect to Server Module_Motor.node_dc_servo Successfully ----
1732068943.7634976 [module_supervisor-1] [INFO] [1732068943.762365278] [Module_Supervisor]: ---- Supervisor: Connect to Server Module_Send_Email Successfully ----
1732068943.8719308 [node_dc_motor-5] [INFO] [1732068943.871039891] [node_dc_motor]: ---- Server Module_Motor.node_dc_motor: Receive Intialized Request: Ready ----
1732068943.8810992 [module_supervisor-1] [INFO] [1732068943.879077827] [Module_Supervisor]: ---- Supervisor: Receive Init Respond from Server Module_Motor.node_dc_motor: OK
1732068943.8890431 [node_io_servo-4] [INFO] [1732068943.888125889] [node_io_servo]: ---- Server Server Module_Input.node_io_servo: TBDT PIN: 1. QA PIN: 1.  Diff PIN: 1----
1732068943.9670146 [node_io_weigh-6] [INFO] [1732068943.966196087] [node_io_weigh]: ---- Server Server Module_Input.node_io_weigh: Enable PIN: 1. Disable PIN: 1 ----
1732068944.1676242 [module_scanning_interface-2] [INFO] [1732068944.166690056] [module_scanning_interface]: ----  Server Module_Scanning&Interface: Connect to DB Successfully ----
1732068944.2414372 [node_io_servo-4] [INFO] [1732068944.240254714] [node_io_servo]: ---- Server Server Module_Input.node_io_servo: TBDT PIN: 1. QA PIN: 1.  Diff PIN: 1----
1732068944.3188910 [node_io_weigh-6] [INFO] [1732068944.317829710] [node_io_weigh]: ---- Server Server Module_Input.node_io_weigh: Enable PIN: 1. Disable PIN: 1 ----
1732068944.5884607 [node_io_servo-4] [INFO] [1732068944.587632388] [node_io_servo]: ---- Server Server Module_Input.node_io_servo: TBDT PIN: 1. QA PIN: 1.  Diff PIN: 1----
1732068944.6680923 [node_io_weigh-6] [INFO] [1732068944.667073027] [node_io_weigh]: ---- Server Server Module_Input.node_io_weigh: Enable PIN: 1. Disable PIN: 1 ----
1732068944.9396565 [node_io_servo-4] [INFO] [1732068944.938726643] [node_io_servo]: ---- Server Server Module_Input.node_io_servo: TBDT PIN: 1. QA PIN: 1.  Diff PIN: 1----
1732068945.0203826 [node_io_weigh-6] [INFO] [1732068945.017713097] [node_io_weigh]: ---- Server Server Module_Input.node_io_weigh: Enable PIN: 1. Disable PIN: 1 ----
1732068945.2896867 [node_io_servo-4] [INFO] [1732068945.288763623] [node_io_servo]: ---- Server Server Module_Input.node_io_servo: TBDT PIN: 1. QA PIN: 1.  Diff PIN: 1----
1732068945.3731918 [node_io_weigh-6] [INFO] [1732068945.366685192] [node_io_weigh]: ---- Server Server Module_Input.node_io_weigh: Enable PIN: 1. Disable PIN: 1 ----
1732068945.6391473 [node_io_servo-4] [INFO] [1732068945.637951513] [node_io_servo]: ---- Server Server Module_Input.node_io_servo: TBDT PIN: 1. QA PIN: 1.  Diff PIN: 1----
1732068945.7168510 [node_io_weigh-6] [INFO] [1732068945.716018415] [node_io_weigh]: ---- Server Server Module_Input.node_io_weigh: Enable PIN: 1. Disable PIN: 1 ----
1732068945.8842683 [module_supervisor-1] [INFO] [1732068945.883420644] [Module_Supervisor]: ---- Supervisor: Connect to Module_Scanning&Interface Successfully----
1732068945.8873487 [module_supervisor-1] [INFO] [1732068945.886404690] [Module_Supervisor]: ---- Supervisor: Connect to Module_Input.node Successfully----
1732068945.8931973 [module_supervisor-1] [INFO] [1732068945.890983841] [Module_Supervisor]: ---- Supervisor: Connect to Module_Weigh Successfully----
1732068945.8996425 [module_supervisor-1] [INFO] [1732068945.897294356] [Module_Supervisor]: ---- Supervisor: Connect to Module_Motor.node_dc_motor Successfully----
1732068945.9102991 [module_supervisor-1] [INFO] [1732068945.904360203] [Module_Supervisor]: ---- Supervisor: Connect to Module_Input.node_io_servo Successfully----
1732068945.9118187 [module_supervisor-1] [INFO] [1732068945.908393282] [Module_Supervisor]: ---- Supervisor: Connect to Module_Send_Email Successfully----
1732068945.9885380 [node_io_servo-4] [INFO] [1732068945.987684735] [node_io_servo]: ---- Server Server Module_Input.node_io_servo: TBDT PIN: 1. QA PIN: 1.  Diff PIN: 1----
1732068946.0678263 [node_io_weigh-6] [INFO] [1732068946.067028022] [node_io_weigh]: ---- Server Server Module_Input.node_io_weigh: Enable PIN: 1. Disable PIN: 1 ----
1732068946.3396120 [node_io_servo-4] [INFO] [1732068946.338637175] [node_io_servo]: ---- Server Server Module_Input.node_io_servo: TBDT PIN: 1. QA PIN: 1.  Diff PIN: 1----
1732068946.4179027 [node_io_weigh-6] [INFO] [1732068946.417135631] [node_io_weigh]: ---- Server Server Module_Input.node_io_weigh: Enable PIN: 1. Disable PIN: 1 ----
1732068946.6890996 [node_io_servo-4] [INFO] [1732068946.688273804] [node_io_servo]: ---- Server Server Module_Input.node_io_servo: TBDT PIN: 1. QA PIN: 1.  Diff PIN: 1----
1732068946.7667079 [node_io_weigh-6] [INFO] [1732068946.765961041] [node_io_weigh]: ---- Server Server Module_Input.node_io_weigh: Enable PIN: 1. Disable PIN: 1 ----
1732068946.9414377 [module_scanning_interface-2] /home/tomccd/Documents/Code/Python/DATN/install/module_scanning_interface/lib/python3.12/site-packages/module_scanning_interface/module_scanning_interface.py:340: UserWarning: pandas only supports SQLAlchemy connectable (engine/connection) or database string URI or sqlite3 DBAPI2 connection. Other DBAPI2 objects are not tested. Please consider using SQLAlchemy.
1732068946.9419475 [module_scanning_interface-2]   df = pd.read_sql(sql_query,self.conn)
1732068946.9745703 [module_scanning_interface-2] /home/tomccd/Documents/Code/Python/DATN/install/module_scanning_interface/lib/python3.12/site-packages/module_scanning_interface/module_scanning_interface.py:348: UserWarning: pandas only supports SQLAlchemy connectable (engine/connection) or database string URI or sqlite3 DBAPI2 connection. Other DBAPI2 objects are not tested. Please consider using SQLAlchemy.
1732068946.9751260 [module_scanning_interface-2]   df = pd.read_sql(sql_query,self.conn)
1732068947.0273879 [module_scanning_interface-2] [INFO] [1732068947.026556046] [module_scanning_interface]: Data Collect: [['IP15', 'Thiet bi dien tu']]
1732068947.0428391 [node_io_servo-4] [INFO] [1732068947.040056574] [node_io_servo]: ---- Server Server Module_Input.node_io_servo: TBDT PIN: 1. QA PIN: 1.  Diff PIN: 1----
1732068947.1166844 [node_io_weigh-6] [INFO] [1732068947.115788040] [node_io_weigh]: ---- Server Server Module_Input.node_io_weigh: Enable PIN: 1. Disable PIN: 1 ----
1732068947.1543519 [module_scanning_interface-2] [INFO] [1732068947.153170505] [module_scanning_interface]: Data Collect: [['IP15', 'Thiet bi dien tu']]
1732068947.2554078 [module_scanning_interface-2] [INFO] [1732068947.254532810] [module_scanning_interface]: Data Collect: [['IP15', 'Thiet bi dien tu']]
1732068947.3639760 [module_scanning_interface-2] [INFO] [1732068947.362851905] [module_scanning_interface]: Data Collect: [['IP15', 'Thiet bi dien tu']]
1732068947.3902571 [node_io_servo-4] [INFO] [1732068947.388425596] [node_io_servo]: ---- Server Server Module_Input.node_io_servo: TBDT PIN: 1. QA PIN: 1.  Diff PIN: 1----
1732068947.4596179 [module_scanning_interface-2] [INFO] [1732068947.458633025] [module_scanning_interface]: Data Collect: [['IP15', 'Thiet bi dien tu']]
1732068947.4691591 [node_io_weigh-6] [INFO] [1732068947.467596217] [node_io_weigh]: ---- Server Server Module_Input.node_io_weigh: Enable PIN: 1. Disable PIN: 1 ----
1732068947.5736482 [module_scanning_interface-2] [INFO] [1732068947.572785138] [module_scanning_interface]: Data Collect: [['IP15', 'Thiet bi dien tu']]
1732068947.6728113 [module_scanning_interface-2] [INFO] [1732068947.671812839] [module_scanning_interface]: Data Collect: [['IP15', 'Thiet bi dien tu']]
1732068947.7406206 [node_io_servo-4] [INFO] [1732068947.739712627] [node_io_servo]: ---- Server Server Module_Input.node_io_servo: TBDT PIN: 1. QA PIN: 1.  Diff PIN: 1----
1732068947.7876103 [module_scanning_interface-2] [INFO] [1732068947.786597394] [module_scanning_interface]: Data Collect: [['IP15', 'Thiet bi dien tu']]
1732068947.8170002 [node_io_weigh-6] [INFO] [1732068947.816205590] [node_io_weigh]: ---- Server Server Module_Input.node_io_weigh: Enable PIN: 1. Disable PIN: 1 ----
1732068947.8845892 [module_supervisor-1] [INFO] [1732068947.883658417] [Module_Supervisor]: ---- Supervisor: Connect to Module_Scanning&Interface Successfully----
1732068947.8906436 [module_supervisor-1] [INFO] [1732068947.889755859] [Module_Supervisor]: ---- Supervisor: Connect to Module_Input.node Successfully----
1732068947.8941922 [module_supervisor-1] [INFO] [1732068947.893220588] [Module_Supervisor]: ---- Supervisor: Connect to Module_Weigh Successfully----
1732068947.8977146 [module_supervisor-1] [INFO] [1732068947.896973742] [Module_Supervisor]: ---- Supervisor: Connect to Module_Motor.node_dc_motor Successfully----
1732068947.9010820 [module_supervisor-1] [INFO] [1732068947.900315601] [Module_Supervisor]: ---- Supervisor: Connect to Module_Input.node_io_servo Successfully----
1732068947.9048555 [module_supervisor-1] [INFO] [1732068947.903933107] [Module_Supervisor]: ---- Supervisor: Connect to Module_Send_Email Successfully----
1732068948.0895422 [node_io_servo-4] [INFO] [1732068948.087898168] [node_io_servo]: ---- Server Server Module_Input.node_io_servo: TBDT PIN: 1. QA PIN: 1.  Diff PIN: 1----
1732068948.1668324 [node_io_weigh-6] [INFO] [1732068948.166048773] [node_io_weigh]: ---- Server Server Module_Input.node_io_weigh: Enable PIN: 1. Disable PIN: 1 ----
1732068948.4403963 [node_io_servo-4] [INFO] [1732068948.439365217] [node_io_servo]: ---- Server Server Module_Input.node_io_servo: TBDT PIN: 1. QA PIN: 1.  Diff PIN: 1----
1732068948.5183382 [node_io_weigh-6] [INFO] [1732068948.517382804] [node_io_weigh]: ---- Server Server Module_Input.node_io_weigh: Enable PIN: 1. Disable PIN: 1 ----
1732068948.7889376 [node_io_servo-4] [INFO] [1732068948.788039515] [node_io_servo]: ---- Server Server Module_Input.node_io_servo: TBDT PIN: 1. QA PIN: 1.  Diff PIN: 1----
1732068948.8666866 [node_io_weigh-6] [INFO] [1732068948.865928881] [node_io_weigh]: ---- Server Server Module_Input.node_io_weigh: Enable PIN: 1. Disable PIN: 1 ----
1732068949.1390679 [node_io_servo-4] [INFO] [1732068949.138073068] [node_io_servo]: ---- Server Server Module_Input.node_io_servo: TBDT PIN: 1. QA PIN: 1.  Diff PIN: 1----
1732068949.2180355 [node_io_weigh-6] [INFO] [1732068949.217003967] [node_io_weigh]: ---- Server Server Module_Input.node_io_weigh: Enable PIN: 1. Disable PIN: 1 ----
1732068949.4882166 [node_io_servo-4] [INFO] [1732068949.487395549] [node_io_servo]: ---- Server Server Module_Input.node_io_servo: TBDT PIN: 1. QA PIN: 1.  Diff PIN: 1----
1732068949.5680022 [node_io_weigh-6] [INFO] [1732068949.566811243] [node_io_weigh]: ---- Server Server Module_Input.node_io_weigh: Enable PIN: 1. Disable PIN: 1 ----
1732068949.8393817 [node_io_servo-4] [INFO] [1732068949.838546321] [node_io_servo]: ---- Server Server Module_Input.node_io_servo: TBDT PIN: 1. QA PIN: 1.  Diff PIN: 1----
1732068949.8858137 [module_supervisor-1] [INFO] [1732068949.884062055] [Module_Supervisor]: ---- Supervisor: Connect to Module_Scanning&Interface Successfully----
1732068949.8895769 [module_supervisor-1] [INFO] [1732068949.888570244] [Module_Supervisor]: ---- Supervisor: Connect to Module_Input.node Successfully----
1732068949.8937187 [module_supervisor-1] [INFO] [1732068949.892470564] [Module_Supervisor]: ---- Supervisor: Connect to Module_Weigh Successfully----
1732068949.8977132 [module_supervisor-1] [INFO] [1732068949.896453495] [Module_Supervisor]: ---- Supervisor: Connect to Module_Motor.node_dc_motor Successfully----
1732068949.9025311 [module_supervisor-1] [INFO] [1732068949.901661310] [Module_Supervisor]: ---- Supervisor: Connect to Module_Input.node_io_servo Successfully----
1732068949.9069993 [module_supervisor-1] [INFO] [1732068949.905822018] [Module_Supervisor]: ---- Supervisor: Connect to Module_Send_Email Successfully----
1732068949.9274821 [node_io_weigh-6] [INFO] [1732068949.926049672] [node_io_weigh]: ---- Server Server Module_Input.node_io_weigh: Enable PIN: 1. Disable PIN: 1 ----
1732068950.1893408 [node_io_servo-4] [INFO] [1732068950.188017301] [node_io_servo]: ---- Server Server Module_Input.node_io_servo: TBDT PIN: 1. QA PIN: 1.  Diff PIN: 1----
1732068950.2707655 [node_io_weigh-6] [INFO] [1732068950.268898638] [node_io_weigh]: ---- Server Server Module_Input.node_io_weigh: Enable PIN: 1. Disable PIN: 1 ----
1732068950.5384350 [node_io_servo-4] [INFO] [1732068950.537572430] [node_io_servo]: ---- Server Server Module_Input.node_io_servo: TBDT PIN: 1. QA PIN: 1.  Diff PIN: 1----
1732068950.6186349 [node_io_weigh-6] [INFO] [1732068950.617753806] [node_io_weigh]: ---- Server Server Module_Input.node_io_weigh: Enable PIN: 1. Disable PIN: 1 ----
1732068950.8890269 [node_io_servo-4] [INFO] [1732068950.888139036] [node_io_servo]: ---- Server Server Module_Input.node_io_servo: TBDT PIN: 1. QA PIN: 1.  Diff PIN: 1----
1732068950.9685321 [node_io_weigh-6] [INFO] [1732068950.967720840] [node_io_weigh]: ---- Server Server Module_Input.node_io_weigh: Enable PIN: 1. Disable PIN: 1 ----
1732068951.0821149 [module_scanning_interface-2] [INFO] [1732068951.081039844] [module_scanning_interface]: Data Collect: [['IP15', 'Thiet bi dien tu'], ['NK_S1', 'Quan ao']]
1732068951.1893849 [module_scanning_interface-2] [INFO] [1732068951.188417831] [module_scanning_interface]: Data Collect: [['IP15', 'Thiet bi dien tu'], ['NK_S1', 'Quan ao']]
1732068951.2400095 [node_io_servo-4] [INFO] [1732068951.238994511] [node_io_servo]: ---- Server Server Module_Input.node_io_servo: TBDT PIN: 1. QA PIN: 1.  Diff PIN: 1----
1732068951.2945206 [module_scanning_interface-2] [INFO] [1732068951.293380327] [module_scanning_interface]: Data Collect: [['IP15', 'Thiet bi dien tu'], ['NK_S1', 'Quan ao']]
1732068951.3176737 [node_io_weigh-6] [INFO] [1732068951.316866303] [node_io_weigh]: ---- Server Server Module_Input.node_io_weigh: Enable PIN: 1. Disable PIN: 1 ----
1732068951.4045739 [module_scanning_interface-2] [INFO] [1732068951.403659563] [module_scanning_interface]: Data Collect: [['IP15', 'Thiet bi dien tu'], ['NK_S1', 'Quan ao']]
1732068951.5070794 [module_scanning_interface-2] [INFO] [1732068951.505723365] [module_scanning_interface]: Data Collect: [['IP15', 'Thiet bi dien tu'], ['NK_S1', 'Quan ao']]
1732068951.5909820 [node_io_servo-4] [INFO] [1732068951.588215974] [node_io_servo]: ---- Server Server Module_Input.node_io_servo: TBDT PIN: 1. QA PIN: 1.  Diff PIN: 1----
1732068951.6095953 [module_scanning_interface-2] [INFO] [1732068951.608813034] [module_scanning_interface]: Data Collect: [['IP15', 'Thiet bi dien tu'], ['NK_S1', 'Quan ao']]
1732068951.6686418 [node_io_weigh-6] [INFO] [1732068951.666278394] [node_io_weigh]: ---- Server Server Module_Input.node_io_weigh: Enable PIN: 1. Disable PIN: 1 ----
1732068951.7219887 [module_scanning_interface-2] [INFO] [1732068951.720755802] [module_scanning_interface]: Data Collect: [['IP15', 'Thiet bi dien tu'], ['NK_S1', 'Quan ao']]
1732068951.8213787 [module_scanning_interface-2] [INFO] [1732068951.820319167] [module_scanning_interface]: Data Collect: [['IP15', 'Thiet bi dien tu'], ['NK_S1', 'Quan ao']]
1732068951.8884139 [module_supervisor-1] [INFO] [1732068951.887514273] [Module_Supervisor]: ---- Supervisor: Connect to Module_Scanning&Interface Successfully----
1732068951.8931019 [module_supervisor-1] [INFO] [1732068951.891373019] [Module_Supervisor]: ---- Supervisor: Connect to Module_Input.node Successfully----
1732068951.8965106 [module_supervisor-1] [INFO] [1732068951.895573856] [Module_Supervisor]: ---- Supervisor: Connect to Module_Weigh Successfully----
1732068951.9028986 [module_supervisor-1] [INFO] [1732068951.899537658] [Module_Supervisor]: ---- Supervisor: Connect to Module_Motor.node_dc_motor Successfully----
1732068951.9098718 [module_supervisor-1] [INFO] [1732068951.908675978] [Module_Supervisor]: ---- Supervisor: Connect to Module_Input.node_io_servo Successfully----
1732068951.9138243 [module_supervisor-1] [INFO] [1732068951.912851964] [Module_Supervisor]: ---- Supervisor: Connect to Module_Send_Email Successfully----
1732068951.9337418 [module_scanning_interface-2] [INFO] [1732068951.932688193] [module_scanning_interface]: Data Collect: [['IP15', 'Thiet bi dien tu'], ['NK_S1', 'Quan ao']]
1732068951.9411862 [node_io_servo-4] [INFO] [1732068951.939476096] [node_io_servo]: ---- Server Server Module_Input.node_io_servo: TBDT PIN: 1. QA PIN: 1.  Diff PIN: 1----
1732068952.0174358 [node_io_weigh-6] [INFO] [1732068952.016464094] [node_io_weigh]: ---- Server Server Module_Input.node_io_weigh: Enable PIN: 1. Disable PIN: 1 ----
1732068952.2882783 [node_io_servo-4] [INFO] [1732068952.287397581] [node_io_servo]: ---- Server Server Module_Input.node_io_servo: TBDT PIN: 1. QA PIN: 1.  Diff PIN: 1----
1732068952.3683226 [node_io_weigh-6] [INFO] [1732068952.367545957] [node_io_weigh]: ---- Server Server Module_Input.node_io_weigh: Enable PIN: 1. Disable PIN: 1 ----
1732068952.6384683 [node_io_servo-4] [INFO] [1732068952.637650225] [node_io_servo]: ---- Server Server Module_Input.node_io_servo: TBDT PIN: 1. QA PIN: 1.  Diff PIN: 1----
1732068952.7184165 [node_io_weigh-6] [INFO] [1732068952.717465695] [node_io_weigh]: ---- Server Server Module_Input.node_io_weigh: Enable PIN: 1. Disable PIN: 1 ----
1732068952.9893222 [node_io_servo-4] [INFO] [1732068952.988320849] [node_io_servo]: ---- Server Server Module_Input.node_io_servo: TBDT PIN: 1. QA PIN: 1.  Diff PIN: 1----
1732068953.0667524 [node_io_weigh-6] [INFO] [1732068953.065957456] [node_io_weigh]: ---- Server Server Module_Input.node_io_weigh: Enable PIN: 1. Disable PIN: 1 ----
1732068953.3410661 [node_io_servo-4] [INFO] [1732068953.338023087] [node_io_servo]: ---- Server Server Module_Input.node_io_servo: TBDT PIN: 1. QA PIN: 1.  Diff PIN: 1----
1732068953.4182386 [node_io_weigh-6] [INFO] [1732068953.417444502] [node_io_weigh]: ---- Server Server Module_Input.node_io_weigh: Enable PIN: 1. Disable PIN: 1 ----
1732068953.6901443 [node_io_servo-4] [INFO] [1732068953.688500563] [node_io_servo]: ---- Server Server Module_Input.node_io_servo: TBDT PIN: 1. QA PIN: 1.  Diff PIN: 1----
1732068953.7799442 [node_io_weigh-6] [INFO] [1732068953.773990976] [node_io_weigh]: ---- Server Server Module_Input.node_io_weigh: Enable PIN: 1. Disable PIN: 1 ----
1732068953.8853824 [module_supervisor-1] [INFO] [1732068953.884336472] [Module_Supervisor]: ---- Supervisor: Connect to Module_Scanning&Interface Successfully----
1732068953.8925500 [module_supervisor-1] [INFO] [1732068953.889377732] [Module_Supervisor]: ---- Supervisor: Connect to Module_Input.node Successfully----
1732068953.8972974 [module_supervisor-1] [INFO] [1732068953.894785066] [Module_Supervisor]: ---- Supervisor: Connect to Module_Weigh Successfully----
1732068953.9020643 [module_supervisor-1] [INFO] [1732068953.899568753] [Module_Supervisor]: ---- Supervisor: Connect to Module_Motor.node_dc_motor Successfully----
1732068953.9101591 [module_supervisor-1] [INFO] [1732068953.908372112] [Module_Supervisor]: ---- Supervisor: Connect to Module_Input.node_io_servo Successfully----
1732068953.9211848 [module_supervisor-1] [INFO] [1732068953.913163874] [Module_Supervisor]: ---- Supervisor: Connect to Module_Send_Email Successfully----
1732068954.0412107 [node_io_servo-4] [INFO] [1732068954.040331794] [node_io_servo]: ---- Server Server Module_Input.node_io_servo: TBDT PIN: 1. QA PIN: 1.  Diff PIN: 1----
1732068954.1183767 [node_io_weigh-6] [INFO] [1732068954.117497013] [node_io_weigh]: ---- Server Server Module_Input.node_io_weigh: Enable PIN: 1. Disable PIN: 1 ----
1732068954.3883238 [node_io_servo-4] [INFO] [1732068954.387470855] [node_io_servo]: ---- Server Server Module_Input.node_io_servo: TBDT PIN: 1. QA PIN: 1.  Diff PIN: 1----
1732068954.4684753 [node_io_weigh-6] [INFO] [1732068954.467648527] [node_io_weigh]: ---- Server Server Module_Input.node_io_weigh: Enable PIN: 1. Disable PIN: 1 ----
1732068954.7423549 [node_io_servo-4] [INFO] [1732068954.740590118] [node_io_servo]: ---- Server Server Module_Input.node_io_servo: TBDT PIN: 1. QA PIN: 1.  Diff PIN: 1----
1732068954.8188300 [node_io_weigh-6] [INFO] [1732068954.817831226] [node_io_weigh]: ---- Server Server Module_Input.node_io_weigh: Enable PIN: 1. Disable PIN: 1 ----
1732068955.0885694 [node_io_servo-4] [INFO] [1732068955.087791808] [node_io_servo]: ---- Server Server Module_Input.node_io_servo: TBDT PIN: 1. QA PIN: 1.  Diff PIN: 1----
1732068955.1671512 [node_io_weigh-6] [INFO] [1732068955.166350801] [node_io_weigh]: ---- Server Server Module_Input.node_io_weigh: Enable PIN: 1. Disable PIN: 1 ----
1732068955.4391706 [node_io_servo-4] [INFO] [1732068955.438286950] [node_io_servo]: ---- Server Server Module_Input.node_io_servo: TBDT PIN: 1. QA PIN: 1.  Diff PIN: 1----
1732068955.5186350 [node_io_weigh-6] [INFO] [1732068955.516706165] [node_io_weigh]: ---- Server Server Module_Input.node_io_weigh: Enable PIN: 1. Disable PIN: 1 ----
1732068955.7883821 [node_io_servo-4] [INFO] [1732068955.787559023] [node_io_servo]: ---- Server Server Module_Input.node_io_servo: TBDT PIN: 1. QA PIN: 1.  Diff PIN: 1----
1732068955.8670561 [node_io_weigh-6] [INFO] [1732068955.866234014] [node_io_weigh]: ---- Server Server Module_Input.node_io_weigh: Enable PIN: 1. Disable PIN: 1 ----
1732068955.8858042 [module_supervisor-1] [INFO] [1732068955.884651804] [Module_Supervisor]: ---- Supervisor: Connect to Module_Scanning&Interface Successfully----
1732068955.8904414 [module_supervisor-1] [INFO] [1732068955.889027881] [Module_Supervisor]: ---- Supervisor: Connect to Module_Input.node Successfully----
1732068955.8936830 [module_supervisor-1] [INFO] [1732068955.892631554] [Module_Supervisor]: ---- Supervisor: Connect to Module_Weigh Successfully----
1732068955.8978553 [module_supervisor-1] [INFO] [1732068955.896825966] [Module_Supervisor]: ---- Supervisor: Connect to Module_Motor.node_dc_motor Successfully----
1732068955.9015670 [module_supervisor-1] [INFO] [1732068955.900513824] [Module_Supervisor]: ---- Supervisor: Connect to Module_Input.node_io_servo Successfully----
1732068955.9076717 [module_supervisor-1] [INFO] [1732068955.904410588] [Module_Supervisor]: ---- Supervisor: Connect to Module_Send_Email Successfully----
1732068956.1439946 [node_io_servo-4] [INFO] [1732068956.142983889] [node_io_servo]: ---- Server Server Module_Input.node_io_servo: TBDT PIN: 1. QA PIN: 1.  Diff PIN: 1----
1732068956.1991491 [module_scanning_interface-2] [INFO] [1732068956.198302126] [module_scanning_interface]: Data Collect: [['IP15', 'Thiet bi dien tu'], ['NK_S1', 'Quan ao'], ['ABCD', 'Khac']]
1732068956.2233486 [node_io_weigh-6] [INFO] [1732068956.217301025] [node_io_weigh]: ---- Server Server Module_Input.node_io_weigh: Enable PIN: 1. Disable PIN: 1 ----
1732068956.2856753 [module_scanning_interface-2] /home/tomccd/Documents/Code/Python/DATN/install/module_scanning_interface/lib/python3.12/site-packages/module_scanning_interface/module_scanning_interface.py:340: UserWarning: pandas only supports SQLAlchemy connectable (engine/connection) or database string URI or sqlite3 DBAPI2 connection. Other DBAPI2 objects are not tested. Please consider using SQLAlchemy.
1732068956.2862098 [module_scanning_interface-2]   df = pd.read_sql(sql_query,self.conn)
1732068956.3074818 [module_scanning_interface-2] [INFO] [1732068956.305913057] [module_scanning_interface]: Data Collect: [['IP15', 'Thiet bi dien tu'], ['NK_S1', 'Quan ao'], ['ABCD', 'Khac']]
1732068956.3939598 [module_scanning_interface-2] /home/tomccd/Documents/Code/Python/DATN/install/module_scanning_interface/lib/python3.12/site-packages/module_scanning_interface/module_scanning_interface.py:340: UserWarning: pandas only supports SQLAlchemy connectable (engine/connection) or database string URI or sqlite3 DBAPI2 connection. Other DBAPI2 objects are not tested. Please consider using SQLAlchemy.
1732068956.3944838 [module_scanning_interface-2]   df = pd.read_sql(sql_query,self.conn)
1732068956.4103069 [module_scanning_interface-2] [INFO] [1732068956.409301298] [module_scanning_interface]: Data Collect: [['IP15', 'Thiet bi dien tu'], ['NK_S1', 'Quan ao'], ['ABCD', 'Khac']]
1732068956.4856417 [module_scanning_interface-2] /home/tomccd/Documents/Code/Python/DATN/install/module_scanning_interface/lib/python3.12/site-packages/module_scanning_interface/module_scanning_interface.py:340: UserWarning: pandas only supports SQLAlchemy connectable (engine/connection) or database string URI or sqlite3 DBAPI2 connection. Other DBAPI2 objects are not tested. Please consider using SQLAlchemy.
1732068956.4861372 [module_scanning_interface-2]   df = pd.read_sql(sql_query,self.conn)
1732068956.4890604 [node_io_servo-4] [INFO] [1732068956.488193456] [node_io_servo]: ---- Server Server Module_Input.node_io_servo: TBDT PIN: 1. QA PIN: 1.  Diff PIN: 1----
1732068956.5033743 [module_scanning_interface-2] [INFO] [1732068956.501004394] [module_scanning_interface]: Data Collect: [['IP15', 'Thiet bi dien tu'], ['NK_S1', 'Quan ao'], ['ABCD', 'Khac']]
1732068956.5763843 [node_io_weigh-6] [INFO] [1732068956.575528955] [node_io_weigh]: ---- Server Server Module_Input.node_io_weigh: Enable PIN: 1. Disable PIN: 1 ----
1732068956.5946028 [module_scanning_interface-2] /home/tomccd/Documents/Code/Python/DATN/install/module_scanning_interface/lib/python3.12/site-packages/module_scanning_interface/module_scanning_interface.py:340: UserWarning: pandas only supports SQLAlchemy connectable (engine/connection) or database string URI or sqlite3 DBAPI2 connection. Other DBAPI2 objects are not tested. Please consider using SQLAlchemy.
1732068956.5954695 [module_scanning_interface-2]   df = pd.read_sql(sql_query,self.conn)
1732068956.6080992 [module_scanning_interface-2] [INFO] [1732068956.606867571] [module_scanning_interface]: Data Collect: [['IP15', 'Thiet bi dien tu'], ['NK_S1', 'Quan ao'], ['ABCD', 'Khac']]
1732068956.6894333 [module_scanning_interface-2] /home/tomccd/Documents/Code/Python/DATN/install/module_scanning_interface/lib/python3.12/site-packages/module_scanning_interface/module_scanning_interface.py:340: UserWarning: pandas only supports SQLAlchemy connectable (engine/connection) or database string URI or sqlite3 DBAPI2 connection. Other DBAPI2 objects are not tested. Please consider using SQLAlchemy.
1732068956.6900065 [module_scanning_interface-2]   df = pd.read_sql(sql_query,self.conn)
1732068956.7172275 [module_scanning_interface-2] [INFO] [1732068956.715522461] [module_scanning_interface]: Data Collect: [['IP15', 'Thiet bi dien tu'], ['NK_S1', 'Quan ao'], ['ABCD', 'Khac']]
1732068956.8026888 [module_scanning_interface-2] /home/tomccd/Documents/Code/Python/DATN/install/module_scanning_interface/lib/python3.12/site-packages/module_scanning_interface/module_scanning_interface.py:340: UserWarning: pandas only supports SQLAlchemy connectable (engine/connection) or database string URI or sqlite3 DBAPI2 connection. Other DBAPI2 objects are not tested. Please consider using SQLAlchemy.
1732068956.8032277 [module_scanning_interface-2]   df = pd.read_sql(sql_query,self.conn)
1732068956.8246193 [module_scanning_interface-2] [INFO] [1732068956.823584501] [module_scanning_interface]: Data Collect: [['IP15', 'Thiet bi dien tu'], ['NK_S1', 'Quan ao'], ['ABCD', 'Khac']]
1732068956.8413782 [node_io_servo-4] [INFO] [1732068956.840366444] [node_io_servo]: ---- Server Server Module_Input.node_io_servo: TBDT PIN: 1. QA PIN: 1.  Diff PIN: 1----
1732068956.9036117 [module_scanning_interface-2] /home/tomccd/Documents/Code/Python/DATN/install/module_scanning_interface/lib/python3.12/site-packages/module_scanning_interface/module_scanning_interface.py:340: UserWarning: pandas only supports SQLAlchemy connectable (engine/connection) or database string URI or sqlite3 DBAPI2 connection. Other DBAPI2 objects are not tested. Please consider using SQLAlchemy.
1732068956.9041717 [module_scanning_interface-2]   df = pd.read_sql(sql_query,self.conn)
1732068956.9216862 [node_io_weigh-6] [INFO] [1732068956.920556301] [node_io_weigh]: ---- Server Server Module_Input.node_io_weigh: Enable PIN: 1. Disable PIN: 1 ----
1732068956.9241605 [module_scanning_interface-2] [INFO] [1732068956.923132366] [module_scanning_interface]: Data Collect: [['IP15', 'Thiet bi dien tu'], ['NK_S1', 'Quan ao'], ['ABCD', 'Khac']]
1732068957.0857613 [module_scanning_interface-2] /home/tomccd/Documents/Code/Python/DATN/install/module_scanning_interface/lib/python3.12/site-packages/module_scanning_interface/module_scanning_interface.py:340: UserWarning: pandas only supports SQLAlchemy connectable (engine/connection) or database string URI or sqlite3 DBAPI2 connection. Other DBAPI2 objects are not tested. Please consider using SQLAlchemy.
1732068957.0862689 [module_scanning_interface-2]   df = pd.read_sql(sql_query,self.conn)
1732068957.1055598 [module_scanning_interface-2] [INFO] [1732068957.104438712] [module_scanning_interface]: Data Collect: [['IP15', 'Thiet bi dien tu'], ['NK_S1', 'Quan ao'], ['ABCD', 'Khac']]
1732068957.1914930 [node_io_servo-4] [INFO] [1732068957.190183032] [node_io_servo]: ---- Server Server Module_Input.node_io_servo: TBDT PIN: 1. QA PIN: 1.  Diff PIN: 1----
1732068957.2688310 [node_io_weigh-6] [INFO] [1732068957.267858897] [node_io_weigh]: ---- Server Server Module_Input.node_io_weigh: Enable PIN: 1. Disable PIN: 1 ----
1732068957.5384521 [node_io_servo-4] [INFO] [1732068957.537616350] [node_io_servo]: ---- Server Server Module_Input.node_io_servo: TBDT PIN: 1. QA PIN: 1.  Diff PIN: 1----
1732068957.6183193 [node_io_weigh-6] [INFO] [1732068957.617501486] [node_io_weigh]: ---- Server Server Module_Input.node_io_weigh: Enable PIN: 1. Disable PIN: 1 ----
1732068957.8846848 [module_supervisor-1] [INFO] [1732068957.883810710] [Module_Supervisor]: ---- Supervisor: Connect to Module_Scanning&Interface Successfully----
1732068957.8910635 [module_supervisor-1] [INFO] [1732068957.887187106] [Module_Supervisor]: ---- Supervisor: Connect to Module_Input.node Successfully----
1732068957.8927212 [node_io_servo-4] [INFO] [1732068957.889963060] [node_io_servo]: ---- Server Server Module_Input.node_io_servo: TBDT PIN: 1. QA PIN: 1.  Diff PIN: 1----
1732068957.8944585 [module_supervisor-1] [INFO] [1732068957.890577983] [Module_Supervisor]: ---- Supervisor: Connect to Module_Weigh Successfully----
1732068957.8967278 [module_supervisor-1] [INFO] [1732068957.894574674] [Module_Supervisor]: ---- Supervisor: Connect to Module_Motor.node_dc_motor Successfully----
1732068957.9021213 [module_supervisor-1] [INFO] [1732068957.898856344] [Module_Supervisor]: ---- Supervisor: Connect to Module_Input.node_io_servo Successfully----
1732068957.9086189 [module_supervisor-1] [INFO] [1732068957.907519963] [Module_Supervisor]: ---- Supervisor: Connect to Module_Send_Email Successfully----
1732068957.9679117 [node_io_weigh-6] [INFO] [1732068957.966637854] [node_io_weigh]: ---- Server Server Module_Input.node_io_weigh: Enable PIN: 1. Disable PIN: 1 ----
1732068958.2383871 [node_io_servo-4] [INFO] [1732068958.237513007] [node_io_servo]: ---- Server Server Module_Input.node_io_servo: TBDT PIN: 1. QA PIN: 1.  Diff PIN: 1----
1732068958.3170557 [node_io_weigh-6] [INFO] [1732068958.316098518] [node_io_weigh]: ---- Server Server Module_Input.node_io_weigh: Enable PIN: 1. Disable PIN: 1 ----
1732068958.5911694 [node_io_servo-4] [INFO] [1732068958.589586236] [node_io_servo]: ---- Server Server Module_Input.node_io_servo: TBDT PIN: 1. QA PIN: 1.  Diff PIN: 1----
1732068958.6666675 [node_io_weigh-6] [INFO] [1732068958.665923531] [node_io_weigh]: ---- Server Server Module_Input.node_io_weigh: Enable PIN: 1. Disable PIN: 1 ----
1732068958.9397154 [node_io_servo-4] [INFO] [1732068958.938508752] [node_io_servo]: ---- Server Server Module_Input.node_io_servo: TBDT PIN: 1. QA PIN: 1.  Diff PIN: 1----
1732068959.0182679 [node_io_weigh-6] [INFO] [1732068959.017222466] [node_io_weigh]: ---- Server Server Module_Input.node_io_weigh: Enable PIN: 1. Disable PIN: 1 ----
1732068959.2882853 [node_io_servo-4] [INFO] [1732068959.287493584] [node_io_servo]: ---- Server Server Module_Input.node_io_servo: TBDT PIN: 1. QA PIN: 1.  Diff PIN: 1----
1732068959.3673592 [node_io_weigh-6] [INFO] [1732068959.366548944] [node_io_weigh]: ---- Server Server Module_Input.node_io_weigh: Enable PIN: 1. Disable PIN: 1 ----
1732068959.6385894 [node_io_servo-4] [INFO] [1732068959.637721225] [node_io_servo]: ---- Server Server Module_Input.node_io_servo: TBDT PIN: 1. QA PIN: 1.  Diff PIN: 1----
1732068959.7180002 [node_io_weigh-6] [INFO] [1732068959.717006011] [node_io_weigh]: ---- Server Server Module_Input.node_io_weigh: Enable PIN: 1. Disable PIN: 1 ----
1732068959.8841734 [module_supervisor-1] [INFO] [1732068959.883005335] [Module_Supervisor]: ---- Supervisor: Connect to Module_Scanning&Interface Successfully----
1732068959.8914533 [module_supervisor-1] [INFO] [1732068959.890001737] [Module_Supervisor]: ---- Supervisor: Connect to Module_Input.node Successfully----
1732068959.8950791 [module_supervisor-1] [INFO] [1732068959.893928039] [Module_Supervisor]: ---- Supervisor: Connect to Module_Weigh Successfully----
1732068959.9005253 [module_supervisor-1] [INFO] [1732068959.899234687] [Module_Supervisor]: ---- Supervisor: Connect to Module_Motor.node_dc_motor Successfully----
1732068959.9089999 [module_supervisor-1] [INFO] [1732068959.905460833] [Module_Supervisor]: ---- Supervisor: Connect to Module_Input.node_io_servo Successfully----
1732068959.9124398 [module_supervisor-1] [INFO] [1732068959.909945040] [Module_Supervisor]: ---- Supervisor: Connect to Module_Send_Email Successfully----
1732068959.9882319 [node_io_servo-4] [INFO] [1732068959.987377091] [node_io_servo]: ---- Server Server Module_Input.node_io_servo: TBDT PIN: 1. QA PIN: 1.  Diff PIN: 1----
1732068960.0670419 [node_io_weigh-6] [INFO] [1732068960.066196508] [node_io_weigh]: ---- Server Server Module_Input.node_io_weigh: Enable PIN: 1. Disable PIN: 1 ----
1732068960.3398421 [node_io_servo-4] [INFO] [1732068960.338588748] [node_io_servo]: ---- Server Server Module_Input.node_io_servo: TBDT PIN: 1. QA PIN: 1.  Diff PIN: 1----
1732068960.4178405 [node_io_weigh-6] [INFO] [1732068960.416992148] [node_io_weigh]: ---- Server Server Module_Input.node_io_weigh: Enable PIN: 1. Disable PIN: 1 ----
1732068960.6885085 [node_io_servo-4] [INFO] [1732068960.687686412] [node_io_servo]: ---- Server Server Module_Input.node_io_servo: TBDT PIN: 1. QA PIN: 1.  Diff PIN: 1----
1732068960.7678661 [node_io_weigh-6] [INFO] [1732068960.766549588] [node_io_weigh]: ---- Server Server Module_Input.node_io_weigh: Enable PIN: 1. Disable PIN: 1 ----
1732068961.0392554 [node_io_servo-4] [INFO] [1732068961.038351274] [node_io_servo]: ---- Server Server Module_Input.node_io_servo: TBDT PIN: 1. QA PIN: 1.  Diff PIN: 1----
1732068961.1166902 [node_io_weigh-6] [INFO] [1732068961.115898677] [node_io_weigh]: ---- Server Server Module_Input.node_io_weigh: Enable PIN: 1. Disable PIN: 1 ----
1732068961.3915043 [node_io_servo-4] [INFO] [1732068961.389663282] [node_io_servo]: ---- Server Server Module_Input.node_io_servo: TBDT PIN: 1. QA PIN: 1.  Diff PIN: 1----
1732068961.4696424 [node_io_weigh-6] [INFO] [1732068961.468855790] [node_io_weigh]: ---- Server Server Module_Input.node_io_weigh: Enable PIN: 1. Disable PIN: 1 ----
1732068961.7385271 [node_io_servo-4] [INFO] [1732068961.737736097] [node_io_servo]: ---- Server Server Module_Input.node_io_servo: TBDT PIN: 1. QA PIN: 1.  Diff PIN: 1----
1732068961.8171329 [node_io_weigh-6] [INFO] [1732068961.816234663] [node_io_weigh]: ---- Server Server Module_Input.node_io_weigh: Enable PIN: 1. Disable PIN: 1 ----
1732068961.8869865 [module_supervisor-1] [INFO] [1732068961.885317354] [Module_Supervisor]: ---- Supervisor: Connect to Module_Scanning&Interface Successfully----
1732068961.8929272 [module_supervisor-1] [INFO] [1732068961.889240340] [Module_Supervisor]: ---- Supervisor: Connect to Module_Input.node Successfully----
1732068961.8985755 [module_supervisor-1] [INFO] [1732068961.896170113] [Module_Supervisor]: ---- Supervisor: Connect to Module_Weigh Successfully----
1732068961.9065835 [module_supervisor-1] [INFO] [1732068961.902509258] [Module_Supervisor]: ---- Supervisor: Connect to Module_Motor.node_dc_motor Successfully----
1732068961.9095075 [module_supervisor-1] [INFO] [1732068961.908638274] [Module_Supervisor]: ---- Supervisor: Connect to Module_Input.node_io_servo Successfully----
1732068961.9192491 [module_supervisor-1] [INFO] [1732068961.915281141] [Module_Supervisor]: ---- Supervisor: Connect to Module_Send_Email Successfully----
1732068962.0920987 [node_io_servo-4] [INFO] [1732068962.089702658] [node_io_servo]: ---- Server Server Module_Input.node_io_servo: TBDT PIN: 1. QA PIN: 1.  Diff PIN: 1----
1732068962.1716905 [node_io_weigh-6] [INFO] [1732068962.166249453] [node_io_weigh]: ---- Server Server Module_Input.node_io_weigh: Enable PIN: 1. Disable PIN: 1 ----
1732068962.4402966 [node_io_servo-4] [INFO] [1732068962.439271634] [node_io_servo]: ---- Server Server Module_Input.node_io_servo: TBDT PIN: 1. QA PIN: 1.  Diff PIN: 1----
1732068962.5174446 [node_io_weigh-6] [INFO] [1732068962.516467853] [node_io_weigh]: ---- Server Server Module_Input.node_io_weigh: Enable PIN: 0. Disable PIN: 1 ----
1732068962.6279309 [module_weigh-7] [INFO] [1732068962.625628444] [module_weigh]: ---- Server Module Weigh Receive Message: True ----
1732068962.7939973 [node_io_servo-4] [INFO] [1732068962.788935036] [node_io_servo]: ---- Server Server Module_Input.node_io_servo: TBDT PIN: 1. QA PIN: 1.  Diff PIN: 1----
1732068962.8669958 [node_io_weigh-6] [INFO] [1732068962.866166273] [node_io_weigh]: ---- Server Server Module_Input.node_io_weigh: Enable PIN: 1. Disable PIN: 1 ----
1732068963.1392162 [node_io_servo-4] [INFO] [1732068963.138317550] [node_io_servo]: ---- Server Server Module_Input.node_io_servo: TBDT PIN: 1. QA PIN: 1.  Diff PIN: 1----
1732068963.2168350 [node_io_weigh-6] [INFO] [1732068963.215980823] [node_io_weigh]: ---- Server Server Module_Input.node_io_weigh: Enable PIN: 1. Disable PIN: 0 ----
1732068963.2224681 [module_weigh-7] [INFO] [1732068963.221372767] [module_weigh]: ---- Server Module Weigh Receive Message: False ----
1732068963.4381080 [module_weigh-7] [INFO] [1732068963.437116440] [module_weigh]: --- Server Module_Weigh Max: 85.25
1732068963.4466629 [module_scanning_interface-2] [INFO] [1732068963.444673803] [module_scanning_interface]: Data Collect: [['IP15', 'Thiet bi dien tu', 84.33999633789062], ['NK_S1', 'Quan ao'], ['ABCD', 'Khac']]
1732068963.4887033 [node_io_servo-4] [INFO] [1732068963.487891619] [node_io_servo]: ---- Server Server Module_Input.node_io_servo: TBDT PIN: 1. QA PIN: 1.  Diff PIN: 1----
1732068963.5670040 [node_io_weigh-6] [INFO] [1732068963.566155926] [node_io_weigh]: ---- Server Server Module_Input.node_io_weigh: Enable PIN: 1. Disable PIN: 1 ----
1732068963.8394639 [node_io_servo-4] [INFO] [1732068963.838375666] [node_io_servo]: ---- Server Server Module_Input.node_io_servo: TBDT PIN: 1. QA PIN: 1.  Diff PIN: 1----
1732068963.8856699 [module_supervisor-1] [INFO] [1732068963.884422268] [Module_Supervisor]: ---- Supervisor: Connect to Module_Scanning&Interface Successfully----
1732068963.8928952 [module_supervisor-1] [INFO] [1732068963.889027938] [Module_Supervisor]: ---- Supervisor: Connect to Module_Input.node Successfully----
1732068963.8954091 [module_supervisor-1] [INFO] [1732068963.894492123] [Module_Supervisor]: ---- Supervisor: Connect to Module_Weigh Successfully----
1732068963.9008965 [module_supervisor-1] [INFO] [1732068963.899178885] [Module_Supervisor]: ---- Supervisor: Connect to Module_Motor.node_dc_motor Successfully----
1732068963.9053838 [module_supervisor-1] [INFO] [1732068963.904004591] [Module_Supervisor]: ---- Supervisor: Connect to Module_Input.node_io_servo Successfully----
1732068963.9114394 [module_supervisor-1] [INFO] [1732068963.910415772] [Module_Supervisor]: ---- Supervisor: Connect to Module_Send_Email Successfully----
1732068963.9239950 [node_io_weigh-6] [INFO] [1732068963.922186658] [node_io_weigh]: ---- Server Server Module_Input.node_io_weigh: Enable PIN: 1. Disable PIN: 1 ----
1732068964.1913226 [node_io_servo-4] [INFO] [1732068964.190476855] [node_io_servo]: ---- Server Server Module_Input.node_io_servo: TBDT PIN: 1. QA PIN: 1.  Diff PIN: 1----
1732068964.2701366 [node_io_weigh-6] [INFO] [1732068964.268591034] [node_io_weigh]: ---- Server Server Module_Input.node_io_weigh: Enable PIN: 1. Disable PIN: 1 ----
1732068964.5394595 [node_io_servo-4] [INFO] [1732068964.538573892] [node_io_servo]: ---- Server Server Module_Input.node_io_servo: TBDT PIN: 1. QA PIN: 1.  Diff PIN: 1----
1732068964.6190116 [node_io_weigh-6] [INFO] [1732068964.617909714] [node_io_weigh]: ---- Server Server Module_Input.node_io_weigh: Enable PIN: 1. Disable PIN: 1 ----
1732068964.8906822 [node_io_servo-4] [INFO] [1732068964.889710307] [node_io_servo]: ---- Server Server Module_Input.node_io_servo: TBDT PIN: 0. QA PIN: 1.  Diff PIN: 1----
1732068964.8994560 [module_scanning_interface-2] [INFO] [1732068964.898269129] [module_scanning_interface]: ---- Module_Scanning_Interface: Type Product: Thiet bi dien tu
1732068964.9046106 [module_scanning_interface-2] [INFO] [1732068964.902041246] [module_scanning_interface]: ---- Module_Scanning_Interface: Remain Data: [['NK_S1', 'Quan ao'], ['ABCD', 'Khac']]
1732068964.9066133 [node_dc_servo-3] [INFO] [1732068964.905419087] [node_servo_motor]: ---- Node_DC_Servo: Rotate Servo TBDT DSG ----
1732068964.9693382 [node_io_weigh-6] [INFO] [1732068964.968387168] [node_io_weigh]: ---- Server Server Module_Input.node_io_weigh: Enable PIN: 1. Disable PIN: 1 ----
1732068965.2385643 [node_io_servo-4] [INFO] [1732068965.237566307] [node_io_servo]: ---- Server Server Module_Input.node_io_servo: TBDT PIN: 0. QA PIN: 1.  Diff PIN: 1----
1732068965.2430232 [module_scanning_interface-2] [INFO] [1732068965.242012384] [module_scanning_interface]: ---- Module_Scanning_Interface: Remain Data: [['ABCD', 'Khac']]
1732068965.2500610 [node_dc_servo-3] [INFO] [1732068965.248266011] [node_servo_motor]: ---- Node_DC_Servo: Rotate Servo TBDT AVD ----
1732068965.2532408 [module_scanning_interface-2] [WARN] [1732068965.252261923] [module_scanning_interface]: ---- Server Module_Scanning&Interface: Detect Product didn't weigh. ID: ABCD ----
1732068965.3188138 [node_io_weigh-6] [INFO] [1732068965.317276109] [node_io_weigh]: ---- Server Server Module_Input.node_io_weigh: Enable PIN: 1. Disable PIN: 1 ----
1732068965.5887005 [node_io_servo-4] [INFO] [1732068965.587854909] [node_io_servo]: ---- Server Server Module_Input.node_io_servo: TBDT PIN: 1. QA PIN: 1.  Diff PIN: 1----
1732068965.6666718 [node_io_weigh-6] [INFO] [1732068965.665864514] [node_io_weigh]: ---- Server Server Module_Input.node_io_weigh: Enable PIN: 1. Disable PIN: 1 ----
1732068965.8850033 [module_supervisor-1] [INFO] [1732068965.883977197] [Module_Supervisor]: ---- Supervisor: Connect to Module_Scanning&Interface Successfully----
1732068965.8918879 [module_supervisor-1] [INFO] [1732068965.890969506] [Module_Supervisor]: ---- Supervisor: Connect to Module_Input.node Successfully----
1732068965.8980441 [module_supervisor-1] [INFO] [1732068965.895313639] [Module_Supervisor]: ---- Supervisor: Connect to Module_Weigh Successfully----
1732068965.9052207 [module_supervisor-1] [INFO] [1732068965.903645630] [Module_Supervisor]: ---- Supervisor: Connect to Module_Motor.node_dc_motor Successfully----
1732068965.9153237 [module_supervisor-1] [INFO] [1732068965.913824465] [Module_Supervisor]: ---- Supervisor: Connect to Module_Input.node_io_servo Successfully----
1732068965.9224684 [module_supervisor-1] [INFO] [1732068965.921549772] [Module_Supervisor]: ---- Supervisor: Connect to Module_Send_Email Successfully----
1732068965.9417467 [node_io_servo-4] [INFO] [1732068965.940834188] [node_io_servo]: ---- Server Server Module_Input.node_io_servo: TBDT PIN: 1. QA PIN: 0.  Diff PIN: 1----
1732068965.9538753 [module_scanning_interface-2] [WARN] [1732068965.950461192] [module_scanning_interface]: ---- Server Module_Scanning&Interface: Detect Product didn't weigh. ID: ABCD ----
1732068965.9563191 [node_dc_servo-3] [INFO] [1732068965.951869206] [node_servo_motor]: ---- Node_DC_Servo: Rotate Servo QA AVD ----
1732068966.0196254 [node_io_weigh-6] [INFO] [1732068966.018531534] [node_io_weigh]: ---- Server Server Module_Input.node_io_weigh: Enable PIN: 1. Disable PIN: 1 ----
1732068966.2886589 [node_io_servo-4] [INFO] [1732068966.287817024] [node_io_servo]: ---- Server Server Module_Input.node_io_servo: TBDT PIN: 1. QA PIN: 1.  Diff PIN: 1----
1732068966.3693106 [node_io_weigh-6] [INFO] [1732068966.367107143] [node_io_weigh]: ---- Server Server Module_Input.node_io_weigh: Enable PIN: 1. Disable PIN: 1 ----
1732068966.6442771 [node_io_servo-4] [INFO] [1732068966.643044980] [node_io_servo]: ---- Server Server Module_Input.node_io_servo: TBDT PIN: 1. QA PIN: 1.  Diff PIN: 1----
1732068966.7184658 [node_io_weigh-6] [INFO] [1732068966.717467523] [node_io_weigh]: ---- Server Server Module_Input.node_io_weigh: Enable PIN: 0. Disable PIN: 1 ----
1732068966.7219791 [module_weigh-7] [INFO] [1732068966.721184306] [module_weigh]: ---- Server Module Weigh Receive Message: True ----
1732068966.9944835 [node_io_servo-4] [INFO] [1732068966.991749754] [node_io_servo]: ---- Server Server Module_Input.node_io_servo: TBDT PIN: 1. QA PIN: 1.  Diff PIN: 0----
1732068967.0099621 [module_scanning_interface-2] [WARN] [1732068967.007718848] [module_scanning_interface]: ---- Server Module_Scanning&Interface: Detect Product didn't weigh. ID: ABCD ----
1732068967.0672328 [node_io_weigh-6] [INFO] [1732068967.066381944] [node_io_weigh]: ---- Server Server Module_Input.node_io_weigh: Enable PIN: 1. Disable PIN: 1 ----
1732068967.3416498 [node_io_servo-4] [INFO] [1732068967.339094052] [node_io_servo]: ---- Server Server Module_Input.node_io_servo: TBDT PIN: 1. QA PIN: 1.  Diff PIN: 1----
1732068967.4178247 [node_io_weigh-6] [INFO] [1732068967.417006823] [node_io_weigh]: ---- Server Server Module_Input.node_io_weigh: Enable PIN: 1. Disable PIN: 0 ----
1732068967.4336176 [module_weigh-7] [INFO] [1732068967.430413777] [module_weigh]: ---- Server Module Weigh Receive Message: False ----
1732068967.5196378 [module_weigh-7] [INFO] [1732068967.518825920] [module_weigh]: --- Server Module_Weigh Max: 60.44
1732068967.5355349 [module_scanning_interface-2] [INFO] [1732068967.534635348] [module_scanning_interface]: Data Collect: [['ABCD', 'Khac', 51.45000076293945]]
1732068967.6904407 [node_io_servo-4] [INFO] [1732068967.689585431] [node_io_servo]: ---- Server Server Module_Input.node_io_servo: TBDT PIN: 1. QA PIN: 1.  Diff PIN: 1----
1732068967.7689562 [node_io_weigh-6] [INFO] [1732068967.767961201] [node_io_weigh]: ---- Server Server Module_Input.node_io_weigh: Enable PIN: 1. Disable PIN: 1 ----
1732068967.8843629 [module_supervisor-1] [INFO] [1732068967.882758420] [Module_Supervisor]: ---- Supervisor: Connect to Module_Scanning&Interface Successfully----
1732068967.8886347 [module_supervisor-1] [INFO] [1732068967.887532163] [Module_Supervisor]: ---- Supervisor: Connect to Module_Input.node Successfully----
1732068967.8933191 [module_supervisor-1] [INFO] [1732068967.892377832] [Module_Supervisor]: ---- Supervisor: Connect to Module_Weigh Successfully----
1732068967.8993626 [module_supervisor-1] [INFO] [1732068967.896452040] [Module_Supervisor]: ---- Supervisor: Connect to Module_Motor.node_dc_motor Successfully----
1732068967.9039960 [module_supervisor-1] [INFO] [1732068967.902191891] [Module_Supervisor]: ---- Supervisor: Connect to Module_Input.node_io_servo Successfully----
1732068967.9117575 [module_supervisor-1] [INFO] [1732068967.906749653] [Module_Supervisor]: ---- Supervisor: Connect to Module_Send_Email Successfully----
1732068968.0386457 [node_io_servo-4] [INFO] [1732068968.037852929] [node_io_servo]: ---- Server Server Module_Input.node_io_servo: TBDT PIN: 1. QA PIN: 1.  Diff PIN: 1----
1732068968.1166253 [node_io_weigh-6] [INFO] [1732068968.115885588] [node_io_weigh]: ---- Server Server Module_Input.node_io_weigh: Enable PIN: 1. Disable PIN: 1 ----
1732068968.3896825 [node_io_servo-4] [INFO] [1732068968.388862380] [node_io_servo]: ---- Server Server Module_Input.node_io_servo: TBDT PIN: 1. QA PIN: 1.  Diff PIN: 1----
1732068968.4678779 [node_io_weigh-6] [INFO] [1732068968.466936039] [node_io_weigh]: ---- Server Server Module_Input.node_io_weigh: Enable PIN: 1. Disable PIN: 1 ----
1732068968.7382891 [node_io_servo-4] [INFO] [1732068968.737433339] [node_io_servo]: ---- Server Server Module_Input.node_io_servo: TBDT PIN: 1. QA PIN: 1.  Diff PIN: 1----
1732068968.8170915 [node_io_weigh-6] [INFO] [1732068968.816261237] [node_io_weigh]: ---- Server Server Module_Input.node_io_weigh: Enable PIN: 1. Disable PIN: 1 ----
1732068969.0888433 [node_io_servo-4] [INFO] [1732068969.087822570] [node_io_servo]: ---- Server Server Module_Input.node_io_servo: TBDT PIN: 1. QA PIN: 1.  Diff PIN: 1----
1732068969.1669097 [node_io_weigh-6] [INFO] [1732068969.166101340] [node_io_weigh]: ---- Server Server Module_Input.node_io_weigh: Enable PIN: 1. Disable PIN: 1 ----
1732068969.4456773 [node_io_servo-4] [INFO] [1732068969.444641538] [node_io_servo]: ---- Server Server Module_Input.node_io_servo: TBDT PIN: 0. QA PIN: 1.  Diff PIN: 1----
1732068969.4544032 [module_scanning_interface-2] [INFO] [1732068969.452883140] [module_scanning_interface]: ---- Module_Scanning_Interface: Type Product: Khac
1732068969.4660919 [node_dc_servo-3] [INFO] [1732068969.463942047] [node_servo_motor]: ---- Node_DC_Servo: Rotate Servo TBDT AVD ----
1732068969.5170951 [node_io_weigh-6] [INFO] [1732068969.516229535] [node_io_weigh]: ---- Server Server Module_Input.node_io_weigh: Enable PIN: 1. Disable PIN: 1 ----
1732068969.7883241 [node_io_servo-4] [INFO] [1732068969.787470387] [node_io_servo]: ---- Server Server Module_Input.node_io_servo: TBDT PIN: 1. QA PIN: 1.  Diff PIN: 1----
1732068969.8671911 [node_io_weigh-6] [INFO] [1732068969.866185767] [node_io_weigh]: ---- Server Server Module_Input.node_io_weigh: Enable PIN: 1. Disable PIN: 1 ----
1732068969.8868401 [module_supervisor-1] [INFO] [1732068969.883393468] [Module_Supervisor]: ---- Supervisor: Connect to Module_Scanning&Interface Successfully----
1732068969.8905113 [module_supervisor-1] [INFO] [1732068969.889567706] [Module_Supervisor]: ---- Supervisor: Connect to Module_Input.node Successfully----
1732068969.8945463 [module_supervisor-1] [INFO] [1732068969.893538637] [Module_Supervisor]: ---- Supervisor: Connect to Module_Weigh Successfully----
1732068969.8979082 [module_supervisor-1] [INFO] [1732068969.897043662] [Module_Supervisor]: ---- Supervisor: Connect to Module_Motor.node_dc_motor Successfully----
1732068969.9011738 [module_supervisor-1] [INFO] [1732068969.900390521] [Module_Supervisor]: ---- Supervisor: Connect to Module_Input.node_io_servo Successfully----
1732068969.9048901 [module_supervisor-1] [INFO] [1732068969.903910583] [Module_Supervisor]: ---- Supervisor: Connect to Module_Send_Email Successfully----
1732068970.1414030 [node_io_servo-4] [INFO] [1732068970.140327443] [node_io_servo]: ---- Server Server Module_Input.node_io_servo: TBDT PIN: 1. QA PIN: 1.  Diff PIN: 1----
1732068970.2317371 [node_io_weigh-6] [INFO] [1732068970.225751948] [node_io_weigh]: ---- Server Server Module_Input.node_io_weigh: Enable PIN: 1. Disable PIN: 1 ----
1732068970.4963517 [node_io_servo-4] [INFO] [1732068970.490637007] [node_io_servo]: ---- Server Server Module_Input.node_io_servo: TBDT PIN: 1. QA PIN: 0.  Diff PIN: 1----
1732068970.5077484 [module_scanning_interface-2] [INFO] [1732068970.506443990] [module_scanning_interface]: ---- Module_Scanning_Interface: Type Product: Khac
1732068970.5296013 [node_dc_servo-3] [INFO] [1732068970.517887562] [node_servo_motor]: ---- Node_DC_Servo: Rotate Servo QA AVD ----
1732068970.5393150 [module_scanning_interface-2] [INFO] [1732068970.515282960] [module_scanning_interface]: ---- Module_Scanning_Interface: Remain Data: [['ABCD', 'Khac', 51.45000076293945]]
1732068970.5978472 [node_io_weigh-6] [INFO] [1732068970.588988227] [node_io_weigh]: ---- Server Server Module_Input.node_io_weigh: Enable PIN: 1. Disable PIN: 1 ----
1732068970.8498929 [node_io_servo-4] [INFO] [1732068970.846436164] [node_io_servo]: ---- Server Server Module_Input.node_io_servo: TBDT PIN: 1. QA PIN: 1.  Diff PIN: 1----
1732068970.9375393 [node_io_weigh-6] [INFO] [1732068970.936475708] [node_io_weigh]: ---- Server Server Module_Input.node_io_weigh: Enable PIN: 1. Disable PIN: 1 ----
1732068971.1923563 [node_io_servo-4] [INFO] [1732068971.191051099] [node_io_servo]: ---- Server Server Module_Input.node_io_servo: TBDT PIN: 1. QA PIN: 1.  Diff PIN: 1----
1732068971.2692039 [node_io_weigh-6] [INFO] [1732068971.266608285] [node_io_weigh]: ---- Server Server Module_Input.node_io_weigh: Enable PIN: 1. Disable PIN: 1 ----
1732068971.5391178 [node_io_servo-4] [INFO] [1732068971.537681712] [node_io_servo]: ---- Server Server Module_Input.node_io_servo: TBDT PIN: 1. QA PIN: 1.  Diff PIN: 0----
1732068971.5463588 [module_scanning_interface-2] [INFO] [1732068971.545432630] [module_scanning_interface]: ---- Module_Scanning_Interface: Type Product: Khac
1732068971.5501330 [module_scanning_interface-2] [INFO] [1732068971.548927377] [module_scanning_interface]: ---- Module_Scanning_Interface: Remain Data: []
1732068971.6183214 [node_io_weigh-6] [INFO] [1732068971.617273385] [node_io_weigh]: ---- Server Server Module_Input.node_io_weigh: Enable PIN: 1. Disable PIN: 1 ----
1732068971.8841166 [module_supervisor-1] [INFO] [1732068971.883158181] [Module_Supervisor]: ---- Supervisor: Connect to Module_Scanning&Interface Successfully----
1732068971.8931215 [module_supervisor-1] [INFO] [1732068971.890540137] [Module_Supervisor]: ---- Supervisor: Connect to Module_Input.node Successfully----
1732068971.9019439 [node_io_servo-4] [INFO] [1732068971.894679771] [node_io_servo]: ---- Server Server Module_Input.node_io_servo: TBDT PIN: 1. QA PIN: 1.  Diff PIN: 1----
1732068971.9056754 [module_supervisor-1] [INFO] [1732068971.897742094] [Module_Supervisor]: ---- Supervisor: Connect to Module_Weigh Successfully----
1732068971.9081650 [module_supervisor-1] [INFO] [1732068971.905930066] [Module_Supervisor]: ---- Supervisor: Connect to Module_Motor.node_dc_motor Successfully----
1732068971.9125493 [module_supervisor-1] [INFO] [1732068971.911157993] [Module_Supervisor]: ---- Supervisor: Connect to Module_Input.node_io_servo Successfully----
1732068971.9191480 [module_supervisor-1] [INFO] [1732068971.916397253] [Module_Supervisor]: ---- Supervisor: Connect to Module_Send_Email Successfully----
1732068971.9681754 [node_io_weigh-6] [INFO] [1732068971.967198765] [node_io_weigh]: ---- Server Server Module_Input.node_io_weigh: Enable PIN: 1. Disable PIN: 1 ----
1732068972.2402322 [node_io_servo-4] [INFO] [1732068972.239191299] [node_io_servo]: ---- Server Server Module_Input.node_io_servo: TBDT PIN: 1. QA PIN: 1.  Diff PIN: 1----
1732068972.3167570 [node_io_weigh-6] [INFO] [1732068972.315932408] [node_io_weigh]: ---- Server Server Module_Input.node_io_weigh: Enable PIN: 1. Disable PIN: 1 ----
1732068972.5885632 [node_io_servo-4] [INFO] [1732068972.587566258] [node_io_servo]: ---- Server Server Module_Input.node_io_servo: TBDT PIN: 1. QA PIN: 1.  Diff PIN: 1----
1732068972.6690223 [node_io_weigh-6] [INFO] [1732068972.668015261] [node_io_weigh]: ---- Server Server Module_Input.node_io_weigh: Enable PIN: 1. Disable PIN: 1 ----
1732068972.9385922 [node_io_servo-4] [INFO] [1732068972.937787174] [node_io_servo]: ---- Server Server Module_Input.node_io_servo: TBDT PIN: 1. QA PIN: 1.  Diff PIN: 1----
1732068973.0207021 [node_io_weigh-6] [INFO] [1732068973.016106444] [node_io_weigh]: ---- Server Server Module_Input.node_io_weigh: Enable PIN: 1. Disable PIN: 1 ----
1732068973.2907021 [node_io_servo-4] [INFO] [1732068973.289022938] [node_io_servo]: ---- Server Server Module_Input.node_io_servo: TBDT PIN: 1. QA PIN: 1.  Diff PIN: 1----
1732068973.3676052 [node_io_weigh-6] [INFO] [1732068973.366739802] [node_io_weigh]: ---- Server Server Module_Input.node_io_weigh: Enable PIN: 1. Disable PIN: 1 ----
1732068973.6431789 [node_io_servo-4] [INFO] [1732068973.641241309] [node_io_servo]: ---- Server Server Module_Input.node_io_servo: TBDT PIN: 1. QA PIN: 1.  Diff PIN: 1----
1732068973.7198710 [node_io_weigh-6] [INFO] [1732068973.718921618] [node_io_weigh]: ---- Server Server Module_Input.node_io_weigh: Enable PIN: 1. Disable PIN: 1 ----
1732068973.8835087 [module_supervisor-1] [INFO] [1732068973.882633022] [Module_Supervisor]: ---- Supervisor: Connect to Module_Scanning&Interface Successfully----
1732068973.8865533 [module_supervisor-1] [INFO] [1732068973.885585271] [Module_Supervisor]: ---- Supervisor: Connect to Module_Input.node Successfully----
1732068973.8931861 [module_supervisor-1] [INFO] [1732068973.891808935] [Module_Supervisor]: ---- Supervisor: Connect to Module_Weigh Successfully----
1732068973.8974636 [module_supervisor-1] [INFO] [1732068973.896453882] [Module_Supervisor]: ---- Supervisor: Connect to Module_Motor.node_dc_motor Successfully----
1732068973.9015779 [module_supervisor-1] [INFO] [1732068973.900396128] [Module_Supervisor]: ---- Supervisor: Connect to Module_Input.node_io_servo Successfully----
1732068973.9096115 [module_supervisor-1] [INFO] [1732068973.905243760] [Module_Supervisor]: ---- Supervisor: Connect to Module_Send_Email Successfully----
1732068973.9883316 [node_io_servo-4] [INFO] [1732068973.987437849] [node_io_servo]: ---- Server Server Module_Input.node_io_servo: TBDT PIN: 1. QA PIN: 1.  Diff PIN: 1----
1732068974.0673082 [node_io_weigh-6] [INFO] [1732068974.066464190] [node_io_weigh]: ---- Server Server Module_Input.node_io_weigh: Enable PIN: 1. Disable PIN: 1 ----
1732068974.3392103 [node_io_servo-4] [INFO] [1732068974.338096504] [node_io_servo]: ---- Server Server Module_Input.node_io_servo: TBDT PIN: 1. QA PIN: 1.  Diff PIN: 1----
1732068974.4166703 [node_io_weigh-6] [INFO] [1732068974.415925349] [node_io_weigh]: ---- Server Server Module_Input.node_io_weigh: Enable PIN: 1. Disable PIN: 1 ----
1732068974.6885703 [node_io_servo-4] [INFO] [1732068974.687634532] [node_io_servo]: ---- Server Server Module_Input.node_io_servo: TBDT PIN: 1. QA PIN: 1.  Diff PIN: 1----
1732068974.7673824 [node_io_weigh-6] [INFO] [1732068974.766446059] [node_io_weigh]: ---- Server Server Module_Input.node_io_weigh: Enable PIN: 1. Disable PIN: 1 ----
1732068975.0383840 [node_io_servo-4] [INFO] [1732068975.037461597] [node_io_servo]: ---- Server Server Module_Input.node_io_servo: TBDT PIN: 1. QA PIN: 1.  Diff PIN: 1----
1732068975.1165743 [node_io_weigh-6] [INFO] [1732068975.115846069] [node_io_weigh]: ---- Server Server Module_Input.node_io_weigh: Enable PIN: 1. Disable PIN: 1 ----
1732068975.3887367 [node_io_servo-4] [INFO] [1732068975.387989936] [node_io_servo]: ---- Server Server Module_Input.node_io_servo: TBDT PIN: 1. QA PIN: 1.  Diff PIN: 1----
1732068975.4676766 [node_io_weigh-6] [INFO] [1732068975.466808167] [node_io_weigh]: ---- Server Server Module_Input.node_io_weigh: Enable PIN: 1. Disable PIN: 1 ----
1732068975.7381947 [node_io_servo-4] [INFO] [1732068975.737356539] [node_io_servo]: ---- Server Server Module_Input.node_io_servo: TBDT PIN: 1. QA PIN: 1.  Diff PIN: 1----
1732068975.8185215 [node_io_weigh-6] [INFO] [1732068975.816094622] [node_io_weigh]: ---- Server Server Module_Input.node_io_weigh: Enable PIN: 1. Disable PIN: 1 ----
1732068975.8851509 [module_supervisor-1] [INFO] [1732068975.883802613] [Module_Supervisor]: ---- Supervisor: Connect to Module_Scanning&Interface Successfully----
1732068975.8886409 [module_supervisor-1] [INFO] [1732068975.887235231] [Module_Supervisor]: ---- Supervisor: Connect to Module_Input.node Successfully----
1732068975.8935835 [module_supervisor-1] [INFO] [1732068975.891338531] [Module_Supervisor]: ---- Supervisor: Connect to Module_Weigh Successfully----
1732068975.8974004 [module_supervisor-1] [INFO] [1732068975.896277070] [Module_Supervisor]: ---- Supervisor: Connect to Module_Motor.node_dc_motor Successfully----
1732068975.9015718 [module_supervisor-1] [INFO] [1732068975.900620778] [Module_Supervisor]: ---- Supervisor: Connect to Module_Input.node_io_servo Successfully----
1732068975.9060302 [module_supervisor-1] [INFO] [1732068975.904709078] [Module_Supervisor]: ---- Supervisor: Connect to Module_Send_Email Successfully----
1732068976.0902519 [node_io_servo-4] [INFO] [1732068976.089121245] [node_io_servo]: ---- Server Server Module_Input.node_io_servo: TBDT PIN: 1. QA PIN: 1.  Diff PIN: 1----
1732068976.1670043 [node_io_weigh-6] [INFO] [1732068976.166216444] [node_io_weigh]: ---- Server Server Module_Input.node_io_weigh: Enable PIN: 1. Disable PIN: 1 ----
1732068976.4413621 [node_io_servo-4] [INFO] [1732068976.440196415] [node_io_servo]: ---- Server Server Module_Input.node_io_servo: TBDT PIN: 1. QA PIN: 1.  Diff PIN: 1----
1732068976.5184762 [node_io_weigh-6] [INFO] [1732068976.517468059] [node_io_weigh]: ---- Server Server Module_Input.node_io_weigh: Enable PIN: 1. Disable PIN: 1 ----
1732068976.7886126 [node_io_servo-4] [INFO] [1732068976.787412099] [node_io_servo]: ---- Server Server Module_Input.node_io_servo: TBDT PIN: 1. QA PIN: 1.  Diff PIN: 1----
1732068976.8667426 [node_io_weigh-6] [INFO] [1732068976.865992238] [node_io_weigh]: ---- Server Server Module_Input.node_io_weigh: Enable PIN: 1. Disable PIN: 1 ----
1732068977.1395962 [node_io_servo-4] [INFO] [1732068977.138753732] [node_io_servo]: ---- Server Server Module_Input.node_io_servo: TBDT PIN: 1. QA PIN: 1.  Diff PIN: 1----
1732068977.2166305 [node_io_weigh-6] [INFO] [1732068977.215864117] [node_io_weigh]: ---- Server Server Module_Input.node_io_weigh: Enable PIN: 1. Disable PIN: 1 ----
1732068977.4895027 [node_io_servo-4] [INFO] [1732068977.488586148] [node_io_servo]: ---- Server Server Module_Input.node_io_servo: TBDT PIN: 1. QA PIN: 1.  Diff PIN: 1----
1732068977.5680339 [node_io_weigh-6] [INFO] [1732068977.567021083] [node_io_weigh]: ---- Server Server Module_Input.node_io_weigh: Enable PIN: 1. Disable PIN: 1 ----
1732068977.8384621 [node_io_servo-4] [INFO] [1732068977.837597529] [node_io_servo]: ---- Server Server Module_Input.node_io_servo: TBDT PIN: 1. QA PIN: 1.  Diff PIN: 1----
1732068977.8837230 [module_supervisor-1] [INFO] [1732068977.882868707] [Module_Supervisor]: ---- Supervisor: Connect to Module_Scanning&Interface Successfully----
1732068977.8866570 [module_supervisor-1] [INFO] [1732068977.885750883] [Module_Supervisor]: ---- Supervisor: Connect to Module_Input.node Successfully----
1732068977.8914139 [module_supervisor-1] [INFO] [1732068977.888928409] [Module_Supervisor]: ---- Supervisor: Connect to Module_Weigh Successfully----
1732068977.8981621 [module_supervisor-1] [INFO] [1732068977.897246658] [Module_Supervisor]: ---- Supervisor: Connect to Module_Motor.node_dc_motor Successfully----
1732068977.9029026 [module_supervisor-1] [INFO] [1732068977.901314385] [Module_Supervisor]: ---- Supervisor: Connect to Module_Input.node_io_servo Successfully----
1732068977.9105449 [module_supervisor-1] [INFO] [1732068977.909649820] [Module_Supervisor]: ---- Supervisor: Connect to Module_Send_Email Successfully----
1732068977.9206550 [node_io_weigh-6] [INFO] [1732068977.917600033] [node_io_weigh]: ---- Server Server Module_Input.node_io_weigh: Enable PIN: 1. Disable PIN: 1 ----
1732068978.1888793 [node_io_servo-4] [INFO] [1732068978.187993053] [node_io_servo]: ---- Server Server Module_Input.node_io_servo: TBDT PIN: 1. QA PIN: 1.  Diff PIN: 1----
1732068978.2700639 [node_io_weigh-6] [INFO] [1732068978.267153579] [node_io_weigh]: ---- Server Server Module_Input.node_io_weigh: Enable PIN: 1. Disable PIN: 1 ----
1732068978.5389032 [node_io_servo-4] [INFO] [1732068978.537638117] [node_io_servo]: ---- Server Server Module_Input.node_io_servo: TBDT PIN: 1. QA PIN: 1.  Diff PIN: 1----
1732068978.6238804 [node_io_weigh-6] [INFO] [1732068978.618659637] [node_io_weigh]: ---- Server Server Module_Input.node_io_weigh: Enable PIN: 1. Disable PIN: 1 ----
1732068978.8938644 [node_io_servo-4] [INFO] [1732068978.888390289] [node_io_servo]: ---- Server Server Module_Input.node_io_servo: TBDT PIN: 1. QA PIN: 1.  Diff PIN: 1----
1732068978.9680173 [node_io_weigh-6] [INFO] [1732068978.966212560] [node_io_weigh]: ---- Server Server Module_Input.node_io_weigh: Enable PIN: 1. Disable PIN: 1 ----
1732068979.2404273 [node_io_servo-4] [INFO] [1732068979.239351681] [node_io_servo]: ---- Server Server Module_Input.node_io_servo: TBDT PIN: 1. QA PIN: 1.  Diff PIN: 1----
1732068979.3168230 [node_io_weigh-6] [INFO] [1732068979.316029493] [node_io_weigh]: ---- Server Server Module_Input.node_io_weigh: Enable PIN: 1. Disable PIN: 1 ----
1732068979.5896802 [node_io_servo-4] [INFO] [1732068979.588846949] [node_io_servo]: ---- Server Server Module_Input.node_io_servo: TBDT PIN: 1. QA PIN: 1.  Diff PIN: 1----
1732068979.6686461 [node_io_weigh-6] [INFO] [1732068979.667601994] [node_io_weigh]: ---- Server Server Module_Input.node_io_weigh: Enable PIN: 1. Disable PIN: 1 ----
1732068979.8866706 [module_supervisor-1] [INFO] [1732068979.883041665] [Module_Supervisor]: ---- Supervisor: Connect to Module_Scanning&Interface Successfully----
1732068979.8892961 [module_supervisor-1] [INFO] [1732068979.888334499] [Module_Supervisor]: ---- Supervisor: Connect to Module_Input.node Successfully----
1732068979.8959181 [module_supervisor-1] [INFO] [1732068979.893516148] [Module_Supervisor]: ---- Supervisor: Connect to Module_Weigh Successfully----
1732068979.9043250 [module_supervisor-1] [INFO] [1732068979.902850727] [Module_Supervisor]: ---- Supervisor: Connect to Module_Motor.node_dc_motor Successfully----
1732068979.9106655 [module_supervisor-1] [INFO] [1732068979.908547374] [Module_Supervisor]: ---- Supervisor: Connect to Module_Input.node_io_servo Successfully----
1732068979.9204426 [module_supervisor-1] [INFO] [1732068979.917964305] [Module_Supervisor]: ---- Supervisor: Connect to Module_Send_Email Successfully----
1732068979.9393721 [node_io_servo-4] [INFO] [1732068979.938399624] [node_io_servo]: ---- Server Server Module_Input.node_io_servo: TBDT PIN: 1. QA PIN: 1.  Diff PIN: 1----
1732068980.0169950 [node_io_weigh-6] [INFO] [1732068980.016049896] [node_io_weigh]: ---- Server Server Module_Input.node_io_weigh: Enable PIN: 1. Disable PIN: 1 ----
1732068980.2903450 [node_io_servo-4] [INFO] [1732068980.289266831] [node_io_servo]: ---- Server Server Module_Input.node_io_servo: TBDT PIN: 1. QA PIN: 1.  Diff PIN: 1----
1732068980.3675466 [node_io_weigh-6] [INFO] [1732068980.365801533] [node_io_weigh]: ---- Server Server Module_Input.node_io_weigh: Enable PIN: 1. Disable PIN: 1 ----
1732068980.6387470 [node_io_servo-4] [INFO] [1732068980.637989176] [node_io_servo]: ---- Server Server Module_Input.node_io_servo: TBDT PIN: 1. QA PIN: 1.  Diff PIN: 1----
1732068980.7166507 [node_io_weigh-6] [INFO] [1732068980.715890261] [node_io_weigh]: ---- Server Server Module_Input.node_io_weigh: Enable PIN: 1. Disable PIN: 1 ----
1732068980.9934216 [node_io_servo-4] [INFO] [1732068980.992616389] [node_io_servo]: ---- Server Server Module_Input.node_io_servo: TBDT PIN: 1. QA PIN: 1.  Diff PIN: 1----
1732068981.0672781 [node_io_weigh-6] [INFO] [1732068981.066239007] [node_io_weigh]: ---- Server Server Module_Input.node_io_weigh: Enable PIN: 1. Disable PIN: 1 ----
1732068981.3392470 [node_io_servo-4] [INFO] [1732068981.338355113] [node_io_servo]: ---- Server Server Module_Input.node_io_servo: TBDT PIN: 1. QA PIN: 1.  Diff PIN: 1----
1732068981.4168742 [node_io_weigh-6] [INFO] [1732068981.415920737] [node_io_weigh]: ---- Server Server Module_Input.node_io_weigh: Enable PIN: 1. Disable PIN: 1 ----
1732068981.6902950 [node_io_servo-4] [INFO] [1732068981.689342450] [node_io_servo]: ---- Server Server Module_Input.node_io_servo: TBDT PIN: 1. QA PIN: 1.  Diff PIN: 1----
1732068981.7679501 [node_io_weigh-6] [INFO] [1732068981.766871184] [node_io_weigh]: ---- Server Server Module_Input.node_io_weigh: Enable PIN: 1. Disable PIN: 1 ----
1732068981.8849304 [module_supervisor-1] [INFO] [1732068981.883592378] [Module_Supervisor]: ---- Supervisor: Connect to Module_Scanning&Interface Successfully----
1732068981.8926964 [module_supervisor-1] [INFO] [1732068981.888680582] [Module_Supervisor]: ---- Supervisor: Connect to Module_Input.node Successfully----
1732068981.9035618 [module_supervisor-1] [INFO] [1732068981.899378694] [Module_Supervisor]: ---- Supervisor: Connect to Module_Weigh Successfully----
1732068981.9110959 [module_supervisor-1] [INFO] [1732068981.910136935] [Module_Supervisor]: ---- Supervisor: Connect to Module_Motor.node_dc_motor Successfully----
1732068981.9231408 [module_supervisor-1] [INFO] [1732068981.914577438] [Module_Supervisor]: ---- Supervisor: Connect to Module_Input.node_io_servo Successfully----
1732068981.9284482 [module_supervisor-1] [INFO] [1732068981.925670512] [Module_Supervisor]: ---- Supervisor: Connect to Module_Send_Email Successfully----
1732068982.0425482 [node_io_servo-4] [INFO] [1732068982.041714300] [node_io_servo]: ---- Server Server Module_Input.node_io_servo: TBDT PIN: 1. QA PIN: 1.  Diff PIN: 1----
1732068982.1189122 [node_io_weigh-6] [INFO] [1732068982.117044579] [node_io_weigh]: ---- Server Server Module_Input.node_io_weigh: Enable PIN: 1. Disable PIN: 1 ----
1732068982.3897536 [node_io_servo-4] [INFO] [1732068982.388883371] [node_io_servo]: ---- Server Server Module_Input.node_io_servo: TBDT PIN: 1. QA PIN: 1.  Diff PIN: 1----
1732068982.4703989 [node_io_weigh-6] [INFO] [1732068982.469202781] [node_io_weigh]: ---- Server Server Module_Input.node_io_weigh: Enable PIN: 1. Disable PIN: 1 ----
1732068982.7409251 [node_io_servo-4] [INFO] [1732068982.739914818] [node_io_servo]: ---- Server Server Module_Input.node_io_servo: TBDT PIN: 1. QA PIN: 1.  Diff PIN: 1----
1732068982.8183653 [node_io_weigh-6] [INFO] [1732068982.817324664] [node_io_weigh]: ---- Server Server Module_Input.node_io_weigh: Enable PIN: 1. Disable PIN: 1 ----
1732068983.0915642 [node_io_servo-4] [INFO] [1732068983.088975716] [node_io_servo]: ---- Server Server Module_Input.node_io_servo: TBDT PIN: 1. QA PIN: 1.  Diff PIN: 1----
1732068983.1722925 [node_io_weigh-6] [INFO] [1732068983.167859761] [node_io_weigh]: ---- Server Server Module_Input.node_io_weigh: Enable PIN: 1. Disable PIN: 1 ----
1732068983.4407349 [node_io_servo-4] [INFO] [1732068983.438670537] [node_io_servo]: ---- Server Server Module_Input.node_io_servo: TBDT PIN: 1. QA PIN: 1.  Diff PIN: 1----
1732068983.5174761 [node_io_weigh-6] [INFO] [1732068983.516287753] [node_io_weigh]: ---- Server Server Module_Input.node_io_weigh: Enable PIN: 1. Disable PIN: 1 ----
1732068983.7934873 [node_io_servo-4] [INFO] [1732068983.791132238] [node_io_servo]: ---- Server Server Module_Input.node_io_servo: TBDT PIN: 1. QA PIN: 1.  Diff PIN: 1----
1732068983.8667445 [node_io_weigh-6] [INFO] [1732068983.866019112] [node_io_weigh]: ---- Server Server Module_Input.node_io_weigh: Enable PIN: 1. Disable PIN: 1 ----
1732068983.8908641 [module_supervisor-1] [INFO] [1732068983.886669263] [Module_Supervisor]: ---- Supervisor: Connect to Module_Scanning&Interface Successfully----
1732068983.8992889 [module_supervisor-1] [INFO] [1732068983.894386830] [Module_Supervisor]: ---- Supervisor: Connect to Module_Input.node Successfully----
1732068983.9097545 [module_supervisor-1] [INFO] [1732068983.906606362] [Module_Supervisor]: ---- Supervisor: Connect to Module_Weigh Successfully----
1732068983.9205973 [module_supervisor-1] [INFO] [1732068983.916927271] [Module_Supervisor]: ---- Supervisor: Connect to Module_Motor.node_dc_motor Successfully----
1732068983.9235070 [module_supervisor-1] [INFO] [1732068983.922326234] [Module_Supervisor]: ---- Supervisor: Connect to Module_Input.node_io_servo Successfully----
1732068983.9320419 [module_supervisor-1] [INFO] [1732068983.929948152] [Module_Supervisor]: ---- Supervisor: Connect to Module_Send_Email Successfully----
1732068984.1440084 [node_io_servo-4] [INFO] [1732068984.143112108] [node_io_servo]: ---- Server Server Module_Input.node_io_servo: TBDT PIN: 1. QA PIN: 1.  Diff PIN: 1----
1732068984.2173054 [node_io_weigh-6] [INFO] [1732068984.216404764] [node_io_weigh]: ---- Server Server Module_Input.node_io_weigh: Enable PIN: 1. Disable PIN: 1 ----
1732068984.3739376 [module_scanning_interface-2] [INFO] [1732068984.372025731] [module_scanning_interface]: ---- Server Module_Scanning_Interfaces: Shutdown ----
1732068984.4793634 [module_scanning_interface-2] Decoded(data=b'IP15', type='QRCODE', rect=Rect(left=248, top=144, width=94, height=108), polygon=[Point(x=248, y=149), Point(x=251, y=245), Point(x=340, y=252), Point(x=342, y=144)], quality=1, orientation='UP')
1732068984.4827242 [module_scanning_interface-2] Decoded(data=b'IP15', type='QRCODE', rect=Rect(left=254, top=145, width=95, height=107), polygon=[Point(x=254, y=149), Point(x=256, y=245), Point(x=346, y=252), Point(x=349, y=145)], quality=1, orientation='UP')
1732068984.4837422 [module_scanning_interface-2] Decoded(data=b'IP15', type='QRCODE', rect=Rect(left=256, top=144, width=95, height=108), polygon=[Point(x=256, y=148), Point(x=258, y=244), Point(x=348, y=252), Point(x=351, y=144)], quality=1, orientation='UP')
1732068984.4851441 [module_scanning_interface-2] Decoded(data=b'IP15', type='QRCODE', rect=Rect(left=258, top=149, width=95, height=106), polygon=[Point(x=258, y=152), Point(x=260, y=247), Point(x=349, y=255), Point(x=353, y=149)], quality=1, orientation='UP')
1732068984.4855936 [module_scanning_interface-2] Decoded(data=b'IP15', type='QRCODE', rect=Rect(left=259, top=153, width=95, height=106), polygon=[Point(x=259, y=155), Point(x=260, y=250), Point(x=350, y=259), Point(x=354, y=153)], quality=1, orientation='UP')
1732068984.4909401 [module_scanning_interface-2] Decoded(data=b'IP15', type='QRCODE', rect=Rect(left=259, top=162, width=95, height=107), polygon=[Point(x=259, y=162), Point(x=259, y=257), Point(x=349, y=269), Point(x=354, y=162)], quality=1, orientation='UP')
1732068984.4917061 [module_scanning_interface-2] Decoded(data=b'IP15', type='QRCODE', rect=Rect(left=259, top=164, width=95, height=107), polygon=[Point(x=259, y=257), Point(x=346, y=271), Point(x=354, y=167), Point(x=261, y=164)], quality=1, orientation='UP')
1732068984.4922550 [module_scanning_interface-2] Decoded(data=b'IP15', type='QRCODE', rect=Rect(left=265, top=169, width=93, height=105), polygon=[Point(x=265, y=260), Point(x=350, y=274), Point(x=358, y=173), Point(x=268, y=169)], quality=1, orientation='UP')
1732068984.4927502 [module_scanning_interface-2] Decoded(data=b'NK_S1', type='QRCODE', rect=Rect(left=217, top=195, width=114, height=131), polygon=[Point(x=217, y=209), Point(x=229, y=320), Point(x=331, y=326), Point(x=318, y=195)], quality=1, orientation='UP')
1732068984.4932485 [module_scanning_interface-2] Decoded(data=b'NK_S1', type='QRCODE', rect=Rect(left=219, top=193, width=114, height=134), polygon=[Point(x=219, y=205), Point(x=230, y=318), Point(x=333, y=327), Point(x=324, y=193)], quality=1, orientation='UP')
1732068984.4937179 [module_scanning_interface-2] Decoded(data=b'NK_S1', type='QRCODE', rect=Rect(left=224, top=188, width=111, height=133), polygon=[Point(x=224, y=198), Point(x=233, y=310), Point(x=335, y=321), Point(x=327, y=188)], quality=1, orientation='UP')
1732068984.4964194 [module_scanning_interface-2] Decoded(data=b'NK_S1', type='QRCODE', rect=Rect(left=232, top=170, width=112, height=136), polygon=[Point(x=232, y=181), Point(x=239, y=295), Point(x=344, y=306), Point(x=338, y=170)], quality=1, orientation='UP')
1732068984.4969583 [module_scanning_interface-2] Decoded(data=b'NK_S1', type='QRCODE', rect=Rect(left=234, top=167, width=108, height=133), polygon=[Point(x=234, y=176), Point(x=241, y=287), Point(x=342, y=300), Point(x=340, y=167)], quality=1, orientation='UP')
1732068984.4973893 [module_scanning_interface-2] Decoded(data=b'NK_S1', type='QRCODE', rect=Rect(left=233, top=165, width=105, height=131), polygon=[Point(x=233, y=174), Point(x=239, y=283), Point(x=338, y=296), Point(x=336, y=165)], quality=1, orientation='UP')
1732068984.5013092 [module_scanning_interface-2] Decoded(data=b'NK_S1', type='QRCODE', rect=Rect(left=220, top=159, width=104, height=129), polygon=[Point(x=220, y=168), Point(x=227, y=277), Point(x=324, y=288), Point(x=320, y=159)], quality=1, orientation='UP')
1732068984.5020690 [module_scanning_interface-2] Decoded(data=b'NK_S1', type='QRCODE', rect=Rect(left=216, top=152, width=101, height=129), polygon=[Point(x=216, y=160), Point(x=221, y=269), Point(x=317, y=281), Point(x=313, y=152)], quality=1, orientation='UP')
1732068984.5026062 [module_scanning_interface-2] Decoded(data=b'NK_S1', type='QRCODE', rect=Rect(left=214, top=148, width=97, height=126), polygon=[Point(x=214, y=157), Point(x=219, y=264), Point(x=311, y=274), Point(x=311, y=148)], quality=1, orientation='UP')
1732068984.5043499 [module_scanning_interface-2] Decoded(data=b'ABCD', type='QRCODE', rect=Rect(left=177, top=213, width=93, height=95), polygon=[Point(x=177, y=213), Point(x=180, y=305), Point(x=269, y=308), Point(x=270, y=216)], quality=1, orientation='UP')
1732068984.5049512 [module_scanning_interface-2] Decoded(data=b'ABCD', type='QRCODE', rect=Rect(left=184, top=202, width=91, height=94), polygon=[Point(x=184, y=202), Point(x=186, y=292), Point(x=275, y=296), Point(x=275, y=204)], quality=1, orientation='UP')
1732068984.5056310 [module_scanning_interface-2] Decoded(data=b'ABCD', type='QRCODE', rect=Rect(left=190, top=197, width=90, height=94), polygon=[Point(x=190, y=197), Point(x=192, y=286), Point(x=279, y=291), Point(x=280, y=199)], quality=1, orientation='UP')
1732068984.5062108 [module_scanning_interface-2] Decoded(data=b'ABCD', type='QRCODE', rect=Rect(left=190, top=196, width=90, height=95), polygon=[Point(x=190, y=196), Point(x=191, y=286), Point(x=278, y=291), Point(x=280, y=200)], quality=1, orientation='UP')
1732068984.5066626 [module_scanning_interface-2] Decoded(data=b'ABCD', type='QRCODE', rect=Rect(left=188, top=199, width=91, height=95), polygon=[Point(x=188, y=199), Point(x=189, y=288), Point(x=277, y=294), Point(x=279, y=202)], quality=1, orientation='UP')
1732068984.5070615 [module_scanning_interface-2] Decoded(data=b'ABCD', type='QRCODE', rect=Rect(left=191, top=207, width=93, height=99), polygon=[Point(x=191, y=207), Point(x=191, y=298), Point(x=280, y=306), Point(x=284, y=213)], quality=1, orientation='UP')
1732068984.5073931 [module_scanning_interface-2] Decoded(data=b'ABCD', type='QRCODE', rect=Rect(left=192, top=206, width=94, height=100), polygon=[Point(x=192, y=297), Point(x=281, y=306), Point(x=286, y=213), Point(x=194, y=206)], quality=1, orientation='UP')
1732068984.5077598 [module_scanning_interface-2] Decoded(data=b'ABCD', type='QRCODE', rect=Rect(left=193, top=204, width=95, height=102), polygon=[Point(x=193, y=296), Point(x=282, y=306), Point(x=288, y=212), Point(x=195, y=204)], quality=1, orientation='UP')
1732068984.5081923 [module_scanning_interface-2] Decoded(data=b'ABCD', type='QRCODE', rect=Rect(left=209, top=186, width=95, height=102), polygon=[Point(x=209, y=275), Point(x=294, y=288), Point(x=304, y=196), Point(x=214, y=186)], quality=1, orientation='UP')
1732068984.5101473 [node_io_servo-4] [INFO] [1732068984.498628150] [node_io_servo]: ---- Server Server Module_Input.node_io_servo: TBDT PIN: 1. QA PIN: 1.  Diff PIN: 1----
1732068984.5689418 [node_io_weigh-6] [INFO] [1732068984.567874042] [node_io_weigh]: ---- Server Server Module_Input.node_io_weigh: Enable PIN: 1. Disable PIN: 1 ----
1732068984.8506441 [node_io_servo-4] [INFO] [1732068984.845862887] [node_io_servo]: ---- Server Server Module_Input.node_io_servo: TBDT PIN: 1. QA PIN: 1.  Diff PIN: 1----
1732068984.9235327 [node_io_weigh-6] [INFO] [1732068984.921890886] [node_io_weigh]: ---- Server Server Module_Input.node_io_weigh: Enable PIN: 1. Disable PIN: 1 ----
1732068985.1385980 [ERROR] [module_scanning_interface-2]: process has died [pid 20044, exit code 255, cmd '/home/tomccd/Documents/Code/Python/DATN/install/module_scanning_interface/lib/module_scanning_interface/module_scanning_interface --ros-args'].
1732068985.1888487 [node_io_servo-4] [INFO] [1732068985.188133308] [node_io_servo]: ---- Server Server Module_Input.node_io_servo: TBDT PIN: 1. QA PIN: 1.  Diff PIN: 1----
1732068985.2688951 [node_io_weigh-6] [INFO] [1732068985.268062812] [node_io_weigh]: ---- Server Server Module_Input.node_io_weigh: Enable PIN: 1. Disable PIN: 1 ----
1732068985.5419397 [node_io_servo-4] [INFO] [1732068985.541054155] [node_io_servo]: ---- Server Server Module_Input.node_io_servo: TBDT PIN: 1. QA PIN: 1.  Diff PIN: 1----
1732068985.6196592 [node_io_weigh-6] [INFO] [1732068985.618836647] [node_io_weigh]: ---- Server Server Module_Input.node_io_weigh: Enable PIN: 1. Disable PIN: 1 ----
1732068985.8913991 [node_io_servo-4] [INFO] [1732068985.890266514] [node_io_servo]: ---- Server Server Module_Input.node_io_servo: TBDT PIN: 1. QA PIN: 1.  Diff PIN: 1----
1732068985.9696388 [node_io_weigh-6] [INFO] [1732068985.968642987] [node_io_weigh]: ---- Server Server Module_Input.node_io_weigh: Enable PIN: 1. Disable PIN: 1 ----
1732068986.2398252 [node_io_servo-4] [INFO] [1732068986.238976338] [node_io_servo]: ---- Server Server Module_Input.node_io_servo: TBDT PIN: 1. QA PIN: 1.  Diff PIN: 1----
1732068986.3198144 [node_io_weigh-6] [INFO] [1732068986.318845713] [node_io_weigh]: ---- Server Server Module_Input.node_io_weigh: Enable PIN: 1. Disable PIN: 1 ----
1732068986.5912893 [node_io_servo-4] [INFO] [1732068986.590359135] [node_io_servo]: ---- Server Server Module_Input.node_io_servo: TBDT PIN: 1. QA PIN: 1.  Diff PIN: 1----
1732068986.6710105 [node_io_weigh-6] [INFO] [1732068986.670006640] [node_io_weigh]: ---- Server Server Module_Input.node_io_weigh: Enable PIN: 1. Disable PIN: 1 ----
1732068986.8861961 [module_supervisor-1] [WARN] [1732068986.885292884] [Module_Supervisor]: ---- Supervisor: Waiting to connect to server Module_Scanning&Interface ----
1732068986.9411936 [node_io_servo-4] [INFO] [1732068986.940244140] [node_io_servo]: ---- Server Server Module_Input.node_io_servo: TBDT PIN: 1. QA PIN: 1.  Diff PIN: 1----
1732068987.0194395 [node_io_weigh-6] [INFO] [1732068987.018477798] [node_io_weigh]: ---- Server Server Module_Input.node_io_weigh: Enable PIN: 1. Disable PIN: 1 ----
1732068987.2907619 [node_io_servo-4] [INFO] [1732068987.289809665] [node_io_servo]: ---- Server Server Module_Input.node_io_servo: TBDT PIN: 1. QA PIN: 1.  Diff PIN: 1----
1732068987.3696682 [node_io_weigh-6] [INFO] [1732068987.368751950] [node_io_weigh]: ---- Server Server Module_Input.node_io_weigh: Enable PIN: 1. Disable PIN: 1 ----
1732068987.6383870 [node_io_servo-4] [INFO] [1732068987.637740936] [node_io_servo]: ---- Server Server Module_Input.node_io_servo: TBDT PIN: 1. QA PIN: 1.  Diff PIN: 1----
1732068987.7183006 [node_io_weigh-6] [INFO] [1732068987.717426311] [node_io_weigh]: ---- Server Server Module_Input.node_io_weigh: Enable PIN: 1. Disable PIN: 1 ----
1732068987.8931284 [module_supervisor-1] [WARN] [1732068987.891749973] [Module_Supervisor]: ---- Supervisor: Waiting to connect to server Module_Scanning&Interface ----
1732068987.9912517 [node_io_servo-4] [INFO] [1732068987.990191987] [node_io_servo]: ---- Server Server Module_Input.node_io_servo: TBDT PIN: 1. QA PIN: 1.  Diff PIN: 1----
1732068988.0703127 [node_io_weigh-6] [INFO] [1732068988.069397808] [node_io_weigh]: ---- Server Server Module_Input.node_io_weigh: Enable PIN: 1. Disable PIN: 1 ----
1732068988.3404880 [node_io_servo-4] [INFO] [1732068988.339572105] [node_io_servo]: ---- Server Server Module_Input.node_io_servo: TBDT PIN: 1. QA PIN: 1.  Diff PIN: 1----
1732068988.4196432 [node_io_weigh-6] [INFO] [1732068988.418677889] [node_io_weigh]: ---- Server Server Module_Input.node_io_weigh: Enable PIN: 1. Disable PIN: 1 ----
1732068988.6893897 [node_io_servo-4] [INFO] [1732068988.688622575] [node_io_servo]: ---- Server Server Module_Input.node_io_servo: TBDT PIN: 1. QA PIN: 1.  Diff PIN: 1----
1732068988.7695973 [node_io_weigh-6] [INFO] [1732068988.768700264] [node_io_weigh]: ---- Server Server Module_Input.node_io_weigh: Enable PIN: 1. Disable PIN: 1 ----
1732068988.8979454 [module_supervisor-1] [WARN] [1732068988.897053009] [Module_Supervisor]: ---- Supervisor: Waiting to connect to server Module_Scanning&Interface ----
1732068989.0414324 [node_io_servo-4] [INFO] [1732068989.040371259] [node_io_servo]: ---- Server Server Module_Input.node_io_servo: TBDT PIN: 1. QA PIN: 1.  Diff PIN: 1----
1732068989.1198728 [node_io_weigh-6] [INFO] [1732068989.118912601] [node_io_weigh]: ---- Server Server Module_Input.node_io_weigh: Enable PIN: 1. Disable PIN: 1 ----
1732068989.3914235 [node_io_servo-4] [INFO] [1732068989.390364355] [node_io_servo]: ---- Server Server Module_Input.node_io_servo: TBDT PIN: 1. QA PIN: 1.  Diff PIN: 1----
1732068989.4700229 [node_io_weigh-6] [INFO] [1732068989.468941864] [node_io_weigh]: ---- Server Server Module_Input.node_io_weigh: Enable PIN: 1. Disable PIN: 1 ----
1732068989.7389324 [node_io_servo-4] [INFO] [1732068989.738129923] [node_io_servo]: ---- Server Server Module_Input.node_io_servo: TBDT PIN: 1. QA PIN: 1.  Diff PIN: 1----
1732068989.8191833 [node_io_weigh-6] [INFO] [1732068989.818313518] [node_io_weigh]: ---- Server Server Module_Input.node_io_weigh: Enable PIN: 1. Disable PIN: 1 ----
1732068989.9058540 [module_supervisor-1] [WARN] [1732068989.904486982] [Module_Supervisor]: ---- Supervisor: Waiting to connect to server Module_Scanning&Interface ----
1732068990.0922527 [node_io_servo-4] [INFO] [1732068990.091094194] [node_io_servo]: ---- Server Server Module_Input.node_io_servo: TBDT PIN: 1. QA PIN: 1.  Diff PIN: 1----
1732068990.1674523 [node_io_weigh-6] [INFO] [1732068990.166721879] [node_io_weigh]: ---- Server Server Module_Input.node_io_weigh: Enable PIN: 1. Disable PIN: 1 ----
1732068990.4412971 [node_io_servo-4] [INFO] [1732068990.440389719] [node_io_servo]: ---- Server Server Module_Input.node_io_servo: TBDT PIN: 1. QA PIN: 1.  Diff PIN: 1----
1732068990.5201883 [node_io_weigh-6] [INFO] [1732068990.519238800] [node_io_weigh]: ---- Server Server Module_Input.node_io_weigh: Enable PIN: 1. Disable PIN: 1 ----
1732068990.7909589 [node_io_servo-4] [INFO] [1732068990.789981983] [node_io_servo]: ---- Server Server Module_Input.node_io_servo: TBDT PIN: 1. QA PIN: 1.  Diff PIN: 1----
1732068990.8696377 [node_io_weigh-6] [INFO] [1732068990.868881453] [node_io_weigh]: ---- Server Server Module_Input.node_io_weigh: Enable PIN: 1. Disable PIN: 1 ----
1732068990.9122999 [module_supervisor-1] [WARN] [1732068990.911166382] [Module_Supervisor]: ---- Supervisor: Waiting to connect to server Module_Scanning&Interface ----
1732068990.9167163 [module_supervisor-1] [ERROR] [1732068990.915559830] [Module_Supervisor]: ---- Supervisor: Can't connect to Module Scanning&Interface ----
1732068990.9232149 [module_log_file-8] [INFO] [1732068990.918441320] [module_log_file]: ---- Server Module_Log_File: Creating Log File... ----
1732068990.9294853 [node_io_weigh-6] [INFO] [1732068990.922861768] [node_io_weigh]: ---- Server Module_Input.node_io_weigh: Receive Message: Terminate. Bye Bye.... ----
1732068990.9399478 [node_dc_motor-5] [INFO] [1732068990.925277056] [node_dc_motor]: ---- Server Module_Motor.node_dc_motor: Receive Message: Terminate. Bye Bye.... ----
1732068990.9424961 [module_weigh-7] [INFO] [1732068990.930410113] [module_weigh]: ---- Server Module_Weigh: Receive Message: Terminate. Bye Bye.... ----
1732068990.9445872 [node_dc_servo-3] [INFO] [1732068990.934444784] [node_servo_motor]: ---- Server Module_Motor.node_servo_motor: Receive Message: Terminate. Bye Bye.... ----
1732068991.1561465 [node_io_servo-4] [INFO] [1732068991.151189078] [node_io_servo]: ---- Server Server Module_Input.node_io_servo: TBDT PIN: 1. QA PIN: 1.  Diff PIN: 1----
1732068991.1761079 [node_io_servo-4] [INFO] [1732068991.164674939] [node_io_servo]: ---- Server Module_Input.node_io_servo: Receive Message: Terminate. Bye Bye.... ----
1732068991.5934694 [ERROR] [module_supervisor-1]: process has died [pid 20043, exit code 255, cmd '/home/tomccd/Documents/Code/Python/DATN/install/module_supervisor/lib/module_supervisor/module_supervisor --ros-args'].
1732068991.6742871 [ERROR] [node_io_weigh-6]: process has died [pid 20048, exit code 255, cmd '/home/tomccd/Documents/Code/Python/DATN/install/module_input/lib/module_input/node_io_weigh --ros-args'].
1732068991.7187183 [ERROR] [module_weigh-7]: process has died [pid 20049, exit code 255, cmd '/home/tomccd/Documents/Code/Python/DATN/install/module_weigh/lib/module_weigh/module_weigh --ros-args'].
1732068991.9119854 [ERROR] [node_io_servo-4]: process has died [pid 20046, exit code 255, cmd '/home/tomccd/Documents/Code/Python/DATN/install/module_input/lib/module_input/node_io_servo --ros-args'].
1732068992.0297132 [ERROR] [node_dc_motor-5]: process has died [pid 20047, exit code 255, cmd '/home/tomccd/Documents/Code/Python/DATN/install/module_motor/lib/module_motor/node_dc_motor --ros-args'].
1732068992.0525835 [ERROR] [node_dc_servo-3]: process has died [pid 20045, exit code 255, cmd '/home/tomccd/Documents/Code/Python/DATN/install/module_motor/lib/module_motor/node_dc_servo --ros-args'].
