[9.271s] Invoking command in '/home/tomccd/Documents/Code/Python/DATN/Packages/module_supervisor': AMENT_PREFIX_PATH=/home/tomccd/Documents/Code/Python/DATN/install/custom_interfaces:${AMENT_PREFIX_PATH} CMAKE_PREFIX_PATH=/home/tomccd/Documents/Code/Python/DATN/install/custom_interfaces:${CMAKE_PREFIX_PATH} LD_LIBRARY_PATH=/home/tomccd/Documents/Code/Python/DATN/install/custom_interfaces/lib:${LD_LIBRARY_PATH} PYTHONPATH=/home/tomccd/Documents/Code/Python/DATN/build/module_supervisor/prefix_override:/usr/lib/python3/dist-packages/colcon_core/task/python/colcon_distutils_commands:/home/tomccd/Documents/Code/Python/DATN/install/module_supervisor/lib/python3.12/site-packages:/home/tomccd/Documents/Code/Python/DATN/install/custom_interfaces/lib/python3.12/site-packages:${PYTHONPATH} /usr/bin/python3 -W ignore:setup.py install is deprecated setup.py egg_info --egg-base ../../build/module_supervisor build --build-base /home/tomccd/Documents/Code/Python/DATN/build/module_supervisor/build install --record /home/tomccd/Documents/Code/Python/DATN/build/module_supervisor/install.log --single-version-externally-managed install_data
[11.880s] running egg_info
[12.100s] writing ../../build/module_supervisor/module_supervisor.egg-info/PKG-INFO
[12.101s] writing dependency_links to ../../build/module_supervisor/module_supervisor.egg-info/dependency_links.txt
[12.117s] writing entry points to ../../build/module_supervisor/module_supervisor.egg-info/entry_points.txt
[12.125s] writing requirements to ../../build/module_supervisor/module_supervisor.egg-info/requires.txt
[12.131s] writing top-level names to ../../build/module_supervisor/module_supervisor.egg-info/top_level.txt
[12.647s] reading manifest file '../../build/module_supervisor/module_supervisor.egg-info/SOURCES.txt'
[12.668s] writing manifest file '../../build/module_supervisor/module_supervisor.egg-info/SOURCES.txt'
[12.682s] running build
[12.693s] running build_py
[12.718s] running install
[12.727s] running install_lib
[12.896s] creating /home/tomccd/Documents/Code/Python/DATN/install/module_supervisor/lib/python3.12/site-packages/module_supervisor
[12.897s] copying /home/tomccd/Documents/Code/Python/DATN/build/module_supervisor/build/lib/module_supervisor/__init__.py -> /home/tomccd/Documents/Code/Python/DATN/install/module_supervisor/lib/python3.12/site-packages/module_supervisor
[12.911s] copying /home/tomccd/Documents/Code/Python/DATN/build/module_supervisor/build/lib/module_supervisor/module_supervisor.py -> /home/tomccd/Documents/Code/Python/DATN/install/module_supervisor/lib/python3.12/site-packages/module_supervisor
[12.912s] byte-compiling /home/tomccd/Documents/Code/Python/DATN/install/module_supervisor/lib/python3.12/site-packages/module_supervisor/__init__.py to __init__.cpython-312.pyc
[12.924s] byte-compiling /home/tomccd/Documents/Code/Python/DATN/install/module_supervisor/lib/python3.12/site-packages/module_supervisor/module_supervisor.py to module_supervisor.cpython-312.pyc
[12.948s] running install_data
[12.958s] creating /home/tomccd/Documents/Code/Python/DATN/install/module_supervisor/share/ament_index
[12.965s] creating /home/tomccd/Documents/Code/Python/DATN/install/module_supervisor/share/ament_index/resource_index
[12.972s] creating /home/tomccd/Documents/Code/Python/DATN/install/module_supervisor/share/ament_index/resource_index/packages
[12.977s] copying resource/module_supervisor -> /home/tomccd/Documents/Code/Python/DATN/install/module_supervisor/share/ament_index/resource_index/packages
[12.982s] copying package.xml -> /home/tomccd/Documents/Code/Python/DATN/install/module_supervisor/share/module_supervisor
[12.987s] running install_egg_info
[13.471s] Copying ../../build/module_supervisor/module_supervisor.egg-info to /home/tomccd/Documents/Code/Python/DATN/install/module_supervisor/lib/python3.12/site-packages/module_supervisor-0.0.0-py3.12.egg-info
[13.532s] running install_scripts
[15.790s] Installing module_supervisor script to /home/tomccd/Documents/Code/Python/DATN/install/module_supervisor/lib/module_supervisor
[15.798s] writing list of installed files to '/home/tomccd/Documents/Code/Python/DATN/build/module_supervisor/install.log'
[16.197s] Invoked command in '/home/tomccd/Documents/Code/Python/DATN/Packages/module_supervisor' returned '0': AMENT_PREFIX_PATH=/home/tomccd/Documents/Code/Python/DATN/install/custom_interfaces:${AMENT_PREFIX_PATH} CMAKE_PREFIX_PATH=/home/tomccd/Documents/Code/Python/DATN/install/custom_interfaces:${CMAKE_PREFIX_PATH} LD_LIBRARY_PATH=/home/tomccd/Documents/Code/Python/DATN/install/custom_interfaces/lib:${LD_LIBRARY_PATH} PYTHONPATH=/home/tomccd/Documents/Code/Python/DATN/build/module_supervisor/prefix_override:/usr/lib/python3/dist-packages/colcon_core/task/python/colcon_distutils_commands:/home/tomccd/Documents/Code/Python/DATN/install/module_supervisor/lib/python3.12/site-packages:/home/tomccd/Documents/Code/Python/DATN/install/custom_interfaces/lib/python3.12/site-packages:${PYTHONPATH} /usr/bin/python3 -W ignore:setup.py install is deprecated setup.py egg_info --egg-base ../../build/module_supervisor build --build-base /home/tomccd/Documents/Code/Python/DATN/build/module_supervisor/build install --record /home/tomccd/Documents/Code/Python/DATN/build/module_supervisor/install.log --single-version-externally-managed install_data
