[7.163s] Invoking command in '/home/tomccd/Documents/Code/Python/DATN/Packages/module_input': CMAKE_PREFIX_PATH=/home/tomccd/Documents/Code/Python/DATN/install/custom_interfaces:/home/tomccd/Documents/Code/Python/DATN/install/launch_system:/opt/ros/jazzy/opt/gz_math_vendor:/opt/ros/jazzy/opt/gz_utils_vendor:/opt/ros/jazzy/opt/gz_cmake_vendor DEBUGINFOD_URLS=https://debuginfod.ubuntu.com PYTHONPATH=/home/tomccd/Documents/Code/Python/DATN/build/module_input/prefix_override:/usr/lib/python3/dist-packages/colcon_core/task/python/colcon_distutils_commands:/home/tomccd/Documents/Code/Python/DATN/install/module_input/lib/python3.12/site-packages:/home/tomccd/Documents/Code/Python/DATN/install/custom_interfaces/lib/python3.12/site-packages:/home/tomccd/Documents/Code/Python/DATN/install/module_weigh/lib/python3.12/site-packages:/home/tomccd/Documents/Code/Python/DATN/install/module_supervisor/lib/python3.12/site-packages:/home/tomccd/Documents/Code/Python/DATN/install/module_scanning_interface/lib/python3.12/site-packages:/home/tomccd/Documents/Code/Python/DATN/install/module_input/lib/python3.12/site-packages:/opt/ros/jazzy/lib/python3.12/site-packages /usr/bin/python3 -W ignore:setup.py install is deprecated setup.py egg_info --egg-base ../../build/module_input build --build-base /home/tomccd/Documents/Code/Python/DATN/build/module_input/build install --record /home/tomccd/Documents/Code/Python/DATN/build/module_input/install.log --single-version-externally-managed install_data
[8.936s] running egg_info
[9.074s] writing ../../build/module_input/module_input.egg-info/PKG-INFO
[9.075s] writing dependency_links to ../../build/module_input/module_input.egg-info/dependency_links.txt
[9.082s] writing entry points to ../../build/module_input/module_input.egg-info/entry_points.txt
[9.089s] writing requirements to ../../build/module_input/module_input.egg-info/requires.txt
[9.090s] writing top-level names to ../../build/module_input/module_input.egg-info/top_level.txt
[9.361s] reading manifest file '../../build/module_input/module_input.egg-info/SOURCES.txt'
[9.365s] writing manifest file '../../build/module_input/module_input.egg-info/SOURCES.txt'
[9.368s] running build
[9.368s] running build_py
[9.372s] copying module_input/node_io_weigh.py -> /home/tomccd/Documents/Code/Python/DATN/build/module_input/build/lib/module_input
[9.373s] running install
[9.401s] running install_lib
[9.532s] copying /home/tomccd/Documents/Code/Python/DATN/build/module_input/build/lib/module_input/node_io_weigh.py -> /home/tomccd/Documents/Code/Python/DATN/install/module_input/lib/python3.12/site-packages/module_input
[9.536s] byte-compiling /home/tomccd/Documents/Code/Python/DATN/install/module_input/lib/python3.12/site-packages/module_input/node_io_weigh.py to node_io_weigh.cpython-312.pyc
[9.543s] running install_data
[9.544s] running install_egg_info
[9.679s] removing '/home/tomccd/Documents/Code/Python/DATN/install/module_input/lib/python3.12/site-packages/module_input-0.0.0-py3.12.egg-info' (and everything under it)
[9.683s] Copying ../../build/module_input/module_input.egg-info to /home/tomccd/Documents/Code/Python/DATN/install/module_input/lib/python3.12/site-packages/module_input-0.0.0-py3.12.egg-info
[9.696s] running install_scripts
[10.603s] Installing node_io_weigh script to /home/tomccd/Documents/Code/Python/DATN/install/module_input/lib/module_input
[10.606s] writing list of installed files to '/home/tomccd/Documents/Code/Python/DATN/build/module_input/install.log'
[10.779s] Invoked command in '/home/tomccd/Documents/Code/Python/DATN/Packages/module_input' returned '0': CMAKE_PREFIX_PATH=/home/tomccd/Documents/Code/Python/DATN/install/custom_interfaces:/home/tomccd/Documents/Code/Python/DATN/install/launch_system:/opt/ros/jazzy/opt/gz_math_vendor:/opt/ros/jazzy/opt/gz_utils_vendor:/opt/ros/jazzy/opt/gz_cmake_vendor DEBUGINFOD_URLS=https://debuginfod.ubuntu.com PYTHONPATH=/home/tomccd/Documents/Code/Python/DATN/build/module_input/prefix_override:/usr/lib/python3/dist-packages/colcon_core/task/python/colcon_distutils_commands:/home/tomccd/Documents/Code/Python/DATN/install/module_input/lib/python3.12/site-packages:/home/tomccd/Documents/Code/Python/DATN/install/custom_interfaces/lib/python3.12/site-packages:/home/tomccd/Documents/Code/Python/DATN/install/module_weigh/lib/python3.12/site-packages:/home/tomccd/Documents/Code/Python/DATN/install/module_supervisor/lib/python3.12/site-packages:/home/tomccd/Documents/Code/Python/DATN/install/module_scanning_interface/lib/python3.12/site-packages:/home/tomccd/Documents/Code/Python/DATN/install/module_input/lib/python3.12/site-packages:/opt/ros/jazzy/lib/python3.12/site-packages /usr/bin/python3 -W ignore:setup.py install is deprecated setup.py egg_info --egg-base ../../build/module_input build --build-base /home/tomccd/Documents/Code/Python/DATN/build/module_input/build install --record /home/tomccd/Documents/Code/Python/DATN/build/module_input/install.log --single-version-externally-managed install_data
