[9.042s] Invoking command in '/home/tomccd/Documents/Code/Python/DATN/Packages/module_send_email': AMENT_PREFIX_PATH=/home/tomccd/Documents/Code/Python/DATN/install/custom_interfaces:${AMENT_PREFIX_PATH} CMAKE_PREFIX_PATH=/home/tomccd/Documents/Code/Python/DATN/install/custom_interfaces:${CMAKE_PREFIX_PATH} DEBUGINFOD_URLS=https://debuginfod.ubuntu.com LD_LIBRARY_PATH=/home/tomccd/Documents/Code/Python/DATN/install/custom_interfaces/lib:${LD_LIBRARY_PATH} PYTHONPATH=/home/tomccd/Documents/Code/Python/DATN/build/module_send_email/prefix_override:/usr/lib/python3/dist-packages/colcon_core/task/python/colcon_distutils_commands:/home/tomccd/Documents/Code/Python/DATN/install/module_send_email/lib/python3.12/site-packages:/home/tomccd/Documents/Code/Python/DATN/install/custom_interfaces/lib/python3.12/site-packages:${PYTHONPATH} /usr/bin/python3 -W ignore:setup.py install is deprecated -W ignore:easy_install command is deprecated setup.py egg_info --egg-base ../../build/module_send_email build --build-base /home/tomccd/Documents/Code/Python/DATN/build/module_send_email/build install --record /home/tomccd/Documents/Code/Python/DATN/build/module_send_email/install.log --single-version-externally-managed install_data
[12.162s] running egg_info
[12.375s] writing ../../build/module_send_email/module_send_email.egg-info/PKG-INFO
[12.376s] writing dependency_links to ../../build/module_send_email/module_send_email.egg-info/dependency_links.txt
[12.387s] writing entry points to ../../build/module_send_email/module_send_email.egg-info/entry_points.txt
[12.388s] writing requirements to ../../build/module_send_email/module_send_email.egg-info/requires.txt
[12.389s] writing top-level names to ../../build/module_send_email/module_send_email.egg-info/top_level.txt
[12.994s] reading manifest file '../../build/module_send_email/module_send_email.egg-info/SOURCES.txt'
[13.011s] writing manifest file '../../build/module_send_email/module_send_email.egg-info/SOURCES.txt'
[13.016s] running build
[13.016s] running build_py
[13.029s] running install
[13.092s] running install_lib
[13.515s] running install_data
[13.518s] running install_egg_info
[13.752s] removing '/home/tomccd/Documents/Code/Python/DATN/install/module_send_email/lib/python3.12/site-packages/module_send_email-0.0.0-py3.12.egg-info' (and everything under it)
[13.753s] Copying ../../build/module_send_email/module_send_email.egg-info to /home/tomccd/Documents/Code/Python/DATN/install/module_send_email/lib/python3.12/site-packages/module_send_email-0.0.0-py3.12.egg-info
[13.765s] running install_scripts
[15.293s] Installing module_send_email script to /home/tomccd/Documents/Code/Python/DATN/install/module_send_email/lib/module_send_email
[15.296s] writing list of installed files to '/home/tomccd/Documents/Code/Python/DATN/build/module_send_email/install.log'
[15.489s] Invoked command in '/home/tomccd/Documents/Code/Python/DATN/Packages/module_send_email' returned '0': AMENT_PREFIX_PATH=/home/tomccd/Documents/Code/Python/DATN/install/custom_interfaces:${AMENT_PREFIX_PATH} CMAKE_PREFIX_PATH=/home/tomccd/Documents/Code/Python/DATN/install/custom_interfaces:${CMAKE_PREFIX_PATH} DEBUGINFOD_URLS=https://debuginfod.ubuntu.com LD_LIBRARY_PATH=/home/tomccd/Documents/Code/Python/DATN/install/custom_interfaces/lib:${LD_LIBRARY_PATH} PYTHONPATH=/home/tomccd/Documents/Code/Python/DATN/build/module_send_email/prefix_override:/usr/lib/python3/dist-packages/colcon_core/task/python/colcon_distutils_commands:/home/tomccd/Documents/Code/Python/DATN/install/module_send_email/lib/python3.12/site-packages:/home/tomccd/Documents/Code/Python/DATN/install/custom_interfaces/lib/python3.12/site-packages:${PYTHONPATH} /usr/bin/python3 -W ignore:setup.py install is deprecated -W ignore:easy_install command is deprecated setup.py egg_info --egg-base ../../build/module_send_email build --build-base /home/tomccd/Documents/Code/Python/DATN/build/module_send_email/build install --record /home/tomccd/Documents/Code/Python/DATN/build/module_send_email/install.log --single-version-externally-managed install_data
