[9.222s] Invoking command in '/home/tomccd/Documents/Code/Python/DATN/Packages/module_motor': CMAKE_PREFIX_PATH=/home/tomccd/Documents/Code/Python/DATN/install/custom_interfaces:/home/tomccd/Documents/Code/Python/DATN/install/launch_system:/home/tomccd/Documents/Code/Python/DATN/install/module_log_file:/opt/ros/jazzy/opt/gz_math_vendor:/opt/ros/jazzy/opt/gz_utils_vendor:/opt/ros/jazzy/opt/gz_cmake_vendor DEBUGINFOD_URLS=https://debuginfod.ubuntu.com PYTHONPATH=/home/tomccd/Documents/Code/Python/DATN/build/module_motor/prefix_override:/usr/lib/python3/dist-packages/colcon_core/task/python/colcon_distutils_commands:/home/tomccd/Documents/Code/Python/DATN/install/module_motor/lib/python3.12/site-packages:/home/tomccd/Documents/Code/Python/DATN/install/custom_interfaces/lib/python3.12/site-packages:/home/tomccd/Documents/Code/Python/DATN/install/module_motor/lib/python3.12/site-packages:/home/tomccd/Documents/Code/Python/DATN/install/module_weigh/lib/python3.12/site-packages:/home/tomccd/Documents/Code/Python/DATN/install/module_supervisor/lib/python3.12/site-packages:/home/tomccd/Documents/Code/Python/DATN/install/module_send_email/lib/python3.12/site-packages:/home/tomccd/Documents/Code/Python/DATN/install/module_scanning_interface/lib/python3.12/site-packages:/home/tomccd/Documents/Code/Python/DATN/install/module_input/lib/python3.12/site-packages:/opt/ros/jazzy/lib/python3.12/site-packages /usr/bin/python3 -W ignore:setup.py install is deprecated setup.py egg_info --egg-base ../../build/module_motor build --build-base /home/tomccd/Documents/Code/Python/DATN/build/module_motor/build install --record /home/tomccd/Documents/Code/Python/DATN/build/module_motor/install.log --single-version-externally-managed install_data
[10.951s] running egg_info
[11.078s] writing ../../build/module_motor/module_motor.egg-info/PKG-INFO
[11.080s] writing dependency_links to ../../build/module_motor/module_motor.egg-info/dependency_links.txt
[11.087s] writing entry points to ../../build/module_motor/module_motor.egg-info/entry_points.txt
[11.088s] writing requirements to ../../build/module_motor/module_motor.egg-info/requires.txt
[11.089s] writing top-level names to ../../build/module_motor/module_motor.egg-info/top_level.txt
[11.350s] reading manifest file '../../build/module_motor/module_motor.egg-info/SOURCES.txt'
[11.354s] writing manifest file '../../build/module_motor/module_motor.egg-info/SOURCES.txt'
[11.355s] running build
[11.356s] running build_py
[11.356s] copying module_motor/node_dc_servo.py -> /home/tomccd/Documents/Code/Python/DATN/build/module_motor/build/lib/module_motor
[11.358s] running install
[11.389s] running install_lib
[11.560s] creating /home/tomccd/Documents/Code/Python/DATN/install/module_motor/lib/python3.12/site-packages/module_motor
[11.560s] copying /home/tomccd/Documents/Code/Python/DATN/build/module_motor/build/lib/module_motor/node_dc_motor.py -> /home/tomccd/Documents/Code/Python/DATN/install/module_motor/lib/python3.12/site-packages/module_motor
[11.561s] copying /home/tomccd/Documents/Code/Python/DATN/build/module_motor/build/lib/module_motor/node_dc_servo.py -> /home/tomccd/Documents/Code/Python/DATN/install/module_motor/lib/python3.12/site-packages/module_motor
[11.563s] copying /home/tomccd/Documents/Code/Python/DATN/build/module_motor/build/lib/module_motor/__init__.py -> /home/tomccd/Documents/Code/Python/DATN/install/module_motor/lib/python3.12/site-packages/module_motor
[11.568s] byte-compiling /home/tomccd/Documents/Code/Python/DATN/install/module_motor/lib/python3.12/site-packages/module_motor/node_dc_motor.py to node_dc_motor.cpython-312.pyc
[11.574s] byte-compiling /home/tomccd/Documents/Code/Python/DATN/install/module_motor/lib/python3.12/site-packages/module_motor/node_dc_servo.py to node_dc_servo.cpython-312.pyc
[11.583s] byte-compiling /home/tomccd/Documents/Code/Python/DATN/install/module_motor/lib/python3.12/site-packages/module_motor/__init__.py to __init__.cpython-312.pyc
[11.585s] running install_data
[11.588s] creating /home/tomccd/Documents/Code/Python/DATN/install/module_motor/share/ament_index
[11.589s] creating /home/tomccd/Documents/Code/Python/DATN/install/module_motor/share/ament_index/resource_index
[11.591s] creating /home/tomccd/Documents/Code/Python/DATN/install/module_motor/share/ament_index/resource_index/packages
[11.591s] copying resource/module_motor -> /home/tomccd/Documents/Code/Python/DATN/install/module_motor/share/ament_index/resource_index/packages
[11.592s] copying package.xml -> /home/tomccd/Documents/Code/Python/DATN/install/module_motor/share/module_motor
[11.593s] running install_egg_info
[11.765s] Copying ../../build/module_motor/module_motor.egg-info to /home/tomccd/Documents/Code/Python/DATN/install/module_motor/lib/python3.12/site-packages/module_motor-0.0.0-py3.12.egg-info
[11.773s] running install_scripts
[12.697s] Installing node_dc_motor script to /home/tomccd/Documents/Code/Python/DATN/install/module_motor/lib/module_motor
[12.698s] Installing node_dc_servo script to /home/tomccd/Documents/Code/Python/DATN/install/module_motor/lib/module_motor
[12.700s] writing list of installed files to '/home/tomccd/Documents/Code/Python/DATN/build/module_motor/install.log'
[12.867s] Invoked command in '/home/tomccd/Documents/Code/Python/DATN/Packages/module_motor' returned '0': CMAKE_PREFIX_PATH=/home/tomccd/Documents/Code/Python/DATN/install/custom_interfaces:/home/tomccd/Documents/Code/Python/DATN/install/launch_system:/home/tomccd/Documents/Code/Python/DATN/install/module_log_file:/opt/ros/jazzy/opt/gz_math_vendor:/opt/ros/jazzy/opt/gz_utils_vendor:/opt/ros/jazzy/opt/gz_cmake_vendor DEBUGINFOD_URLS=https://debuginfod.ubuntu.com PYTHONPATH=/home/tomccd/Documents/Code/Python/DATN/build/module_motor/prefix_override:/usr/lib/python3/dist-packages/colcon_core/task/python/colcon_distutils_commands:/home/tomccd/Documents/Code/Python/DATN/install/module_motor/lib/python3.12/site-packages:/home/tomccd/Documents/Code/Python/DATN/install/custom_interfaces/lib/python3.12/site-packages:/home/tomccd/Documents/Code/Python/DATN/install/module_motor/lib/python3.12/site-packages:/home/tomccd/Documents/Code/Python/DATN/install/module_weigh/lib/python3.12/site-packages:/home/tomccd/Documents/Code/Python/DATN/install/module_supervisor/lib/python3.12/site-packages:/home/tomccd/Documents/Code/Python/DATN/install/module_send_email/lib/python3.12/site-packages:/home/tomccd/Documents/Code/Python/DATN/install/module_scanning_interface/lib/python3.12/site-packages:/home/tomccd/Documents/Code/Python/DATN/install/module_input/lib/python3.12/site-packages:/opt/ros/jazzy/lib/python3.12/site-packages /usr/bin/python3 -W ignore:setup.py install is deprecated setup.py egg_info --egg-base ../../build/module_motor build --build-base /home/tomccd/Documents/Code/Python/DATN/build/module_motor/build install --record /home/tomccd/Documents/Code/Python/DATN/build/module_motor/install.log --single-version-externally-managed install_data
