[0.087s] Invoking command in '/home/tomccd/Documents/Code/Python/DATN/build/custom_interfaces': CMAKE_PREFIX_PATH=${CMAKE_PREFIX_PATH}:/home/tomccd/Documents/Code/Python/DATN/install/module_weigh:/home/tomccd/Documents/Code/Python/DATN/install/module_supervisor:/home/tomccd/Documents/Code/Python/DATN/install/module_scanning_interface:/home/tomccd/Documents/Code/Python/DATN/install/module_input:/opt/ros/jazzy DEBUGINFOD_URLS=https://debuginfod.ubuntu.com /usr/bin/cmake --build /home/tomccd/Documents/Code/Python/DATN/build/custom_interfaces -- -j4 -l4
[0.574s] [  1%] Built target custom_interfaces__rosidl_generator_type_description
[0.687s] [  1%] Built target ament_cmake_python_copy_custom_interfaces
[0.808s] [  3%] Built target custom_interfaces__cpp
[0.854s] [ 25%] Built target custom_interfaces__rosidl_generator_c
[1.140s] [ 34%] Built target custom_interfaces__rosidl_typesupport_fastrtps_cpp
[1.256s] [ 43%] Built target custom_interfaces__rosidl_typesupport_cpp
[1.359s] [ 53%] Built target custom_interfaces__rosidl_typesupport_introspection_cpp
[1.518s] [ 62%] Built target custom_interfaces__rosidl_typesupport_introspection_c
[1.631s] [ 71%] Built target custom_interfaces__rosidl_typesupport_c
[1.664s] [ 81%] Built target custom_interfaces__rosidl_typesupport_fastrtps_c
[1.894s] [ 81%] Built target custom_interfaces
[2.188s] [ 82%] Built target custom_interfaces__py
[2.462s] [ 90%] Built target custom_interfaces__rosidl_generator_py
[2.735s] [ 93%] Built target custom_interfaces_s__rosidl_typesupport_introspection_c
[2.892s] [ 96%] Built target custom_interfaces_s__rosidl_typesupport_fastrtps_c
[2.997s] [100%] Built target custom_interfaces_s__rosidl_typesupport_c
[3.615s] running egg_info
[3.842s] writing custom_interfaces.egg-info/PKG-INFO
[3.848s] writing dependency_links to custom_interfaces.egg-info/dependency_links.txt
[3.850s] writing top-level names to custom_interfaces.egg-info/top_level.txt
[4.695s] reading manifest file 'custom_interfaces.egg-info/SOURCES.txt'
[4.699s] writing manifest file 'custom_interfaces.egg-info/SOURCES.txt'
[5.149s] [100%] Built target ament_cmake_python_build_custom_interfaces_egg
[5.535s] Invoked command in '/home/tomccd/Documents/Code/Python/DATN/build/custom_interfaces' returned '0': CMAKE_PREFIX_PATH=${CMAKE_PREFIX_PATH}:/home/tomccd/Documents/Code/Python/DATN/install/module_weigh:/home/tomccd/Documents/Code/Python/DATN/install/module_supervisor:/home/tomccd/Documents/Code/Python/DATN/install/module_scanning_interface:/home/tomccd/Documents/Code/Python/DATN/install/module_input:/opt/ros/jazzy DEBUGINFOD_URLS=https://debuginfod.ubuntu.com /usr/bin/cmake --build /home/tomccd/Documents/Code/Python/DATN/build/custom_interfaces -- -j4 -l4
[7.215s] Invoking command in '/home/tomccd/Documents/Code/Python/DATN/build/custom_interfaces': CMAKE_PREFIX_PATH=${CMAKE_PREFIX_PATH}:/home/tomccd/Documents/Code/Python/DATN/install/module_weigh:/home/tomccd/Documents/Code/Python/DATN/install/module_supervisor:/home/tomccd/Documents/Code/Python/DATN/install/module_scanning_interface:/home/tomccd/Documents/Code/Python/DATN/install/module_input:/opt/ros/jazzy DEBUGINFOD_URLS=https://debuginfod.ubuntu.com /usr/bin/cmake --install /home/tomccd/Documents/Code/Python/DATN/build/custom_interfaces
[7.335s] -- Install configuration: ""
[7.339s] -- Up-to-date: /home/tomccd/Documents/Code/Python/DATN/install/custom_interfaces/share/ament_index/resource_index/rosidl_interfaces/custom_interfaces
[7.359s] -- Up-to-date: /home/tomccd/Documents/Code/Python/DATN/install/custom_interfaces/share/custom_interfaces/msg/TerminateSys.json
[7.389s] -- Up-to-date: /home/tomccd/Documents/Code/Python/DATN/install/custom_interfaces/share/custom_interfaces/srv/InitSys.json
[7.390s] -- Up-to-date: /home/tomccd/Documents/Code/Python/DATN/install/custom_interfaces/share/custom_interfaces/msg/SetWeighIO.json
[7.393s] -- Up-to-date: /home/tomccd/Documents/Code/Python/DATN/install/custom_interfaces/share/custom_interfaces/msg/WeighValue.json
[7.399s] -- Up-to-date: /home/tomccd/Documents/Code/Python/DATN/install/custom_interfaces/include/custom_interfaces/custom_interfaces
[7.402s] -- Up-to-date: /home/tomccd/Documents/Code/Python/DATN/install/custom_interfaces/include/custom_interfaces/custom_interfaces/srv
[7.403s] -- Up-to-date: /home/tomccd/Documents/Code/Python/DATN/install/custom_interfaces/include/custom_interfaces/custom_interfaces/srv/initialize_system.h
[7.405s] -- Up-to-date: /home/tomccd/Documents/Code/Python/DATN/install/custom_interfaces/include/custom_interfaces/custom_interfaces/srv/init_sys.h
[7.406s] -- Up-to-date: /home/tomccd/Documents/Code/Python/DATN/install/custom_interfaces/include/custom_interfaces/custom_interfaces/srv/detail
[7.409s] -- Installing: /home/tomccd/Documents/Code/Python/DATN/install/custom_interfaces/include/custom_interfaces/custom_interfaces/srv/detail/initialize_system__type_support.c
[7.415s] -- Up-to-date: /home/tomccd/Documents/Code/Python/DATN/install/custom_interfaces/include/custom_interfaces/custom_interfaces/srv/detail/initialize_system__functions.c
[7.421s] -- Up-to-date: /home/tomccd/Documents/Code/Python/DATN/install/custom_interfaces/include/custom_interfaces/custom_interfaces/srv/detail/initialize_system__type_support.h
[7.427s] -- Up-to-date: /home/tomccd/Documents/Code/Python/DATN/install/custom_interfaces/include/custom_interfaces/custom_interfaces/srv/detail/init_sys__struct.h
[7.428s] -- Up-to-date: /home/tomccd/Documents/Code/Python/DATN/install/custom_interfaces/include/custom_interfaces/custom_interfaces/srv/detail/initialize_system__struct.h
[7.448s] -- Installing: /home/tomccd/Documents/Code/Python/DATN/install/custom_interfaces/include/custom_interfaces/custom_interfaces/srv/detail/init_sys__type_support.c
[7.452s] -- Up-to-date: /home/tomccd/Documents/Code/Python/DATN/install/custom_interfaces/include/custom_interfaces/custom_interfaces/srv/detail/init_sys__functions.h
[7.456s] -- Up-to-date: /home/tomccd/Documents/Code/Python/DATN/install/custom_interfaces/include/custom_interfaces/custom_interfaces/srv/detail/init_sys__functions.c
[7.460s] -- Up-to-date: /home/tomccd/Documents/Code/Python/DATN/install/custom_interfaces/include/custom_interfaces/custom_interfaces/srv/detail/init_sys__type_support.h
[7.466s] -- Up-to-date: /home/tomccd/Documents/Code/Python/DATN/install/custom_interfaces/include/custom_interfaces/custom_interfaces/srv/detail/init_sys__description.c
[7.468s] -- Up-to-date: /home/tomccd/Documents/Code/Python/DATN/install/custom_interfaces/include/custom_interfaces/custom_interfaces/srv/detail/initialize_system__functions.h
[7.475s] -- Up-to-date: /home/tomccd/Documents/Code/Python/DATN/install/custom_interfaces/include/custom_interfaces/custom_interfaces/srv/detail/initialize_system__description.c
[7.476s] -- Up-to-date: /home/tomccd/Documents/Code/Python/DATN/install/custom_interfaces/include/custom_interfaces/custom_interfaces/msg
[7.477s] -- Up-to-date: /home/tomccd/Documents/Code/Python/DATN/install/custom_interfaces/include/custom_interfaces/custom_interfaces/msg/set_weigh_io.h
[7.480s] -- Up-to-date: /home/tomccd/Documents/Code/Python/DATN/install/custom_interfaces/include/custom_interfaces/custom_interfaces/msg/terminate_sys.h
[7.485s] -- Up-to-date: /home/tomccd/Documents/Code/Python/DATN/install/custom_interfaces/include/custom_interfaces/custom_interfaces/msg/rosidl_generator_c__visibility_control.h
[7.486s] -- Up-to-date: /home/tomccd/Documents/Code/Python/DATN/install/custom_interfaces/include/custom_interfaces/custom_interfaces/msg/terminate.h
[7.500s] -- Up-to-date: /home/tomccd/Documents/Code/Python/DATN/install/custom_interfaces/include/custom_interfaces/custom_interfaces/msg/detail
[7.501s] -- Up-to-date: /home/tomccd/Documents/Code/Python/DATN/install/custom_interfaces/include/custom_interfaces/custom_interfaces/msg/detail/weigh_value__description.c
[7.502s] -- Up-to-date: /home/tomccd/Documents/Code/Python/DATN/install/custom_interfaces/include/custom_interfaces/custom_interfaces/msg/detail/terminate__functions.h
[7.503s] -- Up-to-date: /home/tomccd/Documents/Code/Python/DATN/install/custom_interfaces/include/custom_interfaces/custom_interfaces/msg/detail/terminate_sys__functions.c
[7.514s] -- Up-to-date: /home/tomccd/Documents/Code/Python/DATN/install/custom_interfaces/include/custom_interfaces/custom_interfaces/msg/detail/terminate_sys__functions.h
[7.515s] -- Up-to-date: /home/tomccd/Documents/Code/Python/DATN/install/custom_interfaces/include/custom_interfaces/custom_interfaces/msg/detail/set_weigh_io__description.c
[7.521s] -- Up-to-date: /home/tomccd/Documents/Code/Python/DATN/install/custom_interfaces/include/custom_interfaces/custom_interfaces/msg/detail/terminate__functions.c
[7.526s] -- Up-to-date: /home/tomccd/Documents/Code/Python/DATN/install/custom_interfaces/include/custom_interfaces/custom_interfaces/msg/detail/weigh_value__functions.h
[7.527s] -- Up-to-date: /home/tomccd/Documents/Code/Python/DATN/install/custom_interfaces/include/custom_interfaces/custom_interfaces/msg/detail/weigh_value__struct.h
[7.530s] -- Up-to-date: /home/tomccd/Documents/Code/Python/DATN/install/custom_interfaces/include/custom_interfaces/custom_interfaces/msg/detail/set_weigh_io__functions.h
[7.535s] -- Up-to-date: /home/tomccd/Documents/Code/Python/DATN/install/custom_interfaces/include/custom_interfaces/custom_interfaces/msg/detail/terminate_sys__type_support.h
[7.536s] -- Installing: /home/tomccd/Documents/Code/Python/DATN/install/custom_interfaces/include/custom_interfaces/custom_interfaces/msg/detail/terminate__type_support.c
[7.541s] -- Up-to-date: /home/tomccd/Documents/Code/Python/DATN/install/custom_interfaces/include/custom_interfaces/custom_interfaces/msg/detail/terminate__struct.h
[7.541s] -- Up-to-date: /home/tomccd/Documents/Code/Python/DATN/install/custom_interfaces/include/custom_interfaces/custom_interfaces/msg/detail/set_weigh_io__type_support.h
[7.542s] -- Up-to-date: /home/tomccd/Documents/Code/Python/DATN/install/custom_interfaces/include/custom_interfaces/custom_interfaces/msg/detail/terminate__description.c
[7.555s] -- Up-to-date: /home/tomccd/Documents/Code/Python/DATN/install/custom_interfaces/include/custom_interfaces/custom_interfaces/msg/detail/weigh_value__functions.c
[7.570s] -- Installing: /home/tomccd/Documents/Code/Python/DATN/install/custom_interfaces/include/custom_interfaces/custom_interfaces/msg/detail/terminate_sys__type_support.c
[7.582s] -- Up-to-date: /home/tomccd/Documents/Code/Python/DATN/install/custom_interfaces/include/custom_interfaces/custom_interfaces/msg/detail/terminate_sys__description.c
[7.583s] -- Installing: /home/tomccd/Documents/Code/Python/DATN/install/custom_interfaces/include/custom_interfaces/custom_interfaces/msg/detail/set_weigh_io__type_support.c
[7.624s] -- Up-to-date: /home/tomccd/Documents/Code/Python/DATN/install/custom_interfaces/include/custom_interfaces/custom_interfaces/msg/detail/terminate_sys__struct.h
[7.625s] -- Up-to-date: /home/tomccd/Documents/Code/Python/DATN/install/custom_interfaces/include/custom_interfaces/custom_interfaces/msg/detail/weigh_value__type_support.h
[7.626s] -- Up-to-date: /home/tomccd/Documents/Code/Python/DATN/install/custom_interfaces/include/custom_interfaces/custom_interfaces/msg/detail/set_weigh_io__functions.c
[7.627s] -- Up-to-date: /home/tomccd/Documents/Code/Python/DATN/install/custom_interfaces/include/custom_interfaces/custom_interfaces/msg/detail/set_weigh_io__struct.h
[7.634s] -- Up-to-date: /home/tomccd/Documents/Code/Python/DATN/install/custom_interfaces/include/custom_interfaces/custom_interfaces/msg/detail/terminate__type_support.h
[7.637s] -- Installing: /home/tomccd/Documents/Code/Python/DATN/install/custom_interfaces/include/custom_interfaces/custom_interfaces/msg/detail/weigh_value__type_support.c
[7.642s] -- Up-to-date: /home/tomccd/Documents/Code/Python/DATN/install/custom_interfaces/include/custom_interfaces/custom_interfaces/msg/weigh_value.h
[7.673s] -- Up-to-date: /home/tomccd/Documents/Code/Python/DATN/install/custom_interfaces/share/custom_interfaces/environment/library_path.sh
[7.674s] -- Up-to-date: /home/tomccd/Documents/Code/Python/DATN/install/custom_interfaces/share/custom_interfaces/environment/library_path.dsv
[7.675s] -- Up-to-date: /home/tomccd/Documents/Code/Python/DATN/install/custom_interfaces/lib/libcustom_interfaces__rosidl_generator_c.so
[7.676s] -- Up-to-date: /home/tomccd/Documents/Code/Python/DATN/install/custom_interfaces/include/custom_interfaces/custom_interfaces
[7.676s] -- Up-to-date: /home/tomccd/Documents/Code/Python/DATN/install/custom_interfaces/include/custom_interfaces/custom_interfaces/srv
[7.677s] -- Up-to-date: /home/tomccd/Documents/Code/Python/DATN/install/custom_interfaces/include/custom_interfaces/custom_interfaces/srv/detail
[7.681s] -- Up-to-date: /home/tomccd/Documents/Code/Python/DATN/install/custom_interfaces/include/custom_interfaces/custom_interfaces/srv/detail/init_sys__rosidl_typesupport_fastrtps_c.h
[7.683s] -- Up-to-date: /home/tomccd/Documents/Code/Python/DATN/install/custom_interfaces/include/custom_interfaces/custom_interfaces/srv/detail/initialize_system__rosidl_typesupport_fastrtps_c.h
[7.684s] -- Up-to-date: /home/tomccd/Documents/Code/Python/DATN/install/custom_interfaces/include/custom_interfaces/custom_interfaces/msg
[7.685s] -- Up-to-date: /home/tomccd/Documents/Code/Python/DATN/install/custom_interfaces/include/custom_interfaces/custom_interfaces/msg/rosidl_typesupport_fastrtps_c__visibility_control.h
[7.687s] -- Up-to-date: /home/tomccd/Documents/Code/Python/DATN/install/custom_interfaces/include/custom_interfaces/custom_interfaces/msg/detail
[7.688s] -- Up-to-date: /home/tomccd/Documents/Code/Python/DATN/install/custom_interfaces/include/custom_interfaces/custom_interfaces/msg/detail/weigh_value__rosidl_typesupport_fastrtps_c.h
[7.689s] -- Up-to-date: /home/tomccd/Documents/Code/Python/DATN/install/custom_interfaces/include/custom_interfaces/custom_interfaces/msg/detail/set_weigh_io__rosidl_typesupport_fastrtps_c.h
[7.690s] -- Up-to-date: /home/tomccd/Documents/Code/Python/DATN/install/custom_interfaces/include/custom_interfaces/custom_interfaces/msg/detail/terminate_sys__rosidl_typesupport_fastrtps_c.h
[7.691s] -- Up-to-date: /home/tomccd/Documents/Code/Python/DATN/install/custom_interfaces/include/custom_interfaces/custom_interfaces/msg/detail/terminate__rosidl_typesupport_fastrtps_c.h
[7.692s] -- Up-to-date: /home/tomccd/Documents/Code/Python/DATN/install/custom_interfaces/lib/libcustom_interfaces__rosidl_typesupport_fastrtps_c.so
[7.693s] -- Up-to-date: /home/tomccd/Documents/Code/Python/DATN/install/custom_interfaces/include/custom_interfaces/custom_interfaces
[7.694s] -- Up-to-date: /home/tomccd/Documents/Code/Python/DATN/install/custom_interfaces/include/custom_interfaces/custom_interfaces/srv
[7.695s] -- Up-to-date: /home/tomccd/Documents/Code/Python/DATN/install/custom_interfaces/include/custom_interfaces/custom_interfaces/srv/detail
[7.695s] -- Up-to-date: /home/tomccd/Documents/Code/Python/DATN/install/custom_interfaces/include/custom_interfaces/custom_interfaces/srv/detail/initialize_system__rosidl_typesupport_introspection_c.h
[7.696s] -- Installing: /home/tomccd/Documents/Code/Python/DATN/install/custom_interfaces/include/custom_interfaces/custom_interfaces/srv/detail/initialize_system__type_support.c
[7.697s] -- Installing: /home/tomccd/Documents/Code/Python/DATN/install/custom_interfaces/include/custom_interfaces/custom_interfaces/srv/detail/init_sys__type_support.c
[7.698s] -- Up-to-date: /home/tomccd/Documents/Code/Python/DATN/install/custom_interfaces/include/custom_interfaces/custom_interfaces/srv/detail/init_sys__rosidl_typesupport_introspection_c.h
[7.704s] -- Up-to-date: /home/tomccd/Documents/Code/Python/DATN/install/custom_interfaces/include/custom_interfaces/custom_interfaces/msg
[7.709s] -- Up-to-date: /home/tomccd/Documents/Code/Python/DATN/install/custom_interfaces/include/custom_interfaces/custom_interfaces/msg/rosidl_typesupport_introspection_c__visibility_control.h
[7.710s] -- Up-to-date: /home/tomccd/Documents/Code/Python/DATN/install/custom_interfaces/include/custom_interfaces/custom_interfaces/msg/detail
[7.714s] -- Up-to-date: /home/tomccd/Documents/Code/Python/DATN/install/custom_interfaces/include/custom_interfaces/custom_interfaces/msg/detail/set_weigh_io__rosidl_typesupport_introspection_c.h
[7.715s] -- Up-to-date: /home/tomccd/Documents/Code/Python/DATN/install/custom_interfaces/include/custom_interfaces/custom_interfaces/msg/detail/terminate__rosidl_typesupport_introspection_c.h
[7.716s] -- Installing: /home/tomccd/Documents/Code/Python/DATN/install/custom_interfaces/include/custom_interfaces/custom_interfaces/msg/detail/terminate__type_support.c
[7.718s] -- Up-to-date: /home/tomccd/Documents/Code/Python/DATN/install/custom_interfaces/include/custom_interfaces/custom_interfaces/msg/detail/weigh_value__rosidl_typesupport_introspection_c.h
[7.719s] -- Installing: /home/tomccd/Documents/Code/Python/DATN/install/custom_interfaces/include/custom_interfaces/custom_interfaces/msg/detail/terminate_sys__type_support.c
[7.719s] -- Installing: /home/tomccd/Documents/Code/Python/DATN/install/custom_interfaces/include/custom_interfaces/custom_interfaces/msg/detail/set_weigh_io__type_support.c
[7.721s] -- Up-to-date: /home/tomccd/Documents/Code/Python/DATN/install/custom_interfaces/include/custom_interfaces/custom_interfaces/msg/detail/terminate_sys__rosidl_typesupport_introspection_c.h
[7.722s] -- Installing: /home/tomccd/Documents/Code/Python/DATN/install/custom_interfaces/include/custom_interfaces/custom_interfaces/msg/detail/weigh_value__type_support.c
[7.725s] -- Up-to-date: /home/tomccd/Documents/Code/Python/DATN/install/custom_interfaces/lib/libcustom_interfaces__rosidl_typesupport_introspection_c.so
[7.726s] -- Up-to-date: /home/tomccd/Documents/Code/Python/DATN/install/custom_interfaces/lib/libcustom_interfaces__rosidl_typesupport_c.so
[7.727s] -- Up-to-date: /home/tomccd/Documents/Code/Python/DATN/install/custom_interfaces/include/custom_interfaces/custom_interfaces
[7.733s] -- Up-to-date: /home/tomccd/Documents/Code/Python/DATN/install/custom_interfaces/include/custom_interfaces/custom_interfaces/srv
[7.734s] -- Up-to-date: /home/tomccd/Documents/Code/Python/DATN/install/custom_interfaces/include/custom_interfaces/custom_interfaces/srv/initialize_system.hpp
[7.738s] -- Up-to-date: /home/tomccd/Documents/Code/Python/DATN/install/custom_interfaces/include/custom_interfaces/custom_interfaces/srv/detail
[7.740s] -- Up-to-date: /home/tomccd/Documents/Code/Python/DATN/install/custom_interfaces/include/custom_interfaces/custom_interfaces/srv/detail/initialize_system__struct.hpp
[7.741s] -- Up-to-date: /home/tomccd/Documents/Code/Python/DATN/install/custom_interfaces/include/custom_interfaces/custom_interfaces/srv/detail/initialize_system__builder.hpp
[7.741s] -- Up-to-date: /home/tomccd/Documents/Code/Python/DATN/install/custom_interfaces/include/custom_interfaces/custom_interfaces/srv/detail/initialize_system__type_support.hpp
[7.744s] -- Up-to-date: /home/tomccd/Documents/Code/Python/DATN/install/custom_interfaces/include/custom_interfaces/custom_interfaces/srv/detail/init_sys__type_support.hpp
[7.745s] -- Up-to-date: /home/tomccd/Documents/Code/Python/DATN/install/custom_interfaces/include/custom_interfaces/custom_interfaces/srv/detail/init_sys__traits.hpp
[7.746s] -- Up-to-date: /home/tomccd/Documents/Code/Python/DATN/install/custom_interfaces/include/custom_interfaces/custom_interfaces/srv/detail/init_sys__struct.hpp
[7.751s] -- Up-to-date: /home/tomccd/Documents/Code/Python/DATN/install/custom_interfaces/include/custom_interfaces/custom_interfaces/srv/detail/init_sys__builder.hpp
[7.751s] -- Up-to-date: /home/tomccd/Documents/Code/Python/DATN/install/custom_interfaces/include/custom_interfaces/custom_interfaces/srv/detail/initialize_system__traits.hpp
[7.752s] -- Up-to-date: /home/tomccd/Documents/Code/Python/DATN/install/custom_interfaces/include/custom_interfaces/custom_interfaces/srv/init_sys.hpp
[7.753s] -- Up-to-date: /home/tomccd/Documents/Code/Python/DATN/install/custom_interfaces/include/custom_interfaces/custom_interfaces/msg
[7.781s] -- Up-to-date: /home/tomccd/Documents/Code/Python/DATN/install/custom_interfaces/include/custom_interfaces/custom_interfaces/msg/weigh_value.hpp
[7.785s] -- Up-to-date: /home/tomccd/Documents/Code/Python/DATN/install/custom_interfaces/include/custom_interfaces/custom_interfaces/msg/rosidl_generator_cpp__visibility_control.hpp
[7.793s] -- Up-to-date: /home/tomccd/Documents/Code/Python/DATN/install/custom_interfaces/include/custom_interfaces/custom_interfaces/msg/terminate_sys.hpp
[7.793s] -- Up-to-date: /home/tomccd/Documents/Code/Python/DATN/install/custom_interfaces/include/custom_interfaces/custom_interfaces/msg/set_weigh_io.hpp
[7.802s] -- Up-to-date: /home/tomccd/Documents/Code/Python/DATN/install/custom_interfaces/include/custom_interfaces/custom_interfaces/msg/detail
[7.803s] -- Up-to-date: /home/tomccd/Documents/Code/Python/DATN/install/custom_interfaces/include/custom_interfaces/custom_interfaces/msg/detail/weigh_value__traits.hpp
[7.803s] -- Up-to-date: /home/tomccd/Documents/Code/Python/DATN/install/custom_interfaces/include/custom_interfaces/custom_interfaces/msg/detail/set_weigh_io__builder.hpp
[7.804s] -- Up-to-date: /home/tomccd/Documents/Code/Python/DATN/install/custom_interfaces/include/custom_interfaces/custom_interfaces/msg/detail/terminate__builder.hpp
[7.809s] -- Up-to-date: /home/tomccd/Documents/Code/Python/DATN/install/custom_interfaces/include/custom_interfaces/custom_interfaces/msg/detail/terminate__traits.hpp
[7.857s] -- Up-to-date: /home/tomccd/Documents/Code/Python/DATN/install/custom_interfaces/include/custom_interfaces/custom_interfaces/msg/detail/weigh_value__type_support.hpp
[7.859s] -- Up-to-date: /home/tomccd/Documents/Code/Python/DATN/install/custom_interfaces/include/custom_interfaces/custom_interfaces/msg/detail/terminate_sys__traits.hpp
[7.863s] -- Up-to-date: /home/tomccd/Documents/Code/Python/DATN/install/custom_interfaces/include/custom_interfaces/custom_interfaces/msg/detail/weigh_value__builder.hpp
[7.870s] -- Up-to-date: /home/tomccd/Documents/Code/Python/DATN/install/custom_interfaces/include/custom_interfaces/custom_interfaces/msg/detail/terminate__struct.hpp
[7.872s] -- Up-to-date: /home/tomccd/Documents/Code/Python/DATN/install/custom_interfaces/include/custom_interfaces/custom_interfaces/msg/detail/set_weigh_io__traits.hpp
[7.875s] -- Up-to-date: /home/tomccd/Documents/Code/Python/DATN/install/custom_interfaces/include/custom_interfaces/custom_interfaces/msg/detail/weigh_value__struct.hpp
[7.876s] -- Up-to-date: /home/tomccd/Documents/Code/Python/DATN/install/custom_interfaces/include/custom_interfaces/custom_interfaces/msg/detail/terminate_sys__type_support.hpp
[7.878s] -- Up-to-date: /home/tomccd/Documents/Code/Python/DATN/install/custom_interfaces/include/custom_interfaces/custom_interfaces/msg/detail/set_weigh_io__struct.hpp
[7.878s] -- Up-to-date: /home/tomccd/Documents/Code/Python/DATN/install/custom_interfaces/include/custom_interfaces/custom_interfaces/msg/detail/set_weigh_io__type_support.hpp
[7.879s] -- Up-to-date: /home/tomccd/Documents/Code/Python/DATN/install/custom_interfaces/include/custom_interfaces/custom_interfaces/msg/detail/terminate__type_support.hpp
[7.883s] -- Up-to-date: /home/tomccd/Documents/Code/Python/DATN/install/custom_interfaces/include/custom_interfaces/custom_interfaces/msg/detail/terminate_sys__struct.hpp
[7.888s] -- Up-to-date: /home/tomccd/Documents/Code/Python/DATN/install/custom_interfaces/include/custom_interfaces/custom_interfaces/msg/detail/terminate_sys__builder.hpp
[7.889s] -- Up-to-date: /home/tomccd/Documents/Code/Python/DATN/install/custom_interfaces/include/custom_interfaces/custom_interfaces/msg/terminate.hpp
[7.891s] -- Up-to-date: /home/tomccd/Documents/Code/Python/DATN/install/custom_interfaces/include/custom_interfaces/custom_interfaces
[7.895s] -- Up-to-date: /home/tomccd/Documents/Code/Python/DATN/install/custom_interfaces/include/custom_interfaces/custom_interfaces/srv
[7.896s] -- Up-to-date: /home/tomccd/Documents/Code/Python/DATN/install/custom_interfaces/include/custom_interfaces/custom_interfaces/srv/detail
[7.901s] -- Up-to-date: /home/tomccd/Documents/Code/Python/DATN/install/custom_interfaces/include/custom_interfaces/custom_interfaces/srv/detail/init_sys__rosidl_typesupport_fastrtps_cpp.hpp
[7.902s] -- Up-to-date: /home/tomccd/Documents/Code/Python/DATN/install/custom_interfaces/include/custom_interfaces/custom_interfaces/srv/detail/initialize_system__rosidl_typesupport_fastrtps_cpp.hpp
[7.912s] -- Up-to-date: /home/tomccd/Documents/Code/Python/DATN/install/custom_interfaces/include/custom_interfaces/custom_interfaces/srv/detail/dds_fastrtps
[7.915s] -- Up-to-date: /home/tomccd/Documents/Code/Python/DATN/install/custom_interfaces/include/custom_interfaces/custom_interfaces/msg
[7.916s] -- Up-to-date: /home/tomccd/Documents/Code/Python/DATN/install/custom_interfaces/include/custom_interfaces/custom_interfaces/msg/detail
[7.920s] -- Up-to-date: /home/tomccd/Documents/Code/Python/DATN/install/custom_interfaces/include/custom_interfaces/custom_interfaces/msg/detail/weigh_value__rosidl_typesupport_fastrtps_cpp.hpp
[7.921s] -- Up-to-date: /home/tomccd/Documents/Code/Python/DATN/install/custom_interfaces/include/custom_interfaces/custom_interfaces/msg/detail/terminate__rosidl_typesupport_fastrtps_cpp.hpp
[7.921s] -- Up-to-date: /home/tomccd/Documents/Code/Python/DATN/install/custom_interfaces/include/custom_interfaces/custom_interfaces/msg/detail/dds_fastrtps
[7.922s] -- Up-to-date: /home/tomccd/Documents/Code/Python/DATN/install/custom_interfaces/include/custom_interfaces/custom_interfaces/msg/detail/terminate_sys__rosidl_typesupport_fastrtps_cpp.hpp
[7.928s] -- Up-to-date: /home/tomccd/Documents/Code/Python/DATN/install/custom_interfaces/include/custom_interfaces/custom_interfaces/msg/detail/set_weigh_io__rosidl_typesupport_fastrtps_cpp.hpp
[7.953s] -- Up-to-date: /home/tomccd/Documents/Code/Python/DATN/install/custom_interfaces/include/custom_interfaces/custom_interfaces/msg/rosidl_typesupport_fastrtps_cpp__visibility_control.h
[7.961s] -- Up-to-date: /home/tomccd/Documents/Code/Python/DATN/install/custom_interfaces/lib/libcustom_interfaces__rosidl_typesupport_fastrtps_cpp.so
[7.962s] -- Up-to-date: /home/tomccd/Documents/Code/Python/DATN/install/custom_interfaces/include/custom_interfaces/custom_interfaces
[7.963s] -- Up-to-date: /home/tomccd/Documents/Code/Python/DATN/install/custom_interfaces/include/custom_interfaces/custom_interfaces/srv
[7.975s] -- Up-to-date: /home/tomccd/Documents/Code/Python/DATN/install/custom_interfaces/include/custom_interfaces/custom_interfaces/srv/detail
[7.979s] -- Up-to-date: /home/tomccd/Documents/Code/Python/DATN/install/custom_interfaces/include/custom_interfaces/custom_interfaces/srv/detail/initialize_system__type_support.cpp
[7.982s] -- Up-to-date: /home/tomccd/Documents/Code/Python/DATN/install/custom_interfaces/include/custom_interfaces/custom_interfaces/srv/detail/init_sys__type_support.cpp
[7.983s] -- Up-to-date: /home/tomccd/Documents/Code/Python/DATN/install/custom_interfaces/include/custom_interfaces/custom_interfaces/srv/detail/init_sys__rosidl_typesupport_introspection_cpp.hpp
[7.985s] -- Up-to-date: /home/tomccd/Documents/Code/Python/DATN/install/custom_interfaces/include/custom_interfaces/custom_interfaces/srv/detail/initialize_system__rosidl_typesupport_introspection_cpp.hpp
[7.987s] -- Up-to-date: /home/tomccd/Documents/Code/Python/DATN/install/custom_interfaces/include/custom_interfaces/custom_interfaces/msg
[7.989s] -- Up-to-date: /home/tomccd/Documents/Code/Python/DATN/install/custom_interfaces/include/custom_interfaces/custom_interfaces/msg/detail
[7.990s] -- Up-to-date: /home/tomccd/Documents/Code/Python/DATN/install/custom_interfaces/include/custom_interfaces/custom_interfaces/msg/detail/terminate__rosidl_typesupport_introspection_cpp.hpp
[7.991s] -- Up-to-date: /home/tomccd/Documents/Code/Python/DATN/install/custom_interfaces/include/custom_interfaces/custom_interfaces/msg/detail/set_weigh_io__rosidl_typesupport_introspection_cpp.hpp
[7.992s] -- Up-to-date: /home/tomccd/Documents/Code/Python/DATN/install/custom_interfaces/include/custom_interfaces/custom_interfaces/msg/detail/terminate__type_support.cpp
[7.994s] -- Up-to-date: /home/tomccd/Documents/Code/Python/DATN/install/custom_interfaces/include/custom_interfaces/custom_interfaces/msg/detail/set_weigh_io__type_support.cpp
[7.995s] -- Up-to-date: /home/tomccd/Documents/Code/Python/DATN/install/custom_interfaces/include/custom_interfaces/custom_interfaces/msg/detail/terminate_sys__rosidl_typesupport_introspection_cpp.hpp
[7.996s] -- Up-to-date: /home/tomccd/Documents/Code/Python/DATN/install/custom_interfaces/include/custom_interfaces/custom_interfaces/msg/detail/terminate_sys__type_support.cpp
[7.997s] -- Up-to-date: /home/tomccd/Documents/Code/Python/DATN/install/custom_interfaces/include/custom_interfaces/custom_interfaces/msg/detail/weigh_value__rosidl_typesupport_introspection_cpp.hpp
[7.998s] -- Up-to-date: /home/tomccd/Documents/Code/Python/DATN/install/custom_interfaces/include/custom_interfaces/custom_interfaces/msg/detail/weigh_value__type_support.cpp
[7.999s] -- Up-to-date: /home/tomccd/Documents/Code/Python/DATN/install/custom_interfaces/lib/libcustom_interfaces__rosidl_typesupport_introspection_cpp.so
[8.000s] -- Up-to-date: /home/tomccd/Documents/Code/Python/DATN/install/custom_interfaces/lib/libcustom_interfaces__rosidl_typesupport_cpp.so
[8.001s] -- Up-to-date: /home/tomccd/Documents/Code/Python/DATN/install/custom_interfaces/share/custom_interfaces/environment/pythonpath.sh
[8.006s] -- Up-to-date: /home/tomccd/Documents/Code/Python/DATN/install/custom_interfaces/share/custom_interfaces/environment/pythonpath.dsv
[8.011s] -- Up-to-date: /home/tomccd/Documents/Code/Python/DATN/install/custom_interfaces/lib/python3.12/site-packages/custom_interfaces-0.0.0-py3.12.egg-info
[8.014s] -- Installing: /home/tomccd/Documents/Code/Python/DATN/install/custom_interfaces/lib/python3.12/site-packages/custom_interfaces-0.0.0-py3.12.egg-info/SOURCES.txt
[8.015s] -- Installing: /home/tomccd/Documents/Code/Python/DATN/install/custom_interfaces/lib/python3.12/site-packages/custom_interfaces-0.0.0-py3.12.egg-info/dependency_links.txt
[8.017s] -- Installing: /home/tomccd/Documents/Code/Python/DATN/install/custom_interfaces/lib/python3.12/site-packages/custom_interfaces-0.0.0-py3.12.egg-info/PKG-INFO
[8.020s] -- Installing: /home/tomccd/Documents/Code/Python/DATN/install/custom_interfaces/lib/python3.12/site-packages/custom_interfaces-0.0.0-py3.12.egg-info/top_level.txt
[8.021s] -- Up-to-date: /home/tomccd/Documents/Code/Python/DATN/install/custom_interfaces/lib/python3.12/site-packages/custom_interfaces
[8.022s] -- Up-to-date: /home/tomccd/Documents/Code/Python/DATN/install/custom_interfaces/lib/python3.12/site-packages/custom_interfaces/custom_interfaces_s__rosidl_typesupport_introspection_c.so
[8.023s] -- Up-to-date: /home/tomccd/Documents/Code/Python/DATN/install/custom_interfaces/lib/python3.12/site-packages/custom_interfaces/custom_interfaces_s__rosidl_typesupport_c.so
[8.028s] -- Up-to-date: /home/tomccd/Documents/Code/Python/DATN/install/custom_interfaces/lib/python3.12/site-packages/custom_interfaces/__init__.py
[8.029s] -- Up-to-date: /home/tomccd/Documents/Code/Python/DATN/install/custom_interfaces/lib/python3.12/site-packages/custom_interfaces/_custom_interfaces_s.ep.rosidl_typesupport_introspection_c.c
[8.032s] -- Up-to-date: /home/tomccd/Documents/Code/Python/DATN/install/custom_interfaces/lib/python3.12/site-packages/custom_interfaces/_custom_interfaces_s.ep.rosidl_typesupport_c.c
[8.033s] -- Up-to-date: /home/tomccd/Documents/Code/Python/DATN/install/custom_interfaces/lib/python3.12/site-packages/custom_interfaces/srv
[8.034s] -- Up-to-date: /home/tomccd/Documents/Code/Python/DATN/install/custom_interfaces/lib/python3.12/site-packages/custom_interfaces/srv/__init__.py
[8.040s] -- Up-to-date: /home/tomccd/Documents/Code/Python/DATN/install/custom_interfaces/lib/python3.12/site-packages/custom_interfaces/srv/_initialize_system_s.c
[8.046s] -- Up-to-date: /home/tomccd/Documents/Code/Python/DATN/install/custom_interfaces/lib/python3.12/site-packages/custom_interfaces/srv/_initialize_system.py
[8.048s] -- Up-to-date: /home/tomccd/Documents/Code/Python/DATN/install/custom_interfaces/lib/python3.12/site-packages/custom_interfaces/srv/_init_sys_s.c
[8.049s] -- Up-to-date: /home/tomccd/Documents/Code/Python/DATN/install/custom_interfaces/lib/python3.12/site-packages/custom_interfaces/srv/_init_sys.py
[8.053s] -- Up-to-date: /home/tomccd/Documents/Code/Python/DATN/install/custom_interfaces/lib/python3.12/site-packages/custom_interfaces/msg
[8.054s] -- Up-to-date: /home/tomccd/Documents/Code/Python/DATN/install/custom_interfaces/lib/python3.12/site-packages/custom_interfaces/msg/_terminate.py
[8.063s] -- Up-to-date: /home/tomccd/Documents/Code/Python/DATN/install/custom_interfaces/lib/python3.12/site-packages/custom_interfaces/msg/_weigh_value.py
[8.064s] -- Up-to-date: /home/tomccd/Documents/Code/Python/DATN/install/custom_interfaces/lib/python3.12/site-packages/custom_interfaces/msg/__init__.py
[8.065s] -- Up-to-date: /home/tomccd/Documents/Code/Python/DATN/install/custom_interfaces/lib/python3.12/site-packages/custom_interfaces/msg/_terminate_s.c
[8.066s] -- Up-to-date: /home/tomccd/Documents/Code/Python/DATN/install/custom_interfaces/lib/python3.12/site-packages/custom_interfaces/msg/_terminate_sys.py
[8.079s] -- Up-to-date: /home/tomccd/Documents/Code/Python/DATN/install/custom_interfaces/lib/python3.12/site-packages/custom_interfaces/msg/_terminate_sys_s.c
[8.084s] -- Up-to-date: /home/tomccd/Documents/Code/Python/DATN/install/custom_interfaces/lib/python3.12/site-packages/custom_interfaces/msg/_weigh_value_s.c
[8.091s] -- Up-to-date: /home/tomccd/Documents/Code/Python/DATN/install/custom_interfaces/lib/python3.12/site-packages/custom_interfaces/msg/_set_weigh_io_s.c
[8.096s] -- Up-to-date: /home/tomccd/Documents/Code/Python/DATN/install/custom_interfaces/lib/python3.12/site-packages/custom_interfaces/msg/_set_weigh_io.py
[8.097s] -- Up-to-date: /home/tomccd/Documents/Code/Python/DATN/install/custom_interfaces/lib/python3.12/site-packages/custom_interfaces/custom_interfaces_s__rosidl_typesupport_fastrtps_c.so
[8.098s] -- Up-to-date: /home/tomccd/Documents/Code/Python/DATN/install/custom_interfaces/lib/python3.12/site-packages/custom_interfaces/_custom_interfaces_s.ep.rosidl_typesupport_fastrtps_c.c
[8.398s] Listing '/home/tomccd/Documents/Code/Python/DATN/install/custom_interfaces/lib/python3.12/site-packages/custom_interfaces'...
[8.405s] Listing '/home/tomccd/Documents/Code/Python/DATN/install/custom_interfaces/lib/python3.12/site-packages/custom_interfaces/msg'...
[8.411s] Listing '/home/tomccd/Documents/Code/Python/DATN/install/custom_interfaces/lib/python3.12/site-packages/custom_interfaces/srv'...
[8.442s] -- Up-to-date: /home/tomccd/Documents/Code/Python/DATN/install/custom_interfaces/lib/python3.12/site-packages/custom_interfaces/custom_interfaces_s__rosidl_typesupport_fastrtps_c.so
[8.449s] -- Up-to-date: /home/tomccd/Documents/Code/Python/DATN/install/custom_interfaces/lib/python3.12/site-packages/custom_interfaces/custom_interfaces_s__rosidl_typesupport_introspection_c.so
[8.454s] -- Up-to-date: /home/tomccd/Documents/Code/Python/DATN/install/custom_interfaces/lib/python3.12/site-packages/custom_interfaces/custom_interfaces_s__rosidl_typesupport_c.so
[8.460s] -- Up-to-date: /home/tomccd/Documents/Code/Python/DATN/install/custom_interfaces/lib/libcustom_interfaces__rosidl_generator_py.so
[8.471s] -- Up-to-date: /home/tomccd/Documents/Code/Python/DATN/install/custom_interfaces/share/custom_interfaces/msg/TerminateSys.idl
[8.489s] -- Up-to-date: /home/tomccd/Documents/Code/Python/DATN/install/custom_interfaces/share/custom_interfaces/srv/InitSys.idl
[8.492s] -- Up-to-date: /home/tomccd/Documents/Code/Python/DATN/install/custom_interfaces/share/custom_interfaces/msg/SetWeighIO.idl
[8.495s] -- Up-to-date: /home/tomccd/Documents/Code/Python/DATN/install/custom_interfaces/share/custom_interfaces/msg/WeighValue.idl
[8.506s] -- Up-to-date: /home/tomccd/Documents/Code/Python/DATN/install/custom_interfaces/share/custom_interfaces/msg/TerminateSys.msg
[8.526s] -- Up-to-date: /home/tomccd/Documents/Code/Python/DATN/install/custom_interfaces/share/custom_interfaces/srv/InitSys.srv
[8.527s] -- Up-to-date: /home/tomccd/Documents/Code/Python/DATN/install/custom_interfaces/share/custom_interfaces/msg/SetWeighIO.msg
[8.528s] -- Up-to-date: /home/tomccd/Documents/Code/Python/DATN/install/custom_interfaces/share/custom_interfaces/msg/WeighValue.msg
[8.546s] -- Up-to-date: /home/tomccd/Documents/Code/Python/DATN/install/custom_interfaces/share/ament_index/resource_index/package_run_dependencies/custom_interfaces
[8.549s] -- Up-to-date: /home/tomccd/Documents/Code/Python/DATN/install/custom_interfaces/share/ament_index/resource_index/parent_prefix_path/custom_interfaces
[8.552s] -- Up-to-date: /home/tomccd/Documents/Code/Python/DATN/install/custom_interfaces/share/custom_interfaces/environment/ament_prefix_path.sh
[8.557s] -- Up-to-date: /home/tomccd/Documents/Code/Python/DATN/install/custom_interfaces/share/custom_interfaces/environment/ament_prefix_path.dsv
[8.558s] -- Up-to-date: /home/tomccd/Documents/Code/Python/DATN/install/custom_interfaces/share/custom_interfaces/environment/path.sh
[8.565s] -- Up-to-date: /home/tomccd/Documents/Code/Python/DATN/install/custom_interfaces/share/custom_interfaces/environment/path.dsv
[8.575s] -- Up-to-date: /home/tomccd/Documents/Code/Python/DATN/install/custom_interfaces/share/custom_interfaces/local_setup.bash
[8.581s] -- Up-to-date: /home/tomccd/Documents/Code/Python/DATN/install/custom_interfaces/share/custom_interfaces/local_setup.sh
[8.592s] -- Up-to-date: /home/tomccd/Documents/Code/Python/DATN/install/custom_interfaces/share/custom_interfaces/local_setup.zsh
[8.598s] -- Up-to-date: /home/tomccd/Documents/Code/Python/DATN/install/custom_interfaces/share/custom_interfaces/local_setup.dsv
[8.599s] -- Installing: /home/tomccd/Documents/Code/Python/DATN/install/custom_interfaces/share/custom_interfaces/package.dsv
[8.601s] -- Up-to-date: /home/tomccd/Documents/Code/Python/DATN/install/custom_interfaces/share/ament_index/resource_index/packages/custom_interfaces
[8.602s] -- Up-to-date: /home/tomccd/Documents/Code/Python/DATN/install/custom_interfaces/share/custom_interfaces/cmake/export_custom_interfaces__rosidl_generator_cExport.cmake
[8.605s] -- Up-to-date: /home/tomccd/Documents/Code/Python/DATN/install/custom_interfaces/share/custom_interfaces/cmake/export_custom_interfaces__rosidl_generator_cExport-noconfig.cmake
[8.608s] -- Up-to-date: /home/tomccd/Documents/Code/Python/DATN/install/custom_interfaces/share/custom_interfaces/cmake/export_custom_interfaces__rosidl_typesupport_fastrtps_cExport.cmake
[8.610s] -- Up-to-date: /home/tomccd/Documents/Code/Python/DATN/install/custom_interfaces/share/custom_interfaces/cmake/export_custom_interfaces__rosidl_typesupport_fastrtps_cExport-noconfig.cmake
[8.612s] -- Up-to-date: /home/tomccd/Documents/Code/Python/DATN/install/custom_interfaces/share/custom_interfaces/cmake/custom_interfaces__rosidl_typesupport_introspection_cExport.cmake
[8.613s] -- Up-to-date: /home/tomccd/Documents/Code/Python/DATN/install/custom_interfaces/share/custom_interfaces/cmake/custom_interfaces__rosidl_typesupport_introspection_cExport-noconfig.cmake
[8.617s] -- Up-to-date: /home/tomccd/Documents/Code/Python/DATN/install/custom_interfaces/share/custom_interfaces/cmake/custom_interfaces__rosidl_typesupport_cExport.cmake
[8.621s] -- Up-to-date: /home/tomccd/Documents/Code/Python/DATN/install/custom_interfaces/share/custom_interfaces/cmake/custom_interfaces__rosidl_typesupport_cExport-noconfig.cmake
[8.626s] -- Up-to-date: /home/tomccd/Documents/Code/Python/DATN/install/custom_interfaces/share/custom_interfaces/cmake/export_custom_interfaces__rosidl_generator_cppExport.cmake
[8.634s] -- Up-to-date: /home/tomccd/Documents/Code/Python/DATN/install/custom_interfaces/share/custom_interfaces/cmake/export_custom_interfaces__rosidl_typesupport_fastrtps_cppExport.cmake
[8.635s] -- Up-to-date: /home/tomccd/Documents/Code/Python/DATN/install/custom_interfaces/share/custom_interfaces/cmake/export_custom_interfaces__rosidl_typesupport_fastrtps_cppExport-noconfig.cmake
[8.640s] -- Up-to-date: /home/tomccd/Documents/Code/Python/DATN/install/custom_interfaces/share/custom_interfaces/cmake/custom_interfaces__rosidl_typesupport_introspection_cppExport.cmake
[8.641s] -- Up-to-date: /home/tomccd/Documents/Code/Python/DATN/install/custom_interfaces/share/custom_interfaces/cmake/custom_interfaces__rosidl_typesupport_introspection_cppExport-noconfig.cmake
[8.644s] -- Up-to-date: /home/tomccd/Documents/Code/Python/DATN/install/custom_interfaces/share/custom_interfaces/cmake/custom_interfaces__rosidl_typesupport_cppExport.cmake
[8.652s] -- Up-to-date: /home/tomccd/Documents/Code/Python/DATN/install/custom_interfaces/share/custom_interfaces/cmake/custom_interfaces__rosidl_typesupport_cppExport-noconfig.cmake
[8.655s] -- Up-to-date: /home/tomccd/Documents/Code/Python/DATN/install/custom_interfaces/share/custom_interfaces/cmake/export_custom_interfaces__rosidl_generator_pyExport.cmake
[8.658s] -- Up-to-date: /home/tomccd/Documents/Code/Python/DATN/install/custom_interfaces/share/custom_interfaces/cmake/export_custom_interfaces__rosidl_generator_pyExport-noconfig.cmake
[8.662s] -- Up-to-date: /home/tomccd/Documents/Code/Python/DATN/install/custom_interfaces/share/custom_interfaces/cmake/rosidl_cmake-extras.cmake
[8.663s] -- Up-to-date: /home/tomccd/Documents/Code/Python/DATN/install/custom_interfaces/share/custom_interfaces/cmake/ament_cmake_export_dependencies-extras.cmake
[8.671s] -- Up-to-date: /home/tomccd/Documents/Code/Python/DATN/install/custom_interfaces/share/custom_interfaces/cmake/ament_cmake_export_include_directories-extras.cmake
[8.673s] -- Up-to-date: /home/tomccd/Documents/Code/Python/DATN/install/custom_interfaces/share/custom_interfaces/cmake/ament_cmake_export_libraries-extras.cmake
[8.682s] -- Up-to-date: /home/tomccd/Documents/Code/Python/DATN/install/custom_interfaces/share/custom_interfaces/cmake/ament_cmake_export_targets-extras.cmake
[8.683s] -- Up-to-date: /home/tomccd/Documents/Code/Python/DATN/install/custom_interfaces/share/custom_interfaces/cmake/rosidl_cmake_export_typesupport_targets-extras.cmake
[8.684s] -- Up-to-date: /home/tomccd/Documents/Code/Python/DATN/install/custom_interfaces/share/custom_interfaces/cmake/rosidl_cmake_export_typesupport_libraries-extras.cmake
[8.685s] -- Up-to-date: /home/tomccd/Documents/Code/Python/DATN/install/custom_interfaces/share/custom_interfaces/cmake/custom_interfacesConfig.cmake
[8.689s] -- Up-to-date: /home/tomccd/Documents/Code/Python/DATN/install/custom_interfaces/share/custom_interfaces/cmake/custom_interfacesConfig-version.cmake
[8.690s] -- Up-to-date: /home/tomccd/Documents/Code/Python/DATN/install/custom_interfaces/share/custom_interfaces/package.xml
[8.691s] Invoked command in '/home/tomccd/Documents/Code/Python/DATN/build/custom_interfaces' returned '0': CMAKE_PREFIX_PATH=${CMAKE_PREFIX_PATH}:/home/tomccd/Documents/Code/Python/DATN/install/module_weigh:/home/tomccd/Documents/Code/Python/DATN/install/module_supervisor:/home/tomccd/Documents/Code/Python/DATN/install/module_scanning_interface:/home/tomccd/Documents/Code/Python/DATN/install/module_input:/opt/ros/jazzy DEBUGINFOD_URLS=https://debuginfod.ubuntu.com /usr/bin/cmake --install /home/tomccd/Documents/Code/Python/DATN/build/custom_interfaces
