[0.000000] (-) TimerEvent: {}
[0.002428] (-) JobUnselected: {'identifier': 'custom_interfaces'}
[0.003073] (-) JobUnselected: {'identifier': 'launch_system'}
[0.003177] (-) JobUnselected: {'identifier': 'module_input'}
[0.003259] (-) JobUnselected: {'identifier': 'module_log_file'}
[0.003340] (-) JobUnselected: {'identifier': 'module_scanning_interface'}
[0.003420] (-) JobUnselected: {'identifier': 'module_send_email'}
[0.003526] (-) JobUnselected: {'identifier': 'module_supervisor'}
[0.004279] (-) JobUnselected: {'identifier': 'module_weigh'}
[0.004496] (module_motor) JobQueued: {'identifier': 'module_motor', 'dependencies': OrderedDict({'custom_interfaces': '/home/tomccd/Documents/Code/Python/DATN/install/custom_interfaces'})}
[0.004710] (module_motor) JobStarted: {'identifier': 'module_motor'}
[0.098908] (-) TimerEvent: {}
[0.199628] (-) TimerEvent: {}
[0.300551] (-) TimerEvent: {}
[0.401202] (-) TimerEvent: {}
[0.502011] (-) TimerEvent: {}
[0.602671] (-) TimerEvent: {}
[0.703271] (-) TimerEvent: {}
[0.803940] (-) TimerEvent: {}
[0.904591] (-) TimerEvent: {}
[1.005203] (-) TimerEvent: {}
[1.105814] (-) TimerEvent: {}
[1.206461] (-) TimerEvent: {}
[1.268203] (module_motor) JobEnded: {'identifier': 'module_motor', 'rc': 0}
[1.272075] (-) EventReactorShutdown: {}
