[24.669s] Invoking command in '/home/tomccd/Documents/Code/Python/DATN/Packages/module_weigh': CMAKE_PREFIX_PATH=/home/tomccd/Documents/Code/Python/DATN/install/custom_interfaces:/home/tomccd/Documents/Code/Python/DATN/install/launch_system:/opt/ros/jazzy/opt/gz_math_vendor:/opt/ros/jazzy/opt/gz_utils_vendor:/opt/ros/jazzy/opt/gz_cmake_vendor PYTHONPATH=/home/tomccd/Documents/Code/Python/DATN/build/module_weigh/prefix_override:/usr/lib/python3/dist-packages/colcon_core/task/python/colcon_distutils_commands:/home/tomccd/Documents/Code/Python/DATN/install/module_weigh/lib/python3.12/site-packages:/home/tomccd/Documents/Code/Python/DATN/install/custom_interfaces/lib/python3.12/site-packages:/home/tomccd/Documents/Code/Python/DATN/install/module_weigh/lib/python3.12/site-packages:/home/tomccd/Documents/Code/Python/DATN/install/module_supervisor/lib/python3.12/site-packages:/home/tomccd/Documents/Code/Python/DATN/install/module_scanning_interface/lib/python3.12/site-packages:/home/tomccd/Documents/Code/Python/DATN/install/module_input/lib/python3.12/site-packages:/opt/ros/jazzy/lib/python3.12/site-packages /usr/bin/python3 -W ignore:setup.py install is deprecated setup.py egg_info --egg-base ../../build/module_weigh build --build-base /home/tomccd/Documents/Code/Python/DATN/build/module_weigh/build install --record /home/tomccd/Documents/Code/Python/DATN/build/module_weigh/install.log --single-version-externally-managed install_data
[31.945s] running egg_info
[32.132s] writing ../../build/module_weigh/module_weigh.egg-info/PKG-INFO
[32.141s] writing dependency_links to ../../build/module_weigh/module_weigh.egg-info/dependency_links.txt
[32.148s] writing entry points to ../../build/module_weigh/module_weigh.egg-info/entry_points.txt
[32.155s] writing requirements to ../../build/module_weigh/module_weigh.egg-info/requires.txt
[32.157s] writing top-level names to ../../build/module_weigh/module_weigh.egg-info/top_level.txt
[32.556s] reading manifest file '../../build/module_weigh/module_weigh.egg-info/SOURCES.txt'
[32.557s] writing manifest file '../../build/module_weigh/module_weigh.egg-info/SOURCES.txt'
[32.580s] running build
[32.581s] running build_py
[32.584s] running install
[32.613s] running install_lib
[32.780s] running install_data
[32.783s] running install_egg_info
[32.971s] removing '/home/tomccd/Documents/Code/Python/DATN/install/module_weigh/lib/python3.12/site-packages/module_weigh-0.0.0-py3.12.egg-info' (and everything under it)
[32.977s] Copying ../../build/module_weigh/module_weigh.egg-info to /home/tomccd/Documents/Code/Python/DATN/install/module_weigh/lib/python3.12/site-packages/module_weigh-0.0.0-py3.12.egg-info
[32.997s] running install_scripts
[34.150s] Installing module_weigh script to /home/tomccd/Documents/Code/Python/DATN/install/module_weigh/lib/module_weigh
[34.158s] writing list of installed files to '/home/tomccd/Documents/Code/Python/DATN/build/module_weigh/install.log'
[34.375s] Invoked command in '/home/tomccd/Documents/Code/Python/DATN/Packages/module_weigh' returned '0': CMAKE_PREFIX_PATH=/home/tomccd/Documents/Code/Python/DATN/install/custom_interfaces:/home/tomccd/Documents/Code/Python/DATN/install/launch_system:/opt/ros/jazzy/opt/gz_math_vendor:/opt/ros/jazzy/opt/gz_utils_vendor:/opt/ros/jazzy/opt/gz_cmake_vendor PYTHONPATH=/home/tomccd/Documents/Code/Python/DATN/build/module_weigh/prefix_override:/usr/lib/python3/dist-packages/colcon_core/task/python/colcon_distutils_commands:/home/tomccd/Documents/Code/Python/DATN/install/module_weigh/lib/python3.12/site-packages:/home/tomccd/Documents/Code/Python/DATN/install/custom_interfaces/lib/python3.12/site-packages:/home/tomccd/Documents/Code/Python/DATN/install/module_weigh/lib/python3.12/site-packages:/home/tomccd/Documents/Code/Python/DATN/install/module_supervisor/lib/python3.12/site-packages:/home/tomccd/Documents/Code/Python/DATN/install/module_scanning_interface/lib/python3.12/site-packages:/home/tomccd/Documents/Code/Python/DATN/install/module_input/lib/python3.12/site-packages:/opt/ros/jazzy/lib/python3.12/site-packages /usr/bin/python3 -W ignore:setup.py install is deprecated setup.py egg_info --egg-base ../../build/module_weigh build --build-base /home/tomccd/Documents/Code/Python/DATN/build/module_weigh/build install --record /home/tomccd/Documents/Code/Python/DATN/build/module_weigh/install.log --single-version-externally-managed install_data
