[0.132s] Invoking command in '/home/tomccd/Documents/Code/Python/DATN/build/module_log_file': AMENT_PREFIX_PATH=/home/tomccd/Documents/Code/Python/DATN/install/custom_interfaces:${AMENT_PREFIX_PATH} CMAKE_PREFIX_PATH=/home/tomccd/Documents/Code/Python/DATN/install/custom_interfaces:/opt/ros/jazzy/opt/gz_math_vendor:/opt/ros/jazzy/opt/gz_utils_vendor:/opt/ros/jazzy/opt/gz_cmake_vendor:/opt/ros/jazzy DEBUGINFOD_URLS=https://debuginfod.ubuntu.com LD_LIBRARY_PATH=/home/tomccd/Documents/Code/Python/DATN/install/custom_interfaces/lib:${LD_LIBRARY_PATH} PYTHONPATH=/home/tomccd/Documents/Code/Python/DATN/install/custom_interfaces/lib/python3.12/site-packages:${PYTHONPATH} /usr/bin/cmake --build /home/tomccd/Documents/Code/Python/DATN/build/module_log_file -- -j4 -l4
[0.765s] [ 50%] [32mBuilding CXX object CMakeFiles/module_log_file.dir/src/module_log_file.cpp.o[0m
[44.902s] [100%] [32m[1mLinking CXX executable module_log_file[0m
[47.006s] [100%] Built target module_log_file
[47.073s] Invoked command in '/home/tomccd/Documents/Code/Python/DATN/build/module_log_file' returned '0': AMENT_PREFIX_PATH=/home/tomccd/Documents/Code/Python/DATN/install/custom_interfaces:${AMENT_PREFIX_PATH} CMAKE_PREFIX_PATH=/home/tomccd/Documents/Code/Python/DATN/install/custom_interfaces:/opt/ros/jazzy/opt/gz_math_vendor:/opt/ros/jazzy/opt/gz_utils_vendor:/opt/ros/jazzy/opt/gz_cmake_vendor:/opt/ros/jazzy DEBUGINFOD_URLS=https://debuginfod.ubuntu.com LD_LIBRARY_PATH=/home/tomccd/Documents/Code/Python/DATN/install/custom_interfaces/lib:${LD_LIBRARY_PATH} PYTHONPATH=/home/tomccd/Documents/Code/Python/DATN/install/custom_interfaces/lib/python3.12/site-packages:${PYTHONPATH} /usr/bin/cmake --build /home/tomccd/Documents/Code/Python/DATN/build/module_log_file -- -j4 -l4
[47.128s] Invoking command in '/home/tomccd/Documents/Code/Python/DATN/build/module_log_file': AMENT_PREFIX_PATH=/home/tomccd/Documents/Code/Python/DATN/install/custom_interfaces:${AMENT_PREFIX_PATH} CMAKE_PREFIX_PATH=/home/tomccd/Documents/Code/Python/DATN/install/custom_interfaces:/opt/ros/jazzy/opt/gz_math_vendor:/opt/ros/jazzy/opt/gz_utils_vendor:/opt/ros/jazzy/opt/gz_cmake_vendor:/opt/ros/jazzy DEBUGINFOD_URLS=https://debuginfod.ubuntu.com LD_LIBRARY_PATH=/home/tomccd/Documents/Code/Python/DATN/install/custom_interfaces/lib:${LD_LIBRARY_PATH} PYTHONPATH=/home/tomccd/Documents/Code/Python/DATN/install/custom_interfaces/lib/python3.12/site-packages:${PYTHONPATH} /usr/bin/cmake --install /home/tomccd/Documents/Code/Python/DATN/build/module_log_file
[47.174s] -- Install configuration: ""
[47.175s] -- Installing: /home/tomccd/Documents/Code/Python/DATN/install/module_log_file/lib/module_log_file/module_log_file
[47.227s] -- Set non-toolchain portion of runtime path of "/home/tomccd/Documents/Code/Python/DATN/install/module_log_file/lib/module_log_file/module_log_file" to ""
[47.229s] -- Up-to-date: /home/tomccd/Documents/Code/Python/DATN/install/module_log_file/share/ament_index/resource_index/package_run_dependencies/module_log_file
[47.229s] -- Up-to-date: /home/tomccd/Documents/Code/Python/DATN/install/module_log_file/share/ament_index/resource_index/parent_prefix_path/module_log_file
[47.230s] -- Up-to-date: /home/tomccd/Documents/Code/Python/DATN/install/module_log_file/share/module_log_file/environment/ament_prefix_path.sh
[47.231s] -- Up-to-date: /home/tomccd/Documents/Code/Python/DATN/install/module_log_file/share/module_log_file/environment/ament_prefix_path.dsv
[47.231s] -- Up-to-date: /home/tomccd/Documents/Code/Python/DATN/install/module_log_file/share/module_log_file/environment/path.sh
[47.232s] -- Up-to-date: /home/tomccd/Documents/Code/Python/DATN/install/module_log_file/share/module_log_file/environment/path.dsv
[47.233s] -- Up-to-date: /home/tomccd/Documents/Code/Python/DATN/install/module_log_file/share/module_log_file/local_setup.bash
[47.233s] -- Up-to-date: /home/tomccd/Documents/Code/Python/DATN/install/module_log_file/share/module_log_file/local_setup.sh
[47.234s] -- Up-to-date: /home/tomccd/Documents/Code/Python/DATN/install/module_log_file/share/module_log_file/local_setup.zsh
[47.235s] -- Up-to-date: /home/tomccd/Documents/Code/Python/DATN/install/module_log_file/share/module_log_file/local_setup.dsv
[47.236s] -- Installing: /home/tomccd/Documents/Code/Python/DATN/install/module_log_file/share/module_log_file/package.dsv
[47.236s] -- Up-to-date: /home/tomccd/Documents/Code/Python/DATN/install/module_log_file/share/ament_index/resource_index/packages/module_log_file
[47.237s] -- Up-to-date: /home/tomccd/Documents/Code/Python/DATN/install/module_log_file/share/module_log_file/cmake/module_log_fileConfig.cmake
[47.237s] -- Up-to-date: /home/tomccd/Documents/Code/Python/DATN/install/module_log_file/share/module_log_file/cmake/module_log_fileConfig-version.cmake
[47.238s] -- Up-to-date: /home/tomccd/Documents/Code/Python/DATN/install/module_log_file/share/module_log_file/package.xml
[47.244s] Invoked command in '/home/tomccd/Documents/Code/Python/DATN/build/module_log_file' returned '0': AMENT_PREFIX_PATH=/home/tomccd/Documents/Code/Python/DATN/install/custom_interfaces:${AMENT_PREFIX_PATH} CMAKE_PREFIX_PATH=/home/tomccd/Documents/Code/Python/DATN/install/custom_interfaces:/opt/ros/jazzy/opt/gz_math_vendor:/opt/ros/jazzy/opt/gz_utils_vendor:/opt/ros/jazzy/opt/gz_cmake_vendor:/opt/ros/jazzy DEBUGINFOD_URLS=https://debuginfod.ubuntu.com LD_LIBRARY_PATH=/home/tomccd/Documents/Code/Python/DATN/install/custom_interfaces/lib:${LD_LIBRARY_PATH} PYTHONPATH=/home/tomccd/Documents/Code/Python/DATN/install/custom_interfaces/lib/python3.12/site-packages:${PYTHONPATH} /usr/bin/cmake --install /home/tomccd/Documents/Code/Python/DATN/build/module_log_file
