[12.417s] Invoking command in '/home/tomccd/Documents/Code/Python/DATN/Packages/module_motor': CMAKE_PREFIX_PATH=/home/tomccd/Documents/Code/Python/DATN/install/custom_interfaces:/home/tomccd/Documents/Code/Python/DATN/install/launch_system:/opt/ros/jazzy/opt/gz_math_vendor:/opt/ros/jazzy/opt/gz_utils_vendor:/opt/ros/jazzy/opt/gz_cmake_vendor DEBUGINFOD_URLS=https://debuginfod.ubuntu.com PYTHONPATH=/home/tomccd/Documents/Code/Python/DATN/build/module_motor/prefix_override:/usr/lib/python3/dist-packages/colcon_core/task/python/colcon_distutils_commands:/home/tomccd/Documents/Code/Python/DATN/install/module_motor/lib/python3.12/site-packages:/home/tomccd/Documents/Code/Python/DATN/install/custom_interfaces/lib/python3.12/site-packages:/home/tomccd/Documents/Code/Python/DATN/install/module_weigh/lib/python3.12/site-packages:/home/tomccd/Documents/Code/Python/DATN/install/module_supervisor/lib/python3.12/site-packages:/home/tomccd/Documents/Code/Python/DATN/install/module_scanning_interface/lib/python3.12/site-packages:/home/tomccd/Documents/Code/Python/DATN/install/module_motor/lib/python3.12/site-packages:/home/tomccd/Documents/Code/Python/DATN/install/module_input/lib/python3.12/site-packages:/opt/ros/jazzy/lib/python3.12/site-packages /usr/bin/python3 -W ignore:setup.py install is deprecated setup.py egg_info --egg-base ../../build/module_motor build --build-base /home/tomccd/Documents/Code/Python/DATN/build/module_motor/build install --record /home/tomccd/Documents/Code/Python/DATN/build/module_motor/install.log --single-version-externally-managed install_data
[16.069s] running egg_info
[16.232s] writing ../../build/module_motor/module_motor.egg-info/PKG-INFO
[16.240s] writing dependency_links to ../../build/module_motor/module_motor.egg-info/dependency_links.txt
[16.243s] writing entry points to ../../build/module_motor/module_motor.egg-info/entry_points.txt
[16.249s] writing requirements to ../../build/module_motor/module_motor.egg-info/requires.txt
[16.254s] writing top-level names to ../../build/module_motor/module_motor.egg-info/top_level.txt
[16.788s] reading manifest file '../../build/module_motor/module_motor.egg-info/SOURCES.txt'
[16.792s] writing manifest file '../../build/module_motor/module_motor.egg-info/SOURCES.txt'
[16.802s] running build
[16.808s] running build_py
[16.810s] running install
[16.909s] running install_lib
[17.273s] running install_data
[17.288s] running install_egg_info
[17.530s] removing '/home/tomccd/Documents/Code/Python/DATN/install/module_motor/lib/python3.12/site-packages/module_motor-0.0.0-py3.12.egg-info' (and everything under it)
[17.538s] Copying ../../build/module_motor/module_motor.egg-info to /home/tomccd/Documents/Code/Python/DATN/install/module_motor/lib/python3.12/site-packages/module_motor-0.0.0-py3.12.egg-info
[17.553s] running install_scripts
[19.206s] Installing node_dc_motor script to /home/tomccd/Documents/Code/Python/DATN/install/module_motor/lib/module_motor
[19.221s] writing list of installed files to '/home/tomccd/Documents/Code/Python/DATN/build/module_motor/install.log'
[20.498s] Invoked command in '/home/tomccd/Documents/Code/Python/DATN/Packages/module_motor' returned '0': CMAKE_PREFIX_PATH=/home/tomccd/Documents/Code/Python/DATN/install/custom_interfaces:/home/tomccd/Documents/Code/Python/DATN/install/launch_system:/opt/ros/jazzy/opt/gz_math_vendor:/opt/ros/jazzy/opt/gz_utils_vendor:/opt/ros/jazzy/opt/gz_cmake_vendor DEBUGINFOD_URLS=https://debuginfod.ubuntu.com PYTHONPATH=/home/tomccd/Documents/Code/Python/DATN/build/module_motor/prefix_override:/usr/lib/python3/dist-packages/colcon_core/task/python/colcon_distutils_commands:/home/tomccd/Documents/Code/Python/DATN/install/module_motor/lib/python3.12/site-packages:/home/tomccd/Documents/Code/Python/DATN/install/custom_interfaces/lib/python3.12/site-packages:/home/tomccd/Documents/Code/Python/DATN/install/module_weigh/lib/python3.12/site-packages:/home/tomccd/Documents/Code/Python/DATN/install/module_supervisor/lib/python3.12/site-packages:/home/tomccd/Documents/Code/Python/DATN/install/module_scanning_interface/lib/python3.12/site-packages:/home/tomccd/Documents/Code/Python/DATN/install/module_motor/lib/python3.12/site-packages:/home/tomccd/Documents/Code/Python/DATN/install/module_input/lib/python3.12/site-packages:/opt/ros/jazzy/lib/python3.12/site-packages /usr/bin/python3 -W ignore:setup.py install is deprecated setup.py egg_info --egg-base ../../build/module_motor build --build-base /home/tomccd/Documents/Code/Python/DATN/build/module_motor/build install --record /home/tomccd/Documents/Code/Python/DATN/build/module_motor/install.log --single-version-externally-managed install_data
