[9.872s] Invoking command in '/home/tomccd/Documents/Code/Python/DATN/Packages/module_input': CMAKE_PREFIX_PATH=/home/tomccd/Documents/Code/Python/DATN/install/custom_interfaces:/home/tomccd/Documents/Code/Python/DATN/install/launch_system:/home/tomccd/Documents/Code/Python/DATN/install/module_log_file:/opt/ros/jazzy/opt/gz_math_vendor:/opt/ros/jazzy/opt/gz_utils_vendor:/opt/ros/jazzy/opt/gz_cmake_vendor DEBUGINFOD_URLS=https://debuginfod.ubuntu.com PYTHONPATH=/home/tomccd/Documents/Code/Python/DATN/build/module_input/prefix_override:/usr/lib/python3/dist-packages/colcon_core/task/python/colcon_distutils_commands:/home/tomccd/Documents/Code/Python/DATN/install/module_input/lib/python3.12/site-packages:/home/tomccd/Documents/Code/Python/DATN/install/custom_interfaces/lib/python3.12/site-packages:/home/tomccd/Documents/Code/Python/DATN/install/module_weigh/lib/python3.12/site-packages:/home/tomccd/Documents/Code/Python/DATN/install/module_supervisor/lib/python3.12/site-packages:/home/tomccd/Documents/Code/Python/DATN/install/module_send_email/lib/python3.12/site-packages:/home/tomccd/Documents/Code/Python/DATN/install/module_scanning_interface/lib/python3.12/site-packages:/home/tomccd/Documents/Code/Python/DATN/install/module_motor/lib/python3.12/site-packages:/home/tomccd/Documents/Code/Python/DATN/install/module_input/lib/python3.12/site-packages:/opt/ros/jazzy/lib/python3.12/site-packages /usr/bin/python3 -W ignore:setup.py install is deprecated setup.py egg_info --egg-base ../../build/module_input build --build-base /home/tomccd/Documents/Code/Python/DATN/build/module_input/build install --record /home/tomccd/Documents/Code/Python/DATN/build/module_input/install.log --single-version-externally-managed install_data
[12.690s] running egg_info
[12.882s] writing ../../build/module_input/module_input.egg-info/PKG-INFO
[12.903s] writing dependency_links to ../../build/module_input/module_input.egg-info/dependency_links.txt
[12.943s] writing entry points to ../../build/module_input/module_input.egg-info/entry_points.txt
[12.959s] writing requirements to ../../build/module_input/module_input.egg-info/requires.txt
[12.980s] writing top-level names to ../../build/module_input/module_input.egg-info/top_level.txt
[13.474s] reading manifest file '../../build/module_input/module_input.egg-info/SOURCES.txt'
[13.488s] writing manifest file '../../build/module_input/module_input.egg-info/SOURCES.txt'
[13.494s] running build
[13.495s] running build_py
[13.495s] running install
[13.537s] running install_lib
[13.824s] running install_data
[13.829s] running install_egg_info
[14.028s] removing '/home/tomccd/Documents/Code/Python/DATN/install/module_input/lib/python3.12/site-packages/module_input-0.0.0-py3.12.egg-info' (and everything under it)
[14.030s] Copying ../../build/module_input/module_input.egg-info to /home/tomccd/Documents/Code/Python/DATN/install/module_input/lib/python3.12/site-packages/module_input-0.0.0-py3.12.egg-info
[14.041s] running install_scripts
[15.591s] Installing node_io_servo script to /home/tomccd/Documents/Code/Python/DATN/install/module_input/lib/module_input
[15.596s] Installing node_io_weigh script to /home/tomccd/Documents/Code/Python/DATN/install/module_input/lib/module_input
[15.622s] writing list of installed files to '/home/tomccd/Documents/Code/Python/DATN/build/module_input/install.log'
[15.984s] Invoked command in '/home/tomccd/Documents/Code/Python/DATN/Packages/module_input' returned '0': CMAKE_PREFIX_PATH=/home/tomccd/Documents/Code/Python/DATN/install/custom_interfaces:/home/tomccd/Documents/Code/Python/DATN/install/launch_system:/home/tomccd/Documents/Code/Python/DATN/install/module_log_file:/opt/ros/jazzy/opt/gz_math_vendor:/opt/ros/jazzy/opt/gz_utils_vendor:/opt/ros/jazzy/opt/gz_cmake_vendor DEBUGINFOD_URLS=https://debuginfod.ubuntu.com PYTHONPATH=/home/tomccd/Documents/Code/Python/DATN/build/module_input/prefix_override:/usr/lib/python3/dist-packages/colcon_core/task/python/colcon_distutils_commands:/home/tomccd/Documents/Code/Python/DATN/install/module_input/lib/python3.12/site-packages:/home/tomccd/Documents/Code/Python/DATN/install/custom_interfaces/lib/python3.12/site-packages:/home/tomccd/Documents/Code/Python/DATN/install/module_weigh/lib/python3.12/site-packages:/home/tomccd/Documents/Code/Python/DATN/install/module_supervisor/lib/python3.12/site-packages:/home/tomccd/Documents/Code/Python/DATN/install/module_send_email/lib/python3.12/site-packages:/home/tomccd/Documents/Code/Python/DATN/install/module_scanning_interface/lib/python3.12/site-packages:/home/tomccd/Documents/Code/Python/DATN/install/module_motor/lib/python3.12/site-packages:/home/tomccd/Documents/Code/Python/DATN/install/module_input/lib/python3.12/site-packages:/opt/ros/jazzy/lib/python3.12/site-packages /usr/bin/python3 -W ignore:setup.py install is deprecated setup.py egg_info --egg-base ../../build/module_input build --build-base /home/tomccd/Documents/Code/Python/DATN/build/module_input/build install --record /home/tomccd/Documents/Code/Python/DATN/build/module_input/install.log --single-version-externally-managed install_data
