[17.906s] Invoking command in '/home/tomccd/Documents/Code/Python/DATN/Packages/module_scanning_interface': CMAKE_PREFIX_PATH=/home/tomccd/Documents/Code/Python/DATN/install/custom_interfaces:/home/tomccd/Documents/Code/Python/DATN/install/launch_system:/opt/ros/jazzy/opt/gz_math_vendor:/opt/ros/jazzy/opt/gz_utils_vendor:/opt/ros/jazzy/opt/gz_cmake_vendor DEBUGINFOD_URLS=https://debuginfod.ubuntu.com PYTHONPATH=/home/tomccd/Documents/Code/Python/DATN/build/module_scanning_interface/prefix_override:/usr/lib/python3/dist-packages/colcon_core/task/python/colcon_distutils_commands:/home/tomccd/Documents/Code/Python/DATN/install/module_scanning_interface/lib/python3.12/site-packages:/home/tomccd/Documents/Code/Python/DATN/install/custom_interfaces/lib/python3.12/site-packages:/home/tomccd/Documents/Code/Python/DATN/install/module_weigh/lib/python3.12/site-packages:/home/tomccd/Documents/Code/Python/DATN/install/module_supervisor/lib/python3.12/site-packages:/home/tomccd/Documents/Code/Python/DATN/install/module_scanning_interface/lib/python3.12/site-packages:/home/tomccd/Documents/Code/Python/DATN/install/module_input/lib/python3.12/site-packages:/opt/ros/jazzy/lib/python3.12/site-packages /usr/bin/python3 -W ignore:setup.py install is deprecated setup.py egg_info --egg-base ../../build/module_scanning_interface build --build-base /home/tomccd/Documents/Code/Python/DATN/build/module_scanning_interface/build install --record /home/tomccd/Documents/Code/Python/DATN/build/module_scanning_interface/install.log --single-version-externally-managed install_data
[22.342s] running egg_info
[22.700s] writing ../../build/module_scanning_interface/module_scanning_interface.egg-info/PKG-INFO
[22.701s] writing dependency_links to ../../build/module_scanning_interface/module_scanning_interface.egg-info/dependency_links.txt
[22.702s] writing entry points to ../../build/module_scanning_interface/module_scanning_interface.egg-info/entry_points.txt
[22.720s] writing requirements to ../../build/module_scanning_interface/module_scanning_interface.egg-info/requires.txt
[22.742s] writing top-level names to ../../build/module_scanning_interface/module_scanning_interface.egg-info/top_level.txt
[23.272s] reading manifest file '../../build/module_scanning_interface/module_scanning_interface.egg-info/SOURCES.txt'
[23.276s] writing manifest file '../../build/module_scanning_interface/module_scanning_interface.egg-info/SOURCES.txt'
[23.281s] running build
[23.308s] running build_py
[23.309s] running install
[23.341s] running install_lib
[23.644s] running install_data
[23.651s] running install_egg_info
[23.852s] removing '/home/tomccd/Documents/Code/Python/DATN/install/module_scanning_interface/lib/python3.12/site-packages/module_scanning_interface-0.0.0-py3.12.egg-info' (and everything under it)
[23.861s] Copying ../../build/module_scanning_interface/module_scanning_interface.egg-info to /home/tomccd/Documents/Code/Python/DATN/install/module_scanning_interface/lib/python3.12/site-packages/module_scanning_interface-0.0.0-py3.12.egg-info
[23.884s] running install_scripts
[25.370s] Installing module_scanning_interface script to /home/tomccd/Documents/Code/Python/DATN/install/module_scanning_interface/lib/module_scanning_interface
[25.383s] writing list of installed files to '/home/tomccd/Documents/Code/Python/DATN/build/module_scanning_interface/install.log'
[25.546s] Invoked command in '/home/tomccd/Documents/Code/Python/DATN/Packages/module_scanning_interface' returned '0': CMAKE_PREFIX_PATH=/home/tomccd/Documents/Code/Python/DATN/install/custom_interfaces:/home/tomccd/Documents/Code/Python/DATN/install/launch_system:/opt/ros/jazzy/opt/gz_math_vendor:/opt/ros/jazzy/opt/gz_utils_vendor:/opt/ros/jazzy/opt/gz_cmake_vendor DEBUGINFOD_URLS=https://debuginfod.ubuntu.com PYTHONPATH=/home/tomccd/Documents/Code/Python/DATN/build/module_scanning_interface/prefix_override:/usr/lib/python3/dist-packages/colcon_core/task/python/colcon_distutils_commands:/home/tomccd/Documents/Code/Python/DATN/install/module_scanning_interface/lib/python3.12/site-packages:/home/tomccd/Documents/Code/Python/DATN/install/custom_interfaces/lib/python3.12/site-packages:/home/tomccd/Documents/Code/Python/DATN/install/module_weigh/lib/python3.12/site-packages:/home/tomccd/Documents/Code/Python/DATN/install/module_supervisor/lib/python3.12/site-packages:/home/tomccd/Documents/Code/Python/DATN/install/module_scanning_interface/lib/python3.12/site-packages:/home/tomccd/Documents/Code/Python/DATN/install/module_input/lib/python3.12/site-packages:/opt/ros/jazzy/lib/python3.12/site-packages /usr/bin/python3 -W ignore:setup.py install is deprecated setup.py egg_info --egg-base ../../build/module_scanning_interface build --build-base /home/tomccd/Documents/Code/Python/DATN/build/module_scanning_interface/build install --record /home/tomccd/Documents/Code/Python/DATN/build/module_scanning_interface/install.log --single-version-externally-managed install_data
