[5.306s] Invoking command in '/home/tomccd/Documents/Code/Python/DATN/Packages/module_input': CMAKE_PREFIX_PATH=/home/tomccd/Documents/Code/Python/DATN/install/custom_interfaces:/home/tomccd/Documents/Code/Python/DATN/install/launch_system:/home/tomccd/Documents/Code/Python/DATN/install/module_log_file:/opt/ros/jazzy/opt/gz_math_vendor:/opt/ros/jazzy/opt/gz_utils_vendor:/opt/ros/jazzy/opt/gz_cmake_vendor DEBUGINFOD_URLS=https://debuginfod.ubuntu.com PYTHONPATH=/home/tomccd/Documents/Code/Python/DATN/build/module_input/prefix_override:/usr/lib/python3/dist-packages/colcon_core/task/python/colcon_distutils_commands:/home/tomccd/Documents/Code/Python/DATN/install/module_input/lib/python3.12/site-packages:/home/tomccd/Documents/Code/Python/DATN/install/custom_interfaces/lib/python3.12/site-packages:/home/tomccd/Documents/Code/Python/DATN/install/module_motor/lib/python3.12/site-packages:/home/tomccd/Documents/Code/Python/DATN/install/module_weigh/lib/python3.12/site-packages:/home/tomccd/Documents/Code/Python/DATN/install/module_supervisor/lib/python3.12/site-packages:/home/tomccd/Documents/Code/Python/DATN/install/module_send_email/lib/python3.12/site-packages:/home/tomccd/Documents/Code/Python/DATN/install/module_scanning_interface/lib/python3.12/site-packages:/home/tomccd/Documents/Code/Python/DATN/install/module_input/lib/python3.12/site-packages:/opt/ros/jazzy/lib/python3.12/site-packages /usr/bin/python3 -W ignore:setup.py install is deprecated setup.py egg_info --egg-base ../../build/module_input build --build-base /home/tomccd/Documents/Code/Python/DATN/build/module_input/build install --record /home/tomccd/Documents/Code/Python/DATN/build/module_input/install.log --single-version-externally-managed install_data
[7.039s] running egg_info
[7.167s] writing ../../build/module_input/module_input.egg-info/PKG-INFO
[7.169s] writing dependency_links to ../../build/module_input/module_input.egg-info/dependency_links.txt
[7.175s] writing entry points to ../../build/module_input/module_input.egg-info/entry_points.txt
[7.176s] writing requirements to ../../build/module_input/module_input.egg-info/requires.txt
[7.178s] writing top-level names to ../../build/module_input/module_input.egg-info/top_level.txt
[7.452s] reading manifest file '../../build/module_input/module_input.egg-info/SOURCES.txt'
[7.456s] writing manifest file '../../build/module_input/module_input.egg-info/SOURCES.txt'
[7.458s] running build
[7.458s] running build_py
[7.461s] copying module_input/node_io_weigh.py -> /home/tomccd/Documents/Code/Python/DATN/build/module_input/build/lib/module_input
[7.462s] running install
[7.493s] running install_lib
[7.622s] creating /home/tomccd/Documents/Code/Python/DATN/install/module_input/lib/python3.12/site-packages/module_input
[7.623s] copying /home/tomccd/Documents/Code/Python/DATN/build/module_input/build/lib/module_input/node_io_weigh.py -> /home/tomccd/Documents/Code/Python/DATN/install/module_input/lib/python3.12/site-packages/module_input
[7.626s] copying /home/tomccd/Documents/Code/Python/DATN/build/module_input/build/lib/module_input/__init__.py -> /home/tomccd/Documents/Code/Python/DATN/install/module_input/lib/python3.12/site-packages/module_input
[7.626s] copying /home/tomccd/Documents/Code/Python/DATN/build/module_input/build/lib/module_input/node_io_servo.py -> /home/tomccd/Documents/Code/Python/DATN/install/module_input/lib/python3.12/site-packages/module_input
[7.633s] byte-compiling /home/tomccd/Documents/Code/Python/DATN/install/module_input/lib/python3.12/site-packages/module_input/node_io_weigh.py to node_io_weigh.cpython-312.pyc
[7.634s] byte-compiling /home/tomccd/Documents/Code/Python/DATN/install/module_input/lib/python3.12/site-packages/module_input/__init__.py to __init__.cpython-312.pyc
[7.636s] byte-compiling /home/tomccd/Documents/Code/Python/DATN/install/module_input/lib/python3.12/site-packages/module_input/node_io_servo.py to node_io_servo.cpython-312.pyc
[7.641s] running install_data
[7.643s] creating /home/tomccd/Documents/Code/Python/DATN/install/module_input/share/ament_index
[7.644s] creating /home/tomccd/Documents/Code/Python/DATN/install/module_input/share/ament_index/resource_index
[7.645s] creating /home/tomccd/Documents/Code/Python/DATN/install/module_input/share/ament_index/resource_index/packages
[7.646s] copying resource/module_input -> /home/tomccd/Documents/Code/Python/DATN/install/module_input/share/ament_index/resource_index/packages
[7.646s] copying package.xml -> /home/tomccd/Documents/Code/Python/DATN/install/module_input/share/module_input
[7.647s] running install_egg_info
[7.775s] Copying ../../build/module_input/module_input.egg-info to /home/tomccd/Documents/Code/Python/DATN/install/module_input/lib/python3.12/site-packages/module_input-0.0.0-py3.12.egg-info
[7.782s] running install_scripts
[8.748s] Installing node_io_servo script to /home/tomccd/Documents/Code/Python/DATN/install/module_input/lib/module_input
[8.750s] Installing node_io_weigh script to /home/tomccd/Documents/Code/Python/DATN/install/module_input/lib/module_input
[8.751s] writing list of installed files to '/home/tomccd/Documents/Code/Python/DATN/build/module_input/install.log'
[8.916s] Invoked command in '/home/tomccd/Documents/Code/Python/DATN/Packages/module_input' returned '0': CMAKE_PREFIX_PATH=/home/tomccd/Documents/Code/Python/DATN/install/custom_interfaces:/home/tomccd/Documents/Code/Python/DATN/install/launch_system:/home/tomccd/Documents/Code/Python/DATN/install/module_log_file:/opt/ros/jazzy/opt/gz_math_vendor:/opt/ros/jazzy/opt/gz_utils_vendor:/opt/ros/jazzy/opt/gz_cmake_vendor DEBUGINFOD_URLS=https://debuginfod.ubuntu.com PYTHONPATH=/home/tomccd/Documents/Code/Python/DATN/build/module_input/prefix_override:/usr/lib/python3/dist-packages/colcon_core/task/python/colcon_distutils_commands:/home/tomccd/Documents/Code/Python/DATN/install/module_input/lib/python3.12/site-packages:/home/tomccd/Documents/Code/Python/DATN/install/custom_interfaces/lib/python3.12/site-packages:/home/tomccd/Documents/Code/Python/DATN/install/module_motor/lib/python3.12/site-packages:/home/tomccd/Documents/Code/Python/DATN/install/module_weigh/lib/python3.12/site-packages:/home/tomccd/Documents/Code/Python/DATN/install/module_supervisor/lib/python3.12/site-packages:/home/tomccd/Documents/Code/Python/DATN/install/module_send_email/lib/python3.12/site-packages:/home/tomccd/Documents/Code/Python/DATN/install/module_scanning_interface/lib/python3.12/site-packages:/home/tomccd/Documents/Code/Python/DATN/install/module_input/lib/python3.12/site-packages:/opt/ros/jazzy/lib/python3.12/site-packages /usr/bin/python3 -W ignore:setup.py install is deprecated setup.py egg_info --egg-base ../../build/module_input build --build-base /home/tomccd/Documents/Code/Python/DATN/build/module_input/build install --record /home/tomccd/Documents/Code/Python/DATN/build/module_input/install.log --single-version-externally-managed install_data
