[0.148s] Invoking command in '/home/tomccd/Documents/Code/Python/DATN/build/module_log_file': AMENT_PREFIX_PATH=/home/tomccd/Documents/Code/Python/DATN/install/custom_interfaces:${AMENT_PREFIX_PATH} CMAKE_PREFIX_PATH=/home/tomccd/Documents/Code/Python/DATN/install/custom_interfaces:/opt/ros/jazzy/opt/gz_math_vendor:/opt/ros/jazzy/opt/gz_utils_vendor:/opt/ros/jazzy/opt/gz_cmake_vendor:/opt/ros/jazzy DEBUGINFOD_URLS=https://debuginfod.ubuntu.com LD_LIBRARY_PATH=/home/tomccd/Documents/Code/Python/DATN/install/custom_interfaces/lib:${LD_LIBRARY_PATH} PYTHONPATH=/home/tomccd/Documents/Code/Python/DATN/install/custom_interfaces/lib/python3.12/site-packages:${PYTHONPATH} /usr/bin/cmake --build /home/tomccd/Documents/Code/Python/DATN/build/module_log_file -- -j4 -l4
[0.650s] [ 50%] [32mBuilding CXX object CMakeFiles/module_log_file.dir/src/module_log_file.cpp.o[0m
[15.262s] [01m[K/home/tomccd/Documents/Code/Python/DATN/Packages/module_log_file/src/module_log_file.cpp:[m[K In member function ‘[01m[Kstd::string myNode::[01;32m[KcompressFile[m[K(std::string)[m[K’:
[15.263s] [01m[K/home/tomccd/Documents/Code/Python/DATN/Packages/module_log_file/src/module_log_file.cpp:178:30:[m[K [01;35m[Kwarning: [m[Kunused variable ‘[01m[Kcommand_list[m[K’ [[01;35m[K]8;;https://gcc.gnu.org/onlinedocs/gcc/Warning-Options.html#index-Wunused-variable-Wunused-variable]8;;[m[K]
[15.264s]   178 |                 const char * [01;35m[Kcommand_list[m[K[] = {
[15.264s]       |                              [01;35m[K^~~~~~~~~~~~[m[K
[45.778s] [100%] [32m[1mLinking CXX executable module_log_file[0m
[47.936s] [100%] Built target module_log_file
[48.004s] Invoked command in '/home/tomccd/Documents/Code/Python/DATN/build/module_log_file' returned '0': AMENT_PREFIX_PATH=/home/tomccd/Documents/Code/Python/DATN/install/custom_interfaces:${AMENT_PREFIX_PATH} CMAKE_PREFIX_PATH=/home/tomccd/Documents/Code/Python/DATN/install/custom_interfaces:/opt/ros/jazzy/opt/gz_math_vendor:/opt/ros/jazzy/opt/gz_utils_vendor:/opt/ros/jazzy/opt/gz_cmake_vendor:/opt/ros/jazzy DEBUGINFOD_URLS=https://debuginfod.ubuntu.com LD_LIBRARY_PATH=/home/tomccd/Documents/Code/Python/DATN/install/custom_interfaces/lib:${LD_LIBRARY_PATH} PYTHONPATH=/home/tomccd/Documents/Code/Python/DATN/install/custom_interfaces/lib/python3.12/site-packages:${PYTHONPATH} /usr/bin/cmake --build /home/tomccd/Documents/Code/Python/DATN/build/module_log_file -- -j4 -l4
[48.061s] Invoking command in '/home/tomccd/Documents/Code/Python/DATN/build/module_log_file': AMENT_PREFIX_PATH=/home/tomccd/Documents/Code/Python/DATN/install/custom_interfaces:${AMENT_PREFIX_PATH} CMAKE_PREFIX_PATH=/home/tomccd/Documents/Code/Python/DATN/install/custom_interfaces:/opt/ros/jazzy/opt/gz_math_vendor:/opt/ros/jazzy/opt/gz_utils_vendor:/opt/ros/jazzy/opt/gz_cmake_vendor:/opt/ros/jazzy DEBUGINFOD_URLS=https://debuginfod.ubuntu.com LD_LIBRARY_PATH=/home/tomccd/Documents/Code/Python/DATN/install/custom_interfaces/lib:${LD_LIBRARY_PATH} PYTHONPATH=/home/tomccd/Documents/Code/Python/DATN/install/custom_interfaces/lib/python3.12/site-packages:${PYTHONPATH} /usr/bin/cmake --install /home/tomccd/Documents/Code/Python/DATN/build/module_log_file
[48.110s] -- Install configuration: ""
[48.111s] -- Installing: /home/tomccd/Documents/Code/Python/DATN/install/module_log_file/lib/module_log_file/module_log_file
[48.163s] -- Set non-toolchain portion of runtime path of "/home/tomccd/Documents/Code/Python/DATN/install/module_log_file/lib/module_log_file/module_log_file" to ""
[48.168s] -- Installing: /home/tomccd/Documents/Code/Python/DATN/install/module_log_file/share/ament_index/resource_index/package_run_dependencies/module_log_file
[48.168s] -- Installing: /home/tomccd/Documents/Code/Python/DATN/install/module_log_file/share/ament_index/resource_index/parent_prefix_path/module_log_file
[48.170s] -- Installing: /home/tomccd/Documents/Code/Python/DATN/install/module_log_file/share/module_log_file/environment/ament_prefix_path.sh
[48.171s] -- Installing: /home/tomccd/Documents/Code/Python/DATN/install/module_log_file/share/module_log_file/environment/ament_prefix_path.dsv
[48.173s] -- Installing: /home/tomccd/Documents/Code/Python/DATN/install/module_log_file/share/module_log_file/environment/path.sh
[48.175s] -- Installing: /home/tomccd/Documents/Code/Python/DATN/install/module_log_file/share/module_log_file/environment/path.dsv
[48.176s] -- Installing: /home/tomccd/Documents/Code/Python/DATN/install/module_log_file/share/module_log_file/local_setup.bash
[48.178s] -- Installing: /home/tomccd/Documents/Code/Python/DATN/install/module_log_file/share/module_log_file/local_setup.sh
[48.179s] -- Installing: /home/tomccd/Documents/Code/Python/DATN/install/module_log_file/share/module_log_file/local_setup.zsh
[48.181s] -- Installing: /home/tomccd/Documents/Code/Python/DATN/install/module_log_file/share/module_log_file/local_setup.dsv
[48.183s] -- Installing: /home/tomccd/Documents/Code/Python/DATN/install/module_log_file/share/module_log_file/package.dsv
[48.185s] -- Installing: /home/tomccd/Documents/Code/Python/DATN/install/module_log_file/share/ament_index/resource_index/packages/module_log_file
[48.188s] -- Installing: /home/tomccd/Documents/Code/Python/DATN/install/module_log_file/share/module_log_file/cmake/module_log_fileConfig.cmake
[48.190s] -- Installing: /home/tomccd/Documents/Code/Python/DATN/install/module_log_file/share/module_log_file/cmake/module_log_fileConfig-version.cmake
[48.191s] -- Installing: /home/tomccd/Documents/Code/Python/DATN/install/module_log_file/share/module_log_file/package.xml
[48.203s] Invoked command in '/home/tomccd/Documents/Code/Python/DATN/build/module_log_file' returned '0': AMENT_PREFIX_PATH=/home/tomccd/Documents/Code/Python/DATN/install/custom_interfaces:${AMENT_PREFIX_PATH} CMAKE_PREFIX_PATH=/home/tomccd/Documents/Code/Python/DATN/install/custom_interfaces:/opt/ros/jazzy/opt/gz_math_vendor:/opt/ros/jazzy/opt/gz_utils_vendor:/opt/ros/jazzy/opt/gz_cmake_vendor:/opt/ros/jazzy DEBUGINFOD_URLS=https://debuginfod.ubuntu.com LD_LIBRARY_PATH=/home/tomccd/Documents/Code/Python/DATN/install/custom_interfaces/lib:${LD_LIBRARY_PATH} PYTHONPATH=/home/tomccd/Documents/Code/Python/DATN/install/custom_interfaces/lib/python3.12/site-packages:${PYTHONPATH} /usr/bin/cmake --install /home/tomccd/Documents/Code/Python/DATN/build/module_log_file
