[0.098s] Invoking command in '/home/tomccd/Documents/Code/Python/DATN/build/module_log_file': AMENT_PREFIX_PATH=/home/tomccd/Documents/Code/Python/DATN/install/custom_interfaces:${AMENT_PREFIX_PATH} CMAKE_PREFIX_PATH=/home/tomccd/Documents/Code/Python/DATN/install/custom_interfaces:/opt/ros/jazzy/opt/gz_math_vendor:/opt/ros/jazzy/opt/gz_utils_vendor:/opt/ros/jazzy/opt/gz_cmake_vendor:/opt/ros/jazzy DEBUGINFOD_URLS=https://debuginfod.ubuntu.com LD_LIBRARY_PATH=/home/tomccd/Documents/Code/Python/DATN/install/custom_interfaces/lib:${LD_LIBRARY_PATH} PYTHONPATH=/home/tomccd/Documents/Code/Python/DATN/install/custom_interfaces/lib/python3.12/site-packages:${PYTHONPATH} /usr/bin/cmake --build /home/tomccd/Documents/Code/Python/DATN/build/module_log_file -- -j4 -l4
[0.567s] [ 50%] [32mBuilding CXX object CMakeFiles/module_log_file.dir/src/module_log_file.cpp.o[0m
[44.309s] [100%] [32m[1mLinking CXX executable module_log_file[0m
[46.470s] [100%] Built target module_log_file
[46.541s] Invoked command in '/home/tomccd/Documents/Code/Python/DATN/build/module_log_file' returned '0': AMENT_PREFIX_PATH=/home/tomccd/Documents/Code/Python/DATN/install/custom_interfaces:${AMENT_PREFIX_PATH} CMAKE_PREFIX_PATH=/home/tomccd/Documents/Code/Python/DATN/install/custom_interfaces:/opt/ros/jazzy/opt/gz_math_vendor:/opt/ros/jazzy/opt/gz_utils_vendor:/opt/ros/jazzy/opt/gz_cmake_vendor:/opt/ros/jazzy DEBUGINFOD_URLS=https://debuginfod.ubuntu.com LD_LIBRARY_PATH=/home/tomccd/Documents/Code/Python/DATN/install/custom_interfaces/lib:${LD_LIBRARY_PATH} PYTHONPATH=/home/tomccd/Documents/Code/Python/DATN/install/custom_interfaces/lib/python3.12/site-packages:${PYTHONPATH} /usr/bin/cmake --build /home/tomccd/Documents/Code/Python/DATN/build/module_log_file -- -j4 -l4
[46.600s] Invoking command in '/home/tomccd/Documents/Code/Python/DATN/build/module_log_file': AMENT_PREFIX_PATH=/home/tomccd/Documents/Code/Python/DATN/install/custom_interfaces:${AMENT_PREFIX_PATH} CMAKE_PREFIX_PATH=/home/tomccd/Documents/Code/Python/DATN/install/custom_interfaces:/opt/ros/jazzy/opt/gz_math_vendor:/opt/ros/jazzy/opt/gz_utils_vendor:/opt/ros/jazzy/opt/gz_cmake_vendor:/opt/ros/jazzy DEBUGINFOD_URLS=https://debuginfod.ubuntu.com LD_LIBRARY_PATH=/home/tomccd/Documents/Code/Python/DATN/install/custom_interfaces/lib:${LD_LIBRARY_PATH} PYTHONPATH=/home/tomccd/Documents/Code/Python/DATN/install/custom_interfaces/lib/python3.12/site-packages:${PYTHONPATH} /usr/bin/cmake --install /home/tomccd/Documents/Code/Python/DATN/build/module_log_file
[46.652s] -- Install configuration: ""
[46.652s] -- Installing: /home/tomccd/Documents/Code/Python/DATN/install/module_log_file/lib/module_log_file/module_log_file
[46.701s] -- Set non-toolchain portion of runtime path of "/home/tomccd/Documents/Code/Python/DATN/install/module_log_file/lib/module_log_file/module_log_file" to ""
[46.703s] -- Installing: /home/tomccd/Documents/Code/Python/DATN/install/module_log_file/share/ament_index/resource_index/package_run_dependencies/module_log_file
[46.706s] -- Installing: /home/tomccd/Documents/Code/Python/DATN/install/module_log_file/share/ament_index/resource_index/parent_prefix_path/module_log_file
[46.708s] -- Installing: /home/tomccd/Documents/Code/Python/DATN/install/module_log_file/share/module_log_file/environment/ament_prefix_path.sh
[46.709s] -- Installing: /home/tomccd/Documents/Code/Python/DATN/install/module_log_file/share/module_log_file/environment/ament_prefix_path.dsv
[46.710s] -- Installing: /home/tomccd/Documents/Code/Python/DATN/install/module_log_file/share/module_log_file/environment/path.sh
[46.711s] -- Installing: /home/tomccd/Documents/Code/Python/DATN/install/module_log_file/share/module_log_file/environment/path.dsv
[46.713s] -- Installing: /home/tomccd/Documents/Code/Python/DATN/install/module_log_file/share/module_log_file/local_setup.bash
[46.717s] -- Installing: /home/tomccd/Documents/Code/Python/DATN/install/module_log_file/share/module_log_file/local_setup.sh
[46.718s] -- Installing: /home/tomccd/Documents/Code/Python/DATN/install/module_log_file/share/module_log_file/local_setup.zsh
[46.718s] -- Installing: /home/tomccd/Documents/Code/Python/DATN/install/module_log_file/share/module_log_file/local_setup.dsv
[46.719s] -- Installing: /home/tomccd/Documents/Code/Python/DATN/install/module_log_file/share/module_log_file/package.dsv
[46.720s] -- Installing: /home/tomccd/Documents/Code/Python/DATN/install/module_log_file/share/ament_index/resource_index/packages/module_log_file
[46.722s] -- Installing: /home/tomccd/Documents/Code/Python/DATN/install/module_log_file/share/module_log_file/cmake/module_log_fileConfig.cmake
[46.723s] -- Installing: /home/tomccd/Documents/Code/Python/DATN/install/module_log_file/share/module_log_file/cmake/module_log_fileConfig-version.cmake
[46.725s] -- Installing: /home/tomccd/Documents/Code/Python/DATN/install/module_log_file/share/module_log_file/package.xml
[46.735s] Invoked command in '/home/tomccd/Documents/Code/Python/DATN/build/module_log_file' returned '0': AMENT_PREFIX_PATH=/home/tomccd/Documents/Code/Python/DATN/install/custom_interfaces:${AMENT_PREFIX_PATH} CMAKE_PREFIX_PATH=/home/tomccd/Documents/Code/Python/DATN/install/custom_interfaces:/opt/ros/jazzy/opt/gz_math_vendor:/opt/ros/jazzy/opt/gz_utils_vendor:/opt/ros/jazzy/opt/gz_cmake_vendor:/opt/ros/jazzy DEBUGINFOD_URLS=https://debuginfod.ubuntu.com LD_LIBRARY_PATH=/home/tomccd/Documents/Code/Python/DATN/install/custom_interfaces/lib:${LD_LIBRARY_PATH} PYTHONPATH=/home/tomccd/Documents/Code/Python/DATN/install/custom_interfaces/lib/python3.12/site-packages:${PYTHONPATH} /usr/bin/cmake --install /home/tomccd/Documents/Code/Python/DATN/build/module_log_file
