[6.393s] Invoking command in '/home/tomccd/Documents/Code/Python/DATN/Packages/module_supervisor': CMAKE_PREFIX_PATH=/home/tomccd/Documents/Code/Python/DATN/install/custom_interfaces:/home/tomccd/Documents/Code/Python/DATN/install/launch_system:/opt/ros/jazzy/opt/gz_math_vendor:/opt/ros/jazzy/opt/gz_utils_vendor:/opt/ros/jazzy/opt/gz_cmake_vendor PYTHONPATH=/home/tomccd/Documents/Code/Python/DATN/build/module_supervisor/prefix_override:/usr/lib/python3/dist-packages/colcon_core/task/python/colcon_distutils_commands:/home/tomccd/Documents/Code/Python/DATN/install/module_supervisor/lib/python3.12/site-packages:/home/tomccd/Documents/Code/Python/DATN/install/custom_interfaces/lib/python3.12/site-packages:/home/tomccd/Documents/Code/Python/DATN/install/module_weigh/lib/python3.12/site-packages:/home/tomccd/Documents/Code/Python/DATN/install/module_input/lib/python3.12/site-packages:/home/tomccd/Documents/Code/Python/DATN/install/module_supervisor/lib/python3.12/site-packages:/home/tomccd/Documents/Code/Python/DATN/install/module_scanning_interface/lib/python3.12/site-packages:/opt/ros/jazzy/lib/python3.12/site-packages /usr/bin/python3 -W ignore:setup.py install is deprecated setup.py egg_info --egg-base ../../build/module_supervisor build --build-base /home/tomccd/Documents/Code/Python/DATN/build/module_supervisor/build install --record /home/tomccd/Documents/Code/Python/DATN/build/module_supervisor/install.log --single-version-externally-managed install_data
[8.084s] running egg_info
[8.221s] writing ../../build/module_supervisor/module_supervisor.egg-info/PKG-INFO
[8.227s] writing dependency_links to ../../build/module_supervisor/module_supervisor.egg-info/dependency_links.txt
[8.228s] writing entry points to ../../build/module_supervisor/module_supervisor.egg-info/entry_points.txt
[8.229s] writing requirements to ../../build/module_supervisor/module_supervisor.egg-info/requires.txt
[8.232s] writing top-level names to ../../build/module_supervisor/module_supervisor.egg-info/top_level.txt
[8.516s] reading manifest file '../../build/module_supervisor/module_supervisor.egg-info/SOURCES.txt'
[8.520s] writing manifest file '../../build/module_supervisor/module_supervisor.egg-info/SOURCES.txt'
[8.523s] running build
[8.524s] running build_py
[8.527s] copying module_supervisor/module_supervisor.py -> /home/tomccd/Documents/Code/Python/DATN/build/module_supervisor/build/lib/module_supervisor
[8.528s] running install
[8.560s] running install_lib
[8.732s] copying /home/tomccd/Documents/Code/Python/DATN/build/module_supervisor/build/lib/module_supervisor/module_supervisor.py -> /home/tomccd/Documents/Code/Python/DATN/install/module_supervisor/lib/python3.12/site-packages/module_supervisor
[8.738s] byte-compiling /home/tomccd/Documents/Code/Python/DATN/install/module_supervisor/lib/python3.12/site-packages/module_supervisor/module_supervisor.py to module_supervisor.cpython-312.pyc
[8.745s] running install_data
[8.747s] running install_egg_info
[8.896s] removing '/home/tomccd/Documents/Code/Python/DATN/install/module_supervisor/lib/python3.12/site-packages/module_supervisor-0.0.0-py3.12.egg-info' (and everything under it)
[8.899s] Copying ../../build/module_supervisor/module_supervisor.egg-info to /home/tomccd/Documents/Code/Python/DATN/install/module_supervisor/lib/python3.12/site-packages/module_supervisor-0.0.0-py3.12.egg-info
[8.914s] running install_scripts
[9.879s] Installing module_supervisor script to /home/tomccd/Documents/Code/Python/DATN/install/module_supervisor/lib/module_supervisor
[9.881s] writing list of installed files to '/home/tomccd/Documents/Code/Python/DATN/build/module_supervisor/install.log'
[10.046s] Invoked command in '/home/tomccd/Documents/Code/Python/DATN/Packages/module_supervisor' returned '0': CMAKE_PREFIX_PATH=/home/tomccd/Documents/Code/Python/DATN/install/custom_interfaces:/home/tomccd/Documents/Code/Python/DATN/install/launch_system:/opt/ros/jazzy/opt/gz_math_vendor:/opt/ros/jazzy/opt/gz_utils_vendor:/opt/ros/jazzy/opt/gz_cmake_vendor PYTHONPATH=/home/tomccd/Documents/Code/Python/DATN/build/module_supervisor/prefix_override:/usr/lib/python3/dist-packages/colcon_core/task/python/colcon_distutils_commands:/home/tomccd/Documents/Code/Python/DATN/install/module_supervisor/lib/python3.12/site-packages:/home/tomccd/Documents/Code/Python/DATN/install/custom_interfaces/lib/python3.12/site-packages:/home/tomccd/Documents/Code/Python/DATN/install/module_weigh/lib/python3.12/site-packages:/home/tomccd/Documents/Code/Python/DATN/install/module_input/lib/python3.12/site-packages:/home/tomccd/Documents/Code/Python/DATN/install/module_supervisor/lib/python3.12/site-packages:/home/tomccd/Documents/Code/Python/DATN/install/module_scanning_interface/lib/python3.12/site-packages:/opt/ros/jazzy/lib/python3.12/site-packages /usr/bin/python3 -W ignore:setup.py install is deprecated setup.py egg_info --egg-base ../../build/module_supervisor build --build-base /home/tomccd/Documents/Code/Python/DATN/build/module_supervisor/build install --record /home/tomccd/Documents/Code/Python/DATN/build/module_supervisor/install.log --single-version-externally-managed install_data
