[7.000s] Invoking command in '/home/tomccd/Documents/Code/Python/DATN/Packages/module_send_email': CMAKE_PREFIX_PATH=/home/tomccd/Documents/Code/Python/DATN/install/custom_interfaces:/home/tomccd/Documents/Code/Python/DATN/install/launch_system:/home/tomccd/Documents/Code/Python/DATN/install/module_log_file:/opt/ros/jazzy/opt/gz_math_vendor:/opt/ros/jazzy/opt/gz_utils_vendor:/opt/ros/jazzy/opt/gz_cmake_vendor PYTHONPATH=/home/tomccd/Documents/Code/Python/DATN/build/module_send_email/prefix_override:/usr/lib/python3/dist-packages/colcon_core/task/python/colcon_distutils_commands:/home/tomccd/Documents/Code/Python/DATN/install/module_send_email/lib/python3.12/site-packages:/home/tomccd/Documents/Code/Python/DATN/install/custom_interfaces/lib/python3.12/site-packages:/home/tomccd/Documents/Code/Python/DATN/install/module_weigh/lib/python3.12/site-packages:/home/tomccd/Documents/Code/Python/DATN/install/module_supervisor/lib/python3.12/site-packages:/home/tomccd/Documents/Code/Python/DATN/install/module_send_email/lib/python3.12/site-packages:/home/tomccd/Documents/Code/Python/DATN/install/module_scanning_interface/lib/python3.12/site-packages:/home/tomccd/Documents/Code/Python/DATN/install/module_input/lib/python3.12/site-packages:/opt/ros/jazzy/lib/python3.12/site-packages /usr/bin/python3 -W ignore:setup.py install is deprecated setup.py egg_info --egg-base ../../build/module_send_email build --build-base /home/tomccd/Documents/Code/Python/DATN/build/module_send_email/build install --record /home/tomccd/Documents/Code/Python/DATN/build/module_send_email/install.log --single-version-externally-managed install_data
[9.075s] running egg_info
[9.233s] writing ../../build/module_send_email/module_send_email.egg-info/PKG-INFO
[9.236s] writing dependency_links to ../../build/module_send_email/module_send_email.egg-info/dependency_links.txt
[9.244s] writing entry points to ../../build/module_send_email/module_send_email.egg-info/entry_points.txt
[9.244s] writing requirements to ../../build/module_send_email/module_send_email.egg-info/requires.txt
[9.247s] writing top-level names to ../../build/module_send_email/module_send_email.egg-info/top_level.txt
[9.583s] reading manifest file '../../build/module_send_email/module_send_email.egg-info/SOURCES.txt'
[9.588s] writing manifest file '../../build/module_send_email/module_send_email.egg-info/SOURCES.txt'
[9.589s] running build
[9.590s] running build_py
[9.593s] running install
[9.624s] running install_lib
[9.776s] running install_data
[9.778s] running install_egg_info
[9.949s] removing '/home/tomccd/Documents/Code/Python/DATN/install/module_send_email/lib/python3.12/site-packages/module_send_email-0.0.0-py3.12.egg-info' (and everything under it)
[9.956s] Copying ../../build/module_send_email/module_send_email.egg-info to /home/tomccd/Documents/Code/Python/DATN/install/module_send_email/lib/python3.12/site-packages/module_send_email-0.0.0-py3.12.egg-info
[9.965s] running install_scripts
[11.252s] Installing module_send_email script to /home/tomccd/Documents/Code/Python/DATN/install/module_send_email/lib/module_send_email
[11.257s] writing list of installed files to '/home/tomccd/Documents/Code/Python/DATN/build/module_send_email/install.log'
[11.432s] Invoked command in '/home/tomccd/Documents/Code/Python/DATN/Packages/module_send_email' returned '0': CMAKE_PREFIX_PATH=/home/tomccd/Documents/Code/Python/DATN/install/custom_interfaces:/home/tomccd/Documents/Code/Python/DATN/install/launch_system:/home/tomccd/Documents/Code/Python/DATN/install/module_log_file:/opt/ros/jazzy/opt/gz_math_vendor:/opt/ros/jazzy/opt/gz_utils_vendor:/opt/ros/jazzy/opt/gz_cmake_vendor PYTHONPATH=/home/tomccd/Documents/Code/Python/DATN/build/module_send_email/prefix_override:/usr/lib/python3/dist-packages/colcon_core/task/python/colcon_distutils_commands:/home/tomccd/Documents/Code/Python/DATN/install/module_send_email/lib/python3.12/site-packages:/home/tomccd/Documents/Code/Python/DATN/install/custom_interfaces/lib/python3.12/site-packages:/home/tomccd/Documents/Code/Python/DATN/install/module_weigh/lib/python3.12/site-packages:/home/tomccd/Documents/Code/Python/DATN/install/module_supervisor/lib/python3.12/site-packages:/home/tomccd/Documents/Code/Python/DATN/install/module_send_email/lib/python3.12/site-packages:/home/tomccd/Documents/Code/Python/DATN/install/module_scanning_interface/lib/python3.12/site-packages:/home/tomccd/Documents/Code/Python/DATN/install/module_input/lib/python3.12/site-packages:/opt/ros/jazzy/lib/python3.12/site-packages /usr/bin/python3 -W ignore:setup.py install is deprecated setup.py egg_info --egg-base ../../build/module_send_email build --build-base /home/tomccd/Documents/Code/Python/DATN/build/module_send_email/build install --record /home/tomccd/Documents/Code/Python/DATN/build/module_send_email/install.log --single-version-externally-managed install_data
