[0.921s] DEBUG:colcon:Command line arguments: ['/usr/bin/colcon', 'build', '--packages-select', 'module_input']
[0.922s] DEBUG:colcon:Parsed command line arguments: Namespace(log_base=None, log_level=None, verb_name='build', build_base='build', install_base='install', merge_install=False, symlink_install=False, test_result_base=None, continue_on_error=False, executor='parallel', parallel_workers=4, event_handlers=None, ignore_user_meta=False, metas=['./colcon.meta'], base_paths=['.'], packages_ignore=None, packages_ignore_regex=None, paths=None, packages_up_to=None, packages_up_to_regex=None, packages_above=None, packages_above_and_dependencies=None, packages_above_depth=None, packages_select_by_dep=None, packages_skip_by_dep=None, packages_skip_up_to=None, packages_select_build_failed=False, packages_skip_build_finished=False, packages_select_test_failures=False, packages_skip_test_passed=False, packages_select=['module_input'], packages_skip=None, packages_select_regex=None, packages_skip_regex=None, packages_start=None, packages_end=None, allow_overriding=[], cmake_args=None, cmake_target=None, cmake_target_skip_unavailable=False, cmake_clean_cache=False, cmake_clean_first=False, cmake_force_configure=False, ament_cmake_args=None, catkin_cmake_args=None, catkin_skip_building_tests=False, mixin_files=None, mixin=None, verb_parser=<colcon_mixin.mixin.mixin_argument.MixinArgumentDecorator object at 0xffff9c3f9580>, verb_extension=<colcon_core.verb.build.BuildVerb object at 0xffff9defb1d0>, main=<bound method BuildVerb.main of <colcon_core.verb.build.BuildVerb object at 0xffff9defb1d0>>, mixin_verb=('build',))
[1.205s] Level 1:colcon.colcon_core.package_discovery:discover_packages(colcon_meta) check parameters
[1.207s] Level 1:colcon.colcon_core.package_discovery:discover_packages(recursive) check parameters
[1.207s] Level 1:colcon.colcon_core.package_discovery:discover_packages(ignore) check parameters
[1.207s] Level 1:colcon.colcon_core.package_discovery:discover_packages(path) check parameters
[1.208s] Level 1:colcon.colcon_core.package_discovery:discover_packages(colcon_meta) discover
[1.208s] Level 1:colcon.colcon_core.package_discovery:discover_packages(recursive) discover
[1.209s] INFO:colcon.colcon_core.package_discovery:Crawling recursively for packages in '/home/tomccd/Documents/Code/Python/DATN'
[1.210s] Level 1:colcon.colcon_core.package_identification:_identify(.) by extensions ['ignore', 'ignore_ament_install']
[1.211s] Level 1:colcon.colcon_core.package_identification:_identify(.) by extension 'ignore'
[1.212s] Level 1:colcon.colcon_core.package_identification:_identify(.) by extension 'ignore_ament_install'
[1.214s] Level 1:colcon.colcon_core.package_identification:_identify(.) by extensions ['colcon_pkg']
[1.214s] Level 1:colcon.colcon_core.package_identification:_identify(.) by extension 'colcon_pkg'
[1.215s] Level 1:colcon.colcon_core.package_identification:_identify(.) by extensions ['colcon_meta']
[1.215s] Level 1:colcon.colcon_core.package_identification:_identify(.) by extension 'colcon_meta'
[1.216s] Level 1:colcon.colcon_core.package_identification:_identify(.) by extensions ['ros']
[1.216s] Level 1:colcon.colcon_core.package_identification:_identify(.) by extension 'ros'
[1.471s] Level 1:colcon.colcon_core.package_identification:_identify(.) by extensions ['cmake', 'python']
[1.472s] Level 1:colcon.colcon_core.package_identification:_identify(.) by extension 'cmake'
[1.473s] Level 1:colcon.colcon_core.package_identification:_identify(.) by extension 'python'
[1.473s] Level 1:colcon.colcon_core.package_identification:_identify(.) by extensions ['python_setup_py']
[1.473s] Level 1:colcon.colcon_core.package_identification:_identify(.) by extension 'python_setup_py'
[1.474s] Level 1:colcon.colcon_core.package_identification:_identify(Packages) by extensions ['ignore', 'ignore_ament_install']
[1.475s] Level 1:colcon.colcon_core.package_identification:_identify(Packages) by extension 'ignore'
[1.476s] Level 1:colcon.colcon_core.package_identification:_identify(Packages) by extension 'ignore_ament_install'
[1.477s] Level 1:colcon.colcon_core.package_identification:_identify(Packages) by extensions ['colcon_pkg']
[1.477s] Level 1:colcon.colcon_core.package_identification:_identify(Packages) by extension 'colcon_pkg'
[1.477s] Level 1:colcon.colcon_core.package_identification:_identify(Packages) by extensions ['colcon_meta']
[1.478s] Level 1:colcon.colcon_core.package_identification:_identify(Packages) by extension 'colcon_meta'
[1.478s] Level 1:colcon.colcon_core.package_identification:_identify(Packages) by extensions ['ros']
[1.479s] Level 1:colcon.colcon_core.package_identification:_identify(Packages) by extension 'ros'
[1.479s] Level 1:colcon.colcon_core.package_identification:_identify(Packages) by extensions ['cmake', 'python']
[1.480s] Level 1:colcon.colcon_core.package_identification:_identify(Packages) by extension 'cmake'
[1.480s] Level 1:colcon.colcon_core.package_identification:_identify(Packages) by extension 'python'
[1.481s] Level 1:colcon.colcon_core.package_identification:_identify(Packages) by extensions ['python_setup_py']
[1.481s] Level 1:colcon.colcon_core.package_identification:_identify(Packages) by extension 'python_setup_py'
[1.485s] Level 1:colcon.colcon_core.package_identification:_identify(Packages/Log) by extensions ['ignore', 'ignore_ament_install']
[1.486s] Level 1:colcon.colcon_core.package_identification:_identify(Packages/Log) by extension 'ignore'
[1.486s] Level 1:colcon.colcon_core.package_identification:_identify(Packages/Log) by extension 'ignore_ament_install'
[1.486s] Level 1:colcon.colcon_core.package_identification:_identify(Packages/Log) by extensions ['colcon_pkg']
[1.487s] Level 1:colcon.colcon_core.package_identification:_identify(Packages/Log) by extension 'colcon_pkg'
[1.487s] Level 1:colcon.colcon_core.package_identification:_identify(Packages/Log) by extensions ['colcon_meta']
[1.487s] Level 1:colcon.colcon_core.package_identification:_identify(Packages/Log) by extension 'colcon_meta'
[1.488s] Level 1:colcon.colcon_core.package_identification:_identify(Packages/Log) by extensions ['ros']
[1.488s] Level 1:colcon.colcon_core.package_identification:_identify(Packages/Log) by extension 'ros'
[1.489s] Level 1:colcon.colcon_core.package_identification:_identify(Packages/Log) by extensions ['cmake', 'python']
[1.489s] Level 1:colcon.colcon_core.package_identification:_identify(Packages/Log) by extension 'cmake'
[1.490s] Level 1:colcon.colcon_core.package_identification:_identify(Packages/Log) by extension 'python'
[1.490s] Level 1:colcon.colcon_core.package_identification:_identify(Packages/Log) by extensions ['python_setup_py']
[1.490s] Level 1:colcon.colcon_core.package_identification:_identify(Packages/Log) by extension 'python_setup_py'
[1.492s] Level 1:colcon.colcon_core.package_identification:_identify(Packages/custom_interfaces) by extensions ['ignore', 'ignore_ament_install']
[1.492s] Level 1:colcon.colcon_core.package_identification:_identify(Packages/custom_interfaces) by extension 'ignore'
[1.493s] Level 1:colcon.colcon_core.package_identification:_identify(Packages/custom_interfaces) by extension 'ignore_ament_install'
[1.493s] Level 1:colcon.colcon_core.package_identification:_identify(Packages/custom_interfaces) by extensions ['colcon_pkg']
[1.494s] Level 1:colcon.colcon_core.package_identification:_identify(Packages/custom_interfaces) by extension 'colcon_pkg'
[1.494s] Level 1:colcon.colcon_core.package_identification:_identify(Packages/custom_interfaces) by extensions ['colcon_meta']
[1.495s] Level 1:colcon.colcon_core.package_identification:_identify(Packages/custom_interfaces) by extension 'colcon_meta'
[1.495s] Level 1:colcon.colcon_core.package_identification:_identify(Packages/custom_interfaces) by extensions ['ros']
[1.496s] Level 1:colcon.colcon_core.package_identification:_identify(Packages/custom_interfaces) by extension 'ros'
[1.508s] DEBUG:colcon.colcon_core.package_identification:Package 'Packages/custom_interfaces' with type 'ros.ament_cmake' and name 'custom_interfaces'
[1.509s] Level 1:colcon.colcon_core.package_identification:_identify(Packages/icon) by extensions ['ignore', 'ignore_ament_install']
[1.510s] Level 1:colcon.colcon_core.package_identification:_identify(Packages/icon) by extension 'ignore'
[1.510s] Level 1:colcon.colcon_core.package_identification:_identify(Packages/icon) by extension 'ignore_ament_install'
[1.511s] Level 1:colcon.colcon_core.package_identification:_identify(Packages/icon) by extensions ['colcon_pkg']
[1.511s] Level 1:colcon.colcon_core.package_identification:_identify(Packages/icon) by extension 'colcon_pkg'
[1.512s] Level 1:colcon.colcon_core.package_identification:_identify(Packages/icon) by extensions ['colcon_meta']
[1.512s] Level 1:colcon.colcon_core.package_identification:_identify(Packages/icon) by extension 'colcon_meta'
[1.513s] Level 1:colcon.colcon_core.package_identification:_identify(Packages/icon) by extensions ['ros']
[1.513s] Level 1:colcon.colcon_core.package_identification:_identify(Packages/icon) by extension 'ros'
[1.514s] Level 1:colcon.colcon_core.package_identification:_identify(Packages/icon) by extensions ['cmake', 'python']
[1.515s] Level 1:colcon.colcon_core.package_identification:_identify(Packages/icon) by extension 'cmake'
[1.515s] Level 1:colcon.colcon_core.package_identification:_identify(Packages/icon) by extension 'python'
[1.517s] Level 1:colcon.colcon_core.package_identification:_identify(Packages/icon) by extensions ['python_setup_py']
[1.517s] Level 1:colcon.colcon_core.package_identification:_identify(Packages/icon) by extension 'python_setup_py'
[1.518s] Level 1:colcon.colcon_core.package_identification:_identify(Packages/launch_system) by extensions ['ignore', 'ignore_ament_install']
[1.520s] Level 1:colcon.colcon_core.package_identification:_identify(Packages/launch_system) by extension 'ignore'
[1.522s] Level 1:colcon.colcon_core.package_identification:_identify(Packages/launch_system) by extension 'ignore_ament_install'
[1.522s] Level 1:colcon.colcon_core.package_identification:_identify(Packages/launch_system) by extensions ['colcon_pkg']
[1.523s] Level 1:colcon.colcon_core.package_identification:_identify(Packages/launch_system) by extension 'colcon_pkg'
[1.524s] Level 1:colcon.colcon_core.package_identification:_identify(Packages/launch_system) by extensions ['colcon_meta']
[1.524s] Level 1:colcon.colcon_core.package_identification:_identify(Packages/launch_system) by extension 'colcon_meta'
[1.525s] Level 1:colcon.colcon_core.package_identification:_identify(Packages/launch_system) by extensions ['ros']
[1.525s] Level 1:colcon.colcon_core.package_identification:_identify(Packages/launch_system) by extension 'ros'
[1.528s] DEBUG:colcon.colcon_core.package_identification:Package 'Packages/launch_system' with type 'ros.ament_cmake' and name 'launch_system'
[1.529s] Level 1:colcon.colcon_core.package_identification:_identify(Packages/module_input) by extensions ['ignore', 'ignore_ament_install']
[1.530s] Level 1:colcon.colcon_core.package_identification:_identify(Packages/module_input) by extension 'ignore'
[1.531s] Level 1:colcon.colcon_core.package_identification:_identify(Packages/module_input) by extension 'ignore_ament_install'
[1.532s] Level 1:colcon.colcon_core.package_identification:_identify(Packages/module_input) by extensions ['colcon_pkg']
[1.532s] Level 1:colcon.colcon_core.package_identification:_identify(Packages/module_input) by extension 'colcon_pkg'
[1.533s] Level 1:colcon.colcon_core.package_identification:_identify(Packages/module_input) by extensions ['colcon_meta']
[1.533s] Level 1:colcon.colcon_core.package_identification:_identify(Packages/module_input) by extension 'colcon_meta'
[1.534s] Level 1:colcon.colcon_core.package_identification:_identify(Packages/module_input) by extensions ['ros']
[1.534s] Level 1:colcon.colcon_core.package_identification:_identify(Packages/module_input) by extension 'ros'
[1.539s] DEBUG:colcon.colcon_core.package_identification:Package 'Packages/module_input' with type 'ros.ament_python' and name 'module_input'
[1.540s] Level 1:colcon.colcon_core.package_identification:_identify(Packages/module_log_file) by extensions ['ignore', 'ignore_ament_install']
[1.541s] Level 1:colcon.colcon_core.package_identification:_identify(Packages/module_log_file) by extension 'ignore'
[1.542s] Level 1:colcon.colcon_core.package_identification:_identify(Packages/module_log_file) by extension 'ignore_ament_install'
[1.542s] Level 1:colcon.colcon_core.package_identification:_identify(Packages/module_log_file) by extensions ['colcon_pkg']
[1.543s] Level 1:colcon.colcon_core.package_identification:_identify(Packages/module_log_file) by extension 'colcon_pkg'
[1.544s] Level 1:colcon.colcon_core.package_identification:_identify(Packages/module_log_file) by extensions ['colcon_meta']
[1.544s] Level 1:colcon.colcon_core.package_identification:_identify(Packages/module_log_file) by extension 'colcon_meta'
[1.545s] Level 1:colcon.colcon_core.package_identification:_identify(Packages/module_log_file) by extensions ['ros']
[1.545s] Level 1:colcon.colcon_core.package_identification:_identify(Packages/module_log_file) by extension 'ros'
[1.549s] DEBUG:colcon.colcon_core.package_identification:Package 'Packages/module_log_file' with type 'ros.ament_cmake' and name 'module_log_file'
[1.549s] Level 1:colcon.colcon_core.package_identification:_identify(Packages/module_motor) by extensions ['ignore', 'ignore_ament_install']
[1.551s] Level 1:colcon.colcon_core.package_identification:_identify(Packages/module_motor) by extension 'ignore'
[1.552s] Level 1:colcon.colcon_core.package_identification:_identify(Packages/module_motor) by extension 'ignore_ament_install'
[1.553s] Level 1:colcon.colcon_core.package_identification:_identify(Packages/module_motor) by extensions ['colcon_pkg']
[1.553s] Level 1:colcon.colcon_core.package_identification:_identify(Packages/module_motor) by extension 'colcon_pkg'
[1.554s] Level 1:colcon.colcon_core.package_identification:_identify(Packages/module_motor) by extensions ['colcon_meta']
[1.554s] Level 1:colcon.colcon_core.package_identification:_identify(Packages/module_motor) by extension 'colcon_meta'
[1.555s] Level 1:colcon.colcon_core.package_identification:_identify(Packages/module_motor) by extensions ['ros']
[1.555s] Level 1:colcon.colcon_core.package_identification:_identify(Packages/module_motor) by extension 'ros'
[1.559s] DEBUG:colcon.colcon_core.package_identification:Package 'Packages/module_motor' with type 'ros.ament_python' and name 'module_motor'
[1.560s] Level 1:colcon.colcon_core.package_identification:_identify(Packages/module_scanning_interface) by extensions ['ignore', 'ignore_ament_install']
[1.560s] Level 1:colcon.colcon_core.package_identification:_identify(Packages/module_scanning_interface) by extension 'ignore'
[1.561s] Level 1:colcon.colcon_core.package_identification:_identify(Packages/module_scanning_interface) by extension 'ignore_ament_install'
[1.562s] Level 1:colcon.colcon_core.package_identification:_identify(Packages/module_scanning_interface) by extensions ['colcon_pkg']
[1.563s] Level 1:colcon.colcon_core.package_identification:_identify(Packages/module_scanning_interface) by extension 'colcon_pkg'
[1.564s] Level 1:colcon.colcon_core.package_identification:_identify(Packages/module_scanning_interface) by extensions ['colcon_meta']
[1.564s] Level 1:colcon.colcon_core.package_identification:_identify(Packages/module_scanning_interface) by extension 'colcon_meta'
[1.565s] Level 1:colcon.colcon_core.package_identification:_identify(Packages/module_scanning_interface) by extensions ['ros']
[1.565s] Level 1:colcon.colcon_core.package_identification:_identify(Packages/module_scanning_interface) by extension 'ros'
[1.569s] DEBUG:colcon.colcon_core.package_identification:Package 'Packages/module_scanning_interface' with type 'ros.ament_python' and name 'module_scanning_interface'
[1.570s] Level 1:colcon.colcon_core.package_identification:_identify(Packages/module_send_email) by extensions ['ignore', 'ignore_ament_install']
[1.571s] Level 1:colcon.colcon_core.package_identification:_identify(Packages/module_send_email) by extension 'ignore'
[1.572s] Level 1:colcon.colcon_core.package_identification:_identify(Packages/module_send_email) by extension 'ignore_ament_install'
[1.573s] Level 1:colcon.colcon_core.package_identification:_identify(Packages/module_send_email) by extensions ['colcon_pkg']
[1.574s] Level 1:colcon.colcon_core.package_identification:_identify(Packages/module_send_email) by extension 'colcon_pkg'
[1.574s] Level 1:colcon.colcon_core.package_identification:_identify(Packages/module_send_email) by extensions ['colcon_meta']
[1.575s] Level 1:colcon.colcon_core.package_identification:_identify(Packages/module_send_email) by extension 'colcon_meta'
[1.575s] Level 1:colcon.colcon_core.package_identification:_identify(Packages/module_send_email) by extensions ['ros']
[1.575s] Level 1:colcon.colcon_core.package_identification:_identify(Packages/module_send_email) by extension 'ros'
[1.579s] DEBUG:colcon.colcon_core.package_identification:Package 'Packages/module_send_email' with type 'ros.ament_python' and name 'module_send_email'
[1.580s] Level 1:colcon.colcon_core.package_identification:_identify(Packages/module_supervisor) by extensions ['ignore', 'ignore_ament_install']
[1.580s] Level 1:colcon.colcon_core.package_identification:_identify(Packages/module_supervisor) by extension 'ignore'
[1.581s] Level 1:colcon.colcon_core.package_identification:_identify(Packages/module_supervisor) by extension 'ignore_ament_install'
[1.582s] Level 1:colcon.colcon_core.package_identification:_identify(Packages/module_supervisor) by extensions ['colcon_pkg']
[1.582s] Level 1:colcon.colcon_core.package_identification:_identify(Packages/module_supervisor) by extension 'colcon_pkg'
[1.583s] Level 1:colcon.colcon_core.package_identification:_identify(Packages/module_supervisor) by extensions ['colcon_meta']
[1.583s] Level 1:colcon.colcon_core.package_identification:_identify(Packages/module_supervisor) by extension 'colcon_meta'
[1.584s] Level 1:colcon.colcon_core.package_identification:_identify(Packages/module_supervisor) by extensions ['ros']
[1.584s] Level 1:colcon.colcon_core.package_identification:_identify(Packages/module_supervisor) by extension 'ros'
[1.587s] DEBUG:colcon.colcon_core.package_identification:Package 'Packages/module_supervisor' with type 'ros.ament_python' and name 'module_supervisor'
[1.588s] Level 1:colcon.colcon_core.package_identification:_identify(Packages/module_weigh) by extensions ['ignore', 'ignore_ament_install']
[1.589s] Level 1:colcon.colcon_core.package_identification:_identify(Packages/module_weigh) by extension 'ignore'
[1.589s] Level 1:colcon.colcon_core.package_identification:_identify(Packages/module_weigh) by extension 'ignore_ament_install'
[1.590s] Level 1:colcon.colcon_core.package_identification:_identify(Packages/module_weigh) by extensions ['colcon_pkg']
[1.590s] Level 1:colcon.colcon_core.package_identification:_identify(Packages/module_weigh) by extension 'colcon_pkg'
[1.591s] Level 1:colcon.colcon_core.package_identification:_identify(Packages/module_weigh) by extensions ['colcon_meta']
[1.592s] Level 1:colcon.colcon_core.package_identification:_identify(Packages/module_weigh) by extension 'colcon_meta'
[1.592s] Level 1:colcon.colcon_core.package_identification:_identify(Packages/module_weigh) by extensions ['ros']
[1.593s] Level 1:colcon.colcon_core.package_identification:_identify(Packages/module_weigh) by extension 'ros'
[1.596s] DEBUG:colcon.colcon_core.package_identification:Package 'Packages/module_weigh' with type 'ros.ament_python' and name 'module_weigh'
[1.597s] Level 1:colcon.colcon_core.package_identification:_identify(build) by extensions ['ignore', 'ignore_ament_install']
[1.598s] Level 1:colcon.colcon_core.package_identification:_identify(build) by extension 'ignore'
[1.599s] Level 1:colcon.colcon_core.package_identification:_identify(build) ignored
[1.600s] Level 1:colcon.colcon_core.package_identification:_identify(install) by extensions ['ignore', 'ignore_ament_install']
[1.601s] Level 1:colcon.colcon_core.package_identification:_identify(install) by extension 'ignore'
[1.602s] Level 1:colcon.colcon_core.package_identification:_identify(install) ignored
[1.605s] Level 1:colcon.colcon_core.package_identification:_identify(log) by extensions ['ignore', 'ignore_ament_install']
[1.606s] Level 1:colcon.colcon_core.package_identification:_identify(log) by extension 'ignore'
[1.606s] Level 1:colcon.colcon_core.package_identification:_identify(log) ignored
[1.607s] Level 1:colcon.colcon_core.package_discovery:discover_packages(recursive) using defaults
[1.608s] Level 1:colcon.colcon_core.package_discovery:discover_packages(ignore) discover
[1.608s] Level 1:colcon.colcon_core.package_discovery:discover_packages(ignore) using defaults
[1.608s] Level 1:colcon.colcon_core.package_discovery:discover_packages(path) discover
[1.609s] Level 1:colcon.colcon_core.package_discovery:discover_packages(path) using defaults
[1.747s] INFO:colcon.colcon_core.package_selection:Skipping not selected package 'custom_interfaces' in 'Packages/custom_interfaces'
[1.748s] INFO:colcon.colcon_core.package_selection:Skipping not selected package 'module_log_file' in 'Packages/module_log_file'
[1.748s] INFO:colcon.colcon_core.package_selection:Skipping not selected package 'module_motor' in 'Packages/module_motor'
[1.748s] INFO:colcon.colcon_core.package_selection:Skipping not selected package 'module_scanning_interface' in 'Packages/module_scanning_interface'
[1.749s] INFO:colcon.colcon_core.package_selection:Skipping not selected package 'module_send_email' in 'Packages/module_send_email'
[1.749s] INFO:colcon.colcon_core.package_selection:Skipping not selected package 'module_supervisor' in 'Packages/module_supervisor'
[1.749s] INFO:colcon.colcon_core.package_selection:Skipping not selected package 'module_weigh' in 'Packages/module_weigh'
[1.750s] INFO:colcon.colcon_core.package_selection:Skipping not selected package 'launch_system' in 'Packages/launch_system'
[1.752s] Level 1:colcon.colcon_core.package_discovery:discover_packages(prefix_path) check parameters
[1.753s] Level 1:colcon.colcon_core.package_discovery:discover_packages(prefix_path) discover
[1.767s] WARNING:colcon.colcon_ros.prefix_path.ament:The path '/home/tomccd/Documents/Code/Python/DATN/install/module_input' in the environment variable AMENT_PREFIX_PATH doesn't exist
[1.780s] DEBUG:colcon.colcon_installed_package_information.package_discovery:Found 8 installed packages in /home/tomccd/Documents/Code/Python/DATN/install
[1.796s] DEBUG:colcon.colcon_installed_package_information.package_discovery:Found 285 installed packages in /opt/ros/jazzy
[1.807s] Level 1:colcon.colcon_core.package_discovery:discover_packages(prefix_path) using defaults
[2.232s] Level 5:colcon.colcon_core.verb:set package 'module_input' build argument 'cmake_args' from command line to 'None'
[2.233s] Level 5:colcon.colcon_core.verb:set package 'module_input' build argument 'cmake_target' from command line to 'None'
[2.233s] Level 5:colcon.colcon_core.verb:set package 'module_input' build argument 'cmake_target_skip_unavailable' from command line to 'False'
[2.233s] Level 5:colcon.colcon_core.verb:set package 'module_input' build argument 'cmake_clean_cache' from command line to 'False'
[2.233s] Level 5:colcon.colcon_core.verb:set package 'module_input' build argument 'cmake_clean_first' from command line to 'False'
[2.233s] Level 5:colcon.colcon_core.verb:set package 'module_input' build argument 'cmake_force_configure' from command line to 'False'
[2.233s] Level 5:colcon.colcon_core.verb:set package 'module_input' build argument 'ament_cmake_args' from command line to 'None'
[2.233s] Level 5:colcon.colcon_core.verb:set package 'module_input' build argument 'catkin_cmake_args' from command line to 'None'
[2.234s] Level 5:colcon.colcon_core.verb:set package 'module_input' build argument 'catkin_skip_building_tests' from command line to 'False'
[2.234s] DEBUG:colcon.colcon_core.verb:Building package 'module_input' with the following arguments: {'ament_cmake_args': None, 'build_base': '/home/tomccd/Documents/Code/Python/DATN/build/module_input', 'catkin_cmake_args': None, 'catkin_skip_building_tests': False, 'cmake_args': None, 'cmake_clean_cache': False, 'cmake_clean_first': False, 'cmake_force_configure': False, 'cmake_target': None, 'cmake_target_skip_unavailable': False, 'install_base': '/home/tomccd/Documents/Code/Python/DATN/install/module_input', 'merge_install': False, 'path': '/home/tomccd/Documents/Code/Python/DATN/Packages/module_input', 'symlink_install': False, 'test_result_base': None}
[2.235s] INFO:colcon.colcon_core.executor:Executing jobs using 'parallel' executor
[2.239s] DEBUG:colcon.colcon_parallel_executor.executor.parallel:run_until_complete
[2.240s] INFO:colcon.colcon_ros.task.ament_python.build:Building ROS package in '/home/tomccd/Documents/Code/Python/DATN/Packages/module_input' with build type 'ament_python'
[2.241s] Level 1:colcon.colcon_core.shell:create_environment_hook('module_input', 'ament_prefix_path')
[2.256s] INFO:colcon.colcon_core.plugin_system:Skipping extension 'colcon_core.shell.bat': Not used on non-Windows systems
[2.257s] INFO:colcon.colcon_core.shell:Creating environment hook '/home/tomccd/Documents/Code/Python/DATN/install/module_input/share/module_input/hook/ament_prefix_path.ps1'
[2.264s] INFO:colcon.colcon_core.shell:Creating environment descriptor '/home/tomccd/Documents/Code/Python/DATN/install/module_input/share/module_input/hook/ament_prefix_path.dsv'
[2.269s] INFO:colcon.colcon_core.shell:Creating environment hook '/home/tomccd/Documents/Code/Python/DATN/install/module_input/share/module_input/hook/ament_prefix_path.sh'
[2.274s] INFO:colcon.colcon_core.shell:Skip shell extension 'powershell' for command environment: Not usable outside of PowerShell
[2.275s] DEBUG:colcon.colcon_core.shell:Skip shell extension 'dsv' for command environment
[4.358s] INFO:colcon.colcon_core.task.python.build:Building Python package in '/home/tomccd/Documents/Code/Python/DATN/Packages/module_input'
[4.360s] INFO:colcon.colcon_core.shell:Skip shell extension 'powershell' for command environment: Not usable outside of PowerShell
[4.360s] DEBUG:colcon.colcon_core.shell:Skip shell extension 'dsv' for command environment
[9.008s] DEBUG:colcon.colcon_core.event_handler.log_command:Invoking command in '/home/tomccd/Documents/Code/Python/DATN/Packages/module_input': CMAKE_PREFIX_PATH=/home/tomccd/Documents/Code/Python/DATN/install/custom_interfaces:/home/tomccd/Documents/Code/Python/DATN/install/launch_system:/home/tomccd/Documents/Code/Python/DATN/install/module_log_file:/opt/ros/jazzy/opt/gz_math_vendor:/opt/ros/jazzy/opt/gz_utils_vendor:/opt/ros/jazzy/opt/gz_cmake_vendor DEBUGINFOD_URLS=https://debuginfod.ubuntu.com PYTHONPATH=/home/tomccd/Documents/Code/Python/DATN/build/module_input/prefix_override:/usr/lib/python3/dist-packages/colcon_core/task/python/colcon_distutils_commands:/home/tomccd/Documents/Code/Python/DATN/install/module_input/lib/python3.12/site-packages:/home/tomccd/Documents/Code/Python/DATN/install/custom_interfaces/lib/python3.12/site-packages:/home/tomccd/Documents/Code/Python/DATN/install/module_motor/lib/python3.12/site-packages:/home/tomccd/Documents/Code/Python/DATN/install/module_weigh/lib/python3.12/site-packages:/home/tomccd/Documents/Code/Python/DATN/install/module_supervisor/lib/python3.12/site-packages:/home/tomccd/Documents/Code/Python/DATN/install/module_send_email/lib/python3.12/site-packages:/home/tomccd/Documents/Code/Python/DATN/install/module_scanning_interface/lib/python3.12/site-packages:/home/tomccd/Documents/Code/Python/DATN/install/module_input/lib/python3.12/site-packages:/opt/ros/jazzy/lib/python3.12/site-packages /usr/bin/python3 -W ignore:setup.py install is deprecated setup.py egg_info --egg-base ../../build/module_input build --build-base /home/tomccd/Documents/Code/Python/DATN/build/module_input/build install --record /home/tomccd/Documents/Code/Python/DATN/build/module_input/install.log --single-version-externally-managed install_data
[12.642s] DEBUG:colcon.colcon_core.event_handler.log_command:Invoked command in '/home/tomccd/Documents/Code/Python/DATN/Packages/module_input' returned '0': CMAKE_PREFIX_PATH=/home/tomccd/Documents/Code/Python/DATN/install/custom_interfaces:/home/tomccd/Documents/Code/Python/DATN/install/launch_system:/home/tomccd/Documents/Code/Python/DATN/install/module_log_file:/opt/ros/jazzy/opt/gz_math_vendor:/opt/ros/jazzy/opt/gz_utils_vendor:/opt/ros/jazzy/opt/gz_cmake_vendor DEBUGINFOD_URLS=https://debuginfod.ubuntu.com PYTHONPATH=/home/tomccd/Documents/Code/Python/DATN/build/module_input/prefix_override:/usr/lib/python3/dist-packages/colcon_core/task/python/colcon_distutils_commands:/home/tomccd/Documents/Code/Python/DATN/install/module_input/lib/python3.12/site-packages:/home/tomccd/Documents/Code/Python/DATN/install/custom_interfaces/lib/python3.12/site-packages:/home/tomccd/Documents/Code/Python/DATN/install/module_motor/lib/python3.12/site-packages:/home/tomccd/Documents/Code/Python/DATN/install/module_weigh/lib/python3.12/site-packages:/home/tomccd/Documents/Code/Python/DATN/install/module_supervisor/lib/python3.12/site-packages:/home/tomccd/Documents/Code/Python/DATN/install/module_send_email/lib/python3.12/site-packages:/home/tomccd/Documents/Code/Python/DATN/install/module_scanning_interface/lib/python3.12/site-packages:/home/tomccd/Documents/Code/Python/DATN/install/module_input/lib/python3.12/site-packages:/opt/ros/jazzy/lib/python3.12/site-packages /usr/bin/python3 -W ignore:setup.py install is deprecated setup.py egg_info --egg-base ../../build/module_input build --build-base /home/tomccd/Documents/Code/Python/DATN/build/module_input/build install --record /home/tomccd/Documents/Code/Python/DATN/build/module_input/install.log --single-version-externally-managed install_data
[12.657s] Level 1:colcon.colcon_core.environment:checking '/home/tomccd/Documents/Code/Python/DATN/install/module_input' for CMake module files
[12.660s] Level 1:colcon.colcon_core.environment:checking '/home/tomccd/Documents/Code/Python/DATN/install/module_input' for CMake config files
[12.664s] Level 1:colcon.colcon_core.environment:checking '/home/tomccd/Documents/Code/Python/DATN/install/module_input/lib'
[12.665s] Level 1:colcon.colcon_core.environment:checking '/home/tomccd/Documents/Code/Python/DATN/install/module_input/bin'
[12.666s] Level 1:colcon.colcon_core.environment:checking '/home/tomccd/Documents/Code/Python/DATN/install/module_input/lib/pkgconfig/module_input.pc'
[12.667s] Level 1:colcon.colcon_core.environment:checking '/home/tomccd/Documents/Code/Python/DATN/install/module_input/lib/python3.12/site-packages'
[12.668s] Level 1:colcon.colcon_core.shell:create_environment_hook('module_input', 'pythonpath')
[12.669s] INFO:colcon.colcon_core.shell:Creating environment hook '/home/tomccd/Documents/Code/Python/DATN/install/module_input/share/module_input/hook/pythonpath.ps1'
[12.671s] INFO:colcon.colcon_core.shell:Creating environment descriptor '/home/tomccd/Documents/Code/Python/DATN/install/module_input/share/module_input/hook/pythonpath.dsv'
[12.673s] INFO:colcon.colcon_core.shell:Creating environment hook '/home/tomccd/Documents/Code/Python/DATN/install/module_input/share/module_input/hook/pythonpath.sh'
[12.676s] Level 1:colcon.colcon_core.environment:checking '/home/tomccd/Documents/Code/Python/DATN/install/module_input/bin'
[12.676s] Level 1:colcon.colcon_core.environment:create_environment_scripts_only(module_input)
[12.677s] INFO:colcon.colcon_core.shell:Creating package script '/home/tomccd/Documents/Code/Python/DATN/install/module_input/share/module_input/package.ps1'
[12.680s] INFO:colcon.colcon_core.shell:Creating package descriptor '/home/tomccd/Documents/Code/Python/DATN/install/module_input/share/module_input/package.dsv'
[12.683s] INFO:colcon.colcon_core.shell:Creating package script '/home/tomccd/Documents/Code/Python/DATN/install/module_input/share/module_input/package.sh'
[12.687s] INFO:colcon.colcon_core.shell:Creating package script '/home/tomccd/Documents/Code/Python/DATN/install/module_input/share/module_input/package.bash'
[12.691s] INFO:colcon.colcon_core.shell:Creating package script '/home/tomccd/Documents/Code/Python/DATN/install/module_input/share/module_input/package.zsh'
[12.694s] Level 1:colcon.colcon_core.environment:create_file_with_runtime_dependencies(/home/tomccd/Documents/Code/Python/DATN/install/module_input/share/colcon-core/packages/module_input)
[12.696s] DEBUG:colcon.colcon_parallel_executor.executor.parallel:closing loop
[12.698s] DEBUG:colcon.colcon_parallel_executor.executor.parallel:loop closed
[12.699s] DEBUG:colcon.colcon_parallel_executor.executor.parallel:run_until_complete finished with '0'
[12.699s] DEBUG:colcon.colcon_core.event_reactor:joining thread
[12.728s] INFO:colcon.colcon_core.plugin_system:Skipping extension 'colcon_notification.desktop_notification.terminal_notifier': Not used on non-Darwin systems
[12.729s] INFO:colcon.colcon_core.plugin_system:Skipping extension 'colcon_notification.desktop_notification.win32': Not used on non-Windows systems
[12.729s] INFO:colcon.colcon_notification.desktop_notification:Sending desktop notification using 'notify2'
[12.791s] DEBUG:colcon.colcon_core.event_reactor:joined thread
[12.792s] INFO:colcon.colcon_core.shell:Creating prefix script '/home/tomccd/Documents/Code/Python/DATN/install/local_setup.ps1'
[12.796s] INFO:colcon.colcon_core.shell:Creating prefix util module '/home/tomccd/Documents/Code/Python/DATN/install/_local_setup_util_ps1.py'
[12.819s] INFO:colcon.colcon_core.shell:Creating prefix chain script '/home/tomccd/Documents/Code/Python/DATN/install/setup.ps1'
[12.837s] INFO:colcon.colcon_core.shell:Creating prefix script '/home/tomccd/Documents/Code/Python/DATN/install/local_setup.sh'
[12.854s] INFO:colcon.colcon_core.shell:Creating prefix util module '/home/tomccd/Documents/Code/Python/DATN/install/_local_setup_util_sh.py'
[12.873s] INFO:colcon.colcon_core.shell:Creating prefix chain script '/home/tomccd/Documents/Code/Python/DATN/install/setup.sh'
[12.889s] INFO:colcon.colcon_core.shell:Creating prefix script '/home/tomccd/Documents/Code/Python/DATN/install/local_setup.bash'
[12.892s] INFO:colcon.colcon_core.shell:Creating prefix chain script '/home/tomccd/Documents/Code/Python/DATN/install/setup.bash'
[12.901s] INFO:colcon.colcon_core.shell:Creating prefix script '/home/tomccd/Documents/Code/Python/DATN/install/local_setup.zsh'
[12.903s] INFO:colcon.colcon_core.shell:Creating prefix chain script '/home/tomccd/Documents/Code/Python/DATN/install/setup.zsh'
