[0.064s] Invoking command in '/home/tomccd/Documents/Code/Python/DATN/build/custom_interfaces': CMAKE_PREFIX_PATH=${CMAKE_PREFIX_PATH}:/home/tomccd/Documents/Code/Python/DATN/install/module_weigh:/home/tomccd/Documents/Code/Python/DATN/install/module_supervisor:/home/tomccd/Documents/Code/Python/DATN/install/module_scanning_interface:/home/tomccd/Documents/Code/Python/DATN/install/module_input:/opt/ros/jazzy DEBUGINFOD_URLS=https://debuginfod.ubuntu.com /usr/bin/cmake --build /home/tomccd/Documents/Code/Python/DATN/build/custom_interfaces -- -j4 -l4
[0.418s] [  1%] Built target custom_interfaces__rosidl_generator_type_description
[0.559s] [  1%] Built target ament_cmake_python_copy_custom_interfaces
[0.609s] [  3%] Built target custom_interfaces__cpp
[0.641s] [ 25%] Built target custom_interfaces__rosidl_generator_c
[0.854s] [ 34%] Built target custom_interfaces__rosidl_typesupport_fastrtps_cpp
[0.858s] [ 43%] Built target custom_interfaces__rosidl_typesupport_cpp
[0.879s] [ 53%] Built target custom_interfaces__rosidl_typesupport_introspection_cpp
[1.052s] [ 62%] Built target custom_interfaces__rosidl_typesupport_introspection_c
[1.068s] [ 71%] Built target custom_interfaces__rosidl_typesupport_fastrtps_c
[1.093s] [ 81%] Built target custom_interfaces__rosidl_typesupport_c
[1.235s] [ 81%] Built target custom_interfaces
[1.386s] [ 82%] Built target custom_interfaces__py
[1.556s] [ 90%] Built target custom_interfaces__rosidl_generator_py
[1.747s] [ 93%] Built target custom_interfaces_s__rosidl_typesupport_fastrtps_c
[1.804s] [100%] Built target custom_interfaces_s__rosidl_typesupport_c
[1.805s] [100%] Built target custom_interfaces_s__rosidl_typesupport_introspection_c
[2.176s] running egg_info
[2.309s] writing custom_interfaces.egg-info/PKG-INFO
[2.311s] writing dependency_links to custom_interfaces.egg-info/dependency_links.txt
[2.313s] writing top-level names to custom_interfaces.egg-info/top_level.txt
[2.715s] reading manifest file 'custom_interfaces.egg-info/SOURCES.txt'
[2.718s] writing manifest file 'custom_interfaces.egg-info/SOURCES.txt'
[2.895s] [100%] Built target ament_cmake_python_build_custom_interfaces_egg
[2.988s] Invoked command in '/home/tomccd/Documents/Code/Python/DATN/build/custom_interfaces' returned '0': CMAKE_PREFIX_PATH=${CMAKE_PREFIX_PATH}:/home/tomccd/Documents/Code/Python/DATN/install/module_weigh:/home/tomccd/Documents/Code/Python/DATN/install/module_supervisor:/home/tomccd/Documents/Code/Python/DATN/install/module_scanning_interface:/home/tomccd/Documents/Code/Python/DATN/install/module_input:/opt/ros/jazzy DEBUGINFOD_URLS=https://debuginfod.ubuntu.com /usr/bin/cmake --build /home/tomccd/Documents/Code/Python/DATN/build/custom_interfaces -- -j4 -l4
[4.184s] Invoking command in '/home/tomccd/Documents/Code/Python/DATN/build/custom_interfaces': CMAKE_PREFIX_PATH=${CMAKE_PREFIX_PATH}:/home/tomccd/Documents/Code/Python/DATN/install/module_weigh:/home/tomccd/Documents/Code/Python/DATN/install/module_supervisor:/home/tomccd/Documents/Code/Python/DATN/install/module_scanning_interface:/home/tomccd/Documents/Code/Python/DATN/install/module_input:/opt/ros/jazzy DEBUGINFOD_URLS=https://debuginfod.ubuntu.com /usr/bin/cmake --install /home/tomccd/Documents/Code/Python/DATN/build/custom_interfaces
[4.233s] -- Install configuration: ""
[4.234s] -- Up-to-date: /home/tomccd/Documents/Code/Python/DATN/install/custom_interfaces/share/ament_index/resource_index/rosidl_interfaces/custom_interfaces
[4.236s] -- Up-to-date: /home/tomccd/Documents/Code/Python/DATN/install/custom_interfaces/share/custom_interfaces/msg/TerminateSys.json
[4.237s] -- Up-to-date: /home/tomccd/Documents/Code/Python/DATN/install/custom_interfaces/share/custom_interfaces/srv/InitSys.json
[4.237s] -- Up-to-date: /home/tomccd/Documents/Code/Python/DATN/install/custom_interfaces/share/custom_interfaces/msg/SetWeighIO.json
[4.242s] -- Up-to-date: /home/tomccd/Documents/Code/Python/DATN/install/custom_interfaces/share/custom_interfaces/msg/WeighValue.json
[4.243s] -- Up-to-date: /home/tomccd/Documents/Code/Python/DATN/install/custom_interfaces/include/custom_interfaces/custom_interfaces
[4.244s] -- Up-to-date: /home/tomccd/Documents/Code/Python/DATN/install/custom_interfaces/include/custom_interfaces/custom_interfaces/srv
[4.246s] -- Up-to-date: /home/tomccd/Documents/Code/Python/DATN/install/custom_interfaces/include/custom_interfaces/custom_interfaces/srv/initialize_system.h
[4.247s] -- Up-to-date: /home/tomccd/Documents/Code/Python/DATN/install/custom_interfaces/include/custom_interfaces/custom_interfaces/srv/init_sys.h
[4.248s] -- Up-to-date: /home/tomccd/Documents/Code/Python/DATN/install/custom_interfaces/include/custom_interfaces/custom_interfaces/srv/detail
[4.249s] -- Installing: /home/tomccd/Documents/Code/Python/DATN/install/custom_interfaces/include/custom_interfaces/custom_interfaces/srv/detail/initialize_system__type_support.c
[4.250s] -- Up-to-date: /home/tomccd/Documents/Code/Python/DATN/install/custom_interfaces/include/custom_interfaces/custom_interfaces/srv/detail/initialize_system__functions.c
[4.255s] -- Up-to-date: /home/tomccd/Documents/Code/Python/DATN/install/custom_interfaces/include/custom_interfaces/custom_interfaces/srv/detail/initialize_system__type_support.h
[4.256s] -- Up-to-date: /home/tomccd/Documents/Code/Python/DATN/install/custom_interfaces/include/custom_interfaces/custom_interfaces/srv/detail/init_sys__struct.h
[4.265s] -- Up-to-date: /home/tomccd/Documents/Code/Python/DATN/install/custom_interfaces/include/custom_interfaces/custom_interfaces/srv/detail/initialize_system__struct.h
[4.266s] -- Installing: /home/tomccd/Documents/Code/Python/DATN/install/custom_interfaces/include/custom_interfaces/custom_interfaces/srv/detail/init_sys__type_support.c
[4.267s] -- Up-to-date: /home/tomccd/Documents/Code/Python/DATN/install/custom_interfaces/include/custom_interfaces/custom_interfaces/srv/detail/init_sys__functions.h
[4.268s] -- Up-to-date: /home/tomccd/Documents/Code/Python/DATN/install/custom_interfaces/include/custom_interfaces/custom_interfaces/srv/detail/init_sys__functions.c
[4.269s] -- Up-to-date: /home/tomccd/Documents/Code/Python/DATN/install/custom_interfaces/include/custom_interfaces/custom_interfaces/srv/detail/init_sys__type_support.h
[4.270s] -- Up-to-date: /home/tomccd/Documents/Code/Python/DATN/install/custom_interfaces/include/custom_interfaces/custom_interfaces/srv/detail/init_sys__description.c
[4.271s] -- Up-to-date: /home/tomccd/Documents/Code/Python/DATN/install/custom_interfaces/include/custom_interfaces/custom_interfaces/srv/detail/initialize_system__functions.h
[4.272s] -- Up-to-date: /home/tomccd/Documents/Code/Python/DATN/install/custom_interfaces/include/custom_interfaces/custom_interfaces/srv/detail/initialize_system__description.c
[4.273s] -- Up-to-date: /home/tomccd/Documents/Code/Python/DATN/install/custom_interfaces/include/custom_interfaces/custom_interfaces/msg
[4.273s] -- Up-to-date: /home/tomccd/Documents/Code/Python/DATN/install/custom_interfaces/include/custom_interfaces/custom_interfaces/msg/set_weigh_io.h
[4.274s] -- Up-to-date: /home/tomccd/Documents/Code/Python/DATN/install/custom_interfaces/include/custom_interfaces/custom_interfaces/msg/terminate_sys.h
[4.275s] -- Up-to-date: /home/tomccd/Documents/Code/Python/DATN/install/custom_interfaces/include/custom_interfaces/custom_interfaces/msg/rosidl_generator_c__visibility_control.h
[4.281s] -- Up-to-date: /home/tomccd/Documents/Code/Python/DATN/install/custom_interfaces/include/custom_interfaces/custom_interfaces/msg/terminate.h
[4.281s] -- Up-to-date: /home/tomccd/Documents/Code/Python/DATN/install/custom_interfaces/include/custom_interfaces/custom_interfaces/msg/detail
[4.282s] -- Up-to-date: /home/tomccd/Documents/Code/Python/DATN/install/custom_interfaces/include/custom_interfaces/custom_interfaces/msg/detail/weigh_value__description.c
[4.283s] -- Up-to-date: /home/tomccd/Documents/Code/Python/DATN/install/custom_interfaces/include/custom_interfaces/custom_interfaces/msg/detail/terminate__functions.h
[4.284s] -- Up-to-date: /home/tomccd/Documents/Code/Python/DATN/install/custom_interfaces/include/custom_interfaces/custom_interfaces/msg/detail/terminate_sys__functions.c
[4.294s] -- Up-to-date: /home/tomccd/Documents/Code/Python/DATN/install/custom_interfaces/include/custom_interfaces/custom_interfaces/msg/detail/terminate_sys__functions.h
[4.296s] -- Up-to-date: /home/tomccd/Documents/Code/Python/DATN/install/custom_interfaces/include/custom_interfaces/custom_interfaces/msg/detail/set_weigh_io__description.c
[4.297s] -- Up-to-date: /home/tomccd/Documents/Code/Python/DATN/install/custom_interfaces/include/custom_interfaces/custom_interfaces/msg/detail/terminate__functions.c
[4.297s] -- Up-to-date: /home/tomccd/Documents/Code/Python/DATN/install/custom_interfaces/include/custom_interfaces/custom_interfaces/msg/detail/weigh_value__functions.h
[4.298s] -- Up-to-date: /home/tomccd/Documents/Code/Python/DATN/install/custom_interfaces/include/custom_interfaces/custom_interfaces/msg/detail/weigh_value__struct.h
[4.299s] -- Up-to-date: /home/tomccd/Documents/Code/Python/DATN/install/custom_interfaces/include/custom_interfaces/custom_interfaces/msg/detail/set_weigh_io__functions.h
[4.300s] -- Up-to-date: /home/tomccd/Documents/Code/Python/DATN/install/custom_interfaces/include/custom_interfaces/custom_interfaces/msg/detail/terminate_sys__type_support.h
[4.300s] -- Installing: /home/tomccd/Documents/Code/Python/DATN/install/custom_interfaces/include/custom_interfaces/custom_interfaces/msg/detail/terminate__type_support.c
[4.301s] -- Up-to-date: /home/tomccd/Documents/Code/Python/DATN/install/custom_interfaces/include/custom_interfaces/custom_interfaces/msg/detail/terminate__struct.h
[4.302s] -- Up-to-date: /home/tomccd/Documents/Code/Python/DATN/install/custom_interfaces/include/custom_interfaces/custom_interfaces/msg/detail/set_weigh_io__type_support.h
[4.302s] -- Up-to-date: /home/tomccd/Documents/Code/Python/DATN/install/custom_interfaces/include/custom_interfaces/custom_interfaces/msg/detail/terminate__description.c
[4.303s] -- Up-to-date: /home/tomccd/Documents/Code/Python/DATN/install/custom_interfaces/include/custom_interfaces/custom_interfaces/msg/detail/weigh_value__functions.c
[4.304s] -- Installing: /home/tomccd/Documents/Code/Python/DATN/install/custom_interfaces/include/custom_interfaces/custom_interfaces/msg/detail/terminate_sys__type_support.c
[4.305s] -- Up-to-date: /home/tomccd/Documents/Code/Python/DATN/install/custom_interfaces/include/custom_interfaces/custom_interfaces/msg/detail/terminate_sys__description.c
[4.305s] -- Installing: /home/tomccd/Documents/Code/Python/DATN/install/custom_interfaces/include/custom_interfaces/custom_interfaces/msg/detail/set_weigh_io__type_support.c
[4.306s] -- Up-to-date: /home/tomccd/Documents/Code/Python/DATN/install/custom_interfaces/include/custom_interfaces/custom_interfaces/msg/detail/terminate_sys__struct.h
[4.307s] -- Up-to-date: /home/tomccd/Documents/Code/Python/DATN/install/custom_interfaces/include/custom_interfaces/custom_interfaces/msg/detail/weigh_value__type_support.h
[4.308s] -- Up-to-date: /home/tomccd/Documents/Code/Python/DATN/install/custom_interfaces/include/custom_interfaces/custom_interfaces/msg/detail/set_weigh_io__functions.c
[4.308s] -- Up-to-date: /home/tomccd/Documents/Code/Python/DATN/install/custom_interfaces/include/custom_interfaces/custom_interfaces/msg/detail/set_weigh_io__struct.h
[4.309s] -- Up-to-date: /home/tomccd/Documents/Code/Python/DATN/install/custom_interfaces/include/custom_interfaces/custom_interfaces/msg/detail/terminate__type_support.h
[4.310s] -- Installing: /home/tomccd/Documents/Code/Python/DATN/install/custom_interfaces/include/custom_interfaces/custom_interfaces/msg/detail/weigh_value__type_support.c
[4.310s] -- Up-to-date: /home/tomccd/Documents/Code/Python/DATN/install/custom_interfaces/include/custom_interfaces/custom_interfaces/msg/weigh_value.h
[4.317s] -- Up-to-date: /home/tomccd/Documents/Code/Python/DATN/install/custom_interfaces/share/custom_interfaces/environment/library_path.sh
[4.318s] -- Up-to-date: /home/tomccd/Documents/Code/Python/DATN/install/custom_interfaces/share/custom_interfaces/environment/library_path.dsv
[4.318s] -- Up-to-date: /home/tomccd/Documents/Code/Python/DATN/install/custom_interfaces/lib/libcustom_interfaces__rosidl_generator_c.so
[4.319s] -- Up-to-date: /home/tomccd/Documents/Code/Python/DATN/install/custom_interfaces/include/custom_interfaces/custom_interfaces
[4.329s] -- Up-to-date: /home/tomccd/Documents/Code/Python/DATN/install/custom_interfaces/include/custom_interfaces/custom_interfaces/srv
[4.331s] -- Up-to-date: /home/tomccd/Documents/Code/Python/DATN/install/custom_interfaces/include/custom_interfaces/custom_interfaces/srv/detail
[4.331s] -- Up-to-date: /home/tomccd/Documents/Code/Python/DATN/install/custom_interfaces/include/custom_interfaces/custom_interfaces/srv/detail/init_sys__rosidl_typesupport_fastrtps_c.h
[4.333s] -- Up-to-date: /home/tomccd/Documents/Code/Python/DATN/install/custom_interfaces/include/custom_interfaces/custom_interfaces/srv/detail/initialize_system__rosidl_typesupport_fastrtps_c.h
[4.333s] -- Up-to-date: /home/tomccd/Documents/Code/Python/DATN/install/custom_interfaces/include/custom_interfaces/custom_interfaces/msg
[4.334s] -- Up-to-date: /home/tomccd/Documents/Code/Python/DATN/install/custom_interfaces/include/custom_interfaces/custom_interfaces/msg/rosidl_typesupport_fastrtps_c__visibility_control.h
[4.336s] -- Up-to-date: /home/tomccd/Documents/Code/Python/DATN/install/custom_interfaces/include/custom_interfaces/custom_interfaces/msg/detail
[4.337s] -- Up-to-date: /home/tomccd/Documents/Code/Python/DATN/install/custom_interfaces/include/custom_interfaces/custom_interfaces/msg/detail/weigh_value__rosidl_typesupport_fastrtps_c.h
[4.338s] -- Up-to-date: /home/tomccd/Documents/Code/Python/DATN/install/custom_interfaces/include/custom_interfaces/custom_interfaces/msg/detail/set_weigh_io__rosidl_typesupport_fastrtps_c.h
[4.340s] -- Up-to-date: /home/tomccd/Documents/Code/Python/DATN/install/custom_interfaces/include/custom_interfaces/custom_interfaces/msg/detail/terminate_sys__rosidl_typesupport_fastrtps_c.h
[4.342s] -- Up-to-date: /home/tomccd/Documents/Code/Python/DATN/install/custom_interfaces/include/custom_interfaces/custom_interfaces/msg/detail/terminate__rosidl_typesupport_fastrtps_c.h
[4.343s] -- Up-to-date: /home/tomccd/Documents/Code/Python/DATN/install/custom_interfaces/lib/libcustom_interfaces__rosidl_typesupport_fastrtps_c.so
[4.345s] -- Up-to-date: /home/tomccd/Documents/Code/Python/DATN/install/custom_interfaces/include/custom_interfaces/custom_interfaces
[4.346s] -- Up-to-date: /home/tomccd/Documents/Code/Python/DATN/install/custom_interfaces/include/custom_interfaces/custom_interfaces/srv
[4.347s] -- Up-to-date: /home/tomccd/Documents/Code/Python/DATN/install/custom_interfaces/include/custom_interfaces/custom_interfaces/srv/detail
[4.348s] -- Up-to-date: /home/tomccd/Documents/Code/Python/DATN/install/custom_interfaces/include/custom_interfaces/custom_interfaces/srv/detail/initialize_system__rosidl_typesupport_introspection_c.h
[4.349s] -- Installing: /home/tomccd/Documents/Code/Python/DATN/install/custom_interfaces/include/custom_interfaces/custom_interfaces/srv/detail/initialize_system__type_support.c
[4.350s] -- Installing: /home/tomccd/Documents/Code/Python/DATN/install/custom_interfaces/include/custom_interfaces/custom_interfaces/srv/detail/init_sys__type_support.c
[4.351s] -- Up-to-date: /home/tomccd/Documents/Code/Python/DATN/install/custom_interfaces/include/custom_interfaces/custom_interfaces/srv/detail/init_sys__rosidl_typesupport_introspection_c.h
[4.352s] -- Up-to-date: /home/tomccd/Documents/Code/Python/DATN/install/custom_interfaces/include/custom_interfaces/custom_interfaces/msg
[4.353s] -- Up-to-date: /home/tomccd/Documents/Code/Python/DATN/install/custom_interfaces/include/custom_interfaces/custom_interfaces/msg/rosidl_typesupport_introspection_c__visibility_control.h
[4.354s] -- Up-to-date: /home/tomccd/Documents/Code/Python/DATN/install/custom_interfaces/include/custom_interfaces/custom_interfaces/msg/detail
[4.356s] -- Up-to-date: /home/tomccd/Documents/Code/Python/DATN/install/custom_interfaces/include/custom_interfaces/custom_interfaces/msg/detail/set_weigh_io__rosidl_typesupport_introspection_c.h
[4.358s] -- Up-to-date: /home/tomccd/Documents/Code/Python/DATN/install/custom_interfaces/include/custom_interfaces/custom_interfaces/msg/detail/terminate__rosidl_typesupport_introspection_c.h
[4.360s] -- Installing: /home/tomccd/Documents/Code/Python/DATN/install/custom_interfaces/include/custom_interfaces/custom_interfaces/msg/detail/terminate__type_support.c
[4.362s] -- Up-to-date: /home/tomccd/Documents/Code/Python/DATN/install/custom_interfaces/include/custom_interfaces/custom_interfaces/msg/detail/weigh_value__rosidl_typesupport_introspection_c.h
[4.363s] -- Installing: /home/tomccd/Documents/Code/Python/DATN/install/custom_interfaces/include/custom_interfaces/custom_interfaces/msg/detail/terminate_sys__type_support.c
[4.365s] -- Installing: /home/tomccd/Documents/Code/Python/DATN/install/custom_interfaces/include/custom_interfaces/custom_interfaces/msg/detail/set_weigh_io__type_support.c
[4.366s] -- Up-to-date: /home/tomccd/Documents/Code/Python/DATN/install/custom_interfaces/include/custom_interfaces/custom_interfaces/msg/detail/terminate_sys__rosidl_typesupport_introspection_c.h
[4.368s] -- Installing: /home/tomccd/Documents/Code/Python/DATN/install/custom_interfaces/include/custom_interfaces/custom_interfaces/msg/detail/weigh_value__type_support.c
[4.369s] -- Up-to-date: /home/tomccd/Documents/Code/Python/DATN/install/custom_interfaces/lib/libcustom_interfaces__rosidl_typesupport_introspection_c.so
[4.371s] -- Up-to-date: /home/tomccd/Documents/Code/Python/DATN/install/custom_interfaces/lib/libcustom_interfaces__rosidl_typesupport_c.so
[4.372s] -- Up-to-date: /home/tomccd/Documents/Code/Python/DATN/install/custom_interfaces/include/custom_interfaces/custom_interfaces
[4.374s] -- Up-to-date: /home/tomccd/Documents/Code/Python/DATN/install/custom_interfaces/include/custom_interfaces/custom_interfaces/srv
[4.376s] -- Up-to-date: /home/tomccd/Documents/Code/Python/DATN/install/custom_interfaces/include/custom_interfaces/custom_interfaces/srv/initialize_system.hpp
[4.377s] -- Up-to-date: /home/tomccd/Documents/Code/Python/DATN/install/custom_interfaces/include/custom_interfaces/custom_interfaces/srv/detail
[4.378s] -- Up-to-date: /home/tomccd/Documents/Code/Python/DATN/install/custom_interfaces/include/custom_interfaces/custom_interfaces/srv/detail/initialize_system__struct.hpp
[4.380s] -- Up-to-date: /home/tomccd/Documents/Code/Python/DATN/install/custom_interfaces/include/custom_interfaces/custom_interfaces/srv/detail/initialize_system__builder.hpp
[4.381s] -- Up-to-date: /home/tomccd/Documents/Code/Python/DATN/install/custom_interfaces/include/custom_interfaces/custom_interfaces/srv/detail/initialize_system__type_support.hpp
[4.382s] -- Up-to-date: /home/tomccd/Documents/Code/Python/DATN/install/custom_interfaces/include/custom_interfaces/custom_interfaces/srv/detail/init_sys__type_support.hpp
[4.384s] -- Up-to-date: /home/tomccd/Documents/Code/Python/DATN/install/custom_interfaces/include/custom_interfaces/custom_interfaces/srv/detail/init_sys__traits.hpp
[4.385s] -- Up-to-date: /home/tomccd/Documents/Code/Python/DATN/install/custom_interfaces/include/custom_interfaces/custom_interfaces/srv/detail/init_sys__struct.hpp
[4.386s] -- Up-to-date: /home/tomccd/Documents/Code/Python/DATN/install/custom_interfaces/include/custom_interfaces/custom_interfaces/srv/detail/init_sys__builder.hpp
[4.387s] -- Up-to-date: /home/tomccd/Documents/Code/Python/DATN/install/custom_interfaces/include/custom_interfaces/custom_interfaces/srv/detail/initialize_system__traits.hpp
[4.388s] -- Up-to-date: /home/tomccd/Documents/Code/Python/DATN/install/custom_interfaces/include/custom_interfaces/custom_interfaces/srv/init_sys.hpp
[4.389s] -- Up-to-date: /home/tomccd/Documents/Code/Python/DATN/install/custom_interfaces/include/custom_interfaces/custom_interfaces/msg
[4.390s] -- Up-to-date: /home/tomccd/Documents/Code/Python/DATN/install/custom_interfaces/include/custom_interfaces/custom_interfaces/msg/weigh_value.hpp
[4.390s] -- Up-to-date: /home/tomccd/Documents/Code/Python/DATN/install/custom_interfaces/include/custom_interfaces/custom_interfaces/msg/rosidl_generator_cpp__visibility_control.hpp
[4.391s] -- Up-to-date: /home/tomccd/Documents/Code/Python/DATN/install/custom_interfaces/include/custom_interfaces/custom_interfaces/msg/terminate_sys.hpp
[4.399s] -- Up-to-date: /home/tomccd/Documents/Code/Python/DATN/install/custom_interfaces/include/custom_interfaces/custom_interfaces/msg/set_weigh_io.hpp
[4.400s] -- Up-to-date: /home/tomccd/Documents/Code/Python/DATN/install/custom_interfaces/include/custom_interfaces/custom_interfaces/msg/detail
[4.400s] -- Up-to-date: /home/tomccd/Documents/Code/Python/DATN/install/custom_interfaces/include/custom_interfaces/custom_interfaces/msg/detail/weigh_value__traits.hpp
[4.401s] -- Up-to-date: /home/tomccd/Documents/Code/Python/DATN/install/custom_interfaces/include/custom_interfaces/custom_interfaces/msg/detail/set_weigh_io__builder.hpp
[4.405s] -- Up-to-date: /home/tomccd/Documents/Code/Python/DATN/install/custom_interfaces/include/custom_interfaces/custom_interfaces/msg/detail/terminate__builder.hpp
[4.406s] -- Up-to-date: /home/tomccd/Documents/Code/Python/DATN/install/custom_interfaces/include/custom_interfaces/custom_interfaces/msg/detail/terminate__traits.hpp
[4.406s] -- Up-to-date: /home/tomccd/Documents/Code/Python/DATN/install/custom_interfaces/include/custom_interfaces/custom_interfaces/msg/detail/weigh_value__type_support.hpp
[4.407s] -- Up-to-date: /home/tomccd/Documents/Code/Python/DATN/install/custom_interfaces/include/custom_interfaces/custom_interfaces/msg/detail/terminate_sys__traits.hpp
[4.408s] -- Up-to-date: /home/tomccd/Documents/Code/Python/DATN/install/custom_interfaces/include/custom_interfaces/custom_interfaces/msg/detail/weigh_value__builder.hpp
[4.409s] -- Up-to-date: /home/tomccd/Documents/Code/Python/DATN/install/custom_interfaces/include/custom_interfaces/custom_interfaces/msg/detail/terminate__struct.hpp
[4.410s] -- Up-to-date: /home/tomccd/Documents/Code/Python/DATN/install/custom_interfaces/include/custom_interfaces/custom_interfaces/msg/detail/set_weigh_io__traits.hpp
[4.411s] -- Up-to-date: /home/tomccd/Documents/Code/Python/DATN/install/custom_interfaces/include/custom_interfaces/custom_interfaces/msg/detail/weigh_value__struct.hpp
[4.412s] -- Up-to-date: /home/tomccd/Documents/Code/Python/DATN/install/custom_interfaces/include/custom_interfaces/custom_interfaces/msg/detail/terminate_sys__type_support.hpp
[4.412s] -- Up-to-date: /home/tomccd/Documents/Code/Python/DATN/install/custom_interfaces/include/custom_interfaces/custom_interfaces/msg/detail/set_weigh_io__struct.hpp
[4.413s] -- Up-to-date: /home/tomccd/Documents/Code/Python/DATN/install/custom_interfaces/include/custom_interfaces/custom_interfaces/msg/detail/set_weigh_io__type_support.hpp
[4.414s] -- Up-to-date: /home/tomccd/Documents/Code/Python/DATN/install/custom_interfaces/include/custom_interfaces/custom_interfaces/msg/detail/terminate__type_support.hpp
[4.415s] -- Up-to-date: /home/tomccd/Documents/Code/Python/DATN/install/custom_interfaces/include/custom_interfaces/custom_interfaces/msg/detail/terminate_sys__struct.hpp
[4.417s] -- Up-to-date: /home/tomccd/Documents/Code/Python/DATN/install/custom_interfaces/include/custom_interfaces/custom_interfaces/msg/detail/terminate_sys__builder.hpp
[4.419s] -- Up-to-date: /home/tomccd/Documents/Code/Python/DATN/install/custom_interfaces/include/custom_interfaces/custom_interfaces/msg/terminate.hpp
[4.420s] -- Up-to-date: /home/tomccd/Documents/Code/Python/DATN/install/custom_interfaces/include/custom_interfaces/custom_interfaces
[4.421s] -- Up-to-date: /home/tomccd/Documents/Code/Python/DATN/install/custom_interfaces/include/custom_interfaces/custom_interfaces/srv
[4.422s] -- Up-to-date: /home/tomccd/Documents/Code/Python/DATN/install/custom_interfaces/include/custom_interfaces/custom_interfaces/srv/detail
[4.423s] -- Up-to-date: /home/tomccd/Documents/Code/Python/DATN/install/custom_interfaces/include/custom_interfaces/custom_interfaces/srv/detail/init_sys__rosidl_typesupport_fastrtps_cpp.hpp
[4.424s] -- Up-to-date: /home/tomccd/Documents/Code/Python/DATN/install/custom_interfaces/include/custom_interfaces/custom_interfaces/srv/detail/initialize_system__rosidl_typesupport_fastrtps_cpp.hpp
[4.425s] -- Up-to-date: /home/tomccd/Documents/Code/Python/DATN/install/custom_interfaces/include/custom_interfaces/custom_interfaces/srv/detail/dds_fastrtps
[4.425s] -- Up-to-date: /home/tomccd/Documents/Code/Python/DATN/install/custom_interfaces/include/custom_interfaces/custom_interfaces/msg
[4.426s] -- Up-to-date: /home/tomccd/Documents/Code/Python/DATN/install/custom_interfaces/include/custom_interfaces/custom_interfaces/msg/detail
[4.426s] -- Up-to-date: /home/tomccd/Documents/Code/Python/DATN/install/custom_interfaces/include/custom_interfaces/custom_interfaces/msg/detail/weigh_value__rosidl_typesupport_fastrtps_cpp.hpp
[4.427s] -- Up-to-date: /home/tomccd/Documents/Code/Python/DATN/install/custom_interfaces/include/custom_interfaces/custom_interfaces/msg/detail/terminate__rosidl_typesupport_fastrtps_cpp.hpp
[4.427s] -- Up-to-date: /home/tomccd/Documents/Code/Python/DATN/install/custom_interfaces/include/custom_interfaces/custom_interfaces/msg/detail/dds_fastrtps
[4.428s] -- Up-to-date: /home/tomccd/Documents/Code/Python/DATN/install/custom_interfaces/include/custom_interfaces/custom_interfaces/msg/detail/terminate_sys__rosidl_typesupport_fastrtps_cpp.hpp
[4.429s] -- Up-to-date: /home/tomccd/Documents/Code/Python/DATN/install/custom_interfaces/include/custom_interfaces/custom_interfaces/msg/detail/set_weigh_io__rosidl_typesupport_fastrtps_cpp.hpp
[4.429s] -- Up-to-date: /home/tomccd/Documents/Code/Python/DATN/install/custom_interfaces/include/custom_interfaces/custom_interfaces/msg/rosidl_typesupport_fastrtps_cpp__visibility_control.h
[4.430s] -- Up-to-date: /home/tomccd/Documents/Code/Python/DATN/install/custom_interfaces/lib/libcustom_interfaces__rosidl_typesupport_fastrtps_cpp.so
[4.430s] -- Up-to-date: /home/tomccd/Documents/Code/Python/DATN/install/custom_interfaces/include/custom_interfaces/custom_interfaces
[4.431s] -- Up-to-date: /home/tomccd/Documents/Code/Python/DATN/install/custom_interfaces/include/custom_interfaces/custom_interfaces/srv
[4.431s] -- Up-to-date: /home/tomccd/Documents/Code/Python/DATN/install/custom_interfaces/include/custom_interfaces/custom_interfaces/srv/detail
[4.432s] -- Up-to-date: /home/tomccd/Documents/Code/Python/DATN/install/custom_interfaces/include/custom_interfaces/custom_interfaces/srv/detail/initialize_system__type_support.cpp
[4.432s] -- Up-to-date: /home/tomccd/Documents/Code/Python/DATN/install/custom_interfaces/include/custom_interfaces/custom_interfaces/srv/detail/init_sys__type_support.cpp
[4.433s] -- Up-to-date: /home/tomccd/Documents/Code/Python/DATN/install/custom_interfaces/include/custom_interfaces/custom_interfaces/srv/detail/init_sys__rosidl_typesupport_introspection_cpp.hpp
[4.433s] -- Up-to-date: /home/tomccd/Documents/Code/Python/DATN/install/custom_interfaces/include/custom_interfaces/custom_interfaces/srv/detail/initialize_system__rosidl_typesupport_introspection_cpp.hpp
[4.434s] -- Up-to-date: /home/tomccd/Documents/Code/Python/DATN/install/custom_interfaces/include/custom_interfaces/custom_interfaces/msg
[4.435s] -- Up-to-date: /home/tomccd/Documents/Code/Python/DATN/install/custom_interfaces/include/custom_interfaces/custom_interfaces/msg/detail
[4.443s] -- Up-to-date: /home/tomccd/Documents/Code/Python/DATN/install/custom_interfaces/include/custom_interfaces/custom_interfaces/msg/detail/terminate__rosidl_typesupport_introspection_cpp.hpp
[4.443s] -- Up-to-date: /home/tomccd/Documents/Code/Python/DATN/install/custom_interfaces/include/custom_interfaces/custom_interfaces/msg/detail/set_weigh_io__rosidl_typesupport_introspection_cpp.hpp
[4.455s] -- Up-to-date: /home/tomccd/Documents/Code/Python/DATN/install/custom_interfaces/include/custom_interfaces/custom_interfaces/msg/detail/terminate__type_support.cpp
[4.456s] -- Up-to-date: /home/tomccd/Documents/Code/Python/DATN/install/custom_interfaces/include/custom_interfaces/custom_interfaces/msg/detail/set_weigh_io__type_support.cpp
[4.458s] -- Up-to-date: /home/tomccd/Documents/Code/Python/DATN/install/custom_interfaces/include/custom_interfaces/custom_interfaces/msg/detail/terminate_sys__rosidl_typesupport_introspection_cpp.hpp
[4.459s] -- Up-to-date: /home/tomccd/Documents/Code/Python/DATN/install/custom_interfaces/include/custom_interfaces/custom_interfaces/msg/detail/terminate_sys__type_support.cpp
[4.460s] -- Up-to-date: /home/tomccd/Documents/Code/Python/DATN/install/custom_interfaces/include/custom_interfaces/custom_interfaces/msg/detail/weigh_value__rosidl_typesupport_introspection_cpp.hpp
[4.460s] -- Up-to-date: /home/tomccd/Documents/Code/Python/DATN/install/custom_interfaces/include/custom_interfaces/custom_interfaces/msg/detail/weigh_value__type_support.cpp
[4.461s] -- Up-to-date: /home/tomccd/Documents/Code/Python/DATN/install/custom_interfaces/lib/libcustom_interfaces__rosidl_typesupport_introspection_cpp.so
[4.462s] -- Up-to-date: /home/tomccd/Documents/Code/Python/DATN/install/custom_interfaces/lib/libcustom_interfaces__rosidl_typesupport_cpp.so
[4.463s] -- Up-to-date: /home/tomccd/Documents/Code/Python/DATN/install/custom_interfaces/share/custom_interfaces/environment/pythonpath.sh
[4.463s] -- Up-to-date: /home/tomccd/Documents/Code/Python/DATN/install/custom_interfaces/share/custom_interfaces/environment/pythonpath.dsv
[4.467s] -- Up-to-date: /home/tomccd/Documents/Code/Python/DATN/install/custom_interfaces/lib/python3.12/site-packages/custom_interfaces-0.0.0-py3.12.egg-info
[4.473s] -- Installing: /home/tomccd/Documents/Code/Python/DATN/install/custom_interfaces/lib/python3.12/site-packages/custom_interfaces-0.0.0-py3.12.egg-info/SOURCES.txt
[4.473s] -- Installing: /home/tomccd/Documents/Code/Python/DATN/install/custom_interfaces/lib/python3.12/site-packages/custom_interfaces-0.0.0-py3.12.egg-info/dependency_links.txt
[4.474s] -- Installing: /home/tomccd/Documents/Code/Python/DATN/install/custom_interfaces/lib/python3.12/site-packages/custom_interfaces-0.0.0-py3.12.egg-info/PKG-INFO
[4.475s] -- Installing: /home/tomccd/Documents/Code/Python/DATN/install/custom_interfaces/lib/python3.12/site-packages/custom_interfaces-0.0.0-py3.12.egg-info/top_level.txt
[4.476s] -- Up-to-date: /home/tomccd/Documents/Code/Python/DATN/install/custom_interfaces/lib/python3.12/site-packages/custom_interfaces
[4.476s] -- Up-to-date: /home/tomccd/Documents/Code/Python/DATN/install/custom_interfaces/lib/python3.12/site-packages/custom_interfaces/custom_interfaces_s__rosidl_typesupport_introspection_c.so
[4.477s] -- Up-to-date: /home/tomccd/Documents/Code/Python/DATN/install/custom_interfaces/lib/python3.12/site-packages/custom_interfaces/custom_interfaces_s__rosidl_typesupport_c.so
[4.477s] -- Up-to-date: /home/tomccd/Documents/Code/Python/DATN/install/custom_interfaces/lib/python3.12/site-packages/custom_interfaces/__init__.py
[4.478s] -- Up-to-date: /home/tomccd/Documents/Code/Python/DATN/install/custom_interfaces/lib/python3.12/site-packages/custom_interfaces/_custom_interfaces_s.ep.rosidl_typesupport_introspection_c.c
[4.479s] -- Up-to-date: /home/tomccd/Documents/Code/Python/DATN/install/custom_interfaces/lib/python3.12/site-packages/custom_interfaces/_custom_interfaces_s.ep.rosidl_typesupport_c.c
[4.479s] -- Up-to-date: /home/tomccd/Documents/Code/Python/DATN/install/custom_interfaces/lib/python3.12/site-packages/custom_interfaces/srv
[4.483s] -- Up-to-date: /home/tomccd/Documents/Code/Python/DATN/install/custom_interfaces/lib/python3.12/site-packages/custom_interfaces/srv/__init__.py
[4.484s] -- Up-to-date: /home/tomccd/Documents/Code/Python/DATN/install/custom_interfaces/lib/python3.12/site-packages/custom_interfaces/srv/_initialize_system_s.c
[4.484s] -- Up-to-date: /home/tomccd/Documents/Code/Python/DATN/install/custom_interfaces/lib/python3.12/site-packages/custom_interfaces/srv/_initialize_system.py
[4.489s] -- Up-to-date: /home/tomccd/Documents/Code/Python/DATN/install/custom_interfaces/lib/python3.12/site-packages/custom_interfaces/srv/_init_sys_s.c
[4.490s] -- Up-to-date: /home/tomccd/Documents/Code/Python/DATN/install/custom_interfaces/lib/python3.12/site-packages/custom_interfaces/srv/_init_sys.py
[4.491s] -- Up-to-date: /home/tomccd/Documents/Code/Python/DATN/install/custom_interfaces/lib/python3.12/site-packages/custom_interfaces/msg
[4.491s] -- Up-to-date: /home/tomccd/Documents/Code/Python/DATN/install/custom_interfaces/lib/python3.12/site-packages/custom_interfaces/msg/_terminate.py
[4.492s] -- Up-to-date: /home/tomccd/Documents/Code/Python/DATN/install/custom_interfaces/lib/python3.12/site-packages/custom_interfaces/msg/_weigh_value.py
[4.493s] -- Up-to-date: /home/tomccd/Documents/Code/Python/DATN/install/custom_interfaces/lib/python3.12/site-packages/custom_interfaces/msg/__init__.py
[4.493s] -- Up-to-date: /home/tomccd/Documents/Code/Python/DATN/install/custom_interfaces/lib/python3.12/site-packages/custom_interfaces/msg/_terminate_s.c
[4.494s] -- Up-to-date: /home/tomccd/Documents/Code/Python/DATN/install/custom_interfaces/lib/python3.12/site-packages/custom_interfaces/msg/_terminate_sys.py
[4.494s] -- Up-to-date: /home/tomccd/Documents/Code/Python/DATN/install/custom_interfaces/lib/python3.12/site-packages/custom_interfaces/msg/_terminate_sys_s.c
[4.495s] -- Up-to-date: /home/tomccd/Documents/Code/Python/DATN/install/custom_interfaces/lib/python3.12/site-packages/custom_interfaces/msg/_weigh_value_s.c
[4.495s] -- Up-to-date: /home/tomccd/Documents/Code/Python/DATN/install/custom_interfaces/lib/python3.12/site-packages/custom_interfaces/msg/_set_weigh_io_s.c
[4.499s] -- Up-to-date: /home/tomccd/Documents/Code/Python/DATN/install/custom_interfaces/lib/python3.12/site-packages/custom_interfaces/msg/_set_weigh_io.py
[4.499s] -- Up-to-date: /home/tomccd/Documents/Code/Python/DATN/install/custom_interfaces/lib/python3.12/site-packages/custom_interfaces/custom_interfaces_s__rosidl_typesupport_fastrtps_c.so
[4.500s] -- Up-to-date: /home/tomccd/Documents/Code/Python/DATN/install/custom_interfaces/lib/python3.12/site-packages/custom_interfaces/_custom_interfaces_s.ep.rosidl_typesupport_fastrtps_c.c
[4.653s] Listing '/home/tomccd/Documents/Code/Python/DATN/install/custom_interfaces/lib/python3.12/site-packages/custom_interfaces'...
[4.654s] Listing '/home/tomccd/Documents/Code/Python/DATN/install/custom_interfaces/lib/python3.12/site-packages/custom_interfaces/msg'...
[4.660s] Listing '/home/tomccd/Documents/Code/Python/DATN/install/custom_interfaces/lib/python3.12/site-packages/custom_interfaces/srv'...
[4.690s] -- Up-to-date: /home/tomccd/Documents/Code/Python/DATN/install/custom_interfaces/lib/python3.12/site-packages/custom_interfaces/custom_interfaces_s__rosidl_typesupport_fastrtps_c.so
[4.696s] -- Up-to-date: /home/tomccd/Documents/Code/Python/DATN/install/custom_interfaces/lib/python3.12/site-packages/custom_interfaces/custom_interfaces_s__rosidl_typesupport_introspection_c.so
[4.702s] -- Up-to-date: /home/tomccd/Documents/Code/Python/DATN/install/custom_interfaces/lib/python3.12/site-packages/custom_interfaces/custom_interfaces_s__rosidl_typesupport_c.so
[4.706s] -- Up-to-date: /home/tomccd/Documents/Code/Python/DATN/install/custom_interfaces/lib/libcustom_interfaces__rosidl_generator_py.so
[4.708s] -- Up-to-date: /home/tomccd/Documents/Code/Python/DATN/install/custom_interfaces/share/custom_interfaces/msg/TerminateSys.idl
[4.713s] -- Up-to-date: /home/tomccd/Documents/Code/Python/DATN/install/custom_interfaces/share/custom_interfaces/srv/InitSys.idl
[4.714s] -- Up-to-date: /home/tomccd/Documents/Code/Python/DATN/install/custom_interfaces/share/custom_interfaces/msg/SetWeighIO.idl
[4.715s] -- Up-to-date: /home/tomccd/Documents/Code/Python/DATN/install/custom_interfaces/share/custom_interfaces/msg/WeighValue.idl
[4.716s] -- Up-to-date: /home/tomccd/Documents/Code/Python/DATN/install/custom_interfaces/share/custom_interfaces/msg/TerminateSys.msg
[4.721s] -- Up-to-date: /home/tomccd/Documents/Code/Python/DATN/install/custom_interfaces/share/custom_interfaces/srv/InitSys.srv
[4.722s] -- Up-to-date: /home/tomccd/Documents/Code/Python/DATN/install/custom_interfaces/share/custom_interfaces/msg/SetWeighIO.msg
[4.724s] -- Up-to-date: /home/tomccd/Documents/Code/Python/DATN/install/custom_interfaces/share/custom_interfaces/msg/WeighValue.msg
[4.725s] -- Up-to-date: /home/tomccd/Documents/Code/Python/DATN/install/custom_interfaces/share/ament_index/resource_index/package_run_dependencies/custom_interfaces
[4.726s] -- Up-to-date: /home/tomccd/Documents/Code/Python/DATN/install/custom_interfaces/share/ament_index/resource_index/parent_prefix_path/custom_interfaces
[4.727s] -- Up-to-date: /home/tomccd/Documents/Code/Python/DATN/install/custom_interfaces/share/custom_interfaces/environment/ament_prefix_path.sh
[4.728s] -- Up-to-date: /home/tomccd/Documents/Code/Python/DATN/install/custom_interfaces/share/custom_interfaces/environment/ament_prefix_path.dsv
[4.729s] -- Up-to-date: /home/tomccd/Documents/Code/Python/DATN/install/custom_interfaces/share/custom_interfaces/environment/path.sh
[4.734s] -- Up-to-date: /home/tomccd/Documents/Code/Python/DATN/install/custom_interfaces/share/custom_interfaces/environment/path.dsv
[4.736s] -- Up-to-date: /home/tomccd/Documents/Code/Python/DATN/install/custom_interfaces/share/custom_interfaces/local_setup.bash
[4.737s] -- Up-to-date: /home/tomccd/Documents/Code/Python/DATN/install/custom_interfaces/share/custom_interfaces/local_setup.sh
[4.746s] -- Up-to-date: /home/tomccd/Documents/Code/Python/DATN/install/custom_interfaces/share/custom_interfaces/local_setup.zsh
[4.747s] -- Up-to-date: /home/tomccd/Documents/Code/Python/DATN/install/custom_interfaces/share/custom_interfaces/local_setup.dsv
[4.749s] -- Installing: /home/tomccd/Documents/Code/Python/DATN/install/custom_interfaces/share/custom_interfaces/package.dsv
[4.750s] -- Up-to-date: /home/tomccd/Documents/Code/Python/DATN/install/custom_interfaces/share/ament_index/resource_index/packages/custom_interfaces
[4.751s] -- Up-to-date: /home/tomccd/Documents/Code/Python/DATN/install/custom_interfaces/share/custom_interfaces/cmake/export_custom_interfaces__rosidl_generator_cExport.cmake
[4.752s] -- Up-to-date: /home/tomccd/Documents/Code/Python/DATN/install/custom_interfaces/share/custom_interfaces/cmake/export_custom_interfaces__rosidl_generator_cExport-noconfig.cmake
[4.753s] -- Up-to-date: /home/tomccd/Documents/Code/Python/DATN/install/custom_interfaces/share/custom_interfaces/cmake/export_custom_interfaces__rosidl_typesupport_fastrtps_cExport.cmake
[4.754s] -- Up-to-date: /home/tomccd/Documents/Code/Python/DATN/install/custom_interfaces/share/custom_interfaces/cmake/export_custom_interfaces__rosidl_typesupport_fastrtps_cExport-noconfig.cmake
[4.756s] -- Up-to-date: /home/tomccd/Documents/Code/Python/DATN/install/custom_interfaces/share/custom_interfaces/cmake/custom_interfaces__rosidl_typesupport_introspection_cExport.cmake
[4.762s] -- Up-to-date: /home/tomccd/Documents/Code/Python/DATN/install/custom_interfaces/share/custom_interfaces/cmake/custom_interfaces__rosidl_typesupport_introspection_cExport-noconfig.cmake
[4.763s] -- Up-to-date: /home/tomccd/Documents/Code/Python/DATN/install/custom_interfaces/share/custom_interfaces/cmake/custom_interfaces__rosidl_typesupport_cExport.cmake
[4.764s] -- Up-to-date: /home/tomccd/Documents/Code/Python/DATN/install/custom_interfaces/share/custom_interfaces/cmake/custom_interfaces__rosidl_typesupport_cExport-noconfig.cmake
[4.765s] -- Up-to-date: /home/tomccd/Documents/Code/Python/DATN/install/custom_interfaces/share/custom_interfaces/cmake/export_custom_interfaces__rosidl_generator_cppExport.cmake
[4.766s] -- Up-to-date: /home/tomccd/Documents/Code/Python/DATN/install/custom_interfaces/share/custom_interfaces/cmake/export_custom_interfaces__rosidl_typesupport_fastrtps_cppExport.cmake
[4.771s] -- Up-to-date: /home/tomccd/Documents/Code/Python/DATN/install/custom_interfaces/share/custom_interfaces/cmake/export_custom_interfaces__rosidl_typesupport_fastrtps_cppExport-noconfig.cmake
[4.772s] -- Up-to-date: /home/tomccd/Documents/Code/Python/DATN/install/custom_interfaces/share/custom_interfaces/cmake/custom_interfaces__rosidl_typesupport_introspection_cppExport.cmake
[4.774s] -- Up-to-date: /home/tomccd/Documents/Code/Python/DATN/install/custom_interfaces/share/custom_interfaces/cmake/custom_interfaces__rosidl_typesupport_introspection_cppExport-noconfig.cmake
[4.775s] -- Up-to-date: /home/tomccd/Documents/Code/Python/DATN/install/custom_interfaces/share/custom_interfaces/cmake/custom_interfaces__rosidl_typesupport_cppExport.cmake
[4.776s] -- Up-to-date: /home/tomccd/Documents/Code/Python/DATN/install/custom_interfaces/share/custom_interfaces/cmake/custom_interfaces__rosidl_typesupport_cppExport-noconfig.cmake
[4.777s] -- Up-to-date: /home/tomccd/Documents/Code/Python/DATN/install/custom_interfaces/share/custom_interfaces/cmake/export_custom_interfaces__rosidl_generator_pyExport.cmake
[4.778s] -- Up-to-date: /home/tomccd/Documents/Code/Python/DATN/install/custom_interfaces/share/custom_interfaces/cmake/export_custom_interfaces__rosidl_generator_pyExport-noconfig.cmake
[4.780s] -- Up-to-date: /home/tomccd/Documents/Code/Python/DATN/install/custom_interfaces/share/custom_interfaces/cmake/rosidl_cmake-extras.cmake
[4.781s] -- Up-to-date: /home/tomccd/Documents/Code/Python/DATN/install/custom_interfaces/share/custom_interfaces/cmake/ament_cmake_export_dependencies-extras.cmake
[4.786s] -- Up-to-date: /home/tomccd/Documents/Code/Python/DATN/install/custom_interfaces/share/custom_interfaces/cmake/ament_cmake_export_include_directories-extras.cmake
[4.787s] -- Up-to-date: /home/tomccd/Documents/Code/Python/DATN/install/custom_interfaces/share/custom_interfaces/cmake/ament_cmake_export_libraries-extras.cmake
[4.787s] -- Up-to-date: /home/tomccd/Documents/Code/Python/DATN/install/custom_interfaces/share/custom_interfaces/cmake/ament_cmake_export_targets-extras.cmake
[4.788s] -- Up-to-date: /home/tomccd/Documents/Code/Python/DATN/install/custom_interfaces/share/custom_interfaces/cmake/rosidl_cmake_export_typesupport_targets-extras.cmake
[4.794s] -- Up-to-date: /home/tomccd/Documents/Code/Python/DATN/install/custom_interfaces/share/custom_interfaces/cmake/rosidl_cmake_export_typesupport_libraries-extras.cmake
[4.795s] -- Up-to-date: /home/tomccd/Documents/Code/Python/DATN/install/custom_interfaces/share/custom_interfaces/cmake/custom_interfacesConfig.cmake
[4.797s] -- Up-to-date: /home/tomccd/Documents/Code/Python/DATN/install/custom_interfaces/share/custom_interfaces/cmake/custom_interfacesConfig-version.cmake
[4.798s] -- Up-to-date: /home/tomccd/Documents/Code/Python/DATN/install/custom_interfaces/share/custom_interfaces/package.xml
[4.799s] Invoked command in '/home/tomccd/Documents/Code/Python/DATN/build/custom_interfaces' returned '0': CMAKE_PREFIX_PATH=${CMAKE_PREFIX_PATH}:/home/tomccd/Documents/Code/Python/DATN/install/module_weigh:/home/tomccd/Documents/Code/Python/DATN/install/module_supervisor:/home/tomccd/Documents/Code/Python/DATN/install/module_scanning_interface:/home/tomccd/Documents/Code/Python/DATN/install/module_input:/opt/ros/jazzy DEBUGINFOD_URLS=https://debuginfod.ubuntu.com /usr/bin/cmake --install /home/tomccd/Documents/Code/Python/DATN/build/custom_interfaces
