[0.112s] Invoking command in '/home/tomccd/Documents/Code/Python/DATN/build/custom_interfaces': CMAKE_PREFIX_PATH=${CMAKE_PREFIX_PATH}:/home/tomccd/Documents/Code/Python/DATN/install/module_weigh:/home/tomccd/Documents/Code/Python/DATN/install/module_supervisor:/home/tomccd/Documents/Code/Python/DATN/install/module_scanning_interface:/home/tomccd/Documents/Code/Python/DATN/install/module_input:/opt/ros/jazzy DEBUGINFOD_URLS=https://debuginfod.ubuntu.com /usr/bin/cmake --build /home/tomccd/Documents/Code/Python/DATN/build/custom_interfaces -- -j4 -l4
[0.880s] [  1%] Built target custom_interfaces__rosidl_generator_type_description
[1.104s] [  3%] Built target custom_interfaces__cpp
[1.108s] [  3%] Built target ament_cmake_python_copy_custom_interfaces
[1.247s] [ 25%] Built target custom_interfaces__rosidl_generator_c
[1.559s] [ 34%] Built target custom_interfaces__rosidl_typesupport_introspection_cpp
[1.616s] [ 43%] Built target custom_interfaces__rosidl_typesupport_cpp
[1.636s] [ 53%] Built target custom_interfaces__rosidl_typesupport_fastrtps_cpp
[1.933s] [ 62%] Built target custom_interfaces__rosidl_typesupport_fastrtps_c
[1.962s] [ 71%] Built target custom_interfaces__rosidl_typesupport_c
[1.969s] [ 81%] Built target custom_interfaces__rosidl_typesupport_introspection_c
[2.138s] [ 81%] Built target custom_interfaces
[2.341s] [ 82%] Built target custom_interfaces__py
[2.583s] [ 90%] Built target custom_interfaces__rosidl_generator_py
[2.829s] [ 93%] Built target custom_interfaces_s__rosidl_typesupport_introspection_c
[2.848s] [ 96%] Built target custom_interfaces_s__rosidl_typesupport_fastrtps_c
[2.876s] [100%] Built target custom_interfaces_s__rosidl_typesupport_c
[3.556s] running egg_info
[3.880s] writing custom_interfaces.egg-info/PKG-INFO
[3.885s] writing dependency_links to custom_interfaces.egg-info/dependency_links.txt
[3.886s] writing top-level names to custom_interfaces.egg-info/top_level.txt
[4.518s] reading manifest file 'custom_interfaces.egg-info/SOURCES.txt'
[4.528s] writing manifest file 'custom_interfaces.egg-info/SOURCES.txt'
[4.727s] [100%] Built target ament_cmake_python_build_custom_interfaces_egg
[4.845s] Invoked command in '/home/tomccd/Documents/Code/Python/DATN/build/custom_interfaces' returned '0': CMAKE_PREFIX_PATH=${CMAKE_PREFIX_PATH}:/home/tomccd/Documents/Code/Python/DATN/install/module_weigh:/home/tomccd/Documents/Code/Python/DATN/install/module_supervisor:/home/tomccd/Documents/Code/Python/DATN/install/module_scanning_interface:/home/tomccd/Documents/Code/Python/DATN/install/module_input:/opt/ros/jazzy DEBUGINFOD_URLS=https://debuginfod.ubuntu.com /usr/bin/cmake --build /home/tomccd/Documents/Code/Python/DATN/build/custom_interfaces -- -j4 -l4
[6.021s] Invoking command in '/home/tomccd/Documents/Code/Python/DATN/build/custom_interfaces': CMAKE_PREFIX_PATH=${CMAKE_PREFIX_PATH}:/home/tomccd/Documents/Code/Python/DATN/install/module_weigh:/home/tomccd/Documents/Code/Python/DATN/install/module_supervisor:/home/tomccd/Documents/Code/Python/DATN/install/module_scanning_interface:/home/tomccd/Documents/Code/Python/DATN/install/module_input:/opt/ros/jazzy DEBUGINFOD_URLS=https://debuginfod.ubuntu.com /usr/bin/cmake --install /home/tomccd/Documents/Code/Python/DATN/build/custom_interfaces
[6.086s] -- Install configuration: ""
[6.098s] -- Up-to-date: /home/tomccd/Documents/Code/Python/DATN/install/custom_interfaces/share/ament_index/resource_index/rosidl_interfaces/custom_interfaces
[6.099s] -- Up-to-date: /home/tomccd/Documents/Code/Python/DATN/install/custom_interfaces/share/custom_interfaces/msg/TerminateSys.json
[6.100s] -- Up-to-date: /home/tomccd/Documents/Code/Python/DATN/install/custom_interfaces/share/custom_interfaces/srv/InitSys.json
[6.104s] -- Up-to-date: /home/tomccd/Documents/Code/Python/DATN/install/custom_interfaces/share/custom_interfaces/msg/SetWeighIO.json
[6.105s] -- Up-to-date: /home/tomccd/Documents/Code/Python/DATN/install/custom_interfaces/share/custom_interfaces/msg/WeighValue.json
[6.114s] -- Up-to-date: /home/tomccd/Documents/Code/Python/DATN/install/custom_interfaces/include/custom_interfaces/custom_interfaces
[6.125s] -- Up-to-date: /home/tomccd/Documents/Code/Python/DATN/install/custom_interfaces/include/custom_interfaces/custom_interfaces/srv
[6.139s] -- Up-to-date: /home/tomccd/Documents/Code/Python/DATN/install/custom_interfaces/include/custom_interfaces/custom_interfaces/srv/initialize_system.h
[6.140s] -- Up-to-date: /home/tomccd/Documents/Code/Python/DATN/install/custom_interfaces/include/custom_interfaces/custom_interfaces/srv/init_sys.h
[6.141s] -- Up-to-date: /home/tomccd/Documents/Code/Python/DATN/install/custom_interfaces/include/custom_interfaces/custom_interfaces/srv/detail
[6.142s] -- Installing: /home/tomccd/Documents/Code/Python/DATN/install/custom_interfaces/include/custom_interfaces/custom_interfaces/srv/detail/initialize_system__type_support.c
[6.143s] -- Up-to-date: /home/tomccd/Documents/Code/Python/DATN/install/custom_interfaces/include/custom_interfaces/custom_interfaces/srv/detail/initialize_system__functions.c
[6.144s] -- Up-to-date: /home/tomccd/Documents/Code/Python/DATN/install/custom_interfaces/include/custom_interfaces/custom_interfaces/srv/detail/initialize_system__type_support.h
[6.145s] -- Up-to-date: /home/tomccd/Documents/Code/Python/DATN/install/custom_interfaces/include/custom_interfaces/custom_interfaces/srv/detail/init_sys__struct.h
[6.146s] -- Up-to-date: /home/tomccd/Documents/Code/Python/DATN/install/custom_interfaces/include/custom_interfaces/custom_interfaces/srv/detail/initialize_system__struct.h
[6.147s] -- Installing: /home/tomccd/Documents/Code/Python/DATN/install/custom_interfaces/include/custom_interfaces/custom_interfaces/srv/detail/init_sys__type_support.c
[6.148s] -- Up-to-date: /home/tomccd/Documents/Code/Python/DATN/install/custom_interfaces/include/custom_interfaces/custom_interfaces/srv/detail/init_sys__functions.h
[6.148s] -- Up-to-date: /home/tomccd/Documents/Code/Python/DATN/install/custom_interfaces/include/custom_interfaces/custom_interfaces/srv/detail/init_sys__functions.c
[6.149s] -- Up-to-date: /home/tomccd/Documents/Code/Python/DATN/install/custom_interfaces/include/custom_interfaces/custom_interfaces/srv/detail/init_sys__type_support.h
[6.150s] -- Up-to-date: /home/tomccd/Documents/Code/Python/DATN/install/custom_interfaces/include/custom_interfaces/custom_interfaces/srv/detail/init_sys__description.c
[6.152s] -- Up-to-date: /home/tomccd/Documents/Code/Python/DATN/install/custom_interfaces/include/custom_interfaces/custom_interfaces/srv/detail/initialize_system__functions.h
[6.152s] -- Up-to-date: /home/tomccd/Documents/Code/Python/DATN/install/custom_interfaces/include/custom_interfaces/custom_interfaces/srv/detail/initialize_system__description.c
[6.153s] -- Up-to-date: /home/tomccd/Documents/Code/Python/DATN/install/custom_interfaces/include/custom_interfaces/custom_interfaces/msg
[6.154s] -- Up-to-date: /home/tomccd/Documents/Code/Python/DATN/install/custom_interfaces/include/custom_interfaces/custom_interfaces/msg/set_weigh_io.h
[6.156s] -- Up-to-date: /home/tomccd/Documents/Code/Python/DATN/install/custom_interfaces/include/custom_interfaces/custom_interfaces/msg/terminate_sys.h
[6.164s] -- Up-to-date: /home/tomccd/Documents/Code/Python/DATN/install/custom_interfaces/include/custom_interfaces/custom_interfaces/msg/rosidl_generator_c__visibility_control.h
[6.165s] -- Up-to-date: /home/tomccd/Documents/Code/Python/DATN/install/custom_interfaces/include/custom_interfaces/custom_interfaces/msg/terminate.h
[6.166s] -- Up-to-date: /home/tomccd/Documents/Code/Python/DATN/install/custom_interfaces/include/custom_interfaces/custom_interfaces/msg/detail
[6.184s] -- Up-to-date: /home/tomccd/Documents/Code/Python/DATN/install/custom_interfaces/include/custom_interfaces/custom_interfaces/msg/detail/weigh_value__description.c
[6.185s] -- Up-to-date: /home/tomccd/Documents/Code/Python/DATN/install/custom_interfaces/include/custom_interfaces/custom_interfaces/msg/detail/terminate__functions.h
[6.185s] -- Up-to-date: /home/tomccd/Documents/Code/Python/DATN/install/custom_interfaces/include/custom_interfaces/custom_interfaces/msg/detail/terminate_sys__functions.c
[6.187s] -- Up-to-date: /home/tomccd/Documents/Code/Python/DATN/install/custom_interfaces/include/custom_interfaces/custom_interfaces/msg/detail/terminate_sys__functions.h
[6.187s] -- Up-to-date: /home/tomccd/Documents/Code/Python/DATN/install/custom_interfaces/include/custom_interfaces/custom_interfaces/msg/detail/set_weigh_io__description.c
[6.188s] -- Up-to-date: /home/tomccd/Documents/Code/Python/DATN/install/custom_interfaces/include/custom_interfaces/custom_interfaces/msg/detail/terminate__functions.c
[6.189s] -- Up-to-date: /home/tomccd/Documents/Code/Python/DATN/install/custom_interfaces/include/custom_interfaces/custom_interfaces/msg/detail/weigh_value__functions.h
[6.189s] -- Up-to-date: /home/tomccd/Documents/Code/Python/DATN/install/custom_interfaces/include/custom_interfaces/custom_interfaces/msg/detail/weigh_value__struct.h
[6.190s] -- Up-to-date: /home/tomccd/Documents/Code/Python/DATN/install/custom_interfaces/include/custom_interfaces/custom_interfaces/msg/detail/set_weigh_io__functions.h
[6.191s] -- Up-to-date: /home/tomccd/Documents/Code/Python/DATN/install/custom_interfaces/include/custom_interfaces/custom_interfaces/msg/detail/terminate_sys__type_support.h
[6.192s] -- Installing: /home/tomccd/Documents/Code/Python/DATN/install/custom_interfaces/include/custom_interfaces/custom_interfaces/msg/detail/terminate__type_support.c
[6.192s] -- Up-to-date: /home/tomccd/Documents/Code/Python/DATN/install/custom_interfaces/include/custom_interfaces/custom_interfaces/msg/detail/terminate__struct.h
[6.193s] -- Up-to-date: /home/tomccd/Documents/Code/Python/DATN/install/custom_interfaces/include/custom_interfaces/custom_interfaces/msg/detail/set_weigh_io__type_support.h
[6.194s] -- Up-to-date: /home/tomccd/Documents/Code/Python/DATN/install/custom_interfaces/include/custom_interfaces/custom_interfaces/msg/detail/terminate__description.c
[6.194s] -- Up-to-date: /home/tomccd/Documents/Code/Python/DATN/install/custom_interfaces/include/custom_interfaces/custom_interfaces/msg/detail/weigh_value__functions.c
[6.195s] -- Installing: /home/tomccd/Documents/Code/Python/DATN/install/custom_interfaces/include/custom_interfaces/custom_interfaces/msg/detail/terminate_sys__type_support.c
[6.196s] -- Up-to-date: /home/tomccd/Documents/Code/Python/DATN/install/custom_interfaces/include/custom_interfaces/custom_interfaces/msg/detail/terminate_sys__description.c
[6.197s] -- Installing: /home/tomccd/Documents/Code/Python/DATN/install/custom_interfaces/include/custom_interfaces/custom_interfaces/msg/detail/set_weigh_io__type_support.c
[6.197s] -- Up-to-date: /home/tomccd/Documents/Code/Python/DATN/install/custom_interfaces/include/custom_interfaces/custom_interfaces/msg/detail/terminate_sys__struct.h
[6.198s] -- Up-to-date: /home/tomccd/Documents/Code/Python/DATN/install/custom_interfaces/include/custom_interfaces/custom_interfaces/msg/detail/weigh_value__type_support.h
[6.223s] -- Up-to-date: /home/tomccd/Documents/Code/Python/DATN/install/custom_interfaces/include/custom_interfaces/custom_interfaces/msg/detail/set_weigh_io__functions.c
[6.226s] -- Up-to-date: /home/tomccd/Documents/Code/Python/DATN/install/custom_interfaces/include/custom_interfaces/custom_interfaces/msg/detail/set_weigh_io__struct.h
[6.227s] -- Up-to-date: /home/tomccd/Documents/Code/Python/DATN/install/custom_interfaces/include/custom_interfaces/custom_interfaces/msg/detail/terminate__type_support.h
[6.229s] -- Installing: /home/tomccd/Documents/Code/Python/DATN/install/custom_interfaces/include/custom_interfaces/custom_interfaces/msg/detail/weigh_value__type_support.c
[6.230s] -- Up-to-date: /home/tomccd/Documents/Code/Python/DATN/install/custom_interfaces/include/custom_interfaces/custom_interfaces/msg/weigh_value.h
[6.232s] -- Up-to-date: /home/tomccd/Documents/Code/Python/DATN/install/custom_interfaces/share/custom_interfaces/environment/library_path.sh
[6.235s] -- Up-to-date: /home/tomccd/Documents/Code/Python/DATN/install/custom_interfaces/share/custom_interfaces/environment/library_path.dsv
[6.241s] -- Up-to-date: /home/tomccd/Documents/Code/Python/DATN/install/custom_interfaces/lib/libcustom_interfaces__rosidl_generator_c.so
[6.246s] -- Up-to-date: /home/tomccd/Documents/Code/Python/DATN/install/custom_interfaces/include/custom_interfaces/custom_interfaces
[6.247s] -- Up-to-date: /home/tomccd/Documents/Code/Python/DATN/install/custom_interfaces/include/custom_interfaces/custom_interfaces/srv
[6.248s] -- Up-to-date: /home/tomccd/Documents/Code/Python/DATN/install/custom_interfaces/include/custom_interfaces/custom_interfaces/srv/detail
[6.249s] -- Up-to-date: /home/tomccd/Documents/Code/Python/DATN/install/custom_interfaces/include/custom_interfaces/custom_interfaces/srv/detail/init_sys__rosidl_typesupport_fastrtps_c.h
[6.250s] -- Up-to-date: /home/tomccd/Documents/Code/Python/DATN/install/custom_interfaces/include/custom_interfaces/custom_interfaces/srv/detail/initialize_system__rosidl_typesupport_fastrtps_c.h
[6.251s] -- Up-to-date: /home/tomccd/Documents/Code/Python/DATN/install/custom_interfaces/include/custom_interfaces/custom_interfaces/msg
[6.252s] -- Up-to-date: /home/tomccd/Documents/Code/Python/DATN/install/custom_interfaces/include/custom_interfaces/custom_interfaces/msg/rosidl_typesupport_fastrtps_c__visibility_control.h
[6.252s] -- Up-to-date: /home/tomccd/Documents/Code/Python/DATN/install/custom_interfaces/include/custom_interfaces/custom_interfaces/msg/detail
[6.253s] -- Up-to-date: /home/tomccd/Documents/Code/Python/DATN/install/custom_interfaces/include/custom_interfaces/custom_interfaces/msg/detail/weigh_value__rosidl_typesupport_fastrtps_c.h
[6.256s] -- Up-to-date: /home/tomccd/Documents/Code/Python/DATN/install/custom_interfaces/include/custom_interfaces/custom_interfaces/msg/detail/set_weigh_io__rosidl_typesupport_fastrtps_c.h
[6.257s] -- Up-to-date: /home/tomccd/Documents/Code/Python/DATN/install/custom_interfaces/include/custom_interfaces/custom_interfaces/msg/detail/terminate_sys__rosidl_typesupport_fastrtps_c.h
[6.257s] -- Up-to-date: /home/tomccd/Documents/Code/Python/DATN/install/custom_interfaces/include/custom_interfaces/custom_interfaces/msg/detail/terminate__rosidl_typesupport_fastrtps_c.h
[6.263s] -- Up-to-date: /home/tomccd/Documents/Code/Python/DATN/install/custom_interfaces/lib/libcustom_interfaces__rosidl_typesupport_fastrtps_c.so
[6.264s] -- Up-to-date: /home/tomccd/Documents/Code/Python/DATN/install/custom_interfaces/include/custom_interfaces/custom_interfaces
[6.265s] -- Up-to-date: /home/tomccd/Documents/Code/Python/DATN/install/custom_interfaces/include/custom_interfaces/custom_interfaces/srv
[6.271s] -- Up-to-date: /home/tomccd/Documents/Code/Python/DATN/install/custom_interfaces/include/custom_interfaces/custom_interfaces/srv/detail
[6.273s] -- Up-to-date: /home/tomccd/Documents/Code/Python/DATN/install/custom_interfaces/include/custom_interfaces/custom_interfaces/srv/detail/initialize_system__rosidl_typesupport_introspection_c.h
[6.273s] -- Installing: /home/tomccd/Documents/Code/Python/DATN/install/custom_interfaces/include/custom_interfaces/custom_interfaces/srv/detail/initialize_system__type_support.c
[6.274s] -- Installing: /home/tomccd/Documents/Code/Python/DATN/install/custom_interfaces/include/custom_interfaces/custom_interfaces/srv/detail/init_sys__type_support.c
[6.275s] -- Up-to-date: /home/tomccd/Documents/Code/Python/DATN/install/custom_interfaces/include/custom_interfaces/custom_interfaces/srv/detail/init_sys__rosidl_typesupport_introspection_c.h
[6.276s] -- Up-to-date: /home/tomccd/Documents/Code/Python/DATN/install/custom_interfaces/include/custom_interfaces/custom_interfaces/msg
[6.277s] -- Up-to-date: /home/tomccd/Documents/Code/Python/DATN/install/custom_interfaces/include/custom_interfaces/custom_interfaces/msg/rosidl_typesupport_introspection_c__visibility_control.h
[6.277s] -- Up-to-date: /home/tomccd/Documents/Code/Python/DATN/install/custom_interfaces/include/custom_interfaces/custom_interfaces/msg/detail
[6.278s] -- Up-to-date: /home/tomccd/Documents/Code/Python/DATN/install/custom_interfaces/include/custom_interfaces/custom_interfaces/msg/detail/set_weigh_io__rosidl_typesupport_introspection_c.h
[6.279s] -- Up-to-date: /home/tomccd/Documents/Code/Python/DATN/install/custom_interfaces/include/custom_interfaces/custom_interfaces/msg/detail/terminate__rosidl_typesupport_introspection_c.h
[6.280s] -- Installing: /home/tomccd/Documents/Code/Python/DATN/install/custom_interfaces/include/custom_interfaces/custom_interfaces/msg/detail/terminate__type_support.c
[6.281s] -- Up-to-date: /home/tomccd/Documents/Code/Python/DATN/install/custom_interfaces/include/custom_interfaces/custom_interfaces/msg/detail/weigh_value__rosidl_typesupport_introspection_c.h
[6.282s] -- Installing: /home/tomccd/Documents/Code/Python/DATN/install/custom_interfaces/include/custom_interfaces/custom_interfaces/msg/detail/terminate_sys__type_support.c
[6.282s] -- Installing: /home/tomccd/Documents/Code/Python/DATN/install/custom_interfaces/include/custom_interfaces/custom_interfaces/msg/detail/set_weigh_io__type_support.c
[6.283s] -- Up-to-date: /home/tomccd/Documents/Code/Python/DATN/install/custom_interfaces/include/custom_interfaces/custom_interfaces/msg/detail/terminate_sys__rosidl_typesupport_introspection_c.h
[6.289s] -- Installing: /home/tomccd/Documents/Code/Python/DATN/install/custom_interfaces/include/custom_interfaces/custom_interfaces/msg/detail/weigh_value__type_support.c
[6.290s] -- Up-to-date: /home/tomccd/Documents/Code/Python/DATN/install/custom_interfaces/lib/libcustom_interfaces__rosidl_typesupport_introspection_c.so
[6.296s] -- Up-to-date: /home/tomccd/Documents/Code/Python/DATN/install/custom_interfaces/lib/libcustom_interfaces__rosidl_typesupport_c.so
[6.298s] -- Up-to-date: /home/tomccd/Documents/Code/Python/DATN/install/custom_interfaces/include/custom_interfaces/custom_interfaces
[6.299s] -- Up-to-date: /home/tomccd/Documents/Code/Python/DATN/install/custom_interfaces/include/custom_interfaces/custom_interfaces/srv
[6.300s] -- Up-to-date: /home/tomccd/Documents/Code/Python/DATN/install/custom_interfaces/include/custom_interfaces/custom_interfaces/srv/initialize_system.hpp
[6.300s] -- Up-to-date: /home/tomccd/Documents/Code/Python/DATN/install/custom_interfaces/include/custom_interfaces/custom_interfaces/srv/detail
[6.302s] -- Up-to-date: /home/tomccd/Documents/Code/Python/DATN/install/custom_interfaces/include/custom_interfaces/custom_interfaces/srv/detail/initialize_system__struct.hpp
[6.305s] -- Up-to-date: /home/tomccd/Documents/Code/Python/DATN/install/custom_interfaces/include/custom_interfaces/custom_interfaces/srv/detail/initialize_system__builder.hpp
[6.307s] -- Up-to-date: /home/tomccd/Documents/Code/Python/DATN/install/custom_interfaces/include/custom_interfaces/custom_interfaces/srv/detail/initialize_system__type_support.hpp
[6.312s] -- Up-to-date: /home/tomccd/Documents/Code/Python/DATN/install/custom_interfaces/include/custom_interfaces/custom_interfaces/srv/detail/init_sys__type_support.hpp
[6.314s] -- Up-to-date: /home/tomccd/Documents/Code/Python/DATN/install/custom_interfaces/include/custom_interfaces/custom_interfaces/srv/detail/init_sys__traits.hpp
[6.320s] -- Up-to-date: /home/tomccd/Documents/Code/Python/DATN/install/custom_interfaces/include/custom_interfaces/custom_interfaces/srv/detail/init_sys__struct.hpp
[6.321s] -- Up-to-date: /home/tomccd/Documents/Code/Python/DATN/install/custom_interfaces/include/custom_interfaces/custom_interfaces/srv/detail/init_sys__builder.hpp
[6.323s] -- Up-to-date: /home/tomccd/Documents/Code/Python/DATN/install/custom_interfaces/include/custom_interfaces/custom_interfaces/srv/detail/initialize_system__traits.hpp
[6.325s] -- Up-to-date: /home/tomccd/Documents/Code/Python/DATN/install/custom_interfaces/include/custom_interfaces/custom_interfaces/srv/init_sys.hpp
[6.326s] -- Up-to-date: /home/tomccd/Documents/Code/Python/DATN/install/custom_interfaces/include/custom_interfaces/custom_interfaces/msg
[6.327s] -- Up-to-date: /home/tomccd/Documents/Code/Python/DATN/install/custom_interfaces/include/custom_interfaces/custom_interfaces/msg/weigh_value.hpp
[6.328s] -- Up-to-date: /home/tomccd/Documents/Code/Python/DATN/install/custom_interfaces/include/custom_interfaces/custom_interfaces/msg/rosidl_generator_cpp__visibility_control.hpp
[6.336s] -- Up-to-date: /home/tomccd/Documents/Code/Python/DATN/install/custom_interfaces/include/custom_interfaces/custom_interfaces/msg/terminate_sys.hpp
[6.337s] -- Up-to-date: /home/tomccd/Documents/Code/Python/DATN/install/custom_interfaces/include/custom_interfaces/custom_interfaces/msg/set_weigh_io.hpp
[6.343s] -- Up-to-date: /home/tomccd/Documents/Code/Python/DATN/install/custom_interfaces/include/custom_interfaces/custom_interfaces/msg/detail
[6.344s] -- Up-to-date: /home/tomccd/Documents/Code/Python/DATN/install/custom_interfaces/include/custom_interfaces/custom_interfaces/msg/detail/weigh_value__traits.hpp
[6.345s] -- Up-to-date: /home/tomccd/Documents/Code/Python/DATN/install/custom_interfaces/include/custom_interfaces/custom_interfaces/msg/detail/set_weigh_io__builder.hpp
[6.346s] -- Up-to-date: /home/tomccd/Documents/Code/Python/DATN/install/custom_interfaces/include/custom_interfaces/custom_interfaces/msg/detail/terminate__builder.hpp
[6.347s] -- Up-to-date: /home/tomccd/Documents/Code/Python/DATN/install/custom_interfaces/include/custom_interfaces/custom_interfaces/msg/detail/terminate__traits.hpp
[6.347s] -- Up-to-date: /home/tomccd/Documents/Code/Python/DATN/install/custom_interfaces/include/custom_interfaces/custom_interfaces/msg/detail/weigh_value__type_support.hpp
[6.348s] -- Up-to-date: /home/tomccd/Documents/Code/Python/DATN/install/custom_interfaces/include/custom_interfaces/custom_interfaces/msg/detail/terminate_sys__traits.hpp
[6.349s] -- Up-to-date: /home/tomccd/Documents/Code/Python/DATN/install/custom_interfaces/include/custom_interfaces/custom_interfaces/msg/detail/weigh_value__builder.hpp
[6.349s] -- Up-to-date: /home/tomccd/Documents/Code/Python/DATN/install/custom_interfaces/include/custom_interfaces/custom_interfaces/msg/detail/terminate__struct.hpp
[6.350s] -- Up-to-date: /home/tomccd/Documents/Code/Python/DATN/install/custom_interfaces/include/custom_interfaces/custom_interfaces/msg/detail/set_weigh_io__traits.hpp
[6.351s] -- Up-to-date: /home/tomccd/Documents/Code/Python/DATN/install/custom_interfaces/include/custom_interfaces/custom_interfaces/msg/detail/weigh_value__struct.hpp
[6.353s] -- Up-to-date: /home/tomccd/Documents/Code/Python/DATN/install/custom_interfaces/include/custom_interfaces/custom_interfaces/msg/detail/terminate_sys__type_support.hpp
[6.354s] -- Up-to-date: /home/tomccd/Documents/Code/Python/DATN/install/custom_interfaces/include/custom_interfaces/custom_interfaces/msg/detail/set_weigh_io__struct.hpp
[6.354s] -- Up-to-date: /home/tomccd/Documents/Code/Python/DATN/install/custom_interfaces/include/custom_interfaces/custom_interfaces/msg/detail/set_weigh_io__type_support.hpp
[6.355s] -- Up-to-date: /home/tomccd/Documents/Code/Python/DATN/install/custom_interfaces/include/custom_interfaces/custom_interfaces/msg/detail/terminate__type_support.hpp
[6.361s] -- Up-to-date: /home/tomccd/Documents/Code/Python/DATN/install/custom_interfaces/include/custom_interfaces/custom_interfaces/msg/detail/terminate_sys__struct.hpp
[6.367s] -- Up-to-date: /home/tomccd/Documents/Code/Python/DATN/install/custom_interfaces/include/custom_interfaces/custom_interfaces/msg/detail/terminate_sys__builder.hpp
[6.368s] -- Up-to-date: /home/tomccd/Documents/Code/Python/DATN/install/custom_interfaces/include/custom_interfaces/custom_interfaces/msg/terminate.hpp
[6.369s] -- Up-to-date: /home/tomccd/Documents/Code/Python/DATN/install/custom_interfaces/include/custom_interfaces/custom_interfaces
[6.375s] -- Up-to-date: /home/tomccd/Documents/Code/Python/DATN/install/custom_interfaces/include/custom_interfaces/custom_interfaces/srv
[6.379s] -- Up-to-date: /home/tomccd/Documents/Code/Python/DATN/install/custom_interfaces/include/custom_interfaces/custom_interfaces/srv/detail
[6.380s] -- Up-to-date: /home/tomccd/Documents/Code/Python/DATN/install/custom_interfaces/include/custom_interfaces/custom_interfaces/srv/detail/init_sys__rosidl_typesupport_fastrtps_cpp.hpp
[6.382s] -- Up-to-date: /home/tomccd/Documents/Code/Python/DATN/install/custom_interfaces/include/custom_interfaces/custom_interfaces/srv/detail/initialize_system__rosidl_typesupport_fastrtps_cpp.hpp
[6.383s] -- Up-to-date: /home/tomccd/Documents/Code/Python/DATN/install/custom_interfaces/include/custom_interfaces/custom_interfaces/srv/detail/dds_fastrtps
[6.384s] -- Up-to-date: /home/tomccd/Documents/Code/Python/DATN/install/custom_interfaces/include/custom_interfaces/custom_interfaces/msg
[6.385s] -- Up-to-date: /home/tomccd/Documents/Code/Python/DATN/install/custom_interfaces/include/custom_interfaces/custom_interfaces/msg/detail
[6.392s] -- Up-to-date: /home/tomccd/Documents/Code/Python/DATN/install/custom_interfaces/include/custom_interfaces/custom_interfaces/msg/detail/weigh_value__rosidl_typesupport_fastrtps_cpp.hpp
[6.393s] -- Up-to-date: /home/tomccd/Documents/Code/Python/DATN/install/custom_interfaces/include/custom_interfaces/custom_interfaces/msg/detail/terminate__rosidl_typesupport_fastrtps_cpp.hpp
[6.396s] -- Up-to-date: /home/tomccd/Documents/Code/Python/DATN/install/custom_interfaces/include/custom_interfaces/custom_interfaces/msg/detail/dds_fastrtps
[6.397s] -- Up-to-date: /home/tomccd/Documents/Code/Python/DATN/install/custom_interfaces/include/custom_interfaces/custom_interfaces/msg/detail/terminate_sys__rosidl_typesupport_fastrtps_cpp.hpp
[6.398s] -- Up-to-date: /home/tomccd/Documents/Code/Python/DATN/install/custom_interfaces/include/custom_interfaces/custom_interfaces/msg/detail/set_weigh_io__rosidl_typesupport_fastrtps_cpp.hpp
[6.399s] -- Up-to-date: /home/tomccd/Documents/Code/Python/DATN/install/custom_interfaces/include/custom_interfaces/custom_interfaces/msg/rosidl_typesupport_fastrtps_cpp__visibility_control.h
[6.401s] -- Up-to-date: /home/tomccd/Documents/Code/Python/DATN/install/custom_interfaces/lib/libcustom_interfaces__rosidl_typesupport_fastrtps_cpp.so
[6.402s] -- Up-to-date: /home/tomccd/Documents/Code/Python/DATN/install/custom_interfaces/include/custom_interfaces/custom_interfaces
[6.404s] -- Up-to-date: /home/tomccd/Documents/Code/Python/DATN/install/custom_interfaces/include/custom_interfaces/custom_interfaces/srv
[6.405s] -- Up-to-date: /home/tomccd/Documents/Code/Python/DATN/install/custom_interfaces/include/custom_interfaces/custom_interfaces/srv/detail
[6.406s] -- Up-to-date: /home/tomccd/Documents/Code/Python/DATN/install/custom_interfaces/include/custom_interfaces/custom_interfaces/srv/detail/initialize_system__type_support.cpp
[6.408s] -- Up-to-date: /home/tomccd/Documents/Code/Python/DATN/install/custom_interfaces/include/custom_interfaces/custom_interfaces/srv/detail/init_sys__type_support.cpp
[6.409s] -- Up-to-date: /home/tomccd/Documents/Code/Python/DATN/install/custom_interfaces/include/custom_interfaces/custom_interfaces/srv/detail/init_sys__rosidl_typesupport_introspection_cpp.hpp
[6.411s] -- Up-to-date: /home/tomccd/Documents/Code/Python/DATN/install/custom_interfaces/include/custom_interfaces/custom_interfaces/srv/detail/initialize_system__rosidl_typesupport_introspection_cpp.hpp
[6.419s] -- Up-to-date: /home/tomccd/Documents/Code/Python/DATN/install/custom_interfaces/include/custom_interfaces/custom_interfaces/msg
[6.421s] -- Up-to-date: /home/tomccd/Documents/Code/Python/DATN/install/custom_interfaces/include/custom_interfaces/custom_interfaces/msg/detail
[6.425s] -- Up-to-date: /home/tomccd/Documents/Code/Python/DATN/install/custom_interfaces/include/custom_interfaces/custom_interfaces/msg/detail/terminate__rosidl_typesupport_introspection_cpp.hpp
[6.431s] -- Up-to-date: /home/tomccd/Documents/Code/Python/DATN/install/custom_interfaces/include/custom_interfaces/custom_interfaces/msg/detail/set_weigh_io__rosidl_typesupport_introspection_cpp.hpp
[6.434s] -- Up-to-date: /home/tomccd/Documents/Code/Python/DATN/install/custom_interfaces/include/custom_interfaces/custom_interfaces/msg/detail/terminate__type_support.cpp
[6.435s] -- Up-to-date: /home/tomccd/Documents/Code/Python/DATN/install/custom_interfaces/include/custom_interfaces/custom_interfaces/msg/detail/set_weigh_io__type_support.cpp
[6.449s] -- Up-to-date: /home/tomccd/Documents/Code/Python/DATN/install/custom_interfaces/include/custom_interfaces/custom_interfaces/msg/detail/terminate_sys__rosidl_typesupport_introspection_cpp.hpp
[6.450s] -- Up-to-date: /home/tomccd/Documents/Code/Python/DATN/install/custom_interfaces/include/custom_interfaces/custom_interfaces/msg/detail/terminate_sys__type_support.cpp
[6.457s] -- Up-to-date: /home/tomccd/Documents/Code/Python/DATN/install/custom_interfaces/include/custom_interfaces/custom_interfaces/msg/detail/weigh_value__rosidl_typesupport_introspection_cpp.hpp
[6.459s] -- Up-to-date: /home/tomccd/Documents/Code/Python/DATN/install/custom_interfaces/include/custom_interfaces/custom_interfaces/msg/detail/weigh_value__type_support.cpp
[6.460s] -- Up-to-date: /home/tomccd/Documents/Code/Python/DATN/install/custom_interfaces/lib/libcustom_interfaces__rosidl_typesupport_introspection_cpp.so
[6.461s] -- Up-to-date: /home/tomccd/Documents/Code/Python/DATN/install/custom_interfaces/lib/libcustom_interfaces__rosidl_typesupport_cpp.so
[6.462s] -- Up-to-date: /home/tomccd/Documents/Code/Python/DATN/install/custom_interfaces/share/custom_interfaces/environment/pythonpath.sh
[6.464s] -- Up-to-date: /home/tomccd/Documents/Code/Python/DATN/install/custom_interfaces/share/custom_interfaces/environment/pythonpath.dsv
[6.465s] -- Up-to-date: /home/tomccd/Documents/Code/Python/DATN/install/custom_interfaces/lib/python3.12/site-packages/custom_interfaces-0.0.0-py3.12.egg-info
[6.467s] -- Installing: /home/tomccd/Documents/Code/Python/DATN/install/custom_interfaces/lib/python3.12/site-packages/custom_interfaces-0.0.0-py3.12.egg-info/SOURCES.txt
[6.469s] -- Installing: /home/tomccd/Documents/Code/Python/DATN/install/custom_interfaces/lib/python3.12/site-packages/custom_interfaces-0.0.0-py3.12.egg-info/dependency_links.txt
[6.470s] -- Installing: /home/tomccd/Documents/Code/Python/DATN/install/custom_interfaces/lib/python3.12/site-packages/custom_interfaces-0.0.0-py3.12.egg-info/PKG-INFO
[6.487s] -- Installing: /home/tomccd/Documents/Code/Python/DATN/install/custom_interfaces/lib/python3.12/site-packages/custom_interfaces-0.0.0-py3.12.egg-info/top_level.txt
[6.491s] -- Up-to-date: /home/tomccd/Documents/Code/Python/DATN/install/custom_interfaces/lib/python3.12/site-packages/custom_interfaces
[6.496s] -- Up-to-date: /home/tomccd/Documents/Code/Python/DATN/install/custom_interfaces/lib/python3.12/site-packages/custom_interfaces/custom_interfaces_s__rosidl_typesupport_introspection_c.so
[6.498s] -- Up-to-date: /home/tomccd/Documents/Code/Python/DATN/install/custom_interfaces/lib/python3.12/site-packages/custom_interfaces/custom_interfaces_s__rosidl_typesupport_c.so
[6.514s] -- Up-to-date: /home/tomccd/Documents/Code/Python/DATN/install/custom_interfaces/lib/python3.12/site-packages/custom_interfaces/__init__.py
[6.515s] -- Up-to-date: /home/tomccd/Documents/Code/Python/DATN/install/custom_interfaces/lib/python3.12/site-packages/custom_interfaces/_custom_interfaces_s.ep.rosidl_typesupport_introspection_c.c
[6.521s] -- Up-to-date: /home/tomccd/Documents/Code/Python/DATN/install/custom_interfaces/lib/python3.12/site-packages/custom_interfaces/_custom_interfaces_s.ep.rosidl_typesupport_c.c
[6.523s] -- Up-to-date: /home/tomccd/Documents/Code/Python/DATN/install/custom_interfaces/lib/python3.12/site-packages/custom_interfaces/srv
[6.524s] -- Up-to-date: /home/tomccd/Documents/Code/Python/DATN/install/custom_interfaces/lib/python3.12/site-packages/custom_interfaces/srv/__init__.py
[6.525s] -- Up-to-date: /home/tomccd/Documents/Code/Python/DATN/install/custom_interfaces/lib/python3.12/site-packages/custom_interfaces/srv/_initialize_system_s.c
[6.526s] -- Up-to-date: /home/tomccd/Documents/Code/Python/DATN/install/custom_interfaces/lib/python3.12/site-packages/custom_interfaces/srv/_initialize_system.py
[6.527s] -- Up-to-date: /home/tomccd/Documents/Code/Python/DATN/install/custom_interfaces/lib/python3.12/site-packages/custom_interfaces/srv/_init_sys_s.c
[6.528s] -- Up-to-date: /home/tomccd/Documents/Code/Python/DATN/install/custom_interfaces/lib/python3.12/site-packages/custom_interfaces/srv/_init_sys.py
[6.529s] -- Up-to-date: /home/tomccd/Documents/Code/Python/DATN/install/custom_interfaces/lib/python3.12/site-packages/custom_interfaces/msg
[6.530s] -- Up-to-date: /home/tomccd/Documents/Code/Python/DATN/install/custom_interfaces/lib/python3.12/site-packages/custom_interfaces/msg/_terminate.py
[6.537s] -- Up-to-date: /home/tomccd/Documents/Code/Python/DATN/install/custom_interfaces/lib/python3.12/site-packages/custom_interfaces/msg/_weigh_value.py
[6.543s] -- Up-to-date: /home/tomccd/Documents/Code/Python/DATN/install/custom_interfaces/lib/python3.12/site-packages/custom_interfaces/msg/__init__.py
[6.544s] -- Up-to-date: /home/tomccd/Documents/Code/Python/DATN/install/custom_interfaces/lib/python3.12/site-packages/custom_interfaces/msg/_terminate_s.c
[6.545s] -- Up-to-date: /home/tomccd/Documents/Code/Python/DATN/install/custom_interfaces/lib/python3.12/site-packages/custom_interfaces/msg/_terminate_sys.py
[6.546s] -- Up-to-date: /home/tomccd/Documents/Code/Python/DATN/install/custom_interfaces/lib/python3.12/site-packages/custom_interfaces/msg/_terminate_sys_s.c
[6.546s] -- Up-to-date: /home/tomccd/Documents/Code/Python/DATN/install/custom_interfaces/lib/python3.12/site-packages/custom_interfaces/msg/_weigh_value_s.c
[6.547s] -- Up-to-date: /home/tomccd/Documents/Code/Python/DATN/install/custom_interfaces/lib/python3.12/site-packages/custom_interfaces/msg/_set_weigh_io_s.c
[6.548s] -- Up-to-date: /home/tomccd/Documents/Code/Python/DATN/install/custom_interfaces/lib/python3.12/site-packages/custom_interfaces/msg/_set_weigh_io.py
[6.549s] -- Up-to-date: /home/tomccd/Documents/Code/Python/DATN/install/custom_interfaces/lib/python3.12/site-packages/custom_interfaces/custom_interfaces_s__rosidl_typesupport_fastrtps_c.so
[6.550s] -- Up-to-date: /home/tomccd/Documents/Code/Python/DATN/install/custom_interfaces/lib/python3.12/site-packages/custom_interfaces/_custom_interfaces_s.ep.rosidl_typesupport_fastrtps_c.c
[6.805s] Listing '/home/tomccd/Documents/Code/Python/DATN/install/custom_interfaces/lib/python3.12/site-packages/custom_interfaces'...
[6.811s] Listing '/home/tomccd/Documents/Code/Python/DATN/install/custom_interfaces/lib/python3.12/site-packages/custom_interfaces/msg'...
[6.815s] Listing '/home/tomccd/Documents/Code/Python/DATN/install/custom_interfaces/lib/python3.12/site-packages/custom_interfaces/srv'...
[6.858s] -- Up-to-date: /home/tomccd/Documents/Code/Python/DATN/install/custom_interfaces/lib/python3.12/site-packages/custom_interfaces/custom_interfaces_s__rosidl_typesupport_fastrtps_c.so
[6.868s] -- Up-to-date: /home/tomccd/Documents/Code/Python/DATN/install/custom_interfaces/lib/python3.12/site-packages/custom_interfaces/custom_interfaces_s__rosidl_typesupport_introspection_c.so
[6.873s] -- Up-to-date: /home/tomccd/Documents/Code/Python/DATN/install/custom_interfaces/lib/python3.12/site-packages/custom_interfaces/custom_interfaces_s__rosidl_typesupport_c.so
[6.878s] -- Up-to-date: /home/tomccd/Documents/Code/Python/DATN/install/custom_interfaces/lib/libcustom_interfaces__rosidl_generator_py.so
[6.883s] -- Up-to-date: /home/tomccd/Documents/Code/Python/DATN/install/custom_interfaces/share/custom_interfaces/msg/TerminateSys.idl
[6.884s] -- Up-to-date: /home/tomccd/Documents/Code/Python/DATN/install/custom_interfaces/share/custom_interfaces/srv/InitSys.idl
[6.887s] -- Up-to-date: /home/tomccd/Documents/Code/Python/DATN/install/custom_interfaces/share/custom_interfaces/msg/SetWeighIO.idl
[6.888s] -- Up-to-date: /home/tomccd/Documents/Code/Python/DATN/install/custom_interfaces/share/custom_interfaces/msg/WeighValue.idl
[6.891s] -- Up-to-date: /home/tomccd/Documents/Code/Python/DATN/install/custom_interfaces/share/custom_interfaces/msg/TerminateSys.msg
[6.894s] -- Up-to-date: /home/tomccd/Documents/Code/Python/DATN/install/custom_interfaces/share/custom_interfaces/srv/InitSys.srv
[6.897s] -- Up-to-date: /home/tomccd/Documents/Code/Python/DATN/install/custom_interfaces/share/custom_interfaces/msg/SetWeighIO.msg
[6.899s] -- Up-to-date: /home/tomccd/Documents/Code/Python/DATN/install/custom_interfaces/share/custom_interfaces/msg/WeighValue.msg
[6.900s] -- Up-to-date: /home/tomccd/Documents/Code/Python/DATN/install/custom_interfaces/share/ament_index/resource_index/package_run_dependencies/custom_interfaces
[6.901s] -- Up-to-date: /home/tomccd/Documents/Code/Python/DATN/install/custom_interfaces/share/ament_index/resource_index/parent_prefix_path/custom_interfaces
[6.903s] -- Up-to-date: /home/tomccd/Documents/Code/Python/DATN/install/custom_interfaces/share/custom_interfaces/environment/ament_prefix_path.sh
[6.905s] -- Up-to-date: /home/tomccd/Documents/Code/Python/DATN/install/custom_interfaces/share/custom_interfaces/environment/ament_prefix_path.dsv
[6.906s] -- Up-to-date: /home/tomccd/Documents/Code/Python/DATN/install/custom_interfaces/share/custom_interfaces/environment/path.sh
[6.907s] -- Up-to-date: /home/tomccd/Documents/Code/Python/DATN/install/custom_interfaces/share/custom_interfaces/environment/path.dsv
[6.908s] -- Up-to-date: /home/tomccd/Documents/Code/Python/DATN/install/custom_interfaces/share/custom_interfaces/local_setup.bash
[6.909s] -- Up-to-date: /home/tomccd/Documents/Code/Python/DATN/install/custom_interfaces/share/custom_interfaces/local_setup.sh
[6.910s] -- Up-to-date: /home/tomccd/Documents/Code/Python/DATN/install/custom_interfaces/share/custom_interfaces/local_setup.zsh
[6.911s] -- Up-to-date: /home/tomccd/Documents/Code/Python/DATN/install/custom_interfaces/share/custom_interfaces/local_setup.dsv
[6.912s] -- Installing: /home/tomccd/Documents/Code/Python/DATN/install/custom_interfaces/share/custom_interfaces/package.dsv
[6.918s] -- Up-to-date: /home/tomccd/Documents/Code/Python/DATN/install/custom_interfaces/share/ament_index/resource_index/packages/custom_interfaces
[6.924s] -- Up-to-date: /home/tomccd/Documents/Code/Python/DATN/install/custom_interfaces/share/custom_interfaces/cmake/export_custom_interfaces__rosidl_generator_cExport.cmake
[6.926s] -- Up-to-date: /home/tomccd/Documents/Code/Python/DATN/install/custom_interfaces/share/custom_interfaces/cmake/export_custom_interfaces__rosidl_generator_cExport-noconfig.cmake
[6.929s] -- Up-to-date: /home/tomccd/Documents/Code/Python/DATN/install/custom_interfaces/share/custom_interfaces/cmake/export_custom_interfaces__rosidl_typesupport_fastrtps_cExport.cmake
[6.933s] -- Up-to-date: /home/tomccd/Documents/Code/Python/DATN/install/custom_interfaces/share/custom_interfaces/cmake/export_custom_interfaces__rosidl_typesupport_fastrtps_cExport-noconfig.cmake
[6.936s] -- Up-to-date: /home/tomccd/Documents/Code/Python/DATN/install/custom_interfaces/share/custom_interfaces/cmake/custom_interfaces__rosidl_typesupport_introspection_cExport.cmake
[6.939s] -- Up-to-date: /home/tomccd/Documents/Code/Python/DATN/install/custom_interfaces/share/custom_interfaces/cmake/custom_interfaces__rosidl_typesupport_introspection_cExport-noconfig.cmake
[6.951s] -- Up-to-date: /home/tomccd/Documents/Code/Python/DATN/install/custom_interfaces/share/custom_interfaces/cmake/custom_interfaces__rosidl_typesupport_cExport.cmake
[6.952s] -- Up-to-date: /home/tomccd/Documents/Code/Python/DATN/install/custom_interfaces/share/custom_interfaces/cmake/custom_interfaces__rosidl_typesupport_cExport-noconfig.cmake
[6.963s] -- Up-to-date: /home/tomccd/Documents/Code/Python/DATN/install/custom_interfaces/share/custom_interfaces/cmake/export_custom_interfaces__rosidl_generator_cppExport.cmake
[6.980s] -- Up-to-date: /home/tomccd/Documents/Code/Python/DATN/install/custom_interfaces/share/custom_interfaces/cmake/export_custom_interfaces__rosidl_typesupport_fastrtps_cppExport.cmake
[6.983s] -- Up-to-date: /home/tomccd/Documents/Code/Python/DATN/install/custom_interfaces/share/custom_interfaces/cmake/export_custom_interfaces__rosidl_typesupport_fastrtps_cppExport-noconfig.cmake
[6.992s] -- Up-to-date: /home/tomccd/Documents/Code/Python/DATN/install/custom_interfaces/share/custom_interfaces/cmake/custom_interfaces__rosidl_typesupport_introspection_cppExport.cmake
[6.994s] -- Up-to-date: /home/tomccd/Documents/Code/Python/DATN/install/custom_interfaces/share/custom_interfaces/cmake/custom_interfaces__rosidl_typesupport_introspection_cppExport-noconfig.cmake
[6.996s] -- Up-to-date: /home/tomccd/Documents/Code/Python/DATN/install/custom_interfaces/share/custom_interfaces/cmake/custom_interfaces__rosidl_typesupport_cppExport.cmake
[6.997s] -- Up-to-date: /home/tomccd/Documents/Code/Python/DATN/install/custom_interfaces/share/custom_interfaces/cmake/custom_interfaces__rosidl_typesupport_cppExport-noconfig.cmake
[7.000s] -- Up-to-date: /home/tomccd/Documents/Code/Python/DATN/install/custom_interfaces/share/custom_interfaces/cmake/export_custom_interfaces__rosidl_generator_pyExport.cmake
[7.002s] -- Up-to-date: /home/tomccd/Documents/Code/Python/DATN/install/custom_interfaces/share/custom_interfaces/cmake/export_custom_interfaces__rosidl_generator_pyExport-noconfig.cmake
[7.003s] -- Up-to-date: /home/tomccd/Documents/Code/Python/DATN/install/custom_interfaces/share/custom_interfaces/cmake/rosidl_cmake-extras.cmake
[7.004s] -- Up-to-date: /home/tomccd/Documents/Code/Python/DATN/install/custom_interfaces/share/custom_interfaces/cmake/ament_cmake_export_dependencies-extras.cmake
[7.013s] -- Up-to-date: /home/tomccd/Documents/Code/Python/DATN/install/custom_interfaces/share/custom_interfaces/cmake/ament_cmake_export_include_directories-extras.cmake
[7.014s] -- Up-to-date: /home/tomccd/Documents/Code/Python/DATN/install/custom_interfaces/share/custom_interfaces/cmake/ament_cmake_export_libraries-extras.cmake
[7.019s] -- Up-to-date: /home/tomccd/Documents/Code/Python/DATN/install/custom_interfaces/share/custom_interfaces/cmake/ament_cmake_export_targets-extras.cmake
[7.020s] -- Up-to-date: /home/tomccd/Documents/Code/Python/DATN/install/custom_interfaces/share/custom_interfaces/cmake/rosidl_cmake_export_typesupport_targets-extras.cmake
[7.021s] -- Up-to-date: /home/tomccd/Documents/Code/Python/DATN/install/custom_interfaces/share/custom_interfaces/cmake/rosidl_cmake_export_typesupport_libraries-extras.cmake
[7.022s] -- Up-to-date: /home/tomccd/Documents/Code/Python/DATN/install/custom_interfaces/share/custom_interfaces/cmake/custom_interfacesConfig.cmake
[7.023s] -- Up-to-date: /home/tomccd/Documents/Code/Python/DATN/install/custom_interfaces/share/custom_interfaces/cmake/custom_interfacesConfig-version.cmake
[7.024s] -- Up-to-date: /home/tomccd/Documents/Code/Python/DATN/install/custom_interfaces/share/custom_interfaces/package.xml
[7.041s] Invoked command in '/home/tomccd/Documents/Code/Python/DATN/build/custom_interfaces' returned '0': CMAKE_PREFIX_PATH=${CMAKE_PREFIX_PATH}:/home/tomccd/Documents/Code/Python/DATN/install/module_weigh:/home/tomccd/Documents/Code/Python/DATN/install/module_supervisor:/home/tomccd/Documents/Code/Python/DATN/install/module_scanning_interface:/home/tomccd/Documents/Code/Python/DATN/install/module_input:/opt/ros/jazzy DEBUGINFOD_URLS=https://debuginfod.ubuntu.com /usr/bin/cmake --install /home/tomccd/Documents/Code/Python/DATN/build/custom_interfaces
