[0.715s] DEBUG:colcon:Command line arguments: ['/usr/bin/colcon', 'build', '--packages-select', 'module_scanning_interface']
[0.716s] DEBUG:colcon:Parsed command line arguments: Namespace(log_base=None, log_level=None, verb_name='build', build_base='build', install_base='install', merge_install=False, symlink_install=False, test_result_base=None, continue_on_error=False, executor='parallel', parallel_workers=4, event_handlers=None, ignore_user_meta=False, metas=['./colcon.meta'], base_paths=['.'], packages_ignore=None, packages_ignore_regex=None, paths=None, packages_up_to=None, packages_up_to_regex=None, packages_above=None, packages_above_and_dependencies=None, packages_above_depth=None, packages_select_by_dep=None, packages_skip_by_dep=None, packages_skip_up_to=None, packages_select_build_failed=False, packages_skip_build_finished=False, packages_select_test_failures=False, packages_skip_test_passed=False, packages_select=['module_scanning_interface'], packages_skip=None, packages_select_regex=None, packages_skip_regex=None, packages_start=None, packages_end=None, allow_overriding=[], cmake_args=None, cmake_target=None, cmake_target_skip_unavailable=False, cmake_clean_cache=False, cmake_clean_first=False, cmake_force_configure=False, ament_cmake_args=None, catkin_cmake_args=None, catkin_skip_building_tests=False, mixin_files=None, mixin=None, verb_parser=<colcon_mixin.mixin.mixin_argument.MixinArgumentDecorator object at 0xffff9cb42180>, verb_extension=<colcon_core.verb.build.BuildVerb object at 0xffff9cb41f40>, main=<bound method BuildVerb.main of <colcon_core.verb.build.BuildVerb object at 0xffff9cb41f40>>, mixin_verb=('build',))
[0.953s] Level 1:colcon.colcon_core.package_discovery:discover_packages(colcon_meta) check parameters
[0.960s] Level 1:colcon.colcon_core.package_discovery:discover_packages(recursive) check parameters
[0.960s] Level 1:colcon.colcon_core.package_discovery:discover_packages(ignore) check parameters
[0.964s] Level 1:colcon.colcon_core.package_discovery:discover_packages(path) check parameters
[0.964s] Level 1:colcon.colcon_core.package_discovery:discover_packages(colcon_meta) discover
[0.965s] Level 1:colcon.colcon_core.package_discovery:discover_packages(recursive) discover
[0.968s] INFO:colcon.colcon_core.package_discovery:Crawling recursively for packages in '/home/tomccd/Documents/Code/Python/DATN'
[0.972s] Level 1:colcon.colcon_core.package_identification:_identify(.) by extensions ['ignore', 'ignore_ament_install']
[0.973s] Level 1:colcon.colcon_core.package_identification:_identify(.) by extension 'ignore'
[0.973s] Level 1:colcon.colcon_core.package_identification:_identify(.) by extension 'ignore_ament_install'
[0.977s] Level 1:colcon.colcon_core.package_identification:_identify(.) by extensions ['colcon_pkg']
[0.981s] Level 1:colcon.colcon_core.package_identification:_identify(.) by extension 'colcon_pkg'
[0.981s] Level 1:colcon.colcon_core.package_identification:_identify(.) by extensions ['colcon_meta']
[0.981s] Level 1:colcon.colcon_core.package_identification:_identify(.) by extension 'colcon_meta'
[0.982s] Level 1:colcon.colcon_core.package_identification:_identify(.) by extensions ['ros']
[0.982s] Level 1:colcon.colcon_core.package_identification:_identify(.) by extension 'ros'
[1.393s] Level 1:colcon.colcon_core.package_identification:_identify(.) by extensions ['cmake', 'python']
[1.394s] Level 1:colcon.colcon_core.package_identification:_identify(.) by extension 'cmake'
[1.396s] Level 1:colcon.colcon_core.package_identification:_identify(.) by extension 'python'
[1.397s] Level 1:colcon.colcon_core.package_identification:_identify(.) by extensions ['python_setup_py']
[1.397s] Level 1:colcon.colcon_core.package_identification:_identify(.) by extension 'python_setup_py'
[1.400s] Level 1:colcon.colcon_core.package_identification:_identify(Packages) by extensions ['ignore', 'ignore_ament_install']
[1.401s] Level 1:colcon.colcon_core.package_identification:_identify(Packages) by extension 'ignore'
[1.401s] Level 1:colcon.colcon_core.package_identification:_identify(Packages) by extension 'ignore_ament_install'
[1.402s] Level 1:colcon.colcon_core.package_identification:_identify(Packages) by extensions ['colcon_pkg']
[1.402s] Level 1:colcon.colcon_core.package_identification:_identify(Packages) by extension 'colcon_pkg'
[1.403s] Level 1:colcon.colcon_core.package_identification:_identify(Packages) by extensions ['colcon_meta']
[1.403s] Level 1:colcon.colcon_core.package_identification:_identify(Packages) by extension 'colcon_meta'
[1.404s] Level 1:colcon.colcon_core.package_identification:_identify(Packages) by extensions ['ros']
[1.404s] Level 1:colcon.colcon_core.package_identification:_identify(Packages) by extension 'ros'
[1.405s] Level 1:colcon.colcon_core.package_identification:_identify(Packages) by extensions ['cmake', 'python']
[1.406s] Level 1:colcon.colcon_core.package_identification:_identify(Packages) by extension 'cmake'
[1.406s] Level 1:colcon.colcon_core.package_identification:_identify(Packages) by extension 'python'
[1.407s] Level 1:colcon.colcon_core.package_identification:_identify(Packages) by extensions ['python_setup_py']
[1.407s] Level 1:colcon.colcon_core.package_identification:_identify(Packages) by extension 'python_setup_py'
[1.409s] Level 1:colcon.colcon_core.package_identification:_identify(Packages/Log) by extensions ['ignore', 'ignore_ament_install']
[1.410s] Level 1:colcon.colcon_core.package_identification:_identify(Packages/Log) by extension 'ignore'
[1.411s] Level 1:colcon.colcon_core.package_identification:_identify(Packages/Log) by extension 'ignore_ament_install'
[1.412s] Level 1:colcon.colcon_core.package_identification:_identify(Packages/Log) by extensions ['colcon_pkg']
[1.413s] Level 1:colcon.colcon_core.package_identification:_identify(Packages/Log) by extension 'colcon_pkg'
[1.413s] Level 1:colcon.colcon_core.package_identification:_identify(Packages/Log) by extensions ['colcon_meta']
[1.414s] Level 1:colcon.colcon_core.package_identification:_identify(Packages/Log) by extension 'colcon_meta'
[1.414s] Level 1:colcon.colcon_core.package_identification:_identify(Packages/Log) by extensions ['ros']
[1.414s] Level 1:colcon.colcon_core.package_identification:_identify(Packages/Log) by extension 'ros'
[1.417s] Level 1:colcon.colcon_core.package_identification:_identify(Packages/Log) by extensions ['cmake', 'python']
[1.417s] Level 1:colcon.colcon_core.package_identification:_identify(Packages/Log) by extension 'cmake'
[1.419s] Level 1:colcon.colcon_core.package_identification:_identify(Packages/Log) by extension 'python'
[1.419s] Level 1:colcon.colcon_core.package_identification:_identify(Packages/Log) by extensions ['python_setup_py']
[1.420s] Level 1:colcon.colcon_core.package_identification:_identify(Packages/Log) by extension 'python_setup_py'
[1.421s] Level 1:colcon.colcon_core.package_identification:_identify(Packages/custom_interfaces) by extensions ['ignore', 'ignore_ament_install']
[1.422s] Level 1:colcon.colcon_core.package_identification:_identify(Packages/custom_interfaces) by extension 'ignore'
[1.423s] Level 1:colcon.colcon_core.package_identification:_identify(Packages/custom_interfaces) by extension 'ignore_ament_install'
[1.425s] Level 1:colcon.colcon_core.package_identification:_identify(Packages/custom_interfaces) by extensions ['colcon_pkg']
[1.425s] Level 1:colcon.colcon_core.package_identification:_identify(Packages/custom_interfaces) by extension 'colcon_pkg'
[1.426s] Level 1:colcon.colcon_core.package_identification:_identify(Packages/custom_interfaces) by extensions ['colcon_meta']
[1.426s] Level 1:colcon.colcon_core.package_identification:_identify(Packages/custom_interfaces) by extension 'colcon_meta'
[1.427s] Level 1:colcon.colcon_core.package_identification:_identify(Packages/custom_interfaces) by extensions ['ros']
[1.427s] Level 1:colcon.colcon_core.package_identification:_identify(Packages/custom_interfaces) by extension 'ros'
[1.447s] DEBUG:colcon.colcon_core.package_identification:Package 'Packages/custom_interfaces' with type 'ros.ament_cmake' and name 'custom_interfaces'
[1.448s] Level 1:colcon.colcon_core.package_identification:_identify(Packages/icon) by extensions ['ignore', 'ignore_ament_install']
[1.449s] Level 1:colcon.colcon_core.package_identification:_identify(Packages/icon) by extension 'ignore'
[1.450s] Level 1:colcon.colcon_core.package_identification:_identify(Packages/icon) by extension 'ignore_ament_install'
[1.450s] Level 1:colcon.colcon_core.package_identification:_identify(Packages/icon) by extensions ['colcon_pkg']
[1.451s] Level 1:colcon.colcon_core.package_identification:_identify(Packages/icon) by extension 'colcon_pkg'
[1.451s] Level 1:colcon.colcon_core.package_identification:_identify(Packages/icon) by extensions ['colcon_meta']
[1.452s] Level 1:colcon.colcon_core.package_identification:_identify(Packages/icon) by extension 'colcon_meta'
[1.452s] Level 1:colcon.colcon_core.package_identification:_identify(Packages/icon) by extensions ['ros']
[1.453s] Level 1:colcon.colcon_core.package_identification:_identify(Packages/icon) by extension 'ros'
[1.455s] Level 1:colcon.colcon_core.package_identification:_identify(Packages/icon) by extensions ['cmake', 'python']
[1.456s] Level 1:colcon.colcon_core.package_identification:_identify(Packages/icon) by extension 'cmake'
[1.456s] Level 1:colcon.colcon_core.package_identification:_identify(Packages/icon) by extension 'python'
[1.457s] Level 1:colcon.colcon_core.package_identification:_identify(Packages/icon) by extensions ['python_setup_py']
[1.457s] Level 1:colcon.colcon_core.package_identification:_identify(Packages/icon) by extension 'python_setup_py'
[1.459s] Level 1:colcon.colcon_core.package_identification:_identify(Packages/launch_system) by extensions ['ignore', 'ignore_ament_install']
[1.459s] Level 1:colcon.colcon_core.package_identification:_identify(Packages/launch_system) by extension 'ignore'
[1.460s] Level 1:colcon.colcon_core.package_identification:_identify(Packages/launch_system) by extension 'ignore_ament_install'
[1.462s] Level 1:colcon.colcon_core.package_identification:_identify(Packages/launch_system) by extensions ['colcon_pkg']
[1.463s] Level 1:colcon.colcon_core.package_identification:_identify(Packages/launch_system) by extension 'colcon_pkg'
[1.464s] Level 1:colcon.colcon_core.package_identification:_identify(Packages/launch_system) by extensions ['colcon_meta']
[1.464s] Level 1:colcon.colcon_core.package_identification:_identify(Packages/launch_system) by extension 'colcon_meta'
[1.465s] Level 1:colcon.colcon_core.package_identification:_identify(Packages/launch_system) by extensions ['ros']
[1.465s] Level 1:colcon.colcon_core.package_identification:_identify(Packages/launch_system) by extension 'ros'
[1.469s] DEBUG:colcon.colcon_core.package_identification:Package 'Packages/launch_system' with type 'ros.ament_cmake' and name 'launch_system'
[1.471s] Level 1:colcon.colcon_core.package_identification:_identify(Packages/module_input) by extensions ['ignore', 'ignore_ament_install']
[1.471s] Level 1:colcon.colcon_core.package_identification:_identify(Packages/module_input) by extension 'ignore'
[1.473s] Level 1:colcon.colcon_core.package_identification:_identify(Packages/module_input) by extension 'ignore_ament_install'
[1.474s] Level 1:colcon.colcon_core.package_identification:_identify(Packages/module_input) by extensions ['colcon_pkg']
[1.475s] Level 1:colcon.colcon_core.package_identification:_identify(Packages/module_input) by extension 'colcon_pkg'
[1.475s] Level 1:colcon.colcon_core.package_identification:_identify(Packages/module_input) by extensions ['colcon_meta']
[1.476s] Level 1:colcon.colcon_core.package_identification:_identify(Packages/module_input) by extension 'colcon_meta'
[1.476s] Level 1:colcon.colcon_core.package_identification:_identify(Packages/module_input) by extensions ['ros']
[1.477s] Level 1:colcon.colcon_core.package_identification:_identify(Packages/module_input) by extension 'ros'
[1.482s] DEBUG:colcon.colcon_core.package_identification:Package 'Packages/module_input' with type 'ros.ament_python' and name 'module_input'
[1.483s] Level 1:colcon.colcon_core.package_identification:_identify(Packages/module_log_file) by extensions ['ignore', 'ignore_ament_install']
[1.485s] Level 1:colcon.colcon_core.package_identification:_identify(Packages/module_log_file) by extension 'ignore'
[1.485s] Level 1:colcon.colcon_core.package_identification:_identify(Packages/module_log_file) by extension 'ignore_ament_install'
[1.486s] Level 1:colcon.colcon_core.package_identification:_identify(Packages/module_log_file) by extensions ['colcon_pkg']
[1.487s] Level 1:colcon.colcon_core.package_identification:_identify(Packages/module_log_file) by extension 'colcon_pkg'
[1.488s] Level 1:colcon.colcon_core.package_identification:_identify(Packages/module_log_file) by extensions ['colcon_meta']
[1.488s] Level 1:colcon.colcon_core.package_identification:_identify(Packages/module_log_file) by extension 'colcon_meta'
[1.489s] Level 1:colcon.colcon_core.package_identification:_identify(Packages/module_log_file) by extensions ['ros']
[1.490s] Level 1:colcon.colcon_core.package_identification:_identify(Packages/module_log_file) by extension 'ros'
[1.496s] DEBUG:colcon.colcon_core.package_identification:Package 'Packages/module_log_file' with type 'ros.ament_cmake' and name 'module_log_file'
[1.498s] Level 1:colcon.colcon_core.package_identification:_identify(Packages/module_motor) by extensions ['ignore', 'ignore_ament_install']
[1.500s] Level 1:colcon.colcon_core.package_identification:_identify(Packages/module_motor) by extension 'ignore'
[1.501s] Level 1:colcon.colcon_core.package_identification:_identify(Packages/module_motor) by extension 'ignore_ament_install'
[1.502s] Level 1:colcon.colcon_core.package_identification:_identify(Packages/module_motor) by extensions ['colcon_pkg']
[1.502s] Level 1:colcon.colcon_core.package_identification:_identify(Packages/module_motor) by extension 'colcon_pkg'
[1.503s] Level 1:colcon.colcon_core.package_identification:_identify(Packages/module_motor) by extensions ['colcon_meta']
[1.504s] Level 1:colcon.colcon_core.package_identification:_identify(Packages/module_motor) by extension 'colcon_meta'
[1.504s] Level 1:colcon.colcon_core.package_identification:_identify(Packages/module_motor) by extensions ['ros']
[1.505s] Level 1:colcon.colcon_core.package_identification:_identify(Packages/module_motor) by extension 'ros'
[1.512s] DEBUG:colcon.colcon_core.package_identification:Package 'Packages/module_motor' with type 'ros.ament_python' and name 'module_motor'
[1.514s] Level 1:colcon.colcon_core.package_identification:_identify(Packages/module_scanning_interface) by extensions ['ignore', 'ignore_ament_install']
[1.516s] Level 1:colcon.colcon_core.package_identification:_identify(Packages/module_scanning_interface) by extension 'ignore'
[1.516s] Level 1:colcon.colcon_core.package_identification:_identify(Packages/module_scanning_interface) by extension 'ignore_ament_install'
[1.518s] Level 1:colcon.colcon_core.package_identification:_identify(Packages/module_scanning_interface) by extensions ['colcon_pkg']
[1.518s] Level 1:colcon.colcon_core.package_identification:_identify(Packages/module_scanning_interface) by extension 'colcon_pkg'
[1.519s] Level 1:colcon.colcon_core.package_identification:_identify(Packages/module_scanning_interface) by extensions ['colcon_meta']
[1.521s] Level 1:colcon.colcon_core.package_identification:_identify(Packages/module_scanning_interface) by extension 'colcon_meta'
[1.522s] Level 1:colcon.colcon_core.package_identification:_identify(Packages/module_scanning_interface) by extensions ['ros']
[1.522s] Level 1:colcon.colcon_core.package_identification:_identify(Packages/module_scanning_interface) by extension 'ros'
[1.526s] DEBUG:colcon.colcon_core.package_identification:Package 'Packages/module_scanning_interface' with type 'ros.ament_python' and name 'module_scanning_interface'
[1.527s] Level 1:colcon.colcon_core.package_identification:_identify(Packages/module_send_email) by extensions ['ignore', 'ignore_ament_install']
[1.527s] Level 1:colcon.colcon_core.package_identification:_identify(Packages/module_send_email) by extension 'ignore'
[1.528s] Level 1:colcon.colcon_core.package_identification:_identify(Packages/module_send_email) by extension 'ignore_ament_install'
[1.528s] Level 1:colcon.colcon_core.package_identification:_identify(Packages/module_send_email) by extensions ['colcon_pkg']
[1.528s] Level 1:colcon.colcon_core.package_identification:_identify(Packages/module_send_email) by extension 'colcon_pkg'
[1.529s] Level 1:colcon.colcon_core.package_identification:_identify(Packages/module_send_email) by extensions ['colcon_meta']
[1.529s] Level 1:colcon.colcon_core.package_identification:_identify(Packages/module_send_email) by extension 'colcon_meta'
[1.529s] Level 1:colcon.colcon_core.package_identification:_identify(Packages/module_send_email) by extensions ['ros']
[1.529s] Level 1:colcon.colcon_core.package_identification:_identify(Packages/module_send_email) by extension 'ros'
[1.532s] DEBUG:colcon.colcon_core.package_identification:Package 'Packages/module_send_email' with type 'ros.ament_python' and name 'module_send_email'
[1.533s] Level 1:colcon.colcon_core.package_identification:_identify(Packages/module_supervisor) by extensions ['ignore', 'ignore_ament_install']
[1.533s] Level 1:colcon.colcon_core.package_identification:_identify(Packages/module_supervisor) by extension 'ignore'
[1.534s] Level 1:colcon.colcon_core.package_identification:_identify(Packages/module_supervisor) by extension 'ignore_ament_install'
[1.534s] Level 1:colcon.colcon_core.package_identification:_identify(Packages/module_supervisor) by extensions ['colcon_pkg']
[1.535s] Level 1:colcon.colcon_core.package_identification:_identify(Packages/module_supervisor) by extension 'colcon_pkg'
[1.535s] Level 1:colcon.colcon_core.package_identification:_identify(Packages/module_supervisor) by extensions ['colcon_meta']
[1.535s] Level 1:colcon.colcon_core.package_identification:_identify(Packages/module_supervisor) by extension 'colcon_meta'
[1.535s] Level 1:colcon.colcon_core.package_identification:_identify(Packages/module_supervisor) by extensions ['ros']
[1.536s] Level 1:colcon.colcon_core.package_identification:_identify(Packages/module_supervisor) by extension 'ros'
[1.538s] DEBUG:colcon.colcon_core.package_identification:Package 'Packages/module_supervisor' with type 'ros.ament_python' and name 'module_supervisor'
[1.539s] Level 1:colcon.colcon_core.package_identification:_identify(Packages/module_weigh) by extensions ['ignore', 'ignore_ament_install']
[1.539s] Level 1:colcon.colcon_core.package_identification:_identify(Packages/module_weigh) by extension 'ignore'
[1.540s] Level 1:colcon.colcon_core.package_identification:_identify(Packages/module_weigh) by extension 'ignore_ament_install'
[1.540s] Level 1:colcon.colcon_core.package_identification:_identify(Packages/module_weigh) by extensions ['colcon_pkg']
[1.540s] Level 1:colcon.colcon_core.package_identification:_identify(Packages/module_weigh) by extension 'colcon_pkg'
[1.541s] Level 1:colcon.colcon_core.package_identification:_identify(Packages/module_weigh) by extensions ['colcon_meta']
[1.541s] Level 1:colcon.colcon_core.package_identification:_identify(Packages/module_weigh) by extension 'colcon_meta'
[1.541s] Level 1:colcon.colcon_core.package_identification:_identify(Packages/module_weigh) by extensions ['ros']
[1.541s] Level 1:colcon.colcon_core.package_identification:_identify(Packages/module_weigh) by extension 'ros'
[1.544s] DEBUG:colcon.colcon_core.package_identification:Package 'Packages/module_weigh' with type 'ros.ament_python' and name 'module_weigh'
[1.545s] Level 1:colcon.colcon_core.package_identification:_identify(build) by extensions ['ignore', 'ignore_ament_install']
[1.545s] Level 1:colcon.colcon_core.package_identification:_identify(build) by extension 'ignore'
[1.546s] Level 1:colcon.colcon_core.package_identification:_identify(build) ignored
[1.547s] Level 1:colcon.colcon_core.package_identification:_identify(install) by extensions ['ignore', 'ignore_ament_install']
[1.547s] Level 1:colcon.colcon_core.package_identification:_identify(install) by extension 'ignore'
[1.547s] Level 1:colcon.colcon_core.package_identification:_identify(install) ignored
[1.548s] Level 1:colcon.colcon_core.package_identification:_identify(log) by extensions ['ignore', 'ignore_ament_install']
[1.549s] Level 1:colcon.colcon_core.package_identification:_identify(log) by extension 'ignore'
[1.549s] Level 1:colcon.colcon_core.package_identification:_identify(log) ignored
[1.549s] Level 1:colcon.colcon_core.package_discovery:discover_packages(recursive) using defaults
[1.549s] Level 1:colcon.colcon_core.package_discovery:discover_packages(ignore) discover
[1.549s] Level 1:colcon.colcon_core.package_discovery:discover_packages(ignore) using defaults
[1.550s] Level 1:colcon.colcon_core.package_discovery:discover_packages(path) discover
[1.550s] Level 1:colcon.colcon_core.package_discovery:discover_packages(path) using defaults
[1.650s] INFO:colcon.colcon_core.package_selection:Skipping not selected package 'custom_interfaces' in 'Packages/custom_interfaces'
[1.650s] INFO:colcon.colcon_core.package_selection:Skipping not selected package 'module_input' in 'Packages/module_input'
[1.650s] INFO:colcon.colcon_core.package_selection:Skipping not selected package 'module_log_file' in 'Packages/module_log_file'
[1.650s] INFO:colcon.colcon_core.package_selection:Skipping not selected package 'module_motor' in 'Packages/module_motor'
[1.650s] INFO:colcon.colcon_core.package_selection:Skipping not selected package 'module_send_email' in 'Packages/module_send_email'
[1.651s] INFO:colcon.colcon_core.package_selection:Skipping not selected package 'module_supervisor' in 'Packages/module_supervisor'
[1.651s] INFO:colcon.colcon_core.package_selection:Skipping not selected package 'module_weigh' in 'Packages/module_weigh'
[1.651s] INFO:colcon.colcon_core.package_selection:Skipping not selected package 'launch_system' in 'Packages/launch_system'
[1.653s] Level 1:colcon.colcon_core.package_discovery:discover_packages(prefix_path) check parameters
[1.653s] Level 1:colcon.colcon_core.package_discovery:discover_packages(prefix_path) discover
[1.659s] WARNING:colcon.colcon_ros.prefix_path.ament:The path '/home/tomccd/Documents/Code/Python/DATN/install/module_scanning_interface' in the environment variable AMENT_PREFIX_PATH doesn't exist
[1.667s] DEBUG:colcon.colcon_installed_package_information.package_discovery:Found 8 installed packages in /home/tomccd/Documents/Code/Python/DATN/install
[1.679s] DEBUG:colcon.colcon_installed_package_information.package_discovery:Found 285 installed packages in /opt/ros/jazzy
[1.688s] Level 1:colcon.colcon_core.package_discovery:discover_packages(prefix_path) using defaults
[1.954s] Level 5:colcon.colcon_core.verb:set package 'module_scanning_interface' build argument 'cmake_args' from command line to 'None'
[1.954s] Level 5:colcon.colcon_core.verb:set package 'module_scanning_interface' build argument 'cmake_target' from command line to 'None'
[1.954s] Level 5:colcon.colcon_core.verb:set package 'module_scanning_interface' build argument 'cmake_target_skip_unavailable' from command line to 'False'
[1.954s] Level 5:colcon.colcon_core.verb:set package 'module_scanning_interface' build argument 'cmake_clean_cache' from command line to 'False'
[1.954s] Level 5:colcon.colcon_core.verb:set package 'module_scanning_interface' build argument 'cmake_clean_first' from command line to 'False'
[1.955s] Level 5:colcon.colcon_core.verb:set package 'module_scanning_interface' build argument 'cmake_force_configure' from command line to 'False'
[1.955s] Level 5:colcon.colcon_core.verb:set package 'module_scanning_interface' build argument 'ament_cmake_args' from command line to 'None'
[1.955s] Level 5:colcon.colcon_core.verb:set package 'module_scanning_interface' build argument 'catkin_cmake_args' from command line to 'None'
[1.955s] Level 5:colcon.colcon_core.verb:set package 'module_scanning_interface' build argument 'catkin_skip_building_tests' from command line to 'False'
[1.955s] DEBUG:colcon.colcon_core.verb:Building package 'module_scanning_interface' with the following arguments: {'ament_cmake_args': None, 'build_base': '/home/tomccd/Documents/Code/Python/DATN/build/module_scanning_interface', 'catkin_cmake_args': None, 'catkin_skip_building_tests': False, 'cmake_args': None, 'cmake_clean_cache': False, 'cmake_clean_first': False, 'cmake_force_configure': False, 'cmake_target': None, 'cmake_target_skip_unavailable': False, 'install_base': '/home/tomccd/Documents/Code/Python/DATN/install/module_scanning_interface', 'merge_install': False, 'path': '/home/tomccd/Documents/Code/Python/DATN/Packages/module_scanning_interface', 'symlink_install': False, 'test_result_base': None}
[1.956s] INFO:colcon.colcon_core.executor:Executing jobs using 'parallel' executor
[1.959s] DEBUG:colcon.colcon_parallel_executor.executor.parallel:run_until_complete
[1.960s] INFO:colcon.colcon_ros.task.ament_python.build:Building ROS package in '/home/tomccd/Documents/Code/Python/DATN/Packages/module_scanning_interface' with build type 'ament_python'
[1.961s] Level 1:colcon.colcon_core.shell:create_environment_hook('module_scanning_interface', 'ament_prefix_path')
[1.975s] INFO:colcon.colcon_core.plugin_system:Skipping extension 'colcon_core.shell.bat': Not used on non-Windows systems
[1.976s] INFO:colcon.colcon_core.shell:Creating environment hook '/home/tomccd/Documents/Code/Python/DATN/install/module_scanning_interface/share/module_scanning_interface/hook/ament_prefix_path.ps1'
[1.980s] INFO:colcon.colcon_core.shell:Creating environment descriptor '/home/tomccd/Documents/Code/Python/DATN/install/module_scanning_interface/share/module_scanning_interface/hook/ament_prefix_path.dsv'
[1.982s] INFO:colcon.colcon_core.shell:Creating environment hook '/home/tomccd/Documents/Code/Python/DATN/install/module_scanning_interface/share/module_scanning_interface/hook/ament_prefix_path.sh'
[1.985s] INFO:colcon.colcon_core.shell:Skip shell extension 'powershell' for command environment: Not usable outside of PowerShell
[1.986s] DEBUG:colcon.colcon_core.shell:Skip shell extension 'dsv' for command environment
[3.369s] INFO:colcon.colcon_core.task.python.build:Building Python package in '/home/tomccd/Documents/Code/Python/DATN/Packages/module_scanning_interface'
[3.370s] INFO:colcon.colcon_core.shell:Skip shell extension 'powershell' for command environment: Not usable outside of PowerShell
[3.370s] DEBUG:colcon.colcon_core.shell:Skip shell extension 'dsv' for command environment
[7.386s] DEBUG:colcon.colcon_core.event_handler.log_command:Invoking command in '/home/tomccd/Documents/Code/Python/DATN/Packages/module_scanning_interface': CMAKE_PREFIX_PATH=/home/tomccd/Documents/Code/Python/DATN/install/custom_interfaces:/home/tomccd/Documents/Code/Python/DATN/install/launch_system:/home/tomccd/Documents/Code/Python/DATN/install/module_log_file:/opt/ros/jazzy/opt/gz_math_vendor:/opt/ros/jazzy/opt/gz_utils_vendor:/opt/ros/jazzy/opt/gz_cmake_vendor DEBUGINFOD_URLS=https://debuginfod.ubuntu.com PYTHONPATH=/home/tomccd/Documents/Code/Python/DATN/build/module_scanning_interface/prefix_override:/usr/lib/python3/dist-packages/colcon_core/task/python/colcon_distutils_commands:/home/tomccd/Documents/Code/Python/DATN/install/module_scanning_interface/lib/python3.12/site-packages:/home/tomccd/Documents/Code/Python/DATN/install/custom_interfaces/lib/python3.12/site-packages:/home/tomccd/Documents/Code/Python/DATN/install/module_weigh/lib/python3.12/site-packages:/home/tomccd/Documents/Code/Python/DATN/install/module_supervisor/lib/python3.12/site-packages:/home/tomccd/Documents/Code/Python/DATN/install/module_send_email/lib/python3.12/site-packages:/home/tomccd/Documents/Code/Python/DATN/install/module_scanning_interface/lib/python3.12/site-packages:/home/tomccd/Documents/Code/Python/DATN/install/module_motor/lib/python3.12/site-packages:/home/tomccd/Documents/Code/Python/DATN/install/module_input/lib/python3.12/site-packages:/opt/ros/jazzy/lib/python3.12/site-packages /usr/bin/python3 -W ignore:setup.py install is deprecated setup.py egg_info --egg-base ../../build/module_scanning_interface build --build-base /home/tomccd/Documents/Code/Python/DATN/build/module_scanning_interface/build install --record /home/tomccd/Documents/Code/Python/DATN/build/module_scanning_interface/install.log --single-version-externally-managed install_data
[11.523s] DEBUG:colcon.colcon_core.event_handler.log_command:Invoked command in '/home/tomccd/Documents/Code/Python/DATN/Packages/module_scanning_interface' returned '0': CMAKE_PREFIX_PATH=/home/tomccd/Documents/Code/Python/DATN/install/custom_interfaces:/home/tomccd/Documents/Code/Python/DATN/install/launch_system:/home/tomccd/Documents/Code/Python/DATN/install/module_log_file:/opt/ros/jazzy/opt/gz_math_vendor:/opt/ros/jazzy/opt/gz_utils_vendor:/opt/ros/jazzy/opt/gz_cmake_vendor DEBUGINFOD_URLS=https://debuginfod.ubuntu.com PYTHONPATH=/home/tomccd/Documents/Code/Python/DATN/build/module_scanning_interface/prefix_override:/usr/lib/python3/dist-packages/colcon_core/task/python/colcon_distutils_commands:/home/tomccd/Documents/Code/Python/DATN/install/module_scanning_interface/lib/python3.12/site-packages:/home/tomccd/Documents/Code/Python/DATN/install/custom_interfaces/lib/python3.12/site-packages:/home/tomccd/Documents/Code/Python/DATN/install/module_weigh/lib/python3.12/site-packages:/home/tomccd/Documents/Code/Python/DATN/install/module_supervisor/lib/python3.12/site-packages:/home/tomccd/Documents/Code/Python/DATN/install/module_send_email/lib/python3.12/site-packages:/home/tomccd/Documents/Code/Python/DATN/install/module_scanning_interface/lib/python3.12/site-packages:/home/tomccd/Documents/Code/Python/DATN/install/module_motor/lib/python3.12/site-packages:/home/tomccd/Documents/Code/Python/DATN/install/module_input/lib/python3.12/site-packages:/opt/ros/jazzy/lib/python3.12/site-packages /usr/bin/python3 -W ignore:setup.py install is deprecated setup.py egg_info --egg-base ../../build/module_scanning_interface build --build-base /home/tomccd/Documents/Code/Python/DATN/build/module_scanning_interface/build install --record /home/tomccd/Documents/Code/Python/DATN/build/module_scanning_interface/install.log --single-version-externally-managed install_data
[11.535s] Level 1:colcon.colcon_core.environment:checking '/home/tomccd/Documents/Code/Python/DATN/install/module_scanning_interface' for CMake module files
[11.539s] Level 1:colcon.colcon_core.environment:checking '/home/tomccd/Documents/Code/Python/DATN/install/module_scanning_interface' for CMake config files
[11.544s] Level 1:colcon.colcon_core.environment:checking '/home/tomccd/Documents/Code/Python/DATN/install/module_scanning_interface/lib'
[11.545s] Level 1:colcon.colcon_core.environment:checking '/home/tomccd/Documents/Code/Python/DATN/install/module_scanning_interface/bin'
[11.546s] Level 1:colcon.colcon_core.environment:checking '/home/tomccd/Documents/Code/Python/DATN/install/module_scanning_interface/lib/pkgconfig/module_scanning_interface.pc'
[11.547s] Level 1:colcon.colcon_core.environment:checking '/home/tomccd/Documents/Code/Python/DATN/install/module_scanning_interface/lib/python3.12/site-packages'
[11.547s] Level 1:colcon.colcon_core.shell:create_environment_hook('module_scanning_interface', 'pythonpath')
[11.548s] INFO:colcon.colcon_core.shell:Creating environment hook '/home/tomccd/Documents/Code/Python/DATN/install/module_scanning_interface/share/module_scanning_interface/hook/pythonpath.ps1'
[11.550s] INFO:colcon.colcon_core.shell:Creating environment descriptor '/home/tomccd/Documents/Code/Python/DATN/install/module_scanning_interface/share/module_scanning_interface/hook/pythonpath.dsv'
[11.553s] INFO:colcon.colcon_core.shell:Creating environment hook '/home/tomccd/Documents/Code/Python/DATN/install/module_scanning_interface/share/module_scanning_interface/hook/pythonpath.sh'
[11.555s] Level 1:colcon.colcon_core.environment:checking '/home/tomccd/Documents/Code/Python/DATN/install/module_scanning_interface/bin'
[11.556s] Level 1:colcon.colcon_core.environment:create_environment_scripts_only(module_scanning_interface)
[11.557s] INFO:colcon.colcon_core.shell:Creating package script '/home/tomccd/Documents/Code/Python/DATN/install/module_scanning_interface/share/module_scanning_interface/package.ps1'
[11.561s] INFO:colcon.colcon_core.shell:Creating package descriptor '/home/tomccd/Documents/Code/Python/DATN/install/module_scanning_interface/share/module_scanning_interface/package.dsv'
[11.564s] INFO:colcon.colcon_core.shell:Creating package script '/home/tomccd/Documents/Code/Python/DATN/install/module_scanning_interface/share/module_scanning_interface/package.sh'
[11.567s] INFO:colcon.colcon_core.shell:Creating package script '/home/tomccd/Documents/Code/Python/DATN/install/module_scanning_interface/share/module_scanning_interface/package.bash'
[11.571s] INFO:colcon.colcon_core.shell:Creating package script '/home/tomccd/Documents/Code/Python/DATN/install/module_scanning_interface/share/module_scanning_interface/package.zsh'
[11.575s] Level 1:colcon.colcon_core.environment:create_file_with_runtime_dependencies(/home/tomccd/Documents/Code/Python/DATN/install/module_scanning_interface/share/colcon-core/packages/module_scanning_interface)
[11.577s] DEBUG:colcon.colcon_parallel_executor.executor.parallel:closing loop
[11.579s] DEBUG:colcon.colcon_parallel_executor.executor.parallel:loop closed
[11.580s] DEBUG:colcon.colcon_parallel_executor.executor.parallel:run_until_complete finished with '0'
[11.580s] DEBUG:colcon.colcon_core.event_reactor:joining thread
[11.612s] INFO:colcon.colcon_core.plugin_system:Skipping extension 'colcon_notification.desktop_notification.terminal_notifier': Not used on non-Darwin systems
[11.613s] INFO:colcon.colcon_core.plugin_system:Skipping extension 'colcon_notification.desktop_notification.win32': Not used on non-Windows systems
[11.613s] INFO:colcon.colcon_notification.desktop_notification:Sending desktop notification using 'notify2'
[11.673s] DEBUG:colcon.colcon_core.event_reactor:joined thread
[11.674s] INFO:colcon.colcon_core.shell:Creating prefix script '/home/tomccd/Documents/Code/Python/DATN/install/local_setup.ps1'
[11.678s] INFO:colcon.colcon_core.shell:Creating prefix util module '/home/tomccd/Documents/Code/Python/DATN/install/_local_setup_util_ps1.py'
[11.684s] INFO:colcon.colcon_core.shell:Creating prefix chain script '/home/tomccd/Documents/Code/Python/DATN/install/setup.ps1'
[11.691s] INFO:colcon.colcon_core.shell:Creating prefix script '/home/tomccd/Documents/Code/Python/DATN/install/local_setup.sh'
[11.694s] INFO:colcon.colcon_core.shell:Creating prefix util module '/home/tomccd/Documents/Code/Python/DATN/install/_local_setup_util_sh.py'
[11.697s] INFO:colcon.colcon_core.shell:Creating prefix chain script '/home/tomccd/Documents/Code/Python/DATN/install/setup.sh'
[11.705s] INFO:colcon.colcon_core.shell:Creating prefix script '/home/tomccd/Documents/Code/Python/DATN/install/local_setup.bash'
[11.707s] INFO:colcon.colcon_core.shell:Creating prefix chain script '/home/tomccd/Documents/Code/Python/DATN/install/setup.bash'
[11.716s] INFO:colcon.colcon_core.shell:Creating prefix script '/home/tomccd/Documents/Code/Python/DATN/install/local_setup.zsh'
[11.722s] INFO:colcon.colcon_core.shell:Creating prefix chain script '/home/tomccd/Documents/Code/Python/DATN/install/setup.zsh'
