[0.073s] Invoking command in '/home/tomccd/Documents/Code/Python/DATN/build/custom_interfaces': CMAKE_PREFIX_PATH=${CMAKE_PREFIX_PATH}:/home/tomccd/Documents/Code/Python/DATN/install/module_weigh:/home/tomccd/Documents/Code/Python/DATN/install/module_supervisor:/home/tomccd/Documents/Code/Python/DATN/install/module_scanning_interface:/home/tomccd/Documents/Code/Python/DATN/install/module_input:/opt/ros/jazzy DEBUGINFOD_URLS=https://debuginfod.ubuntu.com /usr/bin/cmake --build /home/tomccd/Documents/Code/Python/DATN/build/custom_interfaces -- -j4 -l4
[0.418s] [  1%] Built target custom_interfaces__rosidl_generator_type_description
[0.540s] [  1%] Built target ament_cmake_python_copy_custom_interfaces
[0.597s] [  3%] Built target custom_interfaces__cpp
[0.599s] [ 25%] Built target custom_interfaces__rosidl_generator_c
[0.867s] [ 34%] Built target custom_interfaces__rosidl_typesupport_fastrtps_cpp
[0.891s] [ 43%] Built target custom_interfaces__rosidl_typesupport_introspection_cpp
[1.080s] [ 53%] Built target custom_interfaces__rosidl_typesupport_cpp
[1.127s] [ 62%] Built target custom_interfaces__rosidl_typesupport_introspection_c
[1.174s] [ 71%] Built target custom_interfaces__rosidl_typesupport_fastrtps_c
[1.310s] [ 81%] Built target custom_interfaces__rosidl_typesupport_c
[1.526s] [ 81%] Built target custom_interfaces
[1.775s] [ 82%] Built target custom_interfaces__py
[2.020s] [ 90%] Built target custom_interfaces__rosidl_generator_py
[2.284s] [ 93%] Built target custom_interfaces_s__rosidl_typesupport_fastrtps_c
[2.294s] [ 96%] Built target custom_interfaces_s__rosidl_typesupport_introspection_c
[2.342s] [100%] Built target custom_interfaces_s__rosidl_typesupport_c
[2.677s] running egg_info
[2.848s] writing custom_interfaces.egg-info/PKG-INFO
[2.856s] writing dependency_links to custom_interfaces.egg-info/dependency_links.txt
[2.857s] writing top-level names to custom_interfaces.egg-info/top_level.txt
[3.456s] reading manifest file 'custom_interfaces.egg-info/SOURCES.txt'
[3.461s] writing manifest file 'custom_interfaces.egg-info/SOURCES.txt'
[3.690s] [100%] Built target ament_cmake_python_build_custom_interfaces_egg
[3.804s] Invoked command in '/home/tomccd/Documents/Code/Python/DATN/build/custom_interfaces' returned '0': CMAKE_PREFIX_PATH=${CMAKE_PREFIX_PATH}:/home/tomccd/Documents/Code/Python/DATN/install/module_weigh:/home/tomccd/Documents/Code/Python/DATN/install/module_supervisor:/home/tomccd/Documents/Code/Python/DATN/install/module_scanning_interface:/home/tomccd/Documents/Code/Python/DATN/install/module_input:/opt/ros/jazzy DEBUGINFOD_URLS=https://debuginfod.ubuntu.com /usr/bin/cmake --build /home/tomccd/Documents/Code/Python/DATN/build/custom_interfaces -- -j4 -l4
[5.027s] Invoking command in '/home/tomccd/Documents/Code/Python/DATN/build/custom_interfaces': CMAKE_PREFIX_PATH=${CMAKE_PREFIX_PATH}:/home/tomccd/Documents/Code/Python/DATN/install/module_weigh:/home/tomccd/Documents/Code/Python/DATN/install/module_supervisor:/home/tomccd/Documents/Code/Python/DATN/install/module_scanning_interface:/home/tomccd/Documents/Code/Python/DATN/install/module_input:/opt/ros/jazzy DEBUGINFOD_URLS=https://debuginfod.ubuntu.com /usr/bin/cmake --install /home/tomccd/Documents/Code/Python/DATN/build/custom_interfaces
[5.085s] -- Install configuration: ""
[5.096s] -- Up-to-date: /home/tomccd/Documents/Code/Python/DATN/install/custom_interfaces/share/ament_index/resource_index/rosidl_interfaces/custom_interfaces
[5.103s] -- Up-to-date: /home/tomccd/Documents/Code/Python/DATN/install/custom_interfaces/share/custom_interfaces/msg/TerminateSys.json
[5.109s] -- Up-to-date: /home/tomccd/Documents/Code/Python/DATN/install/custom_interfaces/share/custom_interfaces/srv/InitSys.json
[5.110s] -- Up-to-date: /home/tomccd/Documents/Code/Python/DATN/install/custom_interfaces/share/custom_interfaces/msg/SetWeighIO.json
[5.113s] -- Up-to-date: /home/tomccd/Documents/Code/Python/DATN/install/custom_interfaces/share/custom_interfaces/msg/WeighValue.json
[5.117s] -- Up-to-date: /home/tomccd/Documents/Code/Python/DATN/install/custom_interfaces/include/custom_interfaces/custom_interfaces
[5.119s] -- Up-to-date: /home/tomccd/Documents/Code/Python/DATN/install/custom_interfaces/include/custom_interfaces/custom_interfaces/srv
[5.135s] -- Up-to-date: /home/tomccd/Documents/Code/Python/DATN/install/custom_interfaces/include/custom_interfaces/custom_interfaces/srv/initialize_system.h
[5.136s] -- Up-to-date: /home/tomccd/Documents/Code/Python/DATN/install/custom_interfaces/include/custom_interfaces/custom_interfaces/srv/init_sys.h
[5.137s] -- Up-to-date: /home/tomccd/Documents/Code/Python/DATN/install/custom_interfaces/include/custom_interfaces/custom_interfaces/srv/detail
[5.138s] -- Installing: /home/tomccd/Documents/Code/Python/DATN/install/custom_interfaces/include/custom_interfaces/custom_interfaces/srv/detail/initialize_system__type_support.c
[5.155s] -- Up-to-date: /home/tomccd/Documents/Code/Python/DATN/install/custom_interfaces/include/custom_interfaces/custom_interfaces/srv/detail/initialize_system__functions.c
[5.156s] -- Up-to-date: /home/tomccd/Documents/Code/Python/DATN/install/custom_interfaces/include/custom_interfaces/custom_interfaces/srv/detail/initialize_system__type_support.h
[5.157s] -- Up-to-date: /home/tomccd/Documents/Code/Python/DATN/install/custom_interfaces/include/custom_interfaces/custom_interfaces/srv/detail/init_sys__struct.h
[5.158s] -- Up-to-date: /home/tomccd/Documents/Code/Python/DATN/install/custom_interfaces/include/custom_interfaces/custom_interfaces/srv/detail/initialize_system__struct.h
[5.158s] -- Installing: /home/tomccd/Documents/Code/Python/DATN/install/custom_interfaces/include/custom_interfaces/custom_interfaces/srv/detail/init_sys__type_support.c
[5.160s] -- Up-to-date: /home/tomccd/Documents/Code/Python/DATN/install/custom_interfaces/include/custom_interfaces/custom_interfaces/srv/detail/init_sys__functions.h
[5.161s] -- Up-to-date: /home/tomccd/Documents/Code/Python/DATN/install/custom_interfaces/include/custom_interfaces/custom_interfaces/srv/detail/init_sys__functions.c
[5.162s] -- Up-to-date: /home/tomccd/Documents/Code/Python/DATN/install/custom_interfaces/include/custom_interfaces/custom_interfaces/srv/detail/init_sys__type_support.h
[5.163s] -- Up-to-date: /home/tomccd/Documents/Code/Python/DATN/install/custom_interfaces/include/custom_interfaces/custom_interfaces/srv/detail/init_sys__description.c
[5.164s] -- Up-to-date: /home/tomccd/Documents/Code/Python/DATN/install/custom_interfaces/include/custom_interfaces/custom_interfaces/srv/detail/initialize_system__functions.h
[5.165s] -- Up-to-date: /home/tomccd/Documents/Code/Python/DATN/install/custom_interfaces/include/custom_interfaces/custom_interfaces/srv/detail/initialize_system__description.c
[5.166s] -- Up-to-date: /home/tomccd/Documents/Code/Python/DATN/install/custom_interfaces/include/custom_interfaces/custom_interfaces/msg
[5.167s] -- Up-to-date: /home/tomccd/Documents/Code/Python/DATN/install/custom_interfaces/include/custom_interfaces/custom_interfaces/msg/set_weigh_io.h
[5.167s] -- Up-to-date: /home/tomccd/Documents/Code/Python/DATN/install/custom_interfaces/include/custom_interfaces/custom_interfaces/msg/terminate_sys.h
[5.168s] -- Up-to-date: /home/tomccd/Documents/Code/Python/DATN/install/custom_interfaces/include/custom_interfaces/custom_interfaces/msg/rosidl_generator_c__visibility_control.h
[5.169s] -- Up-to-date: /home/tomccd/Documents/Code/Python/DATN/install/custom_interfaces/include/custom_interfaces/custom_interfaces/msg/terminate.h
[5.174s] -- Up-to-date: /home/tomccd/Documents/Code/Python/DATN/install/custom_interfaces/include/custom_interfaces/custom_interfaces/msg/detail
[5.175s] -- Up-to-date: /home/tomccd/Documents/Code/Python/DATN/install/custom_interfaces/include/custom_interfaces/custom_interfaces/msg/detail/weigh_value__description.c
[5.176s] -- Up-to-date: /home/tomccd/Documents/Code/Python/DATN/install/custom_interfaces/include/custom_interfaces/custom_interfaces/msg/detail/terminate__functions.h
[5.177s] -- Up-to-date: /home/tomccd/Documents/Code/Python/DATN/install/custom_interfaces/include/custom_interfaces/custom_interfaces/msg/detail/terminate_sys__functions.c
[5.194s] -- Up-to-date: /home/tomccd/Documents/Code/Python/DATN/install/custom_interfaces/include/custom_interfaces/custom_interfaces/msg/detail/terminate_sys__functions.h
[5.196s] -- Up-to-date: /home/tomccd/Documents/Code/Python/DATN/install/custom_interfaces/include/custom_interfaces/custom_interfaces/msg/detail/set_weigh_io__description.c
[5.196s] -- Up-to-date: /home/tomccd/Documents/Code/Python/DATN/install/custom_interfaces/include/custom_interfaces/custom_interfaces/msg/detail/terminate__functions.c
[5.198s] -- Up-to-date: /home/tomccd/Documents/Code/Python/DATN/install/custom_interfaces/include/custom_interfaces/custom_interfaces/msg/detail/weigh_value__functions.h
[5.199s] -- Up-to-date: /home/tomccd/Documents/Code/Python/DATN/install/custom_interfaces/include/custom_interfaces/custom_interfaces/msg/detail/weigh_value__struct.h
[5.200s] -- Up-to-date: /home/tomccd/Documents/Code/Python/DATN/install/custom_interfaces/include/custom_interfaces/custom_interfaces/msg/detail/set_weigh_io__functions.h
[5.200s] -- Up-to-date: /home/tomccd/Documents/Code/Python/DATN/install/custom_interfaces/include/custom_interfaces/custom_interfaces/msg/detail/terminate_sys__type_support.h
[5.201s] -- Installing: /home/tomccd/Documents/Code/Python/DATN/install/custom_interfaces/include/custom_interfaces/custom_interfaces/msg/detail/terminate__type_support.c
[5.202s] -- Up-to-date: /home/tomccd/Documents/Code/Python/DATN/install/custom_interfaces/include/custom_interfaces/custom_interfaces/msg/detail/terminate__struct.h
[5.203s] -- Up-to-date: /home/tomccd/Documents/Code/Python/DATN/install/custom_interfaces/include/custom_interfaces/custom_interfaces/msg/detail/set_weigh_io__type_support.h
[5.204s] -- Up-to-date: /home/tomccd/Documents/Code/Python/DATN/install/custom_interfaces/include/custom_interfaces/custom_interfaces/msg/detail/terminate__description.c
[5.205s] -- Up-to-date: /home/tomccd/Documents/Code/Python/DATN/install/custom_interfaces/include/custom_interfaces/custom_interfaces/msg/detail/weigh_value__functions.c
[5.206s] -- Installing: /home/tomccd/Documents/Code/Python/DATN/install/custom_interfaces/include/custom_interfaces/custom_interfaces/msg/detail/terminate_sys__type_support.c
[5.208s] -- Up-to-date: /home/tomccd/Documents/Code/Python/DATN/install/custom_interfaces/include/custom_interfaces/custom_interfaces/msg/detail/terminate_sys__description.c
[5.230s] -- Installing: /home/tomccd/Documents/Code/Python/DATN/install/custom_interfaces/include/custom_interfaces/custom_interfaces/msg/detail/set_weigh_io__type_support.c
[5.236s] -- Up-to-date: /home/tomccd/Documents/Code/Python/DATN/install/custom_interfaces/include/custom_interfaces/custom_interfaces/msg/detail/terminate_sys__struct.h
[5.237s] -- Up-to-date: /home/tomccd/Documents/Code/Python/DATN/install/custom_interfaces/include/custom_interfaces/custom_interfaces/msg/detail/weigh_value__type_support.h
[5.241s] -- Up-to-date: /home/tomccd/Documents/Code/Python/DATN/install/custom_interfaces/include/custom_interfaces/custom_interfaces/msg/detail/set_weigh_io__functions.c
[5.242s] -- Up-to-date: /home/tomccd/Documents/Code/Python/DATN/install/custom_interfaces/include/custom_interfaces/custom_interfaces/msg/detail/set_weigh_io__struct.h
[5.243s] -- Up-to-date: /home/tomccd/Documents/Code/Python/DATN/install/custom_interfaces/include/custom_interfaces/custom_interfaces/msg/detail/terminate__type_support.h
[5.244s] -- Installing: /home/tomccd/Documents/Code/Python/DATN/install/custom_interfaces/include/custom_interfaces/custom_interfaces/msg/detail/weigh_value__type_support.c
[5.245s] -- Up-to-date: /home/tomccd/Documents/Code/Python/DATN/install/custom_interfaces/include/custom_interfaces/custom_interfaces/msg/weigh_value.h
[5.246s] -- Up-to-date: /home/tomccd/Documents/Code/Python/DATN/install/custom_interfaces/share/custom_interfaces/environment/library_path.sh
[5.248s] -- Up-to-date: /home/tomccd/Documents/Code/Python/DATN/install/custom_interfaces/share/custom_interfaces/environment/library_path.dsv
[5.249s] -- Up-to-date: /home/tomccd/Documents/Code/Python/DATN/install/custom_interfaces/lib/libcustom_interfaces__rosidl_generator_c.so
[5.250s] -- Up-to-date: /home/tomccd/Documents/Code/Python/DATN/install/custom_interfaces/include/custom_interfaces/custom_interfaces
[5.251s] -- Up-to-date: /home/tomccd/Documents/Code/Python/DATN/install/custom_interfaces/include/custom_interfaces/custom_interfaces/srv
[5.252s] -- Up-to-date: /home/tomccd/Documents/Code/Python/DATN/install/custom_interfaces/include/custom_interfaces/custom_interfaces/srv/detail
[5.253s] -- Up-to-date: /home/tomccd/Documents/Code/Python/DATN/install/custom_interfaces/include/custom_interfaces/custom_interfaces/srv/detail/init_sys__rosidl_typesupport_fastrtps_c.h
[5.260s] -- Up-to-date: /home/tomccd/Documents/Code/Python/DATN/install/custom_interfaces/include/custom_interfaces/custom_interfaces/srv/detail/initialize_system__rosidl_typesupport_fastrtps_c.h
[5.262s] -- Up-to-date: /home/tomccd/Documents/Code/Python/DATN/install/custom_interfaces/include/custom_interfaces/custom_interfaces/msg
[5.262s] -- Up-to-date: /home/tomccd/Documents/Code/Python/DATN/install/custom_interfaces/include/custom_interfaces/custom_interfaces/msg/rosidl_typesupport_fastrtps_c__visibility_control.h
[5.271s] -- Up-to-date: /home/tomccd/Documents/Code/Python/DATN/install/custom_interfaces/include/custom_interfaces/custom_interfaces/msg/detail
[5.272s] -- Up-to-date: /home/tomccd/Documents/Code/Python/DATN/install/custom_interfaces/include/custom_interfaces/custom_interfaces/msg/detail/weigh_value__rosidl_typesupport_fastrtps_c.h
[5.275s] -- Up-to-date: /home/tomccd/Documents/Code/Python/DATN/install/custom_interfaces/include/custom_interfaces/custom_interfaces/msg/detail/set_weigh_io__rosidl_typesupport_fastrtps_c.h
[5.276s] -- Up-to-date: /home/tomccd/Documents/Code/Python/DATN/install/custom_interfaces/include/custom_interfaces/custom_interfaces/msg/detail/terminate_sys__rosidl_typesupport_fastrtps_c.h
[5.276s] -- Up-to-date: /home/tomccd/Documents/Code/Python/DATN/install/custom_interfaces/include/custom_interfaces/custom_interfaces/msg/detail/terminate__rosidl_typesupport_fastrtps_c.h
[5.278s] -- Up-to-date: /home/tomccd/Documents/Code/Python/DATN/install/custom_interfaces/lib/libcustom_interfaces__rosidl_typesupport_fastrtps_c.so
[5.279s] -- Up-to-date: /home/tomccd/Documents/Code/Python/DATN/install/custom_interfaces/include/custom_interfaces/custom_interfaces
[5.280s] -- Up-to-date: /home/tomccd/Documents/Code/Python/DATN/install/custom_interfaces/include/custom_interfaces/custom_interfaces/srv
[5.281s] -- Up-to-date: /home/tomccd/Documents/Code/Python/DATN/install/custom_interfaces/include/custom_interfaces/custom_interfaces/srv/detail
[5.282s] -- Up-to-date: /home/tomccd/Documents/Code/Python/DATN/install/custom_interfaces/include/custom_interfaces/custom_interfaces/srv/detail/initialize_system__rosidl_typesupport_introspection_c.h
[5.284s] -- Installing: /home/tomccd/Documents/Code/Python/DATN/install/custom_interfaces/include/custom_interfaces/custom_interfaces/srv/detail/initialize_system__type_support.c
[5.285s] -- Installing: /home/tomccd/Documents/Code/Python/DATN/install/custom_interfaces/include/custom_interfaces/custom_interfaces/srv/detail/init_sys__type_support.c
[5.287s] -- Up-to-date: /home/tomccd/Documents/Code/Python/DATN/install/custom_interfaces/include/custom_interfaces/custom_interfaces/srv/detail/init_sys__rosidl_typesupport_introspection_c.h
[5.294s] -- Up-to-date: /home/tomccd/Documents/Code/Python/DATN/install/custom_interfaces/include/custom_interfaces/custom_interfaces/msg
[5.295s] -- Up-to-date: /home/tomccd/Documents/Code/Python/DATN/install/custom_interfaces/include/custom_interfaces/custom_interfaces/msg/rosidl_typesupport_introspection_c__visibility_control.h
[5.296s] -- Up-to-date: /home/tomccd/Documents/Code/Python/DATN/install/custom_interfaces/include/custom_interfaces/custom_interfaces/msg/detail
[5.297s] -- Up-to-date: /home/tomccd/Documents/Code/Python/DATN/install/custom_interfaces/include/custom_interfaces/custom_interfaces/msg/detail/set_weigh_io__rosidl_typesupport_introspection_c.h
[5.299s] -- Up-to-date: /home/tomccd/Documents/Code/Python/DATN/install/custom_interfaces/include/custom_interfaces/custom_interfaces/msg/detail/terminate__rosidl_typesupport_introspection_c.h
[5.306s] -- Installing: /home/tomccd/Documents/Code/Python/DATN/install/custom_interfaces/include/custom_interfaces/custom_interfaces/msg/detail/terminate__type_support.c
[5.308s] -- Up-to-date: /home/tomccd/Documents/Code/Python/DATN/install/custom_interfaces/include/custom_interfaces/custom_interfaces/msg/detail/weigh_value__rosidl_typesupport_introspection_c.h
[5.309s] -- Installing: /home/tomccd/Documents/Code/Python/DATN/install/custom_interfaces/include/custom_interfaces/custom_interfaces/msg/detail/terminate_sys__type_support.c
[5.311s] -- Installing: /home/tomccd/Documents/Code/Python/DATN/install/custom_interfaces/include/custom_interfaces/custom_interfaces/msg/detail/set_weigh_io__type_support.c
[5.312s] -- Up-to-date: /home/tomccd/Documents/Code/Python/DATN/install/custom_interfaces/include/custom_interfaces/custom_interfaces/msg/detail/terminate_sys__rosidl_typesupport_introspection_c.h
[5.313s] -- Installing: /home/tomccd/Documents/Code/Python/DATN/install/custom_interfaces/include/custom_interfaces/custom_interfaces/msg/detail/weigh_value__type_support.c
[5.316s] -- Up-to-date: /home/tomccd/Documents/Code/Python/DATN/install/custom_interfaces/lib/libcustom_interfaces__rosidl_typesupport_introspection_c.so
[5.318s] -- Up-to-date: /home/tomccd/Documents/Code/Python/DATN/install/custom_interfaces/lib/libcustom_interfaces__rosidl_typesupport_c.so
[5.319s] -- Up-to-date: /home/tomccd/Documents/Code/Python/DATN/install/custom_interfaces/include/custom_interfaces/custom_interfaces
[5.327s] -- Up-to-date: /home/tomccd/Documents/Code/Python/DATN/install/custom_interfaces/include/custom_interfaces/custom_interfaces/srv
[5.328s] -- Up-to-date: /home/tomccd/Documents/Code/Python/DATN/install/custom_interfaces/include/custom_interfaces/custom_interfaces/srv/initialize_system.hpp
[5.335s] -- Up-to-date: /home/tomccd/Documents/Code/Python/DATN/install/custom_interfaces/include/custom_interfaces/custom_interfaces/srv/detail
[5.336s] -- Up-to-date: /home/tomccd/Documents/Code/Python/DATN/install/custom_interfaces/include/custom_interfaces/custom_interfaces/srv/detail/initialize_system__struct.hpp
[5.338s] -- Up-to-date: /home/tomccd/Documents/Code/Python/DATN/install/custom_interfaces/include/custom_interfaces/custom_interfaces/srv/detail/initialize_system__builder.hpp
[5.340s] -- Up-to-date: /home/tomccd/Documents/Code/Python/DATN/install/custom_interfaces/include/custom_interfaces/custom_interfaces/srv/detail/initialize_system__type_support.hpp
[5.344s] -- Up-to-date: /home/tomccd/Documents/Code/Python/DATN/install/custom_interfaces/include/custom_interfaces/custom_interfaces/srv/detail/init_sys__type_support.hpp
[5.345s] -- Up-to-date: /home/tomccd/Documents/Code/Python/DATN/install/custom_interfaces/include/custom_interfaces/custom_interfaces/srv/detail/init_sys__traits.hpp
[5.346s] -- Up-to-date: /home/tomccd/Documents/Code/Python/DATN/install/custom_interfaces/include/custom_interfaces/custom_interfaces/srv/detail/init_sys__struct.hpp
[5.347s] -- Up-to-date: /home/tomccd/Documents/Code/Python/DATN/install/custom_interfaces/include/custom_interfaces/custom_interfaces/srv/detail/init_sys__builder.hpp
[5.348s] -- Up-to-date: /home/tomccd/Documents/Code/Python/DATN/install/custom_interfaces/include/custom_interfaces/custom_interfaces/srv/detail/initialize_system__traits.hpp
[5.349s] -- Up-to-date: /home/tomccd/Documents/Code/Python/DATN/install/custom_interfaces/include/custom_interfaces/custom_interfaces/srv/init_sys.hpp
[5.350s] -- Up-to-date: /home/tomccd/Documents/Code/Python/DATN/install/custom_interfaces/include/custom_interfaces/custom_interfaces/msg
[5.351s] -- Up-to-date: /home/tomccd/Documents/Code/Python/DATN/install/custom_interfaces/include/custom_interfaces/custom_interfaces/msg/weigh_value.hpp
[5.352s] -- Up-to-date: /home/tomccd/Documents/Code/Python/DATN/install/custom_interfaces/include/custom_interfaces/custom_interfaces/msg/rosidl_generator_cpp__visibility_control.hpp
[5.359s] -- Up-to-date: /home/tomccd/Documents/Code/Python/DATN/install/custom_interfaces/include/custom_interfaces/custom_interfaces/msg/terminate_sys.hpp
[5.360s] -- Up-to-date: /home/tomccd/Documents/Code/Python/DATN/install/custom_interfaces/include/custom_interfaces/custom_interfaces/msg/set_weigh_io.hpp
[5.366s] -- Up-to-date: /home/tomccd/Documents/Code/Python/DATN/install/custom_interfaces/include/custom_interfaces/custom_interfaces/msg/detail
[5.367s] -- Up-to-date: /home/tomccd/Documents/Code/Python/DATN/install/custom_interfaces/include/custom_interfaces/custom_interfaces/msg/detail/weigh_value__traits.hpp
[5.369s] -- Up-to-date: /home/tomccd/Documents/Code/Python/DATN/install/custom_interfaces/include/custom_interfaces/custom_interfaces/msg/detail/set_weigh_io__builder.hpp
[5.371s] -- Up-to-date: /home/tomccd/Documents/Code/Python/DATN/install/custom_interfaces/include/custom_interfaces/custom_interfaces/msg/detail/terminate__builder.hpp
[5.373s] -- Up-to-date: /home/tomccd/Documents/Code/Python/DATN/install/custom_interfaces/include/custom_interfaces/custom_interfaces/msg/detail/terminate__traits.hpp
[5.375s] -- Up-to-date: /home/tomccd/Documents/Code/Python/DATN/install/custom_interfaces/include/custom_interfaces/custom_interfaces/msg/detail/weigh_value__type_support.hpp
[5.376s] -- Up-to-date: /home/tomccd/Documents/Code/Python/DATN/install/custom_interfaces/include/custom_interfaces/custom_interfaces/msg/detail/terminate_sys__traits.hpp
[5.377s] -- Up-to-date: /home/tomccd/Documents/Code/Python/DATN/install/custom_interfaces/include/custom_interfaces/custom_interfaces/msg/detail/weigh_value__builder.hpp
[5.380s] -- Up-to-date: /home/tomccd/Documents/Code/Python/DATN/install/custom_interfaces/include/custom_interfaces/custom_interfaces/msg/detail/terminate__struct.hpp
[5.400s] -- Up-to-date: /home/tomccd/Documents/Code/Python/DATN/install/custom_interfaces/include/custom_interfaces/custom_interfaces/msg/detail/set_weigh_io__traits.hpp
[5.400s] -- Up-to-date: /home/tomccd/Documents/Code/Python/DATN/install/custom_interfaces/include/custom_interfaces/custom_interfaces/msg/detail/weigh_value__struct.hpp
[5.415s] -- Up-to-date: /home/tomccd/Documents/Code/Python/DATN/install/custom_interfaces/include/custom_interfaces/custom_interfaces/msg/detail/terminate_sys__type_support.hpp
[5.417s] -- Up-to-date: /home/tomccd/Documents/Code/Python/DATN/install/custom_interfaces/include/custom_interfaces/custom_interfaces/msg/detail/set_weigh_io__struct.hpp
[5.418s] -- Up-to-date: /home/tomccd/Documents/Code/Python/DATN/install/custom_interfaces/include/custom_interfaces/custom_interfaces/msg/detail/set_weigh_io__type_support.hpp
[5.419s] -- Up-to-date: /home/tomccd/Documents/Code/Python/DATN/install/custom_interfaces/include/custom_interfaces/custom_interfaces/msg/detail/terminate__type_support.hpp
[5.420s] -- Up-to-date: /home/tomccd/Documents/Code/Python/DATN/install/custom_interfaces/include/custom_interfaces/custom_interfaces/msg/detail/terminate_sys__struct.hpp
[5.420s] -- Up-to-date: /home/tomccd/Documents/Code/Python/DATN/install/custom_interfaces/include/custom_interfaces/custom_interfaces/msg/detail/terminate_sys__builder.hpp
[5.421s] -- Up-to-date: /home/tomccd/Documents/Code/Python/DATN/install/custom_interfaces/include/custom_interfaces/custom_interfaces/msg/terminate.hpp
[5.422s] -- Up-to-date: /home/tomccd/Documents/Code/Python/DATN/install/custom_interfaces/include/custom_interfaces/custom_interfaces
[5.423s] -- Up-to-date: /home/tomccd/Documents/Code/Python/DATN/install/custom_interfaces/include/custom_interfaces/custom_interfaces/srv
[5.424s] -- Up-to-date: /home/tomccd/Documents/Code/Python/DATN/install/custom_interfaces/include/custom_interfaces/custom_interfaces/srv/detail
[5.425s] -- Up-to-date: /home/tomccd/Documents/Code/Python/DATN/install/custom_interfaces/include/custom_interfaces/custom_interfaces/srv/detail/init_sys__rosidl_typesupport_fastrtps_cpp.hpp
[5.426s] -- Up-to-date: /home/tomccd/Documents/Code/Python/DATN/install/custom_interfaces/include/custom_interfaces/custom_interfaces/srv/detail/initialize_system__rosidl_typesupport_fastrtps_cpp.hpp
[5.427s] -- Up-to-date: /home/tomccd/Documents/Code/Python/DATN/install/custom_interfaces/include/custom_interfaces/custom_interfaces/srv/detail/dds_fastrtps
[5.428s] -- Up-to-date: /home/tomccd/Documents/Code/Python/DATN/install/custom_interfaces/include/custom_interfaces/custom_interfaces/msg
[5.429s] -- Up-to-date: /home/tomccd/Documents/Code/Python/DATN/install/custom_interfaces/include/custom_interfaces/custom_interfaces/msg/detail
[5.429s] -- Up-to-date: /home/tomccd/Documents/Code/Python/DATN/install/custom_interfaces/include/custom_interfaces/custom_interfaces/msg/detail/weigh_value__rosidl_typesupport_fastrtps_cpp.hpp
[5.430s] -- Up-to-date: /home/tomccd/Documents/Code/Python/DATN/install/custom_interfaces/include/custom_interfaces/custom_interfaces/msg/detail/terminate__rosidl_typesupport_fastrtps_cpp.hpp
[5.431s] -- Up-to-date: /home/tomccd/Documents/Code/Python/DATN/install/custom_interfaces/include/custom_interfaces/custom_interfaces/msg/detail/dds_fastrtps
[5.433s] -- Up-to-date: /home/tomccd/Documents/Code/Python/DATN/install/custom_interfaces/include/custom_interfaces/custom_interfaces/msg/detail/terminate_sys__rosidl_typesupport_fastrtps_cpp.hpp
[5.434s] -- Up-to-date: /home/tomccd/Documents/Code/Python/DATN/install/custom_interfaces/include/custom_interfaces/custom_interfaces/msg/detail/set_weigh_io__rosidl_typesupport_fastrtps_cpp.hpp
[5.448s] -- Up-to-date: /home/tomccd/Documents/Code/Python/DATN/install/custom_interfaces/include/custom_interfaces/custom_interfaces/msg/rosidl_typesupport_fastrtps_cpp__visibility_control.h
[5.449s] -- Up-to-date: /home/tomccd/Documents/Code/Python/DATN/install/custom_interfaces/lib/libcustom_interfaces__rosidl_typesupport_fastrtps_cpp.so
[5.452s] -- Up-to-date: /home/tomccd/Documents/Code/Python/DATN/install/custom_interfaces/include/custom_interfaces/custom_interfaces
[5.454s] -- Up-to-date: /home/tomccd/Documents/Code/Python/DATN/install/custom_interfaces/include/custom_interfaces/custom_interfaces/srv
[5.455s] -- Up-to-date: /home/tomccd/Documents/Code/Python/DATN/install/custom_interfaces/include/custom_interfaces/custom_interfaces/srv/detail
[5.467s] -- Up-to-date: /home/tomccd/Documents/Code/Python/DATN/install/custom_interfaces/include/custom_interfaces/custom_interfaces/srv/detail/initialize_system__type_support.cpp
[5.469s] -- Up-to-date: /home/tomccd/Documents/Code/Python/DATN/install/custom_interfaces/include/custom_interfaces/custom_interfaces/srv/detail/init_sys__type_support.cpp
[5.476s] -- Up-to-date: /home/tomccd/Documents/Code/Python/DATN/install/custom_interfaces/include/custom_interfaces/custom_interfaces/srv/detail/init_sys__rosidl_typesupport_introspection_cpp.hpp
[5.477s] -- Up-to-date: /home/tomccd/Documents/Code/Python/DATN/install/custom_interfaces/include/custom_interfaces/custom_interfaces/srv/detail/initialize_system__rosidl_typesupport_introspection_cpp.hpp
[5.478s] -- Up-to-date: /home/tomccd/Documents/Code/Python/DATN/install/custom_interfaces/include/custom_interfaces/custom_interfaces/msg
[5.480s] -- Up-to-date: /home/tomccd/Documents/Code/Python/DATN/install/custom_interfaces/include/custom_interfaces/custom_interfaces/msg/detail
[5.481s] -- Up-to-date: /home/tomccd/Documents/Code/Python/DATN/install/custom_interfaces/include/custom_interfaces/custom_interfaces/msg/detail/terminate__rosidl_typesupport_introspection_cpp.hpp
[5.481s] -- Up-to-date: /home/tomccd/Documents/Code/Python/DATN/install/custom_interfaces/include/custom_interfaces/custom_interfaces/msg/detail/set_weigh_io__rosidl_typesupport_introspection_cpp.hpp
[5.482s] -- Up-to-date: /home/tomccd/Documents/Code/Python/DATN/install/custom_interfaces/include/custom_interfaces/custom_interfaces/msg/detail/terminate__type_support.cpp
[5.483s] -- Up-to-date: /home/tomccd/Documents/Code/Python/DATN/install/custom_interfaces/include/custom_interfaces/custom_interfaces/msg/detail/set_weigh_io__type_support.cpp
[5.484s] -- Up-to-date: /home/tomccd/Documents/Code/Python/DATN/install/custom_interfaces/include/custom_interfaces/custom_interfaces/msg/detail/terminate_sys__rosidl_typesupport_introspection_cpp.hpp
[5.485s] -- Up-to-date: /home/tomccd/Documents/Code/Python/DATN/install/custom_interfaces/include/custom_interfaces/custom_interfaces/msg/detail/terminate_sys__type_support.cpp
[5.486s] -- Up-to-date: /home/tomccd/Documents/Code/Python/DATN/install/custom_interfaces/include/custom_interfaces/custom_interfaces/msg/detail/weigh_value__rosidl_typesupport_introspection_cpp.hpp
[5.487s] -- Up-to-date: /home/tomccd/Documents/Code/Python/DATN/install/custom_interfaces/include/custom_interfaces/custom_interfaces/msg/detail/weigh_value__type_support.cpp
[5.487s] -- Up-to-date: /home/tomccd/Documents/Code/Python/DATN/install/custom_interfaces/lib/libcustom_interfaces__rosidl_typesupport_introspection_cpp.so
[5.488s] -- Up-to-date: /home/tomccd/Documents/Code/Python/DATN/install/custom_interfaces/lib/libcustom_interfaces__rosidl_typesupport_cpp.so
[5.489s] -- Up-to-date: /home/tomccd/Documents/Code/Python/DATN/install/custom_interfaces/share/custom_interfaces/environment/pythonpath.sh
[5.490s] -- Up-to-date: /home/tomccd/Documents/Code/Python/DATN/install/custom_interfaces/share/custom_interfaces/environment/pythonpath.dsv
[5.492s] -- Up-to-date: /home/tomccd/Documents/Code/Python/DATN/install/custom_interfaces/lib/python3.12/site-packages/custom_interfaces-0.0.0-py3.12.egg-info
[5.492s] -- Installing: /home/tomccd/Documents/Code/Python/DATN/install/custom_interfaces/lib/python3.12/site-packages/custom_interfaces-0.0.0-py3.12.egg-info/SOURCES.txt
[5.493s] -- Installing: /home/tomccd/Documents/Code/Python/DATN/install/custom_interfaces/lib/python3.12/site-packages/custom_interfaces-0.0.0-py3.12.egg-info/dependency_links.txt
[5.494s] -- Installing: /home/tomccd/Documents/Code/Python/DATN/install/custom_interfaces/lib/python3.12/site-packages/custom_interfaces-0.0.0-py3.12.egg-info/PKG-INFO
[5.495s] -- Installing: /home/tomccd/Documents/Code/Python/DATN/install/custom_interfaces/lib/python3.12/site-packages/custom_interfaces-0.0.0-py3.12.egg-info/top_level.txt
[5.496s] -- Up-to-date: /home/tomccd/Documents/Code/Python/DATN/install/custom_interfaces/lib/python3.12/site-packages/custom_interfaces
[5.497s] -- Up-to-date: /home/tomccd/Documents/Code/Python/DATN/install/custom_interfaces/lib/python3.12/site-packages/custom_interfaces/custom_interfaces_s__rosidl_typesupport_introspection_c.so
[5.498s] -- Up-to-date: /home/tomccd/Documents/Code/Python/DATN/install/custom_interfaces/lib/python3.12/site-packages/custom_interfaces/custom_interfaces_s__rosidl_typesupport_c.so
[5.499s] -- Up-to-date: /home/tomccd/Documents/Code/Python/DATN/install/custom_interfaces/lib/python3.12/site-packages/custom_interfaces/__init__.py
[5.500s] -- Up-to-date: /home/tomccd/Documents/Code/Python/DATN/install/custom_interfaces/lib/python3.12/site-packages/custom_interfaces/_custom_interfaces_s.ep.rosidl_typesupport_introspection_c.c
[5.501s] -- Up-to-date: /home/tomccd/Documents/Code/Python/DATN/install/custom_interfaces/lib/python3.12/site-packages/custom_interfaces/_custom_interfaces_s.ep.rosidl_typesupport_c.c
[5.505s] -- Up-to-date: /home/tomccd/Documents/Code/Python/DATN/install/custom_interfaces/lib/python3.12/site-packages/custom_interfaces/srv
[5.506s] -- Up-to-date: /home/tomccd/Documents/Code/Python/DATN/install/custom_interfaces/lib/python3.12/site-packages/custom_interfaces/srv/__init__.py
[5.507s] -- Up-to-date: /home/tomccd/Documents/Code/Python/DATN/install/custom_interfaces/lib/python3.12/site-packages/custom_interfaces/srv/_initialize_system_s.c
[5.508s] -- Up-to-date: /home/tomccd/Documents/Code/Python/DATN/install/custom_interfaces/lib/python3.12/site-packages/custom_interfaces/srv/_initialize_system.py
[5.521s] -- Up-to-date: /home/tomccd/Documents/Code/Python/DATN/install/custom_interfaces/lib/python3.12/site-packages/custom_interfaces/srv/_init_sys_s.c
[5.522s] -- Up-to-date: /home/tomccd/Documents/Code/Python/DATN/install/custom_interfaces/lib/python3.12/site-packages/custom_interfaces/srv/_init_sys.py
[5.523s] -- Up-to-date: /home/tomccd/Documents/Code/Python/DATN/install/custom_interfaces/lib/python3.12/site-packages/custom_interfaces/msg
[5.524s] -- Up-to-date: /home/tomccd/Documents/Code/Python/DATN/install/custom_interfaces/lib/python3.12/site-packages/custom_interfaces/msg/_terminate.py
[5.525s] -- Up-to-date: /home/tomccd/Documents/Code/Python/DATN/install/custom_interfaces/lib/python3.12/site-packages/custom_interfaces/msg/_weigh_value.py
[5.525s] -- Up-to-date: /home/tomccd/Documents/Code/Python/DATN/install/custom_interfaces/lib/python3.12/site-packages/custom_interfaces/msg/__init__.py
[5.527s] -- Up-to-date: /home/tomccd/Documents/Code/Python/DATN/install/custom_interfaces/lib/python3.12/site-packages/custom_interfaces/msg/_terminate_s.c
[5.528s] -- Up-to-date: /home/tomccd/Documents/Code/Python/DATN/install/custom_interfaces/lib/python3.12/site-packages/custom_interfaces/msg/_terminate_sys.py
[5.528s] -- Up-to-date: /home/tomccd/Documents/Code/Python/DATN/install/custom_interfaces/lib/python3.12/site-packages/custom_interfaces/msg/_terminate_sys_s.c
[5.530s] -- Up-to-date: /home/tomccd/Documents/Code/Python/DATN/install/custom_interfaces/lib/python3.12/site-packages/custom_interfaces/msg/_weigh_value_s.c
[5.531s] -- Up-to-date: /home/tomccd/Documents/Code/Python/DATN/install/custom_interfaces/lib/python3.12/site-packages/custom_interfaces/msg/_set_weigh_io_s.c
[5.532s] -- Up-to-date: /home/tomccd/Documents/Code/Python/DATN/install/custom_interfaces/lib/python3.12/site-packages/custom_interfaces/msg/_set_weigh_io.py
[5.533s] -- Up-to-date: /home/tomccd/Documents/Code/Python/DATN/install/custom_interfaces/lib/python3.12/site-packages/custom_interfaces/custom_interfaces_s__rosidl_typesupport_fastrtps_c.so
[5.534s] -- Up-to-date: /home/tomccd/Documents/Code/Python/DATN/install/custom_interfaces/lib/python3.12/site-packages/custom_interfaces/_custom_interfaces_s.ep.rosidl_typesupport_fastrtps_c.c
[5.698s] Listing '/home/tomccd/Documents/Code/Python/DATN/install/custom_interfaces/lib/python3.12/site-packages/custom_interfaces'...
[5.703s] Listing '/home/tomccd/Documents/Code/Python/DATN/install/custom_interfaces/lib/python3.12/site-packages/custom_interfaces/msg'...
[5.712s] Listing '/home/tomccd/Documents/Code/Python/DATN/install/custom_interfaces/lib/python3.12/site-packages/custom_interfaces/srv'...
[5.751s] -- Up-to-date: /home/tomccd/Documents/Code/Python/DATN/install/custom_interfaces/lib/python3.12/site-packages/custom_interfaces/custom_interfaces_s__rosidl_typesupport_fastrtps_c.so
[5.759s] -- Up-to-date: /home/tomccd/Documents/Code/Python/DATN/install/custom_interfaces/lib/python3.12/site-packages/custom_interfaces/custom_interfaces_s__rosidl_typesupport_introspection_c.so
[5.761s] -- Up-to-date: /home/tomccd/Documents/Code/Python/DATN/install/custom_interfaces/lib/python3.12/site-packages/custom_interfaces/custom_interfaces_s__rosidl_typesupport_c.so
[5.772s] -- Up-to-date: /home/tomccd/Documents/Code/Python/DATN/install/custom_interfaces/lib/libcustom_interfaces__rosidl_generator_py.so
[5.783s] -- Up-to-date: /home/tomccd/Documents/Code/Python/DATN/install/custom_interfaces/share/custom_interfaces/msg/TerminateSys.idl
[5.786s] -- Up-to-date: /home/tomccd/Documents/Code/Python/DATN/install/custom_interfaces/share/custom_interfaces/srv/InitSys.idl
[5.794s] -- Up-to-date: /home/tomccd/Documents/Code/Python/DATN/install/custom_interfaces/share/custom_interfaces/msg/SetWeighIO.idl
[5.796s] -- Up-to-date: /home/tomccd/Documents/Code/Python/DATN/install/custom_interfaces/share/custom_interfaces/msg/WeighValue.idl
[5.801s] -- Up-to-date: /home/tomccd/Documents/Code/Python/DATN/install/custom_interfaces/share/custom_interfaces/msg/TerminateSys.msg
[5.808s] -- Up-to-date: /home/tomccd/Documents/Code/Python/DATN/install/custom_interfaces/share/custom_interfaces/srv/InitSys.srv
[5.809s] -- Up-to-date: /home/tomccd/Documents/Code/Python/DATN/install/custom_interfaces/share/custom_interfaces/msg/SetWeighIO.msg
[5.812s] -- Up-to-date: /home/tomccd/Documents/Code/Python/DATN/install/custom_interfaces/share/custom_interfaces/msg/WeighValue.msg
[5.813s] -- Up-to-date: /home/tomccd/Documents/Code/Python/DATN/install/custom_interfaces/share/ament_index/resource_index/package_run_dependencies/custom_interfaces
[5.824s] -- Up-to-date: /home/tomccd/Documents/Code/Python/DATN/install/custom_interfaces/share/ament_index/resource_index/parent_prefix_path/custom_interfaces
[5.834s] -- Up-to-date: /home/tomccd/Documents/Code/Python/DATN/install/custom_interfaces/share/custom_interfaces/environment/ament_prefix_path.sh
[5.835s] -- Up-to-date: /home/tomccd/Documents/Code/Python/DATN/install/custom_interfaces/share/custom_interfaces/environment/ament_prefix_path.dsv
[5.845s] -- Up-to-date: /home/tomccd/Documents/Code/Python/DATN/install/custom_interfaces/share/custom_interfaces/environment/path.sh
[5.872s] -- Up-to-date: /home/tomccd/Documents/Code/Python/DATN/install/custom_interfaces/share/custom_interfaces/environment/path.dsv
[5.874s] -- Up-to-date: /home/tomccd/Documents/Code/Python/DATN/install/custom_interfaces/share/custom_interfaces/local_setup.bash
[5.875s] -- Up-to-date: /home/tomccd/Documents/Code/Python/DATN/install/custom_interfaces/share/custom_interfaces/local_setup.sh
[5.901s] -- Up-to-date: /home/tomccd/Documents/Code/Python/DATN/install/custom_interfaces/share/custom_interfaces/local_setup.zsh
[5.909s] -- Up-to-date: /home/tomccd/Documents/Code/Python/DATN/install/custom_interfaces/share/custom_interfaces/local_setup.dsv
[5.911s] -- Installing: /home/tomccd/Documents/Code/Python/DATN/install/custom_interfaces/share/custom_interfaces/package.dsv
[5.918s] -- Up-to-date: /home/tomccd/Documents/Code/Python/DATN/install/custom_interfaces/share/ament_index/resource_index/packages/custom_interfaces
[5.928s] -- Up-to-date: /home/tomccd/Documents/Code/Python/DATN/install/custom_interfaces/share/custom_interfaces/cmake/export_custom_interfaces__rosidl_generator_cExport.cmake
[5.938s] -- Up-to-date: /home/tomccd/Documents/Code/Python/DATN/install/custom_interfaces/share/custom_interfaces/cmake/export_custom_interfaces__rosidl_generator_cExport-noconfig.cmake
[5.939s] -- Up-to-date: /home/tomccd/Documents/Code/Python/DATN/install/custom_interfaces/share/custom_interfaces/cmake/export_custom_interfaces__rosidl_typesupport_fastrtps_cExport.cmake
[5.940s] -- Up-to-date: /home/tomccd/Documents/Code/Python/DATN/install/custom_interfaces/share/custom_interfaces/cmake/export_custom_interfaces__rosidl_typesupport_fastrtps_cExport-noconfig.cmake
[5.946s] -- Up-to-date: /home/tomccd/Documents/Code/Python/DATN/install/custom_interfaces/share/custom_interfaces/cmake/custom_interfaces__rosidl_typesupport_introspection_cExport.cmake
[5.947s] -- Up-to-date: /home/tomccd/Documents/Code/Python/DATN/install/custom_interfaces/share/custom_interfaces/cmake/custom_interfaces__rosidl_typesupport_introspection_cExport-noconfig.cmake
[5.950s] -- Up-to-date: /home/tomccd/Documents/Code/Python/DATN/install/custom_interfaces/share/custom_interfaces/cmake/custom_interfaces__rosidl_typesupport_cExport.cmake
[5.956s] -- Up-to-date: /home/tomccd/Documents/Code/Python/DATN/install/custom_interfaces/share/custom_interfaces/cmake/custom_interfaces__rosidl_typesupport_cExport-noconfig.cmake
[5.962s] -- Up-to-date: /home/tomccd/Documents/Code/Python/DATN/install/custom_interfaces/share/custom_interfaces/cmake/export_custom_interfaces__rosidl_generator_cppExport.cmake
[5.964s] -- Up-to-date: /home/tomccd/Documents/Code/Python/DATN/install/custom_interfaces/share/custom_interfaces/cmake/export_custom_interfaces__rosidl_typesupport_fastrtps_cppExport.cmake
[5.968s] -- Up-to-date: /home/tomccd/Documents/Code/Python/DATN/install/custom_interfaces/share/custom_interfaces/cmake/export_custom_interfaces__rosidl_typesupport_fastrtps_cppExport-noconfig.cmake
[5.969s] -- Up-to-date: /home/tomccd/Documents/Code/Python/DATN/install/custom_interfaces/share/custom_interfaces/cmake/custom_interfaces__rosidl_typesupport_introspection_cppExport.cmake
[5.973s] -- Up-to-date: /home/tomccd/Documents/Code/Python/DATN/install/custom_interfaces/share/custom_interfaces/cmake/custom_interfaces__rosidl_typesupport_introspection_cppExport-noconfig.cmake
[5.975s] -- Up-to-date: /home/tomccd/Documents/Code/Python/DATN/install/custom_interfaces/share/custom_interfaces/cmake/custom_interfaces__rosidl_typesupport_cppExport.cmake
[5.976s] -- Up-to-date: /home/tomccd/Documents/Code/Python/DATN/install/custom_interfaces/share/custom_interfaces/cmake/custom_interfaces__rosidl_typesupport_cppExport-noconfig.cmake
[5.986s] -- Up-to-date: /home/tomccd/Documents/Code/Python/DATN/install/custom_interfaces/share/custom_interfaces/cmake/export_custom_interfaces__rosidl_generator_pyExport.cmake
[5.987s] -- Up-to-date: /home/tomccd/Documents/Code/Python/DATN/install/custom_interfaces/share/custom_interfaces/cmake/export_custom_interfaces__rosidl_generator_pyExport-noconfig.cmake
[5.987s] -- Up-to-date: /home/tomccd/Documents/Code/Python/DATN/install/custom_interfaces/share/custom_interfaces/cmake/rosidl_cmake-extras.cmake
[5.989s] -- Up-to-date: /home/tomccd/Documents/Code/Python/DATN/install/custom_interfaces/share/custom_interfaces/cmake/ament_cmake_export_dependencies-extras.cmake
[5.991s] -- Up-to-date: /home/tomccd/Documents/Code/Python/DATN/install/custom_interfaces/share/custom_interfaces/cmake/ament_cmake_export_include_directories-extras.cmake
[5.992s] -- Up-to-date: /home/tomccd/Documents/Code/Python/DATN/install/custom_interfaces/share/custom_interfaces/cmake/ament_cmake_export_libraries-extras.cmake
[5.994s] -- Up-to-date: /home/tomccd/Documents/Code/Python/DATN/install/custom_interfaces/share/custom_interfaces/cmake/ament_cmake_export_targets-extras.cmake
[5.995s] -- Up-to-date: /home/tomccd/Documents/Code/Python/DATN/install/custom_interfaces/share/custom_interfaces/cmake/rosidl_cmake_export_typesupport_targets-extras.cmake
[5.997s] -- Up-to-date: /home/tomccd/Documents/Code/Python/DATN/install/custom_interfaces/share/custom_interfaces/cmake/rosidl_cmake_export_typesupport_libraries-extras.cmake
[5.998s] -- Up-to-date: /home/tomccd/Documents/Code/Python/DATN/install/custom_interfaces/share/custom_interfaces/cmake/custom_interfacesConfig.cmake
[6.000s] -- Up-to-date: /home/tomccd/Documents/Code/Python/DATN/install/custom_interfaces/share/custom_interfaces/cmake/custom_interfacesConfig-version.cmake
[6.017s] -- Up-to-date: /home/tomccd/Documents/Code/Python/DATN/install/custom_interfaces/share/custom_interfaces/package.xml
[6.018s] Invoked command in '/home/tomccd/Documents/Code/Python/DATN/build/custom_interfaces' returned '0': CMAKE_PREFIX_PATH=${CMAKE_PREFIX_PATH}:/home/tomccd/Documents/Code/Python/DATN/install/module_weigh:/home/tomccd/Documents/Code/Python/DATN/install/module_supervisor:/home/tomccd/Documents/Code/Python/DATN/install/module_scanning_interface:/home/tomccd/Documents/Code/Python/DATN/install/module_input:/opt/ros/jazzy DEBUGINFOD_URLS=https://debuginfod.ubuntu.com /usr/bin/cmake --install /home/tomccd/Documents/Code/Python/DATN/build/custom_interfaces
