[19.570s] Invoking command in '/home/tomccd/Documents/Code/Python/DATN/Packages/module_motor': CMAKE_PREFIX_PATH=/home/tomccd/Documents/Code/Python/DATN/install/custom_interfaces:/home/tomccd/Documents/Code/Python/DATN/install/launch_system:/home/tomccd/Documents/Code/Python/DATN/install/module_log_file:/opt/ros/jazzy/opt/gz_math_vendor:/opt/ros/jazzy/opt/gz_utils_vendor:/opt/ros/jazzy/opt/gz_cmake_vendor PYTHONPATH=/home/tomccd/Documents/Code/Python/DATN/build/module_motor/prefix_override:/usr/lib/python3/dist-packages/colcon_core/task/python/colcon_distutils_commands:/home/tomccd/Documents/Code/Python/DATN/install/module_motor/lib/python3.12/site-packages:/home/tomccd/Documents/Code/Python/DATN/install/custom_interfaces/lib/python3.12/site-packages:/home/tomccd/Documents/Code/Python/DATN/install/module_weigh/lib/python3.12/site-packages:/home/tomccd/Documents/Code/Python/DATN/install/module_supervisor/lib/python3.12/site-packages:/home/tomccd/Documents/Code/Python/DATN/install/module_scanning_interface/lib/python3.12/site-packages:/home/tomccd/Documents/Code/Python/DATN/install/module_motor/lib/python3.12/site-packages:/home/tomccd/Documents/Code/Python/DATN/install/module_input/lib/python3.12/site-packages:/opt/ros/jazzy/lib/python3.12/site-packages /usr/bin/python3 -W ignore:setup.py install is deprecated setup.py egg_info --egg-base ../../build/module_motor build --build-base /home/tomccd/Documents/Code/Python/DATN/build/module_motor/build install --record /home/tomccd/Documents/Code/Python/DATN/build/module_motor/install.log --single-version-externally-managed install_data
[28.751s] running egg_info
[28.986s] writing ../../build/module_motor/module_motor.egg-info/PKG-INFO
[28.989s] writing dependency_links to ../../build/module_motor/module_motor.egg-info/dependency_links.txt
[28.995s] writing entry points to ../../build/module_motor/module_motor.egg-info/entry_points.txt
[28.999s] writing requirements to ../../build/module_motor/module_motor.egg-info/requires.txt
[29.001s] writing top-level names to ../../build/module_motor/module_motor.egg-info/top_level.txt
[32.718s] reading manifest file '../../build/module_motor/module_motor.egg-info/SOURCES.txt'
[32.764s] writing manifest file '../../build/module_motor/module_motor.egg-info/SOURCES.txt'
[32.788s] running build
[32.790s] running build_py
[32.826s] running install
[33.114s] running install_lib
[33.757s] running install_data
[33.758s] running install_egg_info
[34.656s] removing '/home/tomccd/Documents/Code/Python/DATN/install/module_motor/lib/python3.12/site-packages/module_motor-0.0.0-py3.12.egg-info' (and everything under it)
[34.669s] Copying ../../build/module_motor/module_motor.egg-info to /home/tomccd/Documents/Code/Python/DATN/install/module_motor/lib/python3.12/site-packages/module_motor-0.0.0-py3.12.egg-info
[34.693s] running install_scripts
[40.132s] Installing node_dc_motor script to /home/tomccd/Documents/Code/Python/DATN/install/module_motor/lib/module_motor
[40.196s] Installing node_servo_motor script to /home/tomccd/Documents/Code/Python/DATN/install/module_motor/lib/module_motor
[40.238s] writing list of installed files to '/home/tomccd/Documents/Code/Python/DATN/build/module_motor/install.log'
[42.408s] Invoked command in '/home/tomccd/Documents/Code/Python/DATN/Packages/module_motor' returned '0': CMAKE_PREFIX_PATH=/home/tomccd/Documents/Code/Python/DATN/install/custom_interfaces:/home/tomccd/Documents/Code/Python/DATN/install/launch_system:/home/tomccd/Documents/Code/Python/DATN/install/module_log_file:/opt/ros/jazzy/opt/gz_math_vendor:/opt/ros/jazzy/opt/gz_utils_vendor:/opt/ros/jazzy/opt/gz_cmake_vendor PYTHONPATH=/home/tomccd/Documents/Code/Python/DATN/build/module_motor/prefix_override:/usr/lib/python3/dist-packages/colcon_core/task/python/colcon_distutils_commands:/home/tomccd/Documents/Code/Python/DATN/install/module_motor/lib/python3.12/site-packages:/home/tomccd/Documents/Code/Python/DATN/install/custom_interfaces/lib/python3.12/site-packages:/home/tomccd/Documents/Code/Python/DATN/install/module_weigh/lib/python3.12/site-packages:/home/tomccd/Documents/Code/Python/DATN/install/module_supervisor/lib/python3.12/site-packages:/home/tomccd/Documents/Code/Python/DATN/install/module_scanning_interface/lib/python3.12/site-packages:/home/tomccd/Documents/Code/Python/DATN/install/module_motor/lib/python3.12/site-packages:/home/tomccd/Documents/Code/Python/DATN/install/module_input/lib/python3.12/site-packages:/opt/ros/jazzy/lib/python3.12/site-packages /usr/bin/python3 -W ignore:setup.py install is deprecated setup.py egg_info --egg-base ../../build/module_motor build --build-base /home/tomccd/Documents/Code/Python/DATN/build/module_motor/build install --record /home/tomccd/Documents/Code/Python/DATN/build/module_motor/install.log --single-version-externally-managed install_data
