[0.577s] DEBUG:colcon:Command line arguments: ['/usr/bin/colcon', 'build', '--packages-select', 'module_supervisor']
[0.577s] DEBUG:colcon:Parsed command line arguments: Namespace(log_base=None, log_level=None, verb_name='build', build_base='build', install_base='install', merge_install=False, symlink_install=False, test_result_base=None, continue_on_error=False, executor='parallel', parallel_workers=4, event_handlers=None, ignore_user_meta=False, metas=['./colcon.meta'], base_paths=['.'], packages_ignore=None, packages_ignore_regex=None, paths=None, packages_up_to=None, packages_up_to_regex=None, packages_above=None, packages_above_and_dependencies=None, packages_above_depth=None, packages_select_by_dep=None, packages_skip_by_dep=None, packages_skip_up_to=None, packages_select_build_failed=False, packages_skip_build_finished=False, packages_select_test_failures=False, packages_skip_test_passed=False, packages_select=['module_supervisor'], packages_skip=None, packages_select_regex=None, packages_skip_regex=None, packages_start=None, packages_end=None, allow_overriding=[], cmake_args=None, cmake_target=None, cmake_target_skip_unavailable=False, cmake_clean_cache=False, cmake_clean_first=False, cmake_force_configure=False, ament_cmake_args=None, catkin_cmake_args=None, catkin_skip_building_tests=False, mixin_files=None, mixin=None, verb_parser=<colcon_mixin.mixin.mixin_argument.MixinArgumentDecorator object at 0xffff83d423f0>, verb_extension=<colcon_core.verb.build.BuildVerb object at 0xffff846cb1d0>, main=<bound method BuildVerb.main of <colcon_core.verb.build.BuildVerb object at 0xffff846cb1d0>>, mixin_verb=('build',))
[0.785s] Level 1:colcon.colcon_core.package_discovery:discover_packages(colcon_meta) check parameters
[0.787s] Level 1:colcon.colcon_core.package_discovery:discover_packages(recursive) check parameters
[0.787s] Level 1:colcon.colcon_core.package_discovery:discover_packages(ignore) check parameters
[0.787s] Level 1:colcon.colcon_core.package_discovery:discover_packages(path) check parameters
[0.787s] Level 1:colcon.colcon_core.package_discovery:discover_packages(colcon_meta) discover
[0.788s] Level 1:colcon.colcon_core.package_discovery:discover_packages(recursive) discover
[0.788s] INFO:colcon.colcon_core.package_discovery:Crawling recursively for packages in '/home/tomccd/Documents/Code/Python/DATN'
[0.789s] Level 1:colcon.colcon_core.package_identification:_identify(.) by extensions ['ignore', 'ignore_ament_install']
[0.790s] Level 1:colcon.colcon_core.package_identification:_identify(.) by extension 'ignore'
[0.790s] Level 1:colcon.colcon_core.package_identification:_identify(.) by extension 'ignore_ament_install'
[0.791s] Level 1:colcon.colcon_core.package_identification:_identify(.) by extensions ['colcon_pkg']
[0.791s] Level 1:colcon.colcon_core.package_identification:_identify(.) by extension 'colcon_pkg'
[0.791s] Level 1:colcon.colcon_core.package_identification:_identify(.) by extensions ['colcon_meta']
[0.791s] Level 1:colcon.colcon_core.package_identification:_identify(.) by extension 'colcon_meta'
[0.792s] Level 1:colcon.colcon_core.package_identification:_identify(.) by extensions ['ros']
[0.792s] Level 1:colcon.colcon_core.package_identification:_identify(.) by extension 'ros'
[0.916s] Level 1:colcon.colcon_core.package_identification:_identify(.) by extensions ['cmake', 'python']
[0.916s] Level 1:colcon.colcon_core.package_identification:_identify(.) by extension 'cmake'
[0.917s] Level 1:colcon.colcon_core.package_identification:_identify(.) by extension 'python'
[0.917s] Level 1:colcon.colcon_core.package_identification:_identify(.) by extensions ['python_setup_py']
[0.917s] Level 1:colcon.colcon_core.package_identification:_identify(.) by extension 'python_setup_py'
[0.918s] Level 1:colcon.colcon_core.package_identification:_identify(Packages) by extensions ['ignore', 'ignore_ament_install']
[0.919s] Level 1:colcon.colcon_core.package_identification:_identify(Packages) by extension 'ignore'
[0.919s] Level 1:colcon.colcon_core.package_identification:_identify(Packages) by extension 'ignore_ament_install'
[0.920s] Level 1:colcon.colcon_core.package_identification:_identify(Packages) by extensions ['colcon_pkg']
[0.920s] Level 1:colcon.colcon_core.package_identification:_identify(Packages) by extension 'colcon_pkg'
[0.920s] Level 1:colcon.colcon_core.package_identification:_identify(Packages) by extensions ['colcon_meta']
[0.921s] Level 1:colcon.colcon_core.package_identification:_identify(Packages) by extension 'colcon_meta'
[0.921s] Level 1:colcon.colcon_core.package_identification:_identify(Packages) by extensions ['ros']
[0.921s] Level 1:colcon.colcon_core.package_identification:_identify(Packages) by extension 'ros'
[0.922s] Level 1:colcon.colcon_core.package_identification:_identify(Packages) by extensions ['cmake', 'python']
[0.922s] Level 1:colcon.colcon_core.package_identification:_identify(Packages) by extension 'cmake'
[0.922s] Level 1:colcon.colcon_core.package_identification:_identify(Packages) by extension 'python'
[0.923s] Level 1:colcon.colcon_core.package_identification:_identify(Packages) by extensions ['python_setup_py']
[0.923s] Level 1:colcon.colcon_core.package_identification:_identify(Packages) by extension 'python_setup_py'
[0.924s] Level 1:colcon.colcon_core.package_identification:_identify(Packages/Log) by extensions ['ignore', 'ignore_ament_install']
[0.924s] Level 1:colcon.colcon_core.package_identification:_identify(Packages/Log) by extension 'ignore'
[0.925s] Level 1:colcon.colcon_core.package_identification:_identify(Packages/Log) by extension 'ignore_ament_install'
[0.925s] Level 1:colcon.colcon_core.package_identification:_identify(Packages/Log) by extensions ['colcon_pkg']
[0.925s] Level 1:colcon.colcon_core.package_identification:_identify(Packages/Log) by extension 'colcon_pkg'
[0.925s] Level 1:colcon.colcon_core.package_identification:_identify(Packages/Log) by extensions ['colcon_meta']
[0.926s] Level 1:colcon.colcon_core.package_identification:_identify(Packages/Log) by extension 'colcon_meta'
[0.926s] Level 1:colcon.colcon_core.package_identification:_identify(Packages/Log) by extensions ['ros']
[0.926s] Level 1:colcon.colcon_core.package_identification:_identify(Packages/Log) by extension 'ros'
[0.926s] Level 1:colcon.colcon_core.package_identification:_identify(Packages/Log) by extensions ['cmake', 'python']
[0.927s] Level 1:colcon.colcon_core.package_identification:_identify(Packages/Log) by extension 'cmake'
[0.927s] Level 1:colcon.colcon_core.package_identification:_identify(Packages/Log) by extension 'python'
[0.927s] Level 1:colcon.colcon_core.package_identification:_identify(Packages/Log) by extensions ['python_setup_py']
[0.927s] Level 1:colcon.colcon_core.package_identification:_identify(Packages/Log) by extension 'python_setup_py'
[0.928s] Level 1:colcon.colcon_core.package_identification:_identify(Packages/custom_interfaces) by extensions ['ignore', 'ignore_ament_install']
[0.928s] Level 1:colcon.colcon_core.package_identification:_identify(Packages/custom_interfaces) by extension 'ignore'
[0.928s] Level 1:colcon.colcon_core.package_identification:_identify(Packages/custom_interfaces) by extension 'ignore_ament_install'
[0.929s] Level 1:colcon.colcon_core.package_identification:_identify(Packages/custom_interfaces) by extensions ['colcon_pkg']
[0.929s] Level 1:colcon.colcon_core.package_identification:_identify(Packages/custom_interfaces) by extension 'colcon_pkg'
[0.929s] Level 1:colcon.colcon_core.package_identification:_identify(Packages/custom_interfaces) by extensions ['colcon_meta']
[0.929s] Level 1:colcon.colcon_core.package_identification:_identify(Packages/custom_interfaces) by extension 'colcon_meta'
[0.929s] Level 1:colcon.colcon_core.package_identification:_identify(Packages/custom_interfaces) by extensions ['ros']
[0.929s] Level 1:colcon.colcon_core.package_identification:_identify(Packages/custom_interfaces) by extension 'ros'
[0.939s] DEBUG:colcon.colcon_core.package_identification:Package 'Packages/custom_interfaces' with type 'ros.ament_cmake' and name 'custom_interfaces'
[0.940s] Level 1:colcon.colcon_core.package_identification:_identify(Packages/icon) by extensions ['ignore', 'ignore_ament_install']
[0.941s] Level 1:colcon.colcon_core.package_identification:_identify(Packages/icon) by extension 'ignore'
[0.941s] Level 1:colcon.colcon_core.package_identification:_identify(Packages/icon) by extension 'ignore_ament_install'
[0.941s] Level 1:colcon.colcon_core.package_identification:_identify(Packages/icon) by extensions ['colcon_pkg']
[0.941s] Level 1:colcon.colcon_core.package_identification:_identify(Packages/icon) by extension 'colcon_pkg'
[0.942s] Level 1:colcon.colcon_core.package_identification:_identify(Packages/icon) by extensions ['colcon_meta']
[0.942s] Level 1:colcon.colcon_core.package_identification:_identify(Packages/icon) by extension 'colcon_meta'
[0.942s] Level 1:colcon.colcon_core.package_identification:_identify(Packages/icon) by extensions ['ros']
[0.942s] Level 1:colcon.colcon_core.package_identification:_identify(Packages/icon) by extension 'ros'
[0.942s] Level 1:colcon.colcon_core.package_identification:_identify(Packages/icon) by extensions ['cmake', 'python']
[0.943s] Level 1:colcon.colcon_core.package_identification:_identify(Packages/icon) by extension 'cmake'
[0.943s] Level 1:colcon.colcon_core.package_identification:_identify(Packages/icon) by extension 'python'
[0.943s] Level 1:colcon.colcon_core.package_identification:_identify(Packages/icon) by extensions ['python_setup_py']
[0.943s] Level 1:colcon.colcon_core.package_identification:_identify(Packages/icon) by extension 'python_setup_py'
[0.944s] Level 1:colcon.colcon_core.package_identification:_identify(Packages/launch_system) by extensions ['ignore', 'ignore_ament_install']
[0.944s] Level 1:colcon.colcon_core.package_identification:_identify(Packages/launch_system) by extension 'ignore'
[0.944s] Level 1:colcon.colcon_core.package_identification:_identify(Packages/launch_system) by extension 'ignore_ament_install'
[0.945s] Level 1:colcon.colcon_core.package_identification:_identify(Packages/launch_system) by extensions ['colcon_pkg']
[0.945s] Level 1:colcon.colcon_core.package_identification:_identify(Packages/launch_system) by extension 'colcon_pkg'
[0.945s] Level 1:colcon.colcon_core.package_identification:_identify(Packages/launch_system) by extensions ['colcon_meta']
[0.945s] Level 1:colcon.colcon_core.package_identification:_identify(Packages/launch_system) by extension 'colcon_meta'
[0.945s] Level 1:colcon.colcon_core.package_identification:_identify(Packages/launch_system) by extensions ['ros']
[0.945s] Level 1:colcon.colcon_core.package_identification:_identify(Packages/launch_system) by extension 'ros'
[0.948s] DEBUG:colcon.colcon_core.package_identification:Package 'Packages/launch_system' with type 'ros.ament_cmake' and name 'launch_system'
[0.948s] Level 1:colcon.colcon_core.package_identification:_identify(Packages/module_input) by extensions ['ignore', 'ignore_ament_install']
[0.949s] Level 1:colcon.colcon_core.package_identification:_identify(Packages/module_input) by extension 'ignore'
[0.949s] Level 1:colcon.colcon_core.package_identification:_identify(Packages/module_input) by extension 'ignore_ament_install'
[0.949s] Level 1:colcon.colcon_core.package_identification:_identify(Packages/module_input) by extensions ['colcon_pkg']
[0.950s] Level 1:colcon.colcon_core.package_identification:_identify(Packages/module_input) by extension 'colcon_pkg'
[0.950s] Level 1:colcon.colcon_core.package_identification:_identify(Packages/module_input) by extensions ['colcon_meta']
[0.950s] Level 1:colcon.colcon_core.package_identification:_identify(Packages/module_input) by extension 'colcon_meta'
[0.951s] Level 1:colcon.colcon_core.package_identification:_identify(Packages/module_input) by extensions ['ros']
[0.951s] Level 1:colcon.colcon_core.package_identification:_identify(Packages/module_input) by extension 'ros'
[0.954s] DEBUG:colcon.colcon_core.package_identification:Package 'Packages/module_input' with type 'ros.ament_python' and name 'module_input'
[0.955s] Level 1:colcon.colcon_core.package_identification:_identify(Packages/module_log_file) by extensions ['ignore', 'ignore_ament_install']
[0.955s] Level 1:colcon.colcon_core.package_identification:_identify(Packages/module_log_file) by extension 'ignore'
[0.956s] Level 1:colcon.colcon_core.package_identification:_identify(Packages/module_log_file) by extension 'ignore_ament_install'
[0.956s] Level 1:colcon.colcon_core.package_identification:_identify(Packages/module_log_file) by extensions ['colcon_pkg']
[0.957s] Level 1:colcon.colcon_core.package_identification:_identify(Packages/module_log_file) by extension 'colcon_pkg'
[0.957s] Level 1:colcon.colcon_core.package_identification:_identify(Packages/module_log_file) by extensions ['colcon_meta']
[0.957s] Level 1:colcon.colcon_core.package_identification:_identify(Packages/module_log_file) by extension 'colcon_meta'
[0.957s] Level 1:colcon.colcon_core.package_identification:_identify(Packages/module_log_file) by extensions ['ros']
[0.958s] Level 1:colcon.colcon_core.package_identification:_identify(Packages/module_log_file) by extension 'ros'
[0.960s] DEBUG:colcon.colcon_core.package_identification:Package 'Packages/module_log_file' with type 'ros.ament_cmake' and name 'module_log_file'
[0.961s] Level 1:colcon.colcon_core.package_identification:_identify(Packages/module_motor) by extensions ['ignore', 'ignore_ament_install']
[0.962s] Level 1:colcon.colcon_core.package_identification:_identify(Packages/module_motor) by extension 'ignore'
[0.963s] Level 1:colcon.colcon_core.package_identification:_identify(Packages/module_motor) by extension 'ignore_ament_install'
[0.963s] Level 1:colcon.colcon_core.package_identification:_identify(Packages/module_motor) by extensions ['colcon_pkg']
[0.963s] Level 1:colcon.colcon_core.package_identification:_identify(Packages/module_motor) by extension 'colcon_pkg'
[0.964s] Level 1:colcon.colcon_core.package_identification:_identify(Packages/module_motor) by extensions ['colcon_meta']
[0.964s] Level 1:colcon.colcon_core.package_identification:_identify(Packages/module_motor) by extension 'colcon_meta'
[0.964s] Level 1:colcon.colcon_core.package_identification:_identify(Packages/module_motor) by extensions ['ros']
[0.964s] Level 1:colcon.colcon_core.package_identification:_identify(Packages/module_motor) by extension 'ros'
[0.967s] DEBUG:colcon.colcon_core.package_identification:Package 'Packages/module_motor' with type 'ros.ament_python' and name 'module_motor'
[0.967s] Level 1:colcon.colcon_core.package_identification:_identify(Packages/module_scanning_interface) by extensions ['ignore', 'ignore_ament_install']
[0.968s] Level 1:colcon.colcon_core.package_identification:_identify(Packages/module_scanning_interface) by extension 'ignore'
[0.968s] Level 1:colcon.colcon_core.package_identification:_identify(Packages/module_scanning_interface) by extension 'ignore_ament_install'
[0.968s] Level 1:colcon.colcon_core.package_identification:_identify(Packages/module_scanning_interface) by extensions ['colcon_pkg']
[0.969s] Level 1:colcon.colcon_core.package_identification:_identify(Packages/module_scanning_interface) by extension 'colcon_pkg'
[0.969s] Level 1:colcon.colcon_core.package_identification:_identify(Packages/module_scanning_interface) by extensions ['colcon_meta']
[0.969s] Level 1:colcon.colcon_core.package_identification:_identify(Packages/module_scanning_interface) by extension 'colcon_meta'
[0.969s] Level 1:colcon.colcon_core.package_identification:_identify(Packages/module_scanning_interface) by extensions ['ros']
[0.970s] Level 1:colcon.colcon_core.package_identification:_identify(Packages/module_scanning_interface) by extension 'ros'
[0.972s] DEBUG:colcon.colcon_core.package_identification:Package 'Packages/module_scanning_interface' with type 'ros.ament_python' and name 'module_scanning_interface'
[0.973s] Level 1:colcon.colcon_core.package_identification:_identify(Packages/module_send_email) by extensions ['ignore', 'ignore_ament_install']
[0.973s] Level 1:colcon.colcon_core.package_identification:_identify(Packages/module_send_email) by extension 'ignore'
[0.974s] Level 1:colcon.colcon_core.package_identification:_identify(Packages/module_send_email) by extension 'ignore_ament_install'
[0.975s] Level 1:colcon.colcon_core.package_identification:_identify(Packages/module_send_email) by extensions ['colcon_pkg']
[0.975s] Level 1:colcon.colcon_core.package_identification:_identify(Packages/module_send_email) by extension 'colcon_pkg'
[0.975s] Level 1:colcon.colcon_core.package_identification:_identify(Packages/module_send_email) by extensions ['colcon_meta']
[0.976s] Level 1:colcon.colcon_core.package_identification:_identify(Packages/module_send_email) by extension 'colcon_meta'
[0.976s] Level 1:colcon.colcon_core.package_identification:_identify(Packages/module_send_email) by extensions ['ros']
[0.976s] Level 1:colcon.colcon_core.package_identification:_identify(Packages/module_send_email) by extension 'ros'
[0.979s] DEBUG:colcon.colcon_core.package_identification:Package 'Packages/module_send_email' with type 'ros.ament_python' and name 'module_send_email'
[0.980s] Level 1:colcon.colcon_core.package_identification:_identify(Packages/module_supervisor) by extensions ['ignore', 'ignore_ament_install']
[0.980s] Level 1:colcon.colcon_core.package_identification:_identify(Packages/module_supervisor) by extension 'ignore'
[0.981s] Level 1:colcon.colcon_core.package_identification:_identify(Packages/module_supervisor) by extension 'ignore_ament_install'
[0.981s] Level 1:colcon.colcon_core.package_identification:_identify(Packages/module_supervisor) by extensions ['colcon_pkg']
[0.981s] Level 1:colcon.colcon_core.package_identification:_identify(Packages/module_supervisor) by extension 'colcon_pkg'
[0.982s] Level 1:colcon.colcon_core.package_identification:_identify(Packages/module_supervisor) by extensions ['colcon_meta']
[0.982s] Level 1:colcon.colcon_core.package_identification:_identify(Packages/module_supervisor) by extension 'colcon_meta'
[0.982s] Level 1:colcon.colcon_core.package_identification:_identify(Packages/module_supervisor) by extensions ['ros']
[0.982s] Level 1:colcon.colcon_core.package_identification:_identify(Packages/module_supervisor) by extension 'ros'
[0.985s] DEBUG:colcon.colcon_core.package_identification:Package 'Packages/module_supervisor' with type 'ros.ament_python' and name 'module_supervisor'
[0.985s] Level 1:colcon.colcon_core.package_identification:_identify(Packages/module_weigh) by extensions ['ignore', 'ignore_ament_install']
[0.986s] Level 1:colcon.colcon_core.package_identification:_identify(Packages/module_weigh) by extension 'ignore'
[0.986s] Level 1:colcon.colcon_core.package_identification:_identify(Packages/module_weigh) by extension 'ignore_ament_install'
[0.987s] Level 1:colcon.colcon_core.package_identification:_identify(Packages/module_weigh) by extensions ['colcon_pkg']
[0.987s] Level 1:colcon.colcon_core.package_identification:_identify(Packages/module_weigh) by extension 'colcon_pkg'
[0.988s] Level 1:colcon.colcon_core.package_identification:_identify(Packages/module_weigh) by extensions ['colcon_meta']
[0.988s] Level 1:colcon.colcon_core.package_identification:_identify(Packages/module_weigh) by extension 'colcon_meta'
[0.988s] Level 1:colcon.colcon_core.package_identification:_identify(Packages/module_weigh) by extensions ['ros']
[0.988s] Level 1:colcon.colcon_core.package_identification:_identify(Packages/module_weigh) by extension 'ros'
[0.991s] DEBUG:colcon.colcon_core.package_identification:Package 'Packages/module_weigh' with type 'ros.ament_python' and name 'module_weigh'
[0.992s] Level 1:colcon.colcon_core.package_identification:_identify(build) by extensions ['ignore', 'ignore_ament_install']
[0.992s] Level 1:colcon.colcon_core.package_identification:_identify(build) by extension 'ignore'
[0.993s] Level 1:colcon.colcon_core.package_identification:_identify(build) ignored
[0.994s] Level 1:colcon.colcon_core.package_identification:_identify(install) by extensions ['ignore', 'ignore_ament_install']
[0.994s] Level 1:colcon.colcon_core.package_identification:_identify(install) by extension 'ignore'
[0.994s] Level 1:colcon.colcon_core.package_identification:_identify(install) ignored
[0.995s] Level 1:colcon.colcon_core.package_identification:_identify(log) by extensions ['ignore', 'ignore_ament_install']
[0.995s] Level 1:colcon.colcon_core.package_identification:_identify(log) by extension 'ignore'
[0.996s] Level 1:colcon.colcon_core.package_identification:_identify(log) ignored
[0.996s] Level 1:colcon.colcon_core.package_discovery:discover_packages(recursive) using defaults
[0.996s] Level 1:colcon.colcon_core.package_discovery:discover_packages(ignore) discover
[0.996s] Level 1:colcon.colcon_core.package_discovery:discover_packages(ignore) using defaults
[0.996s] Level 1:colcon.colcon_core.package_discovery:discover_packages(path) discover
[0.996s] Level 1:colcon.colcon_core.package_discovery:discover_packages(path) using defaults
[1.081s] INFO:colcon.colcon_core.package_selection:Skipping not selected package 'custom_interfaces' in 'Packages/custom_interfaces'
[1.082s] INFO:colcon.colcon_core.package_selection:Skipping not selected package 'module_input' in 'Packages/module_input'
[1.082s] INFO:colcon.colcon_core.package_selection:Skipping not selected package 'module_log_file' in 'Packages/module_log_file'
[1.082s] INFO:colcon.colcon_core.package_selection:Skipping not selected package 'module_motor' in 'Packages/module_motor'
[1.082s] INFO:colcon.colcon_core.package_selection:Skipping not selected package 'module_scanning_interface' in 'Packages/module_scanning_interface'
[1.082s] INFO:colcon.colcon_core.package_selection:Skipping not selected package 'module_send_email' in 'Packages/module_send_email'
[1.082s] INFO:colcon.colcon_core.package_selection:Skipping not selected package 'module_weigh' in 'Packages/module_weigh'
[1.083s] INFO:colcon.colcon_core.package_selection:Skipping not selected package 'launch_system' in 'Packages/launch_system'
[1.084s] Level 1:colcon.colcon_core.package_discovery:discover_packages(prefix_path) check parameters
[1.085s] Level 1:colcon.colcon_core.package_discovery:discover_packages(prefix_path) discover
[1.090s] WARNING:colcon.colcon_ros.prefix_path.ament:The path '/home/tomccd/Documents/Code/Python/DATN/install/module_supervisor' in the environment variable AMENT_PREFIX_PATH doesn't exist
[1.098s] DEBUG:colcon.colcon_installed_package_information.package_discovery:Found 8 installed packages in /home/tomccd/Documents/Code/Python/DATN/install
[1.110s] DEBUG:colcon.colcon_installed_package_information.package_discovery:Found 285 installed packages in /opt/ros/jazzy
[1.118s] Level 1:colcon.colcon_core.package_discovery:discover_packages(prefix_path) using defaults
[1.371s] Level 5:colcon.colcon_core.verb:set package 'module_supervisor' build argument 'cmake_args' from command line to 'None'
[1.372s] Level 5:colcon.colcon_core.verb:set package 'module_supervisor' build argument 'cmake_target' from command line to 'None'
[1.372s] Level 5:colcon.colcon_core.verb:set package 'module_supervisor' build argument 'cmake_target_skip_unavailable' from command line to 'False'
[1.372s] Level 5:colcon.colcon_core.verb:set package 'module_supervisor' build argument 'cmake_clean_cache' from command line to 'False'
[1.372s] Level 5:colcon.colcon_core.verb:set package 'module_supervisor' build argument 'cmake_clean_first' from command line to 'False'
[1.372s] Level 5:colcon.colcon_core.verb:set package 'module_supervisor' build argument 'cmake_force_configure' from command line to 'False'
[1.373s] Level 5:colcon.colcon_core.verb:set package 'module_supervisor' build argument 'ament_cmake_args' from command line to 'None'
[1.373s] Level 5:colcon.colcon_core.verb:set package 'module_supervisor' build argument 'catkin_cmake_args' from command line to 'None'
[1.373s] Level 5:colcon.colcon_core.verb:set package 'module_supervisor' build argument 'catkin_skip_building_tests' from command line to 'False'
[1.373s] DEBUG:colcon.colcon_core.verb:Building package 'module_supervisor' with the following arguments: {'ament_cmake_args': None, 'build_base': '/home/tomccd/Documents/Code/Python/DATN/build/module_supervisor', 'catkin_cmake_args': None, 'catkin_skip_building_tests': False, 'cmake_args': None, 'cmake_clean_cache': False, 'cmake_clean_first': False, 'cmake_force_configure': False, 'cmake_target': None, 'cmake_target_skip_unavailable': False, 'install_base': '/home/tomccd/Documents/Code/Python/DATN/install/module_supervisor', 'merge_install': False, 'path': '/home/tomccd/Documents/Code/Python/DATN/Packages/module_supervisor', 'symlink_install': False, 'test_result_base': None}
[1.374s] INFO:colcon.colcon_core.executor:Executing jobs using 'parallel' executor
[1.378s] DEBUG:colcon.colcon_parallel_executor.executor.parallel:run_until_complete
[1.379s] INFO:colcon.colcon_ros.task.ament_python.build:Building ROS package in '/home/tomccd/Documents/Code/Python/DATN/Packages/module_supervisor' with build type 'ament_python'
[1.379s] Level 1:colcon.colcon_core.shell:create_environment_hook('module_supervisor', 'ament_prefix_path')
[1.391s] INFO:colcon.colcon_core.plugin_system:Skipping extension 'colcon_core.shell.bat': Not used on non-Windows systems
[1.392s] INFO:colcon.colcon_core.shell:Creating environment hook '/home/tomccd/Documents/Code/Python/DATN/install/module_supervisor/share/module_supervisor/hook/ament_prefix_path.ps1'
[1.396s] INFO:colcon.colcon_core.shell:Creating environment descriptor '/home/tomccd/Documents/Code/Python/DATN/install/module_supervisor/share/module_supervisor/hook/ament_prefix_path.dsv'
[1.399s] INFO:colcon.colcon_core.shell:Creating environment hook '/home/tomccd/Documents/Code/Python/DATN/install/module_supervisor/share/module_supervisor/hook/ament_prefix_path.sh'
[1.402s] INFO:colcon.colcon_core.shell:Skip shell extension 'powershell' for command environment: Not usable outside of PowerShell
[1.402s] DEBUG:colcon.colcon_core.shell:Skip shell extension 'dsv' for command environment
[2.755s] INFO:colcon.colcon_core.task.python.build:Building Python package in '/home/tomccd/Documents/Code/Python/DATN/Packages/module_supervisor'
[2.756s] INFO:colcon.colcon_core.shell:Skip shell extension 'powershell' for command environment: Not usable outside of PowerShell
[2.757s] DEBUG:colcon.colcon_core.shell:Skip shell extension 'dsv' for command environment
[6.378s] DEBUG:colcon.colcon_core.event_handler.log_command:Invoking command in '/home/tomccd/Documents/Code/Python/DATN/Packages/module_supervisor': CMAKE_PREFIX_PATH=/home/tomccd/Documents/Code/Python/DATN/install/custom_interfaces:/home/tomccd/Documents/Code/Python/DATN/install/launch_system:/home/tomccd/Documents/Code/Python/DATN/install/module_log_file:/opt/ros/jazzy/opt/gz_math_vendor:/opt/ros/jazzy/opt/gz_utils_vendor:/opt/ros/jazzy/opt/gz_cmake_vendor DEBUGINFOD_URLS=https://debuginfod.ubuntu.com PYTHONPATH=/home/tomccd/Documents/Code/Python/DATN/build/module_supervisor/prefix_override:/usr/lib/python3/dist-packages/colcon_core/task/python/colcon_distutils_commands:/home/tomccd/Documents/Code/Python/DATN/install/module_supervisor/lib/python3.12/site-packages:/home/tomccd/Documents/Code/Python/DATN/install/custom_interfaces/lib/python3.12/site-packages:/home/tomccd/Documents/Code/Python/DATN/install/module_weigh/lib/python3.12/site-packages:/home/tomccd/Documents/Code/Python/DATN/install/module_supervisor/lib/python3.12/site-packages:/home/tomccd/Documents/Code/Python/DATN/install/module_send_email/lib/python3.12/site-packages:/home/tomccd/Documents/Code/Python/DATN/install/module_scanning_interface/lib/python3.12/site-packages:/home/tomccd/Documents/Code/Python/DATN/install/module_motor/lib/python3.12/site-packages:/home/tomccd/Documents/Code/Python/DATN/install/module_input/lib/python3.12/site-packages:/opt/ros/jazzy/lib/python3.12/site-packages /usr/bin/python3 -W ignore:setup.py install is deprecated setup.py egg_info --egg-base ../../build/module_supervisor build --build-base /home/tomccd/Documents/Code/Python/DATN/build/module_supervisor/build install --record /home/tomccd/Documents/Code/Python/DATN/build/module_supervisor/install.log --single-version-externally-managed install_data
[9.858s] DEBUG:colcon.colcon_core.event_handler.log_command:Invoked command in '/home/tomccd/Documents/Code/Python/DATN/Packages/module_supervisor' returned '0': CMAKE_PREFIX_PATH=/home/tomccd/Documents/Code/Python/DATN/install/custom_interfaces:/home/tomccd/Documents/Code/Python/DATN/install/launch_system:/home/tomccd/Documents/Code/Python/DATN/install/module_log_file:/opt/ros/jazzy/opt/gz_math_vendor:/opt/ros/jazzy/opt/gz_utils_vendor:/opt/ros/jazzy/opt/gz_cmake_vendor DEBUGINFOD_URLS=https://debuginfod.ubuntu.com PYTHONPATH=/home/tomccd/Documents/Code/Python/DATN/build/module_supervisor/prefix_override:/usr/lib/python3/dist-packages/colcon_core/task/python/colcon_distutils_commands:/home/tomccd/Documents/Code/Python/DATN/install/module_supervisor/lib/python3.12/site-packages:/home/tomccd/Documents/Code/Python/DATN/install/custom_interfaces/lib/python3.12/site-packages:/home/tomccd/Documents/Code/Python/DATN/install/module_weigh/lib/python3.12/site-packages:/home/tomccd/Documents/Code/Python/DATN/install/module_supervisor/lib/python3.12/site-packages:/home/tomccd/Documents/Code/Python/DATN/install/module_send_email/lib/python3.12/site-packages:/home/tomccd/Documents/Code/Python/DATN/install/module_scanning_interface/lib/python3.12/site-packages:/home/tomccd/Documents/Code/Python/DATN/install/module_motor/lib/python3.12/site-packages:/home/tomccd/Documents/Code/Python/DATN/install/module_input/lib/python3.12/site-packages:/opt/ros/jazzy/lib/python3.12/site-packages /usr/bin/python3 -W ignore:setup.py install is deprecated setup.py egg_info --egg-base ../../build/module_supervisor build --build-base /home/tomccd/Documents/Code/Python/DATN/build/module_supervisor/build install --record /home/tomccd/Documents/Code/Python/DATN/build/module_supervisor/install.log --single-version-externally-managed install_data
[9.871s] Level 1:colcon.colcon_core.environment:checking '/home/tomccd/Documents/Code/Python/DATN/install/module_supervisor' for CMake module files
[9.874s] Level 1:colcon.colcon_core.environment:checking '/home/tomccd/Documents/Code/Python/DATN/install/module_supervisor' for CMake config files
[9.879s] Level 1:colcon.colcon_core.environment:checking '/home/tomccd/Documents/Code/Python/DATN/install/module_supervisor/lib'
[9.880s] Level 1:colcon.colcon_core.environment:checking '/home/tomccd/Documents/Code/Python/DATN/install/module_supervisor/bin'
[9.881s] Level 1:colcon.colcon_core.environment:checking '/home/tomccd/Documents/Code/Python/DATN/install/module_supervisor/lib/pkgconfig/module_supervisor.pc'
[9.882s] Level 1:colcon.colcon_core.environment:checking '/home/tomccd/Documents/Code/Python/DATN/install/module_supervisor/lib/python3.12/site-packages'
[9.882s] Level 1:colcon.colcon_core.shell:create_environment_hook('module_supervisor', 'pythonpath')
[9.883s] INFO:colcon.colcon_core.shell:Creating environment hook '/home/tomccd/Documents/Code/Python/DATN/install/module_supervisor/share/module_supervisor/hook/pythonpath.ps1'
[9.885s] INFO:colcon.colcon_core.shell:Creating environment descriptor '/home/tomccd/Documents/Code/Python/DATN/install/module_supervisor/share/module_supervisor/hook/pythonpath.dsv'
[9.887s] INFO:colcon.colcon_core.shell:Creating environment hook '/home/tomccd/Documents/Code/Python/DATN/install/module_supervisor/share/module_supervisor/hook/pythonpath.sh'
[9.890s] Level 1:colcon.colcon_core.environment:checking '/home/tomccd/Documents/Code/Python/DATN/install/module_supervisor/bin'
[9.890s] Level 1:colcon.colcon_core.environment:create_environment_scripts_only(module_supervisor)
[9.891s] INFO:colcon.colcon_core.shell:Creating package script '/home/tomccd/Documents/Code/Python/DATN/install/module_supervisor/share/module_supervisor/package.ps1'
[9.895s] INFO:colcon.colcon_core.shell:Creating package descriptor '/home/tomccd/Documents/Code/Python/DATN/install/module_supervisor/share/module_supervisor/package.dsv'
[9.897s] INFO:colcon.colcon_core.shell:Creating package script '/home/tomccd/Documents/Code/Python/DATN/install/module_supervisor/share/module_supervisor/package.sh'
[9.901s] INFO:colcon.colcon_core.shell:Creating package script '/home/tomccd/Documents/Code/Python/DATN/install/module_supervisor/share/module_supervisor/package.bash'
[9.905s] INFO:colcon.colcon_core.shell:Creating package script '/home/tomccd/Documents/Code/Python/DATN/install/module_supervisor/share/module_supervisor/package.zsh'
[9.907s] Level 1:colcon.colcon_core.environment:create_file_with_runtime_dependencies(/home/tomccd/Documents/Code/Python/DATN/install/module_supervisor/share/colcon-core/packages/module_supervisor)
[9.909s] DEBUG:colcon.colcon_parallel_executor.executor.parallel:closing loop
[9.910s] DEBUG:colcon.colcon_parallel_executor.executor.parallel:loop closed
[9.912s] DEBUG:colcon.colcon_parallel_executor.executor.parallel:run_until_complete finished with '0'
[9.912s] DEBUG:colcon.colcon_core.event_reactor:joining thread
[9.943s] INFO:colcon.colcon_core.plugin_system:Skipping extension 'colcon_notification.desktop_notification.terminal_notifier': Not used on non-Darwin systems
[9.944s] INFO:colcon.colcon_core.plugin_system:Skipping extension 'colcon_notification.desktop_notification.win32': Not used on non-Windows systems
[9.944s] INFO:colcon.colcon_notification.desktop_notification:Sending desktop notification using 'notify2'
[10.011s] DEBUG:colcon.colcon_core.event_reactor:joined thread
[10.012s] INFO:colcon.colcon_core.shell:Creating prefix script '/home/tomccd/Documents/Code/Python/DATN/install/local_setup.ps1'
[10.015s] INFO:colcon.colcon_core.shell:Creating prefix util module '/home/tomccd/Documents/Code/Python/DATN/install/_local_setup_util_ps1.py'
[10.022s] INFO:colcon.colcon_core.shell:Creating prefix chain script '/home/tomccd/Documents/Code/Python/DATN/install/setup.ps1'
[10.029s] INFO:colcon.colcon_core.shell:Creating prefix script '/home/tomccd/Documents/Code/Python/DATN/install/local_setup.sh'
[10.032s] INFO:colcon.colcon_core.shell:Creating prefix util module '/home/tomccd/Documents/Code/Python/DATN/install/_local_setup_util_sh.py'
[10.035s] INFO:colcon.colcon_core.shell:Creating prefix chain script '/home/tomccd/Documents/Code/Python/DATN/install/setup.sh'
[10.042s] INFO:colcon.colcon_core.shell:Creating prefix script '/home/tomccd/Documents/Code/Python/DATN/install/local_setup.bash'
[10.044s] INFO:colcon.colcon_core.shell:Creating prefix chain script '/home/tomccd/Documents/Code/Python/DATN/install/setup.bash'
[10.051s] INFO:colcon.colcon_core.shell:Creating prefix script '/home/tomccd/Documents/Code/Python/DATN/install/local_setup.zsh'
[10.053s] INFO:colcon.colcon_core.shell:Creating prefix chain script '/home/tomccd/Documents/Code/Python/DATN/install/setup.zsh'
